[2024-08-20T23:54:23.794+0500] {local_task_job_runner.py:123} INFO - ::group::Pre task execution logs
[2024-08-20T23:54:23.815+0500] {taskinstance.py:2603} INFO - Dependencies all met for dep_context=non-requeueable deps ti=<TaskInstance: redfin_analytics_dag.tsk_extract_redfin_data manual__2024-08-20T18:54:17.945993+00:00 [queued]>
[2024-08-20T23:54:23.943+0500] {taskinstance.py:2603} INFO - Dependencies all met for dep_context=requeueable deps ti=<TaskInstance: redfin_analytics_dag.tsk_extract_redfin_data manual__2024-08-20T18:54:17.945993+00:00 [queued]>
[2024-08-20T23:54:23.943+0500] {taskinstance.py:2856} INFO - Starting attempt 1 of 1
[2024-08-20T23:54:23.967+0500] {taskinstance.py:2879} INFO - Executing <Task(PythonOperator): tsk_extract_redfin_data> on 2024-08-20 18:54:17.945993+00:00
[2024-08-20T23:54:23.973+0500] {standard_task_runner.py:72} INFO - Started process 8148 to run task
[2024-08-20T23:54:23.979+0500] {standard_task_runner.py:104} INFO - Running: ['airflow', 'tasks', 'run', 'redfin_analytics_dag', 'tsk_extract_redfin_data', 'manual__2024-08-20T18:54:17.945993+00:00', '--job-id', '11', '--raw', '--subdir', 'DAGS_FOLDER/redfin_analytics.py', '--cfg-path', '/tmp/tmpm6172886']
[2024-08-20T23:54:23.980+0500] {standard_task_runner.py:105} INFO - Job 11: Subtask tsk_extract_redfin_data
[2024-08-20T23:54:24.056+0500] {task_command.py:467} INFO - Running <TaskInstance: redfin_analytics_dag.tsk_extract_redfin_data manual__2024-08-20T18:54:17.945993+00:00 [running]> on host DESKTOP-2H02MT9.
[2024-08-20T23:54:24.145+0500] {taskinstance.py:3122} INFO - Exporting env vars: AIRFLOW_CTX_DAG_OWNER='Rayyan' AIRFLOW_CTX_DAG_ID='redfin_analytics_dag' AIRFLOW_CTX_TASK_ID='tsk_extract_redfin_data' AIRFLOW_CTX_EXECUTION_DATE='2024-08-20T18:54:17.945993+00:00' AIRFLOW_CTX_TRY_NUMBER='1' AIRFLOW_CTX_DAG_RUN_ID='manual__2024-08-20T18:54:17.945993+00:00'
[2024-08-20T23:54:24.147+0500] {logging_mixin.py:190} INFO - Task instance is in running state
[2024-08-20T23:54:24.148+0500] {logging_mixin.py:190} INFO -  Previous state of the Task instance: queued
[2024-08-20T23:54:24.149+0500] {logging_mixin.py:190} INFO - Current task name:tsk_extract_redfin_data state:running start_date:2024-08-20 18:54:23.815848+00:00
[2024-08-20T23:54:24.150+0500] {logging_mixin.py:190} INFO - Dag name:redfin_analytics_dag and current dag run status:running
[2024-08-20T23:54:24.150+0500] {taskinstance.py:731} INFO - ::endgroup::
[2024-08-20T23:54:24.152+0500] {logging_mixin.py:190} INFO - in the extract func
[2024-08-20T23:55:04.559+0500] {logging_mixin.py:190} INFO - suc 1
[2024-08-20T23:55:04.721+0500] {logging_mixin.py:190} INFO - suc 2
[2024-08-20T23:55:04.750+0500] {logging_mixin.py:190} INFO - yayyy
[2024-08-20T23:55:04.751+0500] {python.py:240} INFO - Done. Returned value was: ['/home/rayyan/airflow/data/output/redfin_data_20082024235504', 'redfin_data_20082024235504']
[2024-08-20T23:55:04.768+0500] {taskinstance.py:340} INFO - ::group::Post task execution logs
[2024-08-20T23:55:04.769+0500] {taskinstance.py:352} INFO - Marking task as SUCCESS. dag_id=redfin_analytics_dag, task_id=tsk_extract_redfin_data, run_id=manual__2024-08-20T18:54:17.945993+00:00, execution_date=20240820T185417, start_date=20240820T185423, end_date=20240820T185504
[2024-08-20T23:55:04.785+0500] {logging_mixin.py:190} INFO - Task instance in success state
[2024-08-20T23:55:04.786+0500] {logging_mixin.py:190} INFO -  Previous state of the Task instance: running
[2024-08-20T23:55:04.786+0500] {logging_mixin.py:190} INFO - Dag name:redfin_analytics_dag queued_at:2024-08-20 18:54:17.959301+00:00
[2024-08-20T23:55:04.786+0500] {logging_mixin.py:190} INFO - Task hostname:DESKTOP-2H02MT9. operator:PythonOperator
[2024-08-20T23:55:04.811+0500] {local_task_job_runner.py:261} INFO - Task exited with return code 0
[2024-08-20T23:55:04.837+0500] {taskinstance.py:3891} INFO - 1 downstream tasks scheduled from follow-on schedule check
[2024-08-20T23:55:04.844+0500] {local_task_job_runner.py:240} INFO - ::endgroup::
