[2024-08-21T23:45:56.217+0500] {local_task_job_runner.py:123} INFO - ::group::Pre task execution logs
[2024-08-21T23:45:56.348+0500] {taskinstance.py:2603} INFO - Dependencies all met for dep_context=non-requeueable deps ti=<TaskInstance: redfin_analytics_dag.tsk_load_redfin_data manual__2024-08-21T18:44:45.529363+00:00 [queued]>
[2024-08-21T23:45:56.358+0500] {taskinstance.py:2603} INFO - Dependencies all met for dep_context=requeueable deps ti=<TaskInstance: redfin_analytics_dag.tsk_load_redfin_data manual__2024-08-21T18:44:45.529363+00:00 [queued]>
[2024-08-21T23:45:56.358+0500] {taskinstance.py:2856} INFO - Starting attempt 1 of 1
[2024-08-21T23:45:56.417+0500] {taskinstance.py:2879} INFO - Executing <Task(PythonOperator): tsk_load_redfin_data> on 2024-08-21 18:44:45.529363+00:00
[2024-08-21T23:45:56.422+0500] {standard_task_runner.py:72} INFO - Started process 62149 to run task
[2024-08-21T23:45:56.427+0500] {standard_task_runner.py:104} INFO - Running: ['airflow', 'tasks', 'run', 'redfin_analytics_dag', 'tsk_load_redfin_data', 'manual__2024-08-21T18:44:45.529363+00:00', '--job-id', '22', '--raw', '--subdir', 'DAGS_FOLDER/redfin_analytics.py', '--cfg-path', '/tmp/tmp0wzignpq']
[2024-08-21T23:45:56.428+0500] {standard_task_runner.py:105} INFO - Job 22: Subtask tsk_load_redfin_data
[2024-08-21T23:45:56.477+0500] {task_command.py:467} INFO - Running <TaskInstance: redfin_analytics_dag.tsk_load_redfin_data manual__2024-08-21T18:44:45.529363+00:00 [running]> on host DESKTOP-2H02MT9.
[2024-08-21T23:45:56.597+0500] {taskinstance.py:3122} INFO - Exporting env vars: AIRFLOW_CTX_DAG_OWNER='Rayyan' AIRFLOW_CTX_DAG_ID='redfin_analytics_dag' AIRFLOW_CTX_TASK_ID='tsk_load_redfin_data' AIRFLOW_CTX_EXECUTION_DATE='2024-08-21T18:44:45.529363+00:00' AIRFLOW_CTX_TRY_NUMBER='1' AIRFLOW_CTX_DAG_RUN_ID='manual__2024-08-21T18:44:45.529363+00:00'
[2024-08-21T23:45:56.598+0500] {logging_mixin.py:190} INFO - Task instance is in running state
[2024-08-21T23:45:56.598+0500] {logging_mixin.py:190} INFO -  Previous state of the Task instance: queued
[2024-08-21T23:45:56.598+0500] {logging_mixin.py:190} INFO - Current task name:tsk_load_redfin_data state:running start_date:2024-08-21 18:45:56.348400+00:00
[2024-08-21T23:45:56.598+0500] {logging_mixin.py:190} INFO - Dag name:redfin_analytics_dag and current dag run status:running
[2024-08-21T23:45:56.598+0500] {taskinstance.py:731} INFO - ::endgroup::
[2024-08-21T23:45:56.606+0500] {logging_mixin.py:190} INFO - /home/rayyan/airflow/data/output/redfin_data_21082024234523
[2024-08-21T23:45:56.610+0500] {logging_mixin.py:190} INFO - in transform 2
[2024-08-21T23:46:01.600+0500] {python.py:240} INFO - Done. Returned value was: None
[2024-08-21T23:46:01.620+0500] {taskinstance.py:340} INFO - ::group::Post task execution logs
[2024-08-21T23:46:01.621+0500] {taskinstance.py:352} INFO - Marking task as SUCCESS. dag_id=redfin_analytics_dag, task_id=tsk_load_redfin_data, run_id=manual__2024-08-21T18:44:45.529363+00:00, execution_date=20240821T184445, start_date=20240821T184556, end_date=20240821T184601
[2024-08-21T23:46:01.639+0500] {logging_mixin.py:190} INFO - Task instance in success state
[2024-08-21T23:46:01.640+0500] {logging_mixin.py:190} INFO -  Previous state of the Task instance: running
[2024-08-21T23:46:01.641+0500] {logging_mixin.py:190} INFO - Dag name:redfin_analytics_dag queued_at:2024-08-21 18:44:45.570205+00:00
[2024-08-21T23:46:01.641+0500] {logging_mixin.py:190} INFO - Task hostname:DESKTOP-2H02MT9. operator:PythonOperator
[2024-08-21T23:46:01.689+0500] {local_task_job_runner.py:261} INFO - Task exited with return code 0
[2024-08-21T23:46:01.700+0500] {taskinstance.py:3891} INFO - 0 downstream tasks scheduled from follow-on schedule check
[2024-08-21T23:46:01.701+0500] {local_task_job_runner.py:240} INFO - ::endgroup::
