[2024-08-21T00:12:51.190+0500] {local_task_job_runner.py:123} INFO - ::group::Pre task execution logs
[2024-08-21T00:12:51.345+0500] {taskinstance.py:2603} INFO - Dependencies all met for dep_context=non-requeueable deps ti=<TaskInstance: redfin_analytics_dag.tsk_load_redfin_data manual__2024-08-20T19:12:16.217169+00:00 [queued]>
[2024-08-21T00:12:51.383+0500] {taskinstance.py:2603} INFO - Dependencies all met for dep_context=requeueable deps ti=<TaskInstance: redfin_analytics_dag.tsk_load_redfin_data manual__2024-08-20T19:12:16.217169+00:00 [queued]>
[2024-08-21T00:12:51.383+0500] {taskinstance.py:2856} INFO - Starting attempt 1 of 1
[2024-08-21T00:12:51.416+0500] {taskinstance.py:2879} INFO - Executing <Task(PythonOperator): tsk_load_redfin_data> on 2024-08-20 19:12:16.217169+00:00
[2024-08-21T00:12:51.423+0500] {standard_task_runner.py:72} INFO - Started process 9191 to run task
[2024-08-21T00:12:51.429+0500] {standard_task_runner.py:104} INFO - Running: ['airflow', 'tasks', 'run', 'redfin_analytics_dag', 'tsk_load_redfin_data', 'manual__2024-08-20T19:12:16.217169+00:00', '--job-id', '16', '--raw', '--subdir', 'DAGS_FOLDER/redfin_analytics.py', '--cfg-path', '/tmp/tmpb4wywzoa']
[2024-08-21T00:12:51.430+0500] {standard_task_runner.py:105} INFO - Job 16: Subtask tsk_load_redfin_data
[2024-08-21T00:12:51.519+0500] {task_command.py:467} INFO - Running <TaskInstance: redfin_analytics_dag.tsk_load_redfin_data manual__2024-08-20T19:12:16.217169+00:00 [running]> on host DESKTOP-2H02MT9.
[2024-08-21T00:12:51.672+0500] {taskinstance.py:3122} INFO - Exporting env vars: AIRFLOW_CTX_DAG_OWNER='Rayyan' AIRFLOW_CTX_DAG_ID='redfin_analytics_dag' AIRFLOW_CTX_TASK_ID='tsk_load_redfin_data' AIRFLOW_CTX_EXECUTION_DATE='2024-08-20T19:12:16.217169+00:00' AIRFLOW_CTX_TRY_NUMBER='1' AIRFLOW_CTX_DAG_RUN_ID='manual__2024-08-20T19:12:16.217169+00:00'
[2024-08-21T00:12:51.674+0500] {logging_mixin.py:190} INFO - Task instance is in running state
[2024-08-21T00:12:51.676+0500] {logging_mixin.py:190} INFO -  Previous state of the Task instance: queued
[2024-08-21T00:12:51.677+0500] {logging_mixin.py:190} INFO - Current task name:tsk_load_redfin_data state:running start_date:2024-08-20 19:12:51.345614+00:00
[2024-08-21T00:12:51.677+0500] {logging_mixin.py:190} INFO - Dag name:redfin_analytics_dag and current dag run status:running
[2024-08-21T00:12:51.678+0500] {taskinstance.py:731} INFO - ::endgroup::
[2024-08-21T00:12:51.692+0500] {logging_mixin.py:190} INFO - /home/rayyan/airflow/data/output/redfin_data_21082024001234
[2024-08-21T00:12:51.697+0500] {logging_mixin.py:190} INFO - in transform 2
[2024-08-21T00:12:52.978+0500] {python.py:240} INFO - Done. Returned value was: None
[2024-08-21T00:12:52.999+0500] {taskinstance.py:340} INFO - ::group::Post task execution logs
[2024-08-21T00:12:53.002+0500] {taskinstance.py:352} INFO - Marking task as SUCCESS. dag_id=redfin_analytics_dag, task_id=tsk_load_redfin_data, run_id=manual__2024-08-20T19:12:16.217169+00:00, execution_date=20240820T191216, start_date=20240820T191251, end_date=20240820T191253
[2024-08-21T00:12:53.039+0500] {logging_mixin.py:190} INFO - Task instance in success state
[2024-08-21T00:12:53.041+0500] {logging_mixin.py:190} INFO -  Previous state of the Task instance: running
[2024-08-21T00:12:53.042+0500] {logging_mixin.py:190} INFO - Dag name:redfin_analytics_dag queued_at:2024-08-20 19:12:16.246993+00:00
[2024-08-21T00:12:53.043+0500] {logging_mixin.py:190} INFO - Task hostname:DESKTOP-2H02MT9. operator:PythonOperator
[2024-08-21T00:12:53.095+0500] {local_task_job_runner.py:261} INFO - Task exited with return code 0
[2024-08-21T00:12:53.122+0500] {taskinstance.py:3891} INFO - 0 downstream tasks scheduled from follow-on schedule check
[2024-08-21T00:12:53.125+0500] {local_task_job_runner.py:240} INFO - ::endgroup::
