[2024-08-22T16:48:30.337+0500] {processor.py:186} INFO - Started process (PID=3918) to work on /home/rayyan/redfin_venv/lib/python3.10/site-packages/airflow/example_dags/plugins/decreasing_priority_weight_strategy.py
[2024-08-22T16:48:30.338+0500] {processor.py:914} INFO - Processing file /home/rayyan/redfin_venv/lib/python3.10/site-packages/airflow/example_dags/plugins/decreasing_priority_weight_strategy.py for tasks to queue
[2024-08-22T16:48:30.341+0500] {logging_mixin.py:190} INFO - [2024-08-22T16:48:30.341+0500] {dagbag.py:587} INFO - Filling up the DagBag from /home/rayyan/redfin_venv/lib/python3.10/site-packages/airflow/example_dags/plugins/decreasing_priority_weight_strategy.py
[2024-08-22T16:48:30.344+0500] {processor.py:927} WARNING - No viable dags retrieved from /home/rayyan/redfin_venv/lib/python3.10/site-packages/airflow/example_dags/plugins/decreasing_priority_weight_strategy.py
[2024-08-22T16:48:30.357+0500] {processor.py:208} INFO - Processing /home/rayyan/redfin_venv/lib/python3.10/site-packages/airflow/example_dags/plugins/decreasing_priority_weight_strategy.py took 0.029 seconds
[2024-08-22T16:49:29.124+0500] {processor.py:186} INFO - Started process (PID=4208) to work on /home/rayyan/redfin_venv/lib/python3.10/site-packages/airflow/example_dags/plugins/decreasing_priority_weight_strategy.py
[2024-08-22T16:49:29.126+0500] {processor.py:914} INFO - Processing file /home/rayyan/redfin_venv/lib/python3.10/site-packages/airflow/example_dags/plugins/decreasing_priority_weight_strategy.py for tasks to queue
[2024-08-22T16:49:29.129+0500] {logging_mixin.py:190} INFO - [2024-08-22T16:49:29.129+0500] {dagbag.py:587} INFO - Filling up the DagBag from /home/rayyan/redfin_venv/lib/python3.10/site-packages/airflow/example_dags/plugins/decreasing_priority_weight_strategy.py
[2024-08-22T16:49:29.131+0500] {processor.py:927} WARNING - No viable dags retrieved from /home/rayyan/redfin_venv/lib/python3.10/site-packages/airflow/example_dags/plugins/decreasing_priority_weight_strategy.py
[2024-08-22T16:49:29.142+0500] {processor.py:208} INFO - Processing /home/rayyan/redfin_venv/lib/python3.10/site-packages/airflow/example_dags/plugins/decreasing_priority_weight_strategy.py took 0.025 seconds
[2024-08-22T16:50:53.062+0500] {processor.py:186} INFO - Started process (PID=4617) to work on /home/rayyan/redfin_venv/lib/python3.10/site-packages/airflow/example_dags/plugins/decreasing_priority_weight_strategy.py
[2024-08-22T16:50:53.074+0500] {processor.py:914} INFO - Processing file /home/rayyan/redfin_venv/lib/python3.10/site-packages/airflow/example_dags/plugins/decreasing_priority_weight_strategy.py for tasks to queue
[2024-08-22T16:50:53.077+0500] {logging_mixin.py:190} INFO - [2024-08-22T16:50:53.076+0500] {dagbag.py:587} INFO - Filling up the DagBag from /home/rayyan/redfin_venv/lib/python3.10/site-packages/airflow/example_dags/plugins/decreasing_priority_weight_strategy.py
[2024-08-22T16:50:53.079+0500] {processor.py:927} WARNING - No viable dags retrieved from /home/rayyan/redfin_venv/lib/python3.10/site-packages/airflow/example_dags/plugins/decreasing_priority_weight_strategy.py
[2024-08-22T16:50:53.089+0500] {processor.py:208} INFO - Processing /home/rayyan/redfin_venv/lib/python3.10/site-packages/airflow/example_dags/plugins/decreasing_priority_weight_strategy.py took 0.034 seconds
[2024-08-22T16:52:21.101+0500] {processor.py:186} INFO - Started process (PID=5041) to work on /home/rayyan/redfin_venv/lib/python3.10/site-packages/airflow/example_dags/plugins/decreasing_priority_weight_strategy.py
[2024-08-22T16:52:21.115+0500] {processor.py:914} INFO - Processing file /home/rayyan/redfin_venv/lib/python3.10/site-packages/airflow/example_dags/plugins/decreasing_priority_weight_strategy.py for tasks to queue
[2024-08-22T16:52:21.122+0500] {logging_mixin.py:190} INFO - [2024-08-22T16:52:21.121+0500] {dagbag.py:587} INFO - Filling up the DagBag from /home/rayyan/redfin_venv/lib/python3.10/site-packages/airflow/example_dags/plugins/decreasing_priority_weight_strategy.py
[2024-08-22T16:52:21.126+0500] {processor.py:927} WARNING - No viable dags retrieved from /home/rayyan/redfin_venv/lib/python3.10/site-packages/airflow/example_dags/plugins/decreasing_priority_weight_strategy.py
[2024-08-22T16:52:21.143+0500] {processor.py:208} INFO - Processing /home/rayyan/redfin_venv/lib/python3.10/site-packages/airflow/example_dags/plugins/decreasing_priority_weight_strategy.py took 0.066 seconds
[2024-08-22T16:53:24.788+0500] {processor.py:186} INFO - Started process (PID=5345) to work on /home/rayyan/redfin_venv/lib/python3.10/site-packages/airflow/example_dags/plugins/decreasing_priority_weight_strategy.py
[2024-08-22T16:53:24.801+0500] {processor.py:914} INFO - Processing file /home/rayyan/redfin_venv/lib/python3.10/site-packages/airflow/example_dags/plugins/decreasing_priority_weight_strategy.py for tasks to queue
[2024-08-22T16:53:24.804+0500] {logging_mixin.py:190} INFO - [2024-08-22T16:53:24.804+0500] {dagbag.py:587} INFO - Filling up the DagBag from /home/rayyan/redfin_venv/lib/python3.10/site-packages/airflow/example_dags/plugins/decreasing_priority_weight_strategy.py
[2024-08-22T16:53:24.807+0500] {processor.py:927} WARNING - No viable dags retrieved from /home/rayyan/redfin_venv/lib/python3.10/site-packages/airflow/example_dags/plugins/decreasing_priority_weight_strategy.py
[2024-08-22T16:53:24.820+0500] {processor.py:208} INFO - Processing /home/rayyan/redfin_venv/lib/python3.10/site-packages/airflow/example_dags/plugins/decreasing_priority_weight_strategy.py took 0.042 seconds
[2024-08-22T16:54:26.131+0500] {processor.py:186} INFO - Started process (PID=5642) to work on /home/rayyan/redfin_venv/lib/python3.10/site-packages/airflow/example_dags/plugins/decreasing_priority_weight_strategy.py
[2024-08-22T16:54:26.133+0500] {processor.py:914} INFO - Processing file /home/rayyan/redfin_venv/lib/python3.10/site-packages/airflow/example_dags/plugins/decreasing_priority_weight_strategy.py for tasks to queue
[2024-08-22T16:54:26.136+0500] {logging_mixin.py:190} INFO - [2024-08-22T16:54:26.135+0500] {dagbag.py:587} INFO - Filling up the DagBag from /home/rayyan/redfin_venv/lib/python3.10/site-packages/airflow/example_dags/plugins/decreasing_priority_weight_strategy.py
[2024-08-22T16:54:26.138+0500] {processor.py:927} WARNING - No viable dags retrieved from /home/rayyan/redfin_venv/lib/python3.10/site-packages/airflow/example_dags/plugins/decreasing_priority_weight_strategy.py
[2024-08-22T16:54:26.148+0500] {processor.py:208} INFO - Processing /home/rayyan/redfin_venv/lib/python3.10/site-packages/airflow/example_dags/plugins/decreasing_priority_weight_strategy.py took 0.024 seconds
[2024-08-22T16:55:27.799+0500] {processor.py:186} INFO - Started process (PID=5939) to work on /home/rayyan/redfin_venv/lib/python3.10/site-packages/airflow/example_dags/plugins/decreasing_priority_weight_strategy.py
[2024-08-22T16:55:27.801+0500] {processor.py:914} INFO - Processing file /home/rayyan/redfin_venv/lib/python3.10/site-packages/airflow/example_dags/plugins/decreasing_priority_weight_strategy.py for tasks to queue
[2024-08-22T16:55:27.803+0500] {logging_mixin.py:190} INFO - [2024-08-22T16:55:27.803+0500] {dagbag.py:587} INFO - Filling up the DagBag from /home/rayyan/redfin_venv/lib/python3.10/site-packages/airflow/example_dags/plugins/decreasing_priority_weight_strategy.py
[2024-08-22T16:55:27.805+0500] {processor.py:927} WARNING - No viable dags retrieved from /home/rayyan/redfin_venv/lib/python3.10/site-packages/airflow/example_dags/plugins/decreasing_priority_weight_strategy.py
[2024-08-22T16:55:27.816+0500] {processor.py:208} INFO - Processing /home/rayyan/redfin_venv/lib/python3.10/site-packages/airflow/example_dags/plugins/decreasing_priority_weight_strategy.py took 0.024 seconds
[2024-08-22T16:56:35.071+0500] {processor.py:186} INFO - Started process (PID=6262) to work on /home/rayyan/redfin_venv/lib/python3.10/site-packages/airflow/example_dags/plugins/decreasing_priority_weight_strategy.py
[2024-08-22T16:56:35.073+0500] {processor.py:914} INFO - Processing file /home/rayyan/redfin_venv/lib/python3.10/site-packages/airflow/example_dags/plugins/decreasing_priority_weight_strategy.py for tasks to queue
[2024-08-22T16:56:35.076+0500] {logging_mixin.py:190} INFO - [2024-08-22T16:56:35.075+0500] {dagbag.py:587} INFO - Filling up the DagBag from /home/rayyan/redfin_venv/lib/python3.10/site-packages/airflow/example_dags/plugins/decreasing_priority_weight_strategy.py
[2024-08-22T16:56:35.078+0500] {processor.py:927} WARNING - No viable dags retrieved from /home/rayyan/redfin_venv/lib/python3.10/site-packages/airflow/example_dags/plugins/decreasing_priority_weight_strategy.py
[2024-08-22T16:56:35.092+0500] {processor.py:208} INFO - Processing /home/rayyan/redfin_venv/lib/python3.10/site-packages/airflow/example_dags/plugins/decreasing_priority_weight_strategy.py took 0.030 seconds
[2024-08-22T16:57:39.458+0500] {processor.py:186} INFO - Started process (PID=6572) to work on /home/rayyan/redfin_venv/lib/python3.10/site-packages/airflow/example_dags/plugins/decreasing_priority_weight_strategy.py
[2024-08-22T16:57:39.471+0500] {processor.py:914} INFO - Processing file /home/rayyan/redfin_venv/lib/python3.10/site-packages/airflow/example_dags/plugins/decreasing_priority_weight_strategy.py for tasks to queue
[2024-08-22T16:57:39.480+0500] {logging_mixin.py:190} INFO - [2024-08-22T16:57:39.479+0500] {dagbag.py:587} INFO - Filling up the DagBag from /home/rayyan/redfin_venv/lib/python3.10/site-packages/airflow/example_dags/plugins/decreasing_priority_weight_strategy.py
[2024-08-22T16:57:39.487+0500] {processor.py:927} WARNING - No viable dags retrieved from /home/rayyan/redfin_venv/lib/python3.10/site-packages/airflow/example_dags/plugins/decreasing_priority_weight_strategy.py
[2024-08-22T16:57:39.523+0500] {processor.py:208} INFO - Processing /home/rayyan/redfin_venv/lib/python3.10/site-packages/airflow/example_dags/plugins/decreasing_priority_weight_strategy.py took 0.076 seconds
[2024-08-22T16:59:46.414+0500] {processor.py:186} INFO - Started process (PID=7288) to work on /home/rayyan/redfin_venv/lib/python3.10/site-packages/airflow/example_dags/plugins/decreasing_priority_weight_strategy.py
[2024-08-22T16:59:46.416+0500] {processor.py:914} INFO - Processing file /home/rayyan/redfin_venv/lib/python3.10/site-packages/airflow/example_dags/plugins/decreasing_priority_weight_strategy.py for tasks to queue
[2024-08-22T16:59:46.420+0500] {logging_mixin.py:190} INFO - [2024-08-22T16:59:46.419+0500] {dagbag.py:587} INFO - Filling up the DagBag from /home/rayyan/redfin_venv/lib/python3.10/site-packages/airflow/example_dags/plugins/decreasing_priority_weight_strategy.py
[2024-08-22T16:59:46.424+0500] {processor.py:927} WARNING - No viable dags retrieved from /home/rayyan/redfin_venv/lib/python3.10/site-packages/airflow/example_dags/plugins/decreasing_priority_weight_strategy.py
[2024-08-22T16:59:46.440+0500] {processor.py:208} INFO - Processing /home/rayyan/redfin_venv/lib/python3.10/site-packages/airflow/example_dags/plugins/decreasing_priority_weight_strategy.py took 0.036 seconds
[2024-08-22T17:00:54.100+0500] {processor.py:186} INFO - Started process (PID=9740) to work on /home/rayyan/redfin_venv/lib/python3.10/site-packages/airflow/example_dags/plugins/decreasing_priority_weight_strategy.py
[2024-08-22T17:00:54.101+0500] {processor.py:914} INFO - Processing file /home/rayyan/redfin_venv/lib/python3.10/site-packages/airflow/example_dags/plugins/decreasing_priority_weight_strategy.py for tasks to queue
[2024-08-22T17:00:54.104+0500] {logging_mixin.py:190} INFO - [2024-08-22T17:00:54.104+0500] {dagbag.py:587} INFO - Filling up the DagBag from /home/rayyan/redfin_venv/lib/python3.10/site-packages/airflow/example_dags/plugins/decreasing_priority_weight_strategy.py
[2024-08-22T17:00:54.107+0500] {processor.py:927} WARNING - No viable dags retrieved from /home/rayyan/redfin_venv/lib/python3.10/site-packages/airflow/example_dags/plugins/decreasing_priority_weight_strategy.py
[2024-08-22T17:00:54.121+0500] {processor.py:208} INFO - Processing /home/rayyan/redfin_venv/lib/python3.10/site-packages/airflow/example_dags/plugins/decreasing_priority_weight_strategy.py took 0.028 seconds
[2024-08-22T17:02:03.169+0500] {processor.py:186} INFO - Started process (PID=11878) to work on /home/rayyan/redfin_venv/lib/python3.10/site-packages/airflow/example_dags/plugins/decreasing_priority_weight_strategy.py
[2024-08-22T17:02:03.170+0500] {processor.py:914} INFO - Processing file /home/rayyan/redfin_venv/lib/python3.10/site-packages/airflow/example_dags/plugins/decreasing_priority_weight_strategy.py for tasks to queue
[2024-08-22T17:02:03.175+0500] {logging_mixin.py:190} INFO - [2024-08-22T17:02:03.174+0500] {dagbag.py:587} INFO - Filling up the DagBag from /home/rayyan/redfin_venv/lib/python3.10/site-packages/airflow/example_dags/plugins/decreasing_priority_weight_strategy.py
[2024-08-22T17:02:03.182+0500] {processor.py:927} WARNING - No viable dags retrieved from /home/rayyan/redfin_venv/lib/python3.10/site-packages/airflow/example_dags/plugins/decreasing_priority_weight_strategy.py
[2024-08-22T17:02:03.205+0500] {processor.py:208} INFO - Processing /home/rayyan/redfin_venv/lib/python3.10/site-packages/airflow/example_dags/plugins/decreasing_priority_weight_strategy.py took 0.049 seconds
[2024-08-22T17:03:10.010+0500] {processor.py:186} INFO - Started process (PID=12999) to work on /home/rayyan/redfin_venv/lib/python3.10/site-packages/airflow/example_dags/plugins/decreasing_priority_weight_strategy.py
[2024-08-22T17:03:10.022+0500] {processor.py:914} INFO - Processing file /home/rayyan/redfin_venv/lib/python3.10/site-packages/airflow/example_dags/plugins/decreasing_priority_weight_strategy.py for tasks to queue
[2024-08-22T17:03:10.026+0500] {logging_mixin.py:190} INFO - [2024-08-22T17:03:10.025+0500] {dagbag.py:587} INFO - Filling up the DagBag from /home/rayyan/redfin_venv/lib/python3.10/site-packages/airflow/example_dags/plugins/decreasing_priority_weight_strategy.py
[2024-08-22T17:03:10.028+0500] {processor.py:927} WARNING - No viable dags retrieved from /home/rayyan/redfin_venv/lib/python3.10/site-packages/airflow/example_dags/plugins/decreasing_priority_weight_strategy.py
[2024-08-22T17:03:10.042+0500] {processor.py:208} INFO - Processing /home/rayyan/redfin_venv/lib/python3.10/site-packages/airflow/example_dags/plugins/decreasing_priority_weight_strategy.py took 0.042 seconds
[2024-08-22T17:04:37.165+0500] {processor.py:186} INFO - Started process (PID=13421) to work on /home/rayyan/redfin_venv/lib/python3.10/site-packages/airflow/example_dags/plugins/decreasing_priority_weight_strategy.py
[2024-08-22T17:04:37.177+0500] {processor.py:914} INFO - Processing file /home/rayyan/redfin_venv/lib/python3.10/site-packages/airflow/example_dags/plugins/decreasing_priority_weight_strategy.py for tasks to queue
[2024-08-22T17:04:37.180+0500] {logging_mixin.py:190} INFO - [2024-08-22T17:04:37.179+0500] {dagbag.py:587} INFO - Filling up the DagBag from /home/rayyan/redfin_venv/lib/python3.10/site-packages/airflow/example_dags/plugins/decreasing_priority_weight_strategy.py
[2024-08-22T17:04:37.182+0500] {processor.py:927} WARNING - No viable dags retrieved from /home/rayyan/redfin_venv/lib/python3.10/site-packages/airflow/example_dags/plugins/decreasing_priority_weight_strategy.py
[2024-08-22T17:04:37.195+0500] {processor.py:208} INFO - Processing /home/rayyan/redfin_venv/lib/python3.10/site-packages/airflow/example_dags/plugins/decreasing_priority_weight_strategy.py took 0.039 seconds
[2024-08-22T17:05:57.877+0500] {processor.py:186} INFO - Started process (PID=13815) to work on /home/rayyan/redfin_venv/lib/python3.10/site-packages/airflow/example_dags/plugins/decreasing_priority_weight_strategy.py
[2024-08-22T17:05:57.889+0500] {processor.py:914} INFO - Processing file /home/rayyan/redfin_venv/lib/python3.10/site-packages/airflow/example_dags/plugins/decreasing_priority_weight_strategy.py for tasks to queue
[2024-08-22T17:05:57.892+0500] {logging_mixin.py:190} INFO - [2024-08-22T17:05:57.891+0500] {dagbag.py:587} INFO - Filling up the DagBag from /home/rayyan/redfin_venv/lib/python3.10/site-packages/airflow/example_dags/plugins/decreasing_priority_weight_strategy.py
[2024-08-22T17:05:57.895+0500] {processor.py:927} WARNING - No viable dags retrieved from /home/rayyan/redfin_venv/lib/python3.10/site-packages/airflow/example_dags/plugins/decreasing_priority_weight_strategy.py
[2024-08-22T17:05:57.907+0500] {processor.py:208} INFO - Processing /home/rayyan/redfin_venv/lib/python3.10/site-packages/airflow/example_dags/plugins/decreasing_priority_weight_strategy.py took 0.037 seconds
[2024-08-22T17:06:57.317+0500] {processor.py:186} INFO - Started process (PID=14104) to work on /home/rayyan/redfin_venv/lib/python3.10/site-packages/airflow/example_dags/plugins/decreasing_priority_weight_strategy.py
[2024-08-22T17:06:57.319+0500] {processor.py:914} INFO - Processing file /home/rayyan/redfin_venv/lib/python3.10/site-packages/airflow/example_dags/plugins/decreasing_priority_weight_strategy.py for tasks to queue
[2024-08-22T17:06:57.322+0500] {logging_mixin.py:190} INFO - [2024-08-22T17:06:57.321+0500] {dagbag.py:587} INFO - Filling up the DagBag from /home/rayyan/redfin_venv/lib/python3.10/site-packages/airflow/example_dags/plugins/decreasing_priority_weight_strategy.py
[2024-08-22T17:06:57.324+0500] {processor.py:927} WARNING - No viable dags retrieved from /home/rayyan/redfin_venv/lib/python3.10/site-packages/airflow/example_dags/plugins/decreasing_priority_weight_strategy.py
[2024-08-22T17:06:57.336+0500] {processor.py:208} INFO - Processing /home/rayyan/redfin_venv/lib/python3.10/site-packages/airflow/example_dags/plugins/decreasing_priority_weight_strategy.py took 0.027 seconds
[2024-08-22T17:07:55.113+0500] {processor.py:186} INFO - Started process (PID=14391) to work on /home/rayyan/redfin_venv/lib/python3.10/site-packages/airflow/example_dags/plugins/decreasing_priority_weight_strategy.py
[2024-08-22T17:07:55.114+0500] {processor.py:914} INFO - Processing file /home/rayyan/redfin_venv/lib/python3.10/site-packages/airflow/example_dags/plugins/decreasing_priority_weight_strategy.py for tasks to queue
[2024-08-22T17:07:55.117+0500] {logging_mixin.py:190} INFO - [2024-08-22T17:07:55.117+0500] {dagbag.py:587} INFO - Filling up the DagBag from /home/rayyan/redfin_venv/lib/python3.10/site-packages/airflow/example_dags/plugins/decreasing_priority_weight_strategy.py
[2024-08-22T17:07:55.120+0500] {processor.py:927} WARNING - No viable dags retrieved from /home/rayyan/redfin_venv/lib/python3.10/site-packages/airflow/example_dags/plugins/decreasing_priority_weight_strategy.py
[2024-08-22T17:07:55.132+0500] {processor.py:208} INFO - Processing /home/rayyan/redfin_venv/lib/python3.10/site-packages/airflow/example_dags/plugins/decreasing_priority_weight_strategy.py took 0.027 seconds
