[2024-08-22T16:48:29.181+0500] {processor.py:186} INFO - Started process (PID=3913) to work on /home/rayyan/redfin_venv/lib/python3.10/site-packages/airflow/example_dags/plugins/event_listener.py
[2024-08-22T16:48:29.182+0500] {processor.py:914} INFO - Processing file /home/rayyan/redfin_venv/lib/python3.10/site-packages/airflow/example_dags/plugins/event_listener.py for tasks to queue
[2024-08-22T16:48:29.185+0500] {logging_mixin.py:190} INFO - [2024-08-22T16:48:29.185+0500] {dagbag.py:587} INFO - Filling up the DagBag from /home/rayyan/redfin_venv/lib/python3.10/site-packages/airflow/example_dags/plugins/event_listener.py
[2024-08-22T16:48:29.188+0500] {processor.py:927} WARNING - No viable dags retrieved from /home/rayyan/redfin_venv/lib/python3.10/site-packages/airflow/example_dags/plugins/event_listener.py
[2024-08-22T16:48:29.200+0500] {processor.py:208} INFO - Processing /home/rayyan/redfin_venv/lib/python3.10/site-packages/airflow/example_dags/plugins/event_listener.py took 0.027 seconds
[2024-08-22T16:49:28.706+0500] {processor.py:186} INFO - Started process (PID=4206) to work on /home/rayyan/redfin_venv/lib/python3.10/site-packages/airflow/example_dags/plugins/event_listener.py
[2024-08-22T16:49:28.709+0500] {processor.py:914} INFO - Processing file /home/rayyan/redfin_venv/lib/python3.10/site-packages/airflow/example_dags/plugins/event_listener.py for tasks to queue
[2024-08-22T16:49:28.711+0500] {logging_mixin.py:190} INFO - [2024-08-22T16:49:28.711+0500] {dagbag.py:587} INFO - Filling up the DagBag from /home/rayyan/redfin_venv/lib/python3.10/site-packages/airflow/example_dags/plugins/event_listener.py
[2024-08-22T16:49:28.714+0500] {processor.py:927} WARNING - No viable dags retrieved from /home/rayyan/redfin_venv/lib/python3.10/site-packages/airflow/example_dags/plugins/event_listener.py
[2024-08-22T16:49:28.724+0500] {processor.py:208} INFO - Processing /home/rayyan/redfin_venv/lib/python3.10/site-packages/airflow/example_dags/plugins/event_listener.py took 0.025 seconds
[2024-08-22T16:50:52.124+0500] {processor.py:186} INFO - Started process (PID=4613) to work on /home/rayyan/redfin_venv/lib/python3.10/site-packages/airflow/example_dags/plugins/event_listener.py
[2024-08-22T16:50:52.136+0500] {processor.py:914} INFO - Processing file /home/rayyan/redfin_venv/lib/python3.10/site-packages/airflow/example_dags/plugins/event_listener.py for tasks to queue
[2024-08-22T16:50:52.139+0500] {logging_mixin.py:190} INFO - [2024-08-22T16:50:52.139+0500] {dagbag.py:587} INFO - Filling up the DagBag from /home/rayyan/redfin_venv/lib/python3.10/site-packages/airflow/example_dags/plugins/event_listener.py
[2024-08-22T16:50:52.142+0500] {processor.py:927} WARNING - No viable dags retrieved from /home/rayyan/redfin_venv/lib/python3.10/site-packages/airflow/example_dags/plugins/event_listener.py
[2024-08-22T16:50:52.154+0500] {processor.py:208} INFO - Processing /home/rayyan/redfin_venv/lib/python3.10/site-packages/airflow/example_dags/plugins/event_listener.py took 0.038 seconds
[2024-08-22T16:51:51.451+0500] {processor.py:186} INFO - Started process (PID=4898) to work on /home/rayyan/redfin_venv/lib/python3.10/site-packages/airflow/example_dags/plugins/event_listener.py
[2024-08-22T16:51:51.453+0500] {processor.py:914} INFO - Processing file /home/rayyan/redfin_venv/lib/python3.10/site-packages/airflow/example_dags/plugins/event_listener.py for tasks to queue
[2024-08-22T16:51:51.456+0500] {logging_mixin.py:190} INFO - [2024-08-22T16:51:51.455+0500] {dagbag.py:587} INFO - Filling up the DagBag from /home/rayyan/redfin_venv/lib/python3.10/site-packages/airflow/example_dags/plugins/event_listener.py
[2024-08-22T16:51:51.458+0500] {processor.py:927} WARNING - No viable dags retrieved from /home/rayyan/redfin_venv/lib/python3.10/site-packages/airflow/example_dags/plugins/event_listener.py
[2024-08-22T16:51:51.468+0500] {processor.py:208} INFO - Processing /home/rayyan/redfin_venv/lib/python3.10/site-packages/airflow/example_dags/plugins/event_listener.py took 0.024 seconds
[2024-08-22T16:52:50.895+0500] {processor.py:186} INFO - Started process (PID=5182) to work on /home/rayyan/redfin_venv/lib/python3.10/site-packages/airflow/example_dags/plugins/event_listener.py
[2024-08-22T16:52:50.897+0500] {processor.py:914} INFO - Processing file /home/rayyan/redfin_venv/lib/python3.10/site-packages/airflow/example_dags/plugins/event_listener.py for tasks to queue
[2024-08-22T16:52:50.899+0500] {logging_mixin.py:190} INFO - [2024-08-22T16:52:50.899+0500] {dagbag.py:587} INFO - Filling up the DagBag from /home/rayyan/redfin_venv/lib/python3.10/site-packages/airflow/example_dags/plugins/event_listener.py
[2024-08-22T16:52:50.902+0500] {processor.py:927} WARNING - No viable dags retrieved from /home/rayyan/redfin_venv/lib/python3.10/site-packages/airflow/example_dags/plugins/event_listener.py
[2024-08-22T16:52:50.915+0500] {processor.py:208} INFO - Processing /home/rayyan/redfin_venv/lib/python3.10/site-packages/airflow/example_dags/plugins/event_listener.py took 0.030 seconds
[2024-08-22T16:53:54.568+0500] {processor.py:186} INFO - Started process (PID=5488) to work on /home/rayyan/redfin_venv/lib/python3.10/site-packages/airflow/example_dags/plugins/event_listener.py
[2024-08-22T16:53:54.582+0500] {processor.py:914} INFO - Processing file /home/rayyan/redfin_venv/lib/python3.10/site-packages/airflow/example_dags/plugins/event_listener.py for tasks to queue
[2024-08-22T16:53:54.585+0500] {logging_mixin.py:190} INFO - [2024-08-22T16:53:54.584+0500] {dagbag.py:587} INFO - Filling up the DagBag from /home/rayyan/redfin_venv/lib/python3.10/site-packages/airflow/example_dags/plugins/event_listener.py
[2024-08-22T16:53:54.587+0500] {processor.py:927} WARNING - No viable dags retrieved from /home/rayyan/redfin_venv/lib/python3.10/site-packages/airflow/example_dags/plugins/event_listener.py
[2024-08-22T16:53:54.597+0500] {processor.py:208} INFO - Processing /home/rayyan/redfin_venv/lib/python3.10/site-packages/airflow/example_dags/plugins/event_listener.py took 0.039 seconds
[2024-08-22T16:54:54.825+0500] {processor.py:186} INFO - Started process (PID=5782) to work on /home/rayyan/redfin_venv/lib/python3.10/site-packages/airflow/example_dags/plugins/event_listener.py
[2024-08-22T16:54:54.837+0500] {processor.py:914} INFO - Processing file /home/rayyan/redfin_venv/lib/python3.10/site-packages/airflow/example_dags/plugins/event_listener.py for tasks to queue
[2024-08-22T16:54:54.840+0500] {logging_mixin.py:190} INFO - [2024-08-22T16:54:54.840+0500] {dagbag.py:587} INFO - Filling up the DagBag from /home/rayyan/redfin_venv/lib/python3.10/site-packages/airflow/example_dags/plugins/event_listener.py
[2024-08-22T16:54:54.843+0500] {processor.py:927} WARNING - No viable dags retrieved from /home/rayyan/redfin_venv/lib/python3.10/site-packages/airflow/example_dags/plugins/event_listener.py
[2024-08-22T16:54:54.855+0500] {processor.py:208} INFO - Processing /home/rayyan/redfin_venv/lib/python3.10/site-packages/airflow/example_dags/plugins/event_listener.py took 0.036 seconds
[2024-08-22T16:55:59.239+0500] {processor.py:186} INFO - Started process (PID=6093) to work on /home/rayyan/redfin_venv/lib/python3.10/site-packages/airflow/example_dags/plugins/event_listener.py
[2024-08-22T16:55:59.251+0500] {processor.py:914} INFO - Processing file /home/rayyan/redfin_venv/lib/python3.10/site-packages/airflow/example_dags/plugins/event_listener.py for tasks to queue
[2024-08-22T16:55:59.255+0500] {logging_mixin.py:190} INFO - [2024-08-22T16:55:59.254+0500] {dagbag.py:587} INFO - Filling up the DagBag from /home/rayyan/redfin_venv/lib/python3.10/site-packages/airflow/example_dags/plugins/event_listener.py
[2024-08-22T16:55:59.258+0500] {processor.py:927} WARNING - No viable dags retrieved from /home/rayyan/redfin_venv/lib/python3.10/site-packages/airflow/example_dags/plugins/event_listener.py
[2024-08-22T16:55:59.268+0500] {processor.py:208} INFO - Processing /home/rayyan/redfin_venv/lib/python3.10/site-packages/airflow/example_dags/plugins/event_listener.py took 0.038 seconds
[2024-08-22T16:57:07.493+0500] {processor.py:186} INFO - Started process (PID=6419) to work on /home/rayyan/redfin_venv/lib/python3.10/site-packages/airflow/example_dags/plugins/event_listener.py
[2024-08-22T16:57:07.505+0500] {processor.py:914} INFO - Processing file /home/rayyan/redfin_venv/lib/python3.10/site-packages/airflow/example_dags/plugins/event_listener.py for tasks to queue
[2024-08-22T16:57:07.508+0500] {logging_mixin.py:190} INFO - [2024-08-22T16:57:07.507+0500] {dagbag.py:587} INFO - Filling up the DagBag from /home/rayyan/redfin_venv/lib/python3.10/site-packages/airflow/example_dags/plugins/event_listener.py
[2024-08-22T16:57:07.510+0500] {processor.py:927} WARNING - No viable dags retrieved from /home/rayyan/redfin_venv/lib/python3.10/site-packages/airflow/example_dags/plugins/event_listener.py
[2024-08-22T16:57:07.521+0500] {processor.py:208} INFO - Processing /home/rayyan/redfin_venv/lib/python3.10/site-packages/airflow/example_dags/plugins/event_listener.py took 0.037 seconds
[2024-08-22T16:58:10.669+0500] {processor.py:186} INFO - Started process (PID=6727) to work on /home/rayyan/redfin_venv/lib/python3.10/site-packages/airflow/example_dags/plugins/event_listener.py
[2024-08-22T16:58:10.681+0500] {processor.py:914} INFO - Processing file /home/rayyan/redfin_venv/lib/python3.10/site-packages/airflow/example_dags/plugins/event_listener.py for tasks to queue
[2024-08-22T16:58:10.684+0500] {logging_mixin.py:190} INFO - [2024-08-22T16:58:10.684+0500] {dagbag.py:587} INFO - Filling up the DagBag from /home/rayyan/redfin_venv/lib/python3.10/site-packages/airflow/example_dags/plugins/event_listener.py
[2024-08-22T16:58:10.686+0500] {processor.py:927} WARNING - No viable dags retrieved from /home/rayyan/redfin_venv/lib/python3.10/site-packages/airflow/example_dags/plugins/event_listener.py
[2024-08-22T16:58:10.695+0500] {processor.py:208} INFO - Processing /home/rayyan/redfin_venv/lib/python3.10/site-packages/airflow/example_dags/plugins/event_listener.py took 0.031 seconds
[2024-08-22T17:00:19.483+0500] {processor.py:186} INFO - Started process (PID=8467) to work on /home/rayyan/redfin_venv/lib/python3.10/site-packages/airflow/example_dags/plugins/event_listener.py
[2024-08-22T17:00:19.498+0500] {processor.py:914} INFO - Processing file /home/rayyan/redfin_venv/lib/python3.10/site-packages/airflow/example_dags/plugins/event_listener.py for tasks to queue
[2024-08-22T17:00:19.503+0500] {logging_mixin.py:190} INFO - [2024-08-22T17:00:19.502+0500] {dagbag.py:587} INFO - Filling up the DagBag from /home/rayyan/redfin_venv/lib/python3.10/site-packages/airflow/example_dags/plugins/event_listener.py
[2024-08-22T17:00:19.507+0500] {processor.py:927} WARNING - No viable dags retrieved from /home/rayyan/redfin_venv/lib/python3.10/site-packages/airflow/example_dags/plugins/event_listener.py
[2024-08-22T17:00:19.551+0500] {processor.py:208} INFO - Processing /home/rayyan/redfin_venv/lib/python3.10/site-packages/airflow/example_dags/plugins/event_listener.py took 0.101 seconds
[2024-08-22T17:01:25.742+0500] {processor.py:186} INFO - Started process (PID=10918) to work on /home/rayyan/redfin_venv/lib/python3.10/site-packages/airflow/example_dags/plugins/event_listener.py
[2024-08-22T17:01:25.745+0500] {processor.py:914} INFO - Processing file /home/rayyan/redfin_venv/lib/python3.10/site-packages/airflow/example_dags/plugins/event_listener.py for tasks to queue
[2024-08-22T17:01:25.751+0500] {logging_mixin.py:190} INFO - [2024-08-22T17:01:25.750+0500] {dagbag.py:587} INFO - Filling up the DagBag from /home/rayyan/redfin_venv/lib/python3.10/site-packages/airflow/example_dags/plugins/event_listener.py
[2024-08-22T17:01:25.758+0500] {processor.py:927} WARNING - No viable dags retrieved from /home/rayyan/redfin_venv/lib/python3.10/site-packages/airflow/example_dags/plugins/event_listener.py
[2024-08-22T17:01:25.786+0500] {processor.py:208} INFO - Processing /home/rayyan/redfin_venv/lib/python3.10/site-packages/airflow/example_dags/plugins/event_listener.py took 0.061 seconds
[2024-08-22T17:02:38.187+0500] {processor.py:186} INFO - Started process (PID=12844) to work on /home/rayyan/redfin_venv/lib/python3.10/site-packages/airflow/example_dags/plugins/event_listener.py
[2024-08-22T17:02:38.192+0500] {processor.py:914} INFO - Processing file /home/rayyan/redfin_venv/lib/python3.10/site-packages/airflow/example_dags/plugins/event_listener.py for tasks to queue
[2024-08-22T17:02:38.197+0500] {logging_mixin.py:190} INFO - [2024-08-22T17:02:38.196+0500] {dagbag.py:587} INFO - Filling up the DagBag from /home/rayyan/redfin_venv/lib/python3.10/site-packages/airflow/example_dags/plugins/event_listener.py
[2024-08-22T17:02:38.205+0500] {processor.py:927} WARNING - No viable dags retrieved from /home/rayyan/redfin_venv/lib/python3.10/site-packages/airflow/example_dags/plugins/event_listener.py
[2024-08-22T17:02:38.222+0500] {processor.py:208} INFO - Processing /home/rayyan/redfin_venv/lib/python3.10/site-packages/airflow/example_dags/plugins/event_listener.py took 0.078 seconds
[2024-08-22T17:03:37.367+0500] {processor.py:186} INFO - Started process (PID=13133) to work on /home/rayyan/redfin_venv/lib/python3.10/site-packages/airflow/example_dags/plugins/event_listener.py
[2024-08-22T17:03:37.378+0500] {processor.py:914} INFO - Processing file /home/rayyan/redfin_venv/lib/python3.10/site-packages/airflow/example_dags/plugins/event_listener.py for tasks to queue
[2024-08-22T17:03:37.381+0500] {logging_mixin.py:190} INFO - [2024-08-22T17:03:37.381+0500] {dagbag.py:587} INFO - Filling up the DagBag from /home/rayyan/redfin_venv/lib/python3.10/site-packages/airflow/example_dags/plugins/event_listener.py
[2024-08-22T17:03:37.384+0500] {processor.py:927} WARNING - No viable dags retrieved from /home/rayyan/redfin_venv/lib/python3.10/site-packages/airflow/example_dags/plugins/event_listener.py
[2024-08-22T17:03:37.400+0500] {processor.py:208} INFO - Processing /home/rayyan/redfin_venv/lib/python3.10/site-packages/airflow/example_dags/plugins/event_listener.py took 0.040 seconds
[2024-08-22T17:04:36.002+0500] {processor.py:186} INFO - Started process (PID=13416) to work on /home/rayyan/redfin_venv/lib/python3.10/site-packages/airflow/example_dags/plugins/event_listener.py
[2024-08-22T17:04:36.014+0500] {processor.py:914} INFO - Processing file /home/rayyan/redfin_venv/lib/python3.10/site-packages/airflow/example_dags/plugins/event_listener.py for tasks to queue
[2024-08-22T17:04:36.018+0500] {logging_mixin.py:190} INFO - [2024-08-22T17:04:36.017+0500] {dagbag.py:587} INFO - Filling up the DagBag from /home/rayyan/redfin_venv/lib/python3.10/site-packages/airflow/example_dags/plugins/event_listener.py
[2024-08-22T17:04:36.021+0500] {processor.py:927} WARNING - No viable dags retrieved from /home/rayyan/redfin_venv/lib/python3.10/site-packages/airflow/example_dags/plugins/event_listener.py
[2024-08-22T17:04:36.034+0500] {processor.py:208} INFO - Processing /home/rayyan/redfin_venv/lib/python3.10/site-packages/airflow/example_dags/plugins/event_listener.py took 0.039 seconds
[2024-08-22T17:05:56.719+0500] {processor.py:186} INFO - Started process (PID=13809) to work on /home/rayyan/redfin_venv/lib/python3.10/site-packages/airflow/example_dags/plugins/event_listener.py
[2024-08-22T17:05:56.731+0500] {processor.py:914} INFO - Processing file /home/rayyan/redfin_venv/lib/python3.10/site-packages/airflow/example_dags/plugins/event_listener.py for tasks to queue
[2024-08-22T17:05:56.735+0500] {logging_mixin.py:190} INFO - [2024-08-22T17:05:56.735+0500] {dagbag.py:587} INFO - Filling up the DagBag from /home/rayyan/redfin_venv/lib/python3.10/site-packages/airflow/example_dags/plugins/event_listener.py
[2024-08-22T17:05:56.739+0500] {processor.py:927} WARNING - No viable dags retrieved from /home/rayyan/redfin_venv/lib/python3.10/site-packages/airflow/example_dags/plugins/event_listener.py
[2024-08-22T17:05:56.754+0500] {processor.py:208} INFO - Processing /home/rayyan/redfin_venv/lib/python3.10/site-packages/airflow/example_dags/plugins/event_listener.py took 0.046 seconds
[2024-08-22T17:06:56.346+0500] {processor.py:186} INFO - Started process (PID=14099) to work on /home/rayyan/redfin_venv/lib/python3.10/site-packages/airflow/example_dags/plugins/event_listener.py
[2024-08-22T17:06:56.357+0500] {processor.py:914} INFO - Processing file /home/rayyan/redfin_venv/lib/python3.10/site-packages/airflow/example_dags/plugins/event_listener.py for tasks to queue
[2024-08-22T17:06:56.361+0500] {logging_mixin.py:190} INFO - [2024-08-22T17:06:56.360+0500] {dagbag.py:587} INFO - Filling up the DagBag from /home/rayyan/redfin_venv/lib/python3.10/site-packages/airflow/example_dags/plugins/event_listener.py
[2024-08-22T17:06:56.363+0500] {processor.py:927} WARNING - No viable dags retrieved from /home/rayyan/redfin_venv/lib/python3.10/site-packages/airflow/example_dags/plugins/event_listener.py
[2024-08-22T17:06:56.376+0500] {processor.py:208} INFO - Processing /home/rayyan/redfin_venv/lib/python3.10/site-packages/airflow/example_dags/plugins/event_listener.py took 0.039 seconds
[2024-08-22T17:07:53.969+0500] {processor.py:186} INFO - Started process (PID=14386) to work on /home/rayyan/redfin_venv/lib/python3.10/site-packages/airflow/example_dags/plugins/event_listener.py
[2024-08-22T17:07:53.971+0500] {processor.py:914} INFO - Processing file /home/rayyan/redfin_venv/lib/python3.10/site-packages/airflow/example_dags/plugins/event_listener.py for tasks to queue
[2024-08-22T17:07:53.973+0500] {logging_mixin.py:190} INFO - [2024-08-22T17:07:53.973+0500] {dagbag.py:587} INFO - Filling up the DagBag from /home/rayyan/redfin_venv/lib/python3.10/site-packages/airflow/example_dags/plugins/event_listener.py
[2024-08-22T17:07:53.977+0500] {processor.py:927} WARNING - No viable dags retrieved from /home/rayyan/redfin_venv/lib/python3.10/site-packages/airflow/example_dags/plugins/event_listener.py
[2024-08-22T17:07:53.992+0500] {processor.py:208} INFO - Processing /home/rayyan/redfin_venv/lib/python3.10/site-packages/airflow/example_dags/plugins/event_listener.py took 0.030 seconds
