[2024-08-22T16:48:30.629+0500] {processor.py:186} INFO - Started process (PID=3921) to work on /home/rayyan/redfin_venv/lib/python3.10/site-packages/airflow/example_dags/plugins/listener_plugin.py
[2024-08-22T16:48:30.630+0500] {processor.py:914} INFO - Processing file /home/rayyan/redfin_venv/lib/python3.10/site-packages/airflow/example_dags/plugins/listener_plugin.py for tasks to queue
[2024-08-22T16:48:30.634+0500] {logging_mixin.py:190} INFO - [2024-08-22T16:48:30.633+0500] {dagbag.py:587} INFO - Filling up the DagBag from /home/rayyan/redfin_venv/lib/python3.10/site-packages/airflow/example_dags/plugins/listener_plugin.py
[2024-08-22T16:48:30.637+0500] {processor.py:927} WARNING - No viable dags retrieved from /home/rayyan/redfin_venv/lib/python3.10/site-packages/airflow/example_dags/plugins/listener_plugin.py
[2024-08-22T16:48:30.650+0500] {processor.py:208} INFO - Processing /home/rayyan/redfin_venv/lib/python3.10/site-packages/airflow/example_dags/plugins/listener_plugin.py took 0.031 seconds
[2024-08-22T16:49:57.267+0500] {processor.py:186} INFO - Started process (PID=4346) to work on /home/rayyan/redfin_venv/lib/python3.10/site-packages/airflow/example_dags/plugins/listener_plugin.py
[2024-08-22T16:49:57.280+0500] {processor.py:914} INFO - Processing file /home/rayyan/redfin_venv/lib/python3.10/site-packages/airflow/example_dags/plugins/listener_plugin.py for tasks to queue
[2024-08-22T16:49:57.283+0500] {logging_mixin.py:190} INFO - [2024-08-22T16:49:57.283+0500] {dagbag.py:587} INFO - Filling up the DagBag from /home/rayyan/redfin_venv/lib/python3.10/site-packages/airflow/example_dags/plugins/listener_plugin.py
[2024-08-22T16:49:57.287+0500] {processor.py:927} WARNING - No viable dags retrieved from /home/rayyan/redfin_venv/lib/python3.10/site-packages/airflow/example_dags/plugins/listener_plugin.py
[2024-08-22T16:49:57.302+0500] {processor.py:208} INFO - Processing /home/rayyan/redfin_venv/lib/python3.10/site-packages/airflow/example_dags/plugins/listener_plugin.py took 0.045 seconds
[2024-08-22T16:51:22.617+0500] {processor.py:186} INFO - Started process (PID=4760) to work on /home/rayyan/redfin_venv/lib/python3.10/site-packages/airflow/example_dags/plugins/listener_plugin.py
[2024-08-22T16:51:22.629+0500] {processor.py:914} INFO - Processing file /home/rayyan/redfin_venv/lib/python3.10/site-packages/airflow/example_dags/plugins/listener_plugin.py for tasks to queue
[2024-08-22T16:51:22.632+0500] {logging_mixin.py:190} INFO - [2024-08-22T16:51:22.631+0500] {dagbag.py:587} INFO - Filling up the DagBag from /home/rayyan/redfin_venv/lib/python3.10/site-packages/airflow/example_dags/plugins/listener_plugin.py
[2024-08-22T16:51:22.634+0500] {processor.py:927} WARNING - No viable dags retrieved from /home/rayyan/redfin_venv/lib/python3.10/site-packages/airflow/example_dags/plugins/listener_plugin.py
[2024-08-22T16:51:22.645+0500] {processor.py:208} INFO - Processing /home/rayyan/redfin_venv/lib/python3.10/site-packages/airflow/example_dags/plugins/listener_plugin.py took 0.036 seconds
[2024-08-22T16:52:52.064+0500] {processor.py:186} INFO - Started process (PID=5188) to work on /home/rayyan/redfin_venv/lib/python3.10/site-packages/airflow/example_dags/plugins/listener_plugin.py
[2024-08-22T16:52:52.076+0500] {processor.py:914} INFO - Processing file /home/rayyan/redfin_venv/lib/python3.10/site-packages/airflow/example_dags/plugins/listener_plugin.py for tasks to queue
[2024-08-22T16:52:52.078+0500] {logging_mixin.py:190} INFO - [2024-08-22T16:52:52.078+0500] {dagbag.py:587} INFO - Filling up the DagBag from /home/rayyan/redfin_venv/lib/python3.10/site-packages/airflow/example_dags/plugins/listener_plugin.py
[2024-08-22T16:52:52.080+0500] {processor.py:927} WARNING - No viable dags retrieved from /home/rayyan/redfin_venv/lib/python3.10/site-packages/airflow/example_dags/plugins/listener_plugin.py
[2024-08-22T16:52:52.092+0500] {processor.py:208} INFO - Processing /home/rayyan/redfin_venv/lib/python3.10/site-packages/airflow/example_dags/plugins/listener_plugin.py took 0.034 seconds
[2024-08-22T16:53:55.701+0500] {processor.py:186} INFO - Started process (PID=5493) to work on /home/rayyan/redfin_venv/lib/python3.10/site-packages/airflow/example_dags/plugins/listener_plugin.py
[2024-08-22T16:53:55.713+0500] {processor.py:914} INFO - Processing file /home/rayyan/redfin_venv/lib/python3.10/site-packages/airflow/example_dags/plugins/listener_plugin.py for tasks to queue
[2024-08-22T16:53:55.715+0500] {logging_mixin.py:190} INFO - [2024-08-22T16:53:55.715+0500] {dagbag.py:587} INFO - Filling up the DagBag from /home/rayyan/redfin_venv/lib/python3.10/site-packages/airflow/example_dags/plugins/listener_plugin.py
[2024-08-22T16:53:55.718+0500] {processor.py:927} WARNING - No viable dags retrieved from /home/rayyan/redfin_venv/lib/python3.10/site-packages/airflow/example_dags/plugins/listener_plugin.py
[2024-08-22T16:53:55.728+0500] {processor.py:208} INFO - Processing /home/rayyan/redfin_venv/lib/python3.10/site-packages/airflow/example_dags/plugins/listener_plugin.py took 0.033 seconds
[2024-08-22T16:54:56.008+0500] {processor.py:186} INFO - Started process (PID=5787) to work on /home/rayyan/redfin_venv/lib/python3.10/site-packages/airflow/example_dags/plugins/listener_plugin.py
[2024-08-22T16:54:56.021+0500] {processor.py:914} INFO - Processing file /home/rayyan/redfin_venv/lib/python3.10/site-packages/airflow/example_dags/plugins/listener_plugin.py for tasks to queue
[2024-08-22T16:54:56.024+0500] {logging_mixin.py:190} INFO - [2024-08-22T16:54:56.023+0500] {dagbag.py:587} INFO - Filling up the DagBag from /home/rayyan/redfin_venv/lib/python3.10/site-packages/airflow/example_dags/plugins/listener_plugin.py
[2024-08-22T16:54:56.028+0500] {processor.py:927} WARNING - No viable dags retrieved from /home/rayyan/redfin_venv/lib/python3.10/site-packages/airflow/example_dags/plugins/listener_plugin.py
[2024-08-22T16:54:56.040+0500] {processor.py:208} INFO - Processing /home/rayyan/redfin_venv/lib/python3.10/site-packages/airflow/example_dags/plugins/listener_plugin.py took 0.043 seconds
[2024-08-22T16:55:59.766+0500] {processor.py:186} INFO - Started process (PID=6096) to work on /home/rayyan/redfin_venv/lib/python3.10/site-packages/airflow/example_dags/plugins/listener_plugin.py
[2024-08-22T16:55:59.778+0500] {processor.py:914} INFO - Processing file /home/rayyan/redfin_venv/lib/python3.10/site-packages/airflow/example_dags/plugins/listener_plugin.py for tasks to queue
[2024-08-22T16:55:59.781+0500] {logging_mixin.py:190} INFO - [2024-08-22T16:55:59.780+0500] {dagbag.py:587} INFO - Filling up the DagBag from /home/rayyan/redfin_venv/lib/python3.10/site-packages/airflow/example_dags/plugins/listener_plugin.py
[2024-08-22T16:55:59.783+0500] {processor.py:927} WARNING - No viable dags retrieved from /home/rayyan/redfin_venv/lib/python3.10/site-packages/airflow/example_dags/plugins/listener_plugin.py
[2024-08-22T16:55:59.795+0500] {processor.py:208} INFO - Processing /home/rayyan/redfin_venv/lib/python3.10/site-packages/airflow/example_dags/plugins/listener_plugin.py took 0.035 seconds
[2024-08-22T16:57:07.935+0500] {processor.py:186} INFO - Started process (PID=6423) to work on /home/rayyan/redfin_venv/lib/python3.10/site-packages/airflow/example_dags/plugins/listener_plugin.py
[2024-08-22T16:57:07.947+0500] {processor.py:914} INFO - Processing file /home/rayyan/redfin_venv/lib/python3.10/site-packages/airflow/example_dags/plugins/listener_plugin.py for tasks to queue
[2024-08-22T16:57:07.951+0500] {logging_mixin.py:190} INFO - [2024-08-22T16:57:07.950+0500] {dagbag.py:587} INFO - Filling up the DagBag from /home/rayyan/redfin_venv/lib/python3.10/site-packages/airflow/example_dags/plugins/listener_plugin.py
[2024-08-22T16:57:07.954+0500] {processor.py:927} WARNING - No viable dags retrieved from /home/rayyan/redfin_venv/lib/python3.10/site-packages/airflow/example_dags/plugins/listener_plugin.py
[2024-08-22T16:57:07.969+0500] {processor.py:208} INFO - Processing /home/rayyan/redfin_venv/lib/python3.10/site-packages/airflow/example_dags/plugins/listener_plugin.py took 0.043 seconds
[2024-08-22T16:58:11.830+0500] {processor.py:186} INFO - Started process (PID=6734) to work on /home/rayyan/redfin_venv/lib/python3.10/site-packages/airflow/example_dags/plugins/listener_plugin.py
[2024-08-22T16:58:11.831+0500] {processor.py:914} INFO - Processing file /home/rayyan/redfin_venv/lib/python3.10/site-packages/airflow/example_dags/plugins/listener_plugin.py for tasks to queue
[2024-08-22T16:58:11.834+0500] {logging_mixin.py:190} INFO - [2024-08-22T16:58:11.834+0500] {dagbag.py:587} INFO - Filling up the DagBag from /home/rayyan/redfin_venv/lib/python3.10/site-packages/airflow/example_dags/plugins/listener_plugin.py
[2024-08-22T16:58:11.838+0500] {processor.py:927} WARNING - No viable dags retrieved from /home/rayyan/redfin_venv/lib/python3.10/site-packages/airflow/example_dags/plugins/listener_plugin.py
[2024-08-22T16:58:11.851+0500] {processor.py:208} INFO - Processing /home/rayyan/redfin_venv/lib/python3.10/site-packages/airflow/example_dags/plugins/listener_plugin.py took 0.027 seconds
[2024-08-22T17:00:20.718+0500] {processor.py:186} INFO - Started process (PID=8494) to work on /home/rayyan/redfin_venv/lib/python3.10/site-packages/airflow/example_dags/plugins/listener_plugin.py
[2024-08-22T17:00:20.730+0500] {processor.py:914} INFO - Processing file /home/rayyan/redfin_venv/lib/python3.10/site-packages/airflow/example_dags/plugins/listener_plugin.py for tasks to queue
[2024-08-22T17:00:20.732+0500] {logging_mixin.py:190} INFO - [2024-08-22T17:00:20.732+0500] {dagbag.py:587} INFO - Filling up the DagBag from /home/rayyan/redfin_venv/lib/python3.10/site-packages/airflow/example_dags/plugins/listener_plugin.py
[2024-08-22T17:00:20.735+0500] {processor.py:927} WARNING - No viable dags retrieved from /home/rayyan/redfin_venv/lib/python3.10/site-packages/airflow/example_dags/plugins/listener_plugin.py
[2024-08-22T17:00:20.750+0500] {processor.py:208} INFO - Processing /home/rayyan/redfin_venv/lib/python3.10/site-packages/airflow/example_dags/plugins/listener_plugin.py took 0.040 seconds
[2024-08-22T17:01:26.909+0500] {processor.py:186} INFO - Started process (PID=10948) to work on /home/rayyan/redfin_venv/lib/python3.10/site-packages/airflow/example_dags/plugins/listener_plugin.py
[2024-08-22T17:01:26.911+0500] {processor.py:914} INFO - Processing file /home/rayyan/redfin_venv/lib/python3.10/site-packages/airflow/example_dags/plugins/listener_plugin.py for tasks to queue
[2024-08-22T17:01:26.914+0500] {logging_mixin.py:190} INFO - [2024-08-22T17:01:26.913+0500] {dagbag.py:587} INFO - Filling up the DagBag from /home/rayyan/redfin_venv/lib/python3.10/site-packages/airflow/example_dags/plugins/listener_plugin.py
[2024-08-22T17:01:26.917+0500] {processor.py:927} WARNING - No viable dags retrieved from /home/rayyan/redfin_venv/lib/python3.10/site-packages/airflow/example_dags/plugins/listener_plugin.py
[2024-08-22T17:01:26.931+0500] {processor.py:208} INFO - Processing /home/rayyan/redfin_venv/lib/python3.10/site-packages/airflow/example_dags/plugins/listener_plugin.py took 0.032 seconds
[2024-08-22T17:02:38.601+0500] {processor.py:186} INFO - Started process (PID=12846) to work on /home/rayyan/redfin_venv/lib/python3.10/site-packages/airflow/example_dags/plugins/listener_plugin.py
[2024-08-22T17:02:38.605+0500] {processor.py:914} INFO - Processing file /home/rayyan/redfin_venv/lib/python3.10/site-packages/airflow/example_dags/plugins/listener_plugin.py for tasks to queue
[2024-08-22T17:02:38.610+0500] {logging_mixin.py:190} INFO - [2024-08-22T17:02:38.610+0500] {dagbag.py:587} INFO - Filling up the DagBag from /home/rayyan/redfin_venv/lib/python3.10/site-packages/airflow/example_dags/plugins/listener_plugin.py
[2024-08-22T17:02:38.625+0500] {processor.py:927} WARNING - No viable dags retrieved from /home/rayyan/redfin_venv/lib/python3.10/site-packages/airflow/example_dags/plugins/listener_plugin.py
[2024-08-22T17:02:38.678+0500] {processor.py:208} INFO - Processing /home/rayyan/redfin_venv/lib/python3.10/site-packages/airflow/example_dags/plugins/listener_plugin.py took 0.090 seconds
[2024-08-22T17:03:38.528+0500] {processor.py:186} INFO - Started process (PID=13138) to work on /home/rayyan/redfin_venv/lib/python3.10/site-packages/airflow/example_dags/plugins/listener_plugin.py
[2024-08-22T17:03:38.530+0500] {processor.py:914} INFO - Processing file /home/rayyan/redfin_venv/lib/python3.10/site-packages/airflow/example_dags/plugins/listener_plugin.py for tasks to queue
[2024-08-22T17:03:38.533+0500] {logging_mixin.py:190} INFO - [2024-08-22T17:03:38.533+0500] {dagbag.py:587} INFO - Filling up the DagBag from /home/rayyan/redfin_venv/lib/python3.10/site-packages/airflow/example_dags/plugins/listener_plugin.py
[2024-08-22T17:03:38.536+0500] {processor.py:927} WARNING - No viable dags retrieved from /home/rayyan/redfin_venv/lib/python3.10/site-packages/airflow/example_dags/plugins/listener_plugin.py
[2024-08-22T17:03:38.550+0500] {processor.py:208} INFO - Processing /home/rayyan/redfin_venv/lib/python3.10/site-packages/airflow/example_dags/plugins/listener_plugin.py took 0.031 seconds
[2024-08-22T17:04:38.308+0500] {processor.py:186} INFO - Started process (PID=13427) to work on /home/rayyan/redfin_venv/lib/python3.10/site-packages/airflow/example_dags/plugins/listener_plugin.py
[2024-08-22T17:04:38.320+0500] {processor.py:914} INFO - Processing file /home/rayyan/redfin_venv/lib/python3.10/site-packages/airflow/example_dags/plugins/listener_plugin.py for tasks to queue
[2024-08-22T17:04:38.322+0500] {logging_mixin.py:190} INFO - [2024-08-22T17:04:38.322+0500] {dagbag.py:587} INFO - Filling up the DagBag from /home/rayyan/redfin_venv/lib/python3.10/site-packages/airflow/example_dags/plugins/listener_plugin.py
[2024-08-22T17:04:38.324+0500] {processor.py:927} WARNING - No viable dags retrieved from /home/rayyan/redfin_venv/lib/python3.10/site-packages/airflow/example_dags/plugins/listener_plugin.py
[2024-08-22T17:04:38.337+0500] {processor.py:208} INFO - Processing /home/rayyan/redfin_venv/lib/python3.10/site-packages/airflow/example_dags/plugins/listener_plugin.py took 0.036 seconds
[2024-08-22T17:05:58.100+0500] {processor.py:186} INFO - Started process (PID=13817) to work on /home/rayyan/redfin_venv/lib/python3.10/site-packages/airflow/example_dags/plugins/listener_plugin.py
[2024-08-22T17:05:58.102+0500] {processor.py:914} INFO - Processing file /home/rayyan/redfin_venv/lib/python3.10/site-packages/airflow/example_dags/plugins/listener_plugin.py for tasks to queue
[2024-08-22T17:05:58.105+0500] {logging_mixin.py:190} INFO - [2024-08-22T17:05:58.105+0500] {dagbag.py:587} INFO - Filling up the DagBag from /home/rayyan/redfin_venv/lib/python3.10/site-packages/airflow/example_dags/plugins/listener_plugin.py
[2024-08-22T17:05:58.108+0500] {processor.py:927} WARNING - No viable dags retrieved from /home/rayyan/redfin_venv/lib/python3.10/site-packages/airflow/example_dags/plugins/listener_plugin.py
[2024-08-22T17:05:58.122+0500] {processor.py:208} INFO - Processing /home/rayyan/redfin_venv/lib/python3.10/site-packages/airflow/example_dags/plugins/listener_plugin.py took 0.032 seconds
[2024-08-22T17:06:58.478+0500] {processor.py:186} INFO - Started process (PID=14109) to work on /home/rayyan/redfin_venv/lib/python3.10/site-packages/airflow/example_dags/plugins/listener_plugin.py
[2024-08-22T17:06:58.490+0500] {processor.py:914} INFO - Processing file /home/rayyan/redfin_venv/lib/python3.10/site-packages/airflow/example_dags/plugins/listener_plugin.py for tasks to queue
[2024-08-22T17:06:58.493+0500] {logging_mixin.py:190} INFO - [2024-08-22T17:06:58.493+0500] {dagbag.py:587} INFO - Filling up the DagBag from /home/rayyan/redfin_venv/lib/python3.10/site-packages/airflow/example_dags/plugins/listener_plugin.py
[2024-08-22T17:06:58.496+0500] {processor.py:927} WARNING - No viable dags retrieved from /home/rayyan/redfin_venv/lib/python3.10/site-packages/airflow/example_dags/plugins/listener_plugin.py
[2024-08-22T17:06:58.509+0500] {processor.py:208} INFO - Processing /home/rayyan/redfin_venv/lib/python3.10/site-packages/airflow/example_dags/plugins/listener_plugin.py took 0.041 seconds
[2024-08-22T17:07:56.254+0500] {processor.py:186} INFO - Started process (PID=14397) to work on /home/rayyan/redfin_venv/lib/python3.10/site-packages/airflow/example_dags/plugins/listener_plugin.py
[2024-08-22T17:07:56.255+0500] {processor.py:914} INFO - Processing file /home/rayyan/redfin_venv/lib/python3.10/site-packages/airflow/example_dags/plugins/listener_plugin.py for tasks to queue
[2024-08-22T17:07:56.258+0500] {logging_mixin.py:190} INFO - [2024-08-22T17:07:56.258+0500] {dagbag.py:587} INFO - Filling up the DagBag from /home/rayyan/redfin_venv/lib/python3.10/site-packages/airflow/example_dags/plugins/listener_plugin.py
[2024-08-22T17:07:56.261+0500] {processor.py:927} WARNING - No viable dags retrieved from /home/rayyan/redfin_venv/lib/python3.10/site-packages/airflow/example_dags/plugins/listener_plugin.py
[2024-08-22T17:07:56.274+0500] {processor.py:208} INFO - Processing /home/rayyan/redfin_venv/lib/python3.10/site-packages/airflow/example_dags/plugins/listener_plugin.py took 0.027 seconds
