[2024-08-21T15:57:44.256+0500] {local_task_job_runner.py:123} INFO - ::group::Pre task execution logs
[2024-08-21T15:57:44.272+0500] {taskinstance.py:2603} INFO - Dependencies all met for dep_context=non-requeueable deps ti=<TaskInstance: redfin_analytics_dag.tsk_load_redfin_data scheduled__2024-08-20T00:00:00+00:00 [queued]>
[2024-08-21T15:57:44.381+0500] {taskinstance.py:2603} INFO - Dependencies all met for dep_context=requeueable deps ti=<TaskInstance: redfin_analytics_dag.tsk_load_redfin_data scheduled__2024-08-20T00:00:00+00:00 [queued]>
[2024-08-21T15:57:44.381+0500] {taskinstance.py:2856} INFO - Starting attempt 1 of 1
[2024-08-21T15:57:44.441+0500] {taskinstance.py:2879} INFO - Executing <Task(PythonOperator): tsk_load_redfin_data> on 2024-08-20 00:00:00+00:00
[2024-08-21T15:57:44.449+0500] {standard_task_runner.py:72} INFO - Started process 17153 to run task
[2024-08-21T15:57:44.456+0500] {standard_task_runner.py:104} INFO - Running: ['airflow', 'tasks', 'run', 'redfin_analytics_dag', 'tsk_load_redfin_data', 'scheduled__2024-08-20T00:00:00+00:00', '--job-id', '19', '--raw', '--subdir', 'DAGS_FOLDER/redfin_analytics.py', '--cfg-path', '/tmp/tmpme2f8vup']
[2024-08-21T15:57:44.457+0500] {standard_task_runner.py:105} INFO - Job 19: Subtask tsk_load_redfin_data
[2024-08-21T15:57:44.508+0500] {task_command.py:467} INFO - Running <TaskInstance: redfin_analytics_dag.tsk_load_redfin_data scheduled__2024-08-20T00:00:00+00:00 [running]> on host DESKTOP-2H02MT9.
[2024-08-21T15:57:44.580+0500] {taskinstance.py:3122} INFO - Exporting env vars: AIRFLOW_CTX_DAG_OWNER='Rayyan' AIRFLOW_CTX_DAG_ID='redfin_analytics_dag' AIRFLOW_CTX_TASK_ID='tsk_load_redfin_data' AIRFLOW_CTX_EXECUTION_DATE='2024-08-20T00:00:00+00:00' AIRFLOW_CTX_TRY_NUMBER='1' AIRFLOW_CTX_DAG_RUN_ID='scheduled__2024-08-20T00:00:00+00:00'
[2024-08-21T15:57:44.581+0500] {logging_mixin.py:190} INFO - Task instance is in running state
[2024-08-21T15:57:44.582+0500] {logging_mixin.py:190} INFO -  Previous state of the Task instance: queued
[2024-08-21T15:57:44.582+0500] {logging_mixin.py:190} INFO - Current task name:tsk_load_redfin_data state:running start_date:2024-08-21 10:57:44.272972+00:00
[2024-08-21T15:57:44.582+0500] {logging_mixin.py:190} INFO - Dag name:redfin_analytics_dag and current dag run status:running
[2024-08-21T15:57:44.582+0500] {taskinstance.py:731} INFO - ::endgroup::
[2024-08-21T15:57:44.587+0500] {logging_mixin.py:190} INFO - /home/rayyan/airflow/data/output/redfin_data_21082024155554
[2024-08-21T15:57:44.590+0500] {logging_mixin.py:190} INFO - in transform 2
[2024-08-21T15:57:49.887+0500] {python.py:240} INFO - Done. Returned value was: None
[2024-08-21T15:57:49.906+0500] {taskinstance.py:340} INFO - ::group::Post task execution logs
[2024-08-21T15:57:49.907+0500] {taskinstance.py:352} INFO - Marking task as SUCCESS. dag_id=redfin_analytics_dag, task_id=tsk_load_redfin_data, run_id=scheduled__2024-08-20T00:00:00+00:00, execution_date=20240820T000000, start_date=20240821T105744, end_date=20240821T105749
[2024-08-21T15:57:49.942+0500] {logging_mixin.py:190} INFO - Task instance in success state
[2024-08-21T15:57:49.943+0500] {logging_mixin.py:190} INFO -  Previous state of the Task instance: running
[2024-08-21T15:57:49.943+0500] {logging_mixin.py:190} INFO - Dag name:redfin_analytics_dag queued_at:2024-08-21 08:04:41.724410+00:00
[2024-08-21T15:57:49.944+0500] {logging_mixin.py:190} INFO - Task hostname:DESKTOP-2H02MT9. operator:PythonOperator
[2024-08-21T15:57:49.988+0500] {local_task_job_runner.py:261} INFO - Task exited with return code 0
[2024-08-21T15:57:50.005+0500] {taskinstance.py:3891} INFO - 0 downstream tasks scheduled from follow-on schedule check
[2024-08-21T15:57:50.006+0500] {local_task_job_runner.py:240} INFO - ::endgroup::
