[2024-08-21T00:12:26.452+0500] {local_task_job_runner.py:123} INFO - ::group::Pre task execution logs
[2024-08-21T00:12:26.623+0500] {taskinstance.py:2603} INFO - Dependencies all met for dep_context=non-requeueable deps ti=<TaskInstance: redfin_analytics_dag.tsk_extract_redfin_data manual__2024-08-20T19:12:16.217169+00:00 [queued]>
[2024-08-21T00:12:26.640+0500] {taskinstance.py:2603} INFO - Dependencies all met for dep_context=requeueable deps ti=<TaskInstance: redfin_analytics_dag.tsk_extract_redfin_data manual__2024-08-20T19:12:16.217169+00:00 [queued]>
[2024-08-21T00:12:26.641+0500] {taskinstance.py:2856} INFO - Starting attempt 1 of 1
[2024-08-21T00:12:26.666+0500] {taskinstance.py:2879} INFO - Executing <Task(PythonOperator): tsk_extract_redfin_data> on 2024-08-20 19:12:16.217169+00:00
[2024-08-21T00:12:26.674+0500] {standard_task_runner.py:72} INFO - Started process 9168 to run task
[2024-08-21T00:12:26.685+0500] {standard_task_runner.py:104} INFO - Running: ['airflow', 'tasks', 'run', 'redfin_analytics_dag', 'tsk_extract_redfin_data', 'manual__2024-08-20T19:12:16.217169+00:00', '--job-id', '14', '--raw', '--subdir', 'DAGS_FOLDER/redfin_analytics.py', '--cfg-path', '/tmp/tmprgo_ku6v']
[2024-08-21T00:12:26.687+0500] {standard_task_runner.py:105} INFO - Job 14: Subtask tsk_extract_redfin_data
[2024-08-21T00:12:26.773+0500] {task_command.py:467} INFO - Running <TaskInstance: redfin_analytics_dag.tsk_extract_redfin_data manual__2024-08-20T19:12:16.217169+00:00 [running]> on host DESKTOP-2H02MT9.
[2024-08-21T00:12:26.936+0500] {taskinstance.py:3122} INFO - Exporting env vars: AIRFLOW_CTX_DAG_OWNER='Rayyan' AIRFLOW_CTX_DAG_ID='redfin_analytics_dag' AIRFLOW_CTX_TASK_ID='tsk_extract_redfin_data' AIRFLOW_CTX_EXECUTION_DATE='2024-08-20T19:12:16.217169+00:00' AIRFLOW_CTX_TRY_NUMBER='1' AIRFLOW_CTX_DAG_RUN_ID='manual__2024-08-20T19:12:16.217169+00:00'
[2024-08-21T00:12:26.938+0500] {logging_mixin.py:190} INFO - Task instance is in running state
[2024-08-21T00:12:26.938+0500] {logging_mixin.py:190} INFO -  Previous state of the Task instance: queued
[2024-08-21T00:12:26.939+0500] {logging_mixin.py:190} INFO - Current task name:tsk_extract_redfin_data state:running start_date:2024-08-20 19:12:26.624197+00:00
[2024-08-21T00:12:26.939+0500] {logging_mixin.py:190} INFO - Dag name:redfin_analytics_dag and current dag run status:running
[2024-08-21T00:12:26.940+0500] {taskinstance.py:731} INFO - ::endgroup::
[2024-08-21T00:12:26.941+0500] {logging_mixin.py:190} INFO - in the extract func
[2024-08-21T00:12:34.505+0500] {logging_mixin.py:190} INFO - suc 1
[2024-08-21T00:12:34.703+0500] {logging_mixin.py:190} INFO - suc 2
[2024-08-21T00:12:34.721+0500] {logging_mixin.py:190} INFO - yayyy
[2024-08-21T00:12:34.722+0500] {python.py:240} INFO - Done. Returned value was: ['/home/rayyan/airflow/data/output/redfin_data_21082024001234', 'redfin_data_21082024001234']
[2024-08-21T00:12:34.744+0500] {taskinstance.py:340} INFO - ::group::Post task execution logs
[2024-08-21T00:12:34.744+0500] {taskinstance.py:352} INFO - Marking task as SUCCESS. dag_id=redfin_analytics_dag, task_id=tsk_extract_redfin_data, run_id=manual__2024-08-20T19:12:16.217169+00:00, execution_date=20240820T191216, start_date=20240820T191226, end_date=20240820T191234
[2024-08-21T00:12:34.758+0500] {logging_mixin.py:190} INFO - Task instance in success state
[2024-08-21T00:12:34.759+0500] {logging_mixin.py:190} INFO -  Previous state of the Task instance: running
[2024-08-21T00:12:34.759+0500] {logging_mixin.py:190} INFO - Dag name:redfin_analytics_dag queued_at:2024-08-20 19:12:16.246993+00:00
[2024-08-21T00:12:34.759+0500] {logging_mixin.py:190} INFO - Task hostname:DESKTOP-2H02MT9. operator:PythonOperator
[2024-08-21T00:12:34.792+0500] {local_task_job_runner.py:261} INFO - Task exited with return code 0
[2024-08-21T00:12:34.847+0500] {taskinstance.py:3891} INFO - 1 downstream tasks scheduled from follow-on schedule check
[2024-08-21T00:12:34.855+0500] {local_task_job_runner.py:240} INFO - ::endgroup::
