[2024-08-21T23:45:28.242+0500] {local_task_job_runner.py:123} INFO - ::group::Pre task execution logs
[2024-08-21T23:45:28.371+0500] {taskinstance.py:2603} INFO - Dependencies all met for dep_context=non-requeueable deps ti=<TaskInstance: redfin_analytics_dag.tsk_transform_redfin_data manual__2024-08-21T18:44:45.529363+00:00 [queued]>
[2024-08-21T23:45:28.381+0500] {taskinstance.py:2603} INFO - Dependencies all met for dep_context=requeueable deps ti=<TaskInstance: redfin_analytics_dag.tsk_transform_redfin_data manual__2024-08-21T18:44:45.529363+00:00 [queued]>
[2024-08-21T23:45:28.382+0500] {taskinstance.py:2856} INFO - Starting attempt 1 of 1
[2024-08-21T23:45:28.440+0500] {taskinstance.py:2879} INFO - Executing <Task(PythonOperator): tsk_transform_redfin_data> on 2024-08-21 18:44:45.529363+00:00
[2024-08-21T23:45:28.447+0500] {standard_task_runner.py:72} INFO - Started process 62030 to run task
[2024-08-21T23:45:28.455+0500] {standard_task_runner.py:104} INFO - Running: ['airflow', 'tasks', 'run', 'redfin_analytics_dag', 'tsk_transform_redfin_data', 'manual__2024-08-21T18:44:45.529363+00:00', '--job-id', '21', '--raw', '--subdir', 'DAGS_FOLDER/redfin_analytics.py', '--cfg-path', '/tmp/tmphs8sq1b2']
[2024-08-21T23:45:28.456+0500] {standard_task_runner.py:105} INFO - Job 21: Subtask tsk_transform_redfin_data
[2024-08-21T23:45:28.510+0500] {task_command.py:467} INFO - Running <TaskInstance: redfin_analytics_dag.tsk_transform_redfin_data manual__2024-08-21T18:44:45.529363+00:00 [running]> on host DESKTOP-2H02MT9.
[2024-08-21T23:45:28.588+0500] {taskinstance.py:3122} INFO - Exporting env vars: AIRFLOW_CTX_DAG_OWNER='Rayyan' AIRFLOW_CTX_DAG_ID='redfin_analytics_dag' AIRFLOW_CTX_TASK_ID='tsk_transform_redfin_data' AIRFLOW_CTX_EXECUTION_DATE='2024-08-21T18:44:45.529363+00:00' AIRFLOW_CTX_TRY_NUMBER='1' AIRFLOW_CTX_DAG_RUN_ID='manual__2024-08-21T18:44:45.529363+00:00'
[2024-08-21T23:45:28.589+0500] {logging_mixin.py:190} INFO - Task instance is in running state
[2024-08-21T23:45:28.589+0500] {logging_mixin.py:190} INFO -  Previous state of the Task instance: queued
[2024-08-21T23:45:28.589+0500] {logging_mixin.py:190} INFO - Current task name:tsk_transform_redfin_data state:running start_date:2024-08-21 18:45:28.371677+00:00
[2024-08-21T23:45:28.590+0500] {logging_mixin.py:190} INFO - Dag name:redfin_analytics_dag and current dag run status:running
[2024-08-21T23:45:28.590+0500] {taskinstance.py:731} INFO - ::endgroup::
[2024-08-21T23:45:28.596+0500] {logging_mixin.py:190} INFO - /home/rayyan/airflow/data/output/redfin_data_21082024234523
[2024-08-21T23:45:28.599+0500] {logging_mixin.py:190} INFO - in transform 2
[2024-08-21T23:45:28.687+0500] {logging_mixin.py:190} INFO - <bound method NDFrame.head of      period_begin  ...         last_updated
0      2013-04-01  ...  2024-08-14 00:00:00
1      2020-05-01  ...  2024-08-14 00:00:00
2      2014-02-01  ...  2024-08-14 00:00:00
3      2015-09-01  ...  2024-08-14 00:00:00
4      2012-06-01  ...  2024-08-14 00:00:00
...           ...  ...                  ...
1656   2021-01-01  ...  2024-08-14 14:07:01
1657   2021-06-01  ...  2024-08-14 14:07:01
1658   2023-05-01  ...  2024-08-14 14:07:01
1659   2015-10-01  ...  2024-08-14 14:07:01
1660   2013-04-01  ...  2024-08-14 14:07:01

[1661 rows x 58 columns]>
[2024-08-21T23:45:28.713+0500] {logging_mixin.py:190} INFO - <bound method NDFrame.head of      period_begin  ...         last_updated
0      2013-04-01  ...  2024-08-14 00:00:00
1      2020-05-01  ...  2024-08-14 00:00:00
2      2014-02-01  ...  2024-08-14 00:00:00
3      2015-09-01  ...  2024-08-14 00:00:00
4      2012-06-01  ...  2024-08-14 00:00:00
...           ...  ...                  ...
1656   2021-01-01  ...  2024-08-14 14:07:01
1657   2021-06-01  ...  2024-08-14 14:07:01
1658   2023-05-01  ...  2024-08-14 14:07:01
1659   2015-10-01  ...  2024-08-14 14:07:01
1660   2013-04-01  ...  2024-08-14 14:07:01

[1661 rows x 24 columns]>
[2024-08-21T23:45:28.734+0500] {logging_mixin.py:190} INFO - Num of rows: 1661
[2024-08-21T23:45:28.734+0500] {logging_mixin.py:190} INFO - Num of cols: 28
[2024-08-21T23:45:28.780+0500] {logging_mixin.py:190} INFO - csv format done
[2024-08-21T23:45:52.011+0500] {python.py:240} INFO - Done. Returned value was: None
[2024-08-21T23:45:52.025+0500] {taskinstance.py:340} INFO - ::group::Post task execution logs
[2024-08-21T23:45:52.026+0500] {taskinstance.py:352} INFO - Marking task as SUCCESS. dag_id=redfin_analytics_dag, task_id=tsk_transform_redfin_data, run_id=manual__2024-08-21T18:44:45.529363+00:00, execution_date=20240821T184445, start_date=20240821T184528, end_date=20240821T184552
[2024-08-21T23:45:52.057+0500] {logging_mixin.py:190} INFO - Task instance in success state
[2024-08-21T23:45:52.058+0500] {logging_mixin.py:190} INFO -  Previous state of the Task instance: running
[2024-08-21T23:45:52.058+0500] {logging_mixin.py:190} INFO - Dag name:redfin_analytics_dag queued_at:2024-08-21 18:44:45.570205+00:00
[2024-08-21T23:45:52.059+0500] {logging_mixin.py:190} INFO - Task hostname:DESKTOP-2H02MT9. operator:PythonOperator
[2024-08-21T23:45:52.091+0500] {local_task_job_runner.py:261} INFO - Task exited with return code 0
[2024-08-21T23:45:52.135+0500] {taskinstance.py:3891} INFO - 1 downstream tasks scheduled from follow-on schedule check
[2024-08-21T23:45:52.148+0500] {local_task_job_runner.py:240} INFO - ::endgroup::
