[2024-08-22T16:47:44.745+0500] {processor.py:186} INFO - Started process (PID=3675) to work on /home/rayyan/redfin_venv/lib/python3.10/site-packages/airflow/example_dags/example_branch_datetime_operator.py
[2024-08-22T16:47:44.746+0500] {processor.py:914} INFO - Processing file /home/rayyan/redfin_venv/lib/python3.10/site-packages/airflow/example_dags/example_branch_datetime_operator.py for tasks to queue
[2024-08-22T16:47:44.748+0500] {logging_mixin.py:190} INFO - [2024-08-22T16:47:44.748+0500] {dagbag.py:587} INFO - Filling up the DagBag from /home/rayyan/redfin_venv/lib/python3.10/site-packages/airflow/example_dags/example_branch_datetime_operator.py
[2024-08-22T16:47:44.761+0500] {processor.py:925} INFO - DAG(s) 'example_branch_datetime_operator_2', 'example_branch_datetime_operator', 'example_branch_datetime_operator_3' retrieved from /home/rayyan/redfin_venv/lib/python3.10/site-packages/airflow/example_dags/example_branch_datetime_operator.py
[2024-08-22T16:47:44.789+0500] {logging_mixin.py:190} INFO - [2024-08-22T16:47:44.789+0500] {dag.py:3211} INFO - Sync 3 DAGs
[2024-08-22T16:47:44.809+0500] {logging_mixin.py:190} INFO - [2024-08-22T16:47:44.809+0500] {dag.py:4138} INFO - Setting next_dagrun for example_branch_datetime_operator to 2024-08-21 00:00:00+00:00, run_after=2024-08-22 00:00:00+00:00
[2024-08-22T16:47:44.813+0500] {logging_mixin.py:190} INFO - [2024-08-22T16:47:44.813+0500] {dag.py:4138} INFO - Setting next_dagrun for example_branch_datetime_operator_2 to 2024-08-21 00:00:00+00:00, run_after=2024-08-22 00:00:00+00:00
[2024-08-22T16:47:44.815+0500] {logging_mixin.py:190} INFO - [2024-08-22T16:47:44.815+0500] {dag.py:4138} INFO - Setting next_dagrun for example_branch_datetime_operator_3 to 2024-08-21 00:00:00+00:00, run_after=2024-08-22 00:00:00+00:00
[2024-08-22T16:47:44.835+0500] {processor.py:208} INFO - Processing /home/rayyan/redfin_venv/lib/python3.10/site-packages/airflow/example_dags/example_branch_datetime_operator.py took 0.098 seconds
[2024-08-22T16:48:44.748+0500] {processor.py:186} INFO - Started process (PID=3991) to work on /home/rayyan/redfin_venv/lib/python3.10/site-packages/airflow/example_dags/example_branch_datetime_operator.py
[2024-08-22T16:48:44.750+0500] {processor.py:914} INFO - Processing file /home/rayyan/redfin_venv/lib/python3.10/site-packages/airflow/example_dags/example_branch_datetime_operator.py for tasks to queue
[2024-08-22T16:48:44.754+0500] {logging_mixin.py:190} INFO - [2024-08-22T16:48:44.754+0500] {dagbag.py:587} INFO - Filling up the DagBag from /home/rayyan/redfin_venv/lib/python3.10/site-packages/airflow/example_dags/example_branch_datetime_operator.py
[2024-08-22T16:48:44.771+0500] {processor.py:925} INFO - DAG(s) 'example_branch_datetime_operator_3', 'example_branch_datetime_operator', 'example_branch_datetime_operator_2' retrieved from /home/rayyan/redfin_venv/lib/python3.10/site-packages/airflow/example_dags/example_branch_datetime_operator.py
[2024-08-22T16:48:44.793+0500] {logging_mixin.py:190} INFO - [2024-08-22T16:48:44.793+0500] {dag.py:3211} INFO - Sync 3 DAGs
[2024-08-22T16:48:44.812+0500] {logging_mixin.py:190} INFO - [2024-08-22T16:48:44.812+0500] {dag.py:4138} INFO - Setting next_dagrun for example_branch_datetime_operator to 2024-08-21 00:00:00+00:00, run_after=2024-08-22 00:00:00+00:00
[2024-08-22T16:48:44.817+0500] {logging_mixin.py:190} INFO - [2024-08-22T16:48:44.817+0500] {dag.py:4138} INFO - Setting next_dagrun for example_branch_datetime_operator_2 to 2024-08-21 00:00:00+00:00, run_after=2024-08-22 00:00:00+00:00
[2024-08-22T16:48:44.819+0500] {logging_mixin.py:190} INFO - [2024-08-22T16:48:44.819+0500] {dag.py:4138} INFO - Setting next_dagrun for example_branch_datetime_operator_3 to 2024-08-21 00:00:00+00:00, run_after=2024-08-22 00:00:00+00:00
[2024-08-22T16:48:44.838+0500] {processor.py:208} INFO - Processing /home/rayyan/redfin_venv/lib/python3.10/site-packages/airflow/example_dags/example_branch_datetime_operator.py took 0.099 seconds
[2024-08-22T16:49:41.772+0500] {processor.py:186} INFO - Started process (PID=4271) to work on /home/rayyan/redfin_venv/lib/python3.10/site-packages/airflow/example_dags/example_branch_datetime_operator.py
[2024-08-22T16:49:41.774+0500] {processor.py:914} INFO - Processing file /home/rayyan/redfin_venv/lib/python3.10/site-packages/airflow/example_dags/example_branch_datetime_operator.py for tasks to queue
[2024-08-22T16:49:41.777+0500] {logging_mixin.py:190} INFO - [2024-08-22T16:49:41.776+0500] {dagbag.py:587} INFO - Filling up the DagBag from /home/rayyan/redfin_venv/lib/python3.10/site-packages/airflow/example_dags/example_branch_datetime_operator.py
[2024-08-22T16:49:41.788+0500] {processor.py:925} INFO - DAG(s) 'example_branch_datetime_operator_3', 'example_branch_datetime_operator', 'example_branch_datetime_operator_2' retrieved from /home/rayyan/redfin_venv/lib/python3.10/site-packages/airflow/example_dags/example_branch_datetime_operator.py
[2024-08-22T16:49:41.809+0500] {logging_mixin.py:190} INFO - [2024-08-22T16:49:41.808+0500] {dag.py:3211} INFO - Sync 3 DAGs
[2024-08-22T16:49:41.829+0500] {logging_mixin.py:190} INFO - [2024-08-22T16:49:41.828+0500] {dag.py:4138} INFO - Setting next_dagrun for example_branch_datetime_operator to 2024-08-21 00:00:00+00:00, run_after=2024-08-22 00:00:00+00:00
[2024-08-22T16:49:41.834+0500] {logging_mixin.py:190} INFO - [2024-08-22T16:49:41.834+0500] {dag.py:4138} INFO - Setting next_dagrun for example_branch_datetime_operator_2 to 2024-08-21 00:00:00+00:00, run_after=2024-08-22 00:00:00+00:00
[2024-08-22T16:49:41.836+0500] {logging_mixin.py:190} INFO - [2024-08-22T16:49:41.836+0500] {dag.py:4138} INFO - Setting next_dagrun for example_branch_datetime_operator_3 to 2024-08-21 00:00:00+00:00, run_after=2024-08-22 00:00:00+00:00
[2024-08-22T16:49:41.856+0500] {processor.py:208} INFO - Processing /home/rayyan/redfin_venv/lib/python3.10/site-packages/airflow/example_dags/example_branch_datetime_operator.py took 0.091 seconds
[2024-08-22T16:50:36.345+0500] {processor.py:186} INFO - Started process (PID=4538) to work on /home/rayyan/redfin_venv/lib/python3.10/site-packages/airflow/example_dags/example_branch_datetime_operator.py
[2024-08-22T16:50:36.356+0500] {processor.py:914} INFO - Processing file /home/rayyan/redfin_venv/lib/python3.10/site-packages/airflow/example_dags/example_branch_datetime_operator.py for tasks to queue
[2024-08-22T16:50:36.359+0500] {logging_mixin.py:190} INFO - [2024-08-22T16:50:36.359+0500] {dagbag.py:587} INFO - Filling up the DagBag from /home/rayyan/redfin_venv/lib/python3.10/site-packages/airflow/example_dags/example_branch_datetime_operator.py
[2024-08-22T16:50:36.372+0500] {processor.py:925} INFO - DAG(s) 'example_branch_datetime_operator', 'example_branch_datetime_operator_3', 'example_branch_datetime_operator_2' retrieved from /home/rayyan/redfin_venv/lib/python3.10/site-packages/airflow/example_dags/example_branch_datetime_operator.py
[2024-08-22T16:50:36.394+0500] {logging_mixin.py:190} INFO - [2024-08-22T16:50:36.393+0500] {dag.py:3211} INFO - Sync 3 DAGs
[2024-08-22T16:50:36.416+0500] {logging_mixin.py:190} INFO - [2024-08-22T16:50:36.416+0500] {dag.py:4138} INFO - Setting next_dagrun for example_branch_datetime_operator to 2024-08-21 00:00:00+00:00, run_after=2024-08-22 00:00:00+00:00
[2024-08-22T16:50:36.420+0500] {logging_mixin.py:190} INFO - [2024-08-22T16:50:36.420+0500] {dag.py:4138} INFO - Setting next_dagrun for example_branch_datetime_operator_2 to 2024-08-21 00:00:00+00:00, run_after=2024-08-22 00:00:00+00:00
[2024-08-22T16:50:36.422+0500] {logging_mixin.py:190} INFO - [2024-08-22T16:50:36.422+0500] {dag.py:4138} INFO - Setting next_dagrun for example_branch_datetime_operator_3 to 2024-08-21 00:00:00+00:00, run_after=2024-08-22 00:00:00+00:00
[2024-08-22T16:50:36.441+0500] {processor.py:208} INFO - Processing /home/rayyan/redfin_venv/lib/python3.10/site-packages/airflow/example_dags/example_branch_datetime_operator.py took 0.103 seconds
[2024-08-22T16:51:34.979+0500] {processor.py:186} INFO - Started process (PID=4820) to work on /home/rayyan/redfin_venv/lib/python3.10/site-packages/airflow/example_dags/example_branch_datetime_operator.py
[2024-08-22T16:51:34.992+0500] {processor.py:914} INFO - Processing file /home/rayyan/redfin_venv/lib/python3.10/site-packages/airflow/example_dags/example_branch_datetime_operator.py for tasks to queue
[2024-08-22T16:51:34.995+0500] {logging_mixin.py:190} INFO - [2024-08-22T16:51:34.994+0500] {dagbag.py:587} INFO - Filling up the DagBag from /home/rayyan/redfin_venv/lib/python3.10/site-packages/airflow/example_dags/example_branch_datetime_operator.py
[2024-08-22T16:51:35.009+0500] {processor.py:925} INFO - DAG(s) 'example_branch_datetime_operator_3', 'example_branch_datetime_operator_2', 'example_branch_datetime_operator' retrieved from /home/rayyan/redfin_venv/lib/python3.10/site-packages/airflow/example_dags/example_branch_datetime_operator.py
[2024-08-22T16:51:35.030+0500] {logging_mixin.py:190} INFO - [2024-08-22T16:51:35.030+0500] {dag.py:3211} INFO - Sync 3 DAGs
[2024-08-22T16:51:35.051+0500] {logging_mixin.py:190} INFO - [2024-08-22T16:51:35.051+0500] {dag.py:4138} INFO - Setting next_dagrun for example_branch_datetime_operator to 2024-08-21 00:00:00+00:00, run_after=2024-08-22 00:00:00+00:00
[2024-08-22T16:51:35.056+0500] {logging_mixin.py:190} INFO - [2024-08-22T16:51:35.055+0500] {dag.py:4138} INFO - Setting next_dagrun for example_branch_datetime_operator_2 to 2024-08-21 00:00:00+00:00, run_after=2024-08-22 00:00:00+00:00
[2024-08-22T16:51:35.058+0500] {logging_mixin.py:190} INFO - [2024-08-22T16:51:35.057+0500] {dag.py:4138} INFO - Setting next_dagrun for example_branch_datetime_operator_3 to 2024-08-21 00:00:00+00:00, run_after=2024-08-22 00:00:00+00:00
[2024-08-22T16:51:35.077+0500] {processor.py:208} INFO - Processing /home/rayyan/redfin_venv/lib/python3.10/site-packages/airflow/example_dags/example_branch_datetime_operator.py took 0.108 seconds
[2024-08-22T16:52:34.487+0500] {processor.py:186} INFO - Started process (PID=5105) to work on /home/rayyan/redfin_venv/lib/python3.10/site-packages/airflow/example_dags/example_branch_datetime_operator.py
[2024-08-22T16:52:34.501+0500] {processor.py:914} INFO - Processing file /home/rayyan/redfin_venv/lib/python3.10/site-packages/airflow/example_dags/example_branch_datetime_operator.py for tasks to queue
[2024-08-22T16:52:34.508+0500] {logging_mixin.py:190} INFO - [2024-08-22T16:52:34.507+0500] {dagbag.py:587} INFO - Filling up the DagBag from /home/rayyan/redfin_venv/lib/python3.10/site-packages/airflow/example_dags/example_branch_datetime_operator.py
[2024-08-22T16:52:34.535+0500] {processor.py:925} INFO - DAG(s) 'example_branch_datetime_operator', 'example_branch_datetime_operator_3', 'example_branch_datetime_operator_2' retrieved from /home/rayyan/redfin_venv/lib/python3.10/site-packages/airflow/example_dags/example_branch_datetime_operator.py
[2024-08-22T16:52:34.558+0500] {logging_mixin.py:190} INFO - [2024-08-22T16:52:34.558+0500] {dag.py:3211} INFO - Sync 3 DAGs
[2024-08-22T16:52:34.581+0500] {logging_mixin.py:190} INFO - [2024-08-22T16:52:34.580+0500] {dag.py:4138} INFO - Setting next_dagrun for example_branch_datetime_operator to 2024-08-21 00:00:00+00:00, run_after=2024-08-22 00:00:00+00:00
[2024-08-22T16:52:34.585+0500] {logging_mixin.py:190} INFO - [2024-08-22T16:52:34.584+0500] {dag.py:4138} INFO - Setting next_dagrun for example_branch_datetime_operator_2 to 2024-08-21 00:00:00+00:00, run_after=2024-08-22 00:00:00+00:00
[2024-08-22T16:52:34.587+0500] {logging_mixin.py:190} INFO - [2024-08-22T16:52:34.587+0500] {dag.py:4138} INFO - Setting next_dagrun for example_branch_datetime_operator_3 to 2024-08-21 00:00:00+00:00, run_after=2024-08-22 00:00:00+00:00
[2024-08-22T16:52:34.606+0500] {processor.py:208} INFO - Processing /home/rayyan/redfin_venv/lib/python3.10/site-packages/airflow/example_dags/example_branch_datetime_operator.py took 0.136 seconds
[2024-08-22T16:53:36.981+0500] {processor.py:186} INFO - Started process (PID=5405) to work on /home/rayyan/redfin_venv/lib/python3.10/site-packages/airflow/example_dags/example_branch_datetime_operator.py
[2024-08-22T16:53:36.993+0500] {processor.py:914} INFO - Processing file /home/rayyan/redfin_venv/lib/python3.10/site-packages/airflow/example_dags/example_branch_datetime_operator.py for tasks to queue
[2024-08-22T16:53:36.996+0500] {logging_mixin.py:190} INFO - [2024-08-22T16:53:36.995+0500] {dagbag.py:587} INFO - Filling up the DagBag from /home/rayyan/redfin_venv/lib/python3.10/site-packages/airflow/example_dags/example_branch_datetime_operator.py
[2024-08-22T16:53:37.009+0500] {processor.py:925} INFO - DAG(s) 'example_branch_datetime_operator_3', 'example_branch_datetime_operator_2', 'example_branch_datetime_operator' retrieved from /home/rayyan/redfin_venv/lib/python3.10/site-packages/airflow/example_dags/example_branch_datetime_operator.py
[2024-08-22T16:53:37.030+0500] {logging_mixin.py:190} INFO - [2024-08-22T16:53:37.030+0500] {dag.py:3211} INFO - Sync 3 DAGs
[2024-08-22T16:53:37.052+0500] {logging_mixin.py:190} INFO - [2024-08-22T16:53:37.051+0500] {dag.py:4138} INFO - Setting next_dagrun for example_branch_datetime_operator to 2024-08-21 00:00:00+00:00, run_after=2024-08-22 00:00:00+00:00
[2024-08-22T16:53:37.057+0500] {logging_mixin.py:190} INFO - [2024-08-22T16:53:37.057+0500] {dag.py:4138} INFO - Setting next_dagrun for example_branch_datetime_operator_2 to 2024-08-21 00:00:00+00:00, run_after=2024-08-22 00:00:00+00:00
[2024-08-22T16:53:37.059+0500] {logging_mixin.py:190} INFO - [2024-08-22T16:53:37.059+0500] {dag.py:4138} INFO - Setting next_dagrun for example_branch_datetime_operator_3 to 2024-08-21 00:00:00+00:00, run_after=2024-08-22 00:00:00+00:00
[2024-08-22T16:53:37.077+0500] {processor.py:208} INFO - Processing /home/rayyan/redfin_venv/lib/python3.10/site-packages/airflow/example_dags/example_branch_datetime_operator.py took 0.104 seconds
[2024-08-22T16:54:38.665+0500] {processor.py:186} INFO - Started process (PID=5704) to work on /home/rayyan/redfin_venv/lib/python3.10/site-packages/airflow/example_dags/example_branch_datetime_operator.py
[2024-08-22T16:54:38.676+0500] {processor.py:914} INFO - Processing file /home/rayyan/redfin_venv/lib/python3.10/site-packages/airflow/example_dags/example_branch_datetime_operator.py for tasks to queue
[2024-08-22T16:54:38.679+0500] {logging_mixin.py:190} INFO - [2024-08-22T16:54:38.678+0500] {dagbag.py:587} INFO - Filling up the DagBag from /home/rayyan/redfin_venv/lib/python3.10/site-packages/airflow/example_dags/example_branch_datetime_operator.py
[2024-08-22T16:54:38.691+0500] {processor.py:925} INFO - DAG(s) 'example_branch_datetime_operator_2', 'example_branch_datetime_operator', 'example_branch_datetime_operator_3' retrieved from /home/rayyan/redfin_venv/lib/python3.10/site-packages/airflow/example_dags/example_branch_datetime_operator.py
[2024-08-22T16:54:38.712+0500] {logging_mixin.py:190} INFO - [2024-08-22T16:54:38.712+0500] {dag.py:3211} INFO - Sync 3 DAGs
[2024-08-22T16:54:38.734+0500] {logging_mixin.py:190} INFO - [2024-08-22T16:54:38.734+0500] {dag.py:4138} INFO - Setting next_dagrun for example_branch_datetime_operator to 2024-08-21 00:00:00+00:00, run_after=2024-08-22 00:00:00+00:00
[2024-08-22T16:54:38.738+0500] {logging_mixin.py:190} INFO - [2024-08-22T16:54:38.738+0500] {dag.py:4138} INFO - Setting next_dagrun for example_branch_datetime_operator_2 to 2024-08-21 00:00:00+00:00, run_after=2024-08-22 00:00:00+00:00
[2024-08-22T16:54:38.740+0500] {logging_mixin.py:190} INFO - [2024-08-22T16:54:38.740+0500] {dag.py:4138} INFO - Setting next_dagrun for example_branch_datetime_operator_3 to 2024-08-21 00:00:00+00:00, run_after=2024-08-22 00:00:00+00:00
[2024-08-22T16:54:38.758+0500] {processor.py:208} INFO - Processing /home/rayyan/redfin_venv/lib/python3.10/site-packages/airflow/example_dags/example_branch_datetime_operator.py took 0.099 seconds
[2024-08-22T16:55:40.262+0500] {processor.py:186} INFO - Started process (PID=6002) to work on /home/rayyan/redfin_venv/lib/python3.10/site-packages/airflow/example_dags/example_branch_datetime_operator.py
[2024-08-22T16:55:40.263+0500] {processor.py:914} INFO - Processing file /home/rayyan/redfin_venv/lib/python3.10/site-packages/airflow/example_dags/example_branch_datetime_operator.py for tasks to queue
[2024-08-22T16:55:40.266+0500] {logging_mixin.py:190} INFO - [2024-08-22T16:55:40.265+0500] {dagbag.py:587} INFO - Filling up the DagBag from /home/rayyan/redfin_venv/lib/python3.10/site-packages/airflow/example_dags/example_branch_datetime_operator.py
[2024-08-22T16:55:40.281+0500] {processor.py:925} INFO - DAG(s) 'example_branch_datetime_operator', 'example_branch_datetime_operator_3', 'example_branch_datetime_operator_2' retrieved from /home/rayyan/redfin_venv/lib/python3.10/site-packages/airflow/example_dags/example_branch_datetime_operator.py
[2024-08-22T16:55:40.305+0500] {logging_mixin.py:190} INFO - [2024-08-22T16:55:40.305+0500] {dag.py:3211} INFO - Sync 3 DAGs
[2024-08-22T16:55:40.329+0500] {logging_mixin.py:190} INFO - [2024-08-22T16:55:40.329+0500] {dag.py:4138} INFO - Setting next_dagrun for example_branch_datetime_operator to 2024-08-21 00:00:00+00:00, run_after=2024-08-22 00:00:00+00:00
[2024-08-22T16:55:40.335+0500] {logging_mixin.py:190} INFO - [2024-08-22T16:55:40.334+0500] {dag.py:4138} INFO - Setting next_dagrun for example_branch_datetime_operator_2 to 2024-08-21 00:00:00+00:00, run_after=2024-08-22 00:00:00+00:00
[2024-08-22T16:55:40.337+0500] {logging_mixin.py:190} INFO - [2024-08-22T16:55:40.337+0500] {dag.py:4138} INFO - Setting next_dagrun for example_branch_datetime_operator_3 to 2024-08-21 00:00:00+00:00, run_after=2024-08-22 00:00:00+00:00
[2024-08-22T16:55:40.362+0500] {processor.py:208} INFO - Processing /home/rayyan/redfin_venv/lib/python3.10/site-packages/airflow/example_dags/example_branch_datetime_operator.py took 0.108 seconds
[2024-08-22T16:56:48.133+0500] {processor.py:186} INFO - Started process (PID=6326) to work on /home/rayyan/redfin_venv/lib/python3.10/site-packages/airflow/example_dags/example_branch_datetime_operator.py
[2024-08-22T16:56:48.145+0500] {processor.py:914} INFO - Processing file /home/rayyan/redfin_venv/lib/python3.10/site-packages/airflow/example_dags/example_branch_datetime_operator.py for tasks to queue
[2024-08-22T16:56:48.148+0500] {logging_mixin.py:190} INFO - [2024-08-22T16:56:48.147+0500] {dagbag.py:587} INFO - Filling up the DagBag from /home/rayyan/redfin_venv/lib/python3.10/site-packages/airflow/example_dags/example_branch_datetime_operator.py
[2024-08-22T16:56:48.165+0500] {processor.py:925} INFO - DAG(s) 'example_branch_datetime_operator_2', 'example_branch_datetime_operator_3', 'example_branch_datetime_operator' retrieved from /home/rayyan/redfin_venv/lib/python3.10/site-packages/airflow/example_dags/example_branch_datetime_operator.py
[2024-08-22T16:56:48.195+0500] {logging_mixin.py:190} INFO - [2024-08-22T16:56:48.195+0500] {dag.py:3211} INFO - Sync 3 DAGs
[2024-08-22T16:56:48.228+0500] {logging_mixin.py:190} INFO - [2024-08-22T16:56:48.227+0500] {dag.py:4138} INFO - Setting next_dagrun for example_branch_datetime_operator to 2024-08-21 00:00:00+00:00, run_after=2024-08-22 00:00:00+00:00
[2024-08-22T16:56:48.233+0500] {logging_mixin.py:190} INFO - [2024-08-22T16:56:48.232+0500] {dag.py:4138} INFO - Setting next_dagrun for example_branch_datetime_operator_2 to 2024-08-21 00:00:00+00:00, run_after=2024-08-22 00:00:00+00:00
[2024-08-22T16:56:48.238+0500] {logging_mixin.py:190} INFO - [2024-08-22T16:56:48.237+0500] {dag.py:4138} INFO - Setting next_dagrun for example_branch_datetime_operator_3 to 2024-08-21 00:00:00+00:00, run_after=2024-08-22 00:00:00+00:00
[2024-08-22T16:56:48.261+0500] {processor.py:208} INFO - Processing /home/rayyan/redfin_venv/lib/python3.10/site-packages/airflow/example_dags/example_branch_datetime_operator.py took 0.138 seconds
[2024-08-22T16:57:50.940+0500] {processor.py:186} INFO - Started process (PID=6630) to work on /home/rayyan/redfin_venv/lib/python3.10/site-packages/airflow/example_dags/example_branch_datetime_operator.py
[2024-08-22T16:57:50.952+0500] {processor.py:914} INFO - Processing file /home/rayyan/redfin_venv/lib/python3.10/site-packages/airflow/example_dags/example_branch_datetime_operator.py for tasks to queue
[2024-08-22T16:57:50.955+0500] {logging_mixin.py:190} INFO - [2024-08-22T16:57:50.954+0500] {dagbag.py:587} INFO - Filling up the DagBag from /home/rayyan/redfin_venv/lib/python3.10/site-packages/airflow/example_dags/example_branch_datetime_operator.py
[2024-08-22T16:57:50.970+0500] {processor.py:925} INFO - DAG(s) 'example_branch_datetime_operator_3', 'example_branch_datetime_operator_2', 'example_branch_datetime_operator' retrieved from /home/rayyan/redfin_venv/lib/python3.10/site-packages/airflow/example_dags/example_branch_datetime_operator.py
[2024-08-22T16:57:50.993+0500] {logging_mixin.py:190} INFO - [2024-08-22T16:57:50.993+0500] {dag.py:3211} INFO - Sync 3 DAGs
[2024-08-22T16:57:51.018+0500] {logging_mixin.py:190} INFO - [2024-08-22T16:57:51.017+0500] {dag.py:4138} INFO - Setting next_dagrun for example_branch_datetime_operator to 2024-08-21 00:00:00+00:00, run_after=2024-08-22 00:00:00+00:00
[2024-08-22T16:57:51.022+0500] {logging_mixin.py:190} INFO - [2024-08-22T16:57:51.022+0500] {dag.py:4138} INFO - Setting next_dagrun for example_branch_datetime_operator_2 to 2024-08-21 00:00:00+00:00, run_after=2024-08-22 00:00:00+00:00
[2024-08-22T16:57:51.024+0500] {logging_mixin.py:190} INFO - [2024-08-22T16:57:51.024+0500] {dag.py:4138} INFO - Setting next_dagrun for example_branch_datetime_operator_3 to 2024-08-21 00:00:00+00:00, run_after=2024-08-22 00:00:00+00:00
[2024-08-22T16:57:51.045+0500] {processor.py:208} INFO - Processing /home/rayyan/redfin_venv/lib/python3.10/site-packages/airflow/example_dags/example_branch_datetime_operator.py took 0.113 seconds
[2024-08-22T16:59:00.300+0500] {processor.py:186} INFO - Started process (PID=6970) to work on /home/rayyan/redfin_venv/lib/python3.10/site-packages/airflow/example_dags/example_branch_datetime_operator.py
[2024-08-22T16:59:00.312+0500] {processor.py:914} INFO - Processing file /home/rayyan/redfin_venv/lib/python3.10/site-packages/airflow/example_dags/example_branch_datetime_operator.py for tasks to queue
[2024-08-22T16:59:00.315+0500] {logging_mixin.py:190} INFO - [2024-08-22T16:59:00.315+0500] {dagbag.py:587} INFO - Filling up the DagBag from /home/rayyan/redfin_venv/lib/python3.10/site-packages/airflow/example_dags/example_branch_datetime_operator.py
[2024-08-22T16:59:00.336+0500] {processor.py:925} INFO - DAG(s) 'example_branch_datetime_operator_3', 'example_branch_datetime_operator', 'example_branch_datetime_operator_2' retrieved from /home/rayyan/redfin_venv/lib/python3.10/site-packages/airflow/example_dags/example_branch_datetime_operator.py
[2024-08-22T16:59:00.365+0500] {logging_mixin.py:190} INFO - [2024-08-22T16:59:00.364+0500] {dag.py:3211} INFO - Sync 3 DAGs
[2024-08-22T16:59:00.550+0500] {logging_mixin.py:190} INFO - [2024-08-22T16:59:00.550+0500] {dag.py:4138} INFO - Setting next_dagrun for example_branch_datetime_operator to 2024-08-21 00:00:00+00:00, run_after=2024-08-22 00:00:00+00:00
[2024-08-22T16:59:00.555+0500] {logging_mixin.py:190} INFO - [2024-08-22T16:59:00.555+0500] {dag.py:4138} INFO - Setting next_dagrun for example_branch_datetime_operator_2 to 2024-08-21 00:00:00+00:00, run_after=2024-08-22 00:00:00+00:00
[2024-08-22T16:59:00.560+0500] {logging_mixin.py:190} INFO - [2024-08-22T16:59:00.559+0500] {dag.py:4138} INFO - Setting next_dagrun for example_branch_datetime_operator_3 to 2024-08-21 00:00:00+00:00, run_after=2024-08-22 00:00:00+00:00
[2024-08-22T16:59:00.603+0500] {processor.py:208} INFO - Processing /home/rayyan/redfin_venv/lib/python3.10/site-packages/airflow/example_dags/example_branch_datetime_operator.py took 0.314 seconds
[2024-08-22T17:00:00.439+0500] {processor.py:186} INFO - Started process (PID=7832) to work on /home/rayyan/redfin_venv/lib/python3.10/site-packages/airflow/example_dags/example_branch_datetime_operator.py
[2024-08-22T17:00:00.451+0500] {processor.py:914} INFO - Processing file /home/rayyan/redfin_venv/lib/python3.10/site-packages/airflow/example_dags/example_branch_datetime_operator.py for tasks to queue
[2024-08-22T17:00:00.456+0500] {logging_mixin.py:190} INFO - [2024-08-22T17:00:00.455+0500] {dagbag.py:587} INFO - Filling up the DagBag from /home/rayyan/redfin_venv/lib/python3.10/site-packages/airflow/example_dags/example_branch_datetime_operator.py
[2024-08-22T17:00:00.473+0500] {processor.py:925} INFO - DAG(s) 'example_branch_datetime_operator_2', 'example_branch_datetime_operator', 'example_branch_datetime_operator_3' retrieved from /home/rayyan/redfin_venv/lib/python3.10/site-packages/airflow/example_dags/example_branch_datetime_operator.py
[2024-08-22T17:00:00.516+0500] {logging_mixin.py:190} INFO - [2024-08-22T17:00:00.516+0500] {dag.py:3211} INFO - Sync 3 DAGs
[2024-08-22T17:00:00.555+0500] {logging_mixin.py:190} INFO - [2024-08-22T17:00:00.554+0500] {dag.py:4138} INFO - Setting next_dagrun for example_branch_datetime_operator to 2024-08-21 00:00:00+00:00, run_after=2024-08-22 00:00:00+00:00
[2024-08-22T17:00:00.561+0500] {logging_mixin.py:190} INFO - [2024-08-22T17:00:00.561+0500] {dag.py:4138} INFO - Setting next_dagrun for example_branch_datetime_operator_2 to 2024-08-21 00:00:00+00:00, run_after=2024-08-22 00:00:00+00:00
[2024-08-22T17:00:00.565+0500] {logging_mixin.py:190} INFO - [2024-08-22T17:00:00.565+0500] {dag.py:4138} INFO - Setting next_dagrun for example_branch_datetime_operator_3 to 2024-08-21 00:00:00+00:00, run_after=2024-08-22 00:00:00+00:00
[2024-08-22T17:00:00.595+0500] {processor.py:208} INFO - Processing /home/rayyan/redfin_venv/lib/python3.10/site-packages/airflow/example_dags/example_branch_datetime_operator.py took 0.167 seconds
[2024-08-22T17:01:06.046+0500] {processor.py:186} INFO - Started process (PID=10185) to work on /home/rayyan/redfin_venv/lib/python3.10/site-packages/airflow/example_dags/example_branch_datetime_operator.py
[2024-08-22T17:01:06.050+0500] {processor.py:914} INFO - Processing file /home/rayyan/redfin_venv/lib/python3.10/site-packages/airflow/example_dags/example_branch_datetime_operator.py for tasks to queue
[2024-08-22T17:01:06.058+0500] {logging_mixin.py:190} INFO - [2024-08-22T17:01:06.057+0500] {dagbag.py:587} INFO - Filling up the DagBag from /home/rayyan/redfin_venv/lib/python3.10/site-packages/airflow/example_dags/example_branch_datetime_operator.py
[2024-08-22T17:01:06.094+0500] {processor.py:925} INFO - DAG(s) 'example_branch_datetime_operator_3', 'example_branch_datetime_operator', 'example_branch_datetime_operator_2' retrieved from /home/rayyan/redfin_venv/lib/python3.10/site-packages/airflow/example_dags/example_branch_datetime_operator.py
[2024-08-22T17:01:06.158+0500] {logging_mixin.py:190} INFO - [2024-08-22T17:01:06.157+0500] {dag.py:3211} INFO - Sync 3 DAGs
[2024-08-22T17:01:06.225+0500] {logging_mixin.py:190} INFO - [2024-08-22T17:01:06.224+0500] {dag.py:4138} INFO - Setting next_dagrun for example_branch_datetime_operator to 2024-08-21 00:00:00+00:00, run_after=2024-08-22 00:00:00+00:00
[2024-08-22T17:01:06.247+0500] {logging_mixin.py:190} INFO - [2024-08-22T17:01:06.246+0500] {dag.py:4138} INFO - Setting next_dagrun for example_branch_datetime_operator_2 to 2024-08-21 00:00:00+00:00, run_after=2024-08-22 00:00:00+00:00
[2024-08-22T17:01:06.262+0500] {logging_mixin.py:190} INFO - [2024-08-22T17:01:06.261+0500] {dag.py:4138} INFO - Setting next_dagrun for example_branch_datetime_operator_3 to 2024-08-21 00:00:00+00:00, run_after=2024-08-22 00:00:00+00:00
[2024-08-22T17:01:06.325+0500] {processor.py:208} INFO - Processing /home/rayyan/redfin_venv/lib/python3.10/site-packages/airflow/example_dags/example_branch_datetime_operator.py took 0.305 seconds
[2024-08-22T17:02:17.465+0500] {processor.py:186} INFO - Started process (PID=12745) to work on /home/rayyan/redfin_venv/lib/python3.10/site-packages/airflow/example_dags/example_branch_datetime_operator.py
[2024-08-22T17:02:17.476+0500] {processor.py:914} INFO - Processing file /home/rayyan/redfin_venv/lib/python3.10/site-packages/airflow/example_dags/example_branch_datetime_operator.py for tasks to queue
[2024-08-22T17:02:17.480+0500] {logging_mixin.py:190} INFO - [2024-08-22T17:02:17.479+0500] {dagbag.py:587} INFO - Filling up the DagBag from /home/rayyan/redfin_venv/lib/python3.10/site-packages/airflow/example_dags/example_branch_datetime_operator.py
[2024-08-22T17:02:17.510+0500] {processor.py:925} INFO - DAG(s) 'example_branch_datetime_operator_3', 'example_branch_datetime_operator_2', 'example_branch_datetime_operator' retrieved from /home/rayyan/redfin_venv/lib/python3.10/site-packages/airflow/example_dags/example_branch_datetime_operator.py
[2024-08-22T17:02:17.548+0500] {logging_mixin.py:190} INFO - [2024-08-22T17:02:17.547+0500] {dag.py:3211} INFO - Sync 3 DAGs
[2024-08-22T17:02:17.582+0500] {logging_mixin.py:190} INFO - [2024-08-22T17:02:17.582+0500] {dag.py:4138} INFO - Setting next_dagrun for example_branch_datetime_operator to 2024-08-21 00:00:00+00:00, run_after=2024-08-22 00:00:00+00:00
[2024-08-22T17:02:17.588+0500] {logging_mixin.py:190} INFO - [2024-08-22T17:02:17.588+0500] {dag.py:4138} INFO - Setting next_dagrun for example_branch_datetime_operator_2 to 2024-08-21 00:00:00+00:00, run_after=2024-08-22 00:00:00+00:00
[2024-08-22T17:02:17.591+0500] {logging_mixin.py:190} INFO - [2024-08-22T17:02:17.591+0500] {dag.py:4138} INFO - Setting next_dagrun for example_branch_datetime_operator_3 to 2024-08-21 00:00:00+00:00, run_after=2024-08-22 00:00:00+00:00
[2024-08-22T17:02:17.620+0500] {processor.py:208} INFO - Processing /home/rayyan/redfin_venv/lib/python3.10/site-packages/airflow/example_dags/example_branch_datetime_operator.py took 0.168 seconds
[2024-08-22T17:03:18.086+0500] {processor.py:186} INFO - Started process (PID=13039) to work on /home/rayyan/redfin_venv/lib/python3.10/site-packages/airflow/example_dags/example_branch_datetime_operator.py
[2024-08-22T17:03:18.098+0500] {processor.py:914} INFO - Processing file /home/rayyan/redfin_venv/lib/python3.10/site-packages/airflow/example_dags/example_branch_datetime_operator.py for tasks to queue
[2024-08-22T17:03:18.102+0500] {logging_mixin.py:190} INFO - [2024-08-22T17:03:18.101+0500] {dagbag.py:587} INFO - Filling up the DagBag from /home/rayyan/redfin_venv/lib/python3.10/site-packages/airflow/example_dags/example_branch_datetime_operator.py
[2024-08-22T17:03:18.115+0500] {processor.py:925} INFO - DAG(s) 'example_branch_datetime_operator_3', 'example_branch_datetime_operator_2', 'example_branch_datetime_operator' retrieved from /home/rayyan/redfin_venv/lib/python3.10/site-packages/airflow/example_dags/example_branch_datetime_operator.py
[2024-08-22T17:03:18.137+0500] {logging_mixin.py:190} INFO - [2024-08-22T17:03:18.136+0500] {dag.py:3211} INFO - Sync 3 DAGs
[2024-08-22T17:03:18.163+0500] {logging_mixin.py:190} INFO - [2024-08-22T17:03:18.163+0500] {dag.py:4138} INFO - Setting next_dagrun for example_branch_datetime_operator to 2024-08-21 00:00:00+00:00, run_after=2024-08-22 00:00:00+00:00
[2024-08-22T17:03:18.168+0500] {logging_mixin.py:190} INFO - [2024-08-22T17:03:18.167+0500] {dag.py:4138} INFO - Setting next_dagrun for example_branch_datetime_operator_2 to 2024-08-21 00:00:00+00:00, run_after=2024-08-22 00:00:00+00:00
[2024-08-22T17:03:18.170+0500] {logging_mixin.py:190} INFO - [2024-08-22T17:03:18.170+0500] {dag.py:4138} INFO - Setting next_dagrun for example_branch_datetime_operator_3 to 2024-08-21 00:00:00+00:00, run_after=2024-08-22 00:00:00+00:00
[2024-08-22T17:03:18.191+0500] {processor.py:208} INFO - Processing /home/rayyan/redfin_venv/lib/python3.10/site-packages/airflow/example_dags/example_branch_datetime_operator.py took 0.114 seconds
[2024-08-22T17:04:17.658+0500] {processor.py:186} INFO - Started process (PID=13326) to work on /home/rayyan/redfin_venv/lib/python3.10/site-packages/airflow/example_dags/example_branch_datetime_operator.py
[2024-08-22T17:04:17.660+0500] {processor.py:914} INFO - Processing file /home/rayyan/redfin_venv/lib/python3.10/site-packages/airflow/example_dags/example_branch_datetime_operator.py for tasks to queue
[2024-08-22T17:04:17.663+0500] {logging_mixin.py:190} INFO - [2024-08-22T17:04:17.663+0500] {dagbag.py:587} INFO - Filling up the DagBag from /home/rayyan/redfin_venv/lib/python3.10/site-packages/airflow/example_dags/example_branch_datetime_operator.py
[2024-08-22T17:04:17.676+0500] {processor.py:925} INFO - DAG(s) 'example_branch_datetime_operator_2', 'example_branch_datetime_operator', 'example_branch_datetime_operator_3' retrieved from /home/rayyan/redfin_venv/lib/python3.10/site-packages/airflow/example_dags/example_branch_datetime_operator.py
[2024-08-22T17:04:17.700+0500] {logging_mixin.py:190} INFO - [2024-08-22T17:04:17.699+0500] {dag.py:3211} INFO - Sync 3 DAGs
[2024-08-22T17:04:17.722+0500] {logging_mixin.py:190} INFO - [2024-08-22T17:04:17.722+0500] {dag.py:4138} INFO - Setting next_dagrun for example_branch_datetime_operator to 2024-08-21 00:00:00+00:00, run_after=2024-08-22 00:00:00+00:00
[2024-08-22T17:04:17.727+0500] {logging_mixin.py:190} INFO - [2024-08-22T17:04:17.726+0500] {dag.py:4138} INFO - Setting next_dagrun for example_branch_datetime_operator_2 to 2024-08-21 00:00:00+00:00, run_after=2024-08-22 00:00:00+00:00
[2024-08-22T17:04:17.729+0500] {logging_mixin.py:190} INFO - [2024-08-22T17:04:17.729+0500] {dag.py:4138} INFO - Setting next_dagrun for example_branch_datetime_operator_3 to 2024-08-21 00:00:00+00:00, run_after=2024-08-22 00:00:00+00:00
[2024-08-22T17:04:17.750+0500] {processor.py:208} INFO - Processing /home/rayyan/redfin_venv/lib/python3.10/site-packages/airflow/example_dags/example_branch_datetime_operator.py took 0.099 seconds
[2024-08-22T17:05:12.412+0500] {processor.py:186} INFO - Started process (PID=13593) to work on /home/rayyan/redfin_venv/lib/python3.10/site-packages/airflow/example_dags/example_branch_datetime_operator.py
[2024-08-22T17:05:12.425+0500] {processor.py:914} INFO - Processing file /home/rayyan/redfin_venv/lib/python3.10/site-packages/airflow/example_dags/example_branch_datetime_operator.py for tasks to queue
[2024-08-22T17:05:12.428+0500] {logging_mixin.py:190} INFO - [2024-08-22T17:05:12.428+0500] {dagbag.py:587} INFO - Filling up the DagBag from /home/rayyan/redfin_venv/lib/python3.10/site-packages/airflow/example_dags/example_branch_datetime_operator.py
[2024-08-22T17:05:12.444+0500] {processor.py:925} INFO - DAG(s) 'example_branch_datetime_operator_2', 'example_branch_datetime_operator', 'example_branch_datetime_operator_3' retrieved from /home/rayyan/redfin_venv/lib/python3.10/site-packages/airflow/example_dags/example_branch_datetime_operator.py
[2024-08-22T17:05:12.466+0500] {logging_mixin.py:190} INFO - [2024-08-22T17:05:12.465+0500] {dag.py:3211} INFO - Sync 3 DAGs
[2024-08-22T17:05:12.486+0500] {logging_mixin.py:190} INFO - [2024-08-22T17:05:12.485+0500] {dag.py:4138} INFO - Setting next_dagrun for example_branch_datetime_operator to 2024-08-21 00:00:00+00:00, run_after=2024-08-22 00:00:00+00:00
[2024-08-22T17:05:12.490+0500] {logging_mixin.py:190} INFO - [2024-08-22T17:05:12.490+0500] {dag.py:4138} INFO - Setting next_dagrun for example_branch_datetime_operator_2 to 2024-08-21 00:00:00+00:00, run_after=2024-08-22 00:00:00+00:00
[2024-08-22T17:05:12.492+0500] {logging_mixin.py:190} INFO - [2024-08-22T17:05:12.491+0500] {dag.py:4138} INFO - Setting next_dagrun for example_branch_datetime_operator_3 to 2024-08-21 00:00:00+00:00, run_after=2024-08-22 00:00:00+00:00
[2024-08-22T17:05:12.511+0500] {processor.py:208} INFO - Processing /home/rayyan/redfin_venv/lib/python3.10/site-packages/airflow/example_dags/example_branch_datetime_operator.py took 0.107 seconds
[2024-08-22T17:06:08.162+0500] {processor.py:186} INFO - Started process (PID=13864) to work on /home/rayyan/redfin_venv/lib/python3.10/site-packages/airflow/example_dags/example_branch_datetime_operator.py
[2024-08-22T17:06:08.174+0500] {processor.py:914} INFO - Processing file /home/rayyan/redfin_venv/lib/python3.10/site-packages/airflow/example_dags/example_branch_datetime_operator.py for tasks to queue
[2024-08-22T17:06:08.178+0500] {logging_mixin.py:190} INFO - [2024-08-22T17:06:08.178+0500] {dagbag.py:587} INFO - Filling up the DagBag from /home/rayyan/redfin_venv/lib/python3.10/site-packages/airflow/example_dags/example_branch_datetime_operator.py
[2024-08-22T17:06:08.193+0500] {processor.py:925} INFO - DAG(s) 'example_branch_datetime_operator_2', 'example_branch_datetime_operator', 'example_branch_datetime_operator_3' retrieved from /home/rayyan/redfin_venv/lib/python3.10/site-packages/airflow/example_dags/example_branch_datetime_operator.py
[2024-08-22T17:06:08.216+0500] {logging_mixin.py:190} INFO - [2024-08-22T17:06:08.216+0500] {dag.py:3211} INFO - Sync 3 DAGs
[2024-08-22T17:06:08.238+0500] {logging_mixin.py:190} INFO - [2024-08-22T17:06:08.237+0500] {dag.py:4138} INFO - Setting next_dagrun for example_branch_datetime_operator to 2024-08-21 00:00:00+00:00, run_after=2024-08-22 00:00:00+00:00
[2024-08-22T17:06:08.242+0500] {logging_mixin.py:190} INFO - [2024-08-22T17:06:08.242+0500] {dag.py:4138} INFO - Setting next_dagrun for example_branch_datetime_operator_2 to 2024-08-21 00:00:00+00:00, run_after=2024-08-22 00:00:00+00:00
[2024-08-22T17:06:08.244+0500] {logging_mixin.py:190} INFO - [2024-08-22T17:06:08.244+0500] {dag.py:4138} INFO - Setting next_dagrun for example_branch_datetime_operator_3 to 2024-08-21 00:00:00+00:00, run_after=2024-08-22 00:00:00+00:00
[2024-08-22T17:06:08.263+0500] {processor.py:208} INFO - Processing /home/rayyan/redfin_venv/lib/python3.10/site-packages/airflow/example_dags/example_branch_datetime_operator.py took 0.112 seconds
[2024-08-22T17:07:08.659+0500] {processor.py:186} INFO - Started process (PID=14162) to work on /home/rayyan/redfin_venv/lib/python3.10/site-packages/airflow/example_dags/example_branch_datetime_operator.py
[2024-08-22T17:07:08.671+0500] {processor.py:914} INFO - Processing file /home/rayyan/redfin_venv/lib/python3.10/site-packages/airflow/example_dags/example_branch_datetime_operator.py for tasks to queue
[2024-08-22T17:07:08.674+0500] {logging_mixin.py:190} INFO - [2024-08-22T17:07:08.673+0500] {dagbag.py:587} INFO - Filling up the DagBag from /home/rayyan/redfin_venv/lib/python3.10/site-packages/airflow/example_dags/example_branch_datetime_operator.py
[2024-08-22T17:07:08.689+0500] {processor.py:925} INFO - DAG(s) 'example_branch_datetime_operator_3', 'example_branch_datetime_operator_2', 'example_branch_datetime_operator' retrieved from /home/rayyan/redfin_venv/lib/python3.10/site-packages/airflow/example_dags/example_branch_datetime_operator.py
[2024-08-22T17:07:08.713+0500] {logging_mixin.py:190} INFO - [2024-08-22T17:07:08.713+0500] {dag.py:3211} INFO - Sync 3 DAGs
[2024-08-22T17:07:08.736+0500] {logging_mixin.py:190} INFO - [2024-08-22T17:07:08.736+0500] {dag.py:4138} INFO - Setting next_dagrun for example_branch_datetime_operator to 2024-08-21 00:00:00+00:00, run_after=2024-08-22 00:00:00+00:00
[2024-08-22T17:07:08.741+0500] {logging_mixin.py:190} INFO - [2024-08-22T17:07:08.740+0500] {dag.py:4138} INFO - Setting next_dagrun for example_branch_datetime_operator_2 to 2024-08-21 00:00:00+00:00, run_after=2024-08-22 00:00:00+00:00
[2024-08-22T17:07:08.742+0500] {logging_mixin.py:190} INFO - [2024-08-22T17:07:08.742+0500] {dag.py:4138} INFO - Setting next_dagrun for example_branch_datetime_operator_3 to 2024-08-21 00:00:00+00:00, run_after=2024-08-22 00:00:00+00:00
[2024-08-22T17:07:08.762+0500] {processor.py:208} INFO - Processing /home/rayyan/redfin_venv/lib/python3.10/site-packages/airflow/example_dags/example_branch_datetime_operator.py took 0.111 seconds
