[2024-08-22T16:48:09.712+0500] {processor.py:186} INFO - Started process (PID=3796) to work on /home/rayyan/redfin_venv/lib/python3.10/site-packages/airflow/example_dags/example_sensor_decorator.py
[2024-08-22T16:48:09.714+0500] {processor.py:914} INFO - Processing file /home/rayyan/redfin_venv/lib/python3.10/site-packages/airflow/example_dags/example_sensor_decorator.py for tasks to queue
[2024-08-22T16:48:09.717+0500] {logging_mixin.py:190} INFO - [2024-08-22T16:48:09.717+0500] {dagbag.py:587} INFO - Filling up the DagBag from /home/rayyan/redfin_venv/lib/python3.10/site-packages/airflow/example_dags/example_sensor_decorator.py
[2024-08-22T16:48:09.727+0500] {processor.py:925} INFO - DAG(s) 'example_sensor_decorator' retrieved from /home/rayyan/redfin_venv/lib/python3.10/site-packages/airflow/example_dags/example_sensor_decorator.py
[2024-08-22T16:48:09.744+0500] {logging_mixin.py:190} INFO - [2024-08-22T16:48:09.744+0500] {dag.py:3211} INFO - Sync 1 DAGs
[2024-08-22T16:48:09.756+0500] {logging_mixin.py:190} INFO - [2024-08-22T16:48:09.756+0500] {dag.py:4138} INFO - Setting next_dagrun for example_sensor_decorator to None, run_after=None
[2024-08-22T16:48:09.787+0500] {processor.py:208} INFO - Processing /home/rayyan/redfin_venv/lib/python3.10/site-packages/airflow/example_dags/example_sensor_decorator.py took 0.086 seconds
[2024-08-22T16:49:08.116+0500] {processor.py:186} INFO - Started process (PID=4105) to work on /home/rayyan/redfin_venv/lib/python3.10/site-packages/airflow/example_dags/example_sensor_decorator.py
[2024-08-22T16:49:08.128+0500] {processor.py:914} INFO - Processing file /home/rayyan/redfin_venv/lib/python3.10/site-packages/airflow/example_dags/example_sensor_decorator.py for tasks to queue
[2024-08-22T16:49:08.131+0500] {logging_mixin.py:190} INFO - [2024-08-22T16:49:08.130+0500] {dagbag.py:587} INFO - Filling up the DagBag from /home/rayyan/redfin_venv/lib/python3.10/site-packages/airflow/example_dags/example_sensor_decorator.py
[2024-08-22T16:49:08.139+0500] {processor.py:925} INFO - DAG(s) 'example_sensor_decorator' retrieved from /home/rayyan/redfin_venv/lib/python3.10/site-packages/airflow/example_dags/example_sensor_decorator.py
[2024-08-22T16:49:08.154+0500] {logging_mixin.py:190} INFO - [2024-08-22T16:49:08.154+0500] {dag.py:3211} INFO - Sync 1 DAGs
[2024-08-22T16:49:08.168+0500] {logging_mixin.py:190} INFO - [2024-08-22T16:49:08.167+0500] {dag.py:4138} INFO - Setting next_dagrun for example_sensor_decorator to None, run_after=None
[2024-08-22T16:49:08.195+0500] {processor.py:208} INFO - Processing /home/rayyan/redfin_venv/lib/python3.10/site-packages/airflow/example_dags/example_sensor_decorator.py took 0.085 seconds
[2024-08-22T16:50:06.410+0500] {processor.py:186} INFO - Started process (PID=4390) to work on /home/rayyan/redfin_venv/lib/python3.10/site-packages/airflow/example_dags/example_sensor_decorator.py
[2024-08-22T16:50:06.412+0500] {processor.py:914} INFO - Processing file /home/rayyan/redfin_venv/lib/python3.10/site-packages/airflow/example_dags/example_sensor_decorator.py for tasks to queue
[2024-08-22T16:50:06.414+0500] {logging_mixin.py:190} INFO - [2024-08-22T16:50:06.413+0500] {dagbag.py:587} INFO - Filling up the DagBag from /home/rayyan/redfin_venv/lib/python3.10/site-packages/airflow/example_dags/example_sensor_decorator.py
[2024-08-22T16:50:06.421+0500] {processor.py:925} INFO - DAG(s) 'example_sensor_decorator' retrieved from /home/rayyan/redfin_venv/lib/python3.10/site-packages/airflow/example_dags/example_sensor_decorator.py
[2024-08-22T16:50:06.436+0500] {logging_mixin.py:190} INFO - [2024-08-22T16:50:06.436+0500] {dag.py:3211} INFO - Sync 1 DAGs
[2024-08-22T16:50:06.450+0500] {logging_mixin.py:190} INFO - [2024-08-22T16:50:06.450+0500] {dag.py:4138} INFO - Setting next_dagrun for example_sensor_decorator to None, run_after=None
[2024-08-22T16:50:06.475+0500] {processor.py:208} INFO - Processing /home/rayyan/redfin_venv/lib/python3.10/site-packages/airflow/example_dags/example_sensor_decorator.py took 0.072 seconds
[2024-08-22T16:51:03.232+0500] {processor.py:186} INFO - Started process (PID=4666) to work on /home/rayyan/redfin_venv/lib/python3.10/site-packages/airflow/example_dags/example_sensor_decorator.py
[2024-08-22T16:51:03.245+0500] {processor.py:914} INFO - Processing file /home/rayyan/redfin_venv/lib/python3.10/site-packages/airflow/example_dags/example_sensor_decorator.py for tasks to queue
[2024-08-22T16:51:03.248+0500] {logging_mixin.py:190} INFO - [2024-08-22T16:51:03.247+0500] {dagbag.py:587} INFO - Filling up the DagBag from /home/rayyan/redfin_venv/lib/python3.10/site-packages/airflow/example_dags/example_sensor_decorator.py
[2024-08-22T16:51:03.259+0500] {processor.py:925} INFO - DAG(s) 'example_sensor_decorator' retrieved from /home/rayyan/redfin_venv/lib/python3.10/site-packages/airflow/example_dags/example_sensor_decorator.py
[2024-08-22T16:51:03.278+0500] {logging_mixin.py:190} INFO - [2024-08-22T16:51:03.278+0500] {dag.py:3211} INFO - Sync 1 DAGs
[2024-08-22T16:51:03.292+0500] {logging_mixin.py:190} INFO - [2024-08-22T16:51:03.291+0500] {dag.py:4138} INFO - Setting next_dagrun for example_sensor_decorator to None, run_after=None
[2024-08-22T16:51:03.314+0500] {processor.py:208} INFO - Processing /home/rayyan/redfin_venv/lib/python3.10/site-packages/airflow/example_dags/example_sensor_decorator.py took 0.093 seconds
[2024-08-22T16:52:03.995+0500] {processor.py:186} INFO - Started process (PID=4956) to work on /home/rayyan/redfin_venv/lib/python3.10/site-packages/airflow/example_dags/example_sensor_decorator.py
[2024-08-22T16:52:03.997+0500] {processor.py:914} INFO - Processing file /home/rayyan/redfin_venv/lib/python3.10/site-packages/airflow/example_dags/example_sensor_decorator.py for tasks to queue
[2024-08-22T16:52:04.000+0500] {logging_mixin.py:190} INFO - [2024-08-22T16:52:03.999+0500] {dagbag.py:587} INFO - Filling up the DagBag from /home/rayyan/redfin_venv/lib/python3.10/site-packages/airflow/example_dags/example_sensor_decorator.py
[2024-08-22T16:52:04.010+0500] {processor.py:925} INFO - DAG(s) 'example_sensor_decorator' retrieved from /home/rayyan/redfin_venv/lib/python3.10/site-packages/airflow/example_dags/example_sensor_decorator.py
[2024-08-22T16:52:04.025+0500] {logging_mixin.py:190} INFO - [2024-08-22T16:52:04.025+0500] {dag.py:3211} INFO - Sync 1 DAGs
[2024-08-22T16:52:04.038+0500] {logging_mixin.py:190} INFO - [2024-08-22T16:52:04.037+0500] {dag.py:4138} INFO - Setting next_dagrun for example_sensor_decorator to None, run_after=None
[2024-08-22T16:52:04.060+0500] {processor.py:208} INFO - Processing /home/rayyan/redfin_venv/lib/python3.10/site-packages/airflow/example_dags/example_sensor_decorator.py took 0.075 seconds
[2024-08-22T16:53:06.118+0500] {processor.py:186} INFO - Started process (PID=5255) to work on /home/rayyan/redfin_venv/lib/python3.10/site-packages/airflow/example_dags/example_sensor_decorator.py
[2024-08-22T16:53:06.131+0500] {processor.py:914} INFO - Processing file /home/rayyan/redfin_venv/lib/python3.10/site-packages/airflow/example_dags/example_sensor_decorator.py for tasks to queue
[2024-08-22T16:53:06.134+0500] {logging_mixin.py:190} INFO - [2024-08-22T16:53:06.133+0500] {dagbag.py:587} INFO - Filling up the DagBag from /home/rayyan/redfin_venv/lib/python3.10/site-packages/airflow/example_dags/example_sensor_decorator.py
[2024-08-22T16:53:06.143+0500] {processor.py:925} INFO - DAG(s) 'example_sensor_decorator' retrieved from /home/rayyan/redfin_venv/lib/python3.10/site-packages/airflow/example_dags/example_sensor_decorator.py
[2024-08-22T16:53:06.158+0500] {logging_mixin.py:190} INFO - [2024-08-22T16:53:06.158+0500] {dag.py:3211} INFO - Sync 1 DAGs
[2024-08-22T16:53:06.171+0500] {logging_mixin.py:190} INFO - [2024-08-22T16:53:06.170+0500] {dag.py:4138} INFO - Setting next_dagrun for example_sensor_decorator to None, run_after=None
[2024-08-22T16:53:06.306+0500] {processor.py:208} INFO - Processing /home/rayyan/redfin_venv/lib/python3.10/site-packages/airflow/example_dags/example_sensor_decorator.py took 0.199 seconds
[2024-08-22T16:54:06.465+0500] {processor.py:186} INFO - Started process (PID=5547) to work on /home/rayyan/redfin_venv/lib/python3.10/site-packages/airflow/example_dags/example_sensor_decorator.py
[2024-08-22T16:54:06.466+0500] {processor.py:914} INFO - Processing file /home/rayyan/redfin_venv/lib/python3.10/site-packages/airflow/example_dags/example_sensor_decorator.py for tasks to queue
[2024-08-22T16:54:06.469+0500] {logging_mixin.py:190} INFO - [2024-08-22T16:54:06.468+0500] {dagbag.py:587} INFO - Filling up the DagBag from /home/rayyan/redfin_venv/lib/python3.10/site-packages/airflow/example_dags/example_sensor_decorator.py
[2024-08-22T16:54:06.479+0500] {processor.py:925} INFO - DAG(s) 'example_sensor_decorator' retrieved from /home/rayyan/redfin_venv/lib/python3.10/site-packages/airflow/example_dags/example_sensor_decorator.py
[2024-08-22T16:54:06.498+0500] {logging_mixin.py:190} INFO - [2024-08-22T16:54:06.498+0500] {dag.py:3211} INFO - Sync 1 DAGs
[2024-08-22T16:54:06.515+0500] {logging_mixin.py:190} INFO - [2024-08-22T16:54:06.514+0500] {dag.py:4138} INFO - Setting next_dagrun for example_sensor_decorator to None, run_after=None
[2024-08-22T16:54:06.668+0500] {processor.py:208} INFO - Processing /home/rayyan/redfin_venv/lib/python3.10/site-packages/airflow/example_dags/example_sensor_decorator.py took 0.212 seconds
[2024-08-22T16:55:05.487+0500] {processor.py:186} INFO - Started process (PID=5833) to work on /home/rayyan/redfin_venv/lib/python3.10/site-packages/airflow/example_dags/example_sensor_decorator.py
[2024-08-22T16:55:05.499+0500] {processor.py:914} INFO - Processing file /home/rayyan/redfin_venv/lib/python3.10/site-packages/airflow/example_dags/example_sensor_decorator.py for tasks to queue
[2024-08-22T16:55:05.503+0500] {logging_mixin.py:190} INFO - [2024-08-22T16:55:05.502+0500] {dagbag.py:587} INFO - Filling up the DagBag from /home/rayyan/redfin_venv/lib/python3.10/site-packages/airflow/example_dags/example_sensor_decorator.py
[2024-08-22T16:55:05.512+0500] {processor.py:925} INFO - DAG(s) 'example_sensor_decorator' retrieved from /home/rayyan/redfin_venv/lib/python3.10/site-packages/airflow/example_dags/example_sensor_decorator.py
[2024-08-22T16:55:05.536+0500] {logging_mixin.py:190} INFO - [2024-08-22T16:55:05.536+0500] {dag.py:3211} INFO - Sync 1 DAGs
[2024-08-22T16:55:05.553+0500] {logging_mixin.py:190} INFO - [2024-08-22T16:55:05.553+0500] {dag.py:4138} INFO - Setting next_dagrun for example_sensor_decorator to None, run_after=None
[2024-08-22T16:55:05.700+0500] {processor.py:208} INFO - Processing /home/rayyan/redfin_venv/lib/python3.10/site-packages/airflow/example_dags/example_sensor_decorator.py took 0.220 seconds
[2024-08-22T16:56:11.689+0500] {processor.py:186} INFO - Started process (PID=6153) to work on /home/rayyan/redfin_venv/lib/python3.10/site-packages/airflow/example_dags/example_sensor_decorator.py
[2024-08-22T16:56:11.701+0500] {processor.py:914} INFO - Processing file /home/rayyan/redfin_venv/lib/python3.10/site-packages/airflow/example_dags/example_sensor_decorator.py for tasks to queue
[2024-08-22T16:56:11.704+0500] {logging_mixin.py:190} INFO - [2024-08-22T16:56:11.703+0500] {dagbag.py:587} INFO - Filling up the DagBag from /home/rayyan/redfin_venv/lib/python3.10/site-packages/airflow/example_dags/example_sensor_decorator.py
[2024-08-22T16:56:11.714+0500] {processor.py:925} INFO - DAG(s) 'example_sensor_decorator' retrieved from /home/rayyan/redfin_venv/lib/python3.10/site-packages/airflow/example_dags/example_sensor_decorator.py
[2024-08-22T16:56:11.731+0500] {logging_mixin.py:190} INFO - [2024-08-22T16:56:11.730+0500] {dag.py:3211} INFO - Sync 1 DAGs
[2024-08-22T16:56:11.745+0500] {logging_mixin.py:190} INFO - [2024-08-22T16:56:11.744+0500] {dag.py:4138} INFO - Setting next_dagrun for example_sensor_decorator to None, run_after=None
[2024-08-22T16:56:11.886+0500] {processor.py:208} INFO - Processing /home/rayyan/redfin_venv/lib/python3.10/site-packages/airflow/example_dags/example_sensor_decorator.py took 0.203 seconds
[2024-08-22T16:57:16.672+0500] {processor.py:186} INFO - Started process (PID=6465) to work on /home/rayyan/redfin_venv/lib/python3.10/site-packages/airflow/example_dags/example_sensor_decorator.py
[2024-08-22T16:57:16.684+0500] {processor.py:914} INFO - Processing file /home/rayyan/redfin_venv/lib/python3.10/site-packages/airflow/example_dags/example_sensor_decorator.py for tasks to queue
[2024-08-22T16:57:16.687+0500] {logging_mixin.py:190} INFO - [2024-08-22T16:57:16.687+0500] {dagbag.py:587} INFO - Filling up the DagBag from /home/rayyan/redfin_venv/lib/python3.10/site-packages/airflow/example_dags/example_sensor_decorator.py
[2024-08-22T16:57:16.696+0500] {processor.py:925} INFO - DAG(s) 'example_sensor_decorator' retrieved from /home/rayyan/redfin_venv/lib/python3.10/site-packages/airflow/example_dags/example_sensor_decorator.py
[2024-08-22T16:57:16.712+0500] {logging_mixin.py:190} INFO - [2024-08-22T16:57:16.711+0500] {dag.py:3211} INFO - Sync 1 DAGs
[2024-08-22T16:57:16.725+0500] {logging_mixin.py:190} INFO - [2024-08-22T16:57:16.725+0500] {dag.py:4138} INFO - Setting next_dagrun for example_sensor_decorator to None, run_after=None
[2024-08-22T16:57:16.862+0500] {processor.py:208} INFO - Processing /home/rayyan/redfin_venv/lib/python3.10/site-packages/airflow/example_dags/example_sensor_decorator.py took 0.200 seconds
[2024-08-22T16:59:23.106+0500] {processor.py:186} INFO - Started process (PID=7122) to work on /home/rayyan/redfin_venv/lib/python3.10/site-packages/airflow/example_dags/example_sensor_decorator.py
[2024-08-22T16:59:23.117+0500] {processor.py:914} INFO - Processing file /home/rayyan/redfin_venv/lib/python3.10/site-packages/airflow/example_dags/example_sensor_decorator.py for tasks to queue
[2024-08-22T16:59:23.120+0500] {logging_mixin.py:190} INFO - [2024-08-22T16:59:23.119+0500] {dagbag.py:587} INFO - Filling up the DagBag from /home/rayyan/redfin_venv/lib/python3.10/site-packages/airflow/example_dags/example_sensor_decorator.py
[2024-08-22T16:59:23.129+0500] {processor.py:925} INFO - DAG(s) 'example_sensor_decorator' retrieved from /home/rayyan/redfin_venv/lib/python3.10/site-packages/airflow/example_dags/example_sensor_decorator.py
[2024-08-22T16:59:23.260+0500] {logging_mixin.py:190} INFO - [2024-08-22T16:59:23.260+0500] {dag.py:3211} INFO - Sync 1 DAGs
[2024-08-22T16:59:23.274+0500] {logging_mixin.py:190} INFO - [2024-08-22T16:59:23.273+0500] {dag.py:4138} INFO - Setting next_dagrun for example_sensor_decorator to None, run_after=None
[2024-08-22T16:59:23.296+0500] {processor.py:208} INFO - Processing /home/rayyan/redfin_venv/lib/python3.10/site-packages/airflow/example_dags/example_sensor_decorator.py took 0.197 seconds
[2024-08-22T17:00:32.912+0500] {processor.py:186} INFO - Started process (PID=8955) to work on /home/rayyan/redfin_venv/lib/python3.10/site-packages/airflow/example_dags/example_sensor_decorator.py
[2024-08-22T17:00:32.924+0500] {processor.py:914} INFO - Processing file /home/rayyan/redfin_venv/lib/python3.10/site-packages/airflow/example_dags/example_sensor_decorator.py for tasks to queue
[2024-08-22T17:00:32.929+0500] {logging_mixin.py:190} INFO - [2024-08-22T17:00:32.928+0500] {dagbag.py:587} INFO - Filling up the DagBag from /home/rayyan/redfin_venv/lib/python3.10/site-packages/airflow/example_dags/example_sensor_decorator.py
[2024-08-22T17:00:32.952+0500] {processor.py:925} INFO - DAG(s) 'example_sensor_decorator' retrieved from /home/rayyan/redfin_venv/lib/python3.10/site-packages/airflow/example_dags/example_sensor_decorator.py
[2024-08-22T17:00:32.986+0500] {logging_mixin.py:190} INFO - [2024-08-22T17:00:32.985+0500] {dag.py:3211} INFO - Sync 1 DAGs
[2024-08-22T17:00:33.013+0500] {logging_mixin.py:190} INFO - [2024-08-22T17:00:33.013+0500] {dag.py:4138} INFO - Setting next_dagrun for example_sensor_decorator to None, run_after=None
[2024-08-22T17:00:33.054+0500] {processor.py:208} INFO - Processing /home/rayyan/redfin_venv/lib/python3.10/site-packages/airflow/example_dags/example_sensor_decorator.py took 0.152 seconds
[2024-08-22T17:01:39.788+0500] {processor.py:186} INFO - Started process (PID=11291) to work on /home/rayyan/redfin_venv/lib/python3.10/site-packages/airflow/example_dags/example_sensor_decorator.py
[2024-08-22T17:01:39.790+0500] {processor.py:914} INFO - Processing file /home/rayyan/redfin_venv/lib/python3.10/site-packages/airflow/example_dags/example_sensor_decorator.py for tasks to queue
[2024-08-22T17:01:39.794+0500] {logging_mixin.py:190} INFO - [2024-08-22T17:01:39.794+0500] {dagbag.py:587} INFO - Filling up the DagBag from /home/rayyan/redfin_venv/lib/python3.10/site-packages/airflow/example_dags/example_sensor_decorator.py
[2024-08-22T17:01:39.813+0500] {processor.py:925} INFO - DAG(s) 'example_sensor_decorator' retrieved from /home/rayyan/redfin_venv/lib/python3.10/site-packages/airflow/example_dags/example_sensor_decorator.py
[2024-08-22T17:01:39.857+0500] {logging_mixin.py:190} INFO - [2024-08-22T17:01:39.857+0500] {dag.py:3211} INFO - Sync 1 DAGs
[2024-08-22T17:01:39.898+0500] {logging_mixin.py:190} INFO - [2024-08-22T17:01:39.898+0500] {dag.py:4138} INFO - Setting next_dagrun for example_sensor_decorator to None, run_after=None
[2024-08-22T17:01:39.984+0500] {processor.py:208} INFO - Processing /home/rayyan/redfin_venv/lib/python3.10/site-packages/airflow/example_dags/example_sensor_decorator.py took 0.215 seconds
[2024-08-22T17:02:50.425+0500] {processor.py:186} INFO - Started process (PID=12902) to work on /home/rayyan/redfin_venv/lib/python3.10/site-packages/airflow/example_dags/example_sensor_decorator.py
[2024-08-22T17:02:50.428+0500] {processor.py:914} INFO - Processing file /home/rayyan/redfin_venv/lib/python3.10/site-packages/airflow/example_dags/example_sensor_decorator.py for tasks to queue
[2024-08-22T17:02:50.432+0500] {logging_mixin.py:190} INFO - [2024-08-22T17:02:50.431+0500] {dagbag.py:587} INFO - Filling up the DagBag from /home/rayyan/redfin_venv/lib/python3.10/site-packages/airflow/example_dags/example_sensor_decorator.py
[2024-08-22T17:02:50.444+0500] {processor.py:925} INFO - DAG(s) 'example_sensor_decorator' retrieved from /home/rayyan/redfin_venv/lib/python3.10/site-packages/airflow/example_dags/example_sensor_decorator.py
[2024-08-22T17:02:50.469+0500] {logging_mixin.py:190} INFO - [2024-08-22T17:02:50.469+0500] {dag.py:3211} INFO - Sync 1 DAGs
[2024-08-22T17:02:50.487+0500] {logging_mixin.py:190} INFO - [2024-08-22T17:02:50.487+0500] {dag.py:4138} INFO - Setting next_dagrun for example_sensor_decorator to None, run_after=None
[2024-08-22T17:02:50.520+0500] {processor.py:208} INFO - Processing /home/rayyan/redfin_venv/lib/python3.10/site-packages/airflow/example_dags/example_sensor_decorator.py took 0.106 seconds
[2024-08-22T17:03:47.814+0500] {processor.py:186} INFO - Started process (PID=13183) to work on /home/rayyan/redfin_venv/lib/python3.10/site-packages/airflow/example_dags/example_sensor_decorator.py
[2024-08-22T17:03:47.827+0500] {processor.py:914} INFO - Processing file /home/rayyan/redfin_venv/lib/python3.10/site-packages/airflow/example_dags/example_sensor_decorator.py for tasks to queue
[2024-08-22T17:03:47.831+0500] {logging_mixin.py:190} INFO - [2024-08-22T17:03:47.830+0500] {dagbag.py:587} INFO - Filling up the DagBag from /home/rayyan/redfin_venv/lib/python3.10/site-packages/airflow/example_dags/example_sensor_decorator.py
[2024-08-22T17:03:47.844+0500] {processor.py:925} INFO - DAG(s) 'example_sensor_decorator' retrieved from /home/rayyan/redfin_venv/lib/python3.10/site-packages/airflow/example_dags/example_sensor_decorator.py
[2024-08-22T17:03:47.862+0500] {logging_mixin.py:190} INFO - [2024-08-22T17:03:47.862+0500] {dag.py:3211} INFO - Sync 1 DAGs
[2024-08-22T17:03:47.875+0500] {logging_mixin.py:190} INFO - [2024-08-22T17:03:47.874+0500] {dag.py:4138} INFO - Setting next_dagrun for example_sensor_decorator to None, run_after=None
[2024-08-22T17:03:47.896+0500] {processor.py:208} INFO - Processing /home/rayyan/redfin_venv/lib/python3.10/site-packages/airflow/example_dags/example_sensor_decorator.py took 0.094 seconds
[2024-08-22T17:04:46.489+0500] {processor.py:186} INFO - Started process (PID=13467) to work on /home/rayyan/redfin_venv/lib/python3.10/site-packages/airflow/example_dags/example_sensor_decorator.py
[2024-08-22T17:04:46.502+0500] {processor.py:914} INFO - Processing file /home/rayyan/redfin_venv/lib/python3.10/site-packages/airflow/example_dags/example_sensor_decorator.py for tasks to queue
[2024-08-22T17:04:46.506+0500] {logging_mixin.py:190} INFO - [2024-08-22T17:04:46.506+0500] {dagbag.py:587} INFO - Filling up the DagBag from /home/rayyan/redfin_venv/lib/python3.10/site-packages/airflow/example_dags/example_sensor_decorator.py
[2024-08-22T17:04:46.518+0500] {processor.py:925} INFO - DAG(s) 'example_sensor_decorator' retrieved from /home/rayyan/redfin_venv/lib/python3.10/site-packages/airflow/example_dags/example_sensor_decorator.py
[2024-08-22T17:04:46.535+0500] {logging_mixin.py:190} INFO - [2024-08-22T17:04:46.534+0500] {dag.py:3211} INFO - Sync 1 DAGs
[2024-08-22T17:04:46.547+0500] {logging_mixin.py:190} INFO - [2024-08-22T17:04:46.547+0500] {dag.py:4138} INFO - Setting next_dagrun for example_sensor_decorator to None, run_after=None
[2024-08-22T17:04:46.568+0500] {processor.py:208} INFO - Processing /home/rayyan/redfin_venv/lib/python3.10/site-packages/airflow/example_dags/example_sensor_decorator.py took 0.091 seconds
[2024-08-22T17:05:40.999+0500] {processor.py:186} INFO - Started process (PID=13734) to work on /home/rayyan/redfin_venv/lib/python3.10/site-packages/airflow/example_dags/example_sensor_decorator.py
[2024-08-22T17:05:41.011+0500] {processor.py:914} INFO - Processing file /home/rayyan/redfin_venv/lib/python3.10/site-packages/airflow/example_dags/example_sensor_decorator.py for tasks to queue
[2024-08-22T17:05:41.013+0500] {logging_mixin.py:190} INFO - [2024-08-22T17:05:41.013+0500] {dagbag.py:587} INFO - Filling up the DagBag from /home/rayyan/redfin_venv/lib/python3.10/site-packages/airflow/example_dags/example_sensor_decorator.py
[2024-08-22T17:05:41.023+0500] {processor.py:925} INFO - DAG(s) 'example_sensor_decorator' retrieved from /home/rayyan/redfin_venv/lib/python3.10/site-packages/airflow/example_dags/example_sensor_decorator.py
[2024-08-22T17:05:41.039+0500] {logging_mixin.py:190} INFO - [2024-08-22T17:05:41.038+0500] {dag.py:3211} INFO - Sync 1 DAGs
[2024-08-22T17:05:41.052+0500] {logging_mixin.py:190} INFO - [2024-08-22T17:05:41.051+0500] {dag.py:4138} INFO - Setting next_dagrun for example_sensor_decorator to None, run_after=None
[2024-08-22T17:05:41.074+0500] {processor.py:208} INFO - Processing /home/rayyan/redfin_venv/lib/python3.10/site-packages/airflow/example_dags/example_sensor_decorator.py took 0.088 seconds
[2024-08-22T17:06:39.470+0500] {processor.py:186} INFO - Started process (PID=14017) to work on /home/rayyan/redfin_venv/lib/python3.10/site-packages/airflow/example_dags/example_sensor_decorator.py
[2024-08-22T17:06:39.472+0500] {processor.py:914} INFO - Processing file /home/rayyan/redfin_venv/lib/python3.10/site-packages/airflow/example_dags/example_sensor_decorator.py for tasks to queue
[2024-08-22T17:06:39.476+0500] {logging_mixin.py:190} INFO - [2024-08-22T17:06:39.475+0500] {dagbag.py:587} INFO - Filling up the DagBag from /home/rayyan/redfin_venv/lib/python3.10/site-packages/airflow/example_dags/example_sensor_decorator.py
[2024-08-22T17:06:39.486+0500] {processor.py:925} INFO - DAG(s) 'example_sensor_decorator' retrieved from /home/rayyan/redfin_venv/lib/python3.10/site-packages/airflow/example_dags/example_sensor_decorator.py
[2024-08-22T17:06:39.502+0500] {logging_mixin.py:190} INFO - [2024-08-22T17:06:39.502+0500] {dag.py:3211} INFO - Sync 1 DAGs
[2024-08-22T17:06:39.516+0500] {logging_mixin.py:190} INFO - [2024-08-22T17:06:39.516+0500] {dag.py:4138} INFO - Setting next_dagrun for example_sensor_decorator to None, run_after=None
[2024-08-22T17:06:39.543+0500] {processor.py:208} INFO - Processing /home/rayyan/redfin_venv/lib/python3.10/site-packages/airflow/example_dags/example_sensor_decorator.py took 0.085 seconds
[2024-08-22T17:07:37.963+0500] {processor.py:186} INFO - Started process (PID=14307) to work on /home/rayyan/redfin_venv/lib/python3.10/site-packages/airflow/example_dags/example_sensor_decorator.py
[2024-08-22T17:07:37.964+0500] {processor.py:914} INFO - Processing file /home/rayyan/redfin_venv/lib/python3.10/site-packages/airflow/example_dags/example_sensor_decorator.py for tasks to queue
[2024-08-22T17:07:37.967+0500] {logging_mixin.py:190} INFO - [2024-08-22T17:07:37.967+0500] {dagbag.py:587} INFO - Filling up the DagBag from /home/rayyan/redfin_venv/lib/python3.10/site-packages/airflow/example_dags/example_sensor_decorator.py
[2024-08-22T17:07:37.977+0500] {processor.py:925} INFO - DAG(s) 'example_sensor_decorator' retrieved from /home/rayyan/redfin_venv/lib/python3.10/site-packages/airflow/example_dags/example_sensor_decorator.py
[2024-08-22T17:07:37.997+0500] {logging_mixin.py:190} INFO - [2024-08-22T17:07:37.996+0500] {dag.py:3211} INFO - Sync 1 DAGs
[2024-08-22T17:07:38.012+0500] {logging_mixin.py:190} INFO - [2024-08-22T17:07:38.011+0500] {dag.py:4138} INFO - Setting next_dagrun for example_sensor_decorator to None, run_after=None
[2024-08-22T17:07:38.043+0500] {processor.py:208} INFO - Processing /home/rayyan/redfin_venv/lib/python3.10/site-packages/airflow/example_dags/example_sensor_decorator.py took 0.088 seconds
