[2024-08-22T16:48:10.217+0500] {processor.py:186} INFO - Started process (PID=3799) to work on /home/rayyan/redfin_venv/lib/python3.10/site-packages/airflow/example_dags/example_dynamic_task_mapping_with_no_taskflow_operators.py
[2024-08-22T16:48:10.219+0500] {processor.py:914} INFO - Processing file /home/rayyan/redfin_venv/lib/python3.10/site-packages/airflow/example_dags/example_dynamic_task_mapping_with_no_taskflow_operators.py for tasks to queue
[2024-08-22T16:48:10.223+0500] {logging_mixin.py:190} INFO - [2024-08-22T16:48:10.222+0500] {dagbag.py:587} INFO - Filling up the DagBag from /home/rayyan/redfin_venv/lib/python3.10/site-packages/airflow/example_dags/example_dynamic_task_mapping_with_no_taskflow_operators.py
[2024-08-22T16:48:10.235+0500] {processor.py:925} INFO - DAG(s) 'example_dynamic_task_mapping_with_no_taskflow_operators' retrieved from /home/rayyan/redfin_venv/lib/python3.10/site-packages/airflow/example_dags/example_dynamic_task_mapping_with_no_taskflow_operators.py
[2024-08-22T16:48:10.255+0500] {logging_mixin.py:190} INFO - [2024-08-22T16:48:10.255+0500] {dag.py:3211} INFO - Sync 1 DAGs
[2024-08-22T16:48:10.275+0500] {logging_mixin.py:190} INFO - [2024-08-22T16:48:10.275+0500] {dag.py:4138} INFO - Setting next_dagrun for example_dynamic_task_mapping_with_no_taskflow_operators to 2024-08-21 00:00:00+00:00, run_after=2024-08-22 00:00:00+00:00
[2024-08-22T16:48:10.308+0500] {processor.py:208} INFO - Processing /home/rayyan/redfin_venv/lib/python3.10/site-packages/airflow/example_dags/example_dynamic_task_mapping_with_no_taskflow_operators.py took 0.102 seconds
[2024-08-22T16:49:08.355+0500] {processor.py:186} INFO - Started process (PID=4107) to work on /home/rayyan/redfin_venv/lib/python3.10/site-packages/airflow/example_dags/example_dynamic_task_mapping_with_no_taskflow_operators.py
[2024-08-22T16:49:08.357+0500] {processor.py:914} INFO - Processing file /home/rayyan/redfin_venv/lib/python3.10/site-packages/airflow/example_dags/example_dynamic_task_mapping_with_no_taskflow_operators.py for tasks to queue
[2024-08-22T16:49:08.360+0500] {logging_mixin.py:190} INFO - [2024-08-22T16:49:08.360+0500] {dagbag.py:587} INFO - Filling up the DagBag from /home/rayyan/redfin_venv/lib/python3.10/site-packages/airflow/example_dags/example_dynamic_task_mapping_with_no_taskflow_operators.py
[2024-08-22T16:49:08.372+0500] {processor.py:925} INFO - DAG(s) 'example_dynamic_task_mapping_with_no_taskflow_operators' retrieved from /home/rayyan/redfin_venv/lib/python3.10/site-packages/airflow/example_dags/example_dynamic_task_mapping_with_no_taskflow_operators.py
[2024-08-22T16:49:08.393+0500] {logging_mixin.py:190} INFO - [2024-08-22T16:49:08.393+0500] {dag.py:3211} INFO - Sync 1 DAGs
[2024-08-22T16:49:08.439+0500] {logging_mixin.py:190} INFO - [2024-08-22T16:49:08.438+0500] {dag.py:4138} INFO - Setting next_dagrun for example_dynamic_task_mapping_with_no_taskflow_operators to 2024-08-21 00:00:00+00:00, run_after=2024-08-22 00:00:00+00:00
[2024-08-22T16:49:08.467+0500] {processor.py:208} INFO - Processing /home/rayyan/redfin_venv/lib/python3.10/site-packages/airflow/example_dags/example_dynamic_task_mapping_with_no_taskflow_operators.py took 0.119 seconds
[2024-08-22T16:50:07.556+0500] {processor.py:186} INFO - Started process (PID=4396) to work on /home/rayyan/redfin_venv/lib/python3.10/site-packages/airflow/example_dags/example_dynamic_task_mapping_with_no_taskflow_operators.py
[2024-08-22T16:50:07.568+0500] {processor.py:914} INFO - Processing file /home/rayyan/redfin_venv/lib/python3.10/site-packages/airflow/example_dags/example_dynamic_task_mapping_with_no_taskflow_operators.py for tasks to queue
[2024-08-22T16:50:07.570+0500] {logging_mixin.py:190} INFO - [2024-08-22T16:50:07.570+0500] {dagbag.py:587} INFO - Filling up the DagBag from /home/rayyan/redfin_venv/lib/python3.10/site-packages/airflow/example_dags/example_dynamic_task_mapping_with_no_taskflow_operators.py
[2024-08-22T16:50:07.579+0500] {processor.py:925} INFO - DAG(s) 'example_dynamic_task_mapping_with_no_taskflow_operators' retrieved from /home/rayyan/redfin_venv/lib/python3.10/site-packages/airflow/example_dags/example_dynamic_task_mapping_with_no_taskflow_operators.py
[2024-08-22T16:50:07.592+0500] {logging_mixin.py:190} INFO - [2024-08-22T16:50:07.592+0500] {dag.py:3211} INFO - Sync 1 DAGs
[2024-08-22T16:50:07.611+0500] {logging_mixin.py:190} INFO - [2024-08-22T16:50:07.611+0500] {dag.py:4138} INFO - Setting next_dagrun for example_dynamic_task_mapping_with_no_taskflow_operators to 2024-08-21 00:00:00+00:00, run_after=2024-08-22 00:00:00+00:00
[2024-08-22T16:50:07.632+0500] {processor.py:208} INFO - Processing /home/rayyan/redfin_venv/lib/python3.10/site-packages/airflow/example_dags/example_dynamic_task_mapping_with_no_taskflow_operators.py took 0.080 seconds
[2024-08-22T16:51:04.382+0500] {processor.py:186} INFO - Started process (PID=4672) to work on /home/rayyan/redfin_venv/lib/python3.10/site-packages/airflow/example_dags/example_dynamic_task_mapping_with_no_taskflow_operators.py
[2024-08-22T16:51:04.396+0500] {processor.py:914} INFO - Processing file /home/rayyan/redfin_venv/lib/python3.10/site-packages/airflow/example_dags/example_dynamic_task_mapping_with_no_taskflow_operators.py for tasks to queue
[2024-08-22T16:51:04.400+0500] {logging_mixin.py:190} INFO - [2024-08-22T16:51:04.399+0500] {dagbag.py:587} INFO - Filling up the DagBag from /home/rayyan/redfin_venv/lib/python3.10/site-packages/airflow/example_dags/example_dynamic_task_mapping_with_no_taskflow_operators.py
[2024-08-22T16:51:04.413+0500] {processor.py:925} INFO - DAG(s) 'example_dynamic_task_mapping_with_no_taskflow_operators' retrieved from /home/rayyan/redfin_venv/lib/python3.10/site-packages/airflow/example_dags/example_dynamic_task_mapping_with_no_taskflow_operators.py
[2024-08-22T16:51:04.430+0500] {logging_mixin.py:190} INFO - [2024-08-22T16:51:04.429+0500] {dag.py:3211} INFO - Sync 1 DAGs
[2024-08-22T16:51:04.449+0500] {logging_mixin.py:190} INFO - [2024-08-22T16:51:04.448+0500] {dag.py:4138} INFO - Setting next_dagrun for example_dynamic_task_mapping_with_no_taskflow_operators to 2024-08-21 00:00:00+00:00, run_after=2024-08-22 00:00:00+00:00
[2024-08-22T16:51:04.471+0500] {processor.py:208} INFO - Processing /home/rayyan/redfin_venv/lib/python3.10/site-packages/airflow/example_dags/example_dynamic_task_mapping_with_no_taskflow_operators.py took 0.099 seconds
[2024-08-22T16:52:04.159+0500] {processor.py:186} INFO - Started process (PID=4958) to work on /home/rayyan/redfin_venv/lib/python3.10/site-packages/airflow/example_dags/example_dynamic_task_mapping_with_no_taskflow_operators.py
[2024-08-22T16:52:04.161+0500] {processor.py:914} INFO - Processing file /home/rayyan/redfin_venv/lib/python3.10/site-packages/airflow/example_dags/example_dynamic_task_mapping_with_no_taskflow_operators.py for tasks to queue
[2024-08-22T16:52:04.163+0500] {logging_mixin.py:190} INFO - [2024-08-22T16:52:04.163+0500] {dagbag.py:587} INFO - Filling up the DagBag from /home/rayyan/redfin_venv/lib/python3.10/site-packages/airflow/example_dags/example_dynamic_task_mapping_with_no_taskflow_operators.py
[2024-08-22T16:52:04.173+0500] {processor.py:925} INFO - DAG(s) 'example_dynamic_task_mapping_with_no_taskflow_operators' retrieved from /home/rayyan/redfin_venv/lib/python3.10/site-packages/airflow/example_dags/example_dynamic_task_mapping_with_no_taskflow_operators.py
[2024-08-22T16:52:04.188+0500] {logging_mixin.py:190} INFO - [2024-08-22T16:52:04.187+0500] {dag.py:3211} INFO - Sync 1 DAGs
[2024-08-22T16:52:04.208+0500] {logging_mixin.py:190} INFO - [2024-08-22T16:52:04.207+0500] {dag.py:4138} INFO - Setting next_dagrun for example_dynamic_task_mapping_with_no_taskflow_operators to 2024-08-21 00:00:00+00:00, run_after=2024-08-22 00:00:00+00:00
[2024-08-22T16:52:04.227+0500] {processor.py:208} INFO - Processing /home/rayyan/redfin_venv/lib/python3.10/site-packages/airflow/example_dags/example_dynamic_task_mapping_with_no_taskflow_operators.py took 0.076 seconds
[2024-08-22T16:53:06.641+0500] {processor.py:186} INFO - Started process (PID=5258) to work on /home/rayyan/redfin_venv/lib/python3.10/site-packages/airflow/example_dags/example_dynamic_task_mapping_with_no_taskflow_operators.py
[2024-08-22T16:53:06.653+0500] {processor.py:914} INFO - Processing file /home/rayyan/redfin_venv/lib/python3.10/site-packages/airflow/example_dags/example_dynamic_task_mapping_with_no_taskflow_operators.py for tasks to queue
[2024-08-22T16:53:06.656+0500] {logging_mixin.py:190} INFO - [2024-08-22T16:53:06.655+0500] {dagbag.py:587} INFO - Filling up the DagBag from /home/rayyan/redfin_venv/lib/python3.10/site-packages/airflow/example_dags/example_dynamic_task_mapping_with_no_taskflow_operators.py
[2024-08-22T16:53:06.667+0500] {processor.py:925} INFO - DAG(s) 'example_dynamic_task_mapping_with_no_taskflow_operators' retrieved from /home/rayyan/redfin_venv/lib/python3.10/site-packages/airflow/example_dags/example_dynamic_task_mapping_with_no_taskflow_operators.py
[2024-08-22T16:53:06.682+0500] {logging_mixin.py:190} INFO - [2024-08-22T16:53:06.681+0500] {dag.py:3211} INFO - Sync 1 DAGs
[2024-08-22T16:53:06.810+0500] {logging_mixin.py:190} INFO - [2024-08-22T16:53:06.809+0500] {dag.py:4138} INFO - Setting next_dagrun for example_dynamic_task_mapping_with_no_taskflow_operators to 2024-08-21 00:00:00+00:00, run_after=2024-08-22 00:00:00+00:00
[2024-08-22T16:53:06.837+0500] {processor.py:208} INFO - Processing /home/rayyan/redfin_venv/lib/python3.10/site-packages/airflow/example_dags/example_dynamic_task_mapping_with_no_taskflow_operators.py took 0.203 seconds
[2024-08-22T16:54:07.826+0500] {processor.py:186} INFO - Started process (PID=5553) to work on /home/rayyan/redfin_venv/lib/python3.10/site-packages/airflow/example_dags/example_dynamic_task_mapping_with_no_taskflow_operators.py
[2024-08-22T16:54:07.827+0500] {processor.py:914} INFO - Processing file /home/rayyan/redfin_venv/lib/python3.10/site-packages/airflow/example_dags/example_dynamic_task_mapping_with_no_taskflow_operators.py for tasks to queue
[2024-08-22T16:54:07.830+0500] {logging_mixin.py:190} INFO - [2024-08-22T16:54:07.829+0500] {dagbag.py:587} INFO - Filling up the DagBag from /home/rayyan/redfin_venv/lib/python3.10/site-packages/airflow/example_dags/example_dynamic_task_mapping_with_no_taskflow_operators.py
[2024-08-22T16:54:07.839+0500] {processor.py:925} INFO - DAG(s) 'example_dynamic_task_mapping_with_no_taskflow_operators' retrieved from /home/rayyan/redfin_venv/lib/python3.10/site-packages/airflow/example_dags/example_dynamic_task_mapping_with_no_taskflow_operators.py
[2024-08-22T16:54:07.854+0500] {logging_mixin.py:190} INFO - [2024-08-22T16:54:07.854+0500] {dag.py:3211} INFO - Sync 1 DAGs
[2024-08-22T16:54:07.985+0500] {logging_mixin.py:190} INFO - [2024-08-22T16:54:07.985+0500] {dag.py:4138} INFO - Setting next_dagrun for example_dynamic_task_mapping_with_no_taskflow_operators to 2024-08-21 00:00:00+00:00, run_after=2024-08-22 00:00:00+00:00
[2024-08-22T16:54:08.012+0500] {processor.py:208} INFO - Processing /home/rayyan/redfin_venv/lib/python3.10/site-packages/airflow/example_dags/example_dynamic_task_mapping_with_no_taskflow_operators.py took 0.194 seconds
[2024-08-22T16:55:06.875+0500] {processor.py:186} INFO - Started process (PID=5840) to work on /home/rayyan/redfin_venv/lib/python3.10/site-packages/airflow/example_dags/example_dynamic_task_mapping_with_no_taskflow_operators.py
[2024-08-22T16:55:06.887+0500] {processor.py:914} INFO - Processing file /home/rayyan/redfin_venv/lib/python3.10/site-packages/airflow/example_dags/example_dynamic_task_mapping_with_no_taskflow_operators.py for tasks to queue
[2024-08-22T16:55:06.890+0500] {logging_mixin.py:190} INFO - [2024-08-22T16:55:06.889+0500] {dagbag.py:587} INFO - Filling up the DagBag from /home/rayyan/redfin_venv/lib/python3.10/site-packages/airflow/example_dags/example_dynamic_task_mapping_with_no_taskflow_operators.py
[2024-08-22T16:55:06.901+0500] {processor.py:925} INFO - DAG(s) 'example_dynamic_task_mapping_with_no_taskflow_operators' retrieved from /home/rayyan/redfin_venv/lib/python3.10/site-packages/airflow/example_dags/example_dynamic_task_mapping_with_no_taskflow_operators.py
[2024-08-22T16:55:06.920+0500] {logging_mixin.py:190} INFO - [2024-08-22T16:55:06.920+0500] {dag.py:3211} INFO - Sync 1 DAGs
[2024-08-22T16:55:07.068+0500] {logging_mixin.py:190} INFO - [2024-08-22T16:55:07.068+0500] {dag.py:4138} INFO - Setting next_dagrun for example_dynamic_task_mapping_with_no_taskflow_operators to 2024-08-21 00:00:00+00:00, run_after=2024-08-22 00:00:00+00:00
[2024-08-22T16:55:07.098+0500] {processor.py:208} INFO - Processing /home/rayyan/redfin_venv/lib/python3.10/site-packages/airflow/example_dags/example_dynamic_task_mapping_with_no_taskflow_operators.py took 0.233 seconds
[2024-08-22T16:56:13.060+0500] {processor.py:186} INFO - Started process (PID=6159) to work on /home/rayyan/redfin_venv/lib/python3.10/site-packages/airflow/example_dags/example_dynamic_task_mapping_with_no_taskflow_operators.py
[2024-08-22T16:56:13.072+0500] {processor.py:914} INFO - Processing file /home/rayyan/redfin_venv/lib/python3.10/site-packages/airflow/example_dags/example_dynamic_task_mapping_with_no_taskflow_operators.py for tasks to queue
[2024-08-22T16:56:13.075+0500] {logging_mixin.py:190} INFO - [2024-08-22T16:56:13.075+0500] {dagbag.py:587} INFO - Filling up the DagBag from /home/rayyan/redfin_venv/lib/python3.10/site-packages/airflow/example_dags/example_dynamic_task_mapping_with_no_taskflow_operators.py
[2024-08-22T16:56:13.085+0500] {processor.py:925} INFO - DAG(s) 'example_dynamic_task_mapping_with_no_taskflow_operators' retrieved from /home/rayyan/redfin_venv/lib/python3.10/site-packages/airflow/example_dags/example_dynamic_task_mapping_with_no_taskflow_operators.py
[2024-08-22T16:56:13.101+0500] {logging_mixin.py:190} INFO - [2024-08-22T16:56:13.101+0500] {dag.py:3211} INFO - Sync 1 DAGs
[2024-08-22T16:56:13.233+0500] {logging_mixin.py:190} INFO - [2024-08-22T16:56:13.233+0500] {dag.py:4138} INFO - Setting next_dagrun for example_dynamic_task_mapping_with_no_taskflow_operators to 2024-08-21 00:00:00+00:00, run_after=2024-08-22 00:00:00+00:00
[2024-08-22T16:56:13.259+0500] {processor.py:208} INFO - Processing /home/rayyan/redfin_venv/lib/python3.10/site-packages/airflow/example_dags/example_dynamic_task_mapping_with_no_taskflow_operators.py took 0.209 seconds
[2024-08-22T16:57:18.036+0500] {processor.py:186} INFO - Started process (PID=6472) to work on /home/rayyan/redfin_venv/lib/python3.10/site-packages/airflow/example_dags/example_dynamic_task_mapping_with_no_taskflow_operators.py
[2024-08-22T16:57:18.047+0500] {processor.py:914} INFO - Processing file /home/rayyan/redfin_venv/lib/python3.10/site-packages/airflow/example_dags/example_dynamic_task_mapping_with_no_taskflow_operators.py for tasks to queue
[2024-08-22T16:57:18.049+0500] {logging_mixin.py:190} INFO - [2024-08-22T16:57:18.049+0500] {dagbag.py:587} INFO - Filling up the DagBag from /home/rayyan/redfin_venv/lib/python3.10/site-packages/airflow/example_dags/example_dynamic_task_mapping_with_no_taskflow_operators.py
[2024-08-22T16:57:18.071+0500] {processor.py:925} INFO - DAG(s) 'example_dynamic_task_mapping_with_no_taskflow_operators' retrieved from /home/rayyan/redfin_venv/lib/python3.10/site-packages/airflow/example_dags/example_dynamic_task_mapping_with_no_taskflow_operators.py
[2024-08-22T16:57:18.094+0500] {logging_mixin.py:190} INFO - [2024-08-22T16:57:18.093+0500] {dag.py:3211} INFO - Sync 1 DAGs
[2024-08-22T16:57:18.229+0500] {logging_mixin.py:190} INFO - [2024-08-22T16:57:18.229+0500] {dag.py:4138} INFO - Setting next_dagrun for example_dynamic_task_mapping_with_no_taskflow_operators to 2024-08-21 00:00:00+00:00, run_after=2024-08-22 00:00:00+00:00
[2024-08-22T16:57:18.252+0500] {processor.py:208} INFO - Processing /home/rayyan/redfin_venv/lib/python3.10/site-packages/airflow/example_dags/example_dynamic_task_mapping_with_no_taskflow_operators.py took 0.223 seconds
[2024-08-22T16:59:24.359+0500] {processor.py:186} INFO - Started process (PID=7128) to work on /home/rayyan/redfin_venv/lib/python3.10/site-packages/airflow/example_dags/example_dynamic_task_mapping_with_no_taskflow_operators.py
[2024-08-22T16:59:24.371+0500] {processor.py:914} INFO - Processing file /home/rayyan/redfin_venv/lib/python3.10/site-packages/airflow/example_dags/example_dynamic_task_mapping_with_no_taskflow_operators.py for tasks to queue
[2024-08-22T16:59:24.374+0500] {logging_mixin.py:190} INFO - [2024-08-22T16:59:24.374+0500] {dagbag.py:587} INFO - Filling up the DagBag from /home/rayyan/redfin_venv/lib/python3.10/site-packages/airflow/example_dags/example_dynamic_task_mapping_with_no_taskflow_operators.py
[2024-08-22T16:59:24.386+0500] {processor.py:925} INFO - DAG(s) 'example_dynamic_task_mapping_with_no_taskflow_operators' retrieved from /home/rayyan/redfin_venv/lib/python3.10/site-packages/airflow/example_dags/example_dynamic_task_mapping_with_no_taskflow_operators.py
[2024-08-22T16:59:24.543+0500] {logging_mixin.py:190} INFO - [2024-08-22T16:59:24.542+0500] {dag.py:3211} INFO - Sync 1 DAGs
[2024-08-22T16:59:24.570+0500] {logging_mixin.py:190} INFO - [2024-08-22T16:59:24.569+0500] {dag.py:4138} INFO - Setting next_dagrun for example_dynamic_task_mapping_with_no_taskflow_operators to 2024-08-21 00:00:00+00:00, run_after=2024-08-22 00:00:00+00:00
[2024-08-22T16:59:24.597+0500] {processor.py:208} INFO - Processing /home/rayyan/redfin_venv/lib/python3.10/site-packages/airflow/example_dags/example_dynamic_task_mapping_with_no_taskflow_operators.py took 0.245 seconds
[2024-08-22T17:00:34.212+0500] {processor.py:186} INFO - Started process (PID=8976) to work on /home/rayyan/redfin_venv/lib/python3.10/site-packages/airflow/example_dags/example_dynamic_task_mapping_with_no_taskflow_operators.py
[2024-08-22T17:00:34.224+0500] {processor.py:914} INFO - Processing file /home/rayyan/redfin_venv/lib/python3.10/site-packages/airflow/example_dags/example_dynamic_task_mapping_with_no_taskflow_operators.py for tasks to queue
[2024-08-22T17:00:34.227+0500] {logging_mixin.py:190} INFO - [2024-08-22T17:00:34.226+0500] {dagbag.py:587} INFO - Filling up the DagBag from /home/rayyan/redfin_venv/lib/python3.10/site-packages/airflow/example_dags/example_dynamic_task_mapping_with_no_taskflow_operators.py
[2024-08-22T17:00:34.242+0500] {processor.py:925} INFO - DAG(s) 'example_dynamic_task_mapping_with_no_taskflow_operators' retrieved from /home/rayyan/redfin_venv/lib/python3.10/site-packages/airflow/example_dags/example_dynamic_task_mapping_with_no_taskflow_operators.py
[2024-08-22T17:00:34.265+0500] {logging_mixin.py:190} INFO - [2024-08-22T17:00:34.265+0500] {dag.py:3211} INFO - Sync 1 DAGs
[2024-08-22T17:00:34.300+0500] {logging_mixin.py:190} INFO - [2024-08-22T17:00:34.300+0500] {dag.py:4138} INFO - Setting next_dagrun for example_dynamic_task_mapping_with_no_taskflow_operators to 2024-08-21 00:00:00+00:00, run_after=2024-08-22 00:00:00+00:00
[2024-08-22T17:00:34.336+0500] {processor.py:208} INFO - Processing /home/rayyan/redfin_venv/lib/python3.10/site-packages/airflow/example_dags/example_dynamic_task_mapping_with_no_taskflow_operators.py took 0.134 seconds
[2024-08-22T17:01:41.180+0500] {processor.py:186} INFO - Started process (PID=11304) to work on /home/rayyan/redfin_venv/lib/python3.10/site-packages/airflow/example_dags/example_dynamic_task_mapping_with_no_taskflow_operators.py
[2024-08-22T17:01:41.193+0500] {processor.py:914} INFO - Processing file /home/rayyan/redfin_venv/lib/python3.10/site-packages/airflow/example_dags/example_dynamic_task_mapping_with_no_taskflow_operators.py for tasks to queue
[2024-08-22T17:01:41.197+0500] {logging_mixin.py:190} INFO - [2024-08-22T17:01:41.196+0500] {dagbag.py:587} INFO - Filling up the DagBag from /home/rayyan/redfin_venv/lib/python3.10/site-packages/airflow/example_dags/example_dynamic_task_mapping_with_no_taskflow_operators.py
[2024-08-22T17:01:41.218+0500] {processor.py:925} INFO - DAG(s) 'example_dynamic_task_mapping_with_no_taskflow_operators' retrieved from /home/rayyan/redfin_venv/lib/python3.10/site-packages/airflow/example_dags/example_dynamic_task_mapping_with_no_taskflow_operators.py
[2024-08-22T17:01:41.253+0500] {logging_mixin.py:190} INFO - [2024-08-22T17:01:41.253+0500] {dag.py:3211} INFO - Sync 1 DAGs
[2024-08-22T17:01:41.305+0500] {logging_mixin.py:190} INFO - [2024-08-22T17:01:41.304+0500] {dag.py:4138} INFO - Setting next_dagrun for example_dynamic_task_mapping_with_no_taskflow_operators to 2024-08-21 00:00:00+00:00, run_after=2024-08-22 00:00:00+00:00
[2024-08-22T17:01:41.356+0500] {processor.py:208} INFO - Processing /home/rayyan/redfin_venv/lib/python3.10/site-packages/airflow/example_dags/example_dynamic_task_mapping_with_no_taskflow_operators.py took 0.190 seconds
[2024-08-22T17:02:51.684+0500] {processor.py:186} INFO - Started process (PID=12908) to work on /home/rayyan/redfin_venv/lib/python3.10/site-packages/airflow/example_dags/example_dynamic_task_mapping_with_no_taskflow_operators.py
[2024-08-22T17:02:51.685+0500] {processor.py:914} INFO - Processing file /home/rayyan/redfin_venv/lib/python3.10/site-packages/airflow/example_dags/example_dynamic_task_mapping_with_no_taskflow_operators.py for tasks to queue
[2024-08-22T17:02:51.688+0500] {logging_mixin.py:190} INFO - [2024-08-22T17:02:51.688+0500] {dagbag.py:587} INFO - Filling up the DagBag from /home/rayyan/redfin_venv/lib/python3.10/site-packages/airflow/example_dags/example_dynamic_task_mapping_with_no_taskflow_operators.py
[2024-08-22T17:02:51.702+0500] {processor.py:925} INFO - DAG(s) 'example_dynamic_task_mapping_with_no_taskflow_operators' retrieved from /home/rayyan/redfin_venv/lib/python3.10/site-packages/airflow/example_dags/example_dynamic_task_mapping_with_no_taskflow_operators.py
[2024-08-22T17:02:51.728+0500] {logging_mixin.py:190} INFO - [2024-08-22T17:02:51.727+0500] {dag.py:3211} INFO - Sync 1 DAGs
[2024-08-22T17:02:51.766+0500] {logging_mixin.py:190} INFO - [2024-08-22T17:02:51.766+0500] {dag.py:4138} INFO - Setting next_dagrun for example_dynamic_task_mapping_with_no_taskflow_operators to 2024-08-21 00:00:00+00:00, run_after=2024-08-22 00:00:00+00:00
[2024-08-22T17:02:51.798+0500] {processor.py:208} INFO - Processing /home/rayyan/redfin_venv/lib/python3.10/site-packages/airflow/example_dags/example_dynamic_task_mapping_with_no_taskflow_operators.py took 0.126 seconds
[2024-08-22T17:03:49.085+0500] {processor.py:186} INFO - Started process (PID=13189) to work on /home/rayyan/redfin_venv/lib/python3.10/site-packages/airflow/example_dags/example_dynamic_task_mapping_with_no_taskflow_operators.py
[2024-08-22T17:03:49.097+0500] {processor.py:914} INFO - Processing file /home/rayyan/redfin_venv/lib/python3.10/site-packages/airflow/example_dags/example_dynamic_task_mapping_with_no_taskflow_operators.py for tasks to queue
[2024-08-22T17:03:49.100+0500] {logging_mixin.py:190} INFO - [2024-08-22T17:03:49.100+0500] {dagbag.py:587} INFO - Filling up the DagBag from /home/rayyan/redfin_venv/lib/python3.10/site-packages/airflow/example_dags/example_dynamic_task_mapping_with_no_taskflow_operators.py
[2024-08-22T17:03:49.113+0500] {processor.py:925} INFO - DAG(s) 'example_dynamic_task_mapping_with_no_taskflow_operators' retrieved from /home/rayyan/redfin_venv/lib/python3.10/site-packages/airflow/example_dags/example_dynamic_task_mapping_with_no_taskflow_operators.py
[2024-08-22T17:03:49.130+0500] {logging_mixin.py:190} INFO - [2024-08-22T17:03:49.129+0500] {dag.py:3211} INFO - Sync 1 DAGs
[2024-08-22T17:03:49.149+0500] {logging_mixin.py:190} INFO - [2024-08-22T17:03:49.149+0500] {dag.py:4138} INFO - Setting next_dagrun for example_dynamic_task_mapping_with_no_taskflow_operators to 2024-08-21 00:00:00+00:00, run_after=2024-08-22 00:00:00+00:00
[2024-08-22T17:03:49.169+0500] {processor.py:208} INFO - Processing /home/rayyan/redfin_venv/lib/python3.10/site-packages/airflow/example_dags/example_dynamic_task_mapping_with_no_taskflow_operators.py took 0.096 seconds
[2024-08-22T17:04:47.646+0500] {processor.py:186} INFO - Started process (PID=13473) to work on /home/rayyan/redfin_venv/lib/python3.10/site-packages/airflow/example_dags/example_dynamic_task_mapping_with_no_taskflow_operators.py
[2024-08-22T17:04:47.658+0500] {processor.py:914} INFO - Processing file /home/rayyan/redfin_venv/lib/python3.10/site-packages/airflow/example_dags/example_dynamic_task_mapping_with_no_taskflow_operators.py for tasks to queue
[2024-08-22T17:04:47.661+0500] {logging_mixin.py:190} INFO - [2024-08-22T17:04:47.661+0500] {dagbag.py:587} INFO - Filling up the DagBag from /home/rayyan/redfin_venv/lib/python3.10/site-packages/airflow/example_dags/example_dynamic_task_mapping_with_no_taskflow_operators.py
[2024-08-22T17:04:47.673+0500] {processor.py:925} INFO - DAG(s) 'example_dynamic_task_mapping_with_no_taskflow_operators' retrieved from /home/rayyan/redfin_venv/lib/python3.10/site-packages/airflow/example_dags/example_dynamic_task_mapping_with_no_taskflow_operators.py
[2024-08-22T17:04:47.690+0500] {logging_mixin.py:190} INFO - [2024-08-22T17:04:47.690+0500] {dag.py:3211} INFO - Sync 1 DAGs
[2024-08-22T17:04:47.709+0500] {logging_mixin.py:190} INFO - [2024-08-22T17:04:47.709+0500] {dag.py:4138} INFO - Setting next_dagrun for example_dynamic_task_mapping_with_no_taskflow_operators to 2024-08-21 00:00:00+00:00, run_after=2024-08-22 00:00:00+00:00
[2024-08-22T17:04:47.730+0500] {processor.py:208} INFO - Processing /home/rayyan/redfin_venv/lib/python3.10/site-packages/airflow/example_dags/example_dynamic_task_mapping_with_no_taskflow_operators.py took 0.096 seconds
[2024-08-22T17:05:42.161+0500] {processor.py:186} INFO - Started process (PID=13739) to work on /home/rayyan/redfin_venv/lib/python3.10/site-packages/airflow/example_dags/example_dynamic_task_mapping_with_no_taskflow_operators.py
[2024-08-22T17:05:42.174+0500] {processor.py:914} INFO - Processing file /home/rayyan/redfin_venv/lib/python3.10/site-packages/airflow/example_dags/example_dynamic_task_mapping_with_no_taskflow_operators.py for tasks to queue
[2024-08-22T17:05:42.177+0500] {logging_mixin.py:190} INFO - [2024-08-22T17:05:42.176+0500] {dagbag.py:587} INFO - Filling up the DagBag from /home/rayyan/redfin_venv/lib/python3.10/site-packages/airflow/example_dags/example_dynamic_task_mapping_with_no_taskflow_operators.py
[2024-08-22T17:05:42.187+0500] {processor.py:925} INFO - DAG(s) 'example_dynamic_task_mapping_with_no_taskflow_operators' retrieved from /home/rayyan/redfin_venv/lib/python3.10/site-packages/airflow/example_dags/example_dynamic_task_mapping_with_no_taskflow_operators.py
[2024-08-22T17:05:42.203+0500] {logging_mixin.py:190} INFO - [2024-08-22T17:05:42.203+0500] {dag.py:3211} INFO - Sync 1 DAGs
[2024-08-22T17:05:42.224+0500] {logging_mixin.py:190} INFO - [2024-08-22T17:05:42.224+0500] {dag.py:4138} INFO - Setting next_dagrun for example_dynamic_task_mapping_with_no_taskflow_operators to 2024-08-21 00:00:00+00:00, run_after=2024-08-22 00:00:00+00:00
[2024-08-22T17:05:42.246+0500] {processor.py:208} INFO - Processing /home/rayyan/redfin_venv/lib/python3.10/site-packages/airflow/example_dags/example_dynamic_task_mapping_with_no_taskflow_operators.py took 0.093 seconds
[2024-08-22T17:06:40.621+0500] {processor.py:186} INFO - Started process (PID=14023) to work on /home/rayyan/redfin_venv/lib/python3.10/site-packages/airflow/example_dags/example_dynamic_task_mapping_with_no_taskflow_operators.py
[2024-08-22T17:06:40.634+0500] {processor.py:914} INFO - Processing file /home/rayyan/redfin_venv/lib/python3.10/site-packages/airflow/example_dags/example_dynamic_task_mapping_with_no_taskflow_operators.py for tasks to queue
[2024-08-22T17:06:40.639+0500] {logging_mixin.py:190} INFO - [2024-08-22T17:06:40.638+0500] {dagbag.py:587} INFO - Filling up the DagBag from /home/rayyan/redfin_venv/lib/python3.10/site-packages/airflow/example_dags/example_dynamic_task_mapping_with_no_taskflow_operators.py
[2024-08-22T17:06:40.656+0500] {processor.py:925} INFO - DAG(s) 'example_dynamic_task_mapping_with_no_taskflow_operators' retrieved from /home/rayyan/redfin_venv/lib/python3.10/site-packages/airflow/example_dags/example_dynamic_task_mapping_with_no_taskflow_operators.py
[2024-08-22T17:06:40.704+0500] {logging_mixin.py:190} INFO - [2024-08-22T17:06:40.704+0500] {dag.py:3211} INFO - Sync 1 DAGs
[2024-08-22T17:06:40.772+0500] {logging_mixin.py:190} INFO - [2024-08-22T17:06:40.772+0500] {dag.py:4138} INFO - Setting next_dagrun for example_dynamic_task_mapping_with_no_taskflow_operators to 2024-08-21 00:00:00+00:00, run_after=2024-08-22 00:00:00+00:00
[2024-08-22T17:06:40.804+0500] {processor.py:208} INFO - Processing /home/rayyan/redfin_venv/lib/python3.10/site-packages/airflow/example_dags/example_dynamic_task_mapping_with_no_taskflow_operators.py took 0.192 seconds
[2024-08-22T17:07:38.139+0500] {processor.py:186} INFO - Started process (PID=14309) to work on /home/rayyan/redfin_venv/lib/python3.10/site-packages/airflow/example_dags/example_dynamic_task_mapping_with_no_taskflow_operators.py
[2024-08-22T17:07:38.141+0500] {processor.py:914} INFO - Processing file /home/rayyan/redfin_venv/lib/python3.10/site-packages/airflow/example_dags/example_dynamic_task_mapping_with_no_taskflow_operators.py for tasks to queue
[2024-08-22T17:07:38.144+0500] {logging_mixin.py:190} INFO - [2024-08-22T17:07:38.143+0500] {dagbag.py:587} INFO - Filling up the DagBag from /home/rayyan/redfin_venv/lib/python3.10/site-packages/airflow/example_dags/example_dynamic_task_mapping_with_no_taskflow_operators.py
[2024-08-22T17:07:38.153+0500] {processor.py:925} INFO - DAG(s) 'example_dynamic_task_mapping_with_no_taskflow_operators' retrieved from /home/rayyan/redfin_venv/lib/python3.10/site-packages/airflow/example_dags/example_dynamic_task_mapping_with_no_taskflow_operators.py
[2024-08-22T17:07:38.172+0500] {logging_mixin.py:190} INFO - [2024-08-22T17:07:38.172+0500] {dag.py:3211} INFO - Sync 1 DAGs
[2024-08-22T17:07:38.195+0500] {logging_mixin.py:190} INFO - [2024-08-22T17:07:38.194+0500] {dag.py:4138} INFO - Setting next_dagrun for example_dynamic_task_mapping_with_no_taskflow_operators to 2024-08-21 00:00:00+00:00, run_after=2024-08-22 00:00:00+00:00
[2024-08-22T17:07:38.222+0500] {processor.py:208} INFO - Processing /home/rayyan/redfin_venv/lib/python3.10/site-packages/airflow/example_dags/example_dynamic_task_mapping_with_no_taskflow_operators.py took 0.090 seconds
