[2024-08-22T16:47:45.478+0500] {processor.py:186} INFO - Started process (PID=3679) to work on /home/rayyan/redfin_venv/lib/python3.10/site-packages/airflow/example_dags/example_latest_only_with_trigger.py
[2024-08-22T16:47:45.479+0500] {processor.py:914} INFO - Processing file /home/rayyan/redfin_venv/lib/python3.10/site-packages/airflow/example_dags/example_latest_only_with_trigger.py for tasks to queue
[2024-08-22T16:47:45.481+0500] {logging_mixin.py:190} INFO - [2024-08-22T16:47:45.480+0500] {dagbag.py:587} INFO - Filling up the DagBag from /home/rayyan/redfin_venv/lib/python3.10/site-packages/airflow/example_dags/example_latest_only_with_trigger.py
[2024-08-22T16:47:45.489+0500] {processor.py:925} INFO - DAG(s) 'latest_only_with_trigger' retrieved from /home/rayyan/redfin_venv/lib/python3.10/site-packages/airflow/example_dags/example_latest_only_with_trigger.py
[2024-08-22T16:47:45.511+0500] {logging_mixin.py:190} INFO - [2024-08-22T16:47:45.511+0500] {dag.py:3211} INFO - Sync 1 DAGs
[2024-08-22T16:47:45.530+0500] {logging_mixin.py:190} INFO - [2024-08-22T16:47:45.530+0500] {dag.py:4138} INFO - Setting next_dagrun for latest_only_with_trigger to 2024-08-22 04:00:00+00:00, run_after=2024-08-22 08:00:00+00:00
[2024-08-22T16:47:45.562+0500] {processor.py:208} INFO - Processing /home/rayyan/redfin_venv/lib/python3.10/site-packages/airflow/example_dags/example_latest_only_with_trigger.py took 0.090 seconds
[2024-08-22T16:48:45.497+0500] {processor.py:186} INFO - Started process (PID=3995) to work on /home/rayyan/redfin_venv/lib/python3.10/site-packages/airflow/example_dags/example_latest_only_with_trigger.py
[2024-08-22T16:48:45.509+0500] {processor.py:914} INFO - Processing file /home/rayyan/redfin_venv/lib/python3.10/site-packages/airflow/example_dags/example_latest_only_with_trigger.py for tasks to queue
[2024-08-22T16:48:45.512+0500] {logging_mixin.py:190} INFO - [2024-08-22T16:48:45.512+0500] {dagbag.py:587} INFO - Filling up the DagBag from /home/rayyan/redfin_venv/lib/python3.10/site-packages/airflow/example_dags/example_latest_only_with_trigger.py
[2024-08-22T16:48:45.522+0500] {processor.py:925} INFO - DAG(s) 'latest_only_with_trigger' retrieved from /home/rayyan/redfin_venv/lib/python3.10/site-packages/airflow/example_dags/example_latest_only_with_trigger.py
[2024-08-22T16:48:45.540+0500] {logging_mixin.py:190} INFO - [2024-08-22T16:48:45.539+0500] {dag.py:3211} INFO - Sync 1 DAGs
[2024-08-22T16:48:45.559+0500] {logging_mixin.py:190} INFO - [2024-08-22T16:48:45.558+0500] {dag.py:4138} INFO - Setting next_dagrun for latest_only_with_trigger to 2024-08-22 04:00:00+00:00, run_after=2024-08-22 08:00:00+00:00
[2024-08-22T16:48:45.580+0500] {processor.py:208} INFO - Processing /home/rayyan/redfin_venv/lib/python3.10/site-packages/airflow/example_dags/example_latest_only_with_trigger.py took 0.091 seconds
[2024-08-22T16:49:42.918+0500] {processor.py:186} INFO - Started process (PID=4276) to work on /home/rayyan/redfin_venv/lib/python3.10/site-packages/airflow/example_dags/example_latest_only_with_trigger.py
[2024-08-22T16:49:42.930+0500] {processor.py:914} INFO - Processing file /home/rayyan/redfin_venv/lib/python3.10/site-packages/airflow/example_dags/example_latest_only_with_trigger.py for tasks to queue
[2024-08-22T16:49:42.934+0500] {logging_mixin.py:190} INFO - [2024-08-22T16:49:42.934+0500] {dagbag.py:587} INFO - Filling up the DagBag from /home/rayyan/redfin_venv/lib/python3.10/site-packages/airflow/example_dags/example_latest_only_with_trigger.py
[2024-08-22T16:49:42.945+0500] {processor.py:925} INFO - DAG(s) 'latest_only_with_trigger' retrieved from /home/rayyan/redfin_venv/lib/python3.10/site-packages/airflow/example_dags/example_latest_only_with_trigger.py
[2024-08-22T16:49:42.964+0500] {logging_mixin.py:190} INFO - [2024-08-22T16:49:42.964+0500] {dag.py:3211} INFO - Sync 1 DAGs
[2024-08-22T16:49:42.983+0500] {logging_mixin.py:190} INFO - [2024-08-22T16:49:42.983+0500] {dag.py:4138} INFO - Setting next_dagrun for latest_only_with_trigger to 2024-08-22 04:00:00+00:00, run_after=2024-08-22 08:00:00+00:00
[2024-08-22T16:49:43.003+0500] {processor.py:208} INFO - Processing /home/rayyan/redfin_venv/lib/python3.10/site-packages/airflow/example_dags/example_latest_only_with_trigger.py took 0.093 seconds
[2024-08-22T16:50:37.631+0500] {processor.py:186} INFO - Started process (PID=4544) to work on /home/rayyan/redfin_venv/lib/python3.10/site-packages/airflow/example_dags/example_latest_only_with_trigger.py
[2024-08-22T16:50:37.642+0500] {processor.py:914} INFO - Processing file /home/rayyan/redfin_venv/lib/python3.10/site-packages/airflow/example_dags/example_latest_only_with_trigger.py for tasks to queue
[2024-08-22T16:50:37.646+0500] {logging_mixin.py:190} INFO - [2024-08-22T16:50:37.645+0500] {dagbag.py:587} INFO - Filling up the DagBag from /home/rayyan/redfin_venv/lib/python3.10/site-packages/airflow/example_dags/example_latest_only_with_trigger.py
[2024-08-22T16:50:37.655+0500] {processor.py:925} INFO - DAG(s) 'latest_only_with_trigger' retrieved from /home/rayyan/redfin_venv/lib/python3.10/site-packages/airflow/example_dags/example_latest_only_with_trigger.py
[2024-08-22T16:50:37.673+0500] {logging_mixin.py:190} INFO - [2024-08-22T16:50:37.672+0500] {dag.py:3211} INFO - Sync 1 DAGs
[2024-08-22T16:50:37.691+0500] {logging_mixin.py:190} INFO - [2024-08-22T16:50:37.691+0500] {dag.py:4138} INFO - Setting next_dagrun for latest_only_with_trigger to 2024-08-22 04:00:00+00:00, run_after=2024-08-22 08:00:00+00:00
[2024-08-22T16:50:37.712+0500] {processor.py:208} INFO - Processing /home/rayyan/redfin_venv/lib/python3.10/site-packages/airflow/example_dags/example_latest_only_with_trigger.py took 0.092 seconds
[2024-08-22T16:51:36.243+0500] {processor.py:186} INFO - Started process (PID=4826) to work on /home/rayyan/redfin_venv/lib/python3.10/site-packages/airflow/example_dags/example_latest_only_with_trigger.py
[2024-08-22T16:51:36.255+0500] {processor.py:914} INFO - Processing file /home/rayyan/redfin_venv/lib/python3.10/site-packages/airflow/example_dags/example_latest_only_with_trigger.py for tasks to queue
[2024-08-22T16:51:36.258+0500] {logging_mixin.py:190} INFO - [2024-08-22T16:51:36.258+0500] {dagbag.py:587} INFO - Filling up the DagBag from /home/rayyan/redfin_venv/lib/python3.10/site-packages/airflow/example_dags/example_latest_only_with_trigger.py
[2024-08-22T16:51:36.268+0500] {processor.py:925} INFO - DAG(s) 'latest_only_with_trigger' retrieved from /home/rayyan/redfin_venv/lib/python3.10/site-packages/airflow/example_dags/example_latest_only_with_trigger.py
[2024-08-22T16:51:36.285+0500] {logging_mixin.py:190} INFO - [2024-08-22T16:51:36.285+0500] {dag.py:3211} INFO - Sync 1 DAGs
[2024-08-22T16:51:36.304+0500] {logging_mixin.py:190} INFO - [2024-08-22T16:51:36.304+0500] {dag.py:4138} INFO - Setting next_dagrun for latest_only_with_trigger to 2024-08-22 04:00:00+00:00, run_after=2024-08-22 08:00:00+00:00
[2024-08-22T16:51:36.325+0500] {processor.py:208} INFO - Processing /home/rayyan/redfin_venv/lib/python3.10/site-packages/airflow/example_dags/example_latest_only_with_trigger.py took 0.091 seconds
[2024-08-22T16:52:35.391+0500] {processor.py:186} INFO - Started process (PID=5110) to work on /home/rayyan/redfin_venv/lib/python3.10/site-packages/airflow/example_dags/example_latest_only_with_trigger.py
[2024-08-22T16:52:35.403+0500] {processor.py:914} INFO - Processing file /home/rayyan/redfin_venv/lib/python3.10/site-packages/airflow/example_dags/example_latest_only_with_trigger.py for tasks to queue
[2024-08-22T16:52:35.406+0500] {logging_mixin.py:190} INFO - [2024-08-22T16:52:35.406+0500] {dagbag.py:587} INFO - Filling up the DagBag from /home/rayyan/redfin_venv/lib/python3.10/site-packages/airflow/example_dags/example_latest_only_with_trigger.py
[2024-08-22T16:52:35.415+0500] {processor.py:925} INFO - DAG(s) 'latest_only_with_trigger' retrieved from /home/rayyan/redfin_venv/lib/python3.10/site-packages/airflow/example_dags/example_latest_only_with_trigger.py
[2024-08-22T16:52:35.432+0500] {logging_mixin.py:190} INFO - [2024-08-22T16:52:35.432+0500] {dag.py:3211} INFO - Sync 1 DAGs
[2024-08-22T16:52:35.452+0500] {logging_mixin.py:190} INFO - [2024-08-22T16:52:35.452+0500] {dag.py:4138} INFO - Setting next_dagrun for latest_only_with_trigger to 2024-08-22 04:00:00+00:00, run_after=2024-08-22 08:00:00+00:00
[2024-08-22T16:52:35.472+0500] {processor.py:208} INFO - Processing /home/rayyan/redfin_venv/lib/python3.10/site-packages/airflow/example_dags/example_latest_only_with_trigger.py took 0.091 seconds
[2024-08-22T16:53:37.940+0500] {processor.py:186} INFO - Started process (PID=5410) to work on /home/rayyan/redfin_venv/lib/python3.10/site-packages/airflow/example_dags/example_latest_only_with_trigger.py
[2024-08-22T16:53:37.941+0500] {processor.py:914} INFO - Processing file /home/rayyan/redfin_venv/lib/python3.10/site-packages/airflow/example_dags/example_latest_only_with_trigger.py for tasks to queue
[2024-08-22T16:53:37.944+0500] {logging_mixin.py:190} INFO - [2024-08-22T16:53:37.944+0500] {dagbag.py:587} INFO - Filling up the DagBag from /home/rayyan/redfin_venv/lib/python3.10/site-packages/airflow/example_dags/example_latest_only_with_trigger.py
[2024-08-22T16:53:37.953+0500] {processor.py:925} INFO - DAG(s) 'latest_only_with_trigger' retrieved from /home/rayyan/redfin_venv/lib/python3.10/site-packages/airflow/example_dags/example_latest_only_with_trigger.py
[2024-08-22T16:53:37.970+0500] {logging_mixin.py:190} INFO - [2024-08-22T16:53:37.970+0500] {dag.py:3211} INFO - Sync 1 DAGs
[2024-08-22T16:53:37.990+0500] {logging_mixin.py:190} INFO - [2024-08-22T16:53:37.989+0500] {dag.py:4138} INFO - Setting next_dagrun for latest_only_with_trigger to 2024-08-22 04:00:00+00:00, run_after=2024-08-22 08:00:00+00:00
[2024-08-22T16:53:38.010+0500] {processor.py:208} INFO - Processing /home/rayyan/redfin_venv/lib/python3.10/site-packages/airflow/example_dags/example_latest_only_with_trigger.py took 0.080 seconds
[2024-08-22T16:54:39.936+0500] {processor.py:186} INFO - Started process (PID=5710) to work on /home/rayyan/redfin_venv/lib/python3.10/site-packages/airflow/example_dags/example_latest_only_with_trigger.py
[2024-08-22T16:54:39.948+0500] {processor.py:914} INFO - Processing file /home/rayyan/redfin_venv/lib/python3.10/site-packages/airflow/example_dags/example_latest_only_with_trigger.py for tasks to queue
[2024-08-22T16:54:39.951+0500] {logging_mixin.py:190} INFO - [2024-08-22T16:54:39.951+0500] {dagbag.py:587} INFO - Filling up the DagBag from /home/rayyan/redfin_venv/lib/python3.10/site-packages/airflow/example_dags/example_latest_only_with_trigger.py
[2024-08-22T16:54:39.959+0500] {processor.py:925} INFO - DAG(s) 'latest_only_with_trigger' retrieved from /home/rayyan/redfin_venv/lib/python3.10/site-packages/airflow/example_dags/example_latest_only_with_trigger.py
[2024-08-22T16:54:39.974+0500] {logging_mixin.py:190} INFO - [2024-08-22T16:54:39.974+0500] {dag.py:3211} INFO - Sync 1 DAGs
[2024-08-22T16:54:39.996+0500] {logging_mixin.py:190} INFO - [2024-08-22T16:54:39.996+0500] {dag.py:4138} INFO - Setting next_dagrun for latest_only_with_trigger to 2024-08-22 04:00:00+00:00, run_after=2024-08-22 08:00:00+00:00
[2024-08-22T16:54:40.017+0500] {processor.py:208} INFO - Processing /home/rayyan/redfin_venv/lib/python3.10/site-packages/airflow/example_dags/example_latest_only_with_trigger.py took 0.088 seconds
[2024-08-22T16:55:41.507+0500] {processor.py:186} INFO - Started process (PID=6008) to work on /home/rayyan/redfin_venv/lib/python3.10/site-packages/airflow/example_dags/example_latest_only_with_trigger.py
[2024-08-22T16:55:41.508+0500] {processor.py:914} INFO - Processing file /home/rayyan/redfin_venv/lib/python3.10/site-packages/airflow/example_dags/example_latest_only_with_trigger.py for tasks to queue
[2024-08-22T16:55:41.512+0500] {logging_mixin.py:190} INFO - [2024-08-22T16:55:41.511+0500] {dagbag.py:587} INFO - Filling up the DagBag from /home/rayyan/redfin_venv/lib/python3.10/site-packages/airflow/example_dags/example_latest_only_with_trigger.py
[2024-08-22T16:55:41.519+0500] {processor.py:925} INFO - DAG(s) 'latest_only_with_trigger' retrieved from /home/rayyan/redfin_venv/lib/python3.10/site-packages/airflow/example_dags/example_latest_only_with_trigger.py
[2024-08-22T16:55:41.537+0500] {logging_mixin.py:190} INFO - [2024-08-22T16:55:41.537+0500] {dag.py:3211} INFO - Sync 1 DAGs
[2024-08-22T16:55:41.559+0500] {logging_mixin.py:190} INFO - [2024-08-22T16:55:41.559+0500] {dag.py:4138} INFO - Setting next_dagrun for latest_only_with_trigger to 2024-08-22 04:00:00+00:00, run_after=2024-08-22 08:00:00+00:00
[2024-08-22T16:55:41.581+0500] {processor.py:208} INFO - Processing /home/rayyan/redfin_venv/lib/python3.10/site-packages/airflow/example_dags/example_latest_only_with_trigger.py took 0.080 seconds
[2024-08-22T16:56:49.382+0500] {processor.py:186} INFO - Started process (PID=6332) to work on /home/rayyan/redfin_venv/lib/python3.10/site-packages/airflow/example_dags/example_latest_only_with_trigger.py
[2024-08-22T16:56:49.394+0500] {processor.py:914} INFO - Processing file /home/rayyan/redfin_venv/lib/python3.10/site-packages/airflow/example_dags/example_latest_only_with_trigger.py for tasks to queue
[2024-08-22T16:56:49.398+0500] {logging_mixin.py:190} INFO - [2024-08-22T16:56:49.397+0500] {dagbag.py:587} INFO - Filling up the DagBag from /home/rayyan/redfin_venv/lib/python3.10/site-packages/airflow/example_dags/example_latest_only_with_trigger.py
[2024-08-22T16:56:49.410+0500] {processor.py:925} INFO - DAG(s) 'latest_only_with_trigger' retrieved from /home/rayyan/redfin_venv/lib/python3.10/site-packages/airflow/example_dags/example_latest_only_with_trigger.py
[2024-08-22T16:56:49.433+0500] {logging_mixin.py:190} INFO - [2024-08-22T16:56:49.432+0500] {dag.py:3211} INFO - Sync 1 DAGs
[2024-08-22T16:56:49.459+0500] {logging_mixin.py:190} INFO - [2024-08-22T16:56:49.459+0500] {dag.py:4138} INFO - Setting next_dagrun for latest_only_with_trigger to 2024-08-22 04:00:00+00:00, run_after=2024-08-22 08:00:00+00:00
[2024-08-22T16:56:49.480+0500] {processor.py:208} INFO - Processing /home/rayyan/redfin_venv/lib/python3.10/site-packages/airflow/example_dags/example_latest_only_with_trigger.py took 0.105 seconds
[2024-08-22T16:57:51.888+0500] {processor.py:186} INFO - Started process (PID=6634) to work on /home/rayyan/redfin_venv/lib/python3.10/site-packages/airflow/example_dags/example_latest_only_with_trigger.py
[2024-08-22T16:57:51.890+0500] {processor.py:914} INFO - Processing file /home/rayyan/redfin_venv/lib/python3.10/site-packages/airflow/example_dags/example_latest_only_with_trigger.py for tasks to queue
[2024-08-22T16:57:51.894+0500] {logging_mixin.py:190} INFO - [2024-08-22T16:57:51.893+0500] {dagbag.py:587} INFO - Filling up the DagBag from /home/rayyan/redfin_venv/lib/python3.10/site-packages/airflow/example_dags/example_latest_only_with_trigger.py
[2024-08-22T16:57:51.903+0500] {processor.py:925} INFO - DAG(s) 'latest_only_with_trigger' retrieved from /home/rayyan/redfin_venv/lib/python3.10/site-packages/airflow/example_dags/example_latest_only_with_trigger.py
[2024-08-22T16:57:51.921+0500] {logging_mixin.py:190} INFO - [2024-08-22T16:57:51.921+0500] {dag.py:3211} INFO - Sync 1 DAGs
[2024-08-22T16:57:51.942+0500] {logging_mixin.py:190} INFO - [2024-08-22T16:57:51.942+0500] {dag.py:4138} INFO - Setting next_dagrun for latest_only_with_trigger to 2024-08-22 04:00:00+00:00, run_after=2024-08-22 08:00:00+00:00
[2024-08-22T16:57:51.968+0500] {processor.py:208} INFO - Processing /home/rayyan/redfin_venv/lib/python3.10/site-packages/airflow/example_dags/example_latest_only_with_trigger.py took 0.089 seconds
[2024-08-22T16:59:01.742+0500] {processor.py:186} INFO - Started process (PID=6977) to work on /home/rayyan/redfin_venv/lib/python3.10/site-packages/airflow/example_dags/example_latest_only_with_trigger.py
[2024-08-22T16:59:01.744+0500] {processor.py:914} INFO - Processing file /home/rayyan/redfin_venv/lib/python3.10/site-packages/airflow/example_dags/example_latest_only_with_trigger.py for tasks to queue
[2024-08-22T16:59:01.748+0500] {logging_mixin.py:190} INFO - [2024-08-22T16:59:01.747+0500] {dagbag.py:587} INFO - Filling up the DagBag from /home/rayyan/redfin_venv/lib/python3.10/site-packages/airflow/example_dags/example_latest_only_with_trigger.py
[2024-08-22T16:59:01.757+0500] {processor.py:925} INFO - DAG(s) 'latest_only_with_trigger' retrieved from /home/rayyan/redfin_venv/lib/python3.10/site-packages/airflow/example_dags/example_latest_only_with_trigger.py
[2024-08-22T16:59:01.777+0500] {logging_mixin.py:190} INFO - [2024-08-22T16:59:01.776+0500] {dag.py:3211} INFO - Sync 1 DAGs
[2024-08-22T16:59:01.984+0500] {logging_mixin.py:190} INFO - [2024-08-22T16:59:01.983+0500] {dag.py:4138} INFO - Setting next_dagrun for latest_only_with_trigger to 2024-08-22 04:00:00+00:00, run_after=2024-08-22 08:00:00+00:00
[2024-08-22T16:59:02.043+0500] {processor.py:208} INFO - Processing /home/rayyan/redfin_venv/lib/python3.10/site-packages/airflow/example_dags/example_latest_only_with_trigger.py took 0.308 seconds
[2024-08-22T17:00:00.940+0500] {processor.py:186} INFO - Started process (PID=7839) to work on /home/rayyan/redfin_venv/lib/python3.10/site-packages/airflow/example_dags/example_latest_only_with_trigger.py
[2024-08-22T17:00:00.942+0500] {processor.py:914} INFO - Processing file /home/rayyan/redfin_venv/lib/python3.10/site-packages/airflow/example_dags/example_latest_only_with_trigger.py for tasks to queue
[2024-08-22T17:00:00.946+0500] {logging_mixin.py:190} INFO - [2024-08-22T17:00:00.945+0500] {dagbag.py:587} INFO - Filling up the DagBag from /home/rayyan/redfin_venv/lib/python3.10/site-packages/airflow/example_dags/example_latest_only_with_trigger.py
[2024-08-22T17:00:00.955+0500] {processor.py:925} INFO - DAG(s) 'latest_only_with_trigger' retrieved from /home/rayyan/redfin_venv/lib/python3.10/site-packages/airflow/example_dags/example_latest_only_with_trigger.py
[2024-08-22T17:00:00.980+0500] {logging_mixin.py:190} INFO - [2024-08-22T17:00:00.979+0500] {dag.py:3211} INFO - Sync 1 DAGs
[2024-08-22T17:00:01.012+0500] {logging_mixin.py:190} INFO - [2024-08-22T17:00:01.011+0500] {dag.py:4138} INFO - Setting next_dagrun for latest_only_with_trigger to 2024-08-22 08:00:00+00:00, run_after=2024-08-22 12:00:00+00:00
[2024-08-22T17:00:01.042+0500] {processor.py:208} INFO - Processing /home/rayyan/redfin_venv/lib/python3.10/site-packages/airflow/example_dags/example_latest_only_with_trigger.py took 0.109 seconds
[2024-08-22T17:01:07.544+0500] {processor.py:186} INFO - Started process (PID=10308) to work on /home/rayyan/redfin_venv/lib/python3.10/site-packages/airflow/example_dags/example_latest_only_with_trigger.py
[2024-08-22T17:01:07.547+0500] {processor.py:914} INFO - Processing file /home/rayyan/redfin_venv/lib/python3.10/site-packages/airflow/example_dags/example_latest_only_with_trigger.py for tasks to queue
[2024-08-22T17:01:07.553+0500] {logging_mixin.py:190} INFO - [2024-08-22T17:01:07.552+0500] {dagbag.py:587} INFO - Filling up the DagBag from /home/rayyan/redfin_venv/lib/python3.10/site-packages/airflow/example_dags/example_latest_only_with_trigger.py
[2024-08-22T17:01:07.577+0500] {processor.py:925} INFO - DAG(s) 'latest_only_with_trigger' retrieved from /home/rayyan/redfin_venv/lib/python3.10/site-packages/airflow/example_dags/example_latest_only_with_trigger.py
[2024-08-22T17:01:07.635+0500] {logging_mixin.py:190} INFO - [2024-08-22T17:01:07.634+0500] {dag.py:3211} INFO - Sync 1 DAGs
[2024-08-22T17:01:07.687+0500] {logging_mixin.py:190} INFO - [2024-08-22T17:01:07.687+0500] {dag.py:4138} INFO - Setting next_dagrun for latest_only_with_trigger to 2024-08-22 08:00:00+00:00, run_after=2024-08-22 12:00:00+00:00
[2024-08-22T17:01:07.738+0500] {processor.py:208} INFO - Processing /home/rayyan/redfin_venv/lib/python3.10/site-packages/airflow/example_dags/example_latest_only_with_trigger.py took 0.217 seconds
[2024-08-22T17:02:18.755+0500] {processor.py:186} INFO - Started process (PID=12751) to work on /home/rayyan/redfin_venv/lib/python3.10/site-packages/airflow/example_dags/example_latest_only_with_trigger.py
[2024-08-22T17:02:18.758+0500] {processor.py:914} INFO - Processing file /home/rayyan/redfin_venv/lib/python3.10/site-packages/airflow/example_dags/example_latest_only_with_trigger.py for tasks to queue
[2024-08-22T17:02:18.764+0500] {logging_mixin.py:190} INFO - [2024-08-22T17:02:18.763+0500] {dagbag.py:587} INFO - Filling up the DagBag from /home/rayyan/redfin_venv/lib/python3.10/site-packages/airflow/example_dags/example_latest_only_with_trigger.py
[2024-08-22T17:02:18.775+0500] {processor.py:925} INFO - DAG(s) 'latest_only_with_trigger' retrieved from /home/rayyan/redfin_venv/lib/python3.10/site-packages/airflow/example_dags/example_latest_only_with_trigger.py
[2024-08-22T17:02:18.801+0500] {logging_mixin.py:190} INFO - [2024-08-22T17:02:18.800+0500] {dag.py:3211} INFO - Sync 1 DAGs
[2024-08-22T17:02:18.829+0500] {logging_mixin.py:190} INFO - [2024-08-22T17:02:18.829+0500] {dag.py:4138} INFO - Setting next_dagrun for latest_only_with_trigger to 2024-08-22 08:00:00+00:00, run_after=2024-08-22 12:00:00+00:00
[2024-08-22T17:02:18.860+0500] {processor.py:208} INFO - Processing /home/rayyan/redfin_venv/lib/python3.10/site-packages/airflow/example_dags/example_latest_only_with_trigger.py took 0.120 seconds
[2024-08-22T17:03:19.356+0500] {processor.py:186} INFO - Started process (PID=13045) to work on /home/rayyan/redfin_venv/lib/python3.10/site-packages/airflow/example_dags/example_latest_only_with_trigger.py
[2024-08-22T17:03:19.368+0500] {processor.py:914} INFO - Processing file /home/rayyan/redfin_venv/lib/python3.10/site-packages/airflow/example_dags/example_latest_only_with_trigger.py for tasks to queue
[2024-08-22T17:03:19.372+0500] {logging_mixin.py:190} INFO - [2024-08-22T17:03:19.372+0500] {dagbag.py:587} INFO - Filling up the DagBag from /home/rayyan/redfin_venv/lib/python3.10/site-packages/airflow/example_dags/example_latest_only_with_trigger.py
[2024-08-22T17:03:19.381+0500] {processor.py:925} INFO - DAG(s) 'latest_only_with_trigger' retrieved from /home/rayyan/redfin_venv/lib/python3.10/site-packages/airflow/example_dags/example_latest_only_with_trigger.py
[2024-08-22T17:03:19.398+0500] {logging_mixin.py:190} INFO - [2024-08-22T17:03:19.398+0500] {dag.py:3211} INFO - Sync 1 DAGs
[2024-08-22T17:03:19.428+0500] {logging_mixin.py:190} INFO - [2024-08-22T17:03:19.428+0500] {dag.py:4138} INFO - Setting next_dagrun for latest_only_with_trigger to 2024-08-22 08:00:00+00:00, run_after=2024-08-22 12:00:00+00:00
[2024-08-22T17:03:19.453+0500] {processor.py:208} INFO - Processing /home/rayyan/redfin_venv/lib/python3.10/site-packages/airflow/example_dags/example_latest_only_with_trigger.py took 0.109 seconds
[2024-08-22T17:04:18.949+0500] {processor.py:186} INFO - Started process (PID=13332) to work on /home/rayyan/redfin_venv/lib/python3.10/site-packages/airflow/example_dags/example_latest_only_with_trigger.py
[2024-08-22T17:04:18.961+0500] {processor.py:914} INFO - Processing file /home/rayyan/redfin_venv/lib/python3.10/site-packages/airflow/example_dags/example_latest_only_with_trigger.py for tasks to queue
[2024-08-22T17:04:18.964+0500] {logging_mixin.py:190} INFO - [2024-08-22T17:04:18.964+0500] {dagbag.py:587} INFO - Filling up the DagBag from /home/rayyan/redfin_venv/lib/python3.10/site-packages/airflow/example_dags/example_latest_only_with_trigger.py
[2024-08-22T17:04:18.972+0500] {processor.py:925} INFO - DAG(s) 'latest_only_with_trigger' retrieved from /home/rayyan/redfin_venv/lib/python3.10/site-packages/airflow/example_dags/example_latest_only_with_trigger.py
[2024-08-22T17:04:18.988+0500] {logging_mixin.py:190} INFO - [2024-08-22T17:04:18.988+0500] {dag.py:3211} INFO - Sync 1 DAGs
[2024-08-22T17:04:19.009+0500] {logging_mixin.py:190} INFO - [2024-08-22T17:04:19.008+0500] {dag.py:4138} INFO - Setting next_dagrun for latest_only_with_trigger to 2024-08-22 08:00:00+00:00, run_after=2024-08-22 12:00:00+00:00
[2024-08-22T17:04:19.031+0500] {processor.py:208} INFO - Processing /home/rayyan/redfin_venv/lib/python3.10/site-packages/airflow/example_dags/example_latest_only_with_trigger.py took 0.090 seconds
[2024-08-22T17:05:13.658+0500] {processor.py:186} INFO - Started process (PID=13599) to work on /home/rayyan/redfin_venv/lib/python3.10/site-packages/airflow/example_dags/example_latest_only_with_trigger.py
[2024-08-22T17:05:13.659+0500] {processor.py:914} INFO - Processing file /home/rayyan/redfin_venv/lib/python3.10/site-packages/airflow/example_dags/example_latest_only_with_trigger.py for tasks to queue
[2024-08-22T17:05:13.662+0500] {logging_mixin.py:190} INFO - [2024-08-22T17:05:13.662+0500] {dagbag.py:587} INFO - Filling up the DagBag from /home/rayyan/redfin_venv/lib/python3.10/site-packages/airflow/example_dags/example_latest_only_with_trigger.py
[2024-08-22T17:05:13.670+0500] {processor.py:925} INFO - DAG(s) 'latest_only_with_trigger' retrieved from /home/rayyan/redfin_venv/lib/python3.10/site-packages/airflow/example_dags/example_latest_only_with_trigger.py
[2024-08-22T17:05:13.687+0500] {logging_mixin.py:190} INFO - [2024-08-22T17:05:13.686+0500] {dag.py:3211} INFO - Sync 1 DAGs
[2024-08-22T17:05:13.706+0500] {logging_mixin.py:190} INFO - [2024-08-22T17:05:13.706+0500] {dag.py:4138} INFO - Setting next_dagrun for latest_only_with_trigger to 2024-08-22 08:00:00+00:00, run_after=2024-08-22 12:00:00+00:00
[2024-08-22T17:05:13.727+0500] {processor.py:208} INFO - Processing /home/rayyan/redfin_venv/lib/python3.10/site-packages/airflow/example_dags/example_latest_only_with_trigger.py took 0.075 seconds
[2024-08-22T17:06:09.426+0500] {processor.py:186} INFO - Started process (PID=13870) to work on /home/rayyan/redfin_venv/lib/python3.10/site-packages/airflow/example_dags/example_latest_only_with_trigger.py
[2024-08-22T17:06:09.428+0500] {processor.py:914} INFO - Processing file /home/rayyan/redfin_venv/lib/python3.10/site-packages/airflow/example_dags/example_latest_only_with_trigger.py for tasks to queue
[2024-08-22T17:06:09.431+0500] {logging_mixin.py:190} INFO - [2024-08-22T17:06:09.431+0500] {dagbag.py:587} INFO - Filling up the DagBag from /home/rayyan/redfin_venv/lib/python3.10/site-packages/airflow/example_dags/example_latest_only_with_trigger.py
[2024-08-22T17:06:09.440+0500] {processor.py:925} INFO - DAG(s) 'latest_only_with_trigger' retrieved from /home/rayyan/redfin_venv/lib/python3.10/site-packages/airflow/example_dags/example_latest_only_with_trigger.py
[2024-08-22T17:06:09.456+0500] {logging_mixin.py:190} INFO - [2024-08-22T17:06:09.456+0500] {dag.py:3211} INFO - Sync 1 DAGs
[2024-08-22T17:06:09.477+0500] {logging_mixin.py:190} INFO - [2024-08-22T17:06:09.477+0500] {dag.py:4138} INFO - Setting next_dagrun for latest_only_with_trigger to 2024-08-22 08:00:00+00:00, run_after=2024-08-22 12:00:00+00:00
[2024-08-22T17:06:09.498+0500] {processor.py:208} INFO - Processing /home/rayyan/redfin_venv/lib/python3.10/site-packages/airflow/example_dags/example_latest_only_with_trigger.py took 0.082 seconds
[2024-08-22T17:07:09.729+0500] {processor.py:186} INFO - Started process (PID=14167) to work on /home/rayyan/redfin_venv/lib/python3.10/site-packages/airflow/example_dags/example_latest_only_with_trigger.py
[2024-08-22T17:07:09.733+0500] {processor.py:914} INFO - Processing file /home/rayyan/redfin_venv/lib/python3.10/site-packages/airflow/example_dags/example_latest_only_with_trigger.py for tasks to queue
[2024-08-22T17:07:09.738+0500] {logging_mixin.py:190} INFO - [2024-08-22T17:07:09.737+0500] {dagbag.py:587} INFO - Filling up the DagBag from /home/rayyan/redfin_venv/lib/python3.10/site-packages/airflow/example_dags/example_latest_only_with_trigger.py
[2024-08-22T17:07:09.746+0500] {processor.py:925} INFO - DAG(s) 'latest_only_with_trigger' retrieved from /home/rayyan/redfin_venv/lib/python3.10/site-packages/airflow/example_dags/example_latest_only_with_trigger.py
[2024-08-22T17:07:09.764+0500] {logging_mixin.py:190} INFO - [2024-08-22T17:07:09.764+0500] {dag.py:3211} INFO - Sync 1 DAGs
[2024-08-22T17:07:09.784+0500] {logging_mixin.py:190} INFO - [2024-08-22T17:07:09.784+0500] {dag.py:4138} INFO - Setting next_dagrun for latest_only_with_trigger to 2024-08-22 08:00:00+00:00, run_after=2024-08-22 12:00:00+00:00
[2024-08-22T17:07:09.803+0500] {processor.py:208} INFO - Processing /home/rayyan/redfin_venv/lib/python3.10/site-packages/airflow/example_dags/example_latest_only_with_trigger.py took 0.084 seconds
