[2024-08-22T16:47:35.319+0500] {processor.py:186} INFO - Started process (PID=3630) to work on /home/rayyan/redfin_venv/lib/python3.10/site-packages/airflow/example_dags/example_latest_only.py
[2024-08-22T16:47:35.320+0500] {processor.py:914} INFO - Processing file /home/rayyan/redfin_venv/lib/python3.10/site-packages/airflow/example_dags/example_latest_only.py for tasks to queue
[2024-08-22T16:47:35.323+0500] {logging_mixin.py:190} INFO - [2024-08-22T16:47:35.323+0500] {dagbag.py:587} INFO - Filling up the DagBag from /home/rayyan/redfin_venv/lib/python3.10/site-packages/airflow/example_dags/example_latest_only.py
[2024-08-22T16:47:35.335+0500] {processor.py:925} INFO - DAG(s) 'latest_only' retrieved from /home/rayyan/redfin_venv/lib/python3.10/site-packages/airflow/example_dags/example_latest_only.py
[2024-08-22T16:47:35.357+0500] {logging_mixin.py:190} INFO - [2024-08-22T16:47:35.357+0500] {dag.py:3211} INFO - Sync 1 DAGs
[2024-08-22T16:47:35.381+0500] {logging_mixin.py:190} INFO - [2024-08-22T16:47:35.380+0500] {dag.py:4138} INFO - Setting next_dagrun for latest_only to 2024-08-22 04:00:00+00:00, run_after=2024-08-22 08:00:00+00:00
[2024-08-22T16:47:35.404+0500] {processor.py:208} INFO - Processing /home/rayyan/redfin_venv/lib/python3.10/site-packages/airflow/example_dags/example_latest_only.py took 0.092 seconds
[2024-08-22T16:48:35.572+0500] {processor.py:186} INFO - Started process (PID=3947) to work on /home/rayyan/redfin_venv/lib/python3.10/site-packages/airflow/example_dags/example_latest_only.py
[2024-08-22T16:48:35.583+0500] {processor.py:914} INFO - Processing file /home/rayyan/redfin_venv/lib/python3.10/site-packages/airflow/example_dags/example_latest_only.py for tasks to queue
[2024-08-22T16:48:35.585+0500] {logging_mixin.py:190} INFO - [2024-08-22T16:48:35.585+0500] {dagbag.py:587} INFO - Filling up the DagBag from /home/rayyan/redfin_venv/lib/python3.10/site-packages/airflow/example_dags/example_latest_only.py
[2024-08-22T16:48:35.593+0500] {processor.py:925} INFO - DAG(s) 'latest_only' retrieved from /home/rayyan/redfin_venv/lib/python3.10/site-packages/airflow/example_dags/example_latest_only.py
[2024-08-22T16:48:35.608+0500] {logging_mixin.py:190} INFO - [2024-08-22T16:48:35.608+0500] {dag.py:3211} INFO - Sync 1 DAGs
[2024-08-22T16:48:35.628+0500] {logging_mixin.py:190} INFO - [2024-08-22T16:48:35.627+0500] {dag.py:4138} INFO - Setting next_dagrun for latest_only to 2024-08-22 04:00:00+00:00, run_after=2024-08-22 08:00:00+00:00
[2024-08-22T16:48:35.650+0500] {processor.py:208} INFO - Processing /home/rayyan/redfin_venv/lib/python3.10/site-packages/airflow/example_dags/example_latest_only.py took 0.085 seconds
[2024-08-22T16:49:32.869+0500] {processor.py:186} INFO - Started process (PID=4227) to work on /home/rayyan/redfin_venv/lib/python3.10/site-packages/airflow/example_dags/example_latest_only.py
[2024-08-22T16:49:32.870+0500] {processor.py:914} INFO - Processing file /home/rayyan/redfin_venv/lib/python3.10/site-packages/airflow/example_dags/example_latest_only.py for tasks to queue
[2024-08-22T16:49:32.873+0500] {logging_mixin.py:190} INFO - [2024-08-22T16:49:32.873+0500] {dagbag.py:587} INFO - Filling up the DagBag from /home/rayyan/redfin_venv/lib/python3.10/site-packages/airflow/example_dags/example_latest_only.py
[2024-08-22T16:49:32.881+0500] {processor.py:925} INFO - DAG(s) 'latest_only' retrieved from /home/rayyan/redfin_venv/lib/python3.10/site-packages/airflow/example_dags/example_latest_only.py
[2024-08-22T16:49:32.896+0500] {logging_mixin.py:190} INFO - [2024-08-22T16:49:32.896+0500] {dag.py:3211} INFO - Sync 1 DAGs
[2024-08-22T16:49:32.915+0500] {logging_mixin.py:190} INFO - [2024-08-22T16:49:32.915+0500] {dag.py:4138} INFO - Setting next_dagrun for latest_only to 2024-08-22 04:00:00+00:00, run_after=2024-08-22 08:00:00+00:00
[2024-08-22T16:49:32.937+0500] {processor.py:208} INFO - Processing /home/rayyan/redfin_venv/lib/python3.10/site-packages/airflow/example_dags/example_latest_only.py took 0.077 seconds
[2024-08-22T16:50:28.473+0500] {processor.py:186} INFO - Started process (PID=4499) to work on /home/rayyan/redfin_venv/lib/python3.10/site-packages/airflow/example_dags/example_latest_only.py
[2024-08-22T16:50:28.485+0500] {processor.py:914} INFO - Processing file /home/rayyan/redfin_venv/lib/python3.10/site-packages/airflow/example_dags/example_latest_only.py for tasks to queue
[2024-08-22T16:50:28.488+0500] {logging_mixin.py:190} INFO - [2024-08-22T16:50:28.487+0500] {dagbag.py:587} INFO - Filling up the DagBag from /home/rayyan/redfin_venv/lib/python3.10/site-packages/airflow/example_dags/example_latest_only.py
[2024-08-22T16:50:28.496+0500] {processor.py:925} INFO - DAG(s) 'latest_only' retrieved from /home/rayyan/redfin_venv/lib/python3.10/site-packages/airflow/example_dags/example_latest_only.py
[2024-08-22T16:50:28.512+0500] {logging_mixin.py:190} INFO - [2024-08-22T16:50:28.512+0500] {dag.py:3211} INFO - Sync 1 DAGs
[2024-08-22T16:50:28.531+0500] {logging_mixin.py:190} INFO - [2024-08-22T16:50:28.531+0500] {dag.py:4138} INFO - Setting next_dagrun for latest_only to 2024-08-22 04:00:00+00:00, run_after=2024-08-22 08:00:00+00:00
[2024-08-22T16:50:28.552+0500] {processor.py:208} INFO - Processing /home/rayyan/redfin_venv/lib/python3.10/site-packages/airflow/example_dags/example_latest_only.py took 0.087 seconds
[2024-08-22T16:51:26.074+0500] {processor.py:186} INFO - Started process (PID=4777) to work on /home/rayyan/redfin_venv/lib/python3.10/site-packages/airflow/example_dags/example_latest_only.py
[2024-08-22T16:51:26.075+0500] {processor.py:914} INFO - Processing file /home/rayyan/redfin_venv/lib/python3.10/site-packages/airflow/example_dags/example_latest_only.py for tasks to queue
[2024-08-22T16:51:26.078+0500] {logging_mixin.py:190} INFO - [2024-08-22T16:51:26.078+0500] {dagbag.py:587} INFO - Filling up the DagBag from /home/rayyan/redfin_venv/lib/python3.10/site-packages/airflow/example_dags/example_latest_only.py
[2024-08-22T16:51:26.086+0500] {processor.py:925} INFO - DAG(s) 'latest_only' retrieved from /home/rayyan/redfin_venv/lib/python3.10/site-packages/airflow/example_dags/example_latest_only.py
[2024-08-22T16:51:26.101+0500] {logging_mixin.py:190} INFO - [2024-08-22T16:51:26.101+0500] {dag.py:3211} INFO - Sync 1 DAGs
[2024-08-22T16:51:26.121+0500] {logging_mixin.py:190} INFO - [2024-08-22T16:51:26.120+0500] {dag.py:4138} INFO - Setting next_dagrun for latest_only to 2024-08-22 04:00:00+00:00, run_after=2024-08-22 08:00:00+00:00
[2024-08-22T16:51:26.140+0500] {processor.py:208} INFO - Processing /home/rayyan/redfin_venv/lib/python3.10/site-packages/airflow/example_dags/example_latest_only.py took 0.072 seconds
[2024-08-22T16:52:25.055+0500] {processor.py:186} INFO - Started process (PID=5060) to work on /home/rayyan/redfin_venv/lib/python3.10/site-packages/airflow/example_dags/example_latest_only.py
[2024-08-22T16:52:25.056+0500] {processor.py:914} INFO - Processing file /home/rayyan/redfin_venv/lib/python3.10/site-packages/airflow/example_dags/example_latest_only.py for tasks to queue
[2024-08-22T16:52:25.058+0500] {logging_mixin.py:190} INFO - [2024-08-22T16:52:25.058+0500] {dagbag.py:587} INFO - Filling up the DagBag from /home/rayyan/redfin_venv/lib/python3.10/site-packages/airflow/example_dags/example_latest_only.py
[2024-08-22T16:52:25.066+0500] {processor.py:925} INFO - DAG(s) 'latest_only' retrieved from /home/rayyan/redfin_venv/lib/python3.10/site-packages/airflow/example_dags/example_latest_only.py
[2024-08-22T16:52:25.081+0500] {logging_mixin.py:190} INFO - [2024-08-22T16:52:25.081+0500] {dag.py:3211} INFO - Sync 1 DAGs
[2024-08-22T16:52:25.101+0500] {logging_mixin.py:190} INFO - [2024-08-22T16:52:25.100+0500] {dag.py:4138} INFO - Setting next_dagrun for latest_only to 2024-08-22 04:00:00+00:00, run_after=2024-08-22 08:00:00+00:00
[2024-08-22T16:52:25.124+0500] {processor.py:208} INFO - Processing /home/rayyan/redfin_venv/lib/python3.10/site-packages/airflow/example_dags/example_latest_only.py took 0.078 seconds
[2024-08-22T16:53:28.776+0500] {processor.py:186} INFO - Started process (PID=5365) to work on /home/rayyan/redfin_venv/lib/python3.10/site-packages/airflow/example_dags/example_latest_only.py
[2024-08-22T16:53:28.789+0500] {processor.py:914} INFO - Processing file /home/rayyan/redfin_venv/lib/python3.10/site-packages/airflow/example_dags/example_latest_only.py for tasks to queue
[2024-08-22T16:53:28.792+0500] {logging_mixin.py:190} INFO - [2024-08-22T16:53:28.792+0500] {dagbag.py:587} INFO - Filling up the DagBag from /home/rayyan/redfin_venv/lib/python3.10/site-packages/airflow/example_dags/example_latest_only.py
[2024-08-22T16:53:28.800+0500] {processor.py:925} INFO - DAG(s) 'latest_only' retrieved from /home/rayyan/redfin_venv/lib/python3.10/site-packages/airflow/example_dags/example_latest_only.py
[2024-08-22T16:53:28.815+0500] {logging_mixin.py:190} INFO - [2024-08-22T16:53:28.814+0500] {dag.py:3211} INFO - Sync 1 DAGs
[2024-08-22T16:53:28.834+0500] {logging_mixin.py:190} INFO - [2024-08-22T16:53:28.834+0500] {dag.py:4138} INFO - Setting next_dagrun for latest_only to 2024-08-22 04:00:00+00:00, run_after=2024-08-22 08:00:00+00:00
[2024-08-22T16:53:28.855+0500] {processor.py:208} INFO - Processing /home/rayyan/redfin_venv/lib/python3.10/site-packages/airflow/example_dags/example_latest_only.py took 0.087 seconds
[2024-08-22T16:54:30.119+0500] {processor.py:186} INFO - Started process (PID=5661) to work on /home/rayyan/redfin_venv/lib/python3.10/site-packages/airflow/example_dags/example_latest_only.py
[2024-08-22T16:54:30.120+0500] {processor.py:914} INFO - Processing file /home/rayyan/redfin_venv/lib/python3.10/site-packages/airflow/example_dags/example_latest_only.py for tasks to queue
[2024-08-22T16:54:30.122+0500] {logging_mixin.py:190} INFO - [2024-08-22T16:54:30.122+0500] {dagbag.py:587} INFO - Filling up the DagBag from /home/rayyan/redfin_venv/lib/python3.10/site-packages/airflow/example_dags/example_latest_only.py
[2024-08-22T16:54:30.131+0500] {processor.py:925} INFO - DAG(s) 'latest_only' retrieved from /home/rayyan/redfin_venv/lib/python3.10/site-packages/airflow/example_dags/example_latest_only.py
[2024-08-22T16:54:30.147+0500] {logging_mixin.py:190} INFO - [2024-08-22T16:54:30.147+0500] {dag.py:3211} INFO - Sync 1 DAGs
[2024-08-22T16:54:30.167+0500] {logging_mixin.py:190} INFO - [2024-08-22T16:54:30.167+0500] {dag.py:4138} INFO - Setting next_dagrun for latest_only to 2024-08-22 04:00:00+00:00, run_after=2024-08-22 08:00:00+00:00
[2024-08-22T16:54:30.188+0500] {processor.py:208} INFO - Processing /home/rayyan/redfin_venv/lib/python3.10/site-packages/airflow/example_dags/example_latest_only.py took 0.074 seconds
[2024-08-22T16:55:31.409+0500] {processor.py:186} INFO - Started process (PID=5957) to work on /home/rayyan/redfin_venv/lib/python3.10/site-packages/airflow/example_dags/example_latest_only.py
[2024-08-22T16:55:31.421+0500] {processor.py:914} INFO - Processing file /home/rayyan/redfin_venv/lib/python3.10/site-packages/airflow/example_dags/example_latest_only.py for tasks to queue
[2024-08-22T16:55:31.423+0500] {logging_mixin.py:190} INFO - [2024-08-22T16:55:31.423+0500] {dagbag.py:587} INFO - Filling up the DagBag from /home/rayyan/redfin_venv/lib/python3.10/site-packages/airflow/example_dags/example_latest_only.py
[2024-08-22T16:55:31.430+0500] {processor.py:925} INFO - DAG(s) 'latest_only' retrieved from /home/rayyan/redfin_venv/lib/python3.10/site-packages/airflow/example_dags/example_latest_only.py
[2024-08-22T16:55:31.448+0500] {logging_mixin.py:190} INFO - [2024-08-22T16:55:31.447+0500] {dag.py:3211} INFO - Sync 1 DAGs
[2024-08-22T16:55:31.470+0500] {logging_mixin.py:190} INFO - [2024-08-22T16:55:31.470+0500] {dag.py:4138} INFO - Setting next_dagrun for latest_only to 2024-08-22 04:00:00+00:00, run_after=2024-08-22 08:00:00+00:00
[2024-08-22T16:55:31.492+0500] {processor.py:208} INFO - Processing /home/rayyan/redfin_venv/lib/python3.10/site-packages/airflow/example_dags/example_latest_only.py took 0.096 seconds
[2024-08-22T16:56:39.669+0500] {processor.py:186} INFO - Started process (PID=6284) to work on /home/rayyan/redfin_venv/lib/python3.10/site-packages/airflow/example_dags/example_latest_only.py
[2024-08-22T16:56:39.681+0500] {processor.py:914} INFO - Processing file /home/rayyan/redfin_venv/lib/python3.10/site-packages/airflow/example_dags/example_latest_only.py for tasks to queue
[2024-08-22T16:56:39.684+0500] {logging_mixin.py:190} INFO - [2024-08-22T16:56:39.683+0500] {dagbag.py:587} INFO - Filling up the DagBag from /home/rayyan/redfin_venv/lib/python3.10/site-packages/airflow/example_dags/example_latest_only.py
[2024-08-22T16:56:39.693+0500] {processor.py:925} INFO - DAG(s) 'latest_only' retrieved from /home/rayyan/redfin_venv/lib/python3.10/site-packages/airflow/example_dags/example_latest_only.py
[2024-08-22T16:56:39.709+0500] {logging_mixin.py:190} INFO - [2024-08-22T16:56:39.709+0500] {dag.py:3211} INFO - Sync 1 DAGs
[2024-08-22T16:56:39.728+0500] {logging_mixin.py:190} INFO - [2024-08-22T16:56:39.728+0500] {dag.py:4138} INFO - Setting next_dagrun for latest_only to 2024-08-22 04:00:00+00:00, run_after=2024-08-22 08:00:00+00:00
[2024-08-22T16:56:39.749+0500] {processor.py:208} INFO - Processing /home/rayyan/redfin_venv/lib/python3.10/site-packages/airflow/example_dags/example_latest_only.py took 0.086 seconds
[2024-08-22T16:57:41.742+0500] {processor.py:186} INFO - Started process (PID=6583) to work on /home/rayyan/redfin_venv/lib/python3.10/site-packages/airflow/example_dags/example_latest_only.py
[2024-08-22T16:57:41.745+0500] {processor.py:914} INFO - Processing file /home/rayyan/redfin_venv/lib/python3.10/site-packages/airflow/example_dags/example_latest_only.py for tasks to queue
[2024-08-22T16:57:41.748+0500] {logging_mixin.py:190} INFO - [2024-08-22T16:57:41.747+0500] {dagbag.py:587} INFO - Filling up the DagBag from /home/rayyan/redfin_venv/lib/python3.10/site-packages/airflow/example_dags/example_latest_only.py
[2024-08-22T16:57:41.756+0500] {processor.py:925} INFO - DAG(s) 'latest_only' retrieved from /home/rayyan/redfin_venv/lib/python3.10/site-packages/airflow/example_dags/example_latest_only.py
[2024-08-22T16:57:41.771+0500] {logging_mixin.py:190} INFO - [2024-08-22T16:57:41.771+0500] {dag.py:3211} INFO - Sync 1 DAGs
[2024-08-22T16:57:41.790+0500] {logging_mixin.py:190} INFO - [2024-08-22T16:57:41.790+0500] {dag.py:4138} INFO - Setting next_dagrun for latest_only to 2024-08-22 04:00:00+00:00, run_after=2024-08-22 08:00:00+00:00
[2024-08-22T16:57:41.811+0500] {processor.py:208} INFO - Processing /home/rayyan/redfin_venv/lib/python3.10/site-packages/airflow/example_dags/example_latest_only.py took 0.080 seconds
[2024-08-22T16:58:48.985+0500] {processor.py:186} INFO - Started process (PID=6912) to work on /home/rayyan/redfin_venv/lib/python3.10/site-packages/airflow/example_dags/example_latest_only.py
[2024-08-22T16:58:48.998+0500] {processor.py:914} INFO - Processing file /home/rayyan/redfin_venv/lib/python3.10/site-packages/airflow/example_dags/example_latest_only.py for tasks to queue
[2024-08-22T16:58:49.001+0500] {logging_mixin.py:190} INFO - [2024-08-22T16:58:49.000+0500] {dagbag.py:587} INFO - Filling up the DagBag from /home/rayyan/redfin_venv/lib/python3.10/site-packages/airflow/example_dags/example_latest_only.py
[2024-08-22T16:58:49.009+0500] {processor.py:925} INFO - DAG(s) 'latest_only' retrieved from /home/rayyan/redfin_venv/lib/python3.10/site-packages/airflow/example_dags/example_latest_only.py
[2024-08-22T16:58:49.027+0500] {logging_mixin.py:190} INFO - [2024-08-22T16:58:49.026+0500] {dag.py:3211} INFO - Sync 1 DAGs
[2024-08-22T16:58:49.171+0500] {logging_mixin.py:190} INFO - [2024-08-22T16:58:49.170+0500] {dag.py:4138} INFO - Setting next_dagrun for latest_only to 2024-08-22 04:00:00+00:00, run_after=2024-08-22 08:00:00+00:00
[2024-08-22T16:58:49.196+0500] {processor.py:208} INFO - Processing /home/rayyan/redfin_venv/lib/python3.10/site-packages/airflow/example_dags/example_latest_only.py took 0.220 seconds
[2024-08-22T16:59:50.414+0500] {processor.py:186} INFO - Started process (PID=7486) to work on /home/rayyan/redfin_venv/lib/python3.10/site-packages/airflow/example_dags/example_latest_only.py
[2024-08-22T16:59:50.426+0500] {processor.py:914} INFO - Processing file /home/rayyan/redfin_venv/lib/python3.10/site-packages/airflow/example_dags/example_latest_only.py for tasks to queue
[2024-08-22T16:59:50.429+0500] {logging_mixin.py:190} INFO - [2024-08-22T16:59:50.429+0500] {dagbag.py:587} INFO - Filling up the DagBag from /home/rayyan/redfin_venv/lib/python3.10/site-packages/airflow/example_dags/example_latest_only.py
[2024-08-22T16:59:50.437+0500] {processor.py:925} INFO - DAG(s) 'latest_only' retrieved from /home/rayyan/redfin_venv/lib/python3.10/site-packages/airflow/example_dags/example_latest_only.py
[2024-08-22T16:59:50.456+0500] {logging_mixin.py:190} INFO - [2024-08-22T16:59:50.456+0500] {dag.py:3211} INFO - Sync 1 DAGs
[2024-08-22T16:59:50.485+0500] {logging_mixin.py:190} INFO - [2024-08-22T16:59:50.484+0500] {dag.py:4138} INFO - Setting next_dagrun for latest_only to 2024-08-22 04:00:00+00:00, run_after=2024-08-22 08:00:00+00:00
[2024-08-22T16:59:50.513+0500] {processor.py:208} INFO - Processing /home/rayyan/redfin_venv/lib/python3.10/site-packages/airflow/example_dags/example_latest_only.py took 0.107 seconds
[2024-08-22T17:00:25.959+0500] {processor.py:186} INFO - Started process (PID=8676) to work on /home/rayyan/redfin_venv/lib/python3.10/site-packages/airflow/example_dags/example_latest_only.py
[2024-08-22T17:00:25.962+0500] {processor.py:914} INFO - Processing file /home/rayyan/redfin_venv/lib/python3.10/site-packages/airflow/example_dags/example_latest_only.py for tasks to queue
[2024-08-22T17:00:25.968+0500] {logging_mixin.py:190} INFO - [2024-08-22T17:00:25.966+0500] {dagbag.py:587} INFO - Filling up the DagBag from /home/rayyan/redfin_venv/lib/python3.10/site-packages/airflow/example_dags/example_latest_only.py
[2024-08-22T17:00:25.980+0500] {processor.py:925} INFO - DAG(s) 'latest_only' retrieved from /home/rayyan/redfin_venv/lib/python3.10/site-packages/airflow/example_dags/example_latest_only.py
[2024-08-22T17:00:26.008+0500] {logging_mixin.py:190} INFO - [2024-08-22T17:00:26.007+0500] {dag.py:3211} INFO - Sync 1 DAGs
[2024-08-22T17:00:26.040+0500] {logging_mixin.py:190} INFO - [2024-08-22T17:00:26.039+0500] {dag.py:4138} INFO - Setting next_dagrun for latest_only to 2024-08-22 08:00:00+00:00, run_after=2024-08-22 12:00:00+00:00
[2024-08-22T17:00:26.072+0500] {processor.py:208} INFO - Processing /home/rayyan/redfin_venv/lib/python3.10/site-packages/airflow/example_dags/example_latest_only.py took 0.125 seconds
[2024-08-22T17:01:31.314+0500] {processor.py:186} INFO - Started process (PID=11081) to work on /home/rayyan/redfin_venv/lib/python3.10/site-packages/airflow/example_dags/example_latest_only.py
[2024-08-22T17:01:31.317+0500] {processor.py:914} INFO - Processing file /home/rayyan/redfin_venv/lib/python3.10/site-packages/airflow/example_dags/example_latest_only.py for tasks to queue
[2024-08-22T17:01:31.320+0500] {logging_mixin.py:190} INFO - [2024-08-22T17:01:31.320+0500] {dagbag.py:587} INFO - Filling up the DagBag from /home/rayyan/redfin_venv/lib/python3.10/site-packages/airflow/example_dags/example_latest_only.py
[2024-08-22T17:01:31.333+0500] {processor.py:925} INFO - DAG(s) 'latest_only' retrieved from /home/rayyan/redfin_venv/lib/python3.10/site-packages/airflow/example_dags/example_latest_only.py
[2024-08-22T17:01:31.361+0500] {logging_mixin.py:190} INFO - [2024-08-22T17:01:31.361+0500] {dag.py:3211} INFO - Sync 1 DAGs
[2024-08-22T17:01:31.409+0500] {logging_mixin.py:190} INFO - [2024-08-22T17:01:31.408+0500] {dag.py:4138} INFO - Setting next_dagrun for latest_only to 2024-08-22 08:00:00+00:00, run_after=2024-08-22 12:00:00+00:00
[2024-08-22T17:01:31.452+0500] {processor.py:208} INFO - Processing /home/rayyan/redfin_venv/lib/python3.10/site-packages/airflow/example_dags/example_latest_only.py took 0.150 seconds
[2024-08-22T17:02:08.349+0500] {processor.py:186} INFO - Started process (PID=12595) to work on /home/rayyan/redfin_venv/lib/python3.10/site-packages/airflow/example_dags/example_latest_only.py
[2024-08-22T17:02:08.350+0500] {processor.py:914} INFO - Processing file /home/rayyan/redfin_venv/lib/python3.10/site-packages/airflow/example_dags/example_latest_only.py for tasks to queue
[2024-08-22T17:02:08.353+0500] {logging_mixin.py:190} INFO - [2024-08-22T17:02:08.353+0500] {dagbag.py:587} INFO - Filling up the DagBag from /home/rayyan/redfin_venv/lib/python3.10/site-packages/airflow/example_dags/example_latest_only.py
[2024-08-22T17:02:08.370+0500] {processor.py:925} INFO - DAG(s) 'latest_only' retrieved from /home/rayyan/redfin_venv/lib/python3.10/site-packages/airflow/example_dags/example_latest_only.py
[2024-08-22T17:02:08.395+0500] {logging_mixin.py:190} INFO - [2024-08-22T17:02:08.394+0500] {dag.py:3211} INFO - Sync 1 DAGs
[2024-08-22T17:02:08.440+0500] {logging_mixin.py:190} INFO - [2024-08-22T17:02:08.439+0500] {dag.py:4138} INFO - Setting next_dagrun for latest_only to 2024-08-22 08:00:00+00:00, run_after=2024-08-22 12:00:00+00:00
[2024-08-22T17:02:08.493+0500] {processor.py:208} INFO - Processing /home/rayyan/redfin_venv/lib/python3.10/site-packages/airflow/example_dags/example_latest_only.py took 0.153 seconds
[2024-08-22T17:02:42.875+0500] {processor.py:186} INFO - Started process (PID=12867) to work on /home/rayyan/redfin_venv/lib/python3.10/site-packages/airflow/example_dags/example_latest_only.py
[2024-08-22T17:02:42.877+0500] {processor.py:914} INFO - Processing file /home/rayyan/redfin_venv/lib/python3.10/site-packages/airflow/example_dags/example_latest_only.py for tasks to queue
[2024-08-22T17:02:42.880+0500] {logging_mixin.py:190} INFO - [2024-08-22T17:02:42.879+0500] {dagbag.py:587} INFO - Filling up the DagBag from /home/rayyan/redfin_venv/lib/python3.10/site-packages/airflow/example_dags/example_latest_only.py
[2024-08-22T17:02:42.891+0500] {processor.py:925} INFO - DAG(s) 'latest_only' retrieved from /home/rayyan/redfin_venv/lib/python3.10/site-packages/airflow/example_dags/example_latest_only.py
[2024-08-22T17:02:42.918+0500] {logging_mixin.py:190} INFO - [2024-08-22T17:02:42.917+0500] {dag.py:3211} INFO - Sync 1 DAGs
[2024-08-22T17:02:42.962+0500] {logging_mixin.py:190} INFO - [2024-08-22T17:02:42.962+0500] {dag.py:4138} INFO - Setting next_dagrun for latest_only to 2024-08-22 08:00:00+00:00, run_after=2024-08-22 12:00:00+00:00
[2024-08-22T17:02:42.994+0500] {processor.py:208} INFO - Processing /home/rayyan/redfin_venv/lib/python3.10/site-packages/airflow/example_dags/example_latest_only.py took 0.131 seconds
[2024-08-22T17:03:41.383+0500] {processor.py:186} INFO - Started process (PID=13152) to work on /home/rayyan/redfin_venv/lib/python3.10/site-packages/airflow/example_dags/example_latest_only.py
[2024-08-22T17:03:41.395+0500] {processor.py:914} INFO - Processing file /home/rayyan/redfin_venv/lib/python3.10/site-packages/airflow/example_dags/example_latest_only.py for tasks to queue
[2024-08-22T17:03:41.398+0500] {logging_mixin.py:190} INFO - [2024-08-22T17:03:41.398+0500] {dagbag.py:587} INFO - Filling up the DagBag from /home/rayyan/redfin_venv/lib/python3.10/site-packages/airflow/example_dags/example_latest_only.py
[2024-08-22T17:03:41.412+0500] {processor.py:925} INFO - DAG(s) 'latest_only' retrieved from /home/rayyan/redfin_venv/lib/python3.10/site-packages/airflow/example_dags/example_latest_only.py
[2024-08-22T17:03:41.433+0500] {logging_mixin.py:190} INFO - [2024-08-22T17:03:41.432+0500] {dag.py:3211} INFO - Sync 1 DAGs
[2024-08-22T17:03:41.464+0500] {logging_mixin.py:190} INFO - [2024-08-22T17:03:41.463+0500] {dag.py:4138} INFO - Setting next_dagrun for latest_only to 2024-08-22 08:00:00+00:00, run_after=2024-08-22 12:00:00+00:00
[2024-08-22T17:03:41.496+0500] {processor.py:208} INFO - Processing /home/rayyan/redfin_venv/lib/python3.10/site-packages/airflow/example_dags/example_latest_only.py took 0.124 seconds
[2024-08-22T17:04:41.057+0500] {processor.py:186} INFO - Started process (PID=13440) to work on /home/rayyan/redfin_venv/lib/python3.10/site-packages/airflow/example_dags/example_latest_only.py
[2024-08-22T17:04:41.069+0500] {processor.py:914} INFO - Processing file /home/rayyan/redfin_venv/lib/python3.10/site-packages/airflow/example_dags/example_latest_only.py for tasks to queue
[2024-08-22T17:04:41.071+0500] {logging_mixin.py:190} INFO - [2024-08-22T17:04:41.071+0500] {dagbag.py:587} INFO - Filling up the DagBag from /home/rayyan/redfin_venv/lib/python3.10/site-packages/airflow/example_dags/example_latest_only.py
[2024-08-22T17:04:41.079+0500] {processor.py:925} INFO - DAG(s) 'latest_only' retrieved from /home/rayyan/redfin_venv/lib/python3.10/site-packages/airflow/example_dags/example_latest_only.py
[2024-08-22T17:04:41.095+0500] {logging_mixin.py:190} INFO - [2024-08-22T17:04:41.095+0500] {dag.py:3211} INFO - Sync 1 DAGs
[2024-08-22T17:04:41.116+0500] {logging_mixin.py:190} INFO - [2024-08-22T17:04:41.116+0500] {dag.py:4138} INFO - Setting next_dagrun for latest_only to 2024-08-22 08:00:00+00:00, run_after=2024-08-22 12:00:00+00:00
[2024-08-22T17:04:41.138+0500] {processor.py:208} INFO - Processing /home/rayyan/redfin_venv/lib/python3.10/site-packages/airflow/example_dags/example_latest_only.py took 0.092 seconds
[2024-08-22T17:05:33.101+0500] {processor.py:186} INFO - Started process (PID=13696) to work on /home/rayyan/redfin_venv/lib/python3.10/site-packages/airflow/example_dags/example_latest_only.py
[2024-08-22T17:05:33.113+0500] {processor.py:914} INFO - Processing file /home/rayyan/redfin_venv/lib/python3.10/site-packages/airflow/example_dags/example_latest_only.py for tasks to queue
[2024-08-22T17:05:33.115+0500] {logging_mixin.py:190} INFO - [2024-08-22T17:05:33.115+0500] {dagbag.py:587} INFO - Filling up the DagBag from /home/rayyan/redfin_venv/lib/python3.10/site-packages/airflow/example_dags/example_latest_only.py
[2024-08-22T17:05:33.123+0500] {processor.py:925} INFO - DAG(s) 'latest_only' retrieved from /home/rayyan/redfin_venv/lib/python3.10/site-packages/airflow/example_dags/example_latest_only.py
[2024-08-22T17:05:33.138+0500] {logging_mixin.py:190} INFO - [2024-08-22T17:05:33.138+0500] {dag.py:3211} INFO - Sync 1 DAGs
[2024-08-22T17:05:33.158+0500] {logging_mixin.py:190} INFO - [2024-08-22T17:05:33.158+0500] {dag.py:4138} INFO - Setting next_dagrun for latest_only to 2024-08-22 08:00:00+00:00, run_after=2024-08-22 12:00:00+00:00
[2024-08-22T17:05:33.180+0500] {processor.py:208} INFO - Processing /home/rayyan/redfin_venv/lib/python3.10/site-packages/airflow/example_dags/example_latest_only.py took 0.088 seconds
[2024-08-22T17:06:30.862+0500] {processor.py:186} INFO - Started process (PID=13975) to work on /home/rayyan/redfin_venv/lib/python3.10/site-packages/airflow/example_dags/example_latest_only.py
[2024-08-22T17:06:30.865+0500] {processor.py:914} INFO - Processing file /home/rayyan/redfin_venv/lib/python3.10/site-packages/airflow/example_dags/example_latest_only.py for tasks to queue
[2024-08-22T17:06:30.869+0500] {logging_mixin.py:190} INFO - [2024-08-22T17:06:30.868+0500] {dagbag.py:587} INFO - Filling up the DagBag from /home/rayyan/redfin_venv/lib/python3.10/site-packages/airflow/example_dags/example_latest_only.py
[2024-08-22T17:06:30.881+0500] {processor.py:925} INFO - DAG(s) 'latest_only' retrieved from /home/rayyan/redfin_venv/lib/python3.10/site-packages/airflow/example_dags/example_latest_only.py
[2024-08-22T17:06:30.902+0500] {logging_mixin.py:190} INFO - [2024-08-22T17:06:30.901+0500] {dag.py:3211} INFO - Sync 1 DAGs
[2024-08-22T17:06:30.922+0500] {logging_mixin.py:190} INFO - [2024-08-22T17:06:30.922+0500] {dag.py:4138} INFO - Setting next_dagrun for latest_only to 2024-08-22 08:00:00+00:00, run_after=2024-08-22 12:00:00+00:00
[2024-08-22T17:06:30.946+0500] {processor.py:208} INFO - Processing /home/rayyan/redfin_venv/lib/python3.10/site-packages/airflow/example_dags/example_latest_only.py took 0.097 seconds
[2024-08-22T17:07:30.030+0500] {processor.py:186} INFO - Started process (PID=14267) to work on /home/rayyan/redfin_venv/lib/python3.10/site-packages/airflow/example_dags/example_latest_only.py
[2024-08-22T17:07:30.032+0500] {processor.py:914} INFO - Processing file /home/rayyan/redfin_venv/lib/python3.10/site-packages/airflow/example_dags/example_latest_only.py for tasks to queue
[2024-08-22T17:07:30.035+0500] {logging_mixin.py:190} INFO - [2024-08-22T17:07:30.035+0500] {dagbag.py:587} INFO - Filling up the DagBag from /home/rayyan/redfin_venv/lib/python3.10/site-packages/airflow/example_dags/example_latest_only.py
[2024-08-22T17:07:30.043+0500] {processor.py:925} INFO - DAG(s) 'latest_only' retrieved from /home/rayyan/redfin_venv/lib/python3.10/site-packages/airflow/example_dags/example_latest_only.py
[2024-08-22T17:07:30.060+0500] {logging_mixin.py:190} INFO - [2024-08-22T17:07:30.059+0500] {dag.py:3211} INFO - Sync 1 DAGs
[2024-08-22T17:07:30.090+0500] {logging_mixin.py:190} INFO - [2024-08-22T17:07:30.089+0500] {dag.py:4138} INFO - Setting next_dagrun for latest_only to 2024-08-22 08:00:00+00:00, run_after=2024-08-22 12:00:00+00:00
[2024-08-22T17:07:30.115+0500] {processor.py:208} INFO - Processing /home/rayyan/redfin_venv/lib/python3.10/site-packages/airflow/example_dags/example_latest_only.py took 0.091 seconds
