[2024-08-22T16:47:58.179+0500] {processor.py:186} INFO - Started process (PID=3739) to work on /home/rayyan/redfin_venv/lib/python3.10/site-packages/airflow/example_dags/example_trigger_controller_dag.py
[2024-08-22T16:47:58.181+0500] {processor.py:914} INFO - Processing file /home/rayyan/redfin_venv/lib/python3.10/site-packages/airflow/example_dags/example_trigger_controller_dag.py for tasks to queue
[2024-08-22T16:47:58.184+0500] {logging_mixin.py:190} INFO - [2024-08-22T16:47:58.183+0500] {dagbag.py:587} INFO - Filling up the DagBag from /home/rayyan/redfin_venv/lib/python3.10/site-packages/airflow/example_dags/example_trigger_controller_dag.py
[2024-08-22T16:47:58.192+0500] {processor.py:925} INFO - DAG(s) 'example_trigger_controller_dag' retrieved from /home/rayyan/redfin_venv/lib/python3.10/site-packages/airflow/example_dags/example_trigger_controller_dag.py
[2024-08-22T16:47:58.210+0500] {logging_mixin.py:190} INFO - [2024-08-22T16:47:58.210+0500] {dag.py:3211} INFO - Sync 1 DAGs
[2024-08-22T16:47:58.230+0500] {logging_mixin.py:190} INFO - [2024-08-22T16:47:58.229+0500] {dag.py:4138} INFO - Setting next_dagrun for example_trigger_controller_dag to 2021-01-01 00:00:00+00:00, run_after=2021-01-01 00:00:00+00:00
[2024-08-22T16:47:58.262+0500] {processor.py:208} INFO - Processing /home/rayyan/redfin_venv/lib/python3.10/site-packages/airflow/example_dags/example_trigger_controller_dag.py took 0.091 seconds
[2024-08-22T16:48:57.828+0500] {processor.py:186} INFO - Started process (PID=4054) to work on /home/rayyan/redfin_venv/lib/python3.10/site-packages/airflow/example_dags/example_trigger_controller_dag.py
[2024-08-22T16:48:57.831+0500] {processor.py:914} INFO - Processing file /home/rayyan/redfin_venv/lib/python3.10/site-packages/airflow/example_dags/example_trigger_controller_dag.py for tasks to queue
[2024-08-22T16:48:57.833+0500] {logging_mixin.py:190} INFO - [2024-08-22T16:48:57.833+0500] {dagbag.py:587} INFO - Filling up the DagBag from /home/rayyan/redfin_venv/lib/python3.10/site-packages/airflow/example_dags/example_trigger_controller_dag.py
[2024-08-22T16:48:57.840+0500] {processor.py:925} INFO - DAG(s) 'example_trigger_controller_dag' retrieved from /home/rayyan/redfin_venv/lib/python3.10/site-packages/airflow/example_dags/example_trigger_controller_dag.py
[2024-08-22T16:48:57.857+0500] {logging_mixin.py:190} INFO - [2024-08-22T16:48:57.857+0500] {dag.py:3211} INFO - Sync 1 DAGs
[2024-08-22T16:48:57.878+0500] {logging_mixin.py:190} INFO - [2024-08-22T16:48:57.878+0500] {dag.py:4138} INFO - Setting next_dagrun for example_trigger_controller_dag to 2021-01-01 00:00:00+00:00, run_after=2021-01-01 00:00:00+00:00
[2024-08-22T16:48:57.903+0500] {processor.py:208} INFO - Processing /home/rayyan/redfin_venv/lib/python3.10/site-packages/airflow/example_dags/example_trigger_controller_dag.py took 0.082 seconds
[2024-08-22T16:49:54.354+0500] {processor.py:186} INFO - Started process (PID=4331) to work on /home/rayyan/redfin_venv/lib/python3.10/site-packages/airflow/example_dags/example_trigger_controller_dag.py
[2024-08-22T16:49:54.356+0500] {processor.py:914} INFO - Processing file /home/rayyan/redfin_venv/lib/python3.10/site-packages/airflow/example_dags/example_trigger_controller_dag.py for tasks to queue
[2024-08-22T16:49:54.359+0500] {logging_mixin.py:190} INFO - [2024-08-22T16:49:54.358+0500] {dagbag.py:587} INFO - Filling up the DagBag from /home/rayyan/redfin_venv/lib/python3.10/site-packages/airflow/example_dags/example_trigger_controller_dag.py
[2024-08-22T16:49:54.366+0500] {processor.py:925} INFO - DAG(s) 'example_trigger_controller_dag' retrieved from /home/rayyan/redfin_venv/lib/python3.10/site-packages/airflow/example_dags/example_trigger_controller_dag.py
[2024-08-22T16:49:54.382+0500] {logging_mixin.py:190} INFO - [2024-08-22T16:49:54.382+0500] {dag.py:3211} INFO - Sync 1 DAGs
[2024-08-22T16:49:54.404+0500] {logging_mixin.py:190} INFO - [2024-08-22T16:49:54.404+0500] {dag.py:4138} INFO - Setting next_dagrun for example_trigger_controller_dag to 2021-01-01 00:00:00+00:00, run_after=2021-01-01 00:00:00+00:00
[2024-08-22T16:49:54.424+0500] {processor.py:208} INFO - Processing /home/rayyan/redfin_venv/lib/python3.10/site-packages/airflow/example_dags/example_trigger_controller_dag.py took 0.081 seconds
[2024-08-22T16:50:50.550+0500] {processor.py:186} INFO - Started process (PID=4605) to work on /home/rayyan/redfin_venv/lib/python3.10/site-packages/airflow/example_dags/example_trigger_controller_dag.py
[2024-08-22T16:50:50.562+0500] {processor.py:914} INFO - Processing file /home/rayyan/redfin_venv/lib/python3.10/site-packages/airflow/example_dags/example_trigger_controller_dag.py for tasks to queue
[2024-08-22T16:50:50.565+0500] {logging_mixin.py:190} INFO - [2024-08-22T16:50:50.564+0500] {dagbag.py:587} INFO - Filling up the DagBag from /home/rayyan/redfin_venv/lib/python3.10/site-packages/airflow/example_dags/example_trigger_controller_dag.py
[2024-08-22T16:50:50.573+0500] {processor.py:925} INFO - DAG(s) 'example_trigger_controller_dag' retrieved from /home/rayyan/redfin_venv/lib/python3.10/site-packages/airflow/example_dags/example_trigger_controller_dag.py
[2024-08-22T16:50:50.590+0500] {logging_mixin.py:190} INFO - [2024-08-22T16:50:50.590+0500] {dag.py:3211} INFO - Sync 1 DAGs
[2024-08-22T16:50:50.610+0500] {logging_mixin.py:190} INFO - [2024-08-22T16:50:50.610+0500] {dag.py:4138} INFO - Setting next_dagrun for example_trigger_controller_dag to 2021-01-01 00:00:00+00:00, run_after=2021-01-01 00:00:00+00:00
[2024-08-22T16:50:50.632+0500] {processor.py:208} INFO - Processing /home/rayyan/redfin_venv/lib/python3.10/site-packages/airflow/example_dags/example_trigger_controller_dag.py took 0.089 seconds
[2024-08-22T16:51:48.822+0500] {processor.py:186} INFO - Started process (PID=4886) to work on /home/rayyan/redfin_venv/lib/python3.10/site-packages/airflow/example_dags/example_trigger_controller_dag.py
[2024-08-22T16:51:48.824+0500] {processor.py:914} INFO - Processing file /home/rayyan/redfin_venv/lib/python3.10/site-packages/airflow/example_dags/example_trigger_controller_dag.py for tasks to queue
[2024-08-22T16:51:48.826+0500] {logging_mixin.py:190} INFO - [2024-08-22T16:51:48.826+0500] {dagbag.py:587} INFO - Filling up the DagBag from /home/rayyan/redfin_venv/lib/python3.10/site-packages/airflow/example_dags/example_trigger_controller_dag.py
[2024-08-22T16:51:48.834+0500] {processor.py:925} INFO - DAG(s) 'example_trigger_controller_dag' retrieved from /home/rayyan/redfin_venv/lib/python3.10/site-packages/airflow/example_dags/example_trigger_controller_dag.py
[2024-08-22T16:51:48.851+0500] {logging_mixin.py:190} INFO - [2024-08-22T16:51:48.851+0500] {dag.py:3211} INFO - Sync 1 DAGs
[2024-08-22T16:51:48.870+0500] {logging_mixin.py:190} INFO - [2024-08-22T16:51:48.870+0500] {dag.py:4138} INFO - Setting next_dagrun for example_trigger_controller_dag to 2021-01-01 00:00:00+00:00, run_after=2021-01-01 00:00:00+00:00
[2024-08-22T16:51:48.998+0500] {processor.py:208} INFO - Processing /home/rayyan/redfin_venv/lib/python3.10/site-packages/airflow/example_dags/example_trigger_controller_dag.py took 0.181 seconds
[2024-08-22T16:52:48.193+0500] {processor.py:186} INFO - Started process (PID=5170) to work on /home/rayyan/redfin_venv/lib/python3.10/site-packages/airflow/example_dags/example_trigger_controller_dag.py
[2024-08-22T16:52:48.206+0500] {processor.py:914} INFO - Processing file /home/rayyan/redfin_venv/lib/python3.10/site-packages/airflow/example_dags/example_trigger_controller_dag.py for tasks to queue
[2024-08-22T16:52:48.209+0500] {logging_mixin.py:190} INFO - [2024-08-22T16:52:48.209+0500] {dagbag.py:587} INFO - Filling up the DagBag from /home/rayyan/redfin_venv/lib/python3.10/site-packages/airflow/example_dags/example_trigger_controller_dag.py
[2024-08-22T16:52:48.220+0500] {processor.py:925} INFO - DAG(s) 'example_trigger_controller_dag' retrieved from /home/rayyan/redfin_venv/lib/python3.10/site-packages/airflow/example_dags/example_trigger_controller_dag.py
[2024-08-22T16:52:48.235+0500] {logging_mixin.py:190} INFO - [2024-08-22T16:52:48.235+0500] {dag.py:3211} INFO - Sync 1 DAGs
[2024-08-22T16:52:48.255+0500] {logging_mixin.py:190} INFO - [2024-08-22T16:52:48.255+0500] {dag.py:4138} INFO - Setting next_dagrun for example_trigger_controller_dag to 2021-01-01 00:00:00+00:00, run_after=2021-01-01 00:00:00+00:00
[2024-08-22T16:52:48.386+0500] {processor.py:208} INFO - Processing /home/rayyan/redfin_venv/lib/python3.10/site-packages/airflow/example_dags/example_trigger_controller_dag.py took 0.211 seconds
[2024-08-22T16:53:50.621+0500] {processor.py:186} INFO - Started process (PID=5470) to work on /home/rayyan/redfin_venv/lib/python3.10/site-packages/airflow/example_dags/example_trigger_controller_dag.py
[2024-08-22T16:53:50.634+0500] {processor.py:914} INFO - Processing file /home/rayyan/redfin_venv/lib/python3.10/site-packages/airflow/example_dags/example_trigger_controller_dag.py for tasks to queue
[2024-08-22T16:53:50.637+0500] {logging_mixin.py:190} INFO - [2024-08-22T16:53:50.636+0500] {dagbag.py:587} INFO - Filling up the DagBag from /home/rayyan/redfin_venv/lib/python3.10/site-packages/airflow/example_dags/example_trigger_controller_dag.py
[2024-08-22T16:53:50.644+0500] {processor.py:925} INFO - DAG(s) 'example_trigger_controller_dag' retrieved from /home/rayyan/redfin_venv/lib/python3.10/site-packages/airflow/example_dags/example_trigger_controller_dag.py
[2024-08-22T16:53:50.659+0500] {logging_mixin.py:190} INFO - [2024-08-22T16:53:50.659+0500] {dag.py:3211} INFO - Sync 1 DAGs
[2024-08-22T16:53:50.678+0500] {logging_mixin.py:190} INFO - [2024-08-22T16:53:50.678+0500] {dag.py:4138} INFO - Setting next_dagrun for example_trigger_controller_dag to 2021-01-01 00:00:00+00:00, run_after=2021-01-01 00:00:00+00:00
[2024-08-22T16:53:50.807+0500] {processor.py:208} INFO - Processing /home/rayyan/redfin_venv/lib/python3.10/site-packages/airflow/example_dags/example_trigger_controller_dag.py took 0.196 seconds
[2024-08-22T16:54:50.963+0500] {processor.py:186} INFO - Started process (PID=5764) to work on /home/rayyan/redfin_venv/lib/python3.10/site-packages/airflow/example_dags/example_trigger_controller_dag.py
[2024-08-22T16:54:50.964+0500] {processor.py:914} INFO - Processing file /home/rayyan/redfin_venv/lib/python3.10/site-packages/airflow/example_dags/example_trigger_controller_dag.py for tasks to queue
[2024-08-22T16:54:50.967+0500] {logging_mixin.py:190} INFO - [2024-08-22T16:54:50.966+0500] {dagbag.py:587} INFO - Filling up the DagBag from /home/rayyan/redfin_venv/lib/python3.10/site-packages/airflow/example_dags/example_trigger_controller_dag.py
[2024-08-22T16:54:50.976+0500] {processor.py:925} INFO - DAG(s) 'example_trigger_controller_dag' retrieved from /home/rayyan/redfin_venv/lib/python3.10/site-packages/airflow/example_dags/example_trigger_controller_dag.py
[2024-08-22T16:54:50.994+0500] {logging_mixin.py:190} INFO - [2024-08-22T16:54:50.993+0500] {dag.py:3211} INFO - Sync 1 DAGs
[2024-08-22T16:54:51.017+0500] {logging_mixin.py:190} INFO - [2024-08-22T16:54:51.017+0500] {dag.py:4138} INFO - Setting next_dagrun for example_trigger_controller_dag to 2021-01-01 00:00:00+00:00, run_after=2021-01-01 00:00:00+00:00
[2024-08-22T16:54:51.159+0500] {processor.py:208} INFO - Processing /home/rayyan/redfin_venv/lib/python3.10/site-packages/airflow/example_dags/example_trigger_controller_dag.py took 0.206 seconds
[2024-08-22T16:55:53.789+0500] {processor.py:186} INFO - Started process (PID=6067) to work on /home/rayyan/redfin_venv/lib/python3.10/site-packages/airflow/example_dags/example_trigger_controller_dag.py
[2024-08-22T16:55:53.791+0500] {processor.py:914} INFO - Processing file /home/rayyan/redfin_venv/lib/python3.10/site-packages/airflow/example_dags/example_trigger_controller_dag.py for tasks to queue
[2024-08-22T16:55:53.793+0500] {logging_mixin.py:190} INFO - [2024-08-22T16:55:53.793+0500] {dagbag.py:587} INFO - Filling up the DagBag from /home/rayyan/redfin_venv/lib/python3.10/site-packages/airflow/example_dags/example_trigger_controller_dag.py
[2024-08-22T16:55:53.803+0500] {processor.py:925} INFO - DAG(s) 'example_trigger_controller_dag' retrieved from /home/rayyan/redfin_venv/lib/python3.10/site-packages/airflow/example_dags/example_trigger_controller_dag.py
[2024-08-22T16:55:53.831+0500] {logging_mixin.py:190} INFO - [2024-08-22T16:55:53.831+0500] {dag.py:3211} INFO - Sync 1 DAGs
[2024-08-22T16:55:53.863+0500] {logging_mixin.py:190} INFO - [2024-08-22T16:55:53.863+0500] {dag.py:4138} INFO - Setting next_dagrun for example_trigger_controller_dag to 2021-01-01 00:00:00+00:00, run_after=2021-01-01 00:00:00+00:00
[2024-08-22T16:55:53.953+0500] {processor.py:208} INFO - Processing /home/rayyan/redfin_venv/lib/python3.10/site-packages/airflow/example_dags/example_trigger_controller_dag.py took 0.173 seconds
[2024-08-22T16:57:00.561+0500] {processor.py:186} INFO - Started process (PID=6386) to work on /home/rayyan/redfin_venv/lib/python3.10/site-packages/airflow/example_dags/example_trigger_controller_dag.py
[2024-08-22T16:57:00.574+0500] {processor.py:914} INFO - Processing file /home/rayyan/redfin_venv/lib/python3.10/site-packages/airflow/example_dags/example_trigger_controller_dag.py for tasks to queue
[2024-08-22T16:57:00.579+0500] {logging_mixin.py:190} INFO - [2024-08-22T16:57:00.579+0500] {dagbag.py:587} INFO - Filling up the DagBag from /home/rayyan/redfin_venv/lib/python3.10/site-packages/airflow/example_dags/example_trigger_controller_dag.py
[2024-08-22T16:57:00.596+0500] {processor.py:925} INFO - DAG(s) 'example_trigger_controller_dag' retrieved from /home/rayyan/redfin_venv/lib/python3.10/site-packages/airflow/example_dags/example_trigger_controller_dag.py
[2024-08-22T16:57:00.628+0500] {logging_mixin.py:190} INFO - [2024-08-22T16:57:00.627+0500] {dag.py:3211} INFO - Sync 1 DAGs
[2024-08-22T16:57:00.651+0500] {logging_mixin.py:190} INFO - [2024-08-22T16:57:00.650+0500] {dag.py:4138} INFO - Setting next_dagrun for example_trigger_controller_dag to 2021-01-01 00:00:00+00:00, run_after=2021-01-01 00:00:00+00:00
[2024-08-22T16:57:00.674+0500] {processor.py:208} INFO - Processing /home/rayyan/redfin_venv/lib/python3.10/site-packages/airflow/example_dags/example_trigger_controller_dag.py took 0.125 seconds
[2024-08-22T16:58:03.203+0500] {processor.py:186} INFO - Started process (PID=6692) to work on /home/rayyan/redfin_venv/lib/python3.10/site-packages/airflow/example_dags/example_trigger_controller_dag.py
[2024-08-22T16:58:03.211+0500] {processor.py:914} INFO - Processing file /home/rayyan/redfin_venv/lib/python3.10/site-packages/airflow/example_dags/example_trigger_controller_dag.py for tasks to queue
[2024-08-22T16:58:03.220+0500] {logging_mixin.py:190} INFO - [2024-08-22T16:58:03.219+0500] {dagbag.py:587} INFO - Filling up the DagBag from /home/rayyan/redfin_venv/lib/python3.10/site-packages/airflow/example_dags/example_trigger_controller_dag.py
[2024-08-22T16:58:03.244+0500] {processor.py:925} INFO - DAG(s) 'example_trigger_controller_dag' retrieved from /home/rayyan/redfin_venv/lib/python3.10/site-packages/airflow/example_dags/example_trigger_controller_dag.py
[2024-08-22T16:58:03.276+0500] {logging_mixin.py:190} INFO - [2024-08-22T16:58:03.276+0500] {dag.py:3211} INFO - Sync 1 DAGs
[2024-08-22T16:58:03.302+0500] {logging_mixin.py:190} INFO - [2024-08-22T16:58:03.302+0500] {dag.py:4138} INFO - Setting next_dagrun for example_trigger_controller_dag to 2021-01-01 00:00:00+00:00, run_after=2021-01-01 00:00:00+00:00
[2024-08-22T16:58:03.445+0500] {processor.py:208} INFO - Processing /home/rayyan/redfin_venv/lib/python3.10/site-packages/airflow/example_dags/example_trigger_controller_dag.py took 0.249 seconds
[2024-08-22T16:59:14.822+0500] {processor.py:186} INFO - Started process (PID=7081) to work on /home/rayyan/redfin_venv/lib/python3.10/site-packages/airflow/example_dags/example_trigger_controller_dag.py
[2024-08-22T16:59:14.834+0500] {processor.py:914} INFO - Processing file /home/rayyan/redfin_venv/lib/python3.10/site-packages/airflow/example_dags/example_trigger_controller_dag.py for tasks to queue
[2024-08-22T16:59:14.837+0500] {logging_mixin.py:190} INFO - [2024-08-22T16:59:14.836+0500] {dagbag.py:587} INFO - Filling up the DagBag from /home/rayyan/redfin_venv/lib/python3.10/site-packages/airflow/example_dags/example_trigger_controller_dag.py
[2024-08-22T16:59:14.846+0500] {processor.py:925} INFO - DAG(s) 'example_trigger_controller_dag' retrieved from /home/rayyan/redfin_venv/lib/python3.10/site-packages/airflow/example_dags/example_trigger_controller_dag.py
[2024-08-22T16:59:14.868+0500] {logging_mixin.py:190} INFO - [2024-08-22T16:59:14.867+0500] {dag.py:3211} INFO - Sync 1 DAGs
[2024-08-22T16:59:15.032+0500] {logging_mixin.py:190} INFO - [2024-08-22T16:59:15.031+0500] {dag.py:4138} INFO - Setting next_dagrun for example_trigger_controller_dag to 2021-01-01 00:00:00+00:00, run_after=2021-01-01 00:00:00+00:00
[2024-08-22T16:59:15.064+0500] {processor.py:208} INFO - Processing /home/rayyan/redfin_venv/lib/python3.10/site-packages/airflow/example_dags/example_trigger_controller_dag.py took 0.250 seconds
[2024-08-22T17:00:11.486+0500] {processor.py:186} INFO - Started process (PID=8268) to work on /home/rayyan/redfin_venv/lib/python3.10/site-packages/airflow/example_dags/example_trigger_controller_dag.py
[2024-08-22T17:00:11.488+0500] {processor.py:914} INFO - Processing file /home/rayyan/redfin_venv/lib/python3.10/site-packages/airflow/example_dags/example_trigger_controller_dag.py for tasks to queue
[2024-08-22T17:00:11.494+0500] {logging_mixin.py:190} INFO - [2024-08-22T17:00:11.493+0500] {dagbag.py:587} INFO - Filling up the DagBag from /home/rayyan/redfin_venv/lib/python3.10/site-packages/airflow/example_dags/example_trigger_controller_dag.py
[2024-08-22T17:00:11.508+0500] {processor.py:925} INFO - DAG(s) 'example_trigger_controller_dag' retrieved from /home/rayyan/redfin_venv/lib/python3.10/site-packages/airflow/example_dags/example_trigger_controller_dag.py
[2024-08-22T17:00:11.531+0500] {logging_mixin.py:190} INFO - [2024-08-22T17:00:11.531+0500] {dag.py:3211} INFO - Sync 1 DAGs
[2024-08-22T17:00:11.566+0500] {logging_mixin.py:190} INFO - [2024-08-22T17:00:11.565+0500] {dag.py:4138} INFO - Setting next_dagrun for example_trigger_controller_dag to 2021-01-01 00:00:00+00:00, run_after=2021-01-01 00:00:00+00:00
[2024-08-22T17:00:11.602+0500] {processor.py:208} INFO - Processing /home/rayyan/redfin_venv/lib/python3.10/site-packages/airflow/example_dags/example_trigger_controller_dag.py took 0.130 seconds
[2024-08-22T17:01:19.338+0500] {processor.py:186} INFO - Started process (PID=10643) to work on /home/rayyan/redfin_venv/lib/python3.10/site-packages/airflow/example_dags/example_trigger_controller_dag.py
[2024-08-22T17:01:19.340+0500] {processor.py:914} INFO - Processing file /home/rayyan/redfin_venv/lib/python3.10/site-packages/airflow/example_dags/example_trigger_controller_dag.py for tasks to queue
[2024-08-22T17:01:19.344+0500] {logging_mixin.py:190} INFO - [2024-08-22T17:01:19.343+0500] {dagbag.py:587} INFO - Filling up the DagBag from /home/rayyan/redfin_venv/lib/python3.10/site-packages/airflow/example_dags/example_trigger_controller_dag.py
[2024-08-22T17:01:19.357+0500] {processor.py:925} INFO - DAG(s) 'example_trigger_controller_dag' retrieved from /home/rayyan/redfin_venv/lib/python3.10/site-packages/airflow/example_dags/example_trigger_controller_dag.py
[2024-08-22T17:01:19.384+0500] {logging_mixin.py:190} INFO - [2024-08-22T17:01:19.384+0500] {dag.py:3211} INFO - Sync 1 DAGs
[2024-08-22T17:01:19.420+0500] {logging_mixin.py:190} INFO - [2024-08-22T17:01:19.420+0500] {dag.py:4138} INFO - Setting next_dagrun for example_trigger_controller_dag to 2021-01-01 00:00:00+00:00, run_after=2021-01-01 00:00:00+00:00
[2024-08-22T17:01:19.469+0500] {processor.py:208} INFO - Processing /home/rayyan/redfin_venv/lib/python3.10/site-packages/airflow/example_dags/example_trigger_controller_dag.py took 0.140 seconds
[2024-08-22T17:02:30.608+0500] {processor.py:186} INFO - Started process (PID=12807) to work on /home/rayyan/redfin_venv/lib/python3.10/site-packages/airflow/example_dags/example_trigger_controller_dag.py
[2024-08-22T17:02:30.620+0500] {processor.py:914} INFO - Processing file /home/rayyan/redfin_venv/lib/python3.10/site-packages/airflow/example_dags/example_trigger_controller_dag.py for tasks to queue
[2024-08-22T17:02:30.622+0500] {logging_mixin.py:190} INFO - [2024-08-22T17:02:30.622+0500] {dagbag.py:587} INFO - Filling up the DagBag from /home/rayyan/redfin_venv/lib/python3.10/site-packages/airflow/example_dags/example_trigger_controller_dag.py
[2024-08-22T17:02:30.630+0500] {processor.py:925} INFO - DAG(s) 'example_trigger_controller_dag' retrieved from /home/rayyan/redfin_venv/lib/python3.10/site-packages/airflow/example_dags/example_trigger_controller_dag.py
[2024-08-22T17:02:30.646+0500] {logging_mixin.py:190} INFO - [2024-08-22T17:02:30.646+0500] {dag.py:3211} INFO - Sync 1 DAGs
[2024-08-22T17:02:30.676+0500] {logging_mixin.py:190} INFO - [2024-08-22T17:02:30.675+0500] {dag.py:4138} INFO - Setting next_dagrun for example_trigger_controller_dag to 2021-01-01 00:00:00+00:00, run_after=2021-01-01 00:00:00+00:00
[2024-08-22T17:02:30.701+0500] {processor.py:208} INFO - Processing /home/rayyan/redfin_venv/lib/python3.10/site-packages/airflow/example_dags/example_trigger_controller_dag.py took 0.102 seconds
[2024-08-22T17:03:31.046+0500] {processor.py:186} INFO - Started process (PID=13101) to work on /home/rayyan/redfin_venv/lib/python3.10/site-packages/airflow/example_dags/example_trigger_controller_dag.py
[2024-08-22T17:03:31.058+0500] {processor.py:914} INFO - Processing file /home/rayyan/redfin_venv/lib/python3.10/site-packages/airflow/example_dags/example_trigger_controller_dag.py for tasks to queue
[2024-08-22T17:03:31.061+0500] {logging_mixin.py:190} INFO - [2024-08-22T17:03:31.060+0500] {dagbag.py:587} INFO - Filling up the DagBag from /home/rayyan/redfin_venv/lib/python3.10/site-packages/airflow/example_dags/example_trigger_controller_dag.py
[2024-08-22T17:03:31.069+0500] {processor.py:925} INFO - DAG(s) 'example_trigger_controller_dag' retrieved from /home/rayyan/redfin_venv/lib/python3.10/site-packages/airflow/example_dags/example_trigger_controller_dag.py
[2024-08-22T17:03:31.085+0500] {logging_mixin.py:190} INFO - [2024-08-22T17:03:31.085+0500] {dag.py:3211} INFO - Sync 1 DAGs
[2024-08-22T17:03:31.105+0500] {logging_mixin.py:190} INFO - [2024-08-22T17:03:31.105+0500] {dag.py:4138} INFO - Setting next_dagrun for example_trigger_controller_dag to 2021-01-01 00:00:00+00:00, run_after=2021-01-01 00:00:00+00:00
[2024-08-22T17:03:31.126+0500] {processor.py:208} INFO - Processing /home/rayyan/redfin_venv/lib/python3.10/site-packages/airflow/example_dags/example_trigger_controller_dag.py took 0.092 seconds
[2024-08-22T17:04:29.393+0500] {processor.py:186} INFO - Started process (PID=13383) to work on /home/rayyan/redfin_venv/lib/python3.10/site-packages/airflow/example_dags/example_trigger_controller_dag.py
[2024-08-22T17:04:29.395+0500] {processor.py:914} INFO - Processing file /home/rayyan/redfin_venv/lib/python3.10/site-packages/airflow/example_dags/example_trigger_controller_dag.py for tasks to queue
[2024-08-22T17:04:29.398+0500] {logging_mixin.py:190} INFO - [2024-08-22T17:04:29.397+0500] {dagbag.py:587} INFO - Filling up the DagBag from /home/rayyan/redfin_venv/lib/python3.10/site-packages/airflow/example_dags/example_trigger_controller_dag.py
[2024-08-22T17:04:29.407+0500] {processor.py:925} INFO - DAG(s) 'example_trigger_controller_dag' retrieved from /home/rayyan/redfin_venv/lib/python3.10/site-packages/airflow/example_dags/example_trigger_controller_dag.py
[2024-08-22T17:04:29.433+0500] {logging_mixin.py:190} INFO - [2024-08-22T17:04:29.433+0500] {dag.py:3211} INFO - Sync 1 DAGs
[2024-08-22T17:04:29.470+0500] {logging_mixin.py:190} INFO - [2024-08-22T17:04:29.470+0500] {dag.py:4138} INFO - Setting next_dagrun for example_trigger_controller_dag to 2021-01-01 00:00:00+00:00, run_after=2021-01-01 00:00:00+00:00
[2024-08-22T17:04:29.493+0500] {processor.py:208} INFO - Processing /home/rayyan/redfin_venv/lib/python3.10/site-packages/airflow/example_dags/example_trigger_controller_dag.py took 0.109 seconds
[2024-08-22T17:05:25.245+0500] {processor.py:186} INFO - Started process (PID=13656) to work on /home/rayyan/redfin_venv/lib/python3.10/site-packages/airflow/example_dags/example_trigger_controller_dag.py
[2024-08-22T17:05:25.252+0500] {processor.py:914} INFO - Processing file /home/rayyan/redfin_venv/lib/python3.10/site-packages/airflow/example_dags/example_trigger_controller_dag.py for tasks to queue
[2024-08-22T17:05:25.254+0500] {logging_mixin.py:190} INFO - [2024-08-22T17:05:25.254+0500] {dagbag.py:587} INFO - Filling up the DagBag from /home/rayyan/redfin_venv/lib/python3.10/site-packages/airflow/example_dags/example_trigger_controller_dag.py
[2024-08-22T17:05:25.264+0500] {processor.py:925} INFO - DAG(s) 'example_trigger_controller_dag' retrieved from /home/rayyan/redfin_venv/lib/python3.10/site-packages/airflow/example_dags/example_trigger_controller_dag.py
[2024-08-22T17:05:25.318+0500] {logging_mixin.py:190} INFO - [2024-08-22T17:05:25.317+0500] {dag.py:3211} INFO - Sync 1 DAGs
[2024-08-22T17:05:25.393+0500] {logging_mixin.py:190} INFO - [2024-08-22T17:05:25.393+0500] {dag.py:4138} INFO - Setting next_dagrun for example_trigger_controller_dag to 2021-01-01 00:00:00+00:00, run_after=2021-01-01 00:00:00+00:00
[2024-08-22T17:05:25.452+0500] {processor.py:208} INFO - Processing /home/rayyan/redfin_venv/lib/python3.10/site-packages/airflow/example_dags/example_trigger_controller_dag.py took 0.213 seconds
[2024-08-22T17:06:21.089+0500] {processor.py:186} INFO - Started process (PID=13926) to work on /home/rayyan/redfin_venv/lib/python3.10/site-packages/airflow/example_dags/example_trigger_controller_dag.py
[2024-08-22T17:06:21.101+0500] {processor.py:914} INFO - Processing file /home/rayyan/redfin_venv/lib/python3.10/site-packages/airflow/example_dags/example_trigger_controller_dag.py for tasks to queue
[2024-08-22T17:06:21.103+0500] {logging_mixin.py:190} INFO - [2024-08-22T17:06:21.103+0500] {dagbag.py:587} INFO - Filling up the DagBag from /home/rayyan/redfin_venv/lib/python3.10/site-packages/airflow/example_dags/example_trigger_controller_dag.py
[2024-08-22T17:06:21.110+0500] {processor.py:925} INFO - DAG(s) 'example_trigger_controller_dag' retrieved from /home/rayyan/redfin_venv/lib/python3.10/site-packages/airflow/example_dags/example_trigger_controller_dag.py
[2024-08-22T17:06:21.125+0500] {logging_mixin.py:190} INFO - [2024-08-22T17:06:21.125+0500] {dag.py:3211} INFO - Sync 1 DAGs
[2024-08-22T17:06:21.151+0500] {logging_mixin.py:190} INFO - [2024-08-22T17:06:21.151+0500] {dag.py:4138} INFO - Setting next_dagrun for example_trigger_controller_dag to 2021-01-01 00:00:00+00:00, run_after=2021-01-01 00:00:00+00:00
[2024-08-22T17:06:21.173+0500] {processor.py:208} INFO - Processing /home/rayyan/redfin_venv/lib/python3.10/site-packages/airflow/example_dags/example_trigger_controller_dag.py took 0.090 seconds
[2024-08-22T17:07:20.164+0500] {processor.py:186} INFO - Started process (PID=14218) to work on /home/rayyan/redfin_venv/lib/python3.10/site-packages/airflow/example_dags/example_trigger_controller_dag.py
[2024-08-22T17:07:20.177+0500] {processor.py:914} INFO - Processing file /home/rayyan/redfin_venv/lib/python3.10/site-packages/airflow/example_dags/example_trigger_controller_dag.py for tasks to queue
[2024-08-22T17:07:20.181+0500] {logging_mixin.py:190} INFO - [2024-08-22T17:07:20.180+0500] {dagbag.py:587} INFO - Filling up the DagBag from /home/rayyan/redfin_venv/lib/python3.10/site-packages/airflow/example_dags/example_trigger_controller_dag.py
[2024-08-22T17:07:20.191+0500] {processor.py:925} INFO - DAG(s) 'example_trigger_controller_dag' retrieved from /home/rayyan/redfin_venv/lib/python3.10/site-packages/airflow/example_dags/example_trigger_controller_dag.py
[2024-08-22T17:07:20.209+0500] {logging_mixin.py:190} INFO - [2024-08-22T17:07:20.209+0500] {dag.py:3211} INFO - Sync 1 DAGs
[2024-08-22T17:07:20.228+0500] {logging_mixin.py:190} INFO - [2024-08-22T17:07:20.228+0500] {dag.py:4138} INFO - Setting next_dagrun for example_trigger_controller_dag to 2021-01-01 00:00:00+00:00, run_after=2021-01-01 00:00:00+00:00
[2024-08-22T17:07:20.250+0500] {processor.py:208} INFO - Processing /home/rayyan/redfin_venv/lib/python3.10/site-packages/airflow/example_dags/example_trigger_controller_dag.py took 0.101 seconds
