[2024-08-22T16:47:49.892+0500] {processor.py:186} INFO - Started process (PID=3700) to work on /home/rayyan/redfin_venv/lib/python3.10/site-packages/airflow/example_dags/example_branch_labels.py
[2024-08-22T16:47:49.893+0500] {processor.py:914} INFO - Processing file /home/rayyan/redfin_venv/lib/python3.10/site-packages/airflow/example_dags/example_branch_labels.py for tasks to queue
[2024-08-22T16:47:49.896+0500] {logging_mixin.py:190} INFO - [2024-08-22T16:47:49.896+0500] {dagbag.py:587} INFO - Filling up the DagBag from /home/rayyan/redfin_venv/lib/python3.10/site-packages/airflow/example_dags/example_branch_labels.py
[2024-08-22T16:47:49.910+0500] {processor.py:925} INFO - DAG(s) 'example_branch_labels' retrieved from /home/rayyan/redfin_venv/lib/python3.10/site-packages/airflow/example_dags/example_branch_labels.py
[2024-08-22T16:47:49.933+0500] {logging_mixin.py:190} INFO - [2024-08-22T16:47:49.933+0500] {dag.py:3211} INFO - Sync 1 DAGs
[2024-08-22T16:47:49.951+0500] {logging_mixin.py:190} INFO - [2024-08-22T16:47:49.950+0500] {dag.py:4138} INFO - Setting next_dagrun for example_branch_labels to 2024-08-21 00:00:00+00:00, run_after=2024-08-22 00:00:00+00:00
[2024-08-22T16:47:49.981+0500] {processor.py:208} INFO - Processing /home/rayyan/redfin_venv/lib/python3.10/site-packages/airflow/example_dags/example_branch_labels.py took 0.099 seconds
[2024-08-22T16:48:50.043+0500] {processor.py:186} INFO - Started process (PID=4017) to work on /home/rayyan/redfin_venv/lib/python3.10/site-packages/airflow/example_dags/example_branch_labels.py
[2024-08-22T16:48:50.045+0500] {processor.py:914} INFO - Processing file /home/rayyan/redfin_venv/lib/python3.10/site-packages/airflow/example_dags/example_branch_labels.py for tasks to queue
[2024-08-22T16:48:50.052+0500] {logging_mixin.py:190} INFO - [2024-08-22T16:48:50.049+0500] {dagbag.py:587} INFO - Filling up the DagBag from /home/rayyan/redfin_venv/lib/python3.10/site-packages/airflow/example_dags/example_branch_labels.py
[2024-08-22T16:48:50.073+0500] {processor.py:925} INFO - DAG(s) 'example_branch_labels' retrieved from /home/rayyan/redfin_venv/lib/python3.10/site-packages/airflow/example_dags/example_branch_labels.py
[2024-08-22T16:48:50.110+0500] {logging_mixin.py:190} INFO - [2024-08-22T16:48:50.109+0500] {dag.py:3211} INFO - Sync 1 DAGs
[2024-08-22T16:48:50.170+0500] {logging_mixin.py:190} INFO - [2024-08-22T16:48:50.170+0500] {dag.py:4138} INFO - Setting next_dagrun for example_branch_labels to 2024-08-21 00:00:00+00:00, run_after=2024-08-22 00:00:00+00:00
[2024-08-22T16:48:50.205+0500] {processor.py:208} INFO - Processing /home/rayyan/redfin_venv/lib/python3.10/site-packages/airflow/example_dags/example_branch_labels.py took 0.173 seconds
[2024-08-22T16:49:46.108+0500] {processor.py:186} INFO - Started process (PID=4292) to work on /home/rayyan/redfin_venv/lib/python3.10/site-packages/airflow/example_dags/example_branch_labels.py
[2024-08-22T16:49:46.110+0500] {processor.py:914} INFO - Processing file /home/rayyan/redfin_venv/lib/python3.10/site-packages/airflow/example_dags/example_branch_labels.py for tasks to queue
[2024-08-22T16:49:46.113+0500] {logging_mixin.py:190} INFO - [2024-08-22T16:49:46.113+0500] {dagbag.py:587} INFO - Filling up the DagBag from /home/rayyan/redfin_venv/lib/python3.10/site-packages/airflow/example_dags/example_branch_labels.py
[2024-08-22T16:49:46.128+0500] {processor.py:925} INFO - DAG(s) 'example_branch_labels' retrieved from /home/rayyan/redfin_venv/lib/python3.10/site-packages/airflow/example_dags/example_branch_labels.py
[2024-08-22T16:49:46.148+0500] {logging_mixin.py:190} INFO - [2024-08-22T16:49:46.147+0500] {dag.py:3211} INFO - Sync 1 DAGs
[2024-08-22T16:49:46.167+0500] {logging_mixin.py:190} INFO - [2024-08-22T16:49:46.167+0500] {dag.py:4138} INFO - Setting next_dagrun for example_branch_labels to 2024-08-21 00:00:00+00:00, run_after=2024-08-22 00:00:00+00:00
[2024-08-22T16:49:46.185+0500] {processor.py:208} INFO - Processing /home/rayyan/redfin_venv/lib/python3.10/site-packages/airflow/example_dags/example_branch_labels.py took 0.086 seconds
[2024-08-22T16:50:41.626+0500] {processor.py:186} INFO - Started process (PID=4563) to work on /home/rayyan/redfin_venv/lib/python3.10/site-packages/airflow/example_dags/example_branch_labels.py
[2024-08-22T16:50:41.638+0500] {processor.py:914} INFO - Processing file /home/rayyan/redfin_venv/lib/python3.10/site-packages/airflow/example_dags/example_branch_labels.py for tasks to queue
[2024-08-22T16:50:41.641+0500] {logging_mixin.py:190} INFO - [2024-08-22T16:50:41.641+0500] {dagbag.py:587} INFO - Filling up the DagBag from /home/rayyan/redfin_venv/lib/python3.10/site-packages/airflow/example_dags/example_branch_labels.py
[2024-08-22T16:50:41.654+0500] {processor.py:925} INFO - DAG(s) 'example_branch_labels' retrieved from /home/rayyan/redfin_venv/lib/python3.10/site-packages/airflow/example_dags/example_branch_labels.py
[2024-08-22T16:50:41.672+0500] {logging_mixin.py:190} INFO - [2024-08-22T16:50:41.672+0500] {dag.py:3211} INFO - Sync 1 DAGs
[2024-08-22T16:50:41.691+0500] {logging_mixin.py:190} INFO - [2024-08-22T16:50:41.691+0500] {dag.py:4138} INFO - Setting next_dagrun for example_branch_labels to 2024-08-21 00:00:00+00:00, run_after=2024-08-22 00:00:00+00:00
[2024-08-22T16:50:41.714+0500] {processor.py:208} INFO - Processing /home/rayyan/redfin_venv/lib/python3.10/site-packages/airflow/example_dags/example_branch_labels.py took 0.096 seconds
[2024-08-22T16:51:39.873+0500] {processor.py:186} INFO - Started process (PID=4844) to work on /home/rayyan/redfin_venv/lib/python3.10/site-packages/airflow/example_dags/example_branch_labels.py
[2024-08-22T16:51:39.886+0500] {processor.py:914} INFO - Processing file /home/rayyan/redfin_venv/lib/python3.10/site-packages/airflow/example_dags/example_branch_labels.py for tasks to queue
[2024-08-22T16:51:39.889+0500] {logging_mixin.py:190} INFO - [2024-08-22T16:51:39.889+0500] {dagbag.py:587} INFO - Filling up the DagBag from /home/rayyan/redfin_venv/lib/python3.10/site-packages/airflow/example_dags/example_branch_labels.py
[2024-08-22T16:51:39.901+0500] {processor.py:925} INFO - DAG(s) 'example_branch_labels' retrieved from /home/rayyan/redfin_venv/lib/python3.10/site-packages/airflow/example_dags/example_branch_labels.py
[2024-08-22T16:51:39.918+0500] {logging_mixin.py:190} INFO - [2024-08-22T16:51:39.918+0500] {dag.py:3211} INFO - Sync 1 DAGs
[2024-08-22T16:51:39.941+0500] {logging_mixin.py:190} INFO - [2024-08-22T16:51:39.941+0500] {dag.py:4138} INFO - Setting next_dagrun for example_branch_labels to 2024-08-21 00:00:00+00:00, run_after=2024-08-22 00:00:00+00:00
[2024-08-22T16:51:39.961+0500] {processor.py:208} INFO - Processing /home/rayyan/redfin_venv/lib/python3.10/site-packages/airflow/example_dags/example_branch_labels.py took 0.097 seconds
[2024-08-22T16:52:40.286+0500] {processor.py:186} INFO - Started process (PID=5133) to work on /home/rayyan/redfin_venv/lib/python3.10/site-packages/airflow/example_dags/example_branch_labels.py
[2024-08-22T16:52:40.298+0500] {processor.py:914} INFO - Processing file /home/rayyan/redfin_venv/lib/python3.10/site-packages/airflow/example_dags/example_branch_labels.py for tasks to queue
[2024-08-22T16:52:40.302+0500] {logging_mixin.py:190} INFO - [2024-08-22T16:52:40.301+0500] {dagbag.py:587} INFO - Filling up the DagBag from /home/rayyan/redfin_venv/lib/python3.10/site-packages/airflow/example_dags/example_branch_labels.py
[2024-08-22T16:52:40.317+0500] {processor.py:925} INFO - DAG(s) 'example_branch_labels' retrieved from /home/rayyan/redfin_venv/lib/python3.10/site-packages/airflow/example_dags/example_branch_labels.py
[2024-08-22T16:52:40.336+0500] {logging_mixin.py:190} INFO - [2024-08-22T16:52:40.336+0500] {dag.py:3211} INFO - Sync 1 DAGs
[2024-08-22T16:52:40.358+0500] {logging_mixin.py:190} INFO - [2024-08-22T16:52:40.357+0500] {dag.py:4138} INFO - Setting next_dagrun for example_branch_labels to 2024-08-21 00:00:00+00:00, run_after=2024-08-22 00:00:00+00:00
[2024-08-22T16:52:40.377+0500] {processor.py:208} INFO - Processing /home/rayyan/redfin_venv/lib/python3.10/site-packages/airflow/example_dags/example_branch_labels.py took 0.103 seconds
[2024-08-22T16:53:42.714+0500] {processor.py:186} INFO - Started process (PID=5432) to work on /home/rayyan/redfin_venv/lib/python3.10/site-packages/airflow/example_dags/example_branch_labels.py
[2024-08-22T16:53:42.726+0500] {processor.py:914} INFO - Processing file /home/rayyan/redfin_venv/lib/python3.10/site-packages/airflow/example_dags/example_branch_labels.py for tasks to queue
[2024-08-22T16:53:42.729+0500] {logging_mixin.py:190} INFO - [2024-08-22T16:53:42.728+0500] {dagbag.py:587} INFO - Filling up the DagBag from /home/rayyan/redfin_venv/lib/python3.10/site-packages/airflow/example_dags/example_branch_labels.py
[2024-08-22T16:53:42.739+0500] {processor.py:925} INFO - DAG(s) 'example_branch_labels' retrieved from /home/rayyan/redfin_venv/lib/python3.10/site-packages/airflow/example_dags/example_branch_labels.py
[2024-08-22T16:53:42.756+0500] {logging_mixin.py:190} INFO - [2024-08-22T16:53:42.756+0500] {dag.py:3211} INFO - Sync 1 DAGs
[2024-08-22T16:53:42.778+0500] {logging_mixin.py:190} INFO - [2024-08-22T16:53:42.778+0500] {dag.py:4138} INFO - Setting next_dagrun for example_branch_labels to 2024-08-21 00:00:00+00:00, run_after=2024-08-22 00:00:00+00:00
[2024-08-22T16:53:42.797+0500] {processor.py:208} INFO - Processing /home/rayyan/redfin_venv/lib/python3.10/site-packages/airflow/example_dags/example_branch_labels.py took 0.091 seconds
[2024-08-22T16:54:43.867+0500] {processor.py:186} INFO - Started process (PID=5729) to work on /home/rayyan/redfin_venv/lib/python3.10/site-packages/airflow/example_dags/example_branch_labels.py
[2024-08-22T16:54:43.868+0500] {processor.py:914} INFO - Processing file /home/rayyan/redfin_venv/lib/python3.10/site-packages/airflow/example_dags/example_branch_labels.py for tasks to queue
[2024-08-22T16:54:43.870+0500] {logging_mixin.py:190} INFO - [2024-08-22T16:54:43.870+0500] {dagbag.py:587} INFO - Filling up the DagBag from /home/rayyan/redfin_venv/lib/python3.10/site-packages/airflow/example_dags/example_branch_labels.py
[2024-08-22T16:54:43.880+0500] {processor.py:925} INFO - DAG(s) 'example_branch_labels' retrieved from /home/rayyan/redfin_venv/lib/python3.10/site-packages/airflow/example_dags/example_branch_labels.py
[2024-08-22T16:54:43.895+0500] {logging_mixin.py:190} INFO - [2024-08-22T16:54:43.895+0500] {dag.py:3211} INFO - Sync 1 DAGs
[2024-08-22T16:54:43.918+0500] {logging_mixin.py:190} INFO - [2024-08-22T16:54:43.917+0500] {dag.py:4138} INFO - Setting next_dagrun for example_branch_labels to 2024-08-21 00:00:00+00:00, run_after=2024-08-22 00:00:00+00:00
[2024-08-22T16:54:43.943+0500] {processor.py:208} INFO - Processing /home/rayyan/redfin_venv/lib/python3.10/site-packages/airflow/example_dags/example_branch_labels.py took 0.082 seconds
[2024-08-22T16:55:46.196+0500] {processor.py:186} INFO - Started process (PID=6031) to work on /home/rayyan/redfin_venv/lib/python3.10/site-packages/airflow/example_dags/example_branch_labels.py
[2024-08-22T16:55:46.198+0500] {processor.py:914} INFO - Processing file /home/rayyan/redfin_venv/lib/python3.10/site-packages/airflow/example_dags/example_branch_labels.py for tasks to queue
[2024-08-22T16:55:46.200+0500] {logging_mixin.py:190} INFO - [2024-08-22T16:55:46.199+0500] {dagbag.py:587} INFO - Filling up the DagBag from /home/rayyan/redfin_venv/lib/python3.10/site-packages/airflow/example_dags/example_branch_labels.py
[2024-08-22T16:55:46.211+0500] {processor.py:925} INFO - DAG(s) 'example_branch_labels' retrieved from /home/rayyan/redfin_venv/lib/python3.10/site-packages/airflow/example_dags/example_branch_labels.py
[2024-08-22T16:55:46.236+0500] {logging_mixin.py:190} INFO - [2024-08-22T16:55:46.236+0500] {dag.py:3211} INFO - Sync 1 DAGs
[2024-08-22T16:55:46.263+0500] {logging_mixin.py:190} INFO - [2024-08-22T16:55:46.263+0500] {dag.py:4138} INFO - Setting next_dagrun for example_branch_labels to 2024-08-21 00:00:00+00:00, run_after=2024-08-22 00:00:00+00:00
[2024-08-22T16:55:46.291+0500] {processor.py:208} INFO - Processing /home/rayyan/redfin_venv/lib/python3.10/site-packages/airflow/example_dags/example_branch_labels.py took 0.101 seconds
[2024-08-22T16:56:52.395+0500] {processor.py:186} INFO - Started process (PID=6348) to work on /home/rayyan/redfin_venv/lib/python3.10/site-packages/airflow/example_dags/example_branch_labels.py
[2024-08-22T16:56:52.397+0500] {processor.py:914} INFO - Processing file /home/rayyan/redfin_venv/lib/python3.10/site-packages/airflow/example_dags/example_branch_labels.py for tasks to queue
[2024-08-22T16:56:52.399+0500] {logging_mixin.py:190} INFO - [2024-08-22T16:56:52.398+0500] {dagbag.py:587} INFO - Filling up the DagBag from /home/rayyan/redfin_venv/lib/python3.10/site-packages/airflow/example_dags/example_branch_labels.py
[2024-08-22T16:56:52.408+0500] {processor.py:925} INFO - DAG(s) 'example_branch_labels' retrieved from /home/rayyan/redfin_venv/lib/python3.10/site-packages/airflow/example_dags/example_branch_labels.py
[2024-08-22T16:56:52.424+0500] {logging_mixin.py:190} INFO - [2024-08-22T16:56:52.423+0500] {dag.py:3211} INFO - Sync 1 DAGs
[2024-08-22T16:56:52.444+0500] {logging_mixin.py:190} INFO - [2024-08-22T16:56:52.444+0500] {dag.py:4138} INFO - Setting next_dagrun for example_branch_labels to 2024-08-21 00:00:00+00:00, run_after=2024-08-22 00:00:00+00:00
[2024-08-22T16:56:52.464+0500] {processor.py:208} INFO - Processing /home/rayyan/redfin_venv/lib/python3.10/site-packages/airflow/example_dags/example_branch_labels.py took 0.074 seconds
[2024-08-22T16:57:56.299+0500] {processor.py:186} INFO - Started process (PID=6656) to work on /home/rayyan/redfin_venv/lib/python3.10/site-packages/airflow/example_dags/example_branch_labels.py
[2024-08-22T16:57:56.311+0500] {processor.py:914} INFO - Processing file /home/rayyan/redfin_venv/lib/python3.10/site-packages/airflow/example_dags/example_branch_labels.py for tasks to queue
[2024-08-22T16:57:56.313+0500] {logging_mixin.py:190} INFO - [2024-08-22T16:57:56.312+0500] {dagbag.py:587} INFO - Filling up the DagBag from /home/rayyan/redfin_venv/lib/python3.10/site-packages/airflow/example_dags/example_branch_labels.py
[2024-08-22T16:57:56.323+0500] {processor.py:925} INFO - DAG(s) 'example_branch_labels' retrieved from /home/rayyan/redfin_venv/lib/python3.10/site-packages/airflow/example_dags/example_branch_labels.py
[2024-08-22T16:57:56.338+0500] {logging_mixin.py:190} INFO - [2024-08-22T16:57:56.338+0500] {dag.py:3211} INFO - Sync 1 DAGs
[2024-08-22T16:57:56.358+0500] {logging_mixin.py:190} INFO - [2024-08-22T16:57:56.358+0500] {dag.py:4138} INFO - Setting next_dagrun for example_branch_labels to 2024-08-21 00:00:00+00:00, run_after=2024-08-22 00:00:00+00:00
[2024-08-22T16:57:56.381+0500] {processor.py:208} INFO - Processing /home/rayyan/redfin_venv/lib/python3.10/site-packages/airflow/example_dags/example_branch_labels.py took 0.088 seconds
[2024-08-22T16:59:06.672+0500] {processor.py:186} INFO - Started process (PID=7000) to work on /home/rayyan/redfin_venv/lib/python3.10/site-packages/airflow/example_dags/example_branch_labels.py
[2024-08-22T16:59:06.683+0500] {processor.py:914} INFO - Processing file /home/rayyan/redfin_venv/lib/python3.10/site-packages/airflow/example_dags/example_branch_labels.py for tasks to queue
[2024-08-22T16:59:06.686+0500] {logging_mixin.py:190} INFO - [2024-08-22T16:59:06.686+0500] {dagbag.py:587} INFO - Filling up the DagBag from /home/rayyan/redfin_venv/lib/python3.10/site-packages/airflow/example_dags/example_branch_labels.py
[2024-08-22T16:59:06.699+0500] {processor.py:925} INFO - DAG(s) 'example_branch_labels' retrieved from /home/rayyan/redfin_venv/lib/python3.10/site-packages/airflow/example_dags/example_branch_labels.py
[2024-08-22T16:59:06.716+0500] {logging_mixin.py:190} INFO - [2024-08-22T16:59:06.716+0500] {dag.py:3211} INFO - Sync 1 DAGs
[2024-08-22T16:59:06.847+0500] {logging_mixin.py:190} INFO - [2024-08-22T16:59:06.847+0500] {dag.py:4138} INFO - Setting next_dagrun for example_branch_labels to 2024-08-21 00:00:00+00:00, run_after=2024-08-22 00:00:00+00:00
[2024-08-22T16:59:06.871+0500] {processor.py:208} INFO - Processing /home/rayyan/redfin_venv/lib/python3.10/site-packages/airflow/example_dags/example_branch_labels.py took 0.206 seconds
[2024-08-22T17:00:05.850+0500] {processor.py:186} INFO - Started process (PID=8034) to work on /home/rayyan/redfin_venv/lib/python3.10/site-packages/airflow/example_dags/example_branch_labels.py
[2024-08-22T17:00:05.862+0500] {processor.py:914} INFO - Processing file /home/rayyan/redfin_venv/lib/python3.10/site-packages/airflow/example_dags/example_branch_labels.py for tasks to queue
[2024-08-22T17:00:05.865+0500] {logging_mixin.py:190} INFO - [2024-08-22T17:00:05.865+0500] {dagbag.py:587} INFO - Filling up the DagBag from /home/rayyan/redfin_venv/lib/python3.10/site-packages/airflow/example_dags/example_branch_labels.py
[2024-08-22T17:00:05.876+0500] {processor.py:925} INFO - DAG(s) 'example_branch_labels' retrieved from /home/rayyan/redfin_venv/lib/python3.10/site-packages/airflow/example_dags/example_branch_labels.py
[2024-08-22T17:00:05.897+0500] {logging_mixin.py:190} INFO - [2024-08-22T17:00:05.897+0500] {dag.py:3211} INFO - Sync 1 DAGs
[2024-08-22T17:00:05.929+0500] {logging_mixin.py:190} INFO - [2024-08-22T17:00:05.928+0500] {dag.py:4138} INFO - Setting next_dagrun for example_branch_labels to 2024-08-21 00:00:00+00:00, run_after=2024-08-22 00:00:00+00:00
[2024-08-22T17:00:05.958+0500] {processor.py:208} INFO - Processing /home/rayyan/redfin_venv/lib/python3.10/site-packages/airflow/example_dags/example_branch_labels.py took 0.115 seconds
[2024-08-22T17:01:10.698+0500] {processor.py:186} INFO - Started process (PID=10387) to work on /home/rayyan/redfin_venv/lib/python3.10/site-packages/airflow/example_dags/example_branch_labels.py
[2024-08-22T17:01:10.700+0500] {processor.py:914} INFO - Processing file /home/rayyan/redfin_venv/lib/python3.10/site-packages/airflow/example_dags/example_branch_labels.py for tasks to queue
[2024-08-22T17:01:10.705+0500] {logging_mixin.py:190} INFO - [2024-08-22T17:01:10.705+0500] {dagbag.py:587} INFO - Filling up the DagBag from /home/rayyan/redfin_venv/lib/python3.10/site-packages/airflow/example_dags/example_branch_labels.py
[2024-08-22T17:01:10.737+0500] {processor.py:925} INFO - DAG(s) 'example_branch_labels' retrieved from /home/rayyan/redfin_venv/lib/python3.10/site-packages/airflow/example_dags/example_branch_labels.py
[2024-08-22T17:01:10.806+0500] {logging_mixin.py:190} INFO - [2024-08-22T17:01:10.797+0500] {dag.py:3211} INFO - Sync 1 DAGs
[2024-08-22T17:01:10.945+0500] {logging_mixin.py:190} INFO - [2024-08-22T17:01:10.945+0500] {dag.py:4138} INFO - Setting next_dagrun for example_branch_labels to 2024-08-21 00:00:00+00:00, run_after=2024-08-22 00:00:00+00:00
[2024-08-22T17:01:11.008+0500] {processor.py:208} INFO - Processing /home/rayyan/redfin_venv/lib/python3.10/site-packages/airflow/example_dags/example_branch_labels.py took 0.335 seconds
[2024-08-22T17:02:22.758+0500] {processor.py:186} INFO - Started process (PID=12770) to work on /home/rayyan/redfin_venv/lib/python3.10/site-packages/airflow/example_dags/example_branch_labels.py
[2024-08-22T17:02:22.761+0500] {processor.py:914} INFO - Processing file /home/rayyan/redfin_venv/lib/python3.10/site-packages/airflow/example_dags/example_branch_labels.py for tasks to queue
[2024-08-22T17:02:22.764+0500] {logging_mixin.py:190} INFO - [2024-08-22T17:02:22.763+0500] {dagbag.py:587} INFO - Filling up the DagBag from /home/rayyan/redfin_venv/lib/python3.10/site-packages/airflow/example_dags/example_branch_labels.py
[2024-08-22T17:02:22.780+0500] {processor.py:925} INFO - DAG(s) 'example_branch_labels' retrieved from /home/rayyan/redfin_venv/lib/python3.10/site-packages/airflow/example_dags/example_branch_labels.py
[2024-08-22T17:02:22.799+0500] {logging_mixin.py:190} INFO - [2024-08-22T17:02:22.799+0500] {dag.py:3211} INFO - Sync 1 DAGs
[2024-08-22T17:02:22.832+0500] {logging_mixin.py:190} INFO - [2024-08-22T17:02:22.831+0500] {dag.py:4138} INFO - Setting next_dagrun for example_branch_labels to 2024-08-21 00:00:00+00:00, run_after=2024-08-22 00:00:00+00:00
[2024-08-22T17:02:22.863+0500] {processor.py:208} INFO - Processing /home/rayyan/redfin_venv/lib/python3.10/site-packages/airflow/example_dags/example_branch_labels.py took 0.118 seconds
[2024-08-22T17:03:23.540+0500] {processor.py:186} INFO - Started process (PID=13066) to work on /home/rayyan/redfin_venv/lib/python3.10/site-packages/airflow/example_dags/example_branch_labels.py
[2024-08-22T17:03:23.542+0500] {processor.py:914} INFO - Processing file /home/rayyan/redfin_venv/lib/python3.10/site-packages/airflow/example_dags/example_branch_labels.py for tasks to queue
[2024-08-22T17:03:23.544+0500] {logging_mixin.py:190} INFO - [2024-08-22T17:03:23.544+0500] {dagbag.py:587} INFO - Filling up the DagBag from /home/rayyan/redfin_venv/lib/python3.10/site-packages/airflow/example_dags/example_branch_labels.py
[2024-08-22T17:03:23.556+0500] {processor.py:925} INFO - DAG(s) 'example_branch_labels' retrieved from /home/rayyan/redfin_venv/lib/python3.10/site-packages/airflow/example_dags/example_branch_labels.py
[2024-08-22T17:03:23.576+0500] {logging_mixin.py:190} INFO - [2024-08-22T17:03:23.575+0500] {dag.py:3211} INFO - Sync 1 DAGs
[2024-08-22T17:03:23.601+0500] {logging_mixin.py:190} INFO - [2024-08-22T17:03:23.600+0500] {dag.py:4138} INFO - Setting next_dagrun for example_branch_labels to 2024-08-21 00:00:00+00:00, run_after=2024-08-22 00:00:00+00:00
[2024-08-22T17:03:23.623+0500] {processor.py:208} INFO - Processing /home/rayyan/redfin_venv/lib/python3.10/site-packages/airflow/example_dags/example_branch_labels.py took 0.091 seconds
[2024-08-22T17:04:22.958+0500] {processor.py:186} INFO - Started process (PID=13351) to work on /home/rayyan/redfin_venv/lib/python3.10/site-packages/airflow/example_dags/example_branch_labels.py
[2024-08-22T17:04:22.961+0500] {processor.py:914} INFO - Processing file /home/rayyan/redfin_venv/lib/python3.10/site-packages/airflow/example_dags/example_branch_labels.py for tasks to queue
[2024-08-22T17:04:22.964+0500] {logging_mixin.py:190} INFO - [2024-08-22T17:04:22.963+0500] {dagbag.py:587} INFO - Filling up the DagBag from /home/rayyan/redfin_venv/lib/python3.10/site-packages/airflow/example_dags/example_branch_labels.py
[2024-08-22T17:04:22.975+0500] {processor.py:925} INFO - DAG(s) 'example_branch_labels' retrieved from /home/rayyan/redfin_venv/lib/python3.10/site-packages/airflow/example_dags/example_branch_labels.py
[2024-08-22T17:04:22.993+0500] {logging_mixin.py:190} INFO - [2024-08-22T17:04:22.993+0500] {dag.py:3211} INFO - Sync 1 DAGs
[2024-08-22T17:04:23.014+0500] {logging_mixin.py:190} INFO - [2024-08-22T17:04:23.014+0500] {dag.py:4138} INFO - Setting next_dagrun for example_branch_labels to 2024-08-21 00:00:00+00:00, run_after=2024-08-22 00:00:00+00:00
[2024-08-22T17:04:23.037+0500] {processor.py:208} INFO - Processing /home/rayyan/redfin_venv/lib/python3.10/site-packages/airflow/example_dags/example_branch_labels.py took 0.091 seconds
[2024-08-22T17:05:18.198+0500] {processor.py:186} INFO - Started process (PID=13622) to work on /home/rayyan/redfin_venv/lib/python3.10/site-packages/airflow/example_dags/example_branch_labels.py
[2024-08-22T17:05:18.209+0500] {processor.py:914} INFO - Processing file /home/rayyan/redfin_venv/lib/python3.10/site-packages/airflow/example_dags/example_branch_labels.py for tasks to queue
[2024-08-22T17:05:18.212+0500] {logging_mixin.py:190} INFO - [2024-08-22T17:05:18.211+0500] {dagbag.py:587} INFO - Filling up the DagBag from /home/rayyan/redfin_venv/lib/python3.10/site-packages/airflow/example_dags/example_branch_labels.py
[2024-08-22T17:05:18.223+0500] {processor.py:925} INFO - DAG(s) 'example_branch_labels' retrieved from /home/rayyan/redfin_venv/lib/python3.10/site-packages/airflow/example_dags/example_branch_labels.py
[2024-08-22T17:05:18.240+0500] {logging_mixin.py:190} INFO - [2024-08-22T17:05:18.240+0500] {dag.py:3211} INFO - Sync 1 DAGs
[2024-08-22T17:05:18.265+0500] {logging_mixin.py:190} INFO - [2024-08-22T17:05:18.265+0500] {dag.py:4138} INFO - Setting next_dagrun for example_branch_labels to 2024-08-21 00:00:00+00:00, run_after=2024-08-22 00:00:00+00:00
[2024-08-22T17:05:18.292+0500] {processor.py:208} INFO - Processing /home/rayyan/redfin_venv/lib/python3.10/site-packages/airflow/example_dags/example_branch_labels.py took 0.101 seconds
[2024-08-22T17:06:13.258+0500] {processor.py:186} INFO - Started process (PID=13889) to work on /home/rayyan/redfin_venv/lib/python3.10/site-packages/airflow/example_dags/example_branch_labels.py
[2024-08-22T17:06:13.271+0500] {processor.py:914} INFO - Processing file /home/rayyan/redfin_venv/lib/python3.10/site-packages/airflow/example_dags/example_branch_labels.py for tasks to queue
[2024-08-22T17:06:13.273+0500] {logging_mixin.py:190} INFO - [2024-08-22T17:06:13.273+0500] {dagbag.py:587} INFO - Filling up the DagBag from /home/rayyan/redfin_venv/lib/python3.10/site-packages/airflow/example_dags/example_branch_labels.py
[2024-08-22T17:06:13.284+0500] {processor.py:925} INFO - DAG(s) 'example_branch_labels' retrieved from /home/rayyan/redfin_venv/lib/python3.10/site-packages/airflow/example_dags/example_branch_labels.py
[2024-08-22T17:06:13.301+0500] {logging_mixin.py:190} INFO - [2024-08-22T17:06:13.301+0500] {dag.py:3211} INFO - Sync 1 DAGs
[2024-08-22T17:06:13.322+0500] {logging_mixin.py:190} INFO - [2024-08-22T17:06:13.322+0500] {dag.py:4138} INFO - Setting next_dagrun for example_branch_labels to 2024-08-21 00:00:00+00:00, run_after=2024-08-22 00:00:00+00:00
[2024-08-22T17:06:13.345+0500] {processor.py:208} INFO - Processing /home/rayyan/redfin_venv/lib/python3.10/site-packages/airflow/example_dags/example_branch_labels.py took 0.094 seconds
[2024-08-22T17:07:13.627+0500] {processor.py:186} INFO - Started process (PID=14186) to work on /home/rayyan/redfin_venv/lib/python3.10/site-packages/airflow/example_dags/example_branch_labels.py
[2024-08-22T17:07:13.629+0500] {processor.py:914} INFO - Processing file /home/rayyan/redfin_venv/lib/python3.10/site-packages/airflow/example_dags/example_branch_labels.py for tasks to queue
[2024-08-22T17:07:13.631+0500] {logging_mixin.py:190} INFO - [2024-08-22T17:07:13.630+0500] {dagbag.py:587} INFO - Filling up the DagBag from /home/rayyan/redfin_venv/lib/python3.10/site-packages/airflow/example_dags/example_branch_labels.py
[2024-08-22T17:07:13.642+0500] {processor.py:925} INFO - DAG(s) 'example_branch_labels' retrieved from /home/rayyan/redfin_venv/lib/python3.10/site-packages/airflow/example_dags/example_branch_labels.py
[2024-08-22T17:07:13.658+0500] {logging_mixin.py:190} INFO - [2024-08-22T17:07:13.658+0500] {dag.py:3211} INFO - Sync 1 DAGs
[2024-08-22T17:07:13.678+0500] {logging_mixin.py:190} INFO - [2024-08-22T17:07:13.677+0500] {dag.py:4138} INFO - Setting next_dagrun for example_branch_labels to 2024-08-21 00:00:00+00:00, run_after=2024-08-22 00:00:00+00:00
[2024-08-22T17:07:13.698+0500] {processor.py:208} INFO - Processing /home/rayyan/redfin_venv/lib/python3.10/site-packages/airflow/example_dags/example_branch_labels.py took 0.077 seconds
