[2024-08-22T16:48:00.874+0500] {processor.py:186} INFO - Started process (PID=3753) to work on /home/rayyan/redfin_venv/lib/python3.10/site-packages/airflow/example_dags/example_branch_python_dop_operator_3.py
[2024-08-22T16:48:00.875+0500] {processor.py:914} INFO - Processing file /home/rayyan/redfin_venv/lib/python3.10/site-packages/airflow/example_dags/example_branch_python_dop_operator_3.py for tasks to queue
[2024-08-22T16:48:00.878+0500] {logging_mixin.py:190} INFO - [2024-08-22T16:48:00.878+0500] {dagbag.py:587} INFO - Filling up the DagBag from /home/rayyan/redfin_venv/lib/python3.10/site-packages/airflow/example_dags/example_branch_python_dop_operator_3.py
[2024-08-22T16:48:00.888+0500] {processor.py:925} INFO - DAG(s) 'example_branch_dop_operator_v3' retrieved from /home/rayyan/redfin_venv/lib/python3.10/site-packages/airflow/example_dags/example_branch_python_dop_operator_3.py
[2024-08-22T16:48:00.905+0500] {logging_mixin.py:190} INFO - [2024-08-22T16:48:00.905+0500] {dag.py:3211} INFO - Sync 1 DAGs
[2024-08-22T16:48:00.927+0500] {logging_mixin.py:190} INFO - [2024-08-22T16:48:00.927+0500] {dag.py:4138} INFO - Setting next_dagrun for example_branch_dop_operator_v3 to 2024-08-22 11:47:00+00:00, run_after=2024-08-22 11:48:00+00:00
[2024-08-22T16:48:00.959+0500] {processor.py:208} INFO - Processing /home/rayyan/redfin_venv/lib/python3.10/site-packages/airflow/example_dags/example_branch_python_dop_operator_3.py took 0.091 seconds
[2024-08-22T16:49:00.380+0500] {processor.py:186} INFO - Started process (PID=4067) to work on /home/rayyan/redfin_venv/lib/python3.10/site-packages/airflow/example_dags/example_branch_python_dop_operator_3.py
[2024-08-22T16:49:00.381+0500] {processor.py:914} INFO - Processing file /home/rayyan/redfin_venv/lib/python3.10/site-packages/airflow/example_dags/example_branch_python_dop_operator_3.py for tasks to queue
[2024-08-22T16:49:00.384+0500] {logging_mixin.py:190} INFO - [2024-08-22T16:49:00.384+0500] {dagbag.py:587} INFO - Filling up the DagBag from /home/rayyan/redfin_venv/lib/python3.10/site-packages/airflow/example_dags/example_branch_python_dop_operator_3.py
[2024-08-22T16:49:00.396+0500] {processor.py:925} INFO - DAG(s) 'example_branch_dop_operator_v3' retrieved from /home/rayyan/redfin_venv/lib/python3.10/site-packages/airflow/example_dags/example_branch_python_dop_operator_3.py
[2024-08-22T16:49:00.416+0500] {logging_mixin.py:190} INFO - [2024-08-22T16:49:00.416+0500] {dag.py:3211} INFO - Sync 1 DAGs
[2024-08-22T16:49:00.440+0500] {logging_mixin.py:190} INFO - [2024-08-22T16:49:00.440+0500] {dag.py:4138} INFO - Setting next_dagrun for example_branch_dop_operator_v3 to 2024-08-22 11:48:00+00:00, run_after=2024-08-22 11:49:00+00:00
[2024-08-22T16:49:00.463+0500] {processor.py:208} INFO - Processing /home/rayyan/redfin_venv/lib/python3.10/site-packages/airflow/example_dags/example_branch_python_dop_operator_3.py took 0.092 seconds
[2024-08-22T16:49:58.420+0500] {processor.py:186} INFO - Started process (PID=4351) to work on /home/rayyan/redfin_venv/lib/python3.10/site-packages/airflow/example_dags/example_branch_python_dop_operator_3.py
[2024-08-22T16:49:58.422+0500] {processor.py:914} INFO - Processing file /home/rayyan/redfin_venv/lib/python3.10/site-packages/airflow/example_dags/example_branch_python_dop_operator_3.py for tasks to queue
[2024-08-22T16:49:58.425+0500] {logging_mixin.py:190} INFO - [2024-08-22T16:49:58.425+0500] {dagbag.py:587} INFO - Filling up the DagBag from /home/rayyan/redfin_venv/lib/python3.10/site-packages/airflow/example_dags/example_branch_python_dop_operator_3.py
[2024-08-22T16:49:58.439+0500] {processor.py:925} INFO - DAG(s) 'example_branch_dop_operator_v3' retrieved from /home/rayyan/redfin_venv/lib/python3.10/site-packages/airflow/example_dags/example_branch_python_dop_operator_3.py
[2024-08-22T16:49:58.454+0500] {logging_mixin.py:190} INFO - [2024-08-22T16:49:58.454+0500] {dag.py:3211} INFO - Sync 1 DAGs
[2024-08-22T16:49:58.477+0500] {logging_mixin.py:190} INFO - [2024-08-22T16:49:58.477+0500] {dag.py:4138} INFO - Setting next_dagrun for example_branch_dop_operator_v3 to 2024-08-22 11:48:00+00:00, run_after=2024-08-22 11:49:00+00:00
[2024-08-22T16:49:58.497+0500] {processor.py:208} INFO - Processing /home/rayyan/redfin_venv/lib/python3.10/site-packages/airflow/example_dags/example_branch_python_dop_operator_3.py took 0.086 seconds
[2024-08-22T16:50:55.389+0500] {processor.py:186} INFO - Started process (PID=4628) to work on /home/rayyan/redfin_venv/lib/python3.10/site-packages/airflow/example_dags/example_branch_python_dop_operator_3.py
[2024-08-22T16:50:55.390+0500] {processor.py:914} INFO - Processing file /home/rayyan/redfin_venv/lib/python3.10/site-packages/airflow/example_dags/example_branch_python_dop_operator_3.py for tasks to queue
[2024-08-22T16:50:55.393+0500] {logging_mixin.py:190} INFO - [2024-08-22T16:50:55.392+0500] {dagbag.py:587} INFO - Filling up the DagBag from /home/rayyan/redfin_venv/lib/python3.10/site-packages/airflow/example_dags/example_branch_python_dop_operator_3.py
[2024-08-22T16:50:55.404+0500] {processor.py:925} INFO - DAG(s) 'example_branch_dop_operator_v3' retrieved from /home/rayyan/redfin_venv/lib/python3.10/site-packages/airflow/example_dags/example_branch_python_dop_operator_3.py
[2024-08-22T16:50:55.421+0500] {logging_mixin.py:190} INFO - [2024-08-22T16:50:55.421+0500] {dag.py:3211} INFO - Sync 1 DAGs
[2024-08-22T16:50:55.447+0500] {logging_mixin.py:190} INFO - [2024-08-22T16:50:55.447+0500] {dag.py:4138} INFO - Setting next_dagrun for example_branch_dop_operator_v3 to 2024-08-22 11:49:00+00:00, run_after=2024-08-22 11:50:00+00:00
[2024-08-22T16:50:55.470+0500] {processor.py:208} INFO - Processing /home/rayyan/redfin_venv/lib/python3.10/site-packages/airflow/example_dags/example_branch_python_dop_operator_3.py took 0.090 seconds
[2024-08-22T16:51:53.791+0500] {processor.py:186} INFO - Started process (PID=4909) to work on /home/rayyan/redfin_venv/lib/python3.10/site-packages/airflow/example_dags/example_branch_python_dop_operator_3.py
[2024-08-22T16:51:53.795+0500] {processor.py:914} INFO - Processing file /home/rayyan/redfin_venv/lib/python3.10/site-packages/airflow/example_dags/example_branch_python_dop_operator_3.py for tasks to queue
[2024-08-22T16:51:53.799+0500] {logging_mixin.py:190} INFO - [2024-08-22T16:51:53.798+0500] {dagbag.py:587} INFO - Filling up the DagBag from /home/rayyan/redfin_venv/lib/python3.10/site-packages/airflow/example_dags/example_branch_python_dop_operator_3.py
[2024-08-22T16:51:53.810+0500] {processor.py:925} INFO - DAG(s) 'example_branch_dop_operator_v3' retrieved from /home/rayyan/redfin_venv/lib/python3.10/site-packages/airflow/example_dags/example_branch_python_dop_operator_3.py
[2024-08-22T16:51:53.827+0500] {logging_mixin.py:190} INFO - [2024-08-22T16:51:53.826+0500] {dag.py:3211} INFO - Sync 1 DAGs
[2024-08-22T16:51:53.851+0500] {logging_mixin.py:190} INFO - [2024-08-22T16:51:53.850+0500] {dag.py:4138} INFO - Setting next_dagrun for example_branch_dop_operator_v3 to 2024-08-22 11:50:00+00:00, run_after=2024-08-22 11:51:00+00:00
[2024-08-22T16:51:53.986+0500] {processor.py:208} INFO - Processing /home/rayyan/redfin_venv/lib/python3.10/site-packages/airflow/example_dags/example_branch_python_dop_operator_3.py took 0.202 seconds
[2024-08-22T16:52:55.895+0500] {processor.py:186} INFO - Started process (PID=5208) to work on /home/rayyan/redfin_venv/lib/python3.10/site-packages/airflow/example_dags/example_branch_python_dop_operator_3.py
[2024-08-22T16:52:55.898+0500] {processor.py:914} INFO - Processing file /home/rayyan/redfin_venv/lib/python3.10/site-packages/airflow/example_dags/example_branch_python_dop_operator_3.py for tasks to queue
[2024-08-22T16:52:55.901+0500] {logging_mixin.py:190} INFO - [2024-08-22T16:52:55.901+0500] {dagbag.py:587} INFO - Filling up the DagBag from /home/rayyan/redfin_venv/lib/python3.10/site-packages/airflow/example_dags/example_branch_python_dop_operator_3.py
[2024-08-22T16:52:55.916+0500] {processor.py:925} INFO - DAG(s) 'example_branch_dop_operator_v3' retrieved from /home/rayyan/redfin_venv/lib/python3.10/site-packages/airflow/example_dags/example_branch_python_dop_operator_3.py
[2024-08-22T16:52:55.932+0500] {logging_mixin.py:190} INFO - [2024-08-22T16:52:55.932+0500] {dag.py:3211} INFO - Sync 1 DAGs
[2024-08-22T16:52:56.066+0500] {logging_mixin.py:190} INFO - [2024-08-22T16:52:56.066+0500] {dag.py:4138} INFO - Setting next_dagrun for example_branch_dop_operator_v3 to 2024-08-22 11:51:00+00:00, run_after=2024-08-22 11:52:00+00:00
[2024-08-22T16:52:56.095+0500] {processor.py:208} INFO - Processing /home/rayyan/redfin_venv/lib/python3.10/site-packages/airflow/example_dags/example_branch_python_dop_operator_3.py took 0.220 seconds
[2024-08-22T16:53:57.478+0500] {processor.py:186} INFO - Started process (PID=5502) to work on /home/rayyan/redfin_venv/lib/python3.10/site-packages/airflow/example_dags/example_branch_python_dop_operator_3.py
[2024-08-22T16:53:57.480+0500] {processor.py:914} INFO - Processing file /home/rayyan/redfin_venv/lib/python3.10/site-packages/airflow/example_dags/example_branch_python_dop_operator_3.py for tasks to queue
[2024-08-22T16:53:57.483+0500] {logging_mixin.py:190} INFO - [2024-08-22T16:53:57.483+0500] {dagbag.py:587} INFO - Filling up the DagBag from /home/rayyan/redfin_venv/lib/python3.10/site-packages/airflow/example_dags/example_branch_python_dop_operator_3.py
[2024-08-22T16:53:57.496+0500] {processor.py:925} INFO - DAG(s) 'example_branch_dop_operator_v3' retrieved from /home/rayyan/redfin_venv/lib/python3.10/site-packages/airflow/example_dags/example_branch_python_dop_operator_3.py
[2024-08-22T16:53:57.512+0500] {logging_mixin.py:190} INFO - [2024-08-22T16:53:57.512+0500] {dag.py:3211} INFO - Sync 1 DAGs
[2024-08-22T16:53:57.640+0500] {logging_mixin.py:190} INFO - [2024-08-22T16:53:57.639+0500] {dag.py:4138} INFO - Setting next_dagrun for example_branch_dop_operator_v3 to 2024-08-22 11:52:00+00:00, run_after=2024-08-22 11:53:00+00:00
[2024-08-22T16:53:57.667+0500] {processor.py:208} INFO - Processing /home/rayyan/redfin_venv/lib/python3.10/site-packages/airflow/example_dags/example_branch_python_dop_operator_3.py took 0.200 seconds
[2024-08-22T16:54:56.322+0500] {processor.py:186} INFO - Started process (PID=5790) to work on /home/rayyan/redfin_venv/lib/python3.10/site-packages/airflow/example_dags/example_branch_python_dop_operator_3.py
[2024-08-22T16:54:56.333+0500] {processor.py:914} INFO - Processing file /home/rayyan/redfin_venv/lib/python3.10/site-packages/airflow/example_dags/example_branch_python_dop_operator_3.py for tasks to queue
[2024-08-22T16:54:56.336+0500] {logging_mixin.py:190} INFO - [2024-08-22T16:54:56.336+0500] {dagbag.py:587} INFO - Filling up the DagBag from /home/rayyan/redfin_venv/lib/python3.10/site-packages/airflow/example_dags/example_branch_python_dop_operator_3.py
[2024-08-22T16:54:56.349+0500] {processor.py:925} INFO - DAG(s) 'example_branch_dop_operator_v3' retrieved from /home/rayyan/redfin_venv/lib/python3.10/site-packages/airflow/example_dags/example_branch_python_dop_operator_3.py
[2024-08-22T16:54:56.367+0500] {logging_mixin.py:190} INFO - [2024-08-22T16:54:56.367+0500] {dag.py:3211} INFO - Sync 1 DAGs
[2024-08-22T16:54:56.394+0500] {logging_mixin.py:190} INFO - [2024-08-22T16:54:56.394+0500] {dag.py:4138} INFO - Setting next_dagrun for example_branch_dop_operator_v3 to 2024-08-22 11:53:00+00:00, run_after=2024-08-22 11:54:00+00:00
[2024-08-22T16:54:56.548+0500] {processor.py:208} INFO - Processing /home/rayyan/redfin_venv/lib/python3.10/site-packages/airflow/example_dags/example_branch_python_dop_operator_3.py took 0.233 seconds
[2024-08-22T16:55:56.929+0500] {processor.py:186} INFO - Started process (PID=6082) to work on /home/rayyan/redfin_venv/lib/python3.10/site-packages/airflow/example_dags/example_branch_python_dop_operator_3.py
[2024-08-22T16:55:56.930+0500] {processor.py:914} INFO - Processing file /home/rayyan/redfin_venv/lib/python3.10/site-packages/airflow/example_dags/example_branch_python_dop_operator_3.py for tasks to queue
[2024-08-22T16:55:56.932+0500] {logging_mixin.py:190} INFO - [2024-08-22T16:55:56.932+0500] {dagbag.py:587} INFO - Filling up the DagBag from /home/rayyan/redfin_venv/lib/python3.10/site-packages/airflow/example_dags/example_branch_python_dop_operator_3.py
[2024-08-22T16:55:56.944+0500] {processor.py:925} INFO - DAG(s) 'example_branch_dop_operator_v3' retrieved from /home/rayyan/redfin_venv/lib/python3.10/site-packages/airflow/example_dags/example_branch_python_dop_operator_3.py
[2024-08-22T16:55:56.962+0500] {logging_mixin.py:190} INFO - [2024-08-22T16:55:56.962+0500] {dag.py:3211} INFO - Sync 1 DAGs
[2024-08-22T16:55:56.987+0500] {logging_mixin.py:190} INFO - [2024-08-22T16:55:56.987+0500] {dag.py:4138} INFO - Setting next_dagrun for example_branch_dop_operator_v3 to 2024-08-22 11:54:00+00:00, run_after=2024-08-22 11:55:00+00:00
[2024-08-22T16:55:57.012+0500] {processor.py:208} INFO - Processing /home/rayyan/redfin_venv/lib/python3.10/site-packages/airflow/example_dags/example_branch_python_dop_operator_3.py took 0.089 seconds
[2024-08-22T16:57:03.940+0500] {processor.py:186} INFO - Started process (PID=6402) to work on /home/rayyan/redfin_venv/lib/python3.10/site-packages/airflow/example_dags/example_branch_python_dop_operator_3.py
[2024-08-22T16:57:03.952+0500] {processor.py:914} INFO - Processing file /home/rayyan/redfin_venv/lib/python3.10/site-packages/airflow/example_dags/example_branch_python_dop_operator_3.py for tasks to queue
[2024-08-22T16:57:03.956+0500] {logging_mixin.py:190} INFO - [2024-08-22T16:57:03.955+0500] {dagbag.py:587} INFO - Filling up the DagBag from /home/rayyan/redfin_venv/lib/python3.10/site-packages/airflow/example_dags/example_branch_python_dop_operator_3.py
[2024-08-22T16:57:03.968+0500] {processor.py:925} INFO - DAG(s) 'example_branch_dop_operator_v3' retrieved from /home/rayyan/redfin_venv/lib/python3.10/site-packages/airflow/example_dags/example_branch_python_dop_operator_3.py
[2024-08-22T16:57:03.985+0500] {logging_mixin.py:190} INFO - [2024-08-22T16:57:03.984+0500] {dag.py:3211} INFO - Sync 1 DAGs
[2024-08-22T16:57:04.008+0500] {logging_mixin.py:190} INFO - [2024-08-22T16:57:04.008+0500] {dag.py:4138} INFO - Setting next_dagrun for example_branch_dop_operator_v3 to 2024-08-22 11:56:00+00:00, run_after=2024-08-22 11:57:00+00:00
[2024-08-22T16:57:04.032+0500] {processor.py:208} INFO - Processing /home/rayyan/redfin_venv/lib/python3.10/site-packages/airflow/example_dags/example_branch_python_dop_operator_3.py took 0.101 seconds
[2024-08-22T16:58:06.822+0500] {processor.py:186} INFO - Started process (PID=6709) to work on /home/rayyan/redfin_venv/lib/python3.10/site-packages/airflow/example_dags/example_branch_python_dop_operator_3.py
[2024-08-22T16:58:06.824+0500] {processor.py:914} INFO - Processing file /home/rayyan/redfin_venv/lib/python3.10/site-packages/airflow/example_dags/example_branch_python_dop_operator_3.py for tasks to queue
[2024-08-22T16:58:06.826+0500] {logging_mixin.py:190} INFO - [2024-08-22T16:58:06.825+0500] {dagbag.py:587} INFO - Filling up the DagBag from /home/rayyan/redfin_venv/lib/python3.10/site-packages/airflow/example_dags/example_branch_python_dop_operator_3.py
[2024-08-22T16:58:06.838+0500] {processor.py:925} INFO - DAG(s) 'example_branch_dop_operator_v3' retrieved from /home/rayyan/redfin_venv/lib/python3.10/site-packages/airflow/example_dags/example_branch_python_dop_operator_3.py
[2024-08-22T16:58:06.853+0500] {logging_mixin.py:190} INFO - [2024-08-22T16:58:06.853+0500] {dag.py:3211} INFO - Sync 1 DAGs
[2024-08-22T16:58:06.879+0500] {logging_mixin.py:190} INFO - [2024-08-22T16:58:06.879+0500] {dag.py:4138} INFO - Setting next_dagrun for example_branch_dop_operator_v3 to 2024-08-22 11:57:00+00:00, run_after=2024-08-22 11:58:00+00:00
[2024-08-22T16:58:07.015+0500] {processor.py:208} INFO - Processing /home/rayyan/redfin_venv/lib/python3.10/site-packages/airflow/example_dags/example_branch_python_dop_operator_3.py took 0.200 seconds
[2024-08-22T17:00:15.209+0500] {processor.py:186} INFO - Started process (PID=8365) to work on /home/rayyan/redfin_venv/lib/python3.10/site-packages/airflow/example_dags/example_branch_python_dop_operator_3.py
[2024-08-22T17:00:15.213+0500] {processor.py:914} INFO - Processing file /home/rayyan/redfin_venv/lib/python3.10/site-packages/airflow/example_dags/example_branch_python_dop_operator_3.py for tasks to queue
[2024-08-22T17:00:15.228+0500] {logging_mixin.py:190} INFO - [2024-08-22T17:00:15.227+0500] {dagbag.py:587} INFO - Filling up the DagBag from /home/rayyan/redfin_venv/lib/python3.10/site-packages/airflow/example_dags/example_branch_python_dop_operator_3.py
[2024-08-22T17:00:15.262+0500] {processor.py:925} INFO - DAG(s) 'example_branch_dop_operator_v3' retrieved from /home/rayyan/redfin_venv/lib/python3.10/site-packages/airflow/example_dags/example_branch_python_dop_operator_3.py
[2024-08-22T17:00:15.314+0500] {logging_mixin.py:190} INFO - [2024-08-22T17:00:15.312+0500] {dag.py:3211} INFO - Sync 1 DAGs
[2024-08-22T17:00:15.386+0500] {logging_mixin.py:190} INFO - [2024-08-22T17:00:15.386+0500] {dag.py:4138} INFO - Setting next_dagrun for example_branch_dop_operator_v3 to 2024-08-22 11:59:00+00:00, run_after=2024-08-22 12:00:00+00:00
[2024-08-22T17:00:15.454+0500] {processor.py:208} INFO - Processing /home/rayyan/redfin_venv/lib/python3.10/site-packages/airflow/example_dags/example_branch_python_dop_operator_3.py took 0.288 seconds
[2024-08-22T17:01:22.309+0500] {processor.py:186} INFO - Started process (PID=10824) to work on /home/rayyan/redfin_venv/lib/python3.10/site-packages/airflow/example_dags/example_branch_python_dop_operator_3.py
[2024-08-22T17:01:22.310+0500] {processor.py:914} INFO - Processing file /home/rayyan/redfin_venv/lib/python3.10/site-packages/airflow/example_dags/example_branch_python_dop_operator_3.py for tasks to queue
[2024-08-22T17:01:22.314+0500] {logging_mixin.py:190} INFO - [2024-08-22T17:01:22.314+0500] {dagbag.py:587} INFO - Filling up the DagBag from /home/rayyan/redfin_venv/lib/python3.10/site-packages/airflow/example_dags/example_branch_python_dop_operator_3.py
[2024-08-22T17:01:22.333+0500] {processor.py:925} INFO - DAG(s) 'example_branch_dop_operator_v3' retrieved from /home/rayyan/redfin_venv/lib/python3.10/site-packages/airflow/example_dags/example_branch_python_dop_operator_3.py
[2024-08-22T17:01:22.363+0500] {logging_mixin.py:190} INFO - [2024-08-22T17:01:22.362+0500] {dag.py:3211} INFO - Sync 1 DAGs
[2024-08-22T17:01:22.420+0500] {logging_mixin.py:190} INFO - [2024-08-22T17:01:22.419+0500] {dag.py:4138} INFO - Setting next_dagrun for example_branch_dop_operator_v3 to 2024-08-22 12:00:00+00:00, run_after=2024-08-22 12:01:00+00:00
[2024-08-22T17:01:22.483+0500] {processor.py:208} INFO - Processing /home/rayyan/redfin_venv/lib/python3.10/site-packages/airflow/example_dags/example_branch_python_dop_operator_3.py took 0.184 seconds
[2024-08-22T17:02:33.318+0500] {processor.py:186} INFO - Started process (PID=12821) to work on /home/rayyan/redfin_venv/lib/python3.10/site-packages/airflow/example_dags/example_branch_python_dop_operator_3.py
[2024-08-22T17:02:33.321+0500] {processor.py:914} INFO - Processing file /home/rayyan/redfin_venv/lib/python3.10/site-packages/airflow/example_dags/example_branch_python_dop_operator_3.py for tasks to queue
[2024-08-22T17:02:33.326+0500] {logging_mixin.py:190} INFO - [2024-08-22T17:02:33.325+0500] {dagbag.py:587} INFO - Filling up the DagBag from /home/rayyan/redfin_venv/lib/python3.10/site-packages/airflow/example_dags/example_branch_python_dop_operator_3.py
[2024-08-22T17:02:33.347+0500] {processor.py:925} INFO - DAG(s) 'example_branch_dop_operator_v3' retrieved from /home/rayyan/redfin_venv/lib/python3.10/site-packages/airflow/example_dags/example_branch_python_dop_operator_3.py
[2024-08-22T17:02:33.374+0500] {logging_mixin.py:190} INFO - [2024-08-22T17:02:33.374+0500] {dag.py:3211} INFO - Sync 1 DAGs
[2024-08-22T17:02:33.427+0500] {logging_mixin.py:190} INFO - [2024-08-22T17:02:33.426+0500] {dag.py:4138} INFO - Setting next_dagrun for example_branch_dop_operator_v3 to 2024-08-22 12:01:00+00:00, run_after=2024-08-22 12:02:00+00:00
[2024-08-22T17:02:33.476+0500] {processor.py:208} INFO - Processing /home/rayyan/redfin_venv/lib/python3.10/site-packages/airflow/example_dags/example_branch_python_dop_operator_3.py took 0.166 seconds
[2024-08-22T17:03:33.703+0500] {processor.py:186} INFO - Started process (PID=13115) to work on /home/rayyan/redfin_venv/lib/python3.10/site-packages/airflow/example_dags/example_branch_python_dop_operator_3.py
[2024-08-22T17:03:33.715+0500] {processor.py:914} INFO - Processing file /home/rayyan/redfin_venv/lib/python3.10/site-packages/airflow/example_dags/example_branch_python_dop_operator_3.py for tasks to queue
[2024-08-22T17:03:33.718+0500] {logging_mixin.py:190} INFO - [2024-08-22T17:03:33.718+0500] {dagbag.py:587} INFO - Filling up the DagBag from /home/rayyan/redfin_venv/lib/python3.10/site-packages/airflow/example_dags/example_branch_python_dop_operator_3.py
[2024-08-22T17:03:33.732+0500] {processor.py:925} INFO - DAG(s) 'example_branch_dop_operator_v3' retrieved from /home/rayyan/redfin_venv/lib/python3.10/site-packages/airflow/example_dags/example_branch_python_dop_operator_3.py
[2024-08-22T17:03:33.751+0500] {logging_mixin.py:190} INFO - [2024-08-22T17:03:33.751+0500] {dag.py:3211} INFO - Sync 1 DAGs
[2024-08-22T17:03:33.775+0500] {logging_mixin.py:190} INFO - [2024-08-22T17:03:33.775+0500] {dag.py:4138} INFO - Setting next_dagrun for example_branch_dop_operator_v3 to 2024-08-22 12:02:00+00:00, run_after=2024-08-22 12:03:00+00:00
[2024-08-22T17:03:33.798+0500] {processor.py:208} INFO - Processing /home/rayyan/redfin_venv/lib/python3.10/site-packages/airflow/example_dags/example_branch_python_dop_operator_3.py took 0.107 seconds
[2024-08-22T17:04:33.080+0500] {processor.py:186} INFO - Started process (PID=13400) to work on /home/rayyan/redfin_venv/lib/python3.10/site-packages/airflow/example_dags/example_branch_python_dop_operator_3.py
[2024-08-22T17:04:33.093+0500] {processor.py:914} INFO - Processing file /home/rayyan/redfin_venv/lib/python3.10/site-packages/airflow/example_dags/example_branch_python_dop_operator_3.py for tasks to queue
[2024-08-22T17:04:33.097+0500] {logging_mixin.py:190} INFO - [2024-08-22T17:04:33.096+0500] {dagbag.py:587} INFO - Filling up the DagBag from /home/rayyan/redfin_venv/lib/python3.10/site-packages/airflow/example_dags/example_branch_python_dop_operator_3.py
[2024-08-22T17:04:33.108+0500] {processor.py:925} INFO - DAG(s) 'example_branch_dop_operator_v3' retrieved from /home/rayyan/redfin_venv/lib/python3.10/site-packages/airflow/example_dags/example_branch_python_dop_operator_3.py
[2024-08-22T17:04:33.124+0500] {logging_mixin.py:190} INFO - [2024-08-22T17:04:33.124+0500] {dag.py:3211} INFO - Sync 1 DAGs
[2024-08-22T17:04:33.147+0500] {logging_mixin.py:190} INFO - [2024-08-22T17:04:33.147+0500] {dag.py:4138} INFO - Setting next_dagrun for example_branch_dop_operator_v3 to 2024-08-22 12:03:00+00:00, run_after=2024-08-22 12:04:00+00:00
[2024-08-22T17:04:33.168+0500] {processor.py:208} INFO - Processing /home/rayyan/redfin_venv/lib/python3.10/site-packages/airflow/example_dags/example_branch_python_dop_operator_3.py took 0.098 seconds
[2024-08-22T17:05:27.677+0500] {processor.py:186} INFO - Started process (PID=13669) to work on /home/rayyan/redfin_venv/lib/python3.10/site-packages/airflow/example_dags/example_branch_python_dop_operator_3.py
[2024-08-22T17:05:27.689+0500] {processor.py:914} INFO - Processing file /home/rayyan/redfin_venv/lib/python3.10/site-packages/airflow/example_dags/example_branch_python_dop_operator_3.py for tasks to queue
[2024-08-22T17:05:27.693+0500] {logging_mixin.py:190} INFO - [2024-08-22T17:05:27.693+0500] {dagbag.py:587} INFO - Filling up the DagBag from /home/rayyan/redfin_venv/lib/python3.10/site-packages/airflow/example_dags/example_branch_python_dop_operator_3.py
[2024-08-22T17:05:27.708+0500] {processor.py:925} INFO - DAG(s) 'example_branch_dop_operator_v3' retrieved from /home/rayyan/redfin_venv/lib/python3.10/site-packages/airflow/example_dags/example_branch_python_dop_operator_3.py
[2024-08-22T17:05:27.726+0500] {logging_mixin.py:190} INFO - [2024-08-22T17:05:27.725+0500] {dag.py:3211} INFO - Sync 1 DAGs
[2024-08-22T17:05:27.748+0500] {logging_mixin.py:190} INFO - [2024-08-22T17:05:27.748+0500] {dag.py:4138} INFO - Setting next_dagrun for example_branch_dop_operator_v3 to 2024-08-22 12:04:00+00:00, run_after=2024-08-22 12:05:00+00:00
[2024-08-22T17:05:27.771+0500] {processor.py:208} INFO - Processing /home/rayyan/redfin_venv/lib/python3.10/site-packages/airflow/example_dags/example_branch_python_dop_operator_3.py took 0.105 seconds
[2024-08-22T17:06:23.827+0500] {processor.py:186} INFO - Started process (PID=13940) to work on /home/rayyan/redfin_venv/lib/python3.10/site-packages/airflow/example_dags/example_branch_python_dop_operator_3.py
[2024-08-22T17:06:23.838+0500] {processor.py:914} INFO - Processing file /home/rayyan/redfin_venv/lib/python3.10/site-packages/airflow/example_dags/example_branch_python_dop_operator_3.py for tasks to queue
[2024-08-22T17:06:23.841+0500] {logging_mixin.py:190} INFO - [2024-08-22T17:06:23.840+0500] {dagbag.py:587} INFO - Filling up the DagBag from /home/rayyan/redfin_venv/lib/python3.10/site-packages/airflow/example_dags/example_branch_python_dop_operator_3.py
[2024-08-22T17:06:23.852+0500] {processor.py:925} INFO - DAG(s) 'example_branch_dop_operator_v3' retrieved from /home/rayyan/redfin_venv/lib/python3.10/site-packages/airflow/example_dags/example_branch_python_dop_operator_3.py
[2024-08-22T17:06:23.868+0500] {logging_mixin.py:190} INFO - [2024-08-22T17:06:23.868+0500] {dag.py:3211} INFO - Sync 1 DAGs
[2024-08-22T17:06:23.904+0500] {logging_mixin.py:190} INFO - [2024-08-22T17:06:23.904+0500] {dag.py:4138} INFO - Setting next_dagrun for example_branch_dop_operator_v3 to 2024-08-22 12:05:00+00:00, run_after=2024-08-22 12:06:00+00:00
[2024-08-22T17:06:23.947+0500] {processor.py:208} INFO - Processing /home/rayyan/redfin_venv/lib/python3.10/site-packages/airflow/example_dags/example_branch_python_dop_operator_3.py took 0.127 seconds
[2024-08-22T17:07:23.705+0500] {processor.py:186} INFO - Started process (PID=14237) to work on /home/rayyan/redfin_venv/lib/python3.10/site-packages/airflow/example_dags/example_branch_python_dop_operator_3.py
[2024-08-22T17:07:23.717+0500] {processor.py:914} INFO - Processing file /home/rayyan/redfin_venv/lib/python3.10/site-packages/airflow/example_dags/example_branch_python_dop_operator_3.py for tasks to queue
[2024-08-22T17:07:23.720+0500] {logging_mixin.py:190} INFO - [2024-08-22T17:07:23.719+0500] {dagbag.py:587} INFO - Filling up the DagBag from /home/rayyan/redfin_venv/lib/python3.10/site-packages/airflow/example_dags/example_branch_python_dop_operator_3.py
[2024-08-22T17:07:23.732+0500] {processor.py:925} INFO - DAG(s) 'example_branch_dop_operator_v3' retrieved from /home/rayyan/redfin_venv/lib/python3.10/site-packages/airflow/example_dags/example_branch_python_dop_operator_3.py
[2024-08-22T17:07:23.750+0500] {logging_mixin.py:190} INFO - [2024-08-22T17:07:23.749+0500] {dag.py:3211} INFO - Sync 1 DAGs
[2024-08-22T17:07:23.784+0500] {logging_mixin.py:190} INFO - [2024-08-22T17:07:23.784+0500] {dag.py:4138} INFO - Setting next_dagrun for example_branch_dop_operator_v3 to 2024-08-22 12:06:00+00:00, run_after=2024-08-22 12:07:00+00:00
[2024-08-22T17:07:23.809+0500] {processor.py:208} INFO - Processing /home/rayyan/redfin_venv/lib/python3.10/site-packages/airflow/example_dags/example_branch_python_dop_operator_3.py took 0.110 seconds
