[2024-08-22T16:47:37.723+0500] {processor.py:186} INFO - Started process (PID=3641) to work on /home/rayyan/redfin_venv/lib/python3.10/site-packages/airflow/example_dags/example_branch_operator.py
[2024-08-22T16:47:37.724+0500] {processor.py:914} INFO - Processing file /home/rayyan/redfin_venv/lib/python3.10/site-packages/airflow/example_dags/example_branch_operator.py for tasks to queue
[2024-08-22T16:47:37.727+0500] {logging_mixin.py:190} INFO - [2024-08-22T16:47:37.726+0500] {dagbag.py:587} INFO - Filling up the DagBag from /home/rayyan/redfin_venv/lib/python3.10/site-packages/airflow/example_dags/example_branch_operator.py
[2024-08-22T16:47:37.755+0500] {processor.py:927} WARNING - No viable dags retrieved from /home/rayyan/redfin_venv/lib/python3.10/site-packages/airflow/example_dags/example_branch_operator.py
[2024-08-22T16:47:37.766+0500] {processor.py:208} INFO - Processing /home/rayyan/redfin_venv/lib/python3.10/site-packages/airflow/example_dags/example_branch_operator.py took 0.049 seconds
[2024-08-22T16:48:37.283+0500] {processor.py:186} INFO - Started process (PID=3955) to work on /home/rayyan/redfin_venv/lib/python3.10/site-packages/airflow/example_dags/example_branch_operator.py
[2024-08-22T16:48:37.295+0500] {processor.py:914} INFO - Processing file /home/rayyan/redfin_venv/lib/python3.10/site-packages/airflow/example_dags/example_branch_operator.py for tasks to queue
[2024-08-22T16:48:37.298+0500] {logging_mixin.py:190} INFO - [2024-08-22T16:48:37.298+0500] {dagbag.py:587} INFO - Filling up the DagBag from /home/rayyan/redfin_venv/lib/python3.10/site-packages/airflow/example_dags/example_branch_operator.py
[2024-08-22T16:48:37.324+0500] {processor.py:927} WARNING - No viable dags retrieved from /home/rayyan/redfin_venv/lib/python3.10/site-packages/airflow/example_dags/example_branch_operator.py
[2024-08-22T16:48:37.333+0500] {processor.py:208} INFO - Processing /home/rayyan/redfin_venv/lib/python3.10/site-packages/airflow/example_dags/example_branch_operator.py took 0.058 seconds
[2024-08-22T16:49:34.296+0500] {processor.py:186} INFO - Started process (PID=4234) to work on /home/rayyan/redfin_venv/lib/python3.10/site-packages/airflow/example_dags/example_branch_operator.py
[2024-08-22T16:49:34.298+0500] {processor.py:914} INFO - Processing file /home/rayyan/redfin_venv/lib/python3.10/site-packages/airflow/example_dags/example_branch_operator.py for tasks to queue
[2024-08-22T16:49:34.301+0500] {logging_mixin.py:190} INFO - [2024-08-22T16:49:34.300+0500] {dagbag.py:587} INFO - Filling up the DagBag from /home/rayyan/redfin_venv/lib/python3.10/site-packages/airflow/example_dags/example_branch_operator.py
[2024-08-22T16:49:34.325+0500] {processor.py:927} WARNING - No viable dags retrieved from /home/rayyan/redfin_venv/lib/python3.10/site-packages/airflow/example_dags/example_branch_operator.py
[2024-08-22T16:49:34.334+0500] {processor.py:208} INFO - Processing /home/rayyan/redfin_venv/lib/python3.10/site-packages/airflow/example_dags/example_branch_operator.py took 0.047 seconds
[2024-08-22T16:50:30.779+0500] {processor.py:186} INFO - Started process (PID=4510) to work on /home/rayyan/redfin_venv/lib/python3.10/site-packages/airflow/example_dags/example_branch_operator.py
[2024-08-22T16:50:30.791+0500] {processor.py:914} INFO - Processing file /home/rayyan/redfin_venv/lib/python3.10/site-packages/airflow/example_dags/example_branch_operator.py for tasks to queue
[2024-08-22T16:50:30.793+0500] {logging_mixin.py:190} INFO - [2024-08-22T16:50:30.793+0500] {dagbag.py:587} INFO - Filling up the DagBag from /home/rayyan/redfin_venv/lib/python3.10/site-packages/airflow/example_dags/example_branch_operator.py
[2024-08-22T16:50:30.819+0500] {processor.py:927} WARNING - No viable dags retrieved from /home/rayyan/redfin_venv/lib/python3.10/site-packages/airflow/example_dags/example_branch_operator.py
[2024-08-22T16:50:30.829+0500] {processor.py:208} INFO - Processing /home/rayyan/redfin_venv/lib/python3.10/site-packages/airflow/example_dags/example_branch_operator.py took 0.060 seconds
[2024-08-22T16:51:28.388+0500] {processor.py:186} INFO - Started process (PID=4788) to work on /home/rayyan/redfin_venv/lib/python3.10/site-packages/airflow/example_dags/example_branch_operator.py
[2024-08-22T16:51:28.401+0500] {processor.py:914} INFO - Processing file /home/rayyan/redfin_venv/lib/python3.10/site-packages/airflow/example_dags/example_branch_operator.py for tasks to queue
[2024-08-22T16:51:28.403+0500] {logging_mixin.py:190} INFO - [2024-08-22T16:51:28.403+0500] {dagbag.py:587} INFO - Filling up the DagBag from /home/rayyan/redfin_venv/lib/python3.10/site-packages/airflow/example_dags/example_branch_operator.py
[2024-08-22T16:51:28.426+0500] {processor.py:927} WARNING - No viable dags retrieved from /home/rayyan/redfin_venv/lib/python3.10/site-packages/airflow/example_dags/example_branch_operator.py
[2024-08-22T16:51:28.437+0500] {processor.py:208} INFO - Processing /home/rayyan/redfin_venv/lib/python3.10/site-packages/airflow/example_dags/example_branch_operator.py took 0.056 seconds
[2024-08-22T16:52:27.518+0500] {processor.py:186} INFO - Started process (PID=5072) to work on /home/rayyan/redfin_venv/lib/python3.10/site-packages/airflow/example_dags/example_branch_operator.py
[2024-08-22T16:52:27.530+0500] {processor.py:914} INFO - Processing file /home/rayyan/redfin_venv/lib/python3.10/site-packages/airflow/example_dags/example_branch_operator.py for tasks to queue
[2024-08-22T16:52:27.533+0500] {logging_mixin.py:190} INFO - [2024-08-22T16:52:27.532+0500] {dagbag.py:587} INFO - Filling up the DagBag from /home/rayyan/redfin_venv/lib/python3.10/site-packages/airflow/example_dags/example_branch_operator.py
[2024-08-22T16:52:27.564+0500] {processor.py:927} WARNING - No viable dags retrieved from /home/rayyan/redfin_venv/lib/python3.10/site-packages/airflow/example_dags/example_branch_operator.py
[2024-08-22T16:52:27.574+0500] {processor.py:208} INFO - Processing /home/rayyan/redfin_venv/lib/python3.10/site-packages/airflow/example_dags/example_branch_operator.py took 0.068 seconds
[2024-08-22T16:53:31.085+0500] {processor.py:186} INFO - Started process (PID=5376) to work on /home/rayyan/redfin_venv/lib/python3.10/site-packages/airflow/example_dags/example_branch_operator.py
[2024-08-22T16:53:31.087+0500] {processor.py:914} INFO - Processing file /home/rayyan/redfin_venv/lib/python3.10/site-packages/airflow/example_dags/example_branch_operator.py for tasks to queue
[2024-08-22T16:53:31.090+0500] {logging_mixin.py:190} INFO - [2024-08-22T16:53:31.090+0500] {dagbag.py:587} INFO - Filling up the DagBag from /home/rayyan/redfin_venv/lib/python3.10/site-packages/airflow/example_dags/example_branch_operator.py
[2024-08-22T16:53:31.117+0500] {processor.py:927} WARNING - No viable dags retrieved from /home/rayyan/redfin_venv/lib/python3.10/site-packages/airflow/example_dags/example_branch_operator.py
[2024-08-22T16:53:31.125+0500] {processor.py:208} INFO - Processing /home/rayyan/redfin_venv/lib/python3.10/site-packages/airflow/example_dags/example_branch_operator.py took 0.051 seconds
[2024-08-22T16:54:32.429+0500] {processor.py:186} INFO - Started process (PID=5672) to work on /home/rayyan/redfin_venv/lib/python3.10/site-packages/airflow/example_dags/example_branch_operator.py
[2024-08-22T16:54:32.431+0500] {processor.py:914} INFO - Processing file /home/rayyan/redfin_venv/lib/python3.10/site-packages/airflow/example_dags/example_branch_operator.py for tasks to queue
[2024-08-22T16:54:32.433+0500] {logging_mixin.py:190} INFO - [2024-08-22T16:54:32.433+0500] {dagbag.py:587} INFO - Filling up the DagBag from /home/rayyan/redfin_venv/lib/python3.10/site-packages/airflow/example_dags/example_branch_operator.py
[2024-08-22T16:54:32.461+0500] {processor.py:927} WARNING - No viable dags retrieved from /home/rayyan/redfin_venv/lib/python3.10/site-packages/airflow/example_dags/example_branch_operator.py
[2024-08-22T16:54:32.470+0500] {processor.py:208} INFO - Processing /home/rayyan/redfin_venv/lib/python3.10/site-packages/airflow/example_dags/example_branch_operator.py took 0.049 seconds
[2024-08-22T16:55:33.599+0500] {processor.py:186} INFO - Started process (PID=5967) to work on /home/rayyan/redfin_venv/lib/python3.10/site-packages/airflow/example_dags/example_branch_operator.py
[2024-08-22T16:55:33.610+0500] {processor.py:914} INFO - Processing file /home/rayyan/redfin_venv/lib/python3.10/site-packages/airflow/example_dags/example_branch_operator.py for tasks to queue
[2024-08-22T16:55:33.613+0500] {logging_mixin.py:190} INFO - [2024-08-22T16:55:33.612+0500] {dagbag.py:587} INFO - Filling up the DagBag from /home/rayyan/redfin_venv/lib/python3.10/site-packages/airflow/example_dags/example_branch_operator.py
[2024-08-22T16:55:33.641+0500] {processor.py:927} WARNING - No viable dags retrieved from /home/rayyan/redfin_venv/lib/python3.10/site-packages/airflow/example_dags/example_branch_operator.py
[2024-08-22T16:55:33.655+0500] {processor.py:208} INFO - Processing /home/rayyan/redfin_venv/lib/python3.10/site-packages/airflow/example_dags/example_branch_operator.py took 0.063 seconds
[2024-08-22T16:56:41.308+0500] {processor.py:186} INFO - Started process (PID=6292) to work on /home/rayyan/redfin_venv/lib/python3.10/site-packages/airflow/example_dags/example_branch_operator.py
[2024-08-22T16:56:41.310+0500] {processor.py:914} INFO - Processing file /home/rayyan/redfin_venv/lib/python3.10/site-packages/airflow/example_dags/example_branch_operator.py for tasks to queue
[2024-08-22T16:56:41.313+0500] {logging_mixin.py:190} INFO - [2024-08-22T16:56:41.313+0500] {dagbag.py:587} INFO - Filling up the DagBag from /home/rayyan/redfin_venv/lib/python3.10/site-packages/airflow/example_dags/example_branch_operator.py
[2024-08-22T16:56:41.340+0500] {processor.py:927} WARNING - No viable dags retrieved from /home/rayyan/redfin_venv/lib/python3.10/site-packages/airflow/example_dags/example_branch_operator.py
[2024-08-22T16:56:41.349+0500] {processor.py:208} INFO - Processing /home/rayyan/redfin_venv/lib/python3.10/site-packages/airflow/example_dags/example_branch_operator.py took 0.049 seconds
[2024-08-22T16:57:44.048+0500] {processor.py:186} INFO - Started process (PID=6594) to work on /home/rayyan/redfin_venv/lib/python3.10/site-packages/airflow/example_dags/example_branch_operator.py
[2024-08-22T16:57:44.060+0500] {processor.py:914} INFO - Processing file /home/rayyan/redfin_venv/lib/python3.10/site-packages/airflow/example_dags/example_branch_operator.py for tasks to queue
[2024-08-22T16:57:44.063+0500] {logging_mixin.py:190} INFO - [2024-08-22T16:57:44.062+0500] {dagbag.py:587} INFO - Filling up the DagBag from /home/rayyan/redfin_venv/lib/python3.10/site-packages/airflow/example_dags/example_branch_operator.py
[2024-08-22T16:57:44.088+0500] {processor.py:927} WARNING - No viable dags retrieved from /home/rayyan/redfin_venv/lib/python3.10/site-packages/airflow/example_dags/example_branch_operator.py
[2024-08-22T16:57:44.097+0500] {processor.py:208} INFO - Processing /home/rayyan/redfin_venv/lib/python3.10/site-packages/airflow/example_dags/example_branch_operator.py took 0.057 seconds
[2024-08-22T16:58:51.315+0500] {processor.py:186} INFO - Started process (PID=6923) to work on /home/rayyan/redfin_venv/lib/python3.10/site-packages/airflow/example_dags/example_branch_operator.py
[2024-08-22T16:58:51.316+0500] {processor.py:914} INFO - Processing file /home/rayyan/redfin_venv/lib/python3.10/site-packages/airflow/example_dags/example_branch_operator.py for tasks to queue
[2024-08-22T16:58:51.319+0500] {logging_mixin.py:190} INFO - [2024-08-22T16:58:51.319+0500] {dagbag.py:587} INFO - Filling up the DagBag from /home/rayyan/redfin_venv/lib/python3.10/site-packages/airflow/example_dags/example_branch_operator.py
[2024-08-22T16:58:51.356+0500] {processor.py:927} WARNING - No viable dags retrieved from /home/rayyan/redfin_venv/lib/python3.10/site-packages/airflow/example_dags/example_branch_operator.py
[2024-08-22T16:58:51.372+0500] {processor.py:208} INFO - Processing /home/rayyan/redfin_venv/lib/python3.10/site-packages/airflow/example_dags/example_branch_operator.py took 0.065 seconds
[2024-08-22T16:59:52.585+0500] {processor.py:186} INFO - Started process (PID=7551) to work on /home/rayyan/redfin_venv/lib/python3.10/site-packages/airflow/example_dags/example_branch_operator.py
[2024-08-22T16:59:52.595+0500] {processor.py:914} INFO - Processing file /home/rayyan/redfin_venv/lib/python3.10/site-packages/airflow/example_dags/example_branch_operator.py for tasks to queue
[2024-08-22T16:59:52.599+0500] {logging_mixin.py:190} INFO - [2024-08-22T16:59:52.598+0500] {dagbag.py:587} INFO - Filling up the DagBag from /home/rayyan/redfin_venv/lib/python3.10/site-packages/airflow/example_dags/example_branch_operator.py
[2024-08-22T16:59:52.633+0500] {processor.py:927} WARNING - No viable dags retrieved from /home/rayyan/redfin_venv/lib/python3.10/site-packages/airflow/example_dags/example_branch_operator.py
[2024-08-22T16:59:52.653+0500] {processor.py:208} INFO - Processing /home/rayyan/redfin_venv/lib/python3.10/site-packages/airflow/example_dags/example_branch_operator.py took 0.077 seconds
[2024-08-22T17:00:59.034+0500] {processor.py:186} INFO - Started process (PID=9947) to work on /home/rayyan/redfin_venv/lib/python3.10/site-packages/airflow/example_dags/example_branch_operator.py
[2024-08-22T17:00:59.046+0500] {processor.py:914} INFO - Processing file /home/rayyan/redfin_venv/lib/python3.10/site-packages/airflow/example_dags/example_branch_operator.py for tasks to queue
[2024-08-22T17:00:59.050+0500] {logging_mixin.py:190} INFO - [2024-08-22T17:00:59.049+0500] {dagbag.py:587} INFO - Filling up the DagBag from /home/rayyan/redfin_venv/lib/python3.10/site-packages/airflow/example_dags/example_branch_operator.py
[2024-08-22T17:00:59.080+0500] {processor.py:927} WARNING - No viable dags retrieved from /home/rayyan/redfin_venv/lib/python3.10/site-packages/airflow/example_dags/example_branch_operator.py
[2024-08-22T17:00:59.097+0500] {processor.py:208} INFO - Processing /home/rayyan/redfin_venv/lib/python3.10/site-packages/airflow/example_dags/example_branch_operator.py took 0.071 seconds
[2024-08-22T17:02:10.430+0500] {processor.py:186} INFO - Started process (PID=12640) to work on /home/rayyan/redfin_venv/lib/python3.10/site-packages/airflow/example_dags/example_branch_operator.py
[2024-08-22T17:02:10.432+0500] {processor.py:914} INFO - Processing file /home/rayyan/redfin_venv/lib/python3.10/site-packages/airflow/example_dags/example_branch_operator.py for tasks to queue
[2024-08-22T17:02:10.438+0500] {logging_mixin.py:190} INFO - [2024-08-22T17:02:10.437+0500] {dagbag.py:587} INFO - Filling up the DagBag from /home/rayyan/redfin_venv/lib/python3.10/site-packages/airflow/example_dags/example_branch_operator.py
[2024-08-22T17:02:10.476+0500] {processor.py:927} WARNING - No viable dags retrieved from /home/rayyan/redfin_venv/lib/python3.10/site-packages/airflow/example_dags/example_branch_operator.py
[2024-08-22T17:02:10.492+0500] {processor.py:208} INFO - Processing /home/rayyan/redfin_venv/lib/python3.10/site-packages/airflow/example_dags/example_branch_operator.py took 0.071 seconds
[2024-08-22T17:03:11.698+0500] {processor.py:186} INFO - Started process (PID=13008) to work on /home/rayyan/redfin_venv/lib/python3.10/site-packages/airflow/example_dags/example_branch_operator.py
[2024-08-22T17:03:11.700+0500] {processor.py:914} INFO - Processing file /home/rayyan/redfin_venv/lib/python3.10/site-packages/airflow/example_dags/example_branch_operator.py for tasks to queue
[2024-08-22T17:03:11.703+0500] {logging_mixin.py:190} INFO - [2024-08-22T17:03:11.702+0500] {dagbag.py:587} INFO - Filling up the DagBag from /home/rayyan/redfin_venv/lib/python3.10/site-packages/airflow/example_dags/example_branch_operator.py
[2024-08-22T17:03:11.731+0500] {processor.py:927} WARNING - No viable dags retrieved from /home/rayyan/redfin_venv/lib/python3.10/site-packages/airflow/example_dags/example_branch_operator.py
[2024-08-22T17:03:11.742+0500] {processor.py:208} INFO - Processing /home/rayyan/redfin_venv/lib/python3.10/site-packages/airflow/example_dags/example_branch_operator.py took 0.052 seconds
[2024-08-22T17:04:11.036+0500] {processor.py:186} INFO - Started process (PID=13293) to work on /home/rayyan/redfin_venv/lib/python3.10/site-packages/airflow/example_dags/example_branch_operator.py
[2024-08-22T17:04:11.049+0500] {processor.py:914} INFO - Processing file /home/rayyan/redfin_venv/lib/python3.10/site-packages/airflow/example_dags/example_branch_operator.py for tasks to queue
[2024-08-22T17:04:11.052+0500] {logging_mixin.py:190} INFO - [2024-08-22T17:04:11.052+0500] {dagbag.py:587} INFO - Filling up the DagBag from /home/rayyan/redfin_venv/lib/python3.10/site-packages/airflow/example_dags/example_branch_operator.py
[2024-08-22T17:04:11.085+0500] {processor.py:927} WARNING - No viable dags retrieved from /home/rayyan/redfin_venv/lib/python3.10/site-packages/airflow/example_dags/example_branch_operator.py
[2024-08-22T17:04:11.097+0500] {processor.py:208} INFO - Processing /home/rayyan/redfin_venv/lib/python3.10/site-packages/airflow/example_dags/example_branch_operator.py took 0.070 seconds
[2024-08-22T17:05:05.627+0500] {processor.py:186} INFO - Started process (PID=13560) to work on /home/rayyan/redfin_venv/lib/python3.10/site-packages/airflow/example_dags/example_branch_operator.py
[2024-08-22T17:05:05.641+0500] {processor.py:914} INFO - Processing file /home/rayyan/redfin_venv/lib/python3.10/site-packages/airflow/example_dags/example_branch_operator.py for tasks to queue
[2024-08-22T17:05:05.644+0500] {logging_mixin.py:190} INFO - [2024-08-22T17:05:05.643+0500] {dagbag.py:587} INFO - Filling up the DagBag from /home/rayyan/redfin_venv/lib/python3.10/site-packages/airflow/example_dags/example_branch_operator.py
[2024-08-22T17:05:05.672+0500] {processor.py:927} WARNING - No viable dags retrieved from /home/rayyan/redfin_venv/lib/python3.10/site-packages/airflow/example_dags/example_branch_operator.py
[2024-08-22T17:05:05.682+0500] {processor.py:208} INFO - Processing /home/rayyan/redfin_venv/lib/python3.10/site-packages/airflow/example_dags/example_branch_operator.py took 0.066 seconds
[2024-08-22T17:06:00.642+0500] {processor.py:186} INFO - Started process (PID=13828) to work on /home/rayyan/redfin_venv/lib/python3.10/site-packages/airflow/example_dags/example_branch_operator.py
[2024-08-22T17:06:00.644+0500] {processor.py:914} INFO - Processing file /home/rayyan/redfin_venv/lib/python3.10/site-packages/airflow/example_dags/example_branch_operator.py for tasks to queue
[2024-08-22T17:06:00.646+0500] {logging_mixin.py:190} INFO - [2024-08-22T17:06:00.646+0500] {dagbag.py:587} INFO - Filling up the DagBag from /home/rayyan/redfin_venv/lib/python3.10/site-packages/airflow/example_dags/example_branch_operator.py
[2024-08-22T17:06:00.671+0500] {processor.py:927} WARNING - No viable dags retrieved from /home/rayyan/redfin_venv/lib/python3.10/site-packages/airflow/example_dags/example_branch_operator.py
[2024-08-22T17:06:00.682+0500] {processor.py:208} INFO - Processing /home/rayyan/redfin_venv/lib/python3.10/site-packages/airflow/example_dags/example_branch_operator.py took 0.046 seconds
[2024-08-22T17:07:01.731+0500] {processor.py:186} INFO - Started process (PID=14125) to work on /home/rayyan/redfin_venv/lib/python3.10/site-packages/airflow/example_dags/example_branch_operator.py
[2024-08-22T17:07:01.745+0500] {processor.py:914} INFO - Processing file /home/rayyan/redfin_venv/lib/python3.10/site-packages/airflow/example_dags/example_branch_operator.py for tasks to queue
[2024-08-22T17:07:01.748+0500] {logging_mixin.py:190} INFO - [2024-08-22T17:07:01.747+0500] {dagbag.py:587} INFO - Filling up the DagBag from /home/rayyan/redfin_venv/lib/python3.10/site-packages/airflow/example_dags/example_branch_operator.py
[2024-08-22T17:07:01.773+0500] {processor.py:927} WARNING - No viable dags retrieved from /home/rayyan/redfin_venv/lib/python3.10/site-packages/airflow/example_dags/example_branch_operator.py
[2024-08-22T17:07:01.784+0500] {processor.py:208} INFO - Processing /home/rayyan/redfin_venv/lib/python3.10/site-packages/airflow/example_dags/example_branch_operator.py took 0.060 seconds
[2024-08-22T17:07:58.529+0500] {processor.py:186} INFO - Started process (PID=14409) to work on /home/rayyan/redfin_venv/lib/python3.10/site-packages/airflow/example_dags/example_branch_operator.py
[2024-08-22T17:07:58.530+0500] {processor.py:914} INFO - Processing file /home/rayyan/redfin_venv/lib/python3.10/site-packages/airflow/example_dags/example_branch_operator.py for tasks to queue
[2024-08-22T17:07:58.533+0500] {logging_mixin.py:190} INFO - [2024-08-22T17:07:58.532+0500] {dagbag.py:587} INFO - Filling up the DagBag from /home/rayyan/redfin_venv/lib/python3.10/site-packages/airflow/example_dags/example_branch_operator.py
[2024-08-22T17:07:58.567+0500] {processor.py:927} WARNING - No viable dags retrieved from /home/rayyan/redfin_venv/lib/python3.10/site-packages/airflow/example_dags/example_branch_operator.py
[2024-08-22T17:07:58.583+0500] {processor.py:208} INFO - Processing /home/rayyan/redfin_venv/lib/python3.10/site-packages/airflow/example_dags/example_branch_operator.py took 0.062 seconds
