[2024-08-22T16:48:14.890+0500] {processor.py:186} INFO - Started process (PID=3822) to work on /home/rayyan/redfin_venv/lib/python3.10/site-packages/airflow/example_dags/example_bash_operator.py
[2024-08-22T16:48:14.890+0500] {processor.py:914} INFO - Processing file /home/rayyan/redfin_venv/lib/python3.10/site-packages/airflow/example_dags/example_bash_operator.py for tasks to queue
[2024-08-22T16:48:14.893+0500] {logging_mixin.py:190} INFO - [2024-08-22T16:48:14.892+0500] {dagbag.py:587} INFO - Filling up the DagBag from /home/rayyan/redfin_venv/lib/python3.10/site-packages/airflow/example_dags/example_bash_operator.py
[2024-08-22T16:48:14.908+0500] {processor.py:925} INFO - DAG(s) 'example_bash_operator' retrieved from /home/rayyan/redfin_venv/lib/python3.10/site-packages/airflow/example_dags/example_bash_operator.py
[2024-08-22T16:48:14.936+0500] {logging_mixin.py:190} INFO - [2024-08-22T16:48:14.936+0500] {dag.py:3211} INFO - Sync 1 DAGs
[2024-08-22T16:48:14.957+0500] {logging_mixin.py:190} INFO - [2024-08-22T16:48:14.957+0500] {dag.py:4138} INFO - Setting next_dagrun for example_bash_operator to 2024-08-21 00:00:00+00:00, run_after=2024-08-22 00:00:00+00:00
[2024-08-22T16:48:14.991+0500] {processor.py:208} INFO - Processing /home/rayyan/redfin_venv/lib/python3.10/site-packages/airflow/example_dags/example_bash_operator.py took 0.108 seconds
[2024-08-22T16:49:12.344+0500] {processor.py:186} INFO - Started process (PID=4127) to work on /home/rayyan/redfin_venv/lib/python3.10/site-packages/airflow/example_dags/example_bash_operator.py
[2024-08-22T16:49:12.353+0500] {processor.py:914} INFO - Processing file /home/rayyan/redfin_venv/lib/python3.10/site-packages/airflow/example_dags/example_bash_operator.py for tasks to queue
[2024-08-22T16:49:12.355+0500] {logging_mixin.py:190} INFO - [2024-08-22T16:49:12.355+0500] {dagbag.py:587} INFO - Filling up the DagBag from /home/rayyan/redfin_venv/lib/python3.10/site-packages/airflow/example_dags/example_bash_operator.py
[2024-08-22T16:49:12.371+0500] {processor.py:925} INFO - DAG(s) 'example_bash_operator' retrieved from /home/rayyan/redfin_venv/lib/python3.10/site-packages/airflow/example_dags/example_bash_operator.py
[2024-08-22T16:49:12.395+0500] {logging_mixin.py:190} INFO - [2024-08-22T16:49:12.395+0500] {dag.py:3211} INFO - Sync 1 DAGs
[2024-08-22T16:49:12.422+0500] {logging_mixin.py:190} INFO - [2024-08-22T16:49:12.422+0500] {dag.py:4138} INFO - Setting next_dagrun for example_bash_operator to 2024-08-21 00:00:00+00:00, run_after=2024-08-22 00:00:00+00:00
[2024-08-22T16:49:12.443+0500] {processor.py:208} INFO - Processing /home/rayyan/redfin_venv/lib/python3.10/site-packages/airflow/example_dags/example_bash_operator.py took 0.108 seconds
[2024-08-22T16:50:11.589+0500] {processor.py:186} INFO - Started process (PID=4415) to work on /home/rayyan/redfin_venv/lib/python3.10/site-packages/airflow/example_dags/example_bash_operator.py
[2024-08-22T16:50:11.602+0500] {processor.py:914} INFO - Processing file /home/rayyan/redfin_venv/lib/python3.10/site-packages/airflow/example_dags/example_bash_operator.py for tasks to queue
[2024-08-22T16:50:11.605+0500] {logging_mixin.py:190} INFO - [2024-08-22T16:50:11.604+0500] {dagbag.py:587} INFO - Filling up the DagBag from /home/rayyan/redfin_venv/lib/python3.10/site-packages/airflow/example_dags/example_bash_operator.py
[2024-08-22T16:50:11.620+0500] {processor.py:925} INFO - DAG(s) 'example_bash_operator' retrieved from /home/rayyan/redfin_venv/lib/python3.10/site-packages/airflow/example_dags/example_bash_operator.py
[2024-08-22T16:50:11.645+0500] {logging_mixin.py:190} INFO - [2024-08-22T16:50:11.645+0500] {dag.py:3211} INFO - Sync 1 DAGs
[2024-08-22T16:50:11.666+0500] {logging_mixin.py:190} INFO - [2024-08-22T16:50:11.666+0500] {dag.py:4138} INFO - Setting next_dagrun for example_bash_operator to 2024-08-21 00:00:00+00:00, run_after=2024-08-22 00:00:00+00:00
[2024-08-22T16:50:11.687+0500] {processor.py:208} INFO - Processing /home/rayyan/redfin_venv/lib/python3.10/site-packages/airflow/example_dags/example_bash_operator.py took 0.105 seconds
[2024-08-22T16:51:08.764+0500] {processor.py:186} INFO - Started process (PID=4693) to work on /home/rayyan/redfin_venv/lib/python3.10/site-packages/airflow/example_dags/example_bash_operator.py
[2024-08-22T16:51:08.776+0500] {processor.py:914} INFO - Processing file /home/rayyan/redfin_venv/lib/python3.10/site-packages/airflow/example_dags/example_bash_operator.py for tasks to queue
[2024-08-22T16:51:08.779+0500] {logging_mixin.py:190} INFO - [2024-08-22T16:51:08.779+0500] {dagbag.py:587} INFO - Filling up the DagBag from /home/rayyan/redfin_venv/lib/python3.10/site-packages/airflow/example_dags/example_bash_operator.py
[2024-08-22T16:51:08.796+0500] {processor.py:925} INFO - DAG(s) 'example_bash_operator' retrieved from /home/rayyan/redfin_venv/lib/python3.10/site-packages/airflow/example_dags/example_bash_operator.py
[2024-08-22T16:51:08.821+0500] {logging_mixin.py:190} INFO - [2024-08-22T16:51:08.821+0500] {dag.py:3211} INFO - Sync 1 DAGs
[2024-08-22T16:51:08.843+0500] {logging_mixin.py:190} INFO - [2024-08-22T16:51:08.843+0500] {dag.py:4138} INFO - Setting next_dagrun for example_bash_operator to 2024-08-21 00:00:00+00:00, run_after=2024-08-22 00:00:00+00:00
[2024-08-22T16:51:08.865+0500] {processor.py:208} INFO - Processing /home/rayyan/redfin_venv/lib/python3.10/site-packages/airflow/example_dags/example_bash_operator.py took 0.109 seconds
[2024-08-22T16:52:07.958+0500] {processor.py:186} INFO - Started process (PID=4977) to work on /home/rayyan/redfin_venv/lib/python3.10/site-packages/airflow/example_dags/example_bash_operator.py
[2024-08-22T16:52:07.960+0500] {processor.py:914} INFO - Processing file /home/rayyan/redfin_venv/lib/python3.10/site-packages/airflow/example_dags/example_bash_operator.py for tasks to queue
[2024-08-22T16:52:07.962+0500] {logging_mixin.py:190} INFO - [2024-08-22T16:52:07.962+0500] {dagbag.py:587} INFO - Filling up the DagBag from /home/rayyan/redfin_venv/lib/python3.10/site-packages/airflow/example_dags/example_bash_operator.py
[2024-08-22T16:52:07.978+0500] {processor.py:925} INFO - DAG(s) 'example_bash_operator' retrieved from /home/rayyan/redfin_venv/lib/python3.10/site-packages/airflow/example_dags/example_bash_operator.py
[2024-08-22T16:52:08.000+0500] {logging_mixin.py:190} INFO - [2024-08-22T16:52:08.000+0500] {dag.py:3211} INFO - Sync 1 DAGs
[2024-08-22T16:52:08.021+0500] {logging_mixin.py:190} INFO - [2024-08-22T16:52:08.021+0500] {dag.py:4138} INFO - Setting next_dagrun for example_bash_operator to 2024-08-21 00:00:00+00:00, run_after=2024-08-22 00:00:00+00:00
[2024-08-22T16:52:08.041+0500] {processor.py:208} INFO - Processing /home/rayyan/redfin_venv/lib/python3.10/site-packages/airflow/example_dags/example_bash_operator.py took 0.093 seconds
[2024-08-22T16:53:11.741+0500] {processor.py:186} INFO - Started process (PID=5281) to work on /home/rayyan/redfin_venv/lib/python3.10/site-packages/airflow/example_dags/example_bash_operator.py
[2024-08-22T16:53:11.753+0500] {processor.py:914} INFO - Processing file /home/rayyan/redfin_venv/lib/python3.10/site-packages/airflow/example_dags/example_bash_operator.py for tasks to queue
[2024-08-22T16:53:11.756+0500] {logging_mixin.py:190} INFO - [2024-08-22T16:53:11.756+0500] {dagbag.py:587} INFO - Filling up the DagBag from /home/rayyan/redfin_venv/lib/python3.10/site-packages/airflow/example_dags/example_bash_operator.py
[2024-08-22T16:53:11.772+0500] {processor.py:925} INFO - DAG(s) 'example_bash_operator' retrieved from /home/rayyan/redfin_venv/lib/python3.10/site-packages/airflow/example_dags/example_bash_operator.py
[2024-08-22T16:53:11.795+0500] {logging_mixin.py:190} INFO - [2024-08-22T16:53:11.795+0500] {dag.py:3211} INFO - Sync 1 DAGs
[2024-08-22T16:53:11.815+0500] {logging_mixin.py:190} INFO - [2024-08-22T16:53:11.815+0500] {dag.py:4138} INFO - Setting next_dagrun for example_bash_operator to 2024-08-21 00:00:00+00:00, run_after=2024-08-22 00:00:00+00:00
[2024-08-22T16:53:11.837+0500] {processor.py:208} INFO - Processing /home/rayyan/redfin_venv/lib/python3.10/site-packages/airflow/example_dags/example_bash_operator.py took 0.106 seconds
[2024-08-22T16:54:13.065+0500] {processor.py:186} INFO - Started process (PID=5577) to work on /home/rayyan/redfin_venv/lib/python3.10/site-packages/airflow/example_dags/example_bash_operator.py
[2024-08-22T16:54:13.074+0500] {processor.py:914} INFO - Processing file /home/rayyan/redfin_venv/lib/python3.10/site-packages/airflow/example_dags/example_bash_operator.py for tasks to queue
[2024-08-22T16:54:13.078+0500] {logging_mixin.py:190} INFO - [2024-08-22T16:54:13.077+0500] {dagbag.py:587} INFO - Filling up the DagBag from /home/rayyan/redfin_venv/lib/python3.10/site-packages/airflow/example_dags/example_bash_operator.py
[2024-08-22T16:54:13.110+0500] {processor.py:925} INFO - DAG(s) 'example_bash_operator' retrieved from /home/rayyan/redfin_venv/lib/python3.10/site-packages/airflow/example_dags/example_bash_operator.py
[2024-08-22T16:54:13.160+0500] {logging_mixin.py:190} INFO - [2024-08-22T16:54:13.160+0500] {dag.py:3211} INFO - Sync 1 DAGs
[2024-08-22T16:54:13.305+0500] {logging_mixin.py:190} INFO - [2024-08-22T16:54:13.305+0500] {dag.py:4138} INFO - Setting next_dagrun for example_bash_operator to 2024-08-21 00:00:00+00:00, run_after=2024-08-22 00:00:00+00:00
[2024-08-22T16:54:13.336+0500] {processor.py:208} INFO - Processing /home/rayyan/redfin_venv/lib/python3.10/site-packages/airflow/example_dags/example_bash_operator.py took 0.279 seconds
[2024-08-22T16:55:12.235+0500] {processor.py:186} INFO - Started process (PID=5864) to work on /home/rayyan/redfin_venv/lib/python3.10/site-packages/airflow/example_dags/example_bash_operator.py
[2024-08-22T16:55:12.237+0500] {processor.py:914} INFO - Processing file /home/rayyan/redfin_venv/lib/python3.10/site-packages/airflow/example_dags/example_bash_operator.py for tasks to queue
[2024-08-22T16:55:12.240+0500] {logging_mixin.py:190} INFO - [2024-08-22T16:55:12.240+0500] {dagbag.py:587} INFO - Filling up the DagBag from /home/rayyan/redfin_venv/lib/python3.10/site-packages/airflow/example_dags/example_bash_operator.py
[2024-08-22T16:55:12.258+0500] {processor.py:925} INFO - DAG(s) 'example_bash_operator' retrieved from /home/rayyan/redfin_venv/lib/python3.10/site-packages/airflow/example_dags/example_bash_operator.py
[2024-08-22T16:55:12.289+0500] {logging_mixin.py:190} INFO - [2024-08-22T16:55:12.289+0500] {dag.py:3211} INFO - Sync 1 DAGs
[2024-08-22T16:55:12.422+0500] {logging_mixin.py:190} INFO - [2024-08-22T16:55:12.421+0500] {dag.py:4138} INFO - Setting next_dagrun for example_bash_operator to 2024-08-21 00:00:00+00:00, run_after=2024-08-22 00:00:00+00:00
[2024-08-22T16:55:12.447+0500] {processor.py:208} INFO - Processing /home/rayyan/redfin_venv/lib/python3.10/site-packages/airflow/example_dags/example_bash_operator.py took 0.218 seconds
[2024-08-22T16:56:16.929+0500] {processor.py:186} INFO - Started process (PID=6178) to work on /home/rayyan/redfin_venv/lib/python3.10/site-packages/airflow/example_dags/example_bash_operator.py
[2024-08-22T16:56:16.931+0500] {processor.py:914} INFO - Processing file /home/rayyan/redfin_venv/lib/python3.10/site-packages/airflow/example_dags/example_bash_operator.py for tasks to queue
[2024-08-22T16:56:16.934+0500] {logging_mixin.py:190} INFO - [2024-08-22T16:56:16.933+0500] {dagbag.py:587} INFO - Filling up the DagBag from /home/rayyan/redfin_venv/lib/python3.10/site-packages/airflow/example_dags/example_bash_operator.py
[2024-08-22T16:56:16.951+0500] {processor.py:925} INFO - DAG(s) 'example_bash_operator' retrieved from /home/rayyan/redfin_venv/lib/python3.10/site-packages/airflow/example_dags/example_bash_operator.py
[2024-08-22T16:56:16.977+0500] {logging_mixin.py:190} INFO - [2024-08-22T16:56:16.977+0500] {dag.py:3211} INFO - Sync 1 DAGs
[2024-08-22T16:56:17.109+0500] {logging_mixin.py:190} INFO - [2024-08-22T16:56:17.109+0500] {dag.py:4138} INFO - Setting next_dagrun for example_bash_operator to 2024-08-21 00:00:00+00:00, run_after=2024-08-22 00:00:00+00:00
[2024-08-22T16:56:17.133+0500] {processor.py:208} INFO - Processing /home/rayyan/redfin_venv/lib/python3.10/site-packages/airflow/example_dags/example_bash_operator.py took 0.210 seconds
[2024-08-22T16:57:22.360+0500] {processor.py:186} INFO - Started process (PID=6492) to work on /home/rayyan/redfin_venv/lib/python3.10/site-packages/airflow/example_dags/example_bash_operator.py
[2024-08-22T16:57:22.373+0500] {processor.py:914} INFO - Processing file /home/rayyan/redfin_venv/lib/python3.10/site-packages/airflow/example_dags/example_bash_operator.py for tasks to queue
[2024-08-22T16:57:22.375+0500] {logging_mixin.py:190} INFO - [2024-08-22T16:57:22.375+0500] {dagbag.py:587} INFO - Filling up the DagBag from /home/rayyan/redfin_venv/lib/python3.10/site-packages/airflow/example_dags/example_bash_operator.py
[2024-08-22T16:57:22.391+0500] {processor.py:925} INFO - DAG(s) 'example_bash_operator' retrieved from /home/rayyan/redfin_venv/lib/python3.10/site-packages/airflow/example_dags/example_bash_operator.py
[2024-08-22T16:57:22.414+0500] {logging_mixin.py:190} INFO - [2024-08-22T16:57:22.414+0500] {dag.py:3211} INFO - Sync 1 DAGs
[2024-08-22T16:57:22.543+0500] {logging_mixin.py:190} INFO - [2024-08-22T16:57:22.543+0500] {dag.py:4138} INFO - Setting next_dagrun for example_bash_operator to 2024-08-21 00:00:00+00:00, run_after=2024-08-22 00:00:00+00:00
[2024-08-22T16:57:22.565+0500] {processor.py:208} INFO - Processing /home/rayyan/redfin_venv/lib/python3.10/site-packages/airflow/example_dags/example_bash_operator.py took 0.214 seconds
[2024-08-22T16:59:29.646+0500] {processor.py:186} INFO - Started process (PID=7152) to work on /home/rayyan/redfin_venv/lib/python3.10/site-packages/airflow/example_dags/example_bash_operator.py
[2024-08-22T16:59:29.648+0500] {processor.py:914} INFO - Processing file /home/rayyan/redfin_venv/lib/python3.10/site-packages/airflow/example_dags/example_bash_operator.py for tasks to queue
[2024-08-22T16:59:29.650+0500] {logging_mixin.py:190} INFO - [2024-08-22T16:59:29.650+0500] {dagbag.py:587} INFO - Filling up the DagBag from /home/rayyan/redfin_venv/lib/python3.10/site-packages/airflow/example_dags/example_bash_operator.py
[2024-08-22T16:59:29.666+0500] {processor.py:925} INFO - DAG(s) 'example_bash_operator' retrieved from /home/rayyan/redfin_venv/lib/python3.10/site-packages/airflow/example_dags/example_bash_operator.py
[2024-08-22T16:59:29.823+0500] {logging_mixin.py:190} INFO - [2024-08-22T16:59:29.822+0500] {dag.py:3211} INFO - Sync 1 DAGs
[2024-08-22T16:59:29.843+0500] {logging_mixin.py:190} INFO - [2024-08-22T16:59:29.843+0500] {dag.py:4138} INFO - Setting next_dagrun for example_bash_operator to 2024-08-21 00:00:00+00:00, run_after=2024-08-22 00:00:00+00:00
[2024-08-22T16:59:29.866+0500] {processor.py:208} INFO - Processing /home/rayyan/redfin_venv/lib/python3.10/site-packages/airflow/example_dags/example_bash_operator.py took 0.226 seconds
[2024-08-22T17:00:38.195+0500] {processor.py:186} INFO - Started process (PID=9136) to work on /home/rayyan/redfin_venv/lib/python3.10/site-packages/airflow/example_dags/example_bash_operator.py
[2024-08-22T17:00:38.198+0500] {processor.py:914} INFO - Processing file /home/rayyan/redfin_venv/lib/python3.10/site-packages/airflow/example_dags/example_bash_operator.py for tasks to queue
[2024-08-22T17:00:38.202+0500] {logging_mixin.py:190} INFO - [2024-08-22T17:00:38.201+0500] {dagbag.py:587} INFO - Filling up the DagBag from /home/rayyan/redfin_venv/lib/python3.10/site-packages/airflow/example_dags/example_bash_operator.py
[2024-08-22T17:00:38.219+0500] {processor.py:925} INFO - DAG(s) 'example_bash_operator' retrieved from /home/rayyan/redfin_venv/lib/python3.10/site-packages/airflow/example_dags/example_bash_operator.py
[2024-08-22T17:00:38.264+0500] {logging_mixin.py:190} INFO - [2024-08-22T17:00:38.263+0500] {dag.py:3211} INFO - Sync 1 DAGs
[2024-08-22T17:00:38.302+0500] {logging_mixin.py:190} INFO - [2024-08-22T17:00:38.302+0500] {dag.py:4138} INFO - Setting next_dagrun for example_bash_operator to 2024-08-21 00:00:00+00:00, run_after=2024-08-22 00:00:00+00:00
[2024-08-22T17:00:38.343+0500] {processor.py:208} INFO - Processing /home/rayyan/redfin_venv/lib/python3.10/site-packages/airflow/example_dags/example_bash_operator.py took 0.160 seconds
[2024-08-22T17:01:45.561+0500] {processor.py:186} INFO - Started process (PID=11427) to work on /home/rayyan/redfin_venv/lib/python3.10/site-packages/airflow/example_dags/example_bash_operator.py
[2024-08-22T17:01:45.573+0500] {processor.py:914} INFO - Processing file /home/rayyan/redfin_venv/lib/python3.10/site-packages/airflow/example_dags/example_bash_operator.py for tasks to queue
[2024-08-22T17:01:45.577+0500] {logging_mixin.py:190} INFO - [2024-08-22T17:01:45.576+0500] {dagbag.py:587} INFO - Filling up the DagBag from /home/rayyan/redfin_venv/lib/python3.10/site-packages/airflow/example_dags/example_bash_operator.py
[2024-08-22T17:01:45.598+0500] {processor.py:925} INFO - DAG(s) 'example_bash_operator' retrieved from /home/rayyan/redfin_venv/lib/python3.10/site-packages/airflow/example_dags/example_bash_operator.py
[2024-08-22T17:01:45.631+0500] {logging_mixin.py:190} INFO - [2024-08-22T17:01:45.630+0500] {dag.py:3211} INFO - Sync 1 DAGs
[2024-08-22T17:01:45.664+0500] {logging_mixin.py:190} INFO - [2024-08-22T17:01:45.664+0500] {dag.py:4138} INFO - Setting next_dagrun for example_bash_operator to 2024-08-21 00:00:00+00:00, run_after=2024-08-22 00:00:00+00:00
[2024-08-22T17:01:45.695+0500] {processor.py:208} INFO - Processing /home/rayyan/redfin_venv/lib/python3.10/site-packages/airflow/example_dags/example_bash_operator.py took 0.142 seconds
[2024-08-22T17:02:55.186+0500] {processor.py:186} INFO - Started process (PID=12926) to work on /home/rayyan/redfin_venv/lib/python3.10/site-packages/airflow/example_dags/example_bash_operator.py
[2024-08-22T17:02:55.199+0500] {processor.py:914} INFO - Processing file /home/rayyan/redfin_venv/lib/python3.10/site-packages/airflow/example_dags/example_bash_operator.py for tasks to queue
[2024-08-22T17:02:55.202+0500] {logging_mixin.py:190} INFO - [2024-08-22T17:02:55.202+0500] {dagbag.py:587} INFO - Filling up the DagBag from /home/rayyan/redfin_venv/lib/python3.10/site-packages/airflow/example_dags/example_bash_operator.py
[2024-08-22T17:02:55.217+0500] {processor.py:925} INFO - DAG(s) 'example_bash_operator' retrieved from /home/rayyan/redfin_venv/lib/python3.10/site-packages/airflow/example_dags/example_bash_operator.py
[2024-08-22T17:02:55.240+0500] {logging_mixin.py:190} INFO - [2024-08-22T17:02:55.239+0500] {dag.py:3211} INFO - Sync 1 DAGs
[2024-08-22T17:02:55.259+0500] {logging_mixin.py:190} INFO - [2024-08-22T17:02:55.259+0500] {dag.py:4138} INFO - Setting next_dagrun for example_bash_operator to 2024-08-21 00:00:00+00:00, run_after=2024-08-22 00:00:00+00:00
[2024-08-22T17:02:55.279+0500] {processor.py:208} INFO - Processing /home/rayyan/redfin_venv/lib/python3.10/site-packages/airflow/example_dags/example_bash_operator.py took 0.100 seconds
[2024-08-22T17:03:54.118+0500] {processor.py:186} INFO - Started process (PID=13213) to work on /home/rayyan/redfin_venv/lib/python3.10/site-packages/airflow/example_dags/example_bash_operator.py
[2024-08-22T17:03:54.120+0500] {processor.py:914} INFO - Processing file /home/rayyan/redfin_venv/lib/python3.10/site-packages/airflow/example_dags/example_bash_operator.py for tasks to queue
[2024-08-22T17:03:54.123+0500] {logging_mixin.py:190} INFO - [2024-08-22T17:03:54.122+0500] {dagbag.py:587} INFO - Filling up the DagBag from /home/rayyan/redfin_venv/lib/python3.10/site-packages/airflow/example_dags/example_bash_operator.py
[2024-08-22T17:03:54.142+0500] {processor.py:925} INFO - DAG(s) 'example_bash_operator' retrieved from /home/rayyan/redfin_venv/lib/python3.10/site-packages/airflow/example_dags/example_bash_operator.py
[2024-08-22T17:03:54.166+0500] {logging_mixin.py:190} INFO - [2024-08-22T17:03:54.166+0500] {dag.py:3211} INFO - Sync 1 DAGs
[2024-08-22T17:03:54.186+0500] {logging_mixin.py:190} INFO - [2024-08-22T17:03:54.186+0500] {dag.py:4138} INFO - Setting next_dagrun for example_bash_operator to 2024-08-21 00:00:00+00:00, run_after=2024-08-22 00:00:00+00:00
[2024-08-22T17:03:54.207+0500] {processor.py:208} INFO - Processing /home/rayyan/redfin_venv/lib/python3.10/site-packages/airflow/example_dags/example_bash_operator.py took 0.100 seconds
[2024-08-22T17:04:52.479+0500] {processor.py:186} INFO - Started process (PID=13495) to work on /home/rayyan/redfin_venv/lib/python3.10/site-packages/airflow/example_dags/example_bash_operator.py
[2024-08-22T17:04:52.491+0500] {processor.py:914} INFO - Processing file /home/rayyan/redfin_venv/lib/python3.10/site-packages/airflow/example_dags/example_bash_operator.py for tasks to queue
[2024-08-22T17:04:52.494+0500] {logging_mixin.py:190} INFO - [2024-08-22T17:04:52.494+0500] {dagbag.py:587} INFO - Filling up the DagBag from /home/rayyan/redfin_venv/lib/python3.10/site-packages/airflow/example_dags/example_bash_operator.py
[2024-08-22T17:04:52.511+0500] {processor.py:925} INFO - DAG(s) 'example_bash_operator' retrieved from /home/rayyan/redfin_venv/lib/python3.10/site-packages/airflow/example_dags/example_bash_operator.py
[2024-08-22T17:04:52.535+0500] {logging_mixin.py:190} INFO - [2024-08-22T17:04:52.535+0500] {dag.py:3211} INFO - Sync 1 DAGs
[2024-08-22T17:04:52.555+0500] {logging_mixin.py:190} INFO - [2024-08-22T17:04:52.554+0500] {dag.py:4138} INFO - Setting next_dagrun for example_bash_operator to 2024-08-21 00:00:00+00:00, run_after=2024-08-22 00:00:00+00:00
[2024-08-22T17:04:52.578+0500] {processor.py:208} INFO - Processing /home/rayyan/redfin_venv/lib/python3.10/site-packages/airflow/example_dags/example_bash_operator.py took 0.107 seconds
[2024-08-22T17:05:46.169+0500] {processor.py:186} INFO - Started process (PID=13759) to work on /home/rayyan/redfin_venv/lib/python3.10/site-packages/airflow/example_dags/example_bash_operator.py
[2024-08-22T17:05:46.181+0500] {processor.py:914} INFO - Processing file /home/rayyan/redfin_venv/lib/python3.10/site-packages/airflow/example_dags/example_bash_operator.py for tasks to queue
[2024-08-22T17:05:46.184+0500] {logging_mixin.py:190} INFO - [2024-08-22T17:05:46.183+0500] {dagbag.py:587} INFO - Filling up the DagBag from /home/rayyan/redfin_venv/lib/python3.10/site-packages/airflow/example_dags/example_bash_operator.py
[2024-08-22T17:05:46.199+0500] {processor.py:925} INFO - DAG(s) 'example_bash_operator' retrieved from /home/rayyan/redfin_venv/lib/python3.10/site-packages/airflow/example_dags/example_bash_operator.py
[2024-08-22T17:05:46.234+0500] {logging_mixin.py:190} INFO - [2024-08-22T17:05:46.233+0500] {dag.py:3211} INFO - Sync 1 DAGs
[2024-08-22T17:05:46.257+0500] {logging_mixin.py:190} INFO - [2024-08-22T17:05:46.257+0500] {dag.py:4138} INFO - Setting next_dagrun for example_bash_operator to 2024-08-21 00:00:00+00:00, run_after=2024-08-22 00:00:00+00:00
[2024-08-22T17:05:46.278+0500] {processor.py:208} INFO - Processing /home/rayyan/redfin_venv/lib/python3.10/site-packages/airflow/example_dags/example_bash_operator.py took 0.119 seconds
[2024-08-22T17:06:44.628+0500] {processor.py:186} INFO - Started process (PID=14042) to work on /home/rayyan/redfin_venv/lib/python3.10/site-packages/airflow/example_dags/example_bash_operator.py
[2024-08-22T17:06:44.630+0500] {processor.py:914} INFO - Processing file /home/rayyan/redfin_venv/lib/python3.10/site-packages/airflow/example_dags/example_bash_operator.py for tasks to queue
[2024-08-22T17:06:44.633+0500] {logging_mixin.py:190} INFO - [2024-08-22T17:06:44.632+0500] {dagbag.py:587} INFO - Filling up the DagBag from /home/rayyan/redfin_venv/lib/python3.10/site-packages/airflow/example_dags/example_bash_operator.py
[2024-08-22T17:06:44.649+0500] {processor.py:925} INFO - DAG(s) 'example_bash_operator' retrieved from /home/rayyan/redfin_venv/lib/python3.10/site-packages/airflow/example_dags/example_bash_operator.py
[2024-08-22T17:06:44.672+0500] {logging_mixin.py:190} INFO - [2024-08-22T17:06:44.672+0500] {dag.py:3211} INFO - Sync 1 DAGs
[2024-08-22T17:06:44.692+0500] {logging_mixin.py:190} INFO - [2024-08-22T17:06:44.692+0500] {dag.py:4138} INFO - Setting next_dagrun for example_bash_operator to 2024-08-21 00:00:00+00:00, run_after=2024-08-22 00:00:00+00:00
[2024-08-22T17:06:44.714+0500] {processor.py:208} INFO - Processing /home/rayyan/redfin_venv/lib/python3.10/site-packages/airflow/example_dags/example_bash_operator.py took 0.096 seconds
[2024-08-22T17:07:42.402+0500] {processor.py:186} INFO - Started process (PID=14329) to work on /home/rayyan/redfin_venv/lib/python3.10/site-packages/airflow/example_dags/example_bash_operator.py
[2024-08-22T17:07:42.404+0500] {processor.py:914} INFO - Processing file /home/rayyan/redfin_venv/lib/python3.10/site-packages/airflow/example_dags/example_bash_operator.py for tasks to queue
[2024-08-22T17:07:42.408+0500] {logging_mixin.py:190} INFO - [2024-08-22T17:07:42.407+0500] {dagbag.py:587} INFO - Filling up the DagBag from /home/rayyan/redfin_venv/lib/python3.10/site-packages/airflow/example_dags/example_bash_operator.py
[2024-08-22T17:07:42.426+0500] {processor.py:925} INFO - DAG(s) 'example_bash_operator' retrieved from /home/rayyan/redfin_venv/lib/python3.10/site-packages/airflow/example_dags/example_bash_operator.py
[2024-08-22T17:07:42.456+0500] {logging_mixin.py:190} INFO - [2024-08-22T17:07:42.455+0500] {dag.py:3211} INFO - Sync 1 DAGs
[2024-08-22T17:07:42.483+0500] {logging_mixin.py:190} INFO - [2024-08-22T17:07:42.482+0500] {dag.py:4138} INFO - Setting next_dagrun for example_bash_operator to 2024-08-21 00:00:00+00:00, run_after=2024-08-22 00:00:00+00:00
[2024-08-22T17:07:42.512+0500] {processor.py:208} INFO - Processing /home/rayyan/redfin_venv/lib/python3.10/site-packages/airflow/example_dags/example_bash_operator.py took 0.117 seconds
