[2024-08-22T16:47:29.752+0500] {processor.py:186} INFO - Started process (PID=3597) to work on /home/rayyan/redfin_venv/lib/python3.10/site-packages/airflow/example_dags/example_python_decorator.py
[2024-08-22T16:47:29.753+0500] {processor.py:914} INFO - Processing file /home/rayyan/redfin_venv/lib/python3.10/site-packages/airflow/example_dags/example_python_decorator.py for tasks to queue
[2024-08-22T16:47:29.755+0500] {logging_mixin.py:190} INFO - [2024-08-22T16:47:29.755+0500] {dagbag.py:587} INFO - Filling up the DagBag from /home/rayyan/redfin_venv/lib/python3.10/site-packages/airflow/example_dags/example_python_decorator.py
[2024-08-22T16:47:29.796+0500] {logging_mixin.py:190} INFO - [2024-08-22T16:47:29.796+0500] {example_python_decorator.py:80} WARNING - The virtalenv_python example task requires virtualenv, please install it.
[2024-08-22T16:47:29.799+0500] {processor.py:925} INFO - DAG(s) 'example_python_decorator' retrieved from /home/rayyan/redfin_venv/lib/python3.10/site-packages/airflow/example_dags/example_python_decorator.py
[2024-08-22T16:47:29.826+0500] {logging_mixin.py:190} INFO - [2024-08-22T16:47:29.826+0500] {dag.py:3211} INFO - Sync 1 DAGs
[2024-08-22T16:47:29.840+0500] {logging_mixin.py:190} INFO - [2024-08-22T16:47:29.840+0500] {dag.py:4138} INFO - Setting next_dagrun for example_python_decorator to None, run_after=None
[2024-08-22T16:47:29.865+0500] {processor.py:208} INFO - Processing /home/rayyan/redfin_venv/lib/python3.10/site-packages/airflow/example_dags/example_python_decorator.py took 0.119 seconds
[2024-08-22T16:48:34.424+0500] {processor.py:186} INFO - Started process (PID=3938) to work on /home/rayyan/redfin_venv/lib/python3.10/site-packages/airflow/example_dags/example_python_decorator.py
[2024-08-22T16:48:34.425+0500] {processor.py:914} INFO - Processing file /home/rayyan/redfin_venv/lib/python3.10/site-packages/airflow/example_dags/example_python_decorator.py for tasks to queue
[2024-08-22T16:48:34.427+0500] {logging_mixin.py:190} INFO - [2024-08-22T16:48:34.427+0500] {dagbag.py:587} INFO - Filling up the DagBag from /home/rayyan/redfin_venv/lib/python3.10/site-packages/airflow/example_dags/example_python_decorator.py
[2024-08-22T16:48:34.458+0500] {logging_mixin.py:190} INFO - [2024-08-22T16:48:34.457+0500] {example_python_decorator.py:80} WARNING - The virtalenv_python example task requires virtualenv, please install it.
[2024-08-22T16:48:34.460+0500] {processor.py:925} INFO - DAG(s) 'example_python_decorator' retrieved from /home/rayyan/redfin_venv/lib/python3.10/site-packages/airflow/example_dags/example_python_decorator.py
[2024-08-22T16:48:34.476+0500] {logging_mixin.py:190} INFO - [2024-08-22T16:48:34.476+0500] {dag.py:3211} INFO - Sync 1 DAGs
[2024-08-22T16:48:34.489+0500] {logging_mixin.py:190} INFO - [2024-08-22T16:48:34.488+0500] {dag.py:4138} INFO - Setting next_dagrun for example_python_decorator to None, run_after=None
[2024-08-22T16:48:34.510+0500] {processor.py:208} INFO - Processing /home/rayyan/redfin_venv/lib/python3.10/site-packages/airflow/example_dags/example_python_decorator.py took 0.092 seconds
[2024-08-22T16:49:31.591+0500] {processor.py:186} INFO - Started process (PID=4221) to work on /home/rayyan/redfin_venv/lib/python3.10/site-packages/airflow/example_dags/example_python_decorator.py
[2024-08-22T16:49:31.610+0500] {processor.py:914} INFO - Processing file /home/rayyan/redfin_venv/lib/python3.10/site-packages/airflow/example_dags/example_python_decorator.py for tasks to queue
[2024-08-22T16:49:31.613+0500] {logging_mixin.py:190} INFO - [2024-08-22T16:49:31.613+0500] {dagbag.py:587} INFO - Filling up the DagBag from /home/rayyan/redfin_venv/lib/python3.10/site-packages/airflow/example_dags/example_python_decorator.py
[2024-08-22T16:49:31.645+0500] {logging_mixin.py:190} INFO - [2024-08-22T16:49:31.645+0500] {example_python_decorator.py:80} WARNING - The virtalenv_python example task requires virtualenv, please install it.
[2024-08-22T16:49:31.647+0500] {processor.py:925} INFO - DAG(s) 'example_python_decorator' retrieved from /home/rayyan/redfin_venv/lib/python3.10/site-packages/airflow/example_dags/example_python_decorator.py
[2024-08-22T16:49:31.663+0500] {logging_mixin.py:190} INFO - [2024-08-22T16:49:31.663+0500] {dag.py:3211} INFO - Sync 1 DAGs
[2024-08-22T16:49:31.675+0500] {logging_mixin.py:190} INFO - [2024-08-22T16:49:31.675+0500] {dag.py:4138} INFO - Setting next_dagrun for example_python_decorator to None, run_after=None
[2024-08-22T16:49:31.693+0500] {processor.py:208} INFO - Processing /home/rayyan/redfin_venv/lib/python3.10/site-packages/airflow/example_dags/example_python_decorator.py took 0.110 seconds
[2024-08-22T16:50:27.206+0500] {processor.py:186} INFO - Started process (PID=4493) to work on /home/rayyan/redfin_venv/lib/python3.10/site-packages/airflow/example_dags/example_python_decorator.py
[2024-08-22T16:50:27.207+0500] {processor.py:914} INFO - Processing file /home/rayyan/redfin_venv/lib/python3.10/site-packages/airflow/example_dags/example_python_decorator.py for tasks to queue
[2024-08-22T16:50:27.210+0500] {logging_mixin.py:190} INFO - [2024-08-22T16:50:27.209+0500] {dagbag.py:587} INFO - Filling up the DagBag from /home/rayyan/redfin_venv/lib/python3.10/site-packages/airflow/example_dags/example_python_decorator.py
[2024-08-22T16:50:27.244+0500] {logging_mixin.py:190} INFO - [2024-08-22T16:50:27.244+0500] {example_python_decorator.py:80} WARNING - The virtalenv_python example task requires virtualenv, please install it.
[2024-08-22T16:50:27.246+0500] {processor.py:925} INFO - DAG(s) 'example_python_decorator' retrieved from /home/rayyan/redfin_venv/lib/python3.10/site-packages/airflow/example_dags/example_python_decorator.py
[2024-08-22T16:50:27.263+0500] {logging_mixin.py:190} INFO - [2024-08-22T16:50:27.263+0500] {dag.py:3211} INFO - Sync 1 DAGs
[2024-08-22T16:50:27.277+0500] {logging_mixin.py:190} INFO - [2024-08-22T16:50:27.277+0500] {dag.py:4138} INFO - Setting next_dagrun for example_python_decorator to None, run_after=None
[2024-08-22T16:50:27.296+0500] {processor.py:208} INFO - Processing /home/rayyan/redfin_venv/lib/python3.10/site-packages/airflow/example_dags/example_python_decorator.py took 0.100 seconds
[2024-08-22T16:51:24.821+0500] {processor.py:186} INFO - Started process (PID=4772) to work on /home/rayyan/redfin_venv/lib/python3.10/site-packages/airflow/example_dags/example_python_decorator.py
[2024-08-22T16:51:24.832+0500] {processor.py:914} INFO - Processing file /home/rayyan/redfin_venv/lib/python3.10/site-packages/airflow/example_dags/example_python_decorator.py for tasks to queue
[2024-08-22T16:51:24.835+0500] {logging_mixin.py:190} INFO - [2024-08-22T16:51:24.834+0500] {dagbag.py:587} INFO - Filling up the DagBag from /home/rayyan/redfin_venv/lib/python3.10/site-packages/airflow/example_dags/example_python_decorator.py
[2024-08-22T16:51:24.868+0500] {logging_mixin.py:190} INFO - [2024-08-22T16:51:24.868+0500] {example_python_decorator.py:80} WARNING - The virtalenv_python example task requires virtualenv, please install it.
[2024-08-22T16:51:24.870+0500] {processor.py:925} INFO - DAG(s) 'example_python_decorator' retrieved from /home/rayyan/redfin_venv/lib/python3.10/site-packages/airflow/example_dags/example_python_decorator.py
[2024-08-22T16:51:24.887+0500] {logging_mixin.py:190} INFO - [2024-08-22T16:51:24.887+0500] {dag.py:3211} INFO - Sync 1 DAGs
[2024-08-22T16:51:24.899+0500] {logging_mixin.py:190} INFO - [2024-08-22T16:51:24.898+0500] {dag.py:4138} INFO - Setting next_dagrun for example_python_decorator to None, run_after=None
[2024-08-22T16:51:24.919+0500] {processor.py:208} INFO - Processing /home/rayyan/redfin_venv/lib/python3.10/site-packages/airflow/example_dags/example_python_decorator.py took 0.106 seconds
[2024-08-22T16:52:24.464+0500] {processor.py:186} INFO - Started process (PID=5057) to work on /home/rayyan/redfin_venv/lib/python3.10/site-packages/airflow/example_dags/example_python_decorator.py
[2024-08-22T16:52:24.477+0500] {processor.py:914} INFO - Processing file /home/rayyan/redfin_venv/lib/python3.10/site-packages/airflow/example_dags/example_python_decorator.py for tasks to queue
[2024-08-22T16:52:24.480+0500] {logging_mixin.py:190} INFO - [2024-08-22T16:52:24.479+0500] {dagbag.py:587} INFO - Filling up the DagBag from /home/rayyan/redfin_venv/lib/python3.10/site-packages/airflow/example_dags/example_python_decorator.py
[2024-08-22T16:52:24.514+0500] {logging_mixin.py:190} INFO - [2024-08-22T16:52:24.513+0500] {example_python_decorator.py:80} WARNING - The virtalenv_python example task requires virtualenv, please install it.
[2024-08-22T16:52:24.516+0500] {processor.py:925} INFO - DAG(s) 'example_python_decorator' retrieved from /home/rayyan/redfin_venv/lib/python3.10/site-packages/airflow/example_dags/example_python_decorator.py
[2024-08-22T16:52:24.533+0500] {logging_mixin.py:190} INFO - [2024-08-22T16:52:24.533+0500] {dag.py:3211} INFO - Sync 1 DAGs
[2024-08-22T16:52:24.545+0500] {logging_mixin.py:190} INFO - [2024-08-22T16:52:24.545+0500] {dag.py:4138} INFO - Setting next_dagrun for example_python_decorator to None, run_after=None
[2024-08-22T16:52:24.567+0500] {processor.py:208} INFO - Processing /home/rayyan/redfin_venv/lib/python3.10/site-packages/airflow/example_dags/example_python_decorator.py took 0.118 seconds
[2024-08-22T16:53:27.604+0500] {processor.py:186} INFO - Started process (PID=5359) to work on /home/rayyan/redfin_venv/lib/python3.10/site-packages/airflow/example_dags/example_python_decorator.py
[2024-08-22T16:53:27.606+0500] {processor.py:914} INFO - Processing file /home/rayyan/redfin_venv/lib/python3.10/site-packages/airflow/example_dags/example_python_decorator.py for tasks to queue
[2024-08-22T16:53:27.608+0500] {logging_mixin.py:190} INFO - [2024-08-22T16:53:27.608+0500] {dagbag.py:587} INFO - Filling up the DagBag from /home/rayyan/redfin_venv/lib/python3.10/site-packages/airflow/example_dags/example_python_decorator.py
[2024-08-22T16:53:27.641+0500] {logging_mixin.py:190} INFO - [2024-08-22T16:53:27.641+0500] {example_python_decorator.py:80} WARNING - The virtalenv_python example task requires virtualenv, please install it.
[2024-08-22T16:53:27.643+0500] {processor.py:925} INFO - DAG(s) 'example_python_decorator' retrieved from /home/rayyan/redfin_venv/lib/python3.10/site-packages/airflow/example_dags/example_python_decorator.py
[2024-08-22T16:53:27.660+0500] {logging_mixin.py:190} INFO - [2024-08-22T16:53:27.660+0500] {dag.py:3211} INFO - Sync 1 DAGs
[2024-08-22T16:53:27.672+0500] {logging_mixin.py:190} INFO - [2024-08-22T16:53:27.672+0500] {dag.py:4138} INFO - Setting next_dagrun for example_python_decorator to None, run_after=None
[2024-08-22T16:53:27.693+0500] {processor.py:208} INFO - Processing /home/rayyan/redfin_venv/lib/python3.10/site-packages/airflow/example_dags/example_python_decorator.py took 0.096 seconds
[2024-08-22T16:54:29.700+0500] {processor.py:186} INFO - Started process (PID=5659) to work on /home/rayyan/redfin_venv/lib/python3.10/site-packages/airflow/example_dags/example_python_decorator.py
[2024-08-22T16:54:29.702+0500] {processor.py:914} INFO - Processing file /home/rayyan/redfin_venv/lib/python3.10/site-packages/airflow/example_dags/example_python_decorator.py for tasks to queue
[2024-08-22T16:54:29.704+0500] {logging_mixin.py:190} INFO - [2024-08-22T16:54:29.704+0500] {dagbag.py:587} INFO - Filling up the DagBag from /home/rayyan/redfin_venv/lib/python3.10/site-packages/airflow/example_dags/example_python_decorator.py
[2024-08-22T16:54:29.737+0500] {logging_mixin.py:190} INFO - [2024-08-22T16:54:29.737+0500] {example_python_decorator.py:80} WARNING - The virtalenv_python example task requires virtualenv, please install it.
[2024-08-22T16:54:29.739+0500] {processor.py:925} INFO - DAG(s) 'example_python_decorator' retrieved from /home/rayyan/redfin_venv/lib/python3.10/site-packages/airflow/example_dags/example_python_decorator.py
[2024-08-22T16:54:29.756+0500] {logging_mixin.py:190} INFO - [2024-08-22T16:54:29.756+0500] {dag.py:3211} INFO - Sync 1 DAGs
[2024-08-22T16:54:29.768+0500] {logging_mixin.py:190} INFO - [2024-08-22T16:54:29.768+0500] {dag.py:4138} INFO - Setting next_dagrun for example_python_decorator to None, run_after=None
[2024-08-22T16:54:29.790+0500] {processor.py:208} INFO - Processing /home/rayyan/redfin_venv/lib/python3.10/site-packages/airflow/example_dags/example_python_decorator.py took 0.097 seconds
[2024-08-22T16:55:30.131+0500] {processor.py:186} INFO - Started process (PID=5951) to work on /home/rayyan/redfin_venv/lib/python3.10/site-packages/airflow/example_dags/example_python_decorator.py
[2024-08-22T16:55:30.143+0500] {processor.py:914} INFO - Processing file /home/rayyan/redfin_venv/lib/python3.10/site-packages/airflow/example_dags/example_python_decorator.py for tasks to queue
[2024-08-22T16:55:30.146+0500] {logging_mixin.py:190} INFO - [2024-08-22T16:55:30.145+0500] {dagbag.py:587} INFO - Filling up the DagBag from /home/rayyan/redfin_venv/lib/python3.10/site-packages/airflow/example_dags/example_python_decorator.py
[2024-08-22T16:55:30.185+0500] {logging_mixin.py:190} INFO - [2024-08-22T16:55:30.184+0500] {example_python_decorator.py:80} WARNING - The virtalenv_python example task requires virtualenv, please install it.
[2024-08-22T16:55:30.187+0500] {processor.py:925} INFO - DAG(s) 'example_python_decorator' retrieved from /home/rayyan/redfin_venv/lib/python3.10/site-packages/airflow/example_dags/example_python_decorator.py
[2024-08-22T16:55:30.204+0500] {logging_mixin.py:190} INFO - [2024-08-22T16:55:30.204+0500] {dag.py:3211} INFO - Sync 1 DAGs
[2024-08-22T16:55:30.217+0500] {logging_mixin.py:190} INFO - [2024-08-22T16:55:30.217+0500] {dag.py:4138} INFO - Setting next_dagrun for example_python_decorator to None, run_after=None
[2024-08-22T16:55:30.241+0500] {processor.py:208} INFO - Processing /home/rayyan/redfin_venv/lib/python3.10/site-packages/airflow/example_dags/example_python_decorator.py took 0.118 seconds
[2024-08-22T16:56:03.569+0500] {processor.py:186} INFO - Started process (PID=6114) to work on /home/rayyan/redfin_venv/lib/python3.10/site-packages/airflow/example_dags/example_python_decorator.py
[2024-08-22T16:56:03.581+0500] {processor.py:914} INFO - Processing file /home/rayyan/redfin_venv/lib/python3.10/site-packages/airflow/example_dags/example_python_decorator.py for tasks to queue
[2024-08-22T16:56:03.584+0500] {logging_mixin.py:190} INFO - [2024-08-22T16:56:03.584+0500] {dagbag.py:587} INFO - Filling up the DagBag from /home/rayyan/redfin_venv/lib/python3.10/site-packages/airflow/example_dags/example_python_decorator.py
[2024-08-22T16:56:03.623+0500] {logging_mixin.py:190} INFO - [2024-08-22T16:56:03.622+0500] {example_python_decorator.py:80} WARNING - The virtalenv_python example task requires virtualenv, please install it.
[2024-08-22T16:56:03.625+0500] {processor.py:925} INFO - DAG(s) 'example_python_decorator' retrieved from /home/rayyan/redfin_venv/lib/python3.10/site-packages/airflow/example_dags/example_python_decorator.py
[2024-08-22T16:56:03.643+0500] {logging_mixin.py:190} INFO - [2024-08-22T16:56:03.642+0500] {dag.py:3211} INFO - Sync 1 DAGs
[2024-08-22T16:56:03.655+0500] {logging_mixin.py:190} INFO - [2024-08-22T16:56:03.654+0500] {dag.py:4138} INFO - Setting next_dagrun for example_python_decorator to None, run_after=None
[2024-08-22T16:56:03.801+0500] {processor.py:208} INFO - Processing /home/rayyan/redfin_venv/lib/python3.10/site-packages/airflow/example_dags/example_python_decorator.py took 0.240 seconds
[2024-08-22T16:56:38.404+0500] {processor.py:186} INFO - Started process (PID=6278) to work on /home/rayyan/redfin_venv/lib/python3.10/site-packages/airflow/example_dags/example_python_decorator.py
[2024-08-22T16:56:38.416+0500] {processor.py:914} INFO - Processing file /home/rayyan/redfin_venv/lib/python3.10/site-packages/airflow/example_dags/example_python_decorator.py for tasks to queue
[2024-08-22T16:56:38.418+0500] {logging_mixin.py:190} INFO - [2024-08-22T16:56:38.418+0500] {dagbag.py:587} INFO - Filling up the DagBag from /home/rayyan/redfin_venv/lib/python3.10/site-packages/airflow/example_dags/example_python_decorator.py
[2024-08-22T16:56:38.449+0500] {logging_mixin.py:190} INFO - [2024-08-22T16:56:38.448+0500] {example_python_decorator.py:80} WARNING - The virtalenv_python example task requires virtualenv, please install it.
[2024-08-22T16:56:38.451+0500] {processor.py:925} INFO - DAG(s) 'example_python_decorator' retrieved from /home/rayyan/redfin_venv/lib/python3.10/site-packages/airflow/example_dags/example_python_decorator.py
[2024-08-22T16:56:38.468+0500] {logging_mixin.py:190} INFO - [2024-08-22T16:56:38.468+0500] {dag.py:3211} INFO - Sync 1 DAGs
[2024-08-22T16:56:38.480+0500] {logging_mixin.py:190} INFO - [2024-08-22T16:56:38.480+0500] {dag.py:4138} INFO - Setting next_dagrun for example_python_decorator to None, run_after=None
[2024-08-22T16:56:38.501+0500] {processor.py:208} INFO - Processing /home/rayyan/redfin_venv/lib/python3.10/site-packages/airflow/example_dags/example_python_decorator.py took 0.104 seconds
[2024-08-22T16:57:10.830+0500] {processor.py:186} INFO - Started process (PID=6437) to work on /home/rayyan/redfin_venv/lib/python3.10/site-packages/airflow/example_dags/example_python_decorator.py
[2024-08-22T16:57:10.842+0500] {processor.py:914} INFO - Processing file /home/rayyan/redfin_venv/lib/python3.10/site-packages/airflow/example_dags/example_python_decorator.py for tasks to queue
[2024-08-22T16:57:10.844+0500] {logging_mixin.py:190} INFO - [2024-08-22T16:57:10.843+0500] {dagbag.py:587} INFO - Filling up the DagBag from /home/rayyan/redfin_venv/lib/python3.10/site-packages/airflow/example_dags/example_python_decorator.py
[2024-08-22T16:57:10.874+0500] {logging_mixin.py:190} INFO - [2024-08-22T16:57:10.873+0500] {example_python_decorator.py:80} WARNING - The virtalenv_python example task requires virtualenv, please install it.
[2024-08-22T16:57:10.876+0500] {processor.py:925} INFO - DAG(s) 'example_python_decorator' retrieved from /home/rayyan/redfin_venv/lib/python3.10/site-packages/airflow/example_dags/example_python_decorator.py
[2024-08-22T16:57:10.892+0500] {logging_mixin.py:190} INFO - [2024-08-22T16:57:10.892+0500] {dag.py:3211} INFO - Sync 1 DAGs
[2024-08-22T16:57:10.904+0500] {logging_mixin.py:190} INFO - [2024-08-22T16:57:10.904+0500] {dag.py:4138} INFO - Setting next_dagrun for example_python_decorator to None, run_after=None
[2024-08-22T16:57:11.029+0500] {processor.py:208} INFO - Processing /home/rayyan/redfin_venv/lib/python3.10/site-packages/airflow/example_dags/example_python_decorator.py took 0.210 seconds
[2024-08-22T16:58:47.512+0500] {processor.py:186} INFO - Started process (PID=6905) to work on /home/rayyan/redfin_venv/lib/python3.10/site-packages/airflow/example_dags/example_python_decorator.py
[2024-08-22T16:58:47.513+0500] {processor.py:914} INFO - Processing file /home/rayyan/redfin_venv/lib/python3.10/site-packages/airflow/example_dags/example_python_decorator.py for tasks to queue
[2024-08-22T16:58:47.517+0500] {logging_mixin.py:190} INFO - [2024-08-22T16:58:47.516+0500] {dagbag.py:587} INFO - Filling up the DagBag from /home/rayyan/redfin_venv/lib/python3.10/site-packages/airflow/example_dags/example_python_decorator.py
[2024-08-22T16:58:47.589+0500] {logging_mixin.py:190} INFO - [2024-08-22T16:58:47.588+0500] {example_python_decorator.py:80} WARNING - The virtalenv_python example task requires virtualenv, please install it.
[2024-08-22T16:58:47.593+0500] {processor.py:925} INFO - DAG(s) 'example_python_decorator' retrieved from /home/rayyan/redfin_venv/lib/python3.10/site-packages/airflow/example_dags/example_python_decorator.py
[2024-08-22T16:58:47.631+0500] {logging_mixin.py:190} INFO - [2024-08-22T16:58:47.631+0500] {dag.py:3211} INFO - Sync 1 DAGs
[2024-08-22T16:58:47.657+0500] {logging_mixin.py:190} INFO - [2024-08-22T16:58:47.656+0500] {dag.py:4138} INFO - Setting next_dagrun for example_python_decorator to None, run_after=None
[2024-08-22T16:58:47.827+0500] {processor.py:208} INFO - Processing /home/rayyan/redfin_venv/lib/python3.10/site-packages/airflow/example_dags/example_python_decorator.py took 0.321 seconds
[2024-08-22T16:59:50.057+0500] {processor.py:186} INFO - Started process (PID=7465) to work on /home/rayyan/redfin_venv/lib/python3.10/site-packages/airflow/example_dags/example_python_decorator.py
[2024-08-22T16:59:50.059+0500] {processor.py:914} INFO - Processing file /home/rayyan/redfin_venv/lib/python3.10/site-packages/airflow/example_dags/example_python_decorator.py for tasks to queue
[2024-08-22T16:59:50.062+0500] {logging_mixin.py:190} INFO - [2024-08-22T16:59:50.062+0500] {dagbag.py:587} INFO - Filling up the DagBag from /home/rayyan/redfin_venv/lib/python3.10/site-packages/airflow/example_dags/example_python_decorator.py
[2024-08-22T16:59:50.108+0500] {logging_mixin.py:190} INFO - [2024-08-22T16:59:50.107+0500] {example_python_decorator.py:80} WARNING - The virtalenv_python example task requires virtualenv, please install it.
[2024-08-22T16:59:50.111+0500] {processor.py:925} INFO - DAG(s) 'example_python_decorator' retrieved from /home/rayyan/redfin_venv/lib/python3.10/site-packages/airflow/example_dags/example_python_decorator.py
[2024-08-22T16:59:50.135+0500] {logging_mixin.py:190} INFO - [2024-08-22T16:59:50.135+0500] {dag.py:3211} INFO - Sync 1 DAGs
[2024-08-22T16:59:50.153+0500] {logging_mixin.py:190} INFO - [2024-08-22T16:59:50.153+0500] {dag.py:4138} INFO - Setting next_dagrun for example_python_decorator to None, run_after=None
[2024-08-22T16:59:50.183+0500] {processor.py:208} INFO - Processing /home/rayyan/redfin_venv/lib/python3.10/site-packages/airflow/example_dags/example_python_decorator.py took 0.135 seconds
[2024-08-22T17:00:24.695+0500] {processor.py:186} INFO - Started process (PID=8633) to work on /home/rayyan/redfin_venv/lib/python3.10/site-packages/airflow/example_dags/example_python_decorator.py
[2024-08-22T17:00:24.707+0500] {processor.py:914} INFO - Processing file /home/rayyan/redfin_venv/lib/python3.10/site-packages/airflow/example_dags/example_python_decorator.py for tasks to queue
[2024-08-22T17:00:24.710+0500] {logging_mixin.py:190} INFO - [2024-08-22T17:00:24.709+0500] {dagbag.py:587} INFO - Filling up the DagBag from /home/rayyan/redfin_venv/lib/python3.10/site-packages/airflow/example_dags/example_python_decorator.py
[2024-08-22T17:00:24.759+0500] {logging_mixin.py:190} INFO - [2024-08-22T17:00:24.758+0500] {example_python_decorator.py:80} WARNING - The virtalenv_python example task requires virtualenv, please install it.
[2024-08-22T17:00:24.762+0500] {processor.py:925} INFO - DAG(s) 'example_python_decorator' retrieved from /home/rayyan/redfin_venv/lib/python3.10/site-packages/airflow/example_dags/example_python_decorator.py
[2024-08-22T17:00:24.787+0500] {logging_mixin.py:190} INFO - [2024-08-22T17:00:24.786+0500] {dag.py:3211} INFO - Sync 1 DAGs
[2024-08-22T17:00:24.809+0500] {logging_mixin.py:190} INFO - [2024-08-22T17:00:24.809+0500] {dag.py:4138} INFO - Setting next_dagrun for example_python_decorator to None, run_after=None
[2024-08-22T17:00:24.835+0500] {processor.py:208} INFO - Processing /home/rayyan/redfin_venv/lib/python3.10/site-packages/airflow/example_dags/example_python_decorator.py took 0.147 seconds
[2024-08-22T17:00:57.781+0500] {processor.py:186} INFO - Started process (PID=9900) to work on /home/rayyan/redfin_venv/lib/python3.10/site-packages/airflow/example_dags/example_python_decorator.py
[2024-08-22T17:00:57.783+0500] {processor.py:914} INFO - Processing file /home/rayyan/redfin_venv/lib/python3.10/site-packages/airflow/example_dags/example_python_decorator.py for tasks to queue
[2024-08-22T17:00:57.787+0500] {logging_mixin.py:190} INFO - [2024-08-22T17:00:57.787+0500] {dagbag.py:587} INFO - Filling up the DagBag from /home/rayyan/redfin_venv/lib/python3.10/site-packages/airflow/example_dags/example_python_decorator.py
[2024-08-22T17:00:57.859+0500] {logging_mixin.py:190} INFO - [2024-08-22T17:00:57.858+0500] {example_python_decorator.py:80} WARNING - The virtalenv_python example task requires virtualenv, please install it.
[2024-08-22T17:00:57.862+0500] {processor.py:925} INFO - DAG(s) 'example_python_decorator' retrieved from /home/rayyan/redfin_venv/lib/python3.10/site-packages/airflow/example_dags/example_python_decorator.py
[2024-08-22T17:00:57.889+0500] {logging_mixin.py:190} INFO - [2024-08-22T17:00:57.889+0500] {dag.py:3211} INFO - Sync 1 DAGs
[2024-08-22T17:00:57.909+0500] {logging_mixin.py:190} INFO - [2024-08-22T17:00:57.909+0500] {dag.py:4138} INFO - Setting next_dagrun for example_python_decorator to None, run_after=None
[2024-08-22T17:00:57.953+0500] {processor.py:208} INFO - Processing /home/rayyan/redfin_venv/lib/python3.10/site-packages/airflow/example_dags/example_python_decorator.py took 0.181 seconds
[2024-08-22T17:01:30.650+0500] {processor.py:186} INFO - Started process (PID=11073) to work on /home/rayyan/redfin_venv/lib/python3.10/site-packages/airflow/example_dags/example_python_decorator.py
[2024-08-22T17:01:30.651+0500] {processor.py:914} INFO - Processing file /home/rayyan/redfin_venv/lib/python3.10/site-packages/airflow/example_dags/example_python_decorator.py for tasks to queue
[2024-08-22T17:01:30.654+0500] {logging_mixin.py:190} INFO - [2024-08-22T17:01:30.653+0500] {dagbag.py:587} INFO - Filling up the DagBag from /home/rayyan/redfin_venv/lib/python3.10/site-packages/airflow/example_dags/example_python_decorator.py
[2024-08-22T17:01:30.696+0500] {logging_mixin.py:190} INFO - [2024-08-22T17:01:30.696+0500] {example_python_decorator.py:80} WARNING - The virtalenv_python example task requires virtualenv, please install it.
[2024-08-22T17:01:30.700+0500] {processor.py:925} INFO - DAG(s) 'example_python_decorator' retrieved from /home/rayyan/redfin_venv/lib/python3.10/site-packages/airflow/example_dags/example_python_decorator.py
[2024-08-22T17:01:30.721+0500] {logging_mixin.py:190} INFO - [2024-08-22T17:01:30.721+0500] {dag.py:3211} INFO - Sync 1 DAGs
[2024-08-22T17:01:30.738+0500] {logging_mixin.py:190} INFO - [2024-08-22T17:01:30.738+0500] {dag.py:4138} INFO - Setting next_dagrun for example_python_decorator to None, run_after=None
[2024-08-22T17:01:30.770+0500] {processor.py:208} INFO - Processing /home/rayyan/redfin_venv/lib/python3.10/site-packages/airflow/example_dags/example_python_decorator.py took 0.127 seconds
[2024-08-22T17:02:06.957+0500] {processor.py:186} INFO - Started process (PID=12553) to work on /home/rayyan/redfin_venv/lib/python3.10/site-packages/airflow/example_dags/example_python_decorator.py
[2024-08-22T17:02:06.961+0500] {processor.py:914} INFO - Processing file /home/rayyan/redfin_venv/lib/python3.10/site-packages/airflow/example_dags/example_python_decorator.py for tasks to queue
[2024-08-22T17:02:06.965+0500] {logging_mixin.py:190} INFO - [2024-08-22T17:02:06.964+0500] {dagbag.py:587} INFO - Filling up the DagBag from /home/rayyan/redfin_venv/lib/python3.10/site-packages/airflow/example_dags/example_python_decorator.py
[2024-08-22T17:02:07.050+0500] {logging_mixin.py:190} INFO - [2024-08-22T17:02:07.049+0500] {example_python_decorator.py:80} WARNING - The virtalenv_python example task requires virtualenv, please install it.
[2024-08-22T17:02:07.053+0500] {processor.py:925} INFO - DAG(s) 'example_python_decorator' retrieved from /home/rayyan/redfin_venv/lib/python3.10/site-packages/airflow/example_dags/example_python_decorator.py
[2024-08-22T17:02:07.090+0500] {logging_mixin.py:190} INFO - [2024-08-22T17:02:07.089+0500] {dag.py:3211} INFO - Sync 1 DAGs
[2024-08-22T17:02:07.135+0500] {logging_mixin.py:190} INFO - [2024-08-22T17:02:07.135+0500] {dag.py:4138} INFO - Setting next_dagrun for example_python_decorator to None, run_after=None
[2024-08-22T17:02:07.204+0500] {processor.py:208} INFO - Processing /home/rayyan/redfin_venv/lib/python3.10/site-packages/airflow/example_dags/example_python_decorator.py took 0.259 seconds
[2024-08-22T17:02:42.391+0500] {processor.py:186} INFO - Started process (PID=12864) to work on /home/rayyan/redfin_venv/lib/python3.10/site-packages/airflow/example_dags/example_python_decorator.py
[2024-08-22T17:02:42.395+0500] {processor.py:914} INFO - Processing file /home/rayyan/redfin_venv/lib/python3.10/site-packages/airflow/example_dags/example_python_decorator.py for tasks to queue
[2024-08-22T17:02:42.401+0500] {logging_mixin.py:190} INFO - [2024-08-22T17:02:42.400+0500] {dagbag.py:587} INFO - Filling up the DagBag from /home/rayyan/redfin_venv/lib/python3.10/site-packages/airflow/example_dags/example_python_decorator.py
[2024-08-22T17:02:42.492+0500] {logging_mixin.py:190} INFO - [2024-08-22T17:02:42.491+0500] {example_python_decorator.py:80} WARNING - The virtalenv_python example task requires virtualenv, please install it.
[2024-08-22T17:02:42.497+0500] {processor.py:925} INFO - DAG(s) 'example_python_decorator' retrieved from /home/rayyan/redfin_venv/lib/python3.10/site-packages/airflow/example_dags/example_python_decorator.py
[2024-08-22T17:02:42.567+0500] {logging_mixin.py:190} INFO - [2024-08-22T17:02:42.566+0500] {dag.py:3211} INFO - Sync 1 DAGs
[2024-08-22T17:02:42.620+0500] {logging_mixin.py:190} INFO - [2024-08-22T17:02:42.619+0500] {dag.py:4138} INFO - Setting next_dagrun for example_python_decorator to None, run_after=None
[2024-08-22T17:02:42.667+0500] {processor.py:208} INFO - Processing /home/rayyan/redfin_venv/lib/python3.10/site-packages/airflow/example_dags/example_python_decorator.py took 0.288 seconds
[2024-08-22T17:03:40.876+0500] {processor.py:186} INFO - Started process (PID=13149) to work on /home/rayyan/redfin_venv/lib/python3.10/site-packages/airflow/example_dags/example_python_decorator.py
[2024-08-22T17:03:40.889+0500] {processor.py:914} INFO - Processing file /home/rayyan/redfin_venv/lib/python3.10/site-packages/airflow/example_dags/example_python_decorator.py for tasks to queue
[2024-08-22T17:03:40.892+0500] {logging_mixin.py:190} INFO - [2024-08-22T17:03:40.891+0500] {dagbag.py:587} INFO - Filling up the DagBag from /home/rayyan/redfin_venv/lib/python3.10/site-packages/airflow/example_dags/example_python_decorator.py
[2024-08-22T17:03:40.926+0500] {logging_mixin.py:190} INFO - [2024-08-22T17:03:40.926+0500] {example_python_decorator.py:80} WARNING - The virtalenv_python example task requires virtualenv, please install it.
[2024-08-22T17:03:40.929+0500] {processor.py:925} INFO - DAG(s) 'example_python_decorator' retrieved from /home/rayyan/redfin_venv/lib/python3.10/site-packages/airflow/example_dags/example_python_decorator.py
[2024-08-22T17:03:40.946+0500] {logging_mixin.py:190} INFO - [2024-08-22T17:03:40.946+0500] {dag.py:3211} INFO - Sync 1 DAGs
[2024-08-22T17:03:40.960+0500] {logging_mixin.py:190} INFO - [2024-08-22T17:03:40.960+0500] {dag.py:4138} INFO - Setting next_dagrun for example_python_decorator to None, run_after=None
[2024-08-22T17:03:40.982+0500] {processor.py:208} INFO - Processing /home/rayyan/redfin_venv/lib/python3.10/site-packages/airflow/example_dags/example_python_decorator.py took 0.119 seconds
[2024-08-22T17:04:39.778+0500] {processor.py:186} INFO - Started process (PID=13434) to work on /home/rayyan/redfin_venv/lib/python3.10/site-packages/airflow/example_dags/example_python_decorator.py
[2024-08-22T17:04:39.791+0500] {processor.py:914} INFO - Processing file /home/rayyan/redfin_venv/lib/python3.10/site-packages/airflow/example_dags/example_python_decorator.py for tasks to queue
[2024-08-22T17:04:39.793+0500] {logging_mixin.py:190} INFO - [2024-08-22T17:04:39.793+0500] {dagbag.py:587} INFO - Filling up the DagBag from /home/rayyan/redfin_venv/lib/python3.10/site-packages/airflow/example_dags/example_python_decorator.py
[2024-08-22T17:04:39.829+0500] {logging_mixin.py:190} INFO - [2024-08-22T17:04:39.828+0500] {example_python_decorator.py:80} WARNING - The virtalenv_python example task requires virtualenv, please install it.
[2024-08-22T17:04:39.831+0500] {processor.py:925} INFO - DAG(s) 'example_python_decorator' retrieved from /home/rayyan/redfin_venv/lib/python3.10/site-packages/airflow/example_dags/example_python_decorator.py
[2024-08-22T17:04:39.850+0500] {logging_mixin.py:190} INFO - [2024-08-22T17:04:39.849+0500] {dag.py:3211} INFO - Sync 1 DAGs
[2024-08-22T17:04:39.863+0500] {logging_mixin.py:190} INFO - [2024-08-22T17:04:39.863+0500] {dag.py:4138} INFO - Setting next_dagrun for example_python_decorator to None, run_after=None
[2024-08-22T17:04:39.883+0500] {processor.py:208} INFO - Processing /home/rayyan/redfin_venv/lib/python3.10/site-packages/airflow/example_dags/example_python_decorator.py took 0.114 seconds
[2024-08-22T17:05:31.847+0500] {processor.py:186} INFO - Started process (PID=13690) to work on /home/rayyan/redfin_venv/lib/python3.10/site-packages/airflow/example_dags/example_python_decorator.py
[2024-08-22T17:05:31.858+0500] {processor.py:914} INFO - Processing file /home/rayyan/redfin_venv/lib/python3.10/site-packages/airflow/example_dags/example_python_decorator.py for tasks to queue
[2024-08-22T17:05:31.862+0500] {logging_mixin.py:190} INFO - [2024-08-22T17:05:31.861+0500] {dagbag.py:587} INFO - Filling up the DagBag from /home/rayyan/redfin_venv/lib/python3.10/site-packages/airflow/example_dags/example_python_decorator.py
[2024-08-22T17:05:31.894+0500] {logging_mixin.py:190} INFO - [2024-08-22T17:05:31.894+0500] {example_python_decorator.py:80} WARNING - The virtalenv_python example task requires virtualenv, please install it.
[2024-08-22T17:05:31.896+0500] {processor.py:925} INFO - DAG(s) 'example_python_decorator' retrieved from /home/rayyan/redfin_venv/lib/python3.10/site-packages/airflow/example_dags/example_python_decorator.py
[2024-08-22T17:05:31.914+0500] {logging_mixin.py:190} INFO - [2024-08-22T17:05:31.913+0500] {dag.py:3211} INFO - Sync 1 DAGs
[2024-08-22T17:05:31.926+0500] {logging_mixin.py:190} INFO - [2024-08-22T17:05:31.926+0500] {dag.py:4138} INFO - Setting next_dagrun for example_python_decorator to None, run_after=None
[2024-08-22T17:05:31.948+0500] {processor.py:208} INFO - Processing /home/rayyan/redfin_venv/lib/python3.10/site-packages/airflow/example_dags/example_python_decorator.py took 0.108 seconds
[2024-08-22T17:06:29.575+0500] {processor.py:186} INFO - Started process (PID=13969) to work on /home/rayyan/redfin_venv/lib/python3.10/site-packages/airflow/example_dags/example_python_decorator.py
[2024-08-22T17:06:29.577+0500] {processor.py:914} INFO - Processing file /home/rayyan/redfin_venv/lib/python3.10/site-packages/airflow/example_dags/example_python_decorator.py for tasks to queue
[2024-08-22T17:06:29.580+0500] {logging_mixin.py:190} INFO - [2024-08-22T17:06:29.579+0500] {dagbag.py:587} INFO - Filling up the DagBag from /home/rayyan/redfin_venv/lib/python3.10/site-packages/airflow/example_dags/example_python_decorator.py
[2024-08-22T17:06:29.615+0500] {logging_mixin.py:190} INFO - [2024-08-22T17:06:29.614+0500] {example_python_decorator.py:80} WARNING - The virtalenv_python example task requires virtualenv, please install it.
[2024-08-22T17:06:29.618+0500] {processor.py:925} INFO - DAG(s) 'example_python_decorator' retrieved from /home/rayyan/redfin_venv/lib/python3.10/site-packages/airflow/example_dags/example_python_decorator.py
[2024-08-22T17:06:29.638+0500] {logging_mixin.py:190} INFO - [2024-08-22T17:06:29.637+0500] {dag.py:3211} INFO - Sync 1 DAGs
[2024-08-22T17:06:29.652+0500] {logging_mixin.py:190} INFO - [2024-08-22T17:06:29.652+0500] {dag.py:4138} INFO - Setting next_dagrun for example_python_decorator to None, run_after=None
[2024-08-22T17:06:29.673+0500] {processor.py:208} INFO - Processing /home/rayyan/redfin_venv/lib/python3.10/site-packages/airflow/example_dags/example_python_decorator.py took 0.104 seconds
[2024-08-22T17:07:28.790+0500] {processor.py:186} INFO - Started process (PID=14261) to work on /home/rayyan/redfin_venv/lib/python3.10/site-packages/airflow/example_dags/example_python_decorator.py
[2024-08-22T17:07:28.803+0500] {processor.py:914} INFO - Processing file /home/rayyan/redfin_venv/lib/python3.10/site-packages/airflow/example_dags/example_python_decorator.py for tasks to queue
[2024-08-22T17:07:28.806+0500] {logging_mixin.py:190} INFO - [2024-08-22T17:07:28.805+0500] {dagbag.py:587} INFO - Filling up the DagBag from /home/rayyan/redfin_venv/lib/python3.10/site-packages/airflow/example_dags/example_python_decorator.py
[2024-08-22T17:07:28.840+0500] {logging_mixin.py:190} INFO - [2024-08-22T17:07:28.840+0500] {example_python_decorator.py:80} WARNING - The virtalenv_python example task requires virtualenv, please install it.
[2024-08-22T17:07:28.842+0500] {processor.py:925} INFO - DAG(s) 'example_python_decorator' retrieved from /home/rayyan/redfin_venv/lib/python3.10/site-packages/airflow/example_dags/example_python_decorator.py
[2024-08-22T17:07:28.859+0500] {logging_mixin.py:190} INFO - [2024-08-22T17:07:28.859+0500] {dag.py:3211} INFO - Sync 1 DAGs
[2024-08-22T17:07:28.875+0500] {logging_mixin.py:190} INFO - [2024-08-22T17:07:28.875+0500] {dag.py:4138} INFO - Setting next_dagrun for example_python_decorator to None, run_after=None
[2024-08-22T17:07:28.898+0500] {processor.py:208} INFO - Processing /home/rayyan/redfin_venv/lib/python3.10/site-packages/airflow/example_dags/example_python_decorator.py took 0.118 seconds
