[2024-08-22T16:47:42.621+0500] {processor.py:186} INFO - Started process (PID=3665) to work on /home/rayyan/redfin_venv/lib/python3.10/site-packages/airflow/example_dags/example_setup_teardown_taskflow.py
[2024-08-22T16:47:42.622+0500] {processor.py:914} INFO - Processing file /home/rayyan/redfin_venv/lib/python3.10/site-packages/airflow/example_dags/example_setup_teardown_taskflow.py for tasks to queue
[2024-08-22T16:47:42.624+0500] {logging_mixin.py:190} INFO - [2024-08-22T16:47:42.624+0500] {dagbag.py:587} INFO - Filling up the DagBag from /home/rayyan/redfin_venv/lib/python3.10/site-packages/airflow/example_dags/example_setup_teardown_taskflow.py
[2024-08-22T16:47:42.635+0500] {processor.py:925} INFO - DAG(s) 'example_setup_teardown_taskflow' retrieved from /home/rayyan/redfin_venv/lib/python3.10/site-packages/airflow/example_dags/example_setup_teardown_taskflow.py
[2024-08-22T16:47:42.678+0500] {logging_mixin.py:190} INFO - [2024-08-22T16:47:42.678+0500] {dag.py:3211} INFO - Sync 1 DAGs
[2024-08-22T16:47:42.699+0500] {logging_mixin.py:190} INFO - [2024-08-22T16:47:42.699+0500] {dag.py:4138} INFO - Setting next_dagrun for example_setup_teardown_taskflow to 2024-08-21 00:00:00+00:00, run_after=2024-08-22 00:00:00+00:00
[2024-08-22T16:47:42.722+0500] {processor.py:208} INFO - Processing /home/rayyan/redfin_venv/lib/python3.10/site-packages/airflow/example_dags/example_setup_teardown_taskflow.py took 0.106 seconds
[2024-08-22T16:48:42.437+0500] {processor.py:186} INFO - Started process (PID=3980) to work on /home/rayyan/redfin_venv/lib/python3.10/site-packages/airflow/example_dags/example_setup_teardown_taskflow.py
[2024-08-22T16:48:42.449+0500] {processor.py:914} INFO - Processing file /home/rayyan/redfin_venv/lib/python3.10/site-packages/airflow/example_dags/example_setup_teardown_taskflow.py for tasks to queue
[2024-08-22T16:48:42.452+0500] {logging_mixin.py:190} INFO - [2024-08-22T16:48:42.451+0500] {dagbag.py:587} INFO - Filling up the DagBag from /home/rayyan/redfin_venv/lib/python3.10/site-packages/airflow/example_dags/example_setup_teardown_taskflow.py
[2024-08-22T16:48:42.465+0500] {processor.py:925} INFO - DAG(s) 'example_setup_teardown_taskflow' retrieved from /home/rayyan/redfin_venv/lib/python3.10/site-packages/airflow/example_dags/example_setup_teardown_taskflow.py
[2024-08-22T16:48:42.484+0500] {logging_mixin.py:190} INFO - [2024-08-22T16:48:42.484+0500] {dag.py:3211} INFO - Sync 1 DAGs
[2024-08-22T16:48:42.505+0500] {logging_mixin.py:190} INFO - [2024-08-22T16:48:42.505+0500] {dag.py:4138} INFO - Setting next_dagrun for example_setup_teardown_taskflow to 2024-08-21 00:00:00+00:00, run_after=2024-08-22 00:00:00+00:00
[2024-08-22T16:48:42.525+0500] {processor.py:208} INFO - Processing /home/rayyan/redfin_venv/lib/python3.10/site-packages/airflow/example_dags/example_setup_teardown_taskflow.py took 0.096 seconds
[2024-08-22T16:49:39.461+0500] {processor.py:186} INFO - Started process (PID=4259) to work on /home/rayyan/redfin_venv/lib/python3.10/site-packages/airflow/example_dags/example_setup_teardown_taskflow.py
[2024-08-22T16:49:39.474+0500] {processor.py:914} INFO - Processing file /home/rayyan/redfin_venv/lib/python3.10/site-packages/airflow/example_dags/example_setup_teardown_taskflow.py for tasks to queue
[2024-08-22T16:49:39.477+0500] {logging_mixin.py:190} INFO - [2024-08-22T16:49:39.476+0500] {dagbag.py:587} INFO - Filling up the DagBag from /home/rayyan/redfin_venv/lib/python3.10/site-packages/airflow/example_dags/example_setup_teardown_taskflow.py
[2024-08-22T16:49:39.490+0500] {processor.py:925} INFO - DAG(s) 'example_setup_teardown_taskflow' retrieved from /home/rayyan/redfin_venv/lib/python3.10/site-packages/airflow/example_dags/example_setup_teardown_taskflow.py
[2024-08-22T16:49:39.507+0500] {logging_mixin.py:190} INFO - [2024-08-22T16:49:39.507+0500] {dag.py:3211} INFO - Sync 1 DAGs
[2024-08-22T16:49:39.524+0500] {logging_mixin.py:190} INFO - [2024-08-22T16:49:39.524+0500] {dag.py:4138} INFO - Setting next_dagrun for example_setup_teardown_taskflow to 2024-08-21 00:00:00+00:00, run_after=2024-08-22 00:00:00+00:00
[2024-08-22T16:49:39.543+0500] {processor.py:208} INFO - Processing /home/rayyan/redfin_venv/lib/python3.10/site-packages/airflow/example_dags/example_setup_teardown_taskflow.py took 0.091 seconds
[2024-08-22T16:50:34.069+0500] {processor.py:186} INFO - Started process (PID=4527) to work on /home/rayyan/redfin_venv/lib/python3.10/site-packages/airflow/example_dags/example_setup_teardown_taskflow.py
[2024-08-22T16:50:34.082+0500] {processor.py:914} INFO - Processing file /home/rayyan/redfin_venv/lib/python3.10/site-packages/airflow/example_dags/example_setup_teardown_taskflow.py for tasks to queue
[2024-08-22T16:50:34.085+0500] {logging_mixin.py:190} INFO - [2024-08-22T16:50:34.084+0500] {dagbag.py:587} INFO - Filling up the DagBag from /home/rayyan/redfin_venv/lib/python3.10/site-packages/airflow/example_dags/example_setup_teardown_taskflow.py
[2024-08-22T16:50:34.100+0500] {processor.py:925} INFO - DAG(s) 'example_setup_teardown_taskflow' retrieved from /home/rayyan/redfin_venv/lib/python3.10/site-packages/airflow/example_dags/example_setup_teardown_taskflow.py
[2024-08-22T16:50:34.119+0500] {logging_mixin.py:190} INFO - [2024-08-22T16:50:34.118+0500] {dag.py:3211} INFO - Sync 1 DAGs
[2024-08-22T16:50:34.137+0500] {logging_mixin.py:190} INFO - [2024-08-22T16:50:34.137+0500] {dag.py:4138} INFO - Setting next_dagrun for example_setup_teardown_taskflow to 2024-08-21 00:00:00+00:00, run_after=2024-08-22 00:00:00+00:00
[2024-08-22T16:50:34.160+0500] {processor.py:208} INFO - Processing /home/rayyan/redfin_venv/lib/python3.10/site-packages/airflow/example_dags/example_setup_teardown_taskflow.py took 0.099 seconds
[2024-08-22T16:51:33.563+0500] {processor.py:186} INFO - Started process (PID=4813) to work on /home/rayyan/redfin_venv/lib/python3.10/site-packages/airflow/example_dags/example_setup_teardown_taskflow.py
[2024-08-22T16:51:33.574+0500] {processor.py:914} INFO - Processing file /home/rayyan/redfin_venv/lib/python3.10/site-packages/airflow/example_dags/example_setup_teardown_taskflow.py for tasks to queue
[2024-08-22T16:51:33.577+0500] {logging_mixin.py:190} INFO - [2024-08-22T16:51:33.577+0500] {dagbag.py:587} INFO - Filling up the DagBag from /home/rayyan/redfin_venv/lib/python3.10/site-packages/airflow/example_dags/example_setup_teardown_taskflow.py
[2024-08-22T16:51:33.590+0500] {processor.py:925} INFO - DAG(s) 'example_setup_teardown_taskflow' retrieved from /home/rayyan/redfin_venv/lib/python3.10/site-packages/airflow/example_dags/example_setup_teardown_taskflow.py
[2024-08-22T16:51:33.607+0500] {logging_mixin.py:190} INFO - [2024-08-22T16:51:33.606+0500] {dag.py:3211} INFO - Sync 1 DAGs
[2024-08-22T16:51:33.625+0500] {logging_mixin.py:190} INFO - [2024-08-22T16:51:33.625+0500] {dag.py:4138} INFO - Setting next_dagrun for example_setup_teardown_taskflow to 2024-08-21 00:00:00+00:00, run_after=2024-08-22 00:00:00+00:00
[2024-08-22T16:51:33.645+0500] {processor.py:208} INFO - Processing /home/rayyan/redfin_venv/lib/python3.10/site-packages/airflow/example_dags/example_setup_teardown_taskflow.py took 0.091 seconds
[2024-08-22T16:52:32.673+0500] {processor.py:186} INFO - Started process (PID=5097) to work on /home/rayyan/redfin_venv/lib/python3.10/site-packages/airflow/example_dags/example_setup_teardown_taskflow.py
[2024-08-22T16:52:32.686+0500] {processor.py:914} INFO - Processing file /home/rayyan/redfin_venv/lib/python3.10/site-packages/airflow/example_dags/example_setup_teardown_taskflow.py for tasks to queue
[2024-08-22T16:52:32.689+0500] {logging_mixin.py:190} INFO - [2024-08-22T16:52:32.688+0500] {dagbag.py:587} INFO - Filling up the DagBag from /home/rayyan/redfin_venv/lib/python3.10/site-packages/airflow/example_dags/example_setup_teardown_taskflow.py
[2024-08-22T16:52:32.702+0500] {processor.py:925} INFO - DAG(s) 'example_setup_teardown_taskflow' retrieved from /home/rayyan/redfin_venv/lib/python3.10/site-packages/airflow/example_dags/example_setup_teardown_taskflow.py
[2024-08-22T16:52:32.719+0500] {logging_mixin.py:190} INFO - [2024-08-22T16:52:32.719+0500] {dag.py:3211} INFO - Sync 1 DAGs
[2024-08-22T16:52:32.738+0500] {logging_mixin.py:190} INFO - [2024-08-22T16:52:32.738+0500] {dag.py:4138} INFO - Setting next_dagrun for example_setup_teardown_taskflow to 2024-08-21 00:00:00+00:00, run_after=2024-08-22 00:00:00+00:00
[2024-08-22T16:52:32.761+0500] {processor.py:208} INFO - Processing /home/rayyan/redfin_venv/lib/python3.10/site-packages/airflow/example_dags/example_setup_teardown_taskflow.py took 0.097 seconds
[2024-08-22T16:53:35.338+0500] {processor.py:186} INFO - Started process (PID=5397) to work on /home/rayyan/redfin_venv/lib/python3.10/site-packages/airflow/example_dags/example_setup_teardown_taskflow.py
[2024-08-22T16:53:35.350+0500] {processor.py:914} INFO - Processing file /home/rayyan/redfin_venv/lib/python3.10/site-packages/airflow/example_dags/example_setup_teardown_taskflow.py for tasks to queue
[2024-08-22T16:53:35.353+0500] {logging_mixin.py:190} INFO - [2024-08-22T16:53:35.352+0500] {dagbag.py:587} INFO - Filling up the DagBag from /home/rayyan/redfin_venv/lib/python3.10/site-packages/airflow/example_dags/example_setup_teardown_taskflow.py
[2024-08-22T16:53:35.366+0500] {processor.py:925} INFO - DAG(s) 'example_setup_teardown_taskflow' retrieved from /home/rayyan/redfin_venv/lib/python3.10/site-packages/airflow/example_dags/example_setup_teardown_taskflow.py
[2024-08-22T16:53:35.383+0500] {logging_mixin.py:190} INFO - [2024-08-22T16:53:35.383+0500] {dag.py:3211} INFO - Sync 1 DAGs
[2024-08-22T16:53:35.402+0500] {logging_mixin.py:190} INFO - [2024-08-22T16:53:35.401+0500] {dag.py:4138} INFO - Setting next_dagrun for example_setup_teardown_taskflow to 2024-08-21 00:00:00+00:00, run_after=2024-08-22 00:00:00+00:00
[2024-08-22T16:53:35.424+0500] {processor.py:208} INFO - Processing /home/rayyan/redfin_venv/lib/python3.10/site-packages/airflow/example_dags/example_setup_teardown_taskflow.py took 0.095 seconds
[2024-08-22T16:54:36.439+0500] {processor.py:186} INFO - Started process (PID=5693) to work on /home/rayyan/redfin_venv/lib/python3.10/site-packages/airflow/example_dags/example_setup_teardown_taskflow.py
[2024-08-22T16:54:36.440+0500] {processor.py:914} INFO - Processing file /home/rayyan/redfin_venv/lib/python3.10/site-packages/airflow/example_dags/example_setup_teardown_taskflow.py for tasks to queue
[2024-08-22T16:54:36.443+0500] {logging_mixin.py:190} INFO - [2024-08-22T16:54:36.443+0500] {dagbag.py:587} INFO - Filling up the DagBag from /home/rayyan/redfin_venv/lib/python3.10/site-packages/airflow/example_dags/example_setup_teardown_taskflow.py
[2024-08-22T16:54:36.459+0500] {processor.py:925} INFO - DAG(s) 'example_setup_teardown_taskflow' retrieved from /home/rayyan/redfin_venv/lib/python3.10/site-packages/airflow/example_dags/example_setup_teardown_taskflow.py
[2024-08-22T16:54:36.478+0500] {logging_mixin.py:190} INFO - [2024-08-22T16:54:36.478+0500] {dag.py:3211} INFO - Sync 1 DAGs
[2024-08-22T16:54:36.500+0500] {logging_mixin.py:190} INFO - [2024-08-22T16:54:36.500+0500] {dag.py:4138} INFO - Setting next_dagrun for example_setup_teardown_taskflow to 2024-08-21 00:00:00+00:00, run_after=2024-08-22 00:00:00+00:00
[2024-08-22T16:54:36.523+0500] {processor.py:208} INFO - Processing /home/rayyan/redfin_venv/lib/python3.10/site-packages/airflow/example_dags/example_setup_teardown_taskflow.py took 0.090 seconds
[2024-08-22T16:55:38.532+0500] {processor.py:186} INFO - Started process (PID=5994) to work on /home/rayyan/redfin_venv/lib/python3.10/site-packages/airflow/example_dags/example_setup_teardown_taskflow.py
[2024-08-22T16:55:38.533+0500] {processor.py:914} INFO - Processing file /home/rayyan/redfin_venv/lib/python3.10/site-packages/airflow/example_dags/example_setup_teardown_taskflow.py for tasks to queue
[2024-08-22T16:55:38.536+0500] {logging_mixin.py:190} INFO - [2024-08-22T16:55:38.536+0500] {dagbag.py:587} INFO - Filling up the DagBag from /home/rayyan/redfin_venv/lib/python3.10/site-packages/airflow/example_dags/example_setup_teardown_taskflow.py
[2024-08-22T16:55:38.561+0500] {processor.py:925} INFO - DAG(s) 'example_setup_teardown_taskflow' retrieved from /home/rayyan/redfin_venv/lib/python3.10/site-packages/airflow/example_dags/example_setup_teardown_taskflow.py
[2024-08-22T16:55:38.584+0500] {logging_mixin.py:190} INFO - [2024-08-22T16:55:38.584+0500] {dag.py:3211} INFO - Sync 1 DAGs
[2024-08-22T16:55:38.611+0500] {logging_mixin.py:190} INFO - [2024-08-22T16:55:38.610+0500] {dag.py:4138} INFO - Setting next_dagrun for example_setup_teardown_taskflow to 2024-08-21 00:00:00+00:00, run_after=2024-08-22 00:00:00+00:00
[2024-08-22T16:55:38.632+0500] {processor.py:208} INFO - Processing /home/rayyan/redfin_venv/lib/python3.10/site-packages/airflow/example_dags/example_setup_teardown_taskflow.py took 0.112 seconds
[2024-08-22T16:56:46.393+0500] {processor.py:186} INFO - Started process (PID=6317) to work on /home/rayyan/redfin_venv/lib/python3.10/site-packages/airflow/example_dags/example_setup_teardown_taskflow.py
[2024-08-22T16:56:46.404+0500] {processor.py:914} INFO - Processing file /home/rayyan/redfin_venv/lib/python3.10/site-packages/airflow/example_dags/example_setup_teardown_taskflow.py for tasks to queue
[2024-08-22T16:56:46.407+0500] {logging_mixin.py:190} INFO - [2024-08-22T16:56:46.406+0500] {dagbag.py:587} INFO - Filling up the DagBag from /home/rayyan/redfin_venv/lib/python3.10/site-packages/airflow/example_dags/example_setup_teardown_taskflow.py
[2024-08-22T16:56:46.422+0500] {processor.py:925} INFO - DAG(s) 'example_setup_teardown_taskflow' retrieved from /home/rayyan/redfin_venv/lib/python3.10/site-packages/airflow/example_dags/example_setup_teardown_taskflow.py
[2024-08-22T16:56:46.448+0500] {logging_mixin.py:190} INFO - [2024-08-22T16:56:46.447+0500] {dag.py:3211} INFO - Sync 1 DAGs
[2024-08-22T16:56:46.468+0500] {logging_mixin.py:190} INFO - [2024-08-22T16:56:46.468+0500] {dag.py:4138} INFO - Setting next_dagrun for example_setup_teardown_taskflow to 2024-08-21 00:00:00+00:00, run_after=2024-08-22 00:00:00+00:00
[2024-08-22T16:56:46.490+0500] {processor.py:208} INFO - Processing /home/rayyan/redfin_venv/lib/python3.10/site-packages/airflow/example_dags/example_setup_teardown_taskflow.py took 0.102 seconds
[2024-08-22T16:57:49.363+0500] {processor.py:186} INFO - Started process (PID=6622) to work on /home/rayyan/redfin_venv/lib/python3.10/site-packages/airflow/example_dags/example_setup_teardown_taskflow.py
[2024-08-22T16:57:49.365+0500] {processor.py:914} INFO - Processing file /home/rayyan/redfin_venv/lib/python3.10/site-packages/airflow/example_dags/example_setup_teardown_taskflow.py for tasks to queue
[2024-08-22T16:57:49.367+0500] {logging_mixin.py:190} INFO - [2024-08-22T16:57:49.367+0500] {dagbag.py:587} INFO - Filling up the DagBag from /home/rayyan/redfin_venv/lib/python3.10/site-packages/airflow/example_dags/example_setup_teardown_taskflow.py
[2024-08-22T16:57:49.378+0500] {processor.py:925} INFO - DAG(s) 'example_setup_teardown_taskflow' retrieved from /home/rayyan/redfin_venv/lib/python3.10/site-packages/airflow/example_dags/example_setup_teardown_taskflow.py
[2024-08-22T16:57:49.398+0500] {logging_mixin.py:190} INFO - [2024-08-22T16:57:49.397+0500] {dag.py:3211} INFO - Sync 1 DAGs
[2024-08-22T16:57:49.424+0500] {logging_mixin.py:190} INFO - [2024-08-22T16:57:49.423+0500] {dag.py:4138} INFO - Setting next_dagrun for example_setup_teardown_taskflow to 2024-08-21 00:00:00+00:00, run_after=2024-08-22 00:00:00+00:00
[2024-08-22T16:57:49.451+0500] {processor.py:208} INFO - Processing /home/rayyan/redfin_venv/lib/python3.10/site-packages/airflow/example_dags/example_setup_teardown_taskflow.py took 0.096 seconds
[2024-08-22T16:58:57.542+0500] {processor.py:186} INFO - Started process (PID=6957) to work on /home/rayyan/redfin_venv/lib/python3.10/site-packages/airflow/example_dags/example_setup_teardown_taskflow.py
[2024-08-22T16:58:57.554+0500] {processor.py:914} INFO - Processing file /home/rayyan/redfin_venv/lib/python3.10/site-packages/airflow/example_dags/example_setup_teardown_taskflow.py for tasks to queue
[2024-08-22T16:58:57.557+0500] {logging_mixin.py:190} INFO - [2024-08-22T16:58:57.556+0500] {dagbag.py:587} INFO - Filling up the DagBag from /home/rayyan/redfin_venv/lib/python3.10/site-packages/airflow/example_dags/example_setup_teardown_taskflow.py
[2024-08-22T16:58:57.568+0500] {processor.py:925} INFO - DAG(s) 'example_setup_teardown_taskflow' retrieved from /home/rayyan/redfin_venv/lib/python3.10/site-packages/airflow/example_dags/example_setup_teardown_taskflow.py
[2024-08-22T16:58:57.586+0500] {logging_mixin.py:190} INFO - [2024-08-22T16:58:57.585+0500] {dag.py:3211} INFO - Sync 1 DAGs
[2024-08-22T16:58:57.724+0500] {logging_mixin.py:190} INFO - [2024-08-22T16:58:57.724+0500] {dag.py:4138} INFO - Setting next_dagrun for example_setup_teardown_taskflow to 2024-08-21 00:00:00+00:00, run_after=2024-08-22 00:00:00+00:00
[2024-08-22T16:58:57.751+0500] {processor.py:208} INFO - Processing /home/rayyan/redfin_venv/lib/python3.10/site-packages/airflow/example_dags/example_setup_teardown_taskflow.py took 0.220 seconds
[2024-08-22T16:59:58.195+0500] {processor.py:186} INFO - Started process (PID=7769) to work on /home/rayyan/redfin_venv/lib/python3.10/site-packages/airflow/example_dags/example_setup_teardown_taskflow.py
[2024-08-22T16:59:58.197+0500] {processor.py:914} INFO - Processing file /home/rayyan/redfin_venv/lib/python3.10/site-packages/airflow/example_dags/example_setup_teardown_taskflow.py for tasks to queue
[2024-08-22T16:59:58.203+0500] {logging_mixin.py:190} INFO - [2024-08-22T16:59:58.203+0500] {dagbag.py:587} INFO - Filling up the DagBag from /home/rayyan/redfin_venv/lib/python3.10/site-packages/airflow/example_dags/example_setup_teardown_taskflow.py
[2024-08-22T16:59:58.227+0500] {processor.py:925} INFO - DAG(s) 'example_setup_teardown_taskflow' retrieved from /home/rayyan/redfin_venv/lib/python3.10/site-packages/airflow/example_dags/example_setup_teardown_taskflow.py
[2024-08-22T16:59:58.262+0500] {logging_mixin.py:190} INFO - [2024-08-22T16:59:58.261+0500] {dag.py:3211} INFO - Sync 1 DAGs
[2024-08-22T16:59:58.305+0500] {logging_mixin.py:190} INFO - [2024-08-22T16:59:58.304+0500] {dag.py:4138} INFO - Setting next_dagrun for example_setup_teardown_taskflow to 2024-08-21 00:00:00+00:00, run_after=2024-08-22 00:00:00+00:00
[2024-08-22T16:59:58.349+0500] {processor.py:208} INFO - Processing /home/rayyan/redfin_venv/lib/python3.10/site-packages/airflow/example_dags/example_setup_teardown_taskflow.py took 0.161 seconds
[2024-08-22T17:01:04.152+0500] {processor.py:186} INFO - Started process (PID=10137) to work on /home/rayyan/redfin_venv/lib/python3.10/site-packages/airflow/example_dags/example_setup_teardown_taskflow.py
[2024-08-22T17:01:04.154+0500] {processor.py:914} INFO - Processing file /home/rayyan/redfin_venv/lib/python3.10/site-packages/airflow/example_dags/example_setup_teardown_taskflow.py for tasks to queue
[2024-08-22T17:01:04.157+0500] {logging_mixin.py:190} INFO - [2024-08-22T17:01:04.157+0500] {dagbag.py:587} INFO - Filling up the DagBag from /home/rayyan/redfin_venv/lib/python3.10/site-packages/airflow/example_dags/example_setup_teardown_taskflow.py
[2024-08-22T17:01:04.177+0500] {processor.py:925} INFO - DAG(s) 'example_setup_teardown_taskflow' retrieved from /home/rayyan/redfin_venv/lib/python3.10/site-packages/airflow/example_dags/example_setup_teardown_taskflow.py
[2024-08-22T17:01:04.208+0500] {logging_mixin.py:190} INFO - [2024-08-22T17:01:04.208+0500] {dag.py:3211} INFO - Sync 1 DAGs
[2024-08-22T17:01:04.248+0500] {logging_mixin.py:190} INFO - [2024-08-22T17:01:04.248+0500] {dag.py:4138} INFO - Setting next_dagrun for example_setup_teardown_taskflow to 2024-08-21 00:00:00+00:00, run_after=2024-08-22 00:00:00+00:00
[2024-08-22T17:01:04.289+0500] {processor.py:208} INFO - Processing /home/rayyan/redfin_venv/lib/python3.10/site-packages/airflow/example_dags/example_setup_teardown_taskflow.py took 0.146 seconds
[2024-08-22T17:02:15.645+0500] {processor.py:186} INFO - Started process (PID=12736) to work on /home/rayyan/redfin_venv/lib/python3.10/site-packages/airflow/example_dags/example_setup_teardown_taskflow.py
[2024-08-22T17:02:15.657+0500] {processor.py:914} INFO - Processing file /home/rayyan/redfin_venv/lib/python3.10/site-packages/airflow/example_dags/example_setup_teardown_taskflow.py for tasks to queue
[2024-08-22T17:02:15.660+0500] {logging_mixin.py:190} INFO - [2024-08-22T17:02:15.659+0500] {dagbag.py:587} INFO - Filling up the DagBag from /home/rayyan/redfin_venv/lib/python3.10/site-packages/airflow/example_dags/example_setup_teardown_taskflow.py
[2024-08-22T17:02:15.678+0500] {processor.py:925} INFO - DAG(s) 'example_setup_teardown_taskflow' retrieved from /home/rayyan/redfin_venv/lib/python3.10/site-packages/airflow/example_dags/example_setup_teardown_taskflow.py
[2024-08-22T17:02:15.706+0500] {logging_mixin.py:190} INFO - [2024-08-22T17:02:15.705+0500] {dag.py:3211} INFO - Sync 1 DAGs
[2024-08-22T17:02:15.751+0500] {logging_mixin.py:190} INFO - [2024-08-22T17:02:15.750+0500] {dag.py:4138} INFO - Setting next_dagrun for example_setup_teardown_taskflow to 2024-08-21 00:00:00+00:00, run_after=2024-08-22 00:00:00+00:00
[2024-08-22T17:02:15.784+0500] {processor.py:208} INFO - Processing /home/rayyan/redfin_venv/lib/python3.10/site-packages/airflow/example_dags/example_setup_teardown_taskflow.py took 0.150 seconds
[2024-08-22T17:03:15.548+0500] {processor.py:186} INFO - Started process (PID=13028) to work on /home/rayyan/redfin_venv/lib/python3.10/site-packages/airflow/example_dags/example_setup_teardown_taskflow.py
[2024-08-22T17:03:15.560+0500] {processor.py:914} INFO - Processing file /home/rayyan/redfin_venv/lib/python3.10/site-packages/airflow/example_dags/example_setup_teardown_taskflow.py for tasks to queue
[2024-08-22T17:03:15.564+0500] {logging_mixin.py:190} INFO - [2024-08-22T17:03:15.564+0500] {dagbag.py:587} INFO - Filling up the DagBag from /home/rayyan/redfin_venv/lib/python3.10/site-packages/airflow/example_dags/example_setup_teardown_taskflow.py
[2024-08-22T17:03:15.579+0500] {processor.py:925} INFO - DAG(s) 'example_setup_teardown_taskflow' retrieved from /home/rayyan/redfin_venv/lib/python3.10/site-packages/airflow/example_dags/example_setup_teardown_taskflow.py
[2024-08-22T17:03:15.598+0500] {logging_mixin.py:190} INFO - [2024-08-22T17:03:15.598+0500] {dag.py:3211} INFO - Sync 1 DAGs
[2024-08-22T17:03:15.619+0500] {logging_mixin.py:190} INFO - [2024-08-22T17:03:15.619+0500] {dag.py:4138} INFO - Setting next_dagrun for example_setup_teardown_taskflow to 2024-08-21 00:00:00+00:00, run_after=2024-08-22 00:00:00+00:00
[2024-08-22T17:03:15.642+0500] {processor.py:208} INFO - Processing /home/rayyan/redfin_venv/lib/python3.10/site-packages/airflow/example_dags/example_setup_teardown_taskflow.py took 0.102 seconds
[2024-08-22T17:04:15.794+0500] {processor.py:186} INFO - Started process (PID=13317) to work on /home/rayyan/redfin_venv/lib/python3.10/site-packages/airflow/example_dags/example_setup_teardown_taskflow.py
[2024-08-22T17:04:15.795+0500] {processor.py:914} INFO - Processing file /home/rayyan/redfin_venv/lib/python3.10/site-packages/airflow/example_dags/example_setup_teardown_taskflow.py for tasks to queue
[2024-08-22T17:04:15.798+0500] {logging_mixin.py:190} INFO - [2024-08-22T17:04:15.797+0500] {dagbag.py:587} INFO - Filling up the DagBag from /home/rayyan/redfin_venv/lib/python3.10/site-packages/airflow/example_dags/example_setup_teardown_taskflow.py
[2024-08-22T17:04:15.809+0500] {processor.py:925} INFO - DAG(s) 'example_setup_teardown_taskflow' retrieved from /home/rayyan/redfin_venv/lib/python3.10/site-packages/airflow/example_dags/example_setup_teardown_taskflow.py
[2024-08-22T17:04:15.828+0500] {logging_mixin.py:190} INFO - [2024-08-22T17:04:15.827+0500] {dag.py:3211} INFO - Sync 1 DAGs
[2024-08-22T17:04:15.847+0500] {logging_mixin.py:190} INFO - [2024-08-22T17:04:15.847+0500] {dag.py:4138} INFO - Setting next_dagrun for example_setup_teardown_taskflow to 2024-08-21 00:00:00+00:00, run_after=2024-08-22 00:00:00+00:00
[2024-08-22T17:04:15.876+0500] {processor.py:208} INFO - Processing /home/rayyan/redfin_venv/lib/python3.10/site-packages/airflow/example_dags/example_setup_teardown_taskflow.py took 0.089 seconds
[2024-08-22T17:05:10.941+0500] {processor.py:186} INFO - Started process (PID=13585) to work on /home/rayyan/redfin_venv/lib/python3.10/site-packages/airflow/example_dags/example_setup_teardown_taskflow.py
[2024-08-22T17:05:10.953+0500] {processor.py:914} INFO - Processing file /home/rayyan/redfin_venv/lib/python3.10/site-packages/airflow/example_dags/example_setup_teardown_taskflow.py for tasks to queue
[2024-08-22T17:05:10.957+0500] {logging_mixin.py:190} INFO - [2024-08-22T17:05:10.956+0500] {dagbag.py:587} INFO - Filling up the DagBag from /home/rayyan/redfin_venv/lib/python3.10/site-packages/airflow/example_dags/example_setup_teardown_taskflow.py
[2024-08-22T17:05:10.971+0500] {processor.py:925} INFO - DAG(s) 'example_setup_teardown_taskflow' retrieved from /home/rayyan/redfin_venv/lib/python3.10/site-packages/airflow/example_dags/example_setup_teardown_taskflow.py
[2024-08-22T17:05:10.989+0500] {logging_mixin.py:190} INFO - [2024-08-22T17:05:10.989+0500] {dag.py:3211} INFO - Sync 1 DAGs
[2024-08-22T17:05:11.007+0500] {logging_mixin.py:190} INFO - [2024-08-22T17:05:11.007+0500] {dag.py:4138} INFO - Setting next_dagrun for example_setup_teardown_taskflow to 2024-08-21 00:00:00+00:00, run_after=2024-08-22 00:00:00+00:00
[2024-08-22T17:05:11.030+0500] {processor.py:208} INFO - Processing /home/rayyan/redfin_venv/lib/python3.10/site-packages/airflow/example_dags/example_setup_teardown_taskflow.py took 0.095 seconds
[2024-08-22T17:06:06.440+0500] {processor.py:186} INFO - Started process (PID=13856) to work on /home/rayyan/redfin_venv/lib/python3.10/site-packages/airflow/example_dags/example_setup_teardown_taskflow.py
[2024-08-22T17:06:06.451+0500] {processor.py:914} INFO - Processing file /home/rayyan/redfin_venv/lib/python3.10/site-packages/airflow/example_dags/example_setup_teardown_taskflow.py for tasks to queue
[2024-08-22T17:06:06.454+0500] {logging_mixin.py:190} INFO - [2024-08-22T17:06:06.454+0500] {dagbag.py:587} INFO - Filling up the DagBag from /home/rayyan/redfin_venv/lib/python3.10/site-packages/airflow/example_dags/example_setup_teardown_taskflow.py
[2024-08-22T17:06:06.469+0500] {processor.py:925} INFO - DAG(s) 'example_setup_teardown_taskflow' retrieved from /home/rayyan/redfin_venv/lib/python3.10/site-packages/airflow/example_dags/example_setup_teardown_taskflow.py
[2024-08-22T17:06:06.487+0500] {logging_mixin.py:190} INFO - [2024-08-22T17:06:06.486+0500] {dag.py:3211} INFO - Sync 1 DAGs
[2024-08-22T17:06:06.506+0500] {logging_mixin.py:190} INFO - [2024-08-22T17:06:06.506+0500] {dag.py:4138} INFO - Setting next_dagrun for example_setup_teardown_taskflow to 2024-08-21 00:00:00+00:00, run_after=2024-08-22 00:00:00+00:00
[2024-08-22T17:06:06.527+0500] {processor.py:208} INFO - Processing /home/rayyan/redfin_venv/lib/python3.10/site-packages/airflow/example_dags/example_setup_teardown_taskflow.py took 0.095 seconds
[2024-08-22T17:07:06.885+0500] {processor.py:186} INFO - Started process (PID=14153) to work on /home/rayyan/redfin_venv/lib/python3.10/site-packages/airflow/example_dags/example_setup_teardown_taskflow.py
[2024-08-22T17:07:06.897+0500] {processor.py:914} INFO - Processing file /home/rayyan/redfin_venv/lib/python3.10/site-packages/airflow/example_dags/example_setup_teardown_taskflow.py for tasks to queue
[2024-08-22T17:07:06.899+0500] {logging_mixin.py:190} INFO - [2024-08-22T17:07:06.899+0500] {dagbag.py:587} INFO - Filling up the DagBag from /home/rayyan/redfin_venv/lib/python3.10/site-packages/airflow/example_dags/example_setup_teardown_taskflow.py
[2024-08-22T17:07:06.911+0500] {processor.py:925} INFO - DAG(s) 'example_setup_teardown_taskflow' retrieved from /home/rayyan/redfin_venv/lib/python3.10/site-packages/airflow/example_dags/example_setup_teardown_taskflow.py
[2024-08-22T17:07:06.929+0500] {logging_mixin.py:190} INFO - [2024-08-22T17:07:06.929+0500] {dag.py:3211} INFO - Sync 1 DAGs
[2024-08-22T17:07:06.947+0500] {logging_mixin.py:190} INFO - [2024-08-22T17:07:06.947+0500] {dag.py:4138} INFO - Setting next_dagrun for example_setup_teardown_taskflow to 2024-08-21 00:00:00+00:00, run_after=2024-08-22 00:00:00+00:00
[2024-08-22T17:07:06.967+0500] {processor.py:208} INFO - Processing /home/rayyan/redfin_venv/lib/python3.10/site-packages/airflow/example_dags/example_setup_teardown_taskflow.py took 0.089 seconds
