[2024-08-22T16:47:49.072+0500] {processor.py:186} INFO - Started process (PID=3696) to work on /home/rayyan/redfin_venv/lib/python3.10/site-packages/airflow/example_dags/example_subdag_operator.py
[2024-08-22T16:47:49.073+0500] {processor.py:914} INFO - Processing file /home/rayyan/redfin_venv/lib/python3.10/site-packages/airflow/example_dags/example_subdag_operator.py for tasks to queue
[2024-08-22T16:47:49.076+0500] {logging_mixin.py:190} INFO - [2024-08-22T16:47:49.075+0500] {dagbag.py:587} INFO - Filling up the DagBag from /home/rayyan/redfin_venv/lib/python3.10/site-packages/airflow/example_dags/example_subdag_operator.py
[2024-08-22T16:47:49.100+0500] {processor.py:925} INFO - DAG(s) 'example_subdag_operator.section-1', 'example_subdag_operator.section-2', 'example_subdag_operator' retrieved from /home/rayyan/redfin_venv/lib/python3.10/site-packages/airflow/example_dags/example_subdag_operator.py
[2024-08-22T16:47:49.120+0500] {logging_mixin.py:190} INFO - [2024-08-22T16:47:49.120+0500] {dag.py:3211} INFO - Sync 3 DAGs
[2024-08-22T16:47:49.138+0500] {logging_mixin.py:190} INFO - [2024-08-22T16:47:49.137+0500] {dag.py:4138} INFO - Setting next_dagrun for example_subdag_operator to 2022-01-01 00:00:00+00:00, run_after=2022-01-01 00:00:00+00:00
[2024-08-22T16:47:49.140+0500] {logging_mixin.py:190} INFO - [2024-08-22T16:47:49.140+0500] {dag.py:4138} INFO - Setting next_dagrun for example_subdag_operator.section-1 to None, run_after=None
[2024-08-22T16:47:49.141+0500] {logging_mixin.py:190} INFO - [2024-08-22T16:47:49.141+0500] {dag.py:4138} INFO - Setting next_dagrun for example_subdag_operator.section-2 to None, run_after=None
[2024-08-22T16:47:49.147+0500] {logging_mixin.py:190} INFO - [2024-08-22T16:47:49.146+0500] {dag.py:3211} INFO - Sync 2 DAGs
[2024-08-22T16:47:49.150+0500] {logging_mixin.py:190} INFO - [2024-08-22T16:47:49.150+0500] {dag.py:4138} INFO - Setting next_dagrun for example_subdag_operator.section-1 to None, run_after=None
[2024-08-22T16:47:49.151+0500] {logging_mixin.py:190} INFO - [2024-08-22T16:47:49.150+0500] {dag.py:4138} INFO - Setting next_dagrun for example_subdag_operator.section-2 to None, run_after=None
[2024-08-22T16:47:49.175+0500] {processor.py:208} INFO - Processing /home/rayyan/redfin_venv/lib/python3.10/site-packages/airflow/example_dags/example_subdag_operator.py took 0.113 seconds
[2024-08-22T16:48:48.756+0500] {processor.py:186} INFO - Started process (PID=4011) to work on /home/rayyan/redfin_venv/lib/python3.10/site-packages/airflow/example_dags/example_subdag_operator.py
[2024-08-22T16:48:48.757+0500] {processor.py:914} INFO - Processing file /home/rayyan/redfin_venv/lib/python3.10/site-packages/airflow/example_dags/example_subdag_operator.py for tasks to queue
[2024-08-22T16:48:48.759+0500] {logging_mixin.py:190} INFO - [2024-08-22T16:48:48.759+0500] {dagbag.py:587} INFO - Filling up the DagBag from /home/rayyan/redfin_venv/lib/python3.10/site-packages/airflow/example_dags/example_subdag_operator.py
[2024-08-22T16:48:48.786+0500] {processor.py:925} INFO - DAG(s) 'example_subdag_operator.section-1', 'example_subdag_operator.section-2', 'example_subdag_operator' retrieved from /home/rayyan/redfin_venv/lib/python3.10/site-packages/airflow/example_dags/example_subdag_operator.py
[2024-08-22T16:48:48.808+0500] {logging_mixin.py:190} INFO - [2024-08-22T16:48:48.807+0500] {dag.py:3211} INFO - Sync 3 DAGs
[2024-08-22T16:48:48.832+0500] {logging_mixin.py:190} INFO - [2024-08-22T16:48:48.831+0500] {dag.py:4138} INFO - Setting next_dagrun for example_subdag_operator to 2022-01-01 00:00:00+00:00, run_after=2022-01-01 00:00:00+00:00
[2024-08-22T16:48:48.837+0500] {logging_mixin.py:190} INFO - [2024-08-22T16:48:48.836+0500] {dag.py:4138} INFO - Setting next_dagrun for example_subdag_operator.section-1 to None, run_after=None
[2024-08-22T16:48:48.839+0500] {logging_mixin.py:190} INFO - [2024-08-22T16:48:48.839+0500] {dag.py:4138} INFO - Setting next_dagrun for example_subdag_operator.section-2 to None, run_after=None
[2024-08-22T16:48:48.847+0500] {logging_mixin.py:190} INFO - [2024-08-22T16:48:48.846+0500] {dag.py:3211} INFO - Sync 2 DAGs
[2024-08-22T16:48:48.853+0500] {logging_mixin.py:190} INFO - [2024-08-22T16:48:48.853+0500] {dag.py:4138} INFO - Setting next_dagrun for example_subdag_operator.section-1 to None, run_after=None
[2024-08-22T16:48:48.853+0500] {logging_mixin.py:190} INFO - [2024-08-22T16:48:48.853+0500] {dag.py:4138} INFO - Setting next_dagrun for example_subdag_operator.section-2 to None, run_after=None
[2024-08-22T16:48:48.870+0500] {processor.py:208} INFO - Processing /home/rayyan/redfin_venv/lib/python3.10/site-packages/airflow/example_dags/example_subdag_operator.py took 0.121 seconds
[2024-08-22T16:49:45.815+0500] {processor.py:186} INFO - Started process (PID=4290) to work on /home/rayyan/redfin_venv/lib/python3.10/site-packages/airflow/example_dags/example_subdag_operator.py
[2024-08-22T16:49:45.828+0500] {processor.py:914} INFO - Processing file /home/rayyan/redfin_venv/lib/python3.10/site-packages/airflow/example_dags/example_subdag_operator.py for tasks to queue
[2024-08-22T16:49:45.830+0500] {logging_mixin.py:190} INFO - [2024-08-22T16:49:45.830+0500] {dagbag.py:587} INFO - Filling up the DagBag from /home/rayyan/redfin_venv/lib/python3.10/site-packages/airflow/example_dags/example_subdag_operator.py
[2024-08-22T16:49:45.855+0500] {processor.py:925} INFO - DAG(s) 'example_subdag_operator.section-1', 'example_subdag_operator.section-2', 'example_subdag_operator' retrieved from /home/rayyan/redfin_venv/lib/python3.10/site-packages/airflow/example_dags/example_subdag_operator.py
[2024-08-22T16:49:45.869+0500] {logging_mixin.py:190} INFO - [2024-08-22T16:49:45.869+0500] {dag.py:3211} INFO - Sync 3 DAGs
[2024-08-22T16:49:45.888+0500] {logging_mixin.py:190} INFO - [2024-08-22T16:49:45.887+0500] {dag.py:4138} INFO - Setting next_dagrun for example_subdag_operator to 2022-01-01 00:00:00+00:00, run_after=2022-01-01 00:00:00+00:00
[2024-08-22T16:49:45.890+0500] {logging_mixin.py:190} INFO - [2024-08-22T16:49:45.890+0500] {dag.py:4138} INFO - Setting next_dagrun for example_subdag_operator.section-1 to None, run_after=None
[2024-08-22T16:49:45.891+0500] {logging_mixin.py:190} INFO - [2024-08-22T16:49:45.891+0500] {dag.py:4138} INFO - Setting next_dagrun for example_subdag_operator.section-2 to None, run_after=None
[2024-08-22T16:49:45.896+0500] {logging_mixin.py:190} INFO - [2024-08-22T16:49:45.896+0500] {dag.py:3211} INFO - Sync 2 DAGs
[2024-08-22T16:49:45.900+0500] {logging_mixin.py:190} INFO - [2024-08-22T16:49:45.900+0500] {dag.py:4138} INFO - Setting next_dagrun for example_subdag_operator.section-1 to None, run_after=None
[2024-08-22T16:49:45.900+0500] {logging_mixin.py:190} INFO - [2024-08-22T16:49:45.900+0500] {dag.py:4138} INFO - Setting next_dagrun for example_subdag_operator.section-2 to None, run_after=None
[2024-08-22T16:49:45.914+0500] {processor.py:208} INFO - Processing /home/rayyan/redfin_venv/lib/python3.10/site-packages/airflow/example_dags/example_subdag_operator.py took 0.113 seconds
[2024-08-22T16:50:41.088+0500] {processor.py:186} INFO - Started process (PID=4560) to work on /home/rayyan/redfin_venv/lib/python3.10/site-packages/airflow/example_dags/example_subdag_operator.py
[2024-08-22T16:50:41.101+0500] {processor.py:914} INFO - Processing file /home/rayyan/redfin_venv/lib/python3.10/site-packages/airflow/example_dags/example_subdag_operator.py for tasks to queue
[2024-08-22T16:50:41.103+0500] {logging_mixin.py:190} INFO - [2024-08-22T16:50:41.103+0500] {dagbag.py:587} INFO - Filling up the DagBag from /home/rayyan/redfin_venv/lib/python3.10/site-packages/airflow/example_dags/example_subdag_operator.py
[2024-08-22T16:50:41.126+0500] {processor.py:925} INFO - DAG(s) 'example_subdag_operator.section-1', 'example_subdag_operator.section-2', 'example_subdag_operator' retrieved from /home/rayyan/redfin_venv/lib/python3.10/site-packages/airflow/example_dags/example_subdag_operator.py
[2024-08-22T16:50:41.142+0500] {logging_mixin.py:190} INFO - [2024-08-22T16:50:41.141+0500] {dag.py:3211} INFO - Sync 3 DAGs
[2024-08-22T16:50:41.161+0500] {logging_mixin.py:190} INFO - [2024-08-22T16:50:41.161+0500] {dag.py:4138} INFO - Setting next_dagrun for example_subdag_operator to 2022-01-01 00:00:00+00:00, run_after=2022-01-01 00:00:00+00:00
[2024-08-22T16:50:41.165+0500] {logging_mixin.py:190} INFO - [2024-08-22T16:50:41.164+0500] {dag.py:4138} INFO - Setting next_dagrun for example_subdag_operator.section-1 to None, run_after=None
[2024-08-22T16:50:41.166+0500] {logging_mixin.py:190} INFO - [2024-08-22T16:50:41.166+0500] {dag.py:4138} INFO - Setting next_dagrun for example_subdag_operator.section-2 to None, run_after=None
[2024-08-22T16:50:41.172+0500] {logging_mixin.py:190} INFO - [2024-08-22T16:50:41.172+0500] {dag.py:3211} INFO - Sync 2 DAGs
[2024-08-22T16:50:41.288+0500] {logging_mixin.py:190} INFO - [2024-08-22T16:50:41.287+0500] {dag.py:4138} INFO - Setting next_dagrun for example_subdag_operator.section-1 to None, run_after=None
[2024-08-22T16:50:41.288+0500] {logging_mixin.py:190} INFO - [2024-08-22T16:50:41.288+0500] {dag.py:4138} INFO - Setting next_dagrun for example_subdag_operator.section-2 to None, run_after=None
[2024-08-22T16:50:41.309+0500] {processor.py:208} INFO - Processing /home/rayyan/redfin_venv/lib/python3.10/site-packages/airflow/example_dags/example_subdag_operator.py took 0.229 seconds
[2024-08-22T16:51:38.709+0500] {processor.py:186} INFO - Started process (PID=4839) to work on /home/rayyan/redfin_venv/lib/python3.10/site-packages/airflow/example_dags/example_subdag_operator.py
[2024-08-22T16:51:38.711+0500] {processor.py:914} INFO - Processing file /home/rayyan/redfin_venv/lib/python3.10/site-packages/airflow/example_dags/example_subdag_operator.py for tasks to queue
[2024-08-22T16:51:38.714+0500] {logging_mixin.py:190} INFO - [2024-08-22T16:51:38.713+0500] {dagbag.py:587} INFO - Filling up the DagBag from /home/rayyan/redfin_venv/lib/python3.10/site-packages/airflow/example_dags/example_subdag_operator.py
[2024-08-22T16:51:38.737+0500] {processor.py:925} INFO - DAG(s) 'example_subdag_operator.section-1', 'example_subdag_operator.section-2', 'example_subdag_operator' retrieved from /home/rayyan/redfin_venv/lib/python3.10/site-packages/airflow/example_dags/example_subdag_operator.py
[2024-08-22T16:51:38.752+0500] {logging_mixin.py:190} INFO - [2024-08-22T16:51:38.751+0500] {dag.py:3211} INFO - Sync 3 DAGs
[2024-08-22T16:51:38.769+0500] {logging_mixin.py:190} INFO - [2024-08-22T16:51:38.769+0500] {dag.py:4138} INFO - Setting next_dagrun for example_subdag_operator to 2022-01-01 00:00:00+00:00, run_after=2022-01-01 00:00:00+00:00
[2024-08-22T16:51:38.773+0500] {logging_mixin.py:190} INFO - [2024-08-22T16:51:38.773+0500] {dag.py:4138} INFO - Setting next_dagrun for example_subdag_operator.section-1 to None, run_after=None
[2024-08-22T16:51:38.774+0500] {logging_mixin.py:190} INFO - [2024-08-22T16:51:38.774+0500] {dag.py:4138} INFO - Setting next_dagrun for example_subdag_operator.section-2 to None, run_after=None
[2024-08-22T16:51:38.778+0500] {logging_mixin.py:190} INFO - [2024-08-22T16:51:38.778+0500] {dag.py:3211} INFO - Sync 2 DAGs
[2024-08-22T16:51:38.782+0500] {logging_mixin.py:190} INFO - [2024-08-22T16:51:38.782+0500] {dag.py:4138} INFO - Setting next_dagrun for example_subdag_operator.section-1 to None, run_after=None
[2024-08-22T16:51:38.783+0500] {logging_mixin.py:190} INFO - [2024-08-22T16:51:38.783+0500] {dag.py:4138} INFO - Setting next_dagrun for example_subdag_operator.section-2 to None, run_after=None
[2024-08-22T16:51:38.796+0500] {processor.py:208} INFO - Processing /home/rayyan/redfin_venv/lib/python3.10/site-packages/airflow/example_dags/example_subdag_operator.py took 0.093 seconds
[2024-08-22T16:52:39.019+0500] {processor.py:186} INFO - Started process (PID=5127) to work on /home/rayyan/redfin_venv/lib/python3.10/site-packages/airflow/example_dags/example_subdag_operator.py
[2024-08-22T16:52:39.031+0500] {processor.py:914} INFO - Processing file /home/rayyan/redfin_venv/lib/python3.10/site-packages/airflow/example_dags/example_subdag_operator.py for tasks to queue
[2024-08-22T16:52:39.035+0500] {logging_mixin.py:190} INFO - [2024-08-22T16:52:39.034+0500] {dagbag.py:587} INFO - Filling up the DagBag from /home/rayyan/redfin_venv/lib/python3.10/site-packages/airflow/example_dags/example_subdag_operator.py
[2024-08-22T16:52:39.060+0500] {processor.py:925} INFO - DAG(s) 'example_subdag_operator.section-1', 'example_subdag_operator.section-2', 'example_subdag_operator' retrieved from /home/rayyan/redfin_venv/lib/python3.10/site-packages/airflow/example_dags/example_subdag_operator.py
[2024-08-22T16:52:39.076+0500] {logging_mixin.py:190} INFO - [2024-08-22T16:52:39.076+0500] {dag.py:3211} INFO - Sync 3 DAGs
[2024-08-22T16:52:39.096+0500] {logging_mixin.py:190} INFO - [2024-08-22T16:52:39.095+0500] {dag.py:4138} INFO - Setting next_dagrun for example_subdag_operator to 2022-01-01 00:00:00+00:00, run_after=2022-01-01 00:00:00+00:00
[2024-08-22T16:52:39.099+0500] {logging_mixin.py:190} INFO - [2024-08-22T16:52:39.099+0500] {dag.py:4138} INFO - Setting next_dagrun for example_subdag_operator.section-1 to None, run_after=None
[2024-08-22T16:52:39.100+0500] {logging_mixin.py:190} INFO - [2024-08-22T16:52:39.100+0500] {dag.py:4138} INFO - Setting next_dagrun for example_subdag_operator.section-2 to None, run_after=None
[2024-08-22T16:52:39.105+0500] {logging_mixin.py:190} INFO - [2024-08-22T16:52:39.105+0500] {dag.py:3211} INFO - Sync 2 DAGs
[2024-08-22T16:52:39.108+0500] {logging_mixin.py:190} INFO - [2024-08-22T16:52:39.108+0500] {dag.py:4138} INFO - Setting next_dagrun for example_subdag_operator.section-1 to None, run_after=None
[2024-08-22T16:52:39.108+0500] {logging_mixin.py:190} INFO - [2024-08-22T16:52:39.108+0500] {dag.py:4138} INFO - Setting next_dagrun for example_subdag_operator.section-2 to None, run_after=None
[2024-08-22T16:52:39.123+0500] {processor.py:208} INFO - Processing /home/rayyan/redfin_venv/lib/python3.10/site-packages/airflow/example_dags/example_subdag_operator.py took 0.116 seconds
[2024-08-22T16:53:41.431+0500] {processor.py:186} INFO - Started process (PID=5427) to work on /home/rayyan/redfin_venv/lib/python3.10/site-packages/airflow/example_dags/example_subdag_operator.py
[2024-08-22T16:53:41.443+0500] {processor.py:914} INFO - Processing file /home/rayyan/redfin_venv/lib/python3.10/site-packages/airflow/example_dags/example_subdag_operator.py for tasks to queue
[2024-08-22T16:53:41.446+0500] {logging_mixin.py:190} INFO - [2024-08-22T16:53:41.445+0500] {dagbag.py:587} INFO - Filling up the DagBag from /home/rayyan/redfin_venv/lib/python3.10/site-packages/airflow/example_dags/example_subdag_operator.py
[2024-08-22T16:53:41.472+0500] {processor.py:925} INFO - DAG(s) 'example_subdag_operator.section-1', 'example_subdag_operator.section-2', 'example_subdag_operator' retrieved from /home/rayyan/redfin_venv/lib/python3.10/site-packages/airflow/example_dags/example_subdag_operator.py
[2024-08-22T16:53:41.487+0500] {logging_mixin.py:190} INFO - [2024-08-22T16:53:41.487+0500] {dag.py:3211} INFO - Sync 3 DAGs
[2024-08-22T16:53:41.505+0500] {logging_mixin.py:190} INFO - [2024-08-22T16:53:41.505+0500] {dag.py:4138} INFO - Setting next_dagrun for example_subdag_operator to 2022-01-01 00:00:00+00:00, run_after=2022-01-01 00:00:00+00:00
[2024-08-22T16:53:41.509+0500] {logging_mixin.py:190} INFO - [2024-08-22T16:53:41.509+0500] {dag.py:4138} INFO - Setting next_dagrun for example_subdag_operator.section-1 to None, run_after=None
[2024-08-22T16:53:41.510+0500] {logging_mixin.py:190} INFO - [2024-08-22T16:53:41.510+0500] {dag.py:4138} INFO - Setting next_dagrun for example_subdag_operator.section-2 to None, run_after=None
[2024-08-22T16:53:41.515+0500] {logging_mixin.py:190} INFO - [2024-08-22T16:53:41.515+0500] {dag.py:3211} INFO - Sync 2 DAGs
[2024-08-22T16:53:41.518+0500] {logging_mixin.py:190} INFO - [2024-08-22T16:53:41.518+0500] {dag.py:4138} INFO - Setting next_dagrun for example_subdag_operator.section-1 to None, run_after=None
[2024-08-22T16:53:41.518+0500] {logging_mixin.py:190} INFO - [2024-08-22T16:53:41.518+0500] {dag.py:4138} INFO - Setting next_dagrun for example_subdag_operator.section-2 to None, run_after=None
[2024-08-22T16:53:41.534+0500] {processor.py:208} INFO - Processing /home/rayyan/redfin_venv/lib/python3.10/site-packages/airflow/example_dags/example_subdag_operator.py took 0.112 seconds
[2024-08-22T16:54:42.723+0500] {processor.py:186} INFO - Started process (PID=5724) to work on /home/rayyan/redfin_venv/lib/python3.10/site-packages/airflow/example_dags/example_subdag_operator.py
[2024-08-22T16:54:42.724+0500] {processor.py:914} INFO - Processing file /home/rayyan/redfin_venv/lib/python3.10/site-packages/airflow/example_dags/example_subdag_operator.py for tasks to queue
[2024-08-22T16:54:42.726+0500] {logging_mixin.py:190} INFO - [2024-08-22T16:54:42.726+0500] {dagbag.py:587} INFO - Filling up the DagBag from /home/rayyan/redfin_venv/lib/python3.10/site-packages/airflow/example_dags/example_subdag_operator.py
[2024-08-22T16:54:42.747+0500] {processor.py:925} INFO - DAG(s) 'example_subdag_operator.section-1', 'example_subdag_operator.section-2', 'example_subdag_operator' retrieved from /home/rayyan/redfin_venv/lib/python3.10/site-packages/airflow/example_dags/example_subdag_operator.py
[2024-08-22T16:54:42.763+0500] {logging_mixin.py:190} INFO - [2024-08-22T16:54:42.763+0500] {dag.py:3211} INFO - Sync 3 DAGs
[2024-08-22T16:54:42.783+0500] {logging_mixin.py:190} INFO - [2024-08-22T16:54:42.782+0500] {dag.py:4138} INFO - Setting next_dagrun for example_subdag_operator to 2022-01-01 00:00:00+00:00, run_after=2022-01-01 00:00:00+00:00
[2024-08-22T16:54:42.786+0500] {logging_mixin.py:190} INFO - [2024-08-22T16:54:42.786+0500] {dag.py:4138} INFO - Setting next_dagrun for example_subdag_operator.section-1 to None, run_after=None
[2024-08-22T16:54:42.787+0500] {logging_mixin.py:190} INFO - [2024-08-22T16:54:42.787+0500] {dag.py:4138} INFO - Setting next_dagrun for example_subdag_operator.section-2 to None, run_after=None
[2024-08-22T16:54:42.792+0500] {logging_mixin.py:190} INFO - [2024-08-22T16:54:42.792+0500] {dag.py:3211} INFO - Sync 2 DAGs
[2024-08-22T16:54:42.795+0500] {logging_mixin.py:190} INFO - [2024-08-22T16:54:42.795+0500] {dag.py:4138} INFO - Setting next_dagrun for example_subdag_operator.section-1 to None, run_after=None
[2024-08-22T16:54:42.796+0500] {logging_mixin.py:190} INFO - [2024-08-22T16:54:42.796+0500] {dag.py:4138} INFO - Setting next_dagrun for example_subdag_operator.section-2 to None, run_after=None
[2024-08-22T16:54:42.809+0500] {processor.py:208} INFO - Processing /home/rayyan/redfin_venv/lib/python3.10/site-packages/airflow/example_dags/example_subdag_operator.py took 0.092 seconds
[2024-08-22T16:55:44.948+0500] {processor.py:186} INFO - Started process (PID=6025) to work on /home/rayyan/redfin_venv/lib/python3.10/site-packages/airflow/example_dags/example_subdag_operator.py
[2024-08-22T16:55:44.949+0500] {processor.py:914} INFO - Processing file /home/rayyan/redfin_venv/lib/python3.10/site-packages/airflow/example_dags/example_subdag_operator.py for tasks to queue
[2024-08-22T16:55:44.952+0500] {logging_mixin.py:190} INFO - [2024-08-22T16:55:44.951+0500] {dagbag.py:587} INFO - Filling up the DagBag from /home/rayyan/redfin_venv/lib/python3.10/site-packages/airflow/example_dags/example_subdag_operator.py
[2024-08-22T16:55:44.993+0500] {processor.py:925} INFO - DAG(s) 'example_subdag_operator.section-1', 'example_subdag_operator.section-2', 'example_subdag_operator' retrieved from /home/rayyan/redfin_venv/lib/python3.10/site-packages/airflow/example_dags/example_subdag_operator.py
[2024-08-22T16:55:45.016+0500] {logging_mixin.py:190} INFO - [2024-08-22T16:55:45.015+0500] {dag.py:3211} INFO - Sync 3 DAGs
[2024-08-22T16:55:45.055+0500] {logging_mixin.py:190} INFO - [2024-08-22T16:55:45.055+0500] {dag.py:4138} INFO - Setting next_dagrun for example_subdag_operator to 2022-01-01 00:00:00+00:00, run_after=2022-01-01 00:00:00+00:00
[2024-08-22T16:55:45.061+0500] {logging_mixin.py:190} INFO - [2024-08-22T16:55:45.061+0500] {dag.py:4138} INFO - Setting next_dagrun for example_subdag_operator.section-1 to None, run_after=None
[2024-08-22T16:55:45.063+0500] {logging_mixin.py:190} INFO - [2024-08-22T16:55:45.063+0500] {dag.py:4138} INFO - Setting next_dagrun for example_subdag_operator.section-2 to None, run_after=None
[2024-08-22T16:55:45.072+0500] {logging_mixin.py:190} INFO - [2024-08-22T16:55:45.072+0500] {dag.py:3211} INFO - Sync 2 DAGs
[2024-08-22T16:55:45.078+0500] {logging_mixin.py:190} INFO - [2024-08-22T16:55:45.078+0500] {dag.py:4138} INFO - Setting next_dagrun for example_subdag_operator.section-1 to None, run_after=None
[2024-08-22T16:55:45.078+0500] {logging_mixin.py:190} INFO - [2024-08-22T16:55:45.078+0500] {dag.py:4138} INFO - Setting next_dagrun for example_subdag_operator.section-2 to None, run_after=None
[2024-08-22T16:55:45.113+0500] {processor.py:208} INFO - Processing /home/rayyan/redfin_venv/lib/python3.10/site-packages/airflow/example_dags/example_subdag_operator.py took 0.173 seconds
[2024-08-22T16:56:52.120+0500] {processor.py:186} INFO - Started process (PID=6346) to work on /home/rayyan/redfin_venv/lib/python3.10/site-packages/airflow/example_dags/example_subdag_operator.py
[2024-08-22T16:56:52.132+0500] {processor.py:914} INFO - Processing file /home/rayyan/redfin_venv/lib/python3.10/site-packages/airflow/example_dags/example_subdag_operator.py for tasks to queue
[2024-08-22T16:56:52.135+0500] {logging_mixin.py:190} INFO - [2024-08-22T16:56:52.135+0500] {dagbag.py:587} INFO - Filling up the DagBag from /home/rayyan/redfin_venv/lib/python3.10/site-packages/airflow/example_dags/example_subdag_operator.py
[2024-08-22T16:56:52.158+0500] {processor.py:925} INFO - DAG(s) 'example_subdag_operator.section-1', 'example_subdag_operator.section-2', 'example_subdag_operator' retrieved from /home/rayyan/redfin_venv/lib/python3.10/site-packages/airflow/example_dags/example_subdag_operator.py
[2024-08-22T16:56:52.173+0500] {logging_mixin.py:190} INFO - [2024-08-22T16:56:52.172+0500] {dag.py:3211} INFO - Sync 3 DAGs
[2024-08-22T16:56:52.191+0500] {logging_mixin.py:190} INFO - [2024-08-22T16:56:52.190+0500] {dag.py:4138} INFO - Setting next_dagrun for example_subdag_operator to 2022-01-01 00:00:00+00:00, run_after=2022-01-01 00:00:00+00:00
[2024-08-22T16:56:52.193+0500] {logging_mixin.py:190} INFO - [2024-08-22T16:56:52.193+0500] {dag.py:4138} INFO - Setting next_dagrun for example_subdag_operator.section-1 to None, run_after=None
[2024-08-22T16:56:52.194+0500] {logging_mixin.py:190} INFO - [2024-08-22T16:56:52.194+0500] {dag.py:4138} INFO - Setting next_dagrun for example_subdag_operator.section-2 to None, run_after=None
[2024-08-22T16:56:52.200+0500] {logging_mixin.py:190} INFO - [2024-08-22T16:56:52.199+0500] {dag.py:3211} INFO - Sync 2 DAGs
[2024-08-22T16:56:52.203+0500] {logging_mixin.py:190} INFO - [2024-08-22T16:56:52.203+0500] {dag.py:4138} INFO - Setting next_dagrun for example_subdag_operator.section-1 to None, run_after=None
[2024-08-22T16:56:52.204+0500] {logging_mixin.py:190} INFO - [2024-08-22T16:56:52.204+0500] {dag.py:4138} INFO - Setting next_dagrun for example_subdag_operator.section-2 to None, run_after=None
[2024-08-22T16:56:52.218+0500] {processor.py:208} INFO - Processing /home/rayyan/redfin_venv/lib/python3.10/site-packages/airflow/example_dags/example_subdag_operator.py took 0.106 seconds
[2024-08-22T16:57:54.957+0500] {processor.py:186} INFO - Started process (PID=6649) to work on /home/rayyan/redfin_venv/lib/python3.10/site-packages/airflow/example_dags/example_subdag_operator.py
[2024-08-22T16:57:54.959+0500] {processor.py:914} INFO - Processing file /home/rayyan/redfin_venv/lib/python3.10/site-packages/airflow/example_dags/example_subdag_operator.py for tasks to queue
[2024-08-22T16:57:54.963+0500] {logging_mixin.py:190} INFO - [2024-08-22T16:57:54.962+0500] {dagbag.py:587} INFO - Filling up the DagBag from /home/rayyan/redfin_venv/lib/python3.10/site-packages/airflow/example_dags/example_subdag_operator.py
[2024-08-22T16:57:55.019+0500] {processor.py:925} INFO - DAG(s) 'example_subdag_operator.section-1', 'example_subdag_operator.section-2', 'example_subdag_operator' retrieved from /home/rayyan/redfin_venv/lib/python3.10/site-packages/airflow/example_dags/example_subdag_operator.py
[2024-08-22T16:57:55.051+0500] {logging_mixin.py:190} INFO - [2024-08-22T16:57:55.050+0500] {dag.py:3211} INFO - Sync 3 DAGs
[2024-08-22T16:57:55.099+0500] {logging_mixin.py:190} INFO - [2024-08-22T16:57:55.099+0500] {dag.py:4138} INFO - Setting next_dagrun for example_subdag_operator to 2022-01-01 00:00:00+00:00, run_after=2022-01-01 00:00:00+00:00
[2024-08-22T16:57:55.106+0500] {logging_mixin.py:190} INFO - [2024-08-22T16:57:55.106+0500] {dag.py:4138} INFO - Setting next_dagrun for example_subdag_operator.section-1 to None, run_after=None
[2024-08-22T16:57:55.108+0500] {logging_mixin.py:190} INFO - [2024-08-22T16:57:55.108+0500] {dag.py:4138} INFO - Setting next_dagrun for example_subdag_operator.section-2 to None, run_after=None
[2024-08-22T16:57:55.118+0500] {logging_mixin.py:190} INFO - [2024-08-22T16:57:55.118+0500] {dag.py:3211} INFO - Sync 2 DAGs
[2024-08-22T16:57:55.124+0500] {logging_mixin.py:190} INFO - [2024-08-22T16:57:55.124+0500] {dag.py:4138} INFO - Setting next_dagrun for example_subdag_operator.section-1 to None, run_after=None
[2024-08-22T16:57:55.125+0500] {logging_mixin.py:190} INFO - [2024-08-22T16:57:55.124+0500] {dag.py:4138} INFO - Setting next_dagrun for example_subdag_operator.section-2 to None, run_after=None
[2024-08-22T16:57:55.141+0500] {processor.py:208} INFO - Processing /home/rayyan/redfin_venv/lib/python3.10/site-packages/airflow/example_dags/example_subdag_operator.py took 0.201 seconds
[2024-08-22T16:59:05.319+0500] {processor.py:186} INFO - Started process (PID=6993) to work on /home/rayyan/redfin_venv/lib/python3.10/site-packages/airflow/example_dags/example_subdag_operator.py
[2024-08-22T16:59:05.320+0500] {processor.py:914} INFO - Processing file /home/rayyan/redfin_venv/lib/python3.10/site-packages/airflow/example_dags/example_subdag_operator.py for tasks to queue
[2024-08-22T16:59:05.323+0500] {logging_mixin.py:190} INFO - [2024-08-22T16:59:05.323+0500] {dagbag.py:587} INFO - Filling up the DagBag from /home/rayyan/redfin_venv/lib/python3.10/site-packages/airflow/example_dags/example_subdag_operator.py
[2024-08-22T16:59:05.346+0500] {processor.py:925} INFO - DAG(s) 'example_subdag_operator.section-1', 'example_subdag_operator.section-2', 'example_subdag_operator' retrieved from /home/rayyan/redfin_venv/lib/python3.10/site-packages/airflow/example_dags/example_subdag_operator.py
[2024-08-22T16:59:05.364+0500] {logging_mixin.py:190} INFO - [2024-08-22T16:59:05.364+0500] {dag.py:3211} INFO - Sync 3 DAGs
[2024-08-22T16:59:05.495+0500] {logging_mixin.py:190} INFO - [2024-08-22T16:59:05.495+0500] {dag.py:4138} INFO - Setting next_dagrun for example_subdag_operator to 2022-01-01 00:00:00+00:00, run_after=2022-01-01 00:00:00+00:00
[2024-08-22T16:59:05.499+0500] {logging_mixin.py:190} INFO - [2024-08-22T16:59:05.499+0500] {dag.py:4138} INFO - Setting next_dagrun for example_subdag_operator.section-1 to None, run_after=None
[2024-08-22T16:59:05.500+0500] {logging_mixin.py:190} INFO - [2024-08-22T16:59:05.500+0500] {dag.py:4138} INFO - Setting next_dagrun for example_subdag_operator.section-2 to None, run_after=None
[2024-08-22T16:59:05.506+0500] {logging_mixin.py:190} INFO - [2024-08-22T16:59:05.506+0500] {dag.py:3211} INFO - Sync 2 DAGs
[2024-08-22T16:59:05.511+0500] {logging_mixin.py:190} INFO - [2024-08-22T16:59:05.511+0500] {dag.py:4138} INFO - Setting next_dagrun for example_subdag_operator.section-1 to None, run_after=None
[2024-08-22T16:59:05.511+0500] {logging_mixin.py:190} INFO - [2024-08-22T16:59:05.511+0500] {dag.py:4138} INFO - Setting next_dagrun for example_subdag_operator.section-2 to None, run_after=None
[2024-08-22T16:59:05.527+0500] {processor.py:208} INFO - Processing /home/rayyan/redfin_venv/lib/python3.10/site-packages/airflow/example_dags/example_subdag_operator.py took 0.218 seconds
[2024-08-22T17:00:04.601+0500] {processor.py:186} INFO - Started process (PID=7977) to work on /home/rayyan/redfin_venv/lib/python3.10/site-packages/airflow/example_dags/example_subdag_operator.py
[2024-08-22T17:00:04.613+0500] {processor.py:914} INFO - Processing file /home/rayyan/redfin_venv/lib/python3.10/site-packages/airflow/example_dags/example_subdag_operator.py for tasks to queue
[2024-08-22T17:00:04.616+0500] {logging_mixin.py:190} INFO - [2024-08-22T17:00:04.615+0500] {dagbag.py:587} INFO - Filling up the DagBag from /home/rayyan/redfin_venv/lib/python3.10/site-packages/airflow/example_dags/example_subdag_operator.py
[2024-08-22T17:00:04.650+0500] {processor.py:925} INFO - DAG(s) 'example_subdag_operator.section-1', 'example_subdag_operator.section-2', 'example_subdag_operator' retrieved from /home/rayyan/redfin_venv/lib/python3.10/site-packages/airflow/example_dags/example_subdag_operator.py
[2024-08-22T17:00:04.675+0500] {logging_mixin.py:190} INFO - [2024-08-22T17:00:04.675+0500] {dag.py:3211} INFO - Sync 3 DAGs
[2024-08-22T17:00:04.702+0500] {logging_mixin.py:190} INFO - [2024-08-22T17:00:04.701+0500] {dag.py:4138} INFO - Setting next_dagrun for example_subdag_operator to 2022-01-01 00:00:00+00:00, run_after=2022-01-01 00:00:00+00:00
[2024-08-22T17:00:04.707+0500] {logging_mixin.py:190} INFO - [2024-08-22T17:00:04.707+0500] {dag.py:4138} INFO - Setting next_dagrun for example_subdag_operator.section-1 to None, run_after=None
[2024-08-22T17:00:04.708+0500] {logging_mixin.py:190} INFO - [2024-08-22T17:00:04.708+0500] {dag.py:4138} INFO - Setting next_dagrun for example_subdag_operator.section-2 to None, run_after=None
[2024-08-22T17:00:04.715+0500] {logging_mixin.py:190} INFO - [2024-08-22T17:00:04.714+0500] {dag.py:3211} INFO - Sync 2 DAGs
[2024-08-22T17:00:04.719+0500] {logging_mixin.py:190} INFO - [2024-08-22T17:00:04.719+0500] {dag.py:4138} INFO - Setting next_dagrun for example_subdag_operator.section-1 to None, run_after=None
[2024-08-22T17:00:04.720+0500] {logging_mixin.py:190} INFO - [2024-08-22T17:00:04.719+0500] {dag.py:4138} INFO - Setting next_dagrun for example_subdag_operator.section-2 to None, run_after=None
[2024-08-22T17:00:04.741+0500] {processor.py:208} INFO - Processing /home/rayyan/redfin_venv/lib/python3.10/site-packages/airflow/example_dags/example_subdag_operator.py took 0.148 seconds
[2024-08-22T17:01:10.032+0500] {processor.py:186} INFO - Started process (PID=10383) to work on /home/rayyan/redfin_venv/lib/python3.10/site-packages/airflow/example_dags/example_subdag_operator.py
[2024-08-22T17:01:10.035+0500] {processor.py:914} INFO - Processing file /home/rayyan/redfin_venv/lib/python3.10/site-packages/airflow/example_dags/example_subdag_operator.py for tasks to queue
[2024-08-22T17:01:10.040+0500] {logging_mixin.py:190} INFO - [2024-08-22T17:01:10.039+0500] {dagbag.py:587} INFO - Filling up the DagBag from /home/rayyan/redfin_venv/lib/python3.10/site-packages/airflow/example_dags/example_subdag_operator.py
[2024-08-22T17:01:10.108+0500] {processor.py:925} INFO - DAG(s) 'example_subdag_operator.section-1', 'example_subdag_operator.section-2', 'example_subdag_operator' retrieved from /home/rayyan/redfin_venv/lib/python3.10/site-packages/airflow/example_dags/example_subdag_operator.py
[2024-08-22T17:01:10.144+0500] {logging_mixin.py:190} INFO - [2024-08-22T17:01:10.143+0500] {dag.py:3211} INFO - Sync 3 DAGs
[2024-08-22T17:01:10.196+0500] {logging_mixin.py:190} INFO - [2024-08-22T17:01:10.195+0500] {dag.py:4138} INFO - Setting next_dagrun for example_subdag_operator to 2022-01-01 00:00:00+00:00, run_after=2022-01-01 00:00:00+00:00
[2024-08-22T17:01:10.203+0500] {logging_mixin.py:190} INFO - [2024-08-22T17:01:10.203+0500] {dag.py:4138} INFO - Setting next_dagrun for example_subdag_operator.section-1 to None, run_after=None
[2024-08-22T17:01:10.205+0500] {logging_mixin.py:190} INFO - [2024-08-22T17:01:10.205+0500] {dag.py:4138} INFO - Setting next_dagrun for example_subdag_operator.section-2 to None, run_after=None
[2024-08-22T17:01:10.226+0500] {logging_mixin.py:190} INFO - [2024-08-22T17:01:10.226+0500] {dag.py:3211} INFO - Sync 2 DAGs
[2024-08-22T17:01:10.241+0500] {logging_mixin.py:190} INFO - [2024-08-22T17:01:10.240+0500] {dag.py:4138} INFO - Setting next_dagrun for example_subdag_operator.section-1 to None, run_after=None
[2024-08-22T17:01:10.241+0500] {logging_mixin.py:190} INFO - [2024-08-22T17:01:10.241+0500] {dag.py:4138} INFO - Setting next_dagrun for example_subdag_operator.section-2 to None, run_after=None
[2024-08-22T17:01:10.283+0500] {processor.py:208} INFO - Processing /home/rayyan/redfin_venv/lib/python3.10/site-packages/airflow/example_dags/example_subdag_operator.py took 0.271 seconds
[2024-08-22T17:02:22.425+0500] {processor.py:186} INFO - Started process (PID=12768) to work on /home/rayyan/redfin_venv/lib/python3.10/site-packages/airflow/example_dags/example_subdag_operator.py
[2024-08-22T17:02:22.437+0500] {processor.py:914} INFO - Processing file /home/rayyan/redfin_venv/lib/python3.10/site-packages/airflow/example_dags/example_subdag_operator.py for tasks to queue
[2024-08-22T17:02:22.441+0500] {logging_mixin.py:190} INFO - [2024-08-22T17:02:22.440+0500] {dagbag.py:587} INFO - Filling up the DagBag from /home/rayyan/redfin_venv/lib/python3.10/site-packages/airflow/example_dags/example_subdag_operator.py
[2024-08-22T17:02:22.477+0500] {processor.py:925} INFO - DAG(s) 'example_subdag_operator.section-1', 'example_subdag_operator.section-2', 'example_subdag_operator' retrieved from /home/rayyan/redfin_venv/lib/python3.10/site-packages/airflow/example_dags/example_subdag_operator.py
[2024-08-22T17:02:22.498+0500] {logging_mixin.py:190} INFO - [2024-08-22T17:02:22.497+0500] {dag.py:3211} INFO - Sync 3 DAGs
[2024-08-22T17:02:22.527+0500] {logging_mixin.py:190} INFO - [2024-08-22T17:02:22.527+0500] {dag.py:4138} INFO - Setting next_dagrun for example_subdag_operator to 2022-01-01 00:00:00+00:00, run_after=2022-01-01 00:00:00+00:00
[2024-08-22T17:02:22.530+0500] {logging_mixin.py:190} INFO - [2024-08-22T17:02:22.530+0500] {dag.py:4138} INFO - Setting next_dagrun for example_subdag_operator.section-1 to None, run_after=None
[2024-08-22T17:02:22.532+0500] {logging_mixin.py:190} INFO - [2024-08-22T17:02:22.531+0500] {dag.py:4138} INFO - Setting next_dagrun for example_subdag_operator.section-2 to None, run_after=None
[2024-08-22T17:02:22.546+0500] {logging_mixin.py:190} INFO - [2024-08-22T17:02:22.546+0500] {dag.py:3211} INFO - Sync 2 DAGs
[2024-08-22T17:02:22.554+0500] {logging_mixin.py:190} INFO - [2024-08-22T17:02:22.554+0500] {dag.py:4138} INFO - Setting next_dagrun for example_subdag_operator.section-1 to None, run_after=None
[2024-08-22T17:02:22.554+0500] {logging_mixin.py:190} INFO - [2024-08-22T17:02:22.554+0500] {dag.py:4138} INFO - Setting next_dagrun for example_subdag_operator.section-2 to None, run_after=None
[2024-08-22T17:02:22.575+0500] {processor.py:208} INFO - Processing /home/rayyan/redfin_venv/lib/python3.10/site-packages/airflow/example_dags/example_subdag_operator.py took 0.160 seconds
[2024-08-22T17:03:22.767+0500] {processor.py:186} INFO - Started process (PID=13062) to work on /home/rayyan/redfin_venv/lib/python3.10/site-packages/airflow/example_dags/example_subdag_operator.py
[2024-08-22T17:03:22.771+0500] {processor.py:914} INFO - Processing file /home/rayyan/redfin_venv/lib/python3.10/site-packages/airflow/example_dags/example_subdag_operator.py for tasks to queue
[2024-08-22T17:03:22.774+0500] {logging_mixin.py:190} INFO - [2024-08-22T17:03:22.773+0500] {dagbag.py:587} INFO - Filling up the DagBag from /home/rayyan/redfin_venv/lib/python3.10/site-packages/airflow/example_dags/example_subdag_operator.py
[2024-08-22T17:03:22.800+0500] {processor.py:925} INFO - DAG(s) 'example_subdag_operator.section-1', 'example_subdag_operator.section-2', 'example_subdag_operator' retrieved from /home/rayyan/redfin_venv/lib/python3.10/site-packages/airflow/example_dags/example_subdag_operator.py
[2024-08-22T17:03:22.816+0500] {logging_mixin.py:190} INFO - [2024-08-22T17:03:22.815+0500] {dag.py:3211} INFO - Sync 3 DAGs
[2024-08-22T17:03:22.837+0500] {logging_mixin.py:190} INFO - [2024-08-22T17:03:22.836+0500] {dag.py:4138} INFO - Setting next_dagrun for example_subdag_operator to 2022-01-01 00:00:00+00:00, run_after=2022-01-01 00:00:00+00:00
[2024-08-22T17:03:22.841+0500] {logging_mixin.py:190} INFO - [2024-08-22T17:03:22.841+0500] {dag.py:4138} INFO - Setting next_dagrun for example_subdag_operator.section-1 to None, run_after=None
[2024-08-22T17:03:22.842+0500] {logging_mixin.py:190} INFO - [2024-08-22T17:03:22.842+0500] {dag.py:4138} INFO - Setting next_dagrun for example_subdag_operator.section-2 to None, run_after=None
[2024-08-22T17:03:22.847+0500] {logging_mixin.py:190} INFO - [2024-08-22T17:03:22.847+0500] {dag.py:3211} INFO - Sync 2 DAGs
[2024-08-22T17:03:22.851+0500] {logging_mixin.py:190} INFO - [2024-08-22T17:03:22.851+0500] {dag.py:4138} INFO - Setting next_dagrun for example_subdag_operator.section-1 to None, run_after=None
[2024-08-22T17:03:22.851+0500] {logging_mixin.py:190} INFO - [2024-08-22T17:03:22.851+0500] {dag.py:4138} INFO - Setting next_dagrun for example_subdag_operator.section-2 to None, run_after=None
[2024-08-22T17:03:22.868+0500] {processor.py:208} INFO - Processing /home/rayyan/redfin_venv/lib/python3.10/site-packages/airflow/example_dags/example_subdag_operator.py took 0.108 seconds
[2024-08-22T17:04:22.501+0500] {processor.py:186} INFO - Started process (PID=13349) to work on /home/rayyan/redfin_venv/lib/python3.10/site-packages/airflow/example_dags/example_subdag_operator.py
[2024-08-22T17:04:22.513+0500] {processor.py:914} INFO - Processing file /home/rayyan/redfin_venv/lib/python3.10/site-packages/airflow/example_dags/example_subdag_operator.py for tasks to queue
[2024-08-22T17:04:22.516+0500] {logging_mixin.py:190} INFO - [2024-08-22T17:04:22.516+0500] {dagbag.py:587} INFO - Filling up the DagBag from /home/rayyan/redfin_venv/lib/python3.10/site-packages/airflow/example_dags/example_subdag_operator.py
[2024-08-22T17:04:22.546+0500] {processor.py:925} INFO - DAG(s) 'example_subdag_operator.section-1', 'example_subdag_operator.section-2', 'example_subdag_operator' retrieved from /home/rayyan/redfin_venv/lib/python3.10/site-packages/airflow/example_dags/example_subdag_operator.py
[2024-08-22T17:04:22.562+0500] {logging_mixin.py:190} INFO - [2024-08-22T17:04:22.562+0500] {dag.py:3211} INFO - Sync 3 DAGs
[2024-08-22T17:04:22.581+0500] {logging_mixin.py:190} INFO - [2024-08-22T17:04:22.581+0500] {dag.py:4138} INFO - Setting next_dagrun for example_subdag_operator to 2022-01-01 00:00:00+00:00, run_after=2022-01-01 00:00:00+00:00
[2024-08-22T17:04:22.585+0500] {logging_mixin.py:190} INFO - [2024-08-22T17:04:22.584+0500] {dag.py:4138} INFO - Setting next_dagrun for example_subdag_operator.section-1 to None, run_after=None
[2024-08-22T17:04:22.585+0500] {logging_mixin.py:190} INFO - [2024-08-22T17:04:22.585+0500] {dag.py:4138} INFO - Setting next_dagrun for example_subdag_operator.section-2 to None, run_after=None
[2024-08-22T17:04:22.591+0500] {logging_mixin.py:190} INFO - [2024-08-22T17:04:22.590+0500] {dag.py:3211} INFO - Sync 2 DAGs
[2024-08-22T17:04:22.594+0500] {logging_mixin.py:190} INFO - [2024-08-22T17:04:22.594+0500] {dag.py:4138} INFO - Setting next_dagrun for example_subdag_operator.section-1 to None, run_after=None
[2024-08-22T17:04:22.594+0500] {logging_mixin.py:190} INFO - [2024-08-22T17:04:22.594+0500] {dag.py:4138} INFO - Setting next_dagrun for example_subdag_operator.section-2 to None, run_after=None
[2024-08-22T17:04:22.608+0500] {processor.py:208} INFO - Processing /home/rayyan/redfin_venv/lib/python3.10/site-packages/airflow/example_dags/example_subdag_operator.py took 0.118 seconds
[2024-08-22T17:05:16.949+0500] {processor.py:186} INFO - Started process (PID=13616) to work on /home/rayyan/redfin_venv/lib/python3.10/site-packages/airflow/example_dags/example_subdag_operator.py
[2024-08-22T17:05:16.961+0500] {processor.py:914} INFO - Processing file /home/rayyan/redfin_venv/lib/python3.10/site-packages/airflow/example_dags/example_subdag_operator.py for tasks to queue
[2024-08-22T17:05:16.964+0500] {logging_mixin.py:190} INFO - [2024-08-22T17:05:16.963+0500] {dagbag.py:587} INFO - Filling up the DagBag from /home/rayyan/redfin_venv/lib/python3.10/site-packages/airflow/example_dags/example_subdag_operator.py
[2024-08-22T17:05:16.987+0500] {processor.py:925} INFO - DAG(s) 'example_subdag_operator.section-1', 'example_subdag_operator.section-2', 'example_subdag_operator' retrieved from /home/rayyan/redfin_venv/lib/python3.10/site-packages/airflow/example_dags/example_subdag_operator.py
[2024-08-22T17:05:17.002+0500] {logging_mixin.py:190} INFO - [2024-08-22T17:05:17.002+0500] {dag.py:3211} INFO - Sync 3 DAGs
[2024-08-22T17:05:17.024+0500] {logging_mixin.py:190} INFO - [2024-08-22T17:05:17.023+0500] {dag.py:4138} INFO - Setting next_dagrun for example_subdag_operator to 2022-01-01 00:00:00+00:00, run_after=2022-01-01 00:00:00+00:00
[2024-08-22T17:05:17.028+0500] {logging_mixin.py:190} INFO - [2024-08-22T17:05:17.028+0500] {dag.py:4138} INFO - Setting next_dagrun for example_subdag_operator.section-1 to None, run_after=None
[2024-08-22T17:05:17.029+0500] {logging_mixin.py:190} INFO - [2024-08-22T17:05:17.029+0500] {dag.py:4138} INFO - Setting next_dagrun for example_subdag_operator.section-2 to None, run_after=None
[2024-08-22T17:05:17.036+0500] {logging_mixin.py:190} INFO - [2024-08-22T17:05:17.035+0500] {dag.py:3211} INFO - Sync 2 DAGs
[2024-08-22T17:05:17.040+0500] {logging_mixin.py:190} INFO - [2024-08-22T17:05:17.039+0500] {dag.py:4138} INFO - Setting next_dagrun for example_subdag_operator.section-1 to None, run_after=None
[2024-08-22T17:05:17.040+0500] {logging_mixin.py:190} INFO - [2024-08-22T17:05:17.040+0500] {dag.py:4138} INFO - Setting next_dagrun for example_subdag_operator.section-2 to None, run_after=None
[2024-08-22T17:05:17.055+0500] {processor.py:208} INFO - Processing /home/rayyan/redfin_venv/lib/python3.10/site-packages/airflow/example_dags/example_subdag_operator.py took 0.116 seconds
[2024-08-22T17:06:12.136+0500] {processor.py:186} INFO - Started process (PID=13884) to work on /home/rayyan/redfin_venv/lib/python3.10/site-packages/airflow/example_dags/example_subdag_operator.py
[2024-08-22T17:06:12.148+0500] {processor.py:914} INFO - Processing file /home/rayyan/redfin_venv/lib/python3.10/site-packages/airflow/example_dags/example_subdag_operator.py for tasks to queue
[2024-08-22T17:06:12.151+0500] {logging_mixin.py:190} INFO - [2024-08-22T17:06:12.150+0500] {dagbag.py:587} INFO - Filling up the DagBag from /home/rayyan/redfin_venv/lib/python3.10/site-packages/airflow/example_dags/example_subdag_operator.py
[2024-08-22T17:06:12.174+0500] {processor.py:925} INFO - DAG(s) 'example_subdag_operator.section-1', 'example_subdag_operator.section-2', 'example_subdag_operator' retrieved from /home/rayyan/redfin_venv/lib/python3.10/site-packages/airflow/example_dags/example_subdag_operator.py
[2024-08-22T17:06:12.189+0500] {logging_mixin.py:190} INFO - [2024-08-22T17:06:12.188+0500] {dag.py:3211} INFO - Sync 3 DAGs
[2024-08-22T17:06:12.207+0500] {logging_mixin.py:190} INFO - [2024-08-22T17:06:12.206+0500] {dag.py:4138} INFO - Setting next_dagrun for example_subdag_operator to 2022-01-01 00:00:00+00:00, run_after=2022-01-01 00:00:00+00:00
[2024-08-22T17:06:12.209+0500] {logging_mixin.py:190} INFO - [2024-08-22T17:06:12.209+0500] {dag.py:4138} INFO - Setting next_dagrun for example_subdag_operator.section-1 to None, run_after=None
[2024-08-22T17:06:12.210+0500] {logging_mixin.py:190} INFO - [2024-08-22T17:06:12.210+0500] {dag.py:4138} INFO - Setting next_dagrun for example_subdag_operator.section-2 to None, run_after=None
[2024-08-22T17:06:12.216+0500] {logging_mixin.py:190} INFO - [2024-08-22T17:06:12.216+0500] {dag.py:3211} INFO - Sync 2 DAGs
[2024-08-22T17:06:12.220+0500] {logging_mixin.py:190} INFO - [2024-08-22T17:06:12.219+0500] {dag.py:4138} INFO - Setting next_dagrun for example_subdag_operator.section-1 to None, run_after=None
[2024-08-22T17:06:12.220+0500] {logging_mixin.py:190} INFO - [2024-08-22T17:06:12.220+0500] {dag.py:4138} INFO - Setting next_dagrun for example_subdag_operator.section-2 to None, run_after=None
[2024-08-22T17:06:12.234+0500] {processor.py:208} INFO - Processing /home/rayyan/redfin_venv/lib/python3.10/site-packages/airflow/example_dags/example_subdag_operator.py took 0.107 seconds
[2024-08-22T17:07:13.203+0500] {processor.py:186} INFO - Started process (PID=14183) to work on /home/rayyan/redfin_venv/lib/python3.10/site-packages/airflow/example_dags/example_subdag_operator.py
[2024-08-22T17:07:13.216+0500] {processor.py:914} INFO - Processing file /home/rayyan/redfin_venv/lib/python3.10/site-packages/airflow/example_dags/example_subdag_operator.py for tasks to queue
[2024-08-22T17:07:13.219+0500] {logging_mixin.py:190} INFO - [2024-08-22T17:07:13.218+0500] {dagbag.py:587} INFO - Filling up the DagBag from /home/rayyan/redfin_venv/lib/python3.10/site-packages/airflow/example_dags/example_subdag_operator.py
[2024-08-22T17:07:13.243+0500] {processor.py:925} INFO - DAG(s) 'example_subdag_operator.section-1', 'example_subdag_operator.section-2', 'example_subdag_operator' retrieved from /home/rayyan/redfin_venv/lib/python3.10/site-packages/airflow/example_dags/example_subdag_operator.py
[2024-08-22T17:07:13.258+0500] {logging_mixin.py:190} INFO - [2024-08-22T17:07:13.258+0500] {dag.py:3211} INFO - Sync 3 DAGs
[2024-08-22T17:07:13.276+0500] {logging_mixin.py:190} INFO - [2024-08-22T17:07:13.276+0500] {dag.py:4138} INFO - Setting next_dagrun for example_subdag_operator to 2022-01-01 00:00:00+00:00, run_after=2022-01-01 00:00:00+00:00
[2024-08-22T17:07:13.279+0500] {logging_mixin.py:190} INFO - [2024-08-22T17:07:13.279+0500] {dag.py:4138} INFO - Setting next_dagrun for example_subdag_operator.section-1 to None, run_after=None
[2024-08-22T17:07:13.280+0500] {logging_mixin.py:190} INFO - [2024-08-22T17:07:13.280+0500] {dag.py:4138} INFO - Setting next_dagrun for example_subdag_operator.section-2 to None, run_after=None
[2024-08-22T17:07:13.285+0500] {logging_mixin.py:190} INFO - [2024-08-22T17:07:13.285+0500] {dag.py:3211} INFO - Sync 2 DAGs
[2024-08-22T17:07:13.288+0500] {logging_mixin.py:190} INFO - [2024-08-22T17:07:13.288+0500] {dag.py:4138} INFO - Setting next_dagrun for example_subdag_operator.section-1 to None, run_after=None
[2024-08-22T17:07:13.288+0500] {logging_mixin.py:190} INFO - [2024-08-22T17:07:13.288+0500] {dag.py:4138} INFO - Setting next_dagrun for example_subdag_operator.section-2 to None, run_after=None
[2024-08-22T17:07:13.303+0500] {processor.py:208} INFO - Processing /home/rayyan/redfin_venv/lib/python3.10/site-packages/airflow/example_dags/example_subdag_operator.py took 0.107 seconds
