[2024-08-22T16:48:00.035+0500] {processor.py:186} INFO - Started process (PID=3748) to work on /home/rayyan/redfin_venv/lib/python3.10/site-packages/airflow/example_dags/example_local_kubernetes_executor.py
[2024-08-22T16:48:00.036+0500] {processor.py:914} INFO - Processing file /home/rayyan/redfin_venv/lib/python3.10/site-packages/airflow/example_dags/example_local_kubernetes_executor.py for tasks to queue
[2024-08-22T16:48:00.038+0500] {logging_mixin.py:190} INFO - [2024-08-22T16:48:00.038+0500] {dagbag.py:587} INFO - Filling up the DagBag from /home/rayyan/redfin_venv/lib/python3.10/site-packages/airflow/example_dags/example_local_kubernetes_executor.py
[2024-08-22T16:48:00.042+0500] {logging_mixin.py:190} INFO - [2024-08-22T16:48:00.042+0500] {example_local_kubernetes_executor.py:40} WARNING - Could not import DAGs in example_local_kubernetes_executor.py
Traceback (most recent call last):
  File "/home/rayyan/redfin_venv/lib/python3.10/site-packages/airflow/example_dags/example_local_kubernetes_executor.py", line 38, in <module>
    from kubernetes.client import models as k8s
ModuleNotFoundError: No module named 'kubernetes'
[2024-08-22T16:48:00.043+0500] {logging_mixin.py:190} INFO - [2024-08-22T16:48:00.043+0500] {example_local_kubernetes_executor.py:41} WARNING - Install Kubernetes dependencies with: pip install apache-airflow[cncf.kubernetes]
[2024-08-22T16:48:00.043+0500] {processor.py:927} WARNING - No viable dags retrieved from /home/rayyan/redfin_venv/lib/python3.10/site-packages/airflow/example_dags/example_local_kubernetes_executor.py
[2024-08-22T16:48:00.054+0500] {processor.py:208} INFO - Processing /home/rayyan/redfin_venv/lib/python3.10/site-packages/airflow/example_dags/example_local_kubernetes_executor.py took 0.026 seconds
[2024-08-22T16:48:59.229+0500] {processor.py:186} INFO - Started process (PID=4061) to work on /home/rayyan/redfin_venv/lib/python3.10/site-packages/airflow/example_dags/example_local_kubernetes_executor.py
[2024-08-22T16:48:59.230+0500] {processor.py:914} INFO - Processing file /home/rayyan/redfin_venv/lib/python3.10/site-packages/airflow/example_dags/example_local_kubernetes_executor.py for tasks to queue
[2024-08-22T16:48:59.233+0500] {logging_mixin.py:190} INFO - [2024-08-22T16:48:59.233+0500] {dagbag.py:587} INFO - Filling up the DagBag from /home/rayyan/redfin_venv/lib/python3.10/site-packages/airflow/example_dags/example_local_kubernetes_executor.py
[2024-08-22T16:48:59.236+0500] {logging_mixin.py:190} INFO - [2024-08-22T16:48:59.235+0500] {example_local_kubernetes_executor.py:40} WARNING - Could not import DAGs in example_local_kubernetes_executor.py
Traceback (most recent call last):
  File "/home/rayyan/redfin_venv/lib/python3.10/site-packages/airflow/example_dags/example_local_kubernetes_executor.py", line 38, in <module>
    from kubernetes.client import models as k8s
ModuleNotFoundError: No module named 'kubernetes'
[2024-08-22T16:48:59.236+0500] {logging_mixin.py:190} INFO - [2024-08-22T16:48:59.236+0500] {example_local_kubernetes_executor.py:41} WARNING - Install Kubernetes dependencies with: pip install apache-airflow[cncf.kubernetes]
[2024-08-22T16:48:59.237+0500] {processor.py:927} WARNING - No viable dags retrieved from /home/rayyan/redfin_venv/lib/python3.10/site-packages/airflow/example_dags/example_local_kubernetes_executor.py
[2024-08-22T16:48:59.247+0500] {processor.py:208} INFO - Processing /home/rayyan/redfin_venv/lib/python3.10/site-packages/airflow/example_dags/example_local_kubernetes_executor.py took 0.028 seconds
[2024-08-22T16:49:56.105+0500] {processor.py:186} INFO - Started process (PID=4340) to work on /home/rayyan/redfin_venv/lib/python3.10/site-packages/airflow/example_dags/example_local_kubernetes_executor.py
[2024-08-22T16:49:56.107+0500] {processor.py:914} INFO - Processing file /home/rayyan/redfin_venv/lib/python3.10/site-packages/airflow/example_dags/example_local_kubernetes_executor.py for tasks to queue
[2024-08-22T16:49:56.110+0500] {logging_mixin.py:190} INFO - [2024-08-22T16:49:56.109+0500] {dagbag.py:587} INFO - Filling up the DagBag from /home/rayyan/redfin_venv/lib/python3.10/site-packages/airflow/example_dags/example_local_kubernetes_executor.py
[2024-08-22T16:49:56.114+0500] {logging_mixin.py:190} INFO - [2024-08-22T16:49:56.113+0500] {example_local_kubernetes_executor.py:40} WARNING - Could not import DAGs in example_local_kubernetes_executor.py
Traceback (most recent call last):
  File "/home/rayyan/redfin_venv/lib/python3.10/site-packages/airflow/example_dags/example_local_kubernetes_executor.py", line 38, in <module>
    from kubernetes.client import models as k8s
ModuleNotFoundError: No module named 'kubernetes'
[2024-08-22T16:49:56.114+0500] {logging_mixin.py:190} INFO - [2024-08-22T16:49:56.114+0500] {example_local_kubernetes_executor.py:41} WARNING - Install Kubernetes dependencies with: pip install apache-airflow[cncf.kubernetes]
[2024-08-22T16:49:56.115+0500] {processor.py:927} WARNING - No viable dags retrieved from /home/rayyan/redfin_venv/lib/python3.10/site-packages/airflow/example_dags/example_local_kubernetes_executor.py
[2024-08-22T16:49:56.127+0500] {processor.py:208} INFO - Processing /home/rayyan/redfin_venv/lib/python3.10/site-packages/airflow/example_dags/example_local_kubernetes_executor.py took 0.031 seconds
[2024-08-22T16:50:54.227+0500] {processor.py:186} INFO - Started process (PID=4623) to work on /home/rayyan/redfin_venv/lib/python3.10/site-packages/airflow/example_dags/example_local_kubernetes_executor.py
[2024-08-22T16:50:54.229+0500] {processor.py:914} INFO - Processing file /home/rayyan/redfin_venv/lib/python3.10/site-packages/airflow/example_dags/example_local_kubernetes_executor.py for tasks to queue
[2024-08-22T16:50:54.232+0500] {logging_mixin.py:190} INFO - [2024-08-22T16:50:54.231+0500] {dagbag.py:587} INFO - Filling up the DagBag from /home/rayyan/redfin_venv/lib/python3.10/site-packages/airflow/example_dags/example_local_kubernetes_executor.py
[2024-08-22T16:50:54.235+0500] {logging_mixin.py:190} INFO - [2024-08-22T16:50:54.235+0500] {example_local_kubernetes_executor.py:40} WARNING - Could not import DAGs in example_local_kubernetes_executor.py
Traceback (most recent call last):
  File "/home/rayyan/redfin_venv/lib/python3.10/site-packages/airflow/example_dags/example_local_kubernetes_executor.py", line 38, in <module>
    from kubernetes.client import models as k8s
ModuleNotFoundError: No module named 'kubernetes'
[2024-08-22T16:50:54.236+0500] {logging_mixin.py:190} INFO - [2024-08-22T16:50:54.235+0500] {example_local_kubernetes_executor.py:41} WARNING - Install Kubernetes dependencies with: pip install apache-airflow[cncf.kubernetes]
[2024-08-22T16:50:54.236+0500] {processor.py:927} WARNING - No viable dags retrieved from /home/rayyan/redfin_venv/lib/python3.10/site-packages/airflow/example_dags/example_local_kubernetes_executor.py
[2024-08-22T16:50:54.249+0500] {processor.py:208} INFO - Processing /home/rayyan/redfin_venv/lib/python3.10/site-packages/airflow/example_dags/example_local_kubernetes_executor.py took 0.032 seconds
[2024-08-22T16:51:52.621+0500] {processor.py:186} INFO - Started process (PID=4903) to work on /home/rayyan/redfin_venv/lib/python3.10/site-packages/airflow/example_dags/example_local_kubernetes_executor.py
[2024-08-22T16:51:52.633+0500] {processor.py:914} INFO - Processing file /home/rayyan/redfin_venv/lib/python3.10/site-packages/airflow/example_dags/example_local_kubernetes_executor.py for tasks to queue
[2024-08-22T16:51:52.635+0500] {logging_mixin.py:190} INFO - [2024-08-22T16:51:52.635+0500] {dagbag.py:587} INFO - Filling up the DagBag from /home/rayyan/redfin_venv/lib/python3.10/site-packages/airflow/example_dags/example_local_kubernetes_executor.py
[2024-08-22T16:51:52.638+0500] {logging_mixin.py:190} INFO - [2024-08-22T16:51:52.637+0500] {example_local_kubernetes_executor.py:40} WARNING - Could not import DAGs in example_local_kubernetes_executor.py
Traceback (most recent call last):
  File "/home/rayyan/redfin_venv/lib/python3.10/site-packages/airflow/example_dags/example_local_kubernetes_executor.py", line 38, in <module>
    from kubernetes.client import models as k8s
ModuleNotFoundError: No module named 'kubernetes'
[2024-08-22T16:51:52.638+0500] {logging_mixin.py:190} INFO - [2024-08-22T16:51:52.638+0500] {example_local_kubernetes_executor.py:41} WARNING - Install Kubernetes dependencies with: pip install apache-airflow[cncf.kubernetes]
[2024-08-22T16:51:52.639+0500] {processor.py:927} WARNING - No viable dags retrieved from /home/rayyan/redfin_venv/lib/python3.10/site-packages/airflow/example_dags/example_local_kubernetes_executor.py
[2024-08-22T16:51:52.650+0500] {processor.py:208} INFO - Processing /home/rayyan/redfin_venv/lib/python3.10/site-packages/airflow/example_dags/example_local_kubernetes_executor.py took 0.037 seconds
[2024-08-22T16:52:54.698+0500] {processor.py:186} INFO - Started process (PID=5200) to work on /home/rayyan/redfin_venv/lib/python3.10/site-packages/airflow/example_dags/example_local_kubernetes_executor.py
[2024-08-22T16:52:54.710+0500] {processor.py:914} INFO - Processing file /home/rayyan/redfin_venv/lib/python3.10/site-packages/airflow/example_dags/example_local_kubernetes_executor.py for tasks to queue
[2024-08-22T16:52:54.713+0500] {logging_mixin.py:190} INFO - [2024-08-22T16:52:54.713+0500] {dagbag.py:587} INFO - Filling up the DagBag from /home/rayyan/redfin_venv/lib/python3.10/site-packages/airflow/example_dags/example_local_kubernetes_executor.py
[2024-08-22T16:52:54.717+0500] {logging_mixin.py:190} INFO - [2024-08-22T16:52:54.717+0500] {example_local_kubernetes_executor.py:40} WARNING - Could not import DAGs in example_local_kubernetes_executor.py
Traceback (most recent call last):
  File "/home/rayyan/redfin_venv/lib/python3.10/site-packages/airflow/example_dags/example_local_kubernetes_executor.py", line 38, in <module>
    from kubernetes.client import models as k8s
ModuleNotFoundError: No module named 'kubernetes'
[2024-08-22T16:52:54.718+0500] {logging_mixin.py:190} INFO - [2024-08-22T16:52:54.718+0500] {example_local_kubernetes_executor.py:41} WARNING - Install Kubernetes dependencies with: pip install apache-airflow[cncf.kubernetes]
[2024-08-22T16:52:54.718+0500] {processor.py:927} WARNING - No viable dags retrieved from /home/rayyan/redfin_venv/lib/python3.10/site-packages/airflow/example_dags/example_local_kubernetes_executor.py
[2024-08-22T16:52:54.730+0500] {processor.py:208} INFO - Processing /home/rayyan/redfin_venv/lib/python3.10/site-packages/airflow/example_dags/example_local_kubernetes_executor.py took 0.043 seconds
[2024-08-22T16:53:53.377+0500] {processor.py:186} INFO - Started process (PID=5483) to work on /home/rayyan/redfin_venv/lib/python3.10/site-packages/airflow/example_dags/example_local_kubernetes_executor.py
[2024-08-22T16:53:53.389+0500] {processor.py:914} INFO - Processing file /home/rayyan/redfin_venv/lib/python3.10/site-packages/airflow/example_dags/example_local_kubernetes_executor.py for tasks to queue
[2024-08-22T16:53:53.391+0500] {logging_mixin.py:190} INFO - [2024-08-22T16:53:53.391+0500] {dagbag.py:587} INFO - Filling up the DagBag from /home/rayyan/redfin_venv/lib/python3.10/site-packages/airflow/example_dags/example_local_kubernetes_executor.py
[2024-08-22T16:53:53.394+0500] {logging_mixin.py:190} INFO - [2024-08-22T16:53:53.394+0500] {example_local_kubernetes_executor.py:40} WARNING - Could not import DAGs in example_local_kubernetes_executor.py
Traceback (most recent call last):
  File "/home/rayyan/redfin_venv/lib/python3.10/site-packages/airflow/example_dags/example_local_kubernetes_executor.py", line 38, in <module>
    from kubernetes.client import models as k8s
ModuleNotFoundError: No module named 'kubernetes'
[2024-08-22T16:53:53.395+0500] {logging_mixin.py:190} INFO - [2024-08-22T16:53:53.395+0500] {example_local_kubernetes_executor.py:41} WARNING - Install Kubernetes dependencies with: pip install apache-airflow[cncf.kubernetes]
[2024-08-22T16:53:53.395+0500] {processor.py:927} WARNING - No viable dags retrieved from /home/rayyan/redfin_venv/lib/python3.10/site-packages/airflow/example_dags/example_local_kubernetes_executor.py
[2024-08-22T16:53:53.407+0500] {processor.py:208} INFO - Processing /home/rayyan/redfin_venv/lib/python3.10/site-packages/airflow/example_dags/example_local_kubernetes_executor.py took 0.038 seconds
[2024-08-22T16:54:53.666+0500] {processor.py:186} INFO - Started process (PID=5776) to work on /home/rayyan/redfin_venv/lib/python3.10/site-packages/airflow/example_dags/example_local_kubernetes_executor.py
[2024-08-22T16:54:53.668+0500] {processor.py:914} INFO - Processing file /home/rayyan/redfin_venv/lib/python3.10/site-packages/airflow/example_dags/example_local_kubernetes_executor.py for tasks to queue
[2024-08-22T16:54:53.671+0500] {logging_mixin.py:190} INFO - [2024-08-22T16:54:53.670+0500] {dagbag.py:587} INFO - Filling up the DagBag from /home/rayyan/redfin_venv/lib/python3.10/site-packages/airflow/example_dags/example_local_kubernetes_executor.py
[2024-08-22T16:54:53.676+0500] {logging_mixin.py:190} INFO - [2024-08-22T16:54:53.675+0500] {example_local_kubernetes_executor.py:40} WARNING - Could not import DAGs in example_local_kubernetes_executor.py
Traceback (most recent call last):
  File "/home/rayyan/redfin_venv/lib/python3.10/site-packages/airflow/example_dags/example_local_kubernetes_executor.py", line 38, in <module>
    from kubernetes.client import models as k8s
ModuleNotFoundError: No module named 'kubernetes'
[2024-08-22T16:54:53.676+0500] {logging_mixin.py:190} INFO - [2024-08-22T16:54:53.676+0500] {example_local_kubernetes_executor.py:41} WARNING - Install Kubernetes dependencies with: pip install apache-airflow[cncf.kubernetes]
[2024-08-22T16:54:53.676+0500] {processor.py:927} WARNING - No viable dags retrieved from /home/rayyan/redfin_venv/lib/python3.10/site-packages/airflow/example_dags/example_local_kubernetes_executor.py
[2024-08-22T16:54:53.688+0500] {processor.py:208} INFO - Processing /home/rayyan/redfin_venv/lib/python3.10/site-packages/airflow/example_dags/example_local_kubernetes_executor.py took 0.028 seconds
[2024-08-22T16:55:55.783+0500] {processor.py:186} INFO - Started process (PID=6077) to work on /home/rayyan/redfin_venv/lib/python3.10/site-packages/airflow/example_dags/example_local_kubernetes_executor.py
[2024-08-22T16:55:55.796+0500] {processor.py:914} INFO - Processing file /home/rayyan/redfin_venv/lib/python3.10/site-packages/airflow/example_dags/example_local_kubernetes_executor.py for tasks to queue
[2024-08-22T16:55:55.799+0500] {logging_mixin.py:190} INFO - [2024-08-22T16:55:55.799+0500] {dagbag.py:587} INFO - Filling up the DagBag from /home/rayyan/redfin_venv/lib/python3.10/site-packages/airflow/example_dags/example_local_kubernetes_executor.py
[2024-08-22T16:55:55.804+0500] {logging_mixin.py:190} INFO - [2024-08-22T16:55:55.803+0500] {example_local_kubernetes_executor.py:40} WARNING - Could not import DAGs in example_local_kubernetes_executor.py
Traceback (most recent call last):
  File "/home/rayyan/redfin_venv/lib/python3.10/site-packages/airflow/example_dags/example_local_kubernetes_executor.py", line 38, in <module>
    from kubernetes.client import models as k8s
ModuleNotFoundError: No module named 'kubernetes'
[2024-08-22T16:55:55.805+0500] {logging_mixin.py:190} INFO - [2024-08-22T16:55:55.804+0500] {example_local_kubernetes_executor.py:41} WARNING - Install Kubernetes dependencies with: pip install apache-airflow[cncf.kubernetes]
[2024-08-22T16:55:55.805+0500] {processor.py:927} WARNING - No viable dags retrieved from /home/rayyan/redfin_venv/lib/python3.10/site-packages/airflow/example_dags/example_local_kubernetes_executor.py
[2024-08-22T16:55:55.818+0500] {processor.py:208} INFO - Processing /home/rayyan/redfin_venv/lib/python3.10/site-packages/airflow/example_dags/example_local_kubernetes_executor.py took 0.044 seconds
[2024-08-22T16:57:02.762+0500] {processor.py:186} INFO - Started process (PID=6397) to work on /home/rayyan/redfin_venv/lib/python3.10/site-packages/airflow/example_dags/example_local_kubernetes_executor.py
[2024-08-22T16:57:02.763+0500] {processor.py:914} INFO - Processing file /home/rayyan/redfin_venv/lib/python3.10/site-packages/airflow/example_dags/example_local_kubernetes_executor.py for tasks to queue
[2024-08-22T16:57:02.765+0500] {logging_mixin.py:190} INFO - [2024-08-22T16:57:02.765+0500] {dagbag.py:587} INFO - Filling up the DagBag from /home/rayyan/redfin_venv/lib/python3.10/site-packages/airflow/example_dags/example_local_kubernetes_executor.py
[2024-08-22T16:57:02.768+0500] {logging_mixin.py:190} INFO - [2024-08-22T16:57:02.768+0500] {example_local_kubernetes_executor.py:40} WARNING - Could not import DAGs in example_local_kubernetes_executor.py
Traceback (most recent call last):
  File "/home/rayyan/redfin_venv/lib/python3.10/site-packages/airflow/example_dags/example_local_kubernetes_executor.py", line 38, in <module>
    from kubernetes.client import models as k8s
ModuleNotFoundError: No module named 'kubernetes'
[2024-08-22T16:57:02.769+0500] {logging_mixin.py:190} INFO - [2024-08-22T16:57:02.768+0500] {example_local_kubernetes_executor.py:41} WARNING - Install Kubernetes dependencies with: pip install apache-airflow[cncf.kubernetes]
[2024-08-22T16:57:02.769+0500] {processor.py:927} WARNING - No viable dags retrieved from /home/rayyan/redfin_venv/lib/python3.10/site-packages/airflow/example_dags/example_local_kubernetes_executor.py
[2024-08-22T16:57:02.779+0500] {processor.py:208} INFO - Processing /home/rayyan/redfin_venv/lib/python3.10/site-packages/airflow/example_dags/example_local_kubernetes_executor.py took 0.023 seconds
[2024-08-22T16:58:05.661+0500] {processor.py:186} INFO - Started process (PID=6703) to work on /home/rayyan/redfin_venv/lib/python3.10/site-packages/airflow/example_dags/example_local_kubernetes_executor.py
[2024-08-22T16:58:05.673+0500] {processor.py:914} INFO - Processing file /home/rayyan/redfin_venv/lib/python3.10/site-packages/airflow/example_dags/example_local_kubernetes_executor.py for tasks to queue
[2024-08-22T16:58:05.676+0500] {logging_mixin.py:190} INFO - [2024-08-22T16:58:05.675+0500] {dagbag.py:587} INFO - Filling up the DagBag from /home/rayyan/redfin_venv/lib/python3.10/site-packages/airflow/example_dags/example_local_kubernetes_executor.py
[2024-08-22T16:58:05.681+0500] {logging_mixin.py:190} INFO - [2024-08-22T16:58:05.680+0500] {example_local_kubernetes_executor.py:40} WARNING - Could not import DAGs in example_local_kubernetes_executor.py
Traceback (most recent call last):
  File "/home/rayyan/redfin_venv/lib/python3.10/site-packages/airflow/example_dags/example_local_kubernetes_executor.py", line 38, in <module>
    from kubernetes.client import models as k8s
ModuleNotFoundError: No module named 'kubernetes'
[2024-08-22T16:58:05.681+0500] {logging_mixin.py:190} INFO - [2024-08-22T16:58:05.681+0500] {example_local_kubernetes_executor.py:41} WARNING - Install Kubernetes dependencies with: pip install apache-airflow[cncf.kubernetes]
[2024-08-22T16:58:05.681+0500] {processor.py:927} WARNING - No viable dags retrieved from /home/rayyan/redfin_venv/lib/python3.10/site-packages/airflow/example_dags/example_local_kubernetes_executor.py
[2024-08-22T16:58:05.691+0500] {processor.py:208} INFO - Processing /home/rayyan/redfin_venv/lib/python3.10/site-packages/airflow/example_dags/example_local_kubernetes_executor.py took 0.035 seconds
[2024-08-22T17:00:13.991+0500] {processor.py:186} INFO - Started process (PID=8339) to work on /home/rayyan/redfin_venv/lib/python3.10/site-packages/airflow/example_dags/example_local_kubernetes_executor.py
[2024-08-22T17:00:13.993+0500] {processor.py:914} INFO - Processing file /home/rayyan/redfin_venv/lib/python3.10/site-packages/airflow/example_dags/example_local_kubernetes_executor.py for tasks to queue
[2024-08-22T17:00:13.998+0500] {logging_mixin.py:190} INFO - [2024-08-22T17:00:13.998+0500] {dagbag.py:587} INFO - Filling up the DagBag from /home/rayyan/redfin_venv/lib/python3.10/site-packages/airflow/example_dags/example_local_kubernetes_executor.py
[2024-08-22T17:00:14.002+0500] {logging_mixin.py:190} INFO - [2024-08-22T17:00:14.002+0500] {example_local_kubernetes_executor.py:40} WARNING - Could not import DAGs in example_local_kubernetes_executor.py
Traceback (most recent call last):
  File "/home/rayyan/redfin_venv/lib/python3.10/site-packages/airflow/example_dags/example_local_kubernetes_executor.py", line 38, in <module>
    from kubernetes.client import models as k8s
ModuleNotFoundError: No module named 'kubernetes'
[2024-08-22T17:00:14.003+0500] {logging_mixin.py:190} INFO - [2024-08-22T17:00:14.003+0500] {example_local_kubernetes_executor.py:41} WARNING - Install Kubernetes dependencies with: pip install apache-airflow[cncf.kubernetes]
[2024-08-22T17:00:14.003+0500] {processor.py:927} WARNING - No viable dags retrieved from /home/rayyan/redfin_venv/lib/python3.10/site-packages/airflow/example_dags/example_local_kubernetes_executor.py
[2024-08-22T17:00:14.020+0500] {processor.py:208} INFO - Processing /home/rayyan/redfin_venv/lib/python3.10/site-packages/airflow/example_dags/example_local_kubernetes_executor.py took 0.036 seconds
[2024-08-22T17:01:21.155+0500] {processor.py:186} INFO - Started process (PID=10798) to work on /home/rayyan/redfin_venv/lib/python3.10/site-packages/airflow/example_dags/example_local_kubernetes_executor.py
[2024-08-22T17:01:21.156+0500] {processor.py:914} INFO - Processing file /home/rayyan/redfin_venv/lib/python3.10/site-packages/airflow/example_dags/example_local_kubernetes_executor.py for tasks to queue
[2024-08-22T17:01:21.159+0500] {logging_mixin.py:190} INFO - [2024-08-22T17:01:21.159+0500] {dagbag.py:587} INFO - Filling up the DagBag from /home/rayyan/redfin_venv/lib/python3.10/site-packages/airflow/example_dags/example_local_kubernetes_executor.py
[2024-08-22T17:01:21.164+0500] {logging_mixin.py:190} INFO - [2024-08-22T17:01:21.163+0500] {example_local_kubernetes_executor.py:40} WARNING - Could not import DAGs in example_local_kubernetes_executor.py
Traceback (most recent call last):
  File "/home/rayyan/redfin_venv/lib/python3.10/site-packages/airflow/example_dags/example_local_kubernetes_executor.py", line 38, in <module>
    from kubernetes.client import models as k8s
ModuleNotFoundError: No module named 'kubernetes'
[2024-08-22T17:01:21.165+0500] {logging_mixin.py:190} INFO - [2024-08-22T17:01:21.164+0500] {example_local_kubernetes_executor.py:41} WARNING - Install Kubernetes dependencies with: pip install apache-airflow[cncf.kubernetes]
[2024-08-22T17:01:21.165+0500] {processor.py:927} WARNING - No viable dags retrieved from /home/rayyan/redfin_venv/lib/python3.10/site-packages/airflow/example_dags/example_local_kubernetes_executor.py
[2024-08-22T17:01:21.181+0500] {processor.py:208} INFO - Processing /home/rayyan/redfin_venv/lib/python3.10/site-packages/airflow/example_dags/example_local_kubernetes_executor.py took 0.037 seconds
[2024-08-22T17:02:32.697+0500] {processor.py:186} INFO - Started process (PID=12818) to work on /home/rayyan/redfin_venv/lib/python3.10/site-packages/airflow/example_dags/example_local_kubernetes_executor.py
[2024-08-22T17:02:32.711+0500] {processor.py:914} INFO - Processing file /home/rayyan/redfin_venv/lib/python3.10/site-packages/airflow/example_dags/example_local_kubernetes_executor.py for tasks to queue
[2024-08-22T17:02:32.718+0500] {logging_mixin.py:190} INFO - [2024-08-22T17:02:32.716+0500] {dagbag.py:587} INFO - Filling up the DagBag from /home/rayyan/redfin_venv/lib/python3.10/site-packages/airflow/example_dags/example_local_kubernetes_executor.py
[2024-08-22T17:02:32.725+0500] {logging_mixin.py:190} INFO - [2024-08-22T17:02:32.723+0500] {example_local_kubernetes_executor.py:40} WARNING - Could not import DAGs in example_local_kubernetes_executor.py
Traceback (most recent call last):
  File "/home/rayyan/redfin_venv/lib/python3.10/site-packages/airflow/example_dags/example_local_kubernetes_executor.py", line 38, in <module>
    from kubernetes.client import models as k8s
ModuleNotFoundError: No module named 'kubernetes'
[2024-08-22T17:02:32.726+0500] {logging_mixin.py:190} INFO - [2024-08-22T17:02:32.725+0500] {example_local_kubernetes_executor.py:41} WARNING - Install Kubernetes dependencies with: pip install apache-airflow[cncf.kubernetes]
[2024-08-22T17:02:32.727+0500] {processor.py:927} WARNING - No viable dags retrieved from /home/rayyan/redfin_venv/lib/python3.10/site-packages/airflow/example_dags/example_local_kubernetes_executor.py
[2024-08-22T17:02:32.748+0500] {processor.py:208} INFO - Processing /home/rayyan/redfin_venv/lib/python3.10/site-packages/airflow/example_dags/example_local_kubernetes_executor.py took 0.062 seconds
[2024-08-22T17:03:33.466+0500] {processor.py:186} INFO - Started process (PID=13113) to work on /home/rayyan/redfin_venv/lib/python3.10/site-packages/airflow/example_dags/example_local_kubernetes_executor.py
[2024-08-22T17:03:33.468+0500] {processor.py:914} INFO - Processing file /home/rayyan/redfin_venv/lib/python3.10/site-packages/airflow/example_dags/example_local_kubernetes_executor.py for tasks to queue
[2024-08-22T17:03:33.470+0500] {logging_mixin.py:190} INFO - [2024-08-22T17:03:33.470+0500] {dagbag.py:587} INFO - Filling up the DagBag from /home/rayyan/redfin_venv/lib/python3.10/site-packages/airflow/example_dags/example_local_kubernetes_executor.py
[2024-08-22T17:03:33.473+0500] {logging_mixin.py:190} INFO - [2024-08-22T17:03:33.473+0500] {example_local_kubernetes_executor.py:40} WARNING - Could not import DAGs in example_local_kubernetes_executor.py
Traceback (most recent call last):
  File "/home/rayyan/redfin_venv/lib/python3.10/site-packages/airflow/example_dags/example_local_kubernetes_executor.py", line 38, in <module>
    from kubernetes.client import models as k8s
ModuleNotFoundError: No module named 'kubernetes'
[2024-08-22T17:03:33.474+0500] {logging_mixin.py:190} INFO - [2024-08-22T17:03:33.474+0500] {example_local_kubernetes_executor.py:41} WARNING - Install Kubernetes dependencies with: pip install apache-airflow[cncf.kubernetes]
[2024-08-22T17:03:33.474+0500] {processor.py:927} WARNING - No viable dags retrieved from /home/rayyan/redfin_venv/lib/python3.10/site-packages/airflow/example_dags/example_local_kubernetes_executor.py
[2024-08-22T17:03:33.485+0500] {processor.py:208} INFO - Processing /home/rayyan/redfin_venv/lib/python3.10/site-packages/airflow/example_dags/example_local_kubernetes_executor.py took 0.025 seconds
[2024-08-22T17:04:31.909+0500] {processor.py:186} INFO - Started process (PID=13395) to work on /home/rayyan/redfin_venv/lib/python3.10/site-packages/airflow/example_dags/example_local_kubernetes_executor.py
[2024-08-22T17:04:31.922+0500] {processor.py:914} INFO - Processing file /home/rayyan/redfin_venv/lib/python3.10/site-packages/airflow/example_dags/example_local_kubernetes_executor.py for tasks to queue
[2024-08-22T17:04:31.924+0500] {logging_mixin.py:190} INFO - [2024-08-22T17:04:31.924+0500] {dagbag.py:587} INFO - Filling up the DagBag from /home/rayyan/redfin_venv/lib/python3.10/site-packages/airflow/example_dags/example_local_kubernetes_executor.py
[2024-08-22T17:04:31.928+0500] {logging_mixin.py:190} INFO - [2024-08-22T17:04:31.927+0500] {example_local_kubernetes_executor.py:40} WARNING - Could not import DAGs in example_local_kubernetes_executor.py
Traceback (most recent call last):
  File "/home/rayyan/redfin_venv/lib/python3.10/site-packages/airflow/example_dags/example_local_kubernetes_executor.py", line 38, in <module>
    from kubernetes.client import models as k8s
ModuleNotFoundError: No module named 'kubernetes'
[2024-08-22T17:04:31.928+0500] {logging_mixin.py:190} INFO - [2024-08-22T17:04:31.928+0500] {example_local_kubernetes_executor.py:41} WARNING - Install Kubernetes dependencies with: pip install apache-airflow[cncf.kubernetes]
[2024-08-22T17:04:31.929+0500] {processor.py:927} WARNING - No viable dags retrieved from /home/rayyan/redfin_venv/lib/python3.10/site-packages/airflow/example_dags/example_local_kubernetes_executor.py
[2024-08-22T17:04:31.940+0500] {processor.py:208} INFO - Processing /home/rayyan/redfin_venv/lib/python3.10/site-packages/airflow/example_dags/example_local_kubernetes_executor.py took 0.038 seconds
[2024-08-22T17:05:27.193+0500] {processor.py:186} INFO - Started process (PID=13666) to work on /home/rayyan/redfin_venv/lib/python3.10/site-packages/airflow/example_dags/example_local_kubernetes_executor.py
[2024-08-22T17:05:27.206+0500] {processor.py:914} INFO - Processing file /home/rayyan/redfin_venv/lib/python3.10/site-packages/airflow/example_dags/example_local_kubernetes_executor.py for tasks to queue
[2024-08-22T17:05:27.208+0500] {logging_mixin.py:190} INFO - [2024-08-22T17:05:27.208+0500] {dagbag.py:587} INFO - Filling up the DagBag from /home/rayyan/redfin_venv/lib/python3.10/site-packages/airflow/example_dags/example_local_kubernetes_executor.py
[2024-08-22T17:05:27.211+0500] {logging_mixin.py:190} INFO - [2024-08-22T17:05:27.211+0500] {example_local_kubernetes_executor.py:40} WARNING - Could not import DAGs in example_local_kubernetes_executor.py
Traceback (most recent call last):
  File "/home/rayyan/redfin_venv/lib/python3.10/site-packages/airflow/example_dags/example_local_kubernetes_executor.py", line 38, in <module>
    from kubernetes.client import models as k8s
ModuleNotFoundError: No module named 'kubernetes'
[2024-08-22T17:05:27.212+0500] {logging_mixin.py:190} INFO - [2024-08-22T17:05:27.211+0500] {example_local_kubernetes_executor.py:41} WARNING - Install Kubernetes dependencies with: pip install apache-airflow[cncf.kubernetes]
[2024-08-22T17:05:27.212+0500] {processor.py:927} WARNING - No viable dags retrieved from /home/rayyan/redfin_venv/lib/python3.10/site-packages/airflow/example_dags/example_local_kubernetes_executor.py
[2024-08-22T17:05:27.222+0500] {processor.py:208} INFO - Processing /home/rayyan/redfin_venv/lib/python3.10/site-packages/airflow/example_dags/example_local_kubernetes_executor.py took 0.034 seconds
[2024-08-22T17:06:22.674+0500] {processor.py:186} INFO - Started process (PID=13935) to work on /home/rayyan/redfin_venv/lib/python3.10/site-packages/airflow/example_dags/example_local_kubernetes_executor.py
[2024-08-22T17:06:22.676+0500] {processor.py:914} INFO - Processing file /home/rayyan/redfin_venv/lib/python3.10/site-packages/airflow/example_dags/example_local_kubernetes_executor.py for tasks to queue
[2024-08-22T17:06:22.679+0500] {logging_mixin.py:190} INFO - [2024-08-22T17:06:22.678+0500] {dagbag.py:587} INFO - Filling up the DagBag from /home/rayyan/redfin_venv/lib/python3.10/site-packages/airflow/example_dags/example_local_kubernetes_executor.py
[2024-08-22T17:06:22.683+0500] {logging_mixin.py:190} INFO - [2024-08-22T17:06:22.682+0500] {example_local_kubernetes_executor.py:40} WARNING - Could not import DAGs in example_local_kubernetes_executor.py
Traceback (most recent call last):
  File "/home/rayyan/redfin_venv/lib/python3.10/site-packages/airflow/example_dags/example_local_kubernetes_executor.py", line 38, in <module>
    from kubernetes.client import models as k8s
ModuleNotFoundError: No module named 'kubernetes'
[2024-08-22T17:06:22.683+0500] {logging_mixin.py:190} INFO - [2024-08-22T17:06:22.683+0500] {example_local_kubernetes_executor.py:41} WARNING - Install Kubernetes dependencies with: pip install apache-airflow[cncf.kubernetes]
[2024-08-22T17:06:22.684+0500] {processor.py:927} WARNING - No viable dags retrieved from /home/rayyan/redfin_venv/lib/python3.10/site-packages/airflow/example_dags/example_local_kubernetes_executor.py
[2024-08-22T17:06:22.694+0500] {processor.py:208} INFO - Processing /home/rayyan/redfin_venv/lib/python3.10/site-packages/airflow/example_dags/example_local_kubernetes_executor.py took 0.029 seconds
[2024-08-22T17:07:22.564+0500] {processor.py:186} INFO - Started process (PID=14231) to work on /home/rayyan/redfin_venv/lib/python3.10/site-packages/airflow/example_dags/example_local_kubernetes_executor.py
[2024-08-22T17:07:22.567+0500] {processor.py:914} INFO - Processing file /home/rayyan/redfin_venv/lib/python3.10/site-packages/airflow/example_dags/example_local_kubernetes_executor.py for tasks to queue
[2024-08-22T17:07:22.570+0500] {logging_mixin.py:190} INFO - [2024-08-22T17:07:22.570+0500] {dagbag.py:587} INFO - Filling up the DagBag from /home/rayyan/redfin_venv/lib/python3.10/site-packages/airflow/example_dags/example_local_kubernetes_executor.py
[2024-08-22T17:07:22.574+0500] {logging_mixin.py:190} INFO - [2024-08-22T17:07:22.573+0500] {example_local_kubernetes_executor.py:40} WARNING - Could not import DAGs in example_local_kubernetes_executor.py
Traceback (most recent call last):
  File "/home/rayyan/redfin_venv/lib/python3.10/site-packages/airflow/example_dags/example_local_kubernetes_executor.py", line 38, in <module>
    from kubernetes.client import models as k8s
ModuleNotFoundError: No module named 'kubernetes'
[2024-08-22T17:07:22.574+0500] {logging_mixin.py:190} INFO - [2024-08-22T17:07:22.574+0500] {example_local_kubernetes_executor.py:41} WARNING - Install Kubernetes dependencies with: pip install apache-airflow[cncf.kubernetes]
[2024-08-22T17:07:22.575+0500] {processor.py:927} WARNING - No viable dags retrieved from /home/rayyan/redfin_venv/lib/python3.10/site-packages/airflow/example_dags/example_local_kubernetes_executor.py
[2024-08-22T17:07:22.586+0500] {processor.py:208} INFO - Processing /home/rayyan/redfin_venv/lib/python3.10/site-packages/airflow/example_dags/example_local_kubernetes_executor.py took 0.032 seconds
