[2024-08-22T16:48:15.190+0500] {processor.py:186} INFO - Started process (PID=3824) to work on /home/rayyan/redfin_venv/lib/python3.10/site-packages/airflow/example_dags/example_inlet_event_extra.py
[2024-08-22T16:48:15.191+0500] {processor.py:914} INFO - Processing file /home/rayyan/redfin_venv/lib/python3.10/site-packages/airflow/example_dags/example_inlet_event_extra.py for tasks to queue
[2024-08-22T16:48:15.193+0500] {logging_mixin.py:190} INFO - [2024-08-22T16:48:15.192+0500] {dagbag.py:587} INFO - Filling up the DagBag from /home/rayyan/redfin_venv/lib/python3.10/site-packages/airflow/example_dags/example_inlet_event_extra.py
[2024-08-22T16:48:15.203+0500] {processor.py:925} INFO - DAG(s) 'read_dataset_event', 'read_dataset_event_from_classic' retrieved from /home/rayyan/redfin_venv/lib/python3.10/site-packages/airflow/example_dags/example_inlet_event_extra.py
[2024-08-22T16:48:15.226+0500] {logging_mixin.py:190} INFO - [2024-08-22T16:48:15.226+0500] {dag.py:3211} INFO - Sync 2 DAGs
[2024-08-22T16:48:15.251+0500] {logging_mixin.py:190} INFO - [2024-08-22T16:48:15.251+0500] {dag.py:4138} INFO - Setting next_dagrun for read_dataset_event to 2024-08-21 00:00:00+00:00, run_after=2024-08-22 00:00:00+00:00
[2024-08-22T16:48:15.258+0500] {logging_mixin.py:190} INFO - [2024-08-22T16:48:15.258+0500] {dag.py:4138} INFO - Setting next_dagrun for read_dataset_event_from_classic to 2024-08-21 00:00:00+00:00, run_after=2024-08-22 00:00:00+00:00
[2024-08-22T16:48:15.297+0500] {processor.py:208} INFO - Processing /home/rayyan/redfin_venv/lib/python3.10/site-packages/airflow/example_dags/example_inlet_event_extra.py took 0.113 seconds
[2024-08-22T16:49:13.616+0500] {processor.py:186} INFO - Started process (PID=4132) to work on /home/rayyan/redfin_venv/lib/python3.10/site-packages/airflow/example_dags/example_inlet_event_extra.py
[2024-08-22T16:49:13.629+0500] {processor.py:914} INFO - Processing file /home/rayyan/redfin_venv/lib/python3.10/site-packages/airflow/example_dags/example_inlet_event_extra.py for tasks to queue
[2024-08-22T16:49:13.632+0500] {logging_mixin.py:190} INFO - [2024-08-22T16:49:13.631+0500] {dagbag.py:587} INFO - Filling up the DagBag from /home/rayyan/redfin_venv/lib/python3.10/site-packages/airflow/example_dags/example_inlet_event_extra.py
[2024-08-22T16:49:13.646+0500] {processor.py:925} INFO - DAG(s) 'read_dataset_event_from_classic', 'read_dataset_event' retrieved from /home/rayyan/redfin_venv/lib/python3.10/site-packages/airflow/example_dags/example_inlet_event_extra.py
[2024-08-22T16:49:13.664+0500] {logging_mixin.py:190} INFO - [2024-08-22T16:49:13.663+0500] {dag.py:3211} INFO - Sync 2 DAGs
[2024-08-22T16:49:13.684+0500] {logging_mixin.py:190} INFO - [2024-08-22T16:49:13.684+0500] {dag.py:4138} INFO - Setting next_dagrun for read_dataset_event to 2024-08-21 00:00:00+00:00, run_after=2024-08-22 00:00:00+00:00
[2024-08-22T16:49:13.688+0500] {logging_mixin.py:190} INFO - [2024-08-22T16:49:13.688+0500] {dag.py:4138} INFO - Setting next_dagrun for read_dataset_event_from_classic to 2024-08-21 00:00:00+00:00, run_after=2024-08-22 00:00:00+00:00
[2024-08-22T16:49:13.705+0500] {processor.py:208} INFO - Processing /home/rayyan/redfin_venv/lib/python3.10/site-packages/airflow/example_dags/example_inlet_event_extra.py took 0.101 seconds
[2024-08-22T16:50:12.355+0500] {processor.py:186} INFO - Started process (PID=4419) to work on /home/rayyan/redfin_venv/lib/python3.10/site-packages/airflow/example_dags/example_inlet_event_extra.py
[2024-08-22T16:50:12.367+0500] {processor.py:914} INFO - Processing file /home/rayyan/redfin_venv/lib/python3.10/site-packages/airflow/example_dags/example_inlet_event_extra.py for tasks to queue
[2024-08-22T16:50:12.370+0500] {logging_mixin.py:190} INFO - [2024-08-22T16:50:12.369+0500] {dagbag.py:587} INFO - Filling up the DagBag from /home/rayyan/redfin_venv/lib/python3.10/site-packages/airflow/example_dags/example_inlet_event_extra.py
[2024-08-22T16:50:12.384+0500] {processor.py:925} INFO - DAG(s) 'read_dataset_event', 'read_dataset_event_from_classic' retrieved from /home/rayyan/redfin_venv/lib/python3.10/site-packages/airflow/example_dags/example_inlet_event_extra.py
[2024-08-22T16:50:12.402+0500] {logging_mixin.py:190} INFO - [2024-08-22T16:50:12.402+0500] {dag.py:3211} INFO - Sync 2 DAGs
[2024-08-22T16:50:12.423+0500] {logging_mixin.py:190} INFO - [2024-08-22T16:50:12.422+0500] {dag.py:4138} INFO - Setting next_dagrun for read_dataset_event to 2024-08-21 00:00:00+00:00, run_after=2024-08-22 00:00:00+00:00
[2024-08-22T16:50:12.428+0500] {logging_mixin.py:190} INFO - [2024-08-22T16:50:12.427+0500] {dag.py:4138} INFO - Setting next_dagrun for read_dataset_event_from_classic to 2024-08-21 00:00:00+00:00, run_after=2024-08-22 00:00:00+00:00
[2024-08-22T16:50:12.448+0500] {processor.py:208} INFO - Processing /home/rayyan/redfin_venv/lib/python3.10/site-packages/airflow/example_dags/example_inlet_event_extra.py took 0.101 seconds
[2024-08-22T16:51:10.029+0500] {processor.py:186} INFO - Started process (PID=4698) to work on /home/rayyan/redfin_venv/lib/python3.10/site-packages/airflow/example_dags/example_inlet_event_extra.py
[2024-08-22T16:51:10.030+0500] {processor.py:914} INFO - Processing file /home/rayyan/redfin_venv/lib/python3.10/site-packages/airflow/example_dags/example_inlet_event_extra.py for tasks to queue
[2024-08-22T16:51:10.033+0500] {logging_mixin.py:190} INFO - [2024-08-22T16:51:10.032+0500] {dagbag.py:587} INFO - Filling up the DagBag from /home/rayyan/redfin_venv/lib/python3.10/site-packages/airflow/example_dags/example_inlet_event_extra.py
[2024-08-22T16:51:10.046+0500] {processor.py:925} INFO - DAG(s) 'read_dataset_event_from_classic', 'read_dataset_event' retrieved from /home/rayyan/redfin_venv/lib/python3.10/site-packages/airflow/example_dags/example_inlet_event_extra.py
[2024-08-22T16:51:10.063+0500] {logging_mixin.py:190} INFO - [2024-08-22T16:51:10.062+0500] {dag.py:3211} INFO - Sync 2 DAGs
[2024-08-22T16:51:10.083+0500] {logging_mixin.py:190} INFO - [2024-08-22T16:51:10.083+0500] {dag.py:4138} INFO - Setting next_dagrun for read_dataset_event to 2024-08-21 00:00:00+00:00, run_after=2024-08-22 00:00:00+00:00
[2024-08-22T16:51:10.088+0500] {logging_mixin.py:190} INFO - [2024-08-22T16:51:10.088+0500] {dag.py:4138} INFO - Setting next_dagrun for read_dataset_event_from_classic to 2024-08-21 00:00:00+00:00, run_after=2024-08-22 00:00:00+00:00
[2024-08-22T16:51:10.106+0500] {processor.py:208} INFO - Processing /home/rayyan/redfin_venv/lib/python3.10/site-packages/airflow/example_dags/example_inlet_event_extra.py took 0.084 seconds
[2024-08-22T16:52:09.127+0500] {processor.py:186} INFO - Started process (PID=4982) to work on /home/rayyan/redfin_venv/lib/python3.10/site-packages/airflow/example_dags/example_inlet_event_extra.py
[2024-08-22T16:52:09.140+0500] {processor.py:914} INFO - Processing file /home/rayyan/redfin_venv/lib/python3.10/site-packages/airflow/example_dags/example_inlet_event_extra.py for tasks to queue
[2024-08-22T16:52:09.144+0500] {logging_mixin.py:190} INFO - [2024-08-22T16:52:09.144+0500] {dagbag.py:587} INFO - Filling up the DagBag from /home/rayyan/redfin_venv/lib/python3.10/site-packages/airflow/example_dags/example_inlet_event_extra.py
[2024-08-22T16:52:09.166+0500] {processor.py:925} INFO - DAG(s) 'read_dataset_event_from_classic', 'read_dataset_event' retrieved from /home/rayyan/redfin_venv/lib/python3.10/site-packages/airflow/example_dags/example_inlet_event_extra.py
[2024-08-22T16:52:09.186+0500] {logging_mixin.py:190} INFO - [2024-08-22T16:52:09.185+0500] {dag.py:3211} INFO - Sync 2 DAGs
[2024-08-22T16:52:09.207+0500] {logging_mixin.py:190} INFO - [2024-08-22T16:52:09.207+0500] {dag.py:4138} INFO - Setting next_dagrun for read_dataset_event to 2024-08-21 00:00:00+00:00, run_after=2024-08-22 00:00:00+00:00
[2024-08-22T16:52:09.212+0500] {logging_mixin.py:190} INFO - [2024-08-22T16:52:09.212+0500] {dag.py:4138} INFO - Setting next_dagrun for read_dataset_event_from_classic to 2024-08-21 00:00:00+00:00, run_after=2024-08-22 00:00:00+00:00
[2024-08-22T16:52:09.232+0500] {processor.py:208} INFO - Processing /home/rayyan/redfin_venv/lib/python3.10/site-packages/airflow/example_dags/example_inlet_event_extra.py took 0.116 seconds
[2024-08-22T16:53:12.015+0500] {processor.py:186} INFO - Started process (PID=5284) to work on /home/rayyan/redfin_venv/lib/python3.10/site-packages/airflow/example_dags/example_inlet_event_extra.py
[2024-08-22T16:53:12.016+0500] {processor.py:914} INFO - Processing file /home/rayyan/redfin_venv/lib/python3.10/site-packages/airflow/example_dags/example_inlet_event_extra.py for tasks to queue
[2024-08-22T16:53:12.019+0500] {logging_mixin.py:190} INFO - [2024-08-22T16:53:12.019+0500] {dagbag.py:587} INFO - Filling up the DagBag from /home/rayyan/redfin_venv/lib/python3.10/site-packages/airflow/example_dags/example_inlet_event_extra.py
[2024-08-22T16:53:12.030+0500] {processor.py:925} INFO - DAG(s) 'read_dataset_event', 'read_dataset_event_from_classic' retrieved from /home/rayyan/redfin_venv/lib/python3.10/site-packages/airflow/example_dags/example_inlet_event_extra.py
[2024-08-22T16:53:12.047+0500] {logging_mixin.py:190} INFO - [2024-08-22T16:53:12.047+0500] {dag.py:3211} INFO - Sync 2 DAGs
[2024-08-22T16:53:12.066+0500] {logging_mixin.py:190} INFO - [2024-08-22T16:53:12.066+0500] {dag.py:4138} INFO - Setting next_dagrun for read_dataset_event to 2024-08-21 00:00:00+00:00, run_after=2024-08-22 00:00:00+00:00
[2024-08-22T16:53:12.071+0500] {logging_mixin.py:190} INFO - [2024-08-22T16:53:12.070+0500] {dag.py:4138} INFO - Setting next_dagrun for read_dataset_event_from_classic to 2024-08-21 00:00:00+00:00, run_after=2024-08-22 00:00:00+00:00
[2024-08-22T16:53:12.088+0500] {processor.py:208} INFO - Processing /home/rayyan/redfin_venv/lib/python3.10/site-packages/airflow/example_dags/example_inlet_event_extra.py took 0.079 seconds
[2024-08-22T16:54:14.420+0500] {processor.py:186} INFO - Started process (PID=5584) to work on /home/rayyan/redfin_venv/lib/python3.10/site-packages/airflow/example_dags/example_inlet_event_extra.py
[2024-08-22T16:54:14.421+0500] {processor.py:914} INFO - Processing file /home/rayyan/redfin_venv/lib/python3.10/site-packages/airflow/example_dags/example_inlet_event_extra.py for tasks to queue
[2024-08-22T16:54:14.424+0500] {logging_mixin.py:190} INFO - [2024-08-22T16:54:14.423+0500] {dagbag.py:587} INFO - Filling up the DagBag from /home/rayyan/redfin_venv/lib/python3.10/site-packages/airflow/example_dags/example_inlet_event_extra.py
[2024-08-22T16:54:14.436+0500] {processor.py:925} INFO - DAG(s) 'read_dataset_event', 'read_dataset_event_from_classic' retrieved from /home/rayyan/redfin_venv/lib/python3.10/site-packages/airflow/example_dags/example_inlet_event_extra.py
[2024-08-22T16:54:14.453+0500] {logging_mixin.py:190} INFO - [2024-08-22T16:54:14.452+0500] {dag.py:3211} INFO - Sync 2 DAGs
[2024-08-22T16:54:14.578+0500] {logging_mixin.py:190} INFO - [2024-08-22T16:54:14.578+0500] {dag.py:4138} INFO - Setting next_dagrun for read_dataset_event to 2024-08-21 00:00:00+00:00, run_after=2024-08-22 00:00:00+00:00
[2024-08-22T16:54:14.584+0500] {logging_mixin.py:190} INFO - [2024-08-22T16:54:14.584+0500] {dag.py:4138} INFO - Setting next_dagrun for read_dataset_event_from_classic to 2024-08-21 00:00:00+00:00, run_after=2024-08-22 00:00:00+00:00
[2024-08-22T16:54:14.605+0500] {processor.py:208} INFO - Processing /home/rayyan/redfin_venv/lib/python3.10/site-packages/airflow/example_dags/example_inlet_event_extra.py took 0.194 seconds
[2024-08-22T16:55:13.614+0500] {processor.py:186} INFO - Started process (PID=5871) to work on /home/rayyan/redfin_venv/lib/python3.10/site-packages/airflow/example_dags/example_inlet_event_extra.py
[2024-08-22T16:55:13.616+0500] {processor.py:914} INFO - Processing file /home/rayyan/redfin_venv/lib/python3.10/site-packages/airflow/example_dags/example_inlet_event_extra.py for tasks to queue
[2024-08-22T16:55:13.619+0500] {logging_mixin.py:190} INFO - [2024-08-22T16:55:13.618+0500] {dagbag.py:587} INFO - Filling up the DagBag from /home/rayyan/redfin_venv/lib/python3.10/site-packages/airflow/example_dags/example_inlet_event_extra.py
[2024-08-22T16:55:13.634+0500] {processor.py:925} INFO - DAG(s) 'read_dataset_event', 'read_dataset_event_from_classic' retrieved from /home/rayyan/redfin_venv/lib/python3.10/site-packages/airflow/example_dags/example_inlet_event_extra.py
[2024-08-22T16:55:13.659+0500] {logging_mixin.py:190} INFO - [2024-08-22T16:55:13.658+0500] {dag.py:3211} INFO - Sync 2 DAGs
[2024-08-22T16:55:13.801+0500] {logging_mixin.py:190} INFO - [2024-08-22T16:55:13.801+0500] {dag.py:4138} INFO - Setting next_dagrun for read_dataset_event to 2024-08-21 00:00:00+00:00, run_after=2024-08-22 00:00:00+00:00
[2024-08-22T16:55:13.808+0500] {logging_mixin.py:190} INFO - [2024-08-22T16:55:13.808+0500] {dag.py:4138} INFO - Setting next_dagrun for read_dataset_event_from_classic to 2024-08-21 00:00:00+00:00, run_after=2024-08-22 00:00:00+00:00
[2024-08-22T16:55:13.829+0500] {processor.py:208} INFO - Processing /home/rayyan/redfin_venv/lib/python3.10/site-packages/airflow/example_dags/example_inlet_event_extra.py took 0.221 seconds
[2024-08-22T16:56:18.280+0500] {processor.py:186} INFO - Started process (PID=6184) to work on /home/rayyan/redfin_venv/lib/python3.10/site-packages/airflow/example_dags/example_inlet_event_extra.py
[2024-08-22T16:56:18.293+0500] {processor.py:914} INFO - Processing file /home/rayyan/redfin_venv/lib/python3.10/site-packages/airflow/example_dags/example_inlet_event_extra.py for tasks to queue
[2024-08-22T16:56:18.295+0500] {logging_mixin.py:190} INFO - [2024-08-22T16:56:18.295+0500] {dagbag.py:587} INFO - Filling up the DagBag from /home/rayyan/redfin_venv/lib/python3.10/site-packages/airflow/example_dags/example_inlet_event_extra.py
[2024-08-22T16:56:18.308+0500] {processor.py:925} INFO - DAG(s) 'read_dataset_event', 'read_dataset_event_from_classic' retrieved from /home/rayyan/redfin_venv/lib/python3.10/site-packages/airflow/example_dags/example_inlet_event_extra.py
[2024-08-22T16:56:18.325+0500] {logging_mixin.py:190} INFO - [2024-08-22T16:56:18.325+0500] {dag.py:3211} INFO - Sync 2 DAGs
[2024-08-22T16:56:18.456+0500] {logging_mixin.py:190} INFO - [2024-08-22T16:56:18.456+0500] {dag.py:4138} INFO - Setting next_dagrun for read_dataset_event to 2024-08-21 00:00:00+00:00, run_after=2024-08-22 00:00:00+00:00
[2024-08-22T16:56:18.461+0500] {logging_mixin.py:190} INFO - [2024-08-22T16:56:18.461+0500] {dag.py:4138} INFO - Setting next_dagrun for read_dataset_event_from_classic to 2024-08-21 00:00:00+00:00, run_after=2024-08-22 00:00:00+00:00
[2024-08-22T16:56:18.483+0500] {processor.py:208} INFO - Processing /home/rayyan/redfin_venv/lib/python3.10/site-packages/airflow/example_dags/example_inlet_event_extra.py took 0.209 seconds
[2024-08-22T16:57:23.728+0500] {processor.py:186} INFO - Started process (PID=6499) to work on /home/rayyan/redfin_venv/lib/python3.10/site-packages/airflow/example_dags/example_inlet_event_extra.py
[2024-08-22T16:57:23.740+0500] {processor.py:914} INFO - Processing file /home/rayyan/redfin_venv/lib/python3.10/site-packages/airflow/example_dags/example_inlet_event_extra.py for tasks to queue
[2024-08-22T16:57:23.742+0500] {logging_mixin.py:190} INFO - [2024-08-22T16:57:23.742+0500] {dagbag.py:587} INFO - Filling up the DagBag from /home/rayyan/redfin_venv/lib/python3.10/site-packages/airflow/example_dags/example_inlet_event_extra.py
[2024-08-22T16:57:23.757+0500] {processor.py:925} INFO - DAG(s) 'read_dataset_event', 'read_dataset_event_from_classic' retrieved from /home/rayyan/redfin_venv/lib/python3.10/site-packages/airflow/example_dags/example_inlet_event_extra.py
[2024-08-22T16:57:23.774+0500] {logging_mixin.py:190} INFO - [2024-08-22T16:57:23.773+0500] {dag.py:3211} INFO - Sync 2 DAGs
[2024-08-22T16:57:23.915+0500] {logging_mixin.py:190} INFO - [2024-08-22T16:57:23.915+0500] {dag.py:4138} INFO - Setting next_dagrun for read_dataset_event to 2024-08-21 00:00:00+00:00, run_after=2024-08-22 00:00:00+00:00
[2024-08-22T16:57:23.921+0500] {logging_mixin.py:190} INFO - [2024-08-22T16:57:23.920+0500] {dag.py:4138} INFO - Setting next_dagrun for read_dataset_event_from_classic to 2024-08-21 00:00:00+00:00, run_after=2024-08-22 00:00:00+00:00
[2024-08-22T16:57:23.942+0500] {processor.py:208} INFO - Processing /home/rayyan/redfin_venv/lib/python3.10/site-packages/airflow/example_dags/example_inlet_event_extra.py took 0.223 seconds
[2024-08-22T16:59:31.000+0500] {processor.py:186} INFO - Started process (PID=7159) to work on /home/rayyan/redfin_venv/lib/python3.10/site-packages/airflow/example_dags/example_inlet_event_extra.py
[2024-08-22T16:59:31.012+0500] {processor.py:914} INFO - Processing file /home/rayyan/redfin_venv/lib/python3.10/site-packages/airflow/example_dags/example_inlet_event_extra.py for tasks to queue
[2024-08-22T16:59:31.015+0500] {logging_mixin.py:190} INFO - [2024-08-22T16:59:31.014+0500] {dagbag.py:587} INFO - Filling up the DagBag from /home/rayyan/redfin_venv/lib/python3.10/site-packages/airflow/example_dags/example_inlet_event_extra.py
[2024-08-22T16:59:31.030+0500] {processor.py:925} INFO - DAG(s) 'read_dataset_event', 'read_dataset_event_from_classic' retrieved from /home/rayyan/redfin_venv/lib/python3.10/site-packages/airflow/example_dags/example_inlet_event_extra.py
[2024-08-22T16:59:31.155+0500] {logging_mixin.py:190} INFO - [2024-08-22T16:59:31.155+0500] {dag.py:3211} INFO - Sync 2 DAGs
[2024-08-22T16:59:31.177+0500] {logging_mixin.py:190} INFO - [2024-08-22T16:59:31.177+0500] {dag.py:4138} INFO - Setting next_dagrun for read_dataset_event to 2024-08-21 00:00:00+00:00, run_after=2024-08-22 00:00:00+00:00
[2024-08-22T16:59:31.182+0500] {logging_mixin.py:190} INFO - [2024-08-22T16:59:31.182+0500] {dag.py:4138} INFO - Setting next_dagrun for read_dataset_event_from_classic to 2024-08-21 00:00:00+00:00, run_after=2024-08-22 00:00:00+00:00
[2024-08-22T16:59:31.202+0500] {processor.py:208} INFO - Processing /home/rayyan/redfin_venv/lib/python3.10/site-packages/airflow/example_dags/example_inlet_event_extra.py took 0.210 seconds
[2024-08-22T17:00:39.477+0500] {processor.py:186} INFO - Started process (PID=9225) to work on /home/rayyan/redfin_venv/lib/python3.10/site-packages/airflow/example_dags/example_inlet_event_extra.py
[2024-08-22T17:00:39.479+0500] {processor.py:914} INFO - Processing file /home/rayyan/redfin_venv/lib/python3.10/site-packages/airflow/example_dags/example_inlet_event_extra.py for tasks to queue
[2024-08-22T17:00:39.483+0500] {logging_mixin.py:190} INFO - [2024-08-22T17:00:39.482+0500] {dagbag.py:587} INFO - Filling up the DagBag from /home/rayyan/redfin_venv/lib/python3.10/site-packages/airflow/example_dags/example_inlet_event_extra.py
[2024-08-22T17:00:39.511+0500] {processor.py:925} INFO - DAG(s) 'read_dataset_event', 'read_dataset_event_from_classic' retrieved from /home/rayyan/redfin_venv/lib/python3.10/site-packages/airflow/example_dags/example_inlet_event_extra.py
[2024-08-22T17:00:39.549+0500] {logging_mixin.py:190} INFO - [2024-08-22T17:00:39.548+0500] {dag.py:3211} INFO - Sync 2 DAGs
[2024-08-22T17:00:39.620+0500] {logging_mixin.py:190} INFO - [2024-08-22T17:00:39.620+0500] {dag.py:4138} INFO - Setting next_dagrun for read_dataset_event to 2024-08-21 00:00:00+00:00, run_after=2024-08-22 00:00:00+00:00
[2024-08-22T17:00:39.637+0500] {logging_mixin.py:190} INFO - [2024-08-22T17:00:39.636+0500] {dag.py:4138} INFO - Setting next_dagrun for read_dataset_event_from_classic to 2024-08-21 00:00:00+00:00, run_after=2024-08-22 00:00:00+00:00
[2024-08-22T17:00:39.691+0500] {processor.py:208} INFO - Processing /home/rayyan/redfin_venv/lib/python3.10/site-packages/airflow/example_dags/example_inlet_event_extra.py took 0.225 seconds
[2024-08-22T17:01:46.461+0500] {processor.py:186} INFO - Started process (PID=11438) to work on /home/rayyan/redfin_venv/lib/python3.10/site-packages/airflow/example_dags/example_inlet_event_extra.py
[2024-08-22T17:01:46.473+0500] {processor.py:914} INFO - Processing file /home/rayyan/redfin_venv/lib/python3.10/site-packages/airflow/example_dags/example_inlet_event_extra.py for tasks to queue
[2024-08-22T17:01:46.476+0500] {logging_mixin.py:190} INFO - [2024-08-22T17:01:46.476+0500] {dagbag.py:587} INFO - Filling up the DagBag from /home/rayyan/redfin_venv/lib/python3.10/site-packages/airflow/example_dags/example_inlet_event_extra.py
[2024-08-22T17:01:46.498+0500] {processor.py:925} INFO - DAG(s) 'read_dataset_event_from_classic', 'read_dataset_event' retrieved from /home/rayyan/redfin_venv/lib/python3.10/site-packages/airflow/example_dags/example_inlet_event_extra.py
[2024-08-22T17:01:46.525+0500] {logging_mixin.py:190} INFO - [2024-08-22T17:01:46.524+0500] {dag.py:3211} INFO - Sync 2 DAGs
[2024-08-22T17:01:46.563+0500] {logging_mixin.py:190} INFO - [2024-08-22T17:01:46.563+0500] {dag.py:4138} INFO - Setting next_dagrun for read_dataset_event to 2024-08-21 00:00:00+00:00, run_after=2024-08-22 00:00:00+00:00
[2024-08-22T17:01:46.570+0500] {logging_mixin.py:190} INFO - [2024-08-22T17:01:46.570+0500] {dag.py:4138} INFO - Setting next_dagrun for read_dataset_event_from_classic to 2024-08-21 00:00:00+00:00, run_after=2024-08-22 00:00:00+00:00
[2024-08-22T17:01:46.601+0500] {processor.py:208} INFO - Processing /home/rayyan/redfin_venv/lib/python3.10/site-packages/airflow/example_dags/example_inlet_event_extra.py took 0.153 seconds
[2024-08-22T17:02:56.447+0500] {processor.py:186} INFO - Started process (PID=12934) to work on /home/rayyan/redfin_venv/lib/python3.10/site-packages/airflow/example_dags/example_inlet_event_extra.py
[2024-08-22T17:02:56.459+0500] {processor.py:914} INFO - Processing file /home/rayyan/redfin_venv/lib/python3.10/site-packages/airflow/example_dags/example_inlet_event_extra.py for tasks to queue
[2024-08-22T17:02:56.461+0500] {logging_mixin.py:190} INFO - [2024-08-22T17:02:56.461+0500] {dagbag.py:587} INFO - Filling up the DagBag from /home/rayyan/redfin_venv/lib/python3.10/site-packages/airflow/example_dags/example_inlet_event_extra.py
[2024-08-22T17:02:56.476+0500] {processor.py:925} INFO - DAG(s) 'read_dataset_event', 'read_dataset_event_from_classic' retrieved from /home/rayyan/redfin_venv/lib/python3.10/site-packages/airflow/example_dags/example_inlet_event_extra.py
[2024-08-22T17:02:56.496+0500] {logging_mixin.py:190} INFO - [2024-08-22T17:02:56.496+0500] {dag.py:3211} INFO - Sync 2 DAGs
[2024-08-22T17:02:56.522+0500] {logging_mixin.py:190} INFO - [2024-08-22T17:02:56.522+0500] {dag.py:4138} INFO - Setting next_dagrun for read_dataset_event to 2024-08-21 00:00:00+00:00, run_after=2024-08-22 00:00:00+00:00
[2024-08-22T17:02:56.526+0500] {logging_mixin.py:190} INFO - [2024-08-22T17:02:56.526+0500] {dag.py:4138} INFO - Setting next_dagrun for read_dataset_event_from_classic to 2024-08-21 00:00:00+00:00, run_after=2024-08-22 00:00:00+00:00
[2024-08-22T17:02:56.546+0500] {processor.py:208} INFO - Processing /home/rayyan/redfin_venv/lib/python3.10/site-packages/airflow/example_dags/example_inlet_event_extra.py took 0.107 seconds
[2024-08-22T17:03:55.390+0500] {processor.py:186} INFO - Started process (PID=13219) to work on /home/rayyan/redfin_venv/lib/python3.10/site-packages/airflow/example_dags/example_inlet_event_extra.py
[2024-08-22T17:03:55.393+0500] {processor.py:914} INFO - Processing file /home/rayyan/redfin_venv/lib/python3.10/site-packages/airflow/example_dags/example_inlet_event_extra.py for tasks to queue
[2024-08-22T17:03:55.397+0500] {logging_mixin.py:190} INFO - [2024-08-22T17:03:55.396+0500] {dagbag.py:587} INFO - Filling up the DagBag from /home/rayyan/redfin_venv/lib/python3.10/site-packages/airflow/example_dags/example_inlet_event_extra.py
[2024-08-22T17:03:55.417+0500] {processor.py:925} INFO - DAG(s) 'read_dataset_event_from_classic', 'read_dataset_event' retrieved from /home/rayyan/redfin_venv/lib/python3.10/site-packages/airflow/example_dags/example_inlet_event_extra.py
[2024-08-22T17:03:55.442+0500] {logging_mixin.py:190} INFO - [2024-08-22T17:03:55.441+0500] {dag.py:3211} INFO - Sync 2 DAGs
[2024-08-22T17:03:55.469+0500] {logging_mixin.py:190} INFO - [2024-08-22T17:03:55.468+0500] {dag.py:4138} INFO - Setting next_dagrun for read_dataset_event to 2024-08-21 00:00:00+00:00, run_after=2024-08-22 00:00:00+00:00
[2024-08-22T17:03:55.473+0500] {logging_mixin.py:190} INFO - [2024-08-22T17:03:55.473+0500] {dag.py:4138} INFO - Setting next_dagrun for read_dataset_event_from_classic to 2024-08-21 00:00:00+00:00, run_after=2024-08-22 00:00:00+00:00
[2024-08-22T17:03:55.492+0500] {processor.py:208} INFO - Processing /home/rayyan/redfin_venv/lib/python3.10/site-packages/airflow/example_dags/example_inlet_event_extra.py took 0.112 seconds
[2024-08-22T17:04:53.763+0500] {processor.py:186} INFO - Started process (PID=13501) to work on /home/rayyan/redfin_venv/lib/python3.10/site-packages/airflow/example_dags/example_inlet_event_extra.py
[2024-08-22T17:04:53.776+0500] {processor.py:914} INFO - Processing file /home/rayyan/redfin_venv/lib/python3.10/site-packages/airflow/example_dags/example_inlet_event_extra.py for tasks to queue
[2024-08-22T17:04:53.779+0500] {logging_mixin.py:190} INFO - [2024-08-22T17:04:53.779+0500] {dagbag.py:587} INFO - Filling up the DagBag from /home/rayyan/redfin_venv/lib/python3.10/site-packages/airflow/example_dags/example_inlet_event_extra.py
[2024-08-22T17:04:53.793+0500] {processor.py:925} INFO - DAG(s) 'read_dataset_event', 'read_dataset_event_from_classic' retrieved from /home/rayyan/redfin_venv/lib/python3.10/site-packages/airflow/example_dags/example_inlet_event_extra.py
[2024-08-22T17:04:53.811+0500] {logging_mixin.py:190} INFO - [2024-08-22T17:04:53.811+0500] {dag.py:3211} INFO - Sync 2 DAGs
[2024-08-22T17:04:53.831+0500] {logging_mixin.py:190} INFO - [2024-08-22T17:04:53.831+0500] {dag.py:4138} INFO - Setting next_dagrun for read_dataset_event to 2024-08-21 00:00:00+00:00, run_after=2024-08-22 00:00:00+00:00
[2024-08-22T17:04:53.835+0500] {logging_mixin.py:190} INFO - [2024-08-22T17:04:53.835+0500] {dag.py:4138} INFO - Setting next_dagrun for read_dataset_event_from_classic to 2024-08-21 00:00:00+00:00, run_after=2024-08-22 00:00:00+00:00
[2024-08-22T17:04:53.854+0500] {processor.py:208} INFO - Processing /home/rayyan/redfin_venv/lib/python3.10/site-packages/airflow/example_dags/example_inlet_event_extra.py took 0.103 seconds
[2024-08-22T17:05:47.438+0500] {processor.py:186} INFO - Started process (PID=13765) to work on /home/rayyan/redfin_venv/lib/python3.10/site-packages/airflow/example_dags/example_inlet_event_extra.py
[2024-08-22T17:05:47.449+0500] {processor.py:914} INFO - Processing file /home/rayyan/redfin_venv/lib/python3.10/site-packages/airflow/example_dags/example_inlet_event_extra.py for tasks to queue
[2024-08-22T17:05:47.452+0500] {logging_mixin.py:190} INFO - [2024-08-22T17:05:47.452+0500] {dagbag.py:587} INFO - Filling up the DagBag from /home/rayyan/redfin_venv/lib/python3.10/site-packages/airflow/example_dags/example_inlet_event_extra.py
[2024-08-22T17:05:47.465+0500] {processor.py:925} INFO - DAG(s) 'read_dataset_event_from_classic', 'read_dataset_event' retrieved from /home/rayyan/redfin_venv/lib/python3.10/site-packages/airflow/example_dags/example_inlet_event_extra.py
[2024-08-22T17:05:47.482+0500] {logging_mixin.py:190} INFO - [2024-08-22T17:05:47.482+0500] {dag.py:3211} INFO - Sync 2 DAGs
[2024-08-22T17:05:47.505+0500] {logging_mixin.py:190} INFO - [2024-08-22T17:05:47.505+0500] {dag.py:4138} INFO - Setting next_dagrun for read_dataset_event to 2024-08-21 00:00:00+00:00, run_after=2024-08-22 00:00:00+00:00
[2024-08-22T17:05:47.510+0500] {logging_mixin.py:190} INFO - [2024-08-22T17:05:47.509+0500] {dag.py:4138} INFO - Setting next_dagrun for read_dataset_event_from_classic to 2024-08-21 00:00:00+00:00, run_after=2024-08-22 00:00:00+00:00
[2024-08-22T17:05:47.529+0500] {processor.py:208} INFO - Processing /home/rayyan/redfin_venv/lib/python3.10/site-packages/airflow/example_dags/example_inlet_event_extra.py took 0.098 seconds
[2024-08-22T17:06:45.908+0500] {processor.py:186} INFO - Started process (PID=14048) to work on /home/rayyan/redfin_venv/lib/python3.10/site-packages/airflow/example_dags/example_inlet_event_extra.py
[2024-08-22T17:06:45.920+0500] {processor.py:914} INFO - Processing file /home/rayyan/redfin_venv/lib/python3.10/site-packages/airflow/example_dags/example_inlet_event_extra.py for tasks to queue
[2024-08-22T17:06:45.923+0500] {logging_mixin.py:190} INFO - [2024-08-22T17:06:45.922+0500] {dagbag.py:587} INFO - Filling up the DagBag from /home/rayyan/redfin_venv/lib/python3.10/site-packages/airflow/example_dags/example_inlet_event_extra.py
[2024-08-22T17:06:45.936+0500] {processor.py:925} INFO - DAG(s) 'read_dataset_event', 'read_dataset_event_from_classic' retrieved from /home/rayyan/redfin_venv/lib/python3.10/site-packages/airflow/example_dags/example_inlet_event_extra.py
[2024-08-22T17:06:45.954+0500] {logging_mixin.py:190} INFO - [2024-08-22T17:06:45.953+0500] {dag.py:3211} INFO - Sync 2 DAGs
[2024-08-22T17:06:45.977+0500] {logging_mixin.py:190} INFO - [2024-08-22T17:06:45.977+0500] {dag.py:4138} INFO - Setting next_dagrun for read_dataset_event to 2024-08-21 00:00:00+00:00, run_after=2024-08-22 00:00:00+00:00
[2024-08-22T17:06:45.981+0500] {logging_mixin.py:190} INFO - [2024-08-22T17:06:45.981+0500] {dag.py:4138} INFO - Setting next_dagrun for read_dataset_event_from_classic to 2024-08-21 00:00:00+00:00, run_after=2024-08-22 00:00:00+00:00
[2024-08-22T17:06:46.002+0500] {processor.py:208} INFO - Processing /home/rayyan/redfin_venv/lib/python3.10/site-packages/airflow/example_dags/example_inlet_event_extra.py took 0.103 seconds
[2024-08-22T17:07:43.648+0500] {processor.py:186} INFO - Started process (PID=14335) to work on /home/rayyan/redfin_venv/lib/python3.10/site-packages/airflow/example_dags/example_inlet_event_extra.py
[2024-08-22T17:07:43.660+0500] {processor.py:914} INFO - Processing file /home/rayyan/redfin_venv/lib/python3.10/site-packages/airflow/example_dags/example_inlet_event_extra.py for tasks to queue
[2024-08-22T17:07:43.663+0500] {logging_mixin.py:190} INFO - [2024-08-22T17:07:43.662+0500] {dagbag.py:587} INFO - Filling up the DagBag from /home/rayyan/redfin_venv/lib/python3.10/site-packages/airflow/example_dags/example_inlet_event_extra.py
[2024-08-22T17:07:43.680+0500] {processor.py:925} INFO - DAG(s) 'read_dataset_event', 'read_dataset_event_from_classic' retrieved from /home/rayyan/redfin_venv/lib/python3.10/site-packages/airflow/example_dags/example_inlet_event_extra.py
[2024-08-22T17:07:43.701+0500] {logging_mixin.py:190} INFO - [2024-08-22T17:07:43.700+0500] {dag.py:3211} INFO - Sync 2 DAGs
[2024-08-22T17:07:43.729+0500] {logging_mixin.py:190} INFO - [2024-08-22T17:07:43.729+0500] {dag.py:4138} INFO - Setting next_dagrun for read_dataset_event to 2024-08-21 00:00:00+00:00, run_after=2024-08-22 00:00:00+00:00
[2024-08-22T17:07:43.734+0500] {logging_mixin.py:190} INFO - [2024-08-22T17:07:43.734+0500] {dag.py:4138} INFO - Setting next_dagrun for read_dataset_event_from_classic to 2024-08-21 00:00:00+00:00, run_after=2024-08-22 00:00:00+00:00
[2024-08-22T17:07:43.758+0500] {processor.py:208} INFO - Processing /home/rayyan/redfin_venv/lib/python3.10/site-packages/airflow/example_dags/example_inlet_event_extra.py took 0.118 seconds
