[2024-08-22T16:47:54.337+0500] {processor.py:186} INFO - Started process (PID=3721) to work on /home/rayyan/redfin_venv/lib/python3.10/site-packages/airflow/example_dags/example_dataset_alias.py
[2024-08-22T16:47:54.339+0500] {processor.py:914} INFO - Processing file /home/rayyan/redfin_venv/lib/python3.10/site-packages/airflow/example_dags/example_dataset_alias.py for tasks to queue
[2024-08-22T16:47:54.341+0500] {logging_mixin.py:190} INFO - [2024-08-22T16:47:54.341+0500] {dagbag.py:587} INFO - Filling up the DagBag from /home/rayyan/redfin_venv/lib/python3.10/site-packages/airflow/example_dags/example_dataset_alias.py
[2024-08-22T16:47:54.366+0500] {processor.py:925} INFO - DAG(s) 'dataset_s3_bucket_consumer', 'dataset_alias_example_alias_consumer', 'dataset_s3_bucket_producer', 'dataset_alias_example_alias_producer' retrieved from /home/rayyan/redfin_venv/lib/python3.10/site-packages/airflow/example_dags/example_dataset_alias.py
[2024-08-22T16:47:54.391+0500] {logging_mixin.py:190} INFO - [2024-08-22T16:47:54.391+0500] {dag.py:3211} INFO - Sync 4 DAGs
[2024-08-22T16:47:54.411+0500] {logging_mixin.py:190} INFO - [2024-08-22T16:47:54.410+0500] {dag.py:4138} INFO - Setting next_dagrun for dataset_alias_example_alias_consumer to None, run_after=None
[2024-08-22T16:47:54.412+0500] {logging_mixin.py:190} INFO - [2024-08-22T16:47:54.412+0500] {dag.py:4138} INFO - Setting next_dagrun for dataset_alias_example_alias_producer to None, run_after=None
[2024-08-22T16:47:54.413+0500] {logging_mixin.py:190} INFO - [2024-08-22T16:47:54.413+0500] {dag.py:4138} INFO - Setting next_dagrun for dataset_s3_bucket_consumer to None, run_after=None
[2024-08-22T16:47:54.414+0500] {logging_mixin.py:190} INFO - [2024-08-22T16:47:54.414+0500] {dag.py:4138} INFO - Setting next_dagrun for dataset_s3_bucket_producer to None, run_after=None
[2024-08-22T16:47:54.450+0500] {processor.py:208} INFO - Processing /home/rayyan/redfin_venv/lib/python3.10/site-packages/airflow/example_dags/example_dataset_alias.py took 0.120 seconds
[2024-08-22T16:48:54.037+0500] {processor.py:186} INFO - Started process (PID=4036) to work on /home/rayyan/redfin_venv/lib/python3.10/site-packages/airflow/example_dags/example_dataset_alias.py
[2024-08-22T16:48:54.038+0500] {processor.py:914} INFO - Processing file /home/rayyan/redfin_venv/lib/python3.10/site-packages/airflow/example_dags/example_dataset_alias.py for tasks to queue
[2024-08-22T16:48:54.041+0500] {logging_mixin.py:190} INFO - [2024-08-22T16:48:54.040+0500] {dagbag.py:587} INFO - Filling up the DagBag from /home/rayyan/redfin_venv/lib/python3.10/site-packages/airflow/example_dags/example_dataset_alias.py
[2024-08-22T16:48:54.062+0500] {processor.py:925} INFO - DAG(s) 'dataset_alias_example_alias_producer', 'dataset_alias_example_alias_consumer', 'dataset_s3_bucket_producer', 'dataset_s3_bucket_consumer' retrieved from /home/rayyan/redfin_venv/lib/python3.10/site-packages/airflow/example_dags/example_dataset_alias.py
[2024-08-22T16:48:54.081+0500] {logging_mixin.py:190} INFO - [2024-08-22T16:48:54.081+0500] {dag.py:3211} INFO - Sync 4 DAGs
[2024-08-22T16:48:54.100+0500] {logging_mixin.py:190} INFO - [2024-08-22T16:48:54.099+0500] {dag.py:4138} INFO - Setting next_dagrun for dataset_alias_example_alias_consumer to None, run_after=None
[2024-08-22T16:48:54.102+0500] {logging_mixin.py:190} INFO - [2024-08-22T16:48:54.102+0500] {dag.py:4138} INFO - Setting next_dagrun for dataset_alias_example_alias_producer to None, run_after=None
[2024-08-22T16:48:54.103+0500] {logging_mixin.py:190} INFO - [2024-08-22T16:48:54.103+0500] {dag.py:4138} INFO - Setting next_dagrun for dataset_s3_bucket_consumer to None, run_after=None
[2024-08-22T16:48:54.104+0500] {logging_mixin.py:190} INFO - [2024-08-22T16:48:54.104+0500] {dag.py:4138} INFO - Setting next_dagrun for dataset_s3_bucket_producer to None, run_after=None
[2024-08-22T16:48:54.130+0500] {processor.py:208} INFO - Processing /home/rayyan/redfin_venv/lib/python3.10/site-packages/airflow/example_dags/example_dataset_alias.py took 0.100 seconds
[2024-08-22T16:49:50.942+0500] {processor.py:186} INFO - Started process (PID=4315) to work on /home/rayyan/redfin_venv/lib/python3.10/site-packages/airflow/example_dags/example_dataset_alias.py
[2024-08-22T16:49:50.956+0500] {processor.py:914} INFO - Processing file /home/rayyan/redfin_venv/lib/python3.10/site-packages/airflow/example_dags/example_dataset_alias.py for tasks to queue
[2024-08-22T16:49:50.959+0500] {logging_mixin.py:190} INFO - [2024-08-22T16:49:50.958+0500] {dagbag.py:587} INFO - Filling up the DagBag from /home/rayyan/redfin_venv/lib/python3.10/site-packages/airflow/example_dags/example_dataset_alias.py
[2024-08-22T16:49:50.984+0500] {processor.py:925} INFO - DAG(s) 'dataset_alias_example_alias_producer', 'dataset_s3_bucket_producer', 'dataset_s3_bucket_consumer', 'dataset_alias_example_alias_consumer' retrieved from /home/rayyan/redfin_venv/lib/python3.10/site-packages/airflow/example_dags/example_dataset_alias.py
[2024-08-22T16:49:51.004+0500] {logging_mixin.py:190} INFO - [2024-08-22T16:49:51.004+0500] {dag.py:3211} INFO - Sync 4 DAGs
[2024-08-22T16:49:51.022+0500] {logging_mixin.py:190} INFO - [2024-08-22T16:49:51.022+0500] {dag.py:4138} INFO - Setting next_dagrun for dataset_alias_example_alias_consumer to None, run_after=None
[2024-08-22T16:49:51.024+0500] {logging_mixin.py:190} INFO - [2024-08-22T16:49:51.024+0500] {dag.py:4138} INFO - Setting next_dagrun for dataset_alias_example_alias_producer to None, run_after=None
[2024-08-22T16:49:51.025+0500] {logging_mixin.py:190} INFO - [2024-08-22T16:49:51.025+0500] {dag.py:4138} INFO - Setting next_dagrun for dataset_s3_bucket_consumer to None, run_after=None
[2024-08-22T16:49:51.026+0500] {logging_mixin.py:190} INFO - [2024-08-22T16:49:51.026+0500] {dag.py:4138} INFO - Setting next_dagrun for dataset_s3_bucket_producer to None, run_after=None
[2024-08-22T16:49:51.051+0500] {processor.py:208} INFO - Processing /home/rayyan/redfin_venv/lib/python3.10/site-packages/airflow/example_dags/example_dataset_alias.py took 0.117 seconds
[2024-08-22T16:50:46.743+0500] {processor.py:186} INFO - Started process (PID=4587) to work on /home/rayyan/redfin_venv/lib/python3.10/site-packages/airflow/example_dags/example_dataset_alias.py
[2024-08-22T16:50:46.745+0500] {processor.py:914} INFO - Processing file /home/rayyan/redfin_venv/lib/python3.10/site-packages/airflow/example_dags/example_dataset_alias.py for tasks to queue
[2024-08-22T16:50:46.748+0500] {logging_mixin.py:190} INFO - [2024-08-22T16:50:46.747+0500] {dagbag.py:587} INFO - Filling up the DagBag from /home/rayyan/redfin_venv/lib/python3.10/site-packages/airflow/example_dags/example_dataset_alias.py
[2024-08-22T16:50:46.771+0500] {processor.py:925} INFO - DAG(s) 'dataset_alias_example_alias_producer', 'dataset_s3_bucket_producer', 'dataset_s3_bucket_consumer', 'dataset_alias_example_alias_consumer' retrieved from /home/rayyan/redfin_venv/lib/python3.10/site-packages/airflow/example_dags/example_dataset_alias.py
[2024-08-22T16:50:46.791+0500] {logging_mixin.py:190} INFO - [2024-08-22T16:50:46.791+0500] {dag.py:3211} INFO - Sync 4 DAGs
[2024-08-22T16:50:46.923+0500] {logging_mixin.py:190} INFO - [2024-08-22T16:50:46.923+0500] {dag.py:4138} INFO - Setting next_dagrun for dataset_alias_example_alias_consumer to None, run_after=None
[2024-08-22T16:50:46.926+0500] {logging_mixin.py:190} INFO - [2024-08-22T16:50:46.926+0500] {dag.py:4138} INFO - Setting next_dagrun for dataset_alias_example_alias_producer to None, run_after=None
[2024-08-22T16:50:46.928+0500] {logging_mixin.py:190} INFO - [2024-08-22T16:50:46.928+0500] {dag.py:4138} INFO - Setting next_dagrun for dataset_s3_bucket_consumer to None, run_after=None
[2024-08-22T16:50:46.929+0500] {logging_mixin.py:190} INFO - [2024-08-22T16:50:46.929+0500] {dag.py:4138} INFO - Setting next_dagrun for dataset_s3_bucket_producer to None, run_after=None
[2024-08-22T16:50:46.961+0500] {processor.py:208} INFO - Processing /home/rayyan/redfin_venv/lib/python3.10/site-packages/airflow/example_dags/example_dataset_alias.py took 0.226 seconds
[2024-08-22T16:51:45.031+0500] {processor.py:186} INFO - Started process (PID=4868) to work on /home/rayyan/redfin_venv/lib/python3.10/site-packages/airflow/example_dags/example_dataset_alias.py
[2024-08-22T16:51:45.043+0500] {processor.py:914} INFO - Processing file /home/rayyan/redfin_venv/lib/python3.10/site-packages/airflow/example_dags/example_dataset_alias.py for tasks to queue
[2024-08-22T16:51:45.046+0500] {logging_mixin.py:190} INFO - [2024-08-22T16:51:45.046+0500] {dagbag.py:587} INFO - Filling up the DagBag from /home/rayyan/redfin_venv/lib/python3.10/site-packages/airflow/example_dags/example_dataset_alias.py
[2024-08-22T16:51:45.072+0500] {processor.py:925} INFO - DAG(s) 'dataset_alias_example_alias_consumer', 'dataset_s3_bucket_consumer', 'dataset_alias_example_alias_producer', 'dataset_s3_bucket_producer' retrieved from /home/rayyan/redfin_venv/lib/python3.10/site-packages/airflow/example_dags/example_dataset_alias.py
[2024-08-22T16:51:45.092+0500] {logging_mixin.py:190} INFO - [2024-08-22T16:51:45.092+0500] {dag.py:3211} INFO - Sync 4 DAGs
[2024-08-22T16:51:45.112+0500] {logging_mixin.py:190} INFO - [2024-08-22T16:51:45.112+0500] {dag.py:4138} INFO - Setting next_dagrun for dataset_alias_example_alias_consumer to None, run_after=None
[2024-08-22T16:51:45.114+0500] {logging_mixin.py:190} INFO - [2024-08-22T16:51:45.114+0500] {dag.py:4138} INFO - Setting next_dagrun for dataset_alias_example_alias_producer to None, run_after=None
[2024-08-22T16:51:45.114+0500] {logging_mixin.py:190} INFO - [2024-08-22T16:51:45.114+0500] {dag.py:4138} INFO - Setting next_dagrun for dataset_s3_bucket_consumer to None, run_after=None
[2024-08-22T16:51:45.115+0500] {logging_mixin.py:190} INFO - [2024-08-22T16:51:45.115+0500] {dag.py:4138} INFO - Setting next_dagrun for dataset_s3_bucket_producer to None, run_after=None
[2024-08-22T16:51:45.249+0500] {processor.py:208} INFO - Processing /home/rayyan/redfin_venv/lib/python3.10/site-packages/airflow/example_dags/example_dataset_alias.py took 0.226 seconds
[2024-08-22T16:52:44.439+0500] {processor.py:186} INFO - Started process (PID=5153) to work on /home/rayyan/redfin_venv/lib/python3.10/site-packages/airflow/example_dags/example_dataset_alias.py
[2024-08-22T16:52:44.440+0500] {processor.py:914} INFO - Processing file /home/rayyan/redfin_venv/lib/python3.10/site-packages/airflow/example_dags/example_dataset_alias.py for tasks to queue
[2024-08-22T16:52:44.443+0500] {logging_mixin.py:190} INFO - [2024-08-22T16:52:44.442+0500] {dagbag.py:587} INFO - Filling up the DagBag from /home/rayyan/redfin_venv/lib/python3.10/site-packages/airflow/example_dags/example_dataset_alias.py
[2024-08-22T16:52:44.469+0500] {processor.py:925} INFO - DAG(s) 'dataset_s3_bucket_producer', 'dataset_alias_example_alias_consumer', 'dataset_alias_example_alias_producer', 'dataset_s3_bucket_consumer' retrieved from /home/rayyan/redfin_venv/lib/python3.10/site-packages/airflow/example_dags/example_dataset_alias.py
[2024-08-22T16:52:44.489+0500] {logging_mixin.py:190} INFO - [2024-08-22T16:52:44.489+0500] {dag.py:3211} INFO - Sync 4 DAGs
[2024-08-22T16:52:44.508+0500] {logging_mixin.py:190} INFO - [2024-08-22T16:52:44.508+0500] {dag.py:4138} INFO - Setting next_dagrun for dataset_alias_example_alias_consumer to None, run_after=None
[2024-08-22T16:52:44.511+0500] {logging_mixin.py:190} INFO - [2024-08-22T16:52:44.511+0500] {dag.py:4138} INFO - Setting next_dagrun for dataset_alias_example_alias_producer to None, run_after=None
[2024-08-22T16:52:44.512+0500] {logging_mixin.py:190} INFO - [2024-08-22T16:52:44.512+0500] {dag.py:4138} INFO - Setting next_dagrun for dataset_s3_bucket_consumer to None, run_after=None
[2024-08-22T16:52:44.513+0500] {logging_mixin.py:190} INFO - [2024-08-22T16:52:44.513+0500] {dag.py:4138} INFO - Setting next_dagrun for dataset_s3_bucket_producer to None, run_after=None
[2024-08-22T16:52:44.654+0500] {processor.py:208} INFO - Processing /home/rayyan/redfin_venv/lib/python3.10/site-packages/airflow/example_dags/example_dataset_alias.py took 0.223 seconds
[2024-08-22T16:53:47.021+0500] {processor.py:186} INFO - Started process (PID=5453) to work on /home/rayyan/redfin_venv/lib/python3.10/site-packages/airflow/example_dags/example_dataset_alias.py
[2024-08-22T16:53:47.023+0500] {processor.py:914} INFO - Processing file /home/rayyan/redfin_venv/lib/python3.10/site-packages/airflow/example_dags/example_dataset_alias.py for tasks to queue
[2024-08-22T16:53:47.027+0500] {logging_mixin.py:190} INFO - [2024-08-22T16:53:47.027+0500] {dagbag.py:587} INFO - Filling up the DagBag from /home/rayyan/redfin_venv/lib/python3.10/site-packages/airflow/example_dags/example_dataset_alias.py
[2024-08-22T16:53:47.053+0500] {processor.py:925} INFO - DAG(s) 'dataset_s3_bucket_consumer', 'dataset_alias_example_alias_producer', 'dataset_s3_bucket_producer', 'dataset_alias_example_alias_consumer' retrieved from /home/rayyan/redfin_venv/lib/python3.10/site-packages/airflow/example_dags/example_dataset_alias.py
[2024-08-22T16:53:47.072+0500] {logging_mixin.py:190} INFO - [2024-08-22T16:53:47.072+0500] {dag.py:3211} INFO - Sync 4 DAGs
[2024-08-22T16:53:47.090+0500] {logging_mixin.py:190} INFO - [2024-08-22T16:53:47.090+0500] {dag.py:4138} INFO - Setting next_dagrun for dataset_alias_example_alias_consumer to None, run_after=None
[2024-08-22T16:53:47.094+0500] {logging_mixin.py:190} INFO - [2024-08-22T16:53:47.094+0500] {dag.py:4138} INFO - Setting next_dagrun for dataset_alias_example_alias_producer to None, run_after=None
[2024-08-22T16:53:47.095+0500] {logging_mixin.py:190} INFO - [2024-08-22T16:53:47.095+0500] {dag.py:4138} INFO - Setting next_dagrun for dataset_s3_bucket_consumer to None, run_after=None
[2024-08-22T16:53:47.096+0500] {logging_mixin.py:190} INFO - [2024-08-22T16:53:47.096+0500] {dag.py:4138} INFO - Setting next_dagrun for dataset_s3_bucket_producer to None, run_after=None
[2024-08-22T16:53:47.238+0500] {processor.py:208} INFO - Processing /home/rayyan/redfin_venv/lib/python3.10/site-packages/airflow/example_dags/example_dataset_alias.py took 0.227 seconds
[2024-08-22T16:54:47.665+0500] {processor.py:186} INFO - Started process (PID=5748) to work on /home/rayyan/redfin_venv/lib/python3.10/site-packages/airflow/example_dags/example_dataset_alias.py
[2024-08-22T16:54:47.672+0500] {processor.py:914} INFO - Processing file /home/rayyan/redfin_venv/lib/python3.10/site-packages/airflow/example_dags/example_dataset_alias.py for tasks to queue
[2024-08-22T16:54:47.674+0500] {logging_mixin.py:190} INFO - [2024-08-22T16:54:47.673+0500] {dagbag.py:587} INFO - Filling up the DagBag from /home/rayyan/redfin_venv/lib/python3.10/site-packages/airflow/example_dags/example_dataset_alias.py
[2024-08-22T16:54:47.696+0500] {processor.py:925} INFO - DAG(s) 'dataset_s3_bucket_consumer', 'dataset_alias_example_alias_producer', 'dataset_alias_example_alias_consumer', 'dataset_s3_bucket_producer' retrieved from /home/rayyan/redfin_venv/lib/python3.10/site-packages/airflow/example_dags/example_dataset_alias.py
[2024-08-22T16:54:47.716+0500] {logging_mixin.py:190} INFO - [2024-08-22T16:54:47.716+0500] {dag.py:3211} INFO - Sync 4 DAGs
[2024-08-22T16:54:47.736+0500] {logging_mixin.py:190} INFO - [2024-08-22T16:54:47.736+0500] {dag.py:4138} INFO - Setting next_dagrun for dataset_alias_example_alias_consumer to None, run_after=None
[2024-08-22T16:54:47.740+0500] {logging_mixin.py:190} INFO - [2024-08-22T16:54:47.739+0500] {dag.py:4138} INFO - Setting next_dagrun for dataset_alias_example_alias_producer to None, run_after=None
[2024-08-22T16:54:47.740+0500] {logging_mixin.py:190} INFO - [2024-08-22T16:54:47.740+0500] {dag.py:4138} INFO - Setting next_dagrun for dataset_s3_bucket_consumer to None, run_after=None
[2024-08-22T16:54:47.741+0500] {logging_mixin.py:190} INFO - [2024-08-22T16:54:47.741+0500] {dag.py:4138} INFO - Setting next_dagrun for dataset_s3_bucket_producer to None, run_after=None
[2024-08-22T16:54:47.871+0500] {processor.py:208} INFO - Processing /home/rayyan/redfin_venv/lib/python3.10/site-packages/airflow/example_dags/example_dataset_alias.py took 0.212 seconds
[2024-08-22T16:55:50.310+0500] {processor.py:186} INFO - Started process (PID=6051) to work on /home/rayyan/redfin_venv/lib/python3.10/site-packages/airflow/example_dags/example_dataset_alias.py
[2024-08-22T16:55:50.322+0500] {processor.py:914} INFO - Processing file /home/rayyan/redfin_venv/lib/python3.10/site-packages/airflow/example_dags/example_dataset_alias.py for tasks to queue
[2024-08-22T16:55:50.325+0500] {logging_mixin.py:190} INFO - [2024-08-22T16:55:50.325+0500] {dagbag.py:587} INFO - Filling up the DagBag from /home/rayyan/redfin_venv/lib/python3.10/site-packages/airflow/example_dags/example_dataset_alias.py
[2024-08-22T16:55:50.355+0500] {processor.py:925} INFO - DAG(s) 'dataset_alias_example_alias_producer', 'dataset_s3_bucket_consumer', 'dataset_s3_bucket_producer', 'dataset_alias_example_alias_consumer' retrieved from /home/rayyan/redfin_venv/lib/python3.10/site-packages/airflow/example_dags/example_dataset_alias.py
[2024-08-22T16:55:50.381+0500] {logging_mixin.py:190} INFO - [2024-08-22T16:55:50.381+0500] {dag.py:3211} INFO - Sync 4 DAGs
[2024-08-22T16:55:50.406+0500] {logging_mixin.py:190} INFO - [2024-08-22T16:55:50.406+0500] {dag.py:4138} INFO - Setting next_dagrun for dataset_alias_example_alias_consumer to None, run_after=None
[2024-08-22T16:55:50.409+0500] {logging_mixin.py:190} INFO - [2024-08-22T16:55:50.409+0500] {dag.py:4138} INFO - Setting next_dagrun for dataset_alias_example_alias_producer to None, run_after=None
[2024-08-22T16:55:50.410+0500] {logging_mixin.py:190} INFO - [2024-08-22T16:55:50.410+0500] {dag.py:4138} INFO - Setting next_dagrun for dataset_s3_bucket_consumer to None, run_after=None
[2024-08-22T16:55:50.411+0500] {logging_mixin.py:190} INFO - [2024-08-22T16:55:50.411+0500] {dag.py:4138} INFO - Setting next_dagrun for dataset_s3_bucket_producer to None, run_after=None
[2024-08-22T16:55:50.570+0500] {processor.py:208} INFO - Processing /home/rayyan/redfin_venv/lib/python3.10/site-packages/airflow/example_dags/example_dataset_alias.py took 0.267 seconds
[2024-08-22T16:56:57.398+0500] {processor.py:186} INFO - Started process (PID=6371) to work on /home/rayyan/redfin_venv/lib/python3.10/site-packages/airflow/example_dags/example_dataset_alias.py
[2024-08-22T16:56:57.410+0500] {processor.py:914} INFO - Processing file /home/rayyan/redfin_venv/lib/python3.10/site-packages/airflow/example_dags/example_dataset_alias.py for tasks to queue
[2024-08-22T16:56:57.413+0500] {logging_mixin.py:190} INFO - [2024-08-22T16:56:57.413+0500] {dagbag.py:587} INFO - Filling up the DagBag from /home/rayyan/redfin_venv/lib/python3.10/site-packages/airflow/example_dags/example_dataset_alias.py
[2024-08-22T16:56:57.439+0500] {processor.py:925} INFO - DAG(s) 'dataset_alias_example_alias_producer', 'dataset_alias_example_alias_consumer', 'dataset_s3_bucket_consumer', 'dataset_s3_bucket_producer' retrieved from /home/rayyan/redfin_venv/lib/python3.10/site-packages/airflow/example_dags/example_dataset_alias.py
[2024-08-22T16:56:57.459+0500] {logging_mixin.py:190} INFO - [2024-08-22T16:56:57.459+0500] {dag.py:3211} INFO - Sync 4 DAGs
[2024-08-22T16:56:57.476+0500] {logging_mixin.py:190} INFO - [2024-08-22T16:56:57.476+0500] {dag.py:4138} INFO - Setting next_dagrun for dataset_alias_example_alias_consumer to None, run_after=None
[2024-08-22T16:56:57.478+0500] {logging_mixin.py:190} INFO - [2024-08-22T16:56:57.478+0500] {dag.py:4138} INFO - Setting next_dagrun for dataset_alias_example_alias_producer to None, run_after=None
[2024-08-22T16:56:57.479+0500] {logging_mixin.py:190} INFO - [2024-08-22T16:56:57.478+0500] {dag.py:4138} INFO - Setting next_dagrun for dataset_s3_bucket_consumer to None, run_after=None
[2024-08-22T16:56:57.479+0500] {logging_mixin.py:190} INFO - [2024-08-22T16:56:57.479+0500] {dag.py:4138} INFO - Setting next_dagrun for dataset_s3_bucket_producer to None, run_after=None
[2024-08-22T16:56:57.614+0500] {processor.py:208} INFO - Processing /home/rayyan/redfin_venv/lib/python3.10/site-packages/airflow/example_dags/example_dataset_alias.py took 0.227 seconds
[2024-08-22T16:58:00.304+0500] {processor.py:186} INFO - Started process (PID=6675) to work on /home/rayyan/redfin_venv/lib/python3.10/site-packages/airflow/example_dags/example_dataset_alias.py
[2024-08-22T16:58:00.305+0500] {processor.py:914} INFO - Processing file /home/rayyan/redfin_venv/lib/python3.10/site-packages/airflow/example_dags/example_dataset_alias.py for tasks to queue
[2024-08-22T16:58:00.307+0500] {logging_mixin.py:190} INFO - [2024-08-22T16:58:00.307+0500] {dagbag.py:587} INFO - Filling up the DagBag from /home/rayyan/redfin_venv/lib/python3.10/site-packages/airflow/example_dags/example_dataset_alias.py
[2024-08-22T16:58:00.330+0500] {processor.py:925} INFO - DAG(s) 'dataset_alias_example_alias_consumer', 'dataset_alias_example_alias_producer', 'dataset_s3_bucket_consumer', 'dataset_s3_bucket_producer' retrieved from /home/rayyan/redfin_venv/lib/python3.10/site-packages/airflow/example_dags/example_dataset_alias.py
[2024-08-22T16:58:00.351+0500] {logging_mixin.py:190} INFO - [2024-08-22T16:58:00.351+0500] {dag.py:3211} INFO - Sync 4 DAGs
[2024-08-22T16:58:00.370+0500] {logging_mixin.py:190} INFO - [2024-08-22T16:58:00.369+0500] {dag.py:4138} INFO - Setting next_dagrun for dataset_alias_example_alias_consumer to None, run_after=None
[2024-08-22T16:58:00.373+0500] {logging_mixin.py:190} INFO - [2024-08-22T16:58:00.373+0500] {dag.py:4138} INFO - Setting next_dagrun for dataset_alias_example_alias_producer to None, run_after=None
[2024-08-22T16:58:00.374+0500] {logging_mixin.py:190} INFO - [2024-08-22T16:58:00.374+0500] {dag.py:4138} INFO - Setting next_dagrun for dataset_s3_bucket_consumer to None, run_after=None
[2024-08-22T16:58:00.375+0500] {logging_mixin.py:190} INFO - [2024-08-22T16:58:00.375+0500] {dag.py:4138} INFO - Setting next_dagrun for dataset_s3_bucket_producer to None, run_after=None
[2024-08-22T16:58:00.515+0500] {processor.py:208} INFO - Processing /home/rayyan/redfin_venv/lib/python3.10/site-packages/airflow/example_dags/example_dataset_alias.py took 0.218 seconds
[2024-08-22T16:59:11.048+0500] {processor.py:186} INFO - Started process (PID=7020) to work on /home/rayyan/redfin_venv/lib/python3.10/site-packages/airflow/example_dags/example_dataset_alias.py
[2024-08-22T16:59:11.059+0500] {processor.py:914} INFO - Processing file /home/rayyan/redfin_venv/lib/python3.10/site-packages/airflow/example_dags/example_dataset_alias.py for tasks to queue
[2024-08-22T16:59:11.062+0500] {logging_mixin.py:190} INFO - [2024-08-22T16:59:11.062+0500] {dagbag.py:587} INFO - Filling up the DagBag from /home/rayyan/redfin_venv/lib/python3.10/site-packages/airflow/example_dags/example_dataset_alias.py
[2024-08-22T16:59:11.098+0500] {processor.py:925} INFO - DAG(s) 'dataset_s3_bucket_consumer', 'dataset_alias_example_alias_consumer', 'dataset_s3_bucket_producer', 'dataset_alias_example_alias_producer' retrieved from /home/rayyan/redfin_venv/lib/python3.10/site-packages/airflow/example_dags/example_dataset_alias.py
[2024-08-22T16:59:11.285+0500] {logging_mixin.py:190} INFO - [2024-08-22T16:59:11.285+0500] {dag.py:3211} INFO - Sync 4 DAGs
[2024-08-22T16:59:11.309+0500] {logging_mixin.py:190} INFO - [2024-08-22T16:59:11.309+0500] {dag.py:4138} INFO - Setting next_dagrun for dataset_alias_example_alias_consumer to None, run_after=None
[2024-08-22T16:59:11.312+0500] {logging_mixin.py:190} INFO - [2024-08-22T16:59:11.312+0500] {dag.py:4138} INFO - Setting next_dagrun for dataset_alias_example_alias_producer to None, run_after=None
[2024-08-22T16:59:11.314+0500] {logging_mixin.py:190} INFO - [2024-08-22T16:59:11.313+0500] {dag.py:4138} INFO - Setting next_dagrun for dataset_s3_bucket_consumer to None, run_after=None
[2024-08-22T16:59:11.315+0500] {logging_mixin.py:190} INFO - [2024-08-22T16:59:11.314+0500] {dag.py:4138} INFO - Setting next_dagrun for dataset_s3_bucket_producer to None, run_after=None
[2024-08-22T16:59:11.362+0500] {processor.py:208} INFO - Processing /home/rayyan/redfin_venv/lib/python3.10/site-packages/airflow/example_dags/example_dataset_alias.py took 0.325 seconds
[2024-08-22T17:00:09.103+0500] {processor.py:186} INFO - Started process (PID=8161) to work on /home/rayyan/redfin_venv/lib/python3.10/site-packages/airflow/example_dags/example_dataset_alias.py
[2024-08-22T17:00:09.105+0500] {processor.py:914} INFO - Processing file /home/rayyan/redfin_venv/lib/python3.10/site-packages/airflow/example_dags/example_dataset_alias.py for tasks to queue
[2024-08-22T17:00:09.110+0500] {logging_mixin.py:190} INFO - [2024-08-22T17:00:09.109+0500] {dagbag.py:587} INFO - Filling up the DagBag from /home/rayyan/redfin_venv/lib/python3.10/site-packages/airflow/example_dags/example_dataset_alias.py
[2024-08-22T17:00:09.147+0500] {processor.py:925} INFO - DAG(s) 'dataset_alias_example_alias_producer', 'dataset_s3_bucket_consumer', 'dataset_s3_bucket_producer', 'dataset_alias_example_alias_consumer' retrieved from /home/rayyan/redfin_venv/lib/python3.10/site-packages/airflow/example_dags/example_dataset_alias.py
[2024-08-22T17:00:09.184+0500] {logging_mixin.py:190} INFO - [2024-08-22T17:00:09.184+0500] {dag.py:3211} INFO - Sync 4 DAGs
[2024-08-22T17:00:09.215+0500] {logging_mixin.py:190} INFO - [2024-08-22T17:00:09.215+0500] {dag.py:4138} INFO - Setting next_dagrun for dataset_alias_example_alias_consumer to None, run_after=None
[2024-08-22T17:00:09.219+0500] {logging_mixin.py:190} INFO - [2024-08-22T17:00:09.218+0500] {dag.py:4138} INFO - Setting next_dagrun for dataset_alias_example_alias_producer to None, run_after=None
[2024-08-22T17:00:09.220+0500] {logging_mixin.py:190} INFO - [2024-08-22T17:00:09.220+0500] {dag.py:4138} INFO - Setting next_dagrun for dataset_s3_bucket_consumer to None, run_after=None
[2024-08-22T17:00:09.222+0500] {logging_mixin.py:190} INFO - [2024-08-22T17:00:09.221+0500] {dag.py:4138} INFO - Setting next_dagrun for dataset_s3_bucket_producer to None, run_after=None
[2024-08-22T17:00:09.265+0500] {processor.py:208} INFO - Processing /home/rayyan/redfin_venv/lib/python3.10/site-packages/airflow/example_dags/example_dataset_alias.py took 0.171 seconds
[2024-08-22T17:01:15.169+0500] {processor.py:186} INFO - Started process (PID=10491) to work on /home/rayyan/redfin_venv/lib/python3.10/site-packages/airflow/example_dags/example_dataset_alias.py
[2024-08-22T17:01:15.173+0500] {processor.py:914} INFO - Processing file /home/rayyan/redfin_venv/lib/python3.10/site-packages/airflow/example_dags/example_dataset_alias.py for tasks to queue
[2024-08-22T17:01:15.177+0500] {logging_mixin.py:190} INFO - [2024-08-22T17:01:15.176+0500] {dagbag.py:587} INFO - Filling up the DagBag from /home/rayyan/redfin_venv/lib/python3.10/site-packages/airflow/example_dags/example_dataset_alias.py
[2024-08-22T17:01:15.214+0500] {processor.py:925} INFO - DAG(s) 'dataset_alias_example_alias_producer', 'dataset_s3_bucket_producer', 'dataset_s3_bucket_consumer', 'dataset_alias_example_alias_consumer' retrieved from /home/rayyan/redfin_venv/lib/python3.10/site-packages/airflow/example_dags/example_dataset_alias.py
[2024-08-22T17:01:15.260+0500] {logging_mixin.py:190} INFO - [2024-08-22T17:01:15.259+0500] {dag.py:3211} INFO - Sync 4 DAGs
[2024-08-22T17:01:15.328+0500] {logging_mixin.py:190} INFO - [2024-08-22T17:01:15.328+0500] {dag.py:4138} INFO - Setting next_dagrun for dataset_alias_example_alias_consumer to None, run_after=None
[2024-08-22T17:01:15.334+0500] {logging_mixin.py:190} INFO - [2024-08-22T17:01:15.334+0500] {dag.py:4138} INFO - Setting next_dagrun for dataset_alias_example_alias_producer to None, run_after=None
[2024-08-22T17:01:15.337+0500] {logging_mixin.py:190} INFO - [2024-08-22T17:01:15.337+0500] {dag.py:4138} INFO - Setting next_dagrun for dataset_s3_bucket_consumer to None, run_after=None
[2024-08-22T17:01:15.341+0500] {logging_mixin.py:190} INFO - [2024-08-22T17:01:15.340+0500] {dag.py:4138} INFO - Setting next_dagrun for dataset_s3_bucket_producer to None, run_after=None
[2024-08-22T17:01:15.404+0500] {processor.py:208} INFO - Processing /home/rayyan/redfin_venv/lib/python3.10/site-packages/airflow/example_dags/example_dataset_alias.py took 0.246 seconds
[2024-08-22T17:02:26.945+0500] {processor.py:186} INFO - Started process (PID=12790) to work on /home/rayyan/redfin_venv/lib/python3.10/site-packages/airflow/example_dags/example_dataset_alias.py
[2024-08-22T17:02:26.957+0500] {processor.py:914} INFO - Processing file /home/rayyan/redfin_venv/lib/python3.10/site-packages/airflow/example_dags/example_dataset_alias.py for tasks to queue
[2024-08-22T17:02:26.962+0500] {logging_mixin.py:190} INFO - [2024-08-22T17:02:26.961+0500] {dagbag.py:587} INFO - Filling up the DagBag from /home/rayyan/redfin_venv/lib/python3.10/site-packages/airflow/example_dags/example_dataset_alias.py
[2024-08-22T17:02:27.007+0500] {processor.py:925} INFO - DAG(s) 'dataset_s3_bucket_consumer', 'dataset_alias_example_alias_consumer', 'dataset_alias_example_alias_producer', 'dataset_s3_bucket_producer' retrieved from /home/rayyan/redfin_venv/lib/python3.10/site-packages/airflow/example_dags/example_dataset_alias.py
[2024-08-22T17:02:27.056+0500] {logging_mixin.py:190} INFO - [2024-08-22T17:02:27.055+0500] {dag.py:3211} INFO - Sync 4 DAGs
[2024-08-22T17:02:27.101+0500] {logging_mixin.py:190} INFO - [2024-08-22T17:02:27.101+0500] {dag.py:4138} INFO - Setting next_dagrun for dataset_alias_example_alias_consumer to None, run_after=None
[2024-08-22T17:02:27.105+0500] {logging_mixin.py:190} INFO - [2024-08-22T17:02:27.104+0500] {dag.py:4138} INFO - Setting next_dagrun for dataset_alias_example_alias_producer to None, run_after=None
[2024-08-22T17:02:27.107+0500] {logging_mixin.py:190} INFO - [2024-08-22T17:02:27.106+0500] {dag.py:4138} INFO - Setting next_dagrun for dataset_s3_bucket_consumer to None, run_after=None
[2024-08-22T17:02:27.108+0500] {logging_mixin.py:190} INFO - [2024-08-22T17:02:27.108+0500] {dag.py:4138} INFO - Setting next_dagrun for dataset_s3_bucket_producer to None, run_after=None
[2024-08-22T17:02:27.147+0500] {processor.py:208} INFO - Processing /home/rayyan/redfin_venv/lib/python3.10/site-packages/airflow/example_dags/example_dataset_alias.py took 0.211 seconds
[2024-08-22T17:03:28.315+0500] {processor.py:186} INFO - Started process (PID=13088) to work on /home/rayyan/redfin_venv/lib/python3.10/site-packages/airflow/example_dags/example_dataset_alias.py
[2024-08-22T17:03:28.317+0500] {processor.py:914} INFO - Processing file /home/rayyan/redfin_venv/lib/python3.10/site-packages/airflow/example_dags/example_dataset_alias.py for tasks to queue
[2024-08-22T17:03:28.320+0500] {logging_mixin.py:190} INFO - [2024-08-22T17:03:28.320+0500] {dagbag.py:587} INFO - Filling up the DagBag from /home/rayyan/redfin_venv/lib/python3.10/site-packages/airflow/example_dags/example_dataset_alias.py
[2024-08-22T17:03:28.347+0500] {processor.py:925} INFO - DAG(s) 'dataset_s3_bucket_consumer', 'dataset_s3_bucket_producer', 'dataset_alias_example_alias_consumer', 'dataset_alias_example_alias_producer' retrieved from /home/rayyan/redfin_venv/lib/python3.10/site-packages/airflow/example_dags/example_dataset_alias.py
[2024-08-22T17:03:28.368+0500] {logging_mixin.py:190} INFO - [2024-08-22T17:03:28.368+0500] {dag.py:3211} INFO - Sync 4 DAGs
[2024-08-22T17:03:28.391+0500] {logging_mixin.py:190} INFO - [2024-08-22T17:03:28.391+0500] {dag.py:4138} INFO - Setting next_dagrun for dataset_alias_example_alias_consumer to None, run_after=None
[2024-08-22T17:03:28.393+0500] {logging_mixin.py:190} INFO - [2024-08-22T17:03:28.393+0500] {dag.py:4138} INFO - Setting next_dagrun for dataset_alias_example_alias_producer to None, run_after=None
[2024-08-22T17:03:28.394+0500] {logging_mixin.py:190} INFO - [2024-08-22T17:03:28.394+0500] {dag.py:4138} INFO - Setting next_dagrun for dataset_s3_bucket_consumer to None, run_after=None
[2024-08-22T17:03:28.395+0500] {logging_mixin.py:190} INFO - [2024-08-22T17:03:28.395+0500] {dag.py:4138} INFO - Setting next_dagrun for dataset_s3_bucket_producer to None, run_after=None
[2024-08-22T17:03:28.422+0500] {processor.py:208} INFO - Processing /home/rayyan/redfin_venv/lib/python3.10/site-packages/airflow/example_dags/example_dataset_alias.py took 0.117 seconds
[2024-08-22T17:04:26.577+0500] {processor.py:186} INFO - Started process (PID=13369) to work on /home/rayyan/redfin_venv/lib/python3.10/site-packages/airflow/example_dags/example_dataset_alias.py
[2024-08-22T17:04:26.589+0500] {processor.py:914} INFO - Processing file /home/rayyan/redfin_venv/lib/python3.10/site-packages/airflow/example_dags/example_dataset_alias.py for tasks to queue
[2024-08-22T17:04:26.592+0500] {logging_mixin.py:190} INFO - [2024-08-22T17:04:26.591+0500] {dagbag.py:587} INFO - Filling up the DagBag from /home/rayyan/redfin_venv/lib/python3.10/site-packages/airflow/example_dags/example_dataset_alias.py
[2024-08-22T17:04:26.617+0500] {processor.py:925} INFO - DAG(s) 'dataset_s3_bucket_consumer', 'dataset_alias_example_alias_producer', 'dataset_s3_bucket_producer', 'dataset_alias_example_alias_consumer' retrieved from /home/rayyan/redfin_venv/lib/python3.10/site-packages/airflow/example_dags/example_dataset_alias.py
[2024-08-22T17:04:26.637+0500] {logging_mixin.py:190} INFO - [2024-08-22T17:04:26.637+0500] {dag.py:3211} INFO - Sync 4 DAGs
[2024-08-22T17:04:26.657+0500] {logging_mixin.py:190} INFO - [2024-08-22T17:04:26.657+0500] {dag.py:4138} INFO - Setting next_dagrun for dataset_alias_example_alias_consumer to None, run_after=None
[2024-08-22T17:04:26.659+0500] {logging_mixin.py:190} INFO - [2024-08-22T17:04:26.659+0500] {dag.py:4138} INFO - Setting next_dagrun for dataset_alias_example_alias_producer to None, run_after=None
[2024-08-22T17:04:26.660+0500] {logging_mixin.py:190} INFO - [2024-08-22T17:04:26.660+0500] {dag.py:4138} INFO - Setting next_dagrun for dataset_s3_bucket_consumer to None, run_after=None
[2024-08-22T17:04:26.661+0500] {logging_mixin.py:190} INFO - [2024-08-22T17:04:26.661+0500] {dag.py:4138} INFO - Setting next_dagrun for dataset_s3_bucket_producer to None, run_after=None
[2024-08-22T17:04:26.684+0500] {processor.py:208} INFO - Processing /home/rayyan/redfin_venv/lib/python3.10/site-packages/airflow/example_dags/example_dataset_alias.py took 0.115 seconds
[2024-08-22T17:05:22.534+0500] {processor.py:186} INFO - Started process (PID=13643) to work on /home/rayyan/redfin_venv/lib/python3.10/site-packages/airflow/example_dags/example_dataset_alias.py
[2024-08-22T17:05:22.536+0500] {processor.py:914} INFO - Processing file /home/rayyan/redfin_venv/lib/python3.10/site-packages/airflow/example_dags/example_dataset_alias.py for tasks to queue
[2024-08-22T17:05:22.539+0500] {logging_mixin.py:190} INFO - [2024-08-22T17:05:22.539+0500] {dagbag.py:587} INFO - Filling up the DagBag from /home/rayyan/redfin_venv/lib/python3.10/site-packages/airflow/example_dags/example_dataset_alias.py
[2024-08-22T17:05:22.564+0500] {processor.py:925} INFO - DAG(s) 'dataset_alias_example_alias_producer', 'dataset_s3_bucket_producer', 'dataset_alias_example_alias_consumer', 'dataset_s3_bucket_consumer' retrieved from /home/rayyan/redfin_venv/lib/python3.10/site-packages/airflow/example_dags/example_dataset_alias.py
[2024-08-22T17:05:22.584+0500] {logging_mixin.py:190} INFO - [2024-08-22T17:05:22.583+0500] {dag.py:3211} INFO - Sync 4 DAGs
[2024-08-22T17:05:22.601+0500] {logging_mixin.py:190} INFO - [2024-08-22T17:05:22.601+0500] {dag.py:4138} INFO - Setting next_dagrun for dataset_alias_example_alias_consumer to None, run_after=None
[2024-08-22T17:05:22.605+0500] {logging_mixin.py:190} INFO - [2024-08-22T17:05:22.604+0500] {dag.py:4138} INFO - Setting next_dagrun for dataset_alias_example_alias_producer to None, run_after=None
[2024-08-22T17:05:22.605+0500] {logging_mixin.py:190} INFO - [2024-08-22T17:05:22.605+0500] {dag.py:4138} INFO - Setting next_dagrun for dataset_s3_bucket_consumer to None, run_after=None
[2024-08-22T17:05:22.606+0500] {logging_mixin.py:190} INFO - [2024-08-22T17:05:22.606+0500] {dag.py:4138} INFO - Setting next_dagrun for dataset_s3_bucket_producer to None, run_after=None
[2024-08-22T17:05:22.628+0500] {processor.py:208} INFO - Processing /home/rayyan/redfin_venv/lib/python3.10/site-packages/airflow/example_dags/example_dataset_alias.py took 0.104 seconds
[2024-08-22T17:06:17.405+0500] {processor.py:186} INFO - Started process (PID=13909) to work on /home/rayyan/redfin_venv/lib/python3.10/site-packages/airflow/example_dags/example_dataset_alias.py
[2024-08-22T17:06:17.417+0500] {processor.py:914} INFO - Processing file /home/rayyan/redfin_venv/lib/python3.10/site-packages/airflow/example_dags/example_dataset_alias.py for tasks to queue
[2024-08-22T17:06:17.420+0500] {logging_mixin.py:190} INFO - [2024-08-22T17:06:17.419+0500] {dagbag.py:587} INFO - Filling up the DagBag from /home/rayyan/redfin_venv/lib/python3.10/site-packages/airflow/example_dags/example_dataset_alias.py
[2024-08-22T17:06:17.443+0500] {processor.py:925} INFO - DAG(s) 'dataset_s3_bucket_consumer', 'dataset_alias_example_alias_producer', 'dataset_s3_bucket_producer', 'dataset_alias_example_alias_consumer' retrieved from /home/rayyan/redfin_venv/lib/python3.10/site-packages/airflow/example_dags/example_dataset_alias.py
[2024-08-22T17:06:17.464+0500] {logging_mixin.py:190} INFO - [2024-08-22T17:06:17.463+0500] {dag.py:3211} INFO - Sync 4 DAGs
[2024-08-22T17:06:17.481+0500] {logging_mixin.py:190} INFO - [2024-08-22T17:06:17.481+0500] {dag.py:4138} INFO - Setting next_dagrun for dataset_alias_example_alias_consumer to None, run_after=None
[2024-08-22T17:06:17.484+0500] {logging_mixin.py:190} INFO - [2024-08-22T17:06:17.484+0500] {dag.py:4138} INFO - Setting next_dagrun for dataset_alias_example_alias_producer to None, run_after=None
[2024-08-22T17:06:17.485+0500] {logging_mixin.py:190} INFO - [2024-08-22T17:06:17.485+0500] {dag.py:4138} INFO - Setting next_dagrun for dataset_s3_bucket_consumer to None, run_after=None
[2024-08-22T17:06:17.485+0500] {logging_mixin.py:190} INFO - [2024-08-22T17:06:17.485+0500] {dag.py:4138} INFO - Setting next_dagrun for dataset_s3_bucket_producer to None, run_after=None
[2024-08-22T17:06:17.512+0500] {processor.py:208} INFO - Processing /home/rayyan/redfin_venv/lib/python3.10/site-packages/airflow/example_dags/example_dataset_alias.py took 0.114 seconds
[2024-08-22T17:07:17.241+0500] {processor.py:186} INFO - Started process (PID=14204) to work on /home/rayyan/redfin_venv/lib/python3.10/site-packages/airflow/example_dags/example_dataset_alias.py
[2024-08-22T17:07:17.253+0500] {processor.py:914} INFO - Processing file /home/rayyan/redfin_venv/lib/python3.10/site-packages/airflow/example_dags/example_dataset_alias.py for tasks to queue
[2024-08-22T17:07:17.257+0500] {logging_mixin.py:190} INFO - [2024-08-22T17:07:17.256+0500] {dagbag.py:587} INFO - Filling up the DagBag from /home/rayyan/redfin_venv/lib/python3.10/site-packages/airflow/example_dags/example_dataset_alias.py
[2024-08-22T17:07:17.286+0500] {processor.py:925} INFO - DAG(s) 'dataset_alias_example_alias_producer', 'dataset_s3_bucket_producer', 'dataset_s3_bucket_consumer', 'dataset_alias_example_alias_consumer' retrieved from /home/rayyan/redfin_venv/lib/python3.10/site-packages/airflow/example_dags/example_dataset_alias.py
[2024-08-22T17:07:17.306+0500] {logging_mixin.py:190} INFO - [2024-08-22T17:07:17.306+0500] {dag.py:3211} INFO - Sync 4 DAGs
[2024-08-22T17:07:17.324+0500] {logging_mixin.py:190} INFO - [2024-08-22T17:07:17.323+0500] {dag.py:4138} INFO - Setting next_dagrun for dataset_alias_example_alias_consumer to None, run_after=None
[2024-08-22T17:07:17.326+0500] {logging_mixin.py:190} INFO - [2024-08-22T17:07:17.325+0500] {dag.py:4138} INFO - Setting next_dagrun for dataset_alias_example_alias_producer to None, run_after=None
[2024-08-22T17:07:17.326+0500] {logging_mixin.py:190} INFO - [2024-08-22T17:07:17.326+0500] {dag.py:4138} INFO - Setting next_dagrun for dataset_s3_bucket_consumer to None, run_after=None
[2024-08-22T17:07:17.327+0500] {logging_mixin.py:190} INFO - [2024-08-22T17:07:17.327+0500] {dag.py:4138} INFO - Setting next_dagrun for dataset_s3_bucket_producer to None, run_after=None
[2024-08-22T17:07:17.352+0500] {processor.py:208} INFO - Processing /home/rayyan/redfin_venv/lib/python3.10/site-packages/airflow/example_dags/example_dataset_alias.py took 0.125 seconds
