[2024-08-22T16:48:03.194+0500] {processor.py:186} INFO - Started process (PID=3763) to work on /home/rayyan/redfin_venv/lib/python3.10/site-packages/airflow/example_dags/example_task_group.py
[2024-08-22T16:48:03.195+0500] {processor.py:914} INFO - Processing file /home/rayyan/redfin_venv/lib/python3.10/site-packages/airflow/example_dags/example_task_group.py for tasks to queue
[2024-08-22T16:48:03.199+0500] {logging_mixin.py:190} INFO - [2024-08-22T16:48:03.199+0500] {dagbag.py:587} INFO - Filling up the DagBag from /home/rayyan/redfin_venv/lib/python3.10/site-packages/airflow/example_dags/example_task_group.py
[2024-08-22T16:48:03.212+0500] {processor.py:925} INFO - DAG(s) 'example_task_group' retrieved from /home/rayyan/redfin_venv/lib/python3.10/site-packages/airflow/example_dags/example_task_group.py
[2024-08-22T16:48:03.232+0500] {logging_mixin.py:190} INFO - [2024-08-22T16:48:03.232+0500] {dag.py:3211} INFO - Sync 1 DAGs
[2024-08-22T16:48:03.255+0500] {logging_mixin.py:190} INFO - [2024-08-22T16:48:03.254+0500] {dag.py:4138} INFO - Setting next_dagrun for example_task_group to 2024-08-21 00:00:00+00:00, run_after=2024-08-22 00:00:00+00:00
[2024-08-22T16:48:03.277+0500] {processor.py:208} INFO - Processing /home/rayyan/redfin_venv/lib/python3.10/site-packages/airflow/example_dags/example_task_group.py took 0.093 seconds
[2024-08-22T16:49:01.028+0500] {processor.py:186} INFO - Started process (PID=4072) to work on /home/rayyan/redfin_venv/lib/python3.10/site-packages/airflow/example_dags/example_task_group.py
[2024-08-22T16:49:01.029+0500] {processor.py:914} INFO - Processing file /home/rayyan/redfin_venv/lib/python3.10/site-packages/airflow/example_dags/example_task_group.py for tasks to queue
[2024-08-22T16:49:01.032+0500] {logging_mixin.py:190} INFO - [2024-08-22T16:49:01.031+0500] {dagbag.py:587} INFO - Filling up the DagBag from /home/rayyan/redfin_venv/lib/python3.10/site-packages/airflow/example_dags/example_task_group.py
[2024-08-22T16:49:01.045+0500] {processor.py:925} INFO - DAG(s) 'example_task_group' retrieved from /home/rayyan/redfin_venv/lib/python3.10/site-packages/airflow/example_dags/example_task_group.py
[2024-08-22T16:49:01.061+0500] {logging_mixin.py:190} INFO - [2024-08-22T16:49:01.061+0500] {dag.py:3211} INFO - Sync 1 DAGs
[2024-08-22T16:49:01.081+0500] {logging_mixin.py:190} INFO - [2024-08-22T16:49:01.081+0500] {dag.py:4138} INFO - Setting next_dagrun for example_task_group to 2024-08-21 00:00:00+00:00, run_after=2024-08-22 00:00:00+00:00
[2024-08-22T16:49:01.103+0500] {processor.py:208} INFO - Processing /home/rayyan/redfin_venv/lib/python3.10/site-packages/airflow/example_dags/example_task_group.py took 0.081 seconds
[2024-08-22T16:50:00.095+0500] {processor.py:186} INFO - Started process (PID=4360) to work on /home/rayyan/redfin_venv/lib/python3.10/site-packages/airflow/example_dags/example_task_group.py
[2024-08-22T16:50:00.108+0500] {processor.py:914} INFO - Processing file /home/rayyan/redfin_venv/lib/python3.10/site-packages/airflow/example_dags/example_task_group.py for tasks to queue
[2024-08-22T16:50:00.110+0500] {logging_mixin.py:190} INFO - [2024-08-22T16:50:00.110+0500] {dagbag.py:587} INFO - Filling up the DagBag from /home/rayyan/redfin_venv/lib/python3.10/site-packages/airflow/example_dags/example_task_group.py
[2024-08-22T16:50:00.120+0500] {processor.py:925} INFO - DAG(s) 'example_task_group' retrieved from /home/rayyan/redfin_venv/lib/python3.10/site-packages/airflow/example_dags/example_task_group.py
[2024-08-22T16:50:00.138+0500] {logging_mixin.py:190} INFO - [2024-08-22T16:50:00.138+0500] {dag.py:3211} INFO - Sync 1 DAGs
[2024-08-22T16:50:00.160+0500] {logging_mixin.py:190} INFO - [2024-08-22T16:50:00.160+0500] {dag.py:4138} INFO - Setting next_dagrun for example_task_group to 2024-08-21 00:00:00+00:00, run_after=2024-08-22 00:00:00+00:00
[2024-08-22T16:50:00.184+0500] {processor.py:208} INFO - Processing /home/rayyan/redfin_venv/lib/python3.10/site-packages/airflow/example_dags/example_task_group.py took 0.094 seconds
[2024-08-22T16:50:57.276+0500] {processor.py:186} INFO - Started process (PID=4637) to work on /home/rayyan/redfin_venv/lib/python3.10/site-packages/airflow/example_dags/example_task_group.py
[2024-08-22T16:50:57.278+0500] {processor.py:914} INFO - Processing file /home/rayyan/redfin_venv/lib/python3.10/site-packages/airflow/example_dags/example_task_group.py for tasks to queue
[2024-08-22T16:50:57.281+0500] {logging_mixin.py:190} INFO - [2024-08-22T16:50:57.280+0500] {dagbag.py:587} INFO - Filling up the DagBag from /home/rayyan/redfin_venv/lib/python3.10/site-packages/airflow/example_dags/example_task_group.py
[2024-08-22T16:50:57.290+0500] {processor.py:925} INFO - DAG(s) 'example_task_group' retrieved from /home/rayyan/redfin_venv/lib/python3.10/site-packages/airflow/example_dags/example_task_group.py
[2024-08-22T16:50:57.306+0500] {logging_mixin.py:190} INFO - [2024-08-22T16:50:57.306+0500] {dag.py:3211} INFO - Sync 1 DAGs
[2024-08-22T16:50:57.326+0500] {logging_mixin.py:190} INFO - [2024-08-22T16:50:57.326+0500] {dag.py:4138} INFO - Setting next_dagrun for example_task_group to 2024-08-21 00:00:00+00:00, run_after=2024-08-22 00:00:00+00:00
[2024-08-22T16:50:57.347+0500] {processor.py:208} INFO - Processing /home/rayyan/redfin_venv/lib/python3.10/site-packages/airflow/example_dags/example_task_group.py took 0.079 seconds
[2024-08-22T16:51:56.370+0500] {processor.py:186} INFO - Started process (PID=4921) to work on /home/rayyan/redfin_venv/lib/python3.10/site-packages/airflow/example_dags/example_task_group.py
[2024-08-22T16:51:56.383+0500] {processor.py:914} INFO - Processing file /home/rayyan/redfin_venv/lib/python3.10/site-packages/airflow/example_dags/example_task_group.py for tasks to queue
[2024-08-22T16:51:56.386+0500] {logging_mixin.py:190} INFO - [2024-08-22T16:51:56.386+0500] {dagbag.py:587} INFO - Filling up the DagBag from /home/rayyan/redfin_venv/lib/python3.10/site-packages/airflow/example_dags/example_task_group.py
[2024-08-22T16:51:56.399+0500] {processor.py:925} INFO - DAG(s) 'example_task_group' retrieved from /home/rayyan/redfin_venv/lib/python3.10/site-packages/airflow/example_dags/example_task_group.py
[2024-08-22T16:51:56.419+0500] {logging_mixin.py:190} INFO - [2024-08-22T16:51:56.419+0500] {dag.py:3211} INFO - Sync 1 DAGs
[2024-08-22T16:51:56.439+0500] {logging_mixin.py:190} INFO - [2024-08-22T16:51:56.439+0500] {dag.py:4138} INFO - Setting next_dagrun for example_task_group to 2024-08-21 00:00:00+00:00, run_after=2024-08-22 00:00:00+00:00
[2024-08-22T16:51:56.581+0500] {processor.py:208} INFO - Processing /home/rayyan/redfin_venv/lib/python3.10/site-packages/airflow/example_dags/example_task_group.py took 0.230 seconds
[2024-08-22T16:52:58.640+0500] {processor.py:186} INFO - Started process (PID=5220) to work on /home/rayyan/redfin_venv/lib/python3.10/site-packages/airflow/example_dags/example_task_group.py
[2024-08-22T16:52:58.652+0500] {processor.py:914} INFO - Processing file /home/rayyan/redfin_venv/lib/python3.10/site-packages/airflow/example_dags/example_task_group.py for tasks to queue
[2024-08-22T16:52:58.655+0500] {logging_mixin.py:190} INFO - [2024-08-22T16:52:58.654+0500] {dagbag.py:587} INFO - Filling up the DagBag from /home/rayyan/redfin_venv/lib/python3.10/site-packages/airflow/example_dags/example_task_group.py
[2024-08-22T16:52:58.666+0500] {processor.py:925} INFO - DAG(s) 'example_task_group' retrieved from /home/rayyan/redfin_venv/lib/python3.10/site-packages/airflow/example_dags/example_task_group.py
[2024-08-22T16:52:58.684+0500] {logging_mixin.py:190} INFO - [2024-08-22T16:52:58.683+0500] {dag.py:3211} INFO - Sync 1 DAGs
[2024-08-22T16:52:58.807+0500] {logging_mixin.py:190} INFO - [2024-08-22T16:52:58.807+0500] {dag.py:4138} INFO - Setting next_dagrun for example_task_group to 2024-08-21 00:00:00+00:00, run_after=2024-08-22 00:00:00+00:00
[2024-08-22T16:52:58.840+0500] {processor.py:208} INFO - Processing /home/rayyan/redfin_venv/lib/python3.10/site-packages/airflow/example_dags/example_task_group.py took 0.208 seconds
[2024-08-22T16:53:59.811+0500] {processor.py:186} INFO - Started process (PID=5513) to work on /home/rayyan/redfin_venv/lib/python3.10/site-packages/airflow/example_dags/example_task_group.py
[2024-08-22T16:53:59.823+0500] {processor.py:914} INFO - Processing file /home/rayyan/redfin_venv/lib/python3.10/site-packages/airflow/example_dags/example_task_group.py for tasks to queue
[2024-08-22T16:53:59.825+0500] {logging_mixin.py:190} INFO - [2024-08-22T16:53:59.824+0500] {dagbag.py:587} INFO - Filling up the DagBag from /home/rayyan/redfin_venv/lib/python3.10/site-packages/airflow/example_dags/example_task_group.py
[2024-08-22T16:53:59.834+0500] {processor.py:925} INFO - DAG(s) 'example_task_group' retrieved from /home/rayyan/redfin_venv/lib/python3.10/site-packages/airflow/example_dags/example_task_group.py
[2024-08-22T16:53:59.854+0500] {logging_mixin.py:190} INFO - [2024-08-22T16:53:59.854+0500] {dag.py:3211} INFO - Sync 1 DAGs
[2024-08-22T16:53:59.982+0500] {logging_mixin.py:190} INFO - [2024-08-22T16:53:59.981+0500] {dag.py:4138} INFO - Setting next_dagrun for example_task_group to 2024-08-21 00:00:00+00:00, run_after=2024-08-22 00:00:00+00:00
[2024-08-22T16:54:00.013+0500] {processor.py:208} INFO - Processing /home/rayyan/redfin_venv/lib/python3.10/site-packages/airflow/example_dags/example_task_group.py took 0.207 seconds
[2024-08-22T16:54:58.030+0500] {processor.py:186} INFO - Started process (PID=5798) to work on /home/rayyan/redfin_venv/lib/python3.10/site-packages/airflow/example_dags/example_task_group.py
[2024-08-22T16:54:58.043+0500] {processor.py:914} INFO - Processing file /home/rayyan/redfin_venv/lib/python3.10/site-packages/airflow/example_dags/example_task_group.py for tasks to queue
[2024-08-22T16:54:58.046+0500] {logging_mixin.py:190} INFO - [2024-08-22T16:54:58.045+0500] {dagbag.py:587} INFO - Filling up the DagBag from /home/rayyan/redfin_venv/lib/python3.10/site-packages/airflow/example_dags/example_task_group.py
[2024-08-22T16:54:58.056+0500] {processor.py:925} INFO - DAG(s) 'example_task_group' retrieved from /home/rayyan/redfin_venv/lib/python3.10/site-packages/airflow/example_dags/example_task_group.py
[2024-08-22T16:54:58.074+0500] {logging_mixin.py:190} INFO - [2024-08-22T16:54:58.074+0500] {dag.py:3211} INFO - Sync 1 DAGs
[2024-08-22T16:54:58.097+0500] {logging_mixin.py:190} INFO - [2024-08-22T16:54:58.097+0500] {dag.py:4138} INFO - Setting next_dagrun for example_task_group to 2024-08-21 00:00:00+00:00, run_after=2024-08-22 00:00:00+00:00
[2024-08-22T16:54:58.240+0500] {processor.py:208} INFO - Processing /home/rayyan/redfin_venv/lib/python3.10/site-packages/airflow/example_dags/example_task_group.py took 0.219 seconds
[2024-08-22T16:56:04.940+0500] {processor.py:186} INFO - Started process (PID=6120) to work on /home/rayyan/redfin_venv/lib/python3.10/site-packages/airflow/example_dags/example_task_group.py
[2024-08-22T16:56:04.953+0500] {processor.py:914} INFO - Processing file /home/rayyan/redfin_venv/lib/python3.10/site-packages/airflow/example_dags/example_task_group.py for tasks to queue
[2024-08-22T16:56:04.956+0500] {logging_mixin.py:190} INFO - [2024-08-22T16:56:04.955+0500] {dagbag.py:587} INFO - Filling up the DagBag from /home/rayyan/redfin_venv/lib/python3.10/site-packages/airflow/example_dags/example_task_group.py
[2024-08-22T16:56:04.967+0500] {processor.py:925} INFO - DAG(s) 'example_task_group' retrieved from /home/rayyan/redfin_venv/lib/python3.10/site-packages/airflow/example_dags/example_task_group.py
[2024-08-22T16:56:04.984+0500] {logging_mixin.py:190} INFO - [2024-08-22T16:56:04.984+0500] {dag.py:3211} INFO - Sync 1 DAGs
[2024-08-22T16:56:05.008+0500] {logging_mixin.py:190} INFO - [2024-08-22T16:56:05.008+0500] {dag.py:4138} INFO - Setting next_dagrun for example_task_group to 2024-08-21 00:00:00+00:00, run_after=2024-08-22 00:00:00+00:00
[2024-08-22T16:56:05.155+0500] {processor.py:208} INFO - Processing /home/rayyan/redfin_venv/lib/python3.10/site-packages/airflow/example_dags/example_task_group.py took 0.223 seconds
[2024-08-22T16:57:06.351+0500] {processor.py:186} INFO - Started process (PID=6413) to work on /home/rayyan/redfin_venv/lib/python3.10/site-packages/airflow/example_dags/example_task_group.py
[2024-08-22T16:57:06.352+0500] {processor.py:914} INFO - Processing file /home/rayyan/redfin_venv/lib/python3.10/site-packages/airflow/example_dags/example_task_group.py for tasks to queue
[2024-08-22T16:57:06.355+0500] {logging_mixin.py:190} INFO - [2024-08-22T16:57:06.354+0500] {dagbag.py:587} INFO - Filling up the DagBag from /home/rayyan/redfin_venv/lib/python3.10/site-packages/airflow/example_dags/example_task_group.py
[2024-08-22T16:57:06.366+0500] {processor.py:925} INFO - DAG(s) 'example_task_group' retrieved from /home/rayyan/redfin_venv/lib/python3.10/site-packages/airflow/example_dags/example_task_group.py
[2024-08-22T16:57:06.384+0500] {logging_mixin.py:190} INFO - [2024-08-22T16:57:06.384+0500] {dag.py:3211} INFO - Sync 1 DAGs
[2024-08-22T16:57:06.404+0500] {logging_mixin.py:190} INFO - [2024-08-22T16:57:06.404+0500] {dag.py:4138} INFO - Setting next_dagrun for example_task_group to 2024-08-21 00:00:00+00:00, run_after=2024-08-22 00:00:00+00:00
[2024-08-22T16:57:06.427+0500] {processor.py:208} INFO - Processing /home/rayyan/redfin_venv/lib/python3.10/site-packages/airflow/example_dags/example_task_group.py took 0.085 seconds
[2024-08-22T16:58:09.324+0500] {processor.py:186} INFO - Started process (PID=6720) to work on /home/rayyan/redfin_venv/lib/python3.10/site-packages/airflow/example_dags/example_task_group.py
[2024-08-22T16:58:09.326+0500] {processor.py:914} INFO - Processing file /home/rayyan/redfin_venv/lib/python3.10/site-packages/airflow/example_dags/example_task_group.py for tasks to queue
[2024-08-22T16:58:09.328+0500] {logging_mixin.py:190} INFO - [2024-08-22T16:58:09.328+0500] {dagbag.py:587} INFO - Filling up the DagBag from /home/rayyan/redfin_venv/lib/python3.10/site-packages/airflow/example_dags/example_task_group.py
[2024-08-22T16:58:09.339+0500] {processor.py:925} INFO - DAG(s) 'example_task_group' retrieved from /home/rayyan/redfin_venv/lib/python3.10/site-packages/airflow/example_dags/example_task_group.py
[2024-08-22T16:58:09.358+0500] {logging_mixin.py:190} INFO - [2024-08-22T16:58:09.358+0500] {dag.py:3211} INFO - Sync 1 DAGs
[2024-08-22T16:58:09.385+0500] {logging_mixin.py:190} INFO - [2024-08-22T16:58:09.385+0500] {dag.py:4138} INFO - Setting next_dagrun for example_task_group to 2024-08-21 00:00:00+00:00, run_after=2024-08-22 00:00:00+00:00
[2024-08-22T16:58:09.545+0500] {processor.py:208} INFO - Processing /home/rayyan/redfin_venv/lib/python3.10/site-packages/airflow/example_dags/example_task_group.py took 0.228 seconds
[2024-08-22T17:00:18.166+0500] {processor.py:186} INFO - Started process (PID=8436) to work on /home/rayyan/redfin_venv/lib/python3.10/site-packages/airflow/example_dags/example_task_group.py
[2024-08-22T17:00:18.168+0500] {processor.py:914} INFO - Processing file /home/rayyan/redfin_venv/lib/python3.10/site-packages/airflow/example_dags/example_task_group.py for tasks to queue
[2024-08-22T17:00:18.173+0500] {logging_mixin.py:190} INFO - [2024-08-22T17:00:18.172+0500] {dagbag.py:587} INFO - Filling up the DagBag from /home/rayyan/redfin_venv/lib/python3.10/site-packages/airflow/example_dags/example_task_group.py
[2024-08-22T17:00:18.192+0500] {processor.py:925} INFO - DAG(s) 'example_task_group' retrieved from /home/rayyan/redfin_venv/lib/python3.10/site-packages/airflow/example_dags/example_task_group.py
[2024-08-22T17:00:18.225+0500] {logging_mixin.py:190} INFO - [2024-08-22T17:00:18.225+0500] {dag.py:3211} INFO - Sync 1 DAGs
[2024-08-22T17:00:18.273+0500] {logging_mixin.py:190} INFO - [2024-08-22T17:00:18.273+0500] {dag.py:4138} INFO - Setting next_dagrun for example_task_group to 2024-08-21 00:00:00+00:00, run_after=2024-08-22 00:00:00+00:00
[2024-08-22T17:00:18.318+0500] {processor.py:208} INFO - Processing /home/rayyan/redfin_venv/lib/python3.10/site-packages/airflow/example_dags/example_task_group.py took 0.165 seconds
[2024-08-22T17:01:24.461+0500] {processor.py:186} INFO - Started process (PID=10869) to work on /home/rayyan/redfin_venv/lib/python3.10/site-packages/airflow/example_dags/example_task_group.py
[2024-08-22T17:01:24.475+0500] {processor.py:914} INFO - Processing file /home/rayyan/redfin_venv/lib/python3.10/site-packages/airflow/example_dags/example_task_group.py for tasks to queue
[2024-08-22T17:01:24.479+0500] {logging_mixin.py:190} INFO - [2024-08-22T17:01:24.479+0500] {dagbag.py:587} INFO - Filling up the DagBag from /home/rayyan/redfin_venv/lib/python3.10/site-packages/airflow/example_dags/example_task_group.py
[2024-08-22T17:01:24.493+0500] {processor.py:925} INFO - DAG(s) 'example_task_group' retrieved from /home/rayyan/redfin_venv/lib/python3.10/site-packages/airflow/example_dags/example_task_group.py
[2024-08-22T17:01:24.519+0500] {logging_mixin.py:190} INFO - [2024-08-22T17:01:24.519+0500] {dag.py:3211} INFO - Sync 1 DAGs
[2024-08-22T17:01:24.550+0500] {logging_mixin.py:190} INFO - [2024-08-22T17:01:24.550+0500] {dag.py:4138} INFO - Setting next_dagrun for example_task_group to 2024-08-21 00:00:00+00:00, run_after=2024-08-22 00:00:00+00:00
[2024-08-22T17:01:24.582+0500] {processor.py:208} INFO - Processing /home/rayyan/redfin_venv/lib/python3.10/site-packages/airflow/example_dags/example_task_group.py took 0.130 seconds
[2024-08-22T17:02:35.591+0500] {processor.py:186} INFO - Started process (PID=12832) to work on /home/rayyan/redfin_venv/lib/python3.10/site-packages/airflow/example_dags/example_task_group.py
[2024-08-22T17:02:35.592+0500] {processor.py:914} INFO - Processing file /home/rayyan/redfin_venv/lib/python3.10/site-packages/airflow/example_dags/example_task_group.py for tasks to queue
[2024-08-22T17:02:35.595+0500] {logging_mixin.py:190} INFO - [2024-08-22T17:02:35.595+0500] {dagbag.py:587} INFO - Filling up the DagBag from /home/rayyan/redfin_venv/lib/python3.10/site-packages/airflow/example_dags/example_task_group.py
[2024-08-22T17:02:35.610+0500] {processor.py:925} INFO - DAG(s) 'example_task_group' retrieved from /home/rayyan/redfin_venv/lib/python3.10/site-packages/airflow/example_dags/example_task_group.py
[2024-08-22T17:02:35.632+0500] {logging_mixin.py:190} INFO - [2024-08-22T17:02:35.631+0500] {dag.py:3211} INFO - Sync 1 DAGs
[2024-08-22T17:02:35.660+0500] {logging_mixin.py:190} INFO - [2024-08-22T17:02:35.659+0500] {dag.py:4138} INFO - Setting next_dagrun for example_task_group to 2024-08-21 00:00:00+00:00, run_after=2024-08-22 00:00:00+00:00
[2024-08-22T17:02:35.687+0500] {processor.py:208} INFO - Processing /home/rayyan/redfin_venv/lib/python3.10/site-packages/airflow/example_dags/example_task_group.py took 0.103 seconds
[2024-08-22T17:03:35.864+0500] {processor.py:186} INFO - Started process (PID=13125) to work on /home/rayyan/redfin_venv/lib/python3.10/site-packages/airflow/example_dags/example_task_group.py
[2024-08-22T17:03:35.866+0500] {processor.py:914} INFO - Processing file /home/rayyan/redfin_venv/lib/python3.10/site-packages/airflow/example_dags/example_task_group.py for tasks to queue
[2024-08-22T17:03:35.869+0500] {logging_mixin.py:190} INFO - [2024-08-22T17:03:35.869+0500] {dagbag.py:587} INFO - Filling up the DagBag from /home/rayyan/redfin_venv/lib/python3.10/site-packages/airflow/example_dags/example_task_group.py
[2024-08-22T17:03:35.883+0500] {processor.py:925} INFO - DAG(s) 'example_task_group' retrieved from /home/rayyan/redfin_venv/lib/python3.10/site-packages/airflow/example_dags/example_task_group.py
[2024-08-22T17:03:35.901+0500] {logging_mixin.py:190} INFO - [2024-08-22T17:03:35.901+0500] {dag.py:3211} INFO - Sync 1 DAGs
[2024-08-22T17:03:35.922+0500] {logging_mixin.py:190} INFO - [2024-08-22T17:03:35.922+0500] {dag.py:4138} INFO - Setting next_dagrun for example_task_group to 2024-08-21 00:00:00+00:00, run_after=2024-08-22 00:00:00+00:00
[2024-08-22T17:03:35.943+0500] {processor.py:208} INFO - Processing /home/rayyan/redfin_venv/lib/python3.10/site-packages/airflow/example_dags/example_task_group.py took 0.090 seconds
[2024-08-22T17:04:34.559+0500] {processor.py:186} INFO - Started process (PID=13408) to work on /home/rayyan/redfin_venv/lib/python3.10/site-packages/airflow/example_dags/example_task_group.py
[2024-08-22T17:04:34.571+0500] {processor.py:914} INFO - Processing file /home/rayyan/redfin_venv/lib/python3.10/site-packages/airflow/example_dags/example_task_group.py for tasks to queue
[2024-08-22T17:04:34.574+0500] {logging_mixin.py:190} INFO - [2024-08-22T17:04:34.573+0500] {dagbag.py:587} INFO - Filling up the DagBag from /home/rayyan/redfin_venv/lib/python3.10/site-packages/airflow/example_dags/example_task_group.py
[2024-08-22T17:04:34.584+0500] {processor.py:925} INFO - DAG(s) 'example_task_group' retrieved from /home/rayyan/redfin_venv/lib/python3.10/site-packages/airflow/example_dags/example_task_group.py
[2024-08-22T17:04:34.602+0500] {logging_mixin.py:190} INFO - [2024-08-22T17:04:34.601+0500] {dag.py:3211} INFO - Sync 1 DAGs
[2024-08-22T17:04:34.621+0500] {logging_mixin.py:190} INFO - [2024-08-22T17:04:34.621+0500] {dag.py:4138} INFO - Setting next_dagrun for example_task_group to 2024-08-21 00:00:00+00:00, run_after=2024-08-22 00:00:00+00:00
[2024-08-22T17:04:34.646+0500] {processor.py:208} INFO - Processing /home/rayyan/redfin_venv/lib/python3.10/site-packages/airflow/example_dags/example_task_group.py took 0.098 seconds
[2024-08-22T17:05:35.391+0500] {processor.py:186} INFO - Started process (PID=13706) to work on /home/rayyan/redfin_venv/lib/python3.10/site-packages/airflow/example_dags/example_task_group.py
[2024-08-22T17:05:35.403+0500] {processor.py:914} INFO - Processing file /home/rayyan/redfin_venv/lib/python3.10/site-packages/airflow/example_dags/example_task_group.py for tasks to queue
[2024-08-22T17:05:35.405+0500] {logging_mixin.py:190} INFO - [2024-08-22T17:05:35.405+0500] {dagbag.py:587} INFO - Filling up the DagBag from /home/rayyan/redfin_venv/lib/python3.10/site-packages/airflow/example_dags/example_task_group.py
[2024-08-22T17:05:35.421+0500] {processor.py:925} INFO - DAG(s) 'example_task_group' retrieved from /home/rayyan/redfin_venv/lib/python3.10/site-packages/airflow/example_dags/example_task_group.py
[2024-08-22T17:05:35.440+0500] {logging_mixin.py:190} INFO - [2024-08-22T17:05:35.440+0500] {dag.py:3211} INFO - Sync 1 DAGs
[2024-08-22T17:05:35.462+0500] {logging_mixin.py:190} INFO - [2024-08-22T17:05:35.462+0500] {dag.py:4138} INFO - Setting next_dagrun for example_task_group to 2024-08-21 00:00:00+00:00, run_after=2024-08-22 00:00:00+00:00
[2024-08-22T17:05:35.484+0500] {processor.py:208} INFO - Processing /home/rayyan/redfin_venv/lib/python3.10/site-packages/airflow/example_dags/example_task_group.py took 0.101 seconds
[2024-08-22T17:06:33.121+0500] {processor.py:186} INFO - Started process (PID=13986) to work on /home/rayyan/redfin_venv/lib/python3.10/site-packages/airflow/example_dags/example_task_group.py
[2024-08-22T17:06:33.133+0500] {processor.py:914} INFO - Processing file /home/rayyan/redfin_venv/lib/python3.10/site-packages/airflow/example_dags/example_task_group.py for tasks to queue
[2024-08-22T17:06:33.136+0500] {logging_mixin.py:190} INFO - [2024-08-22T17:06:33.135+0500] {dagbag.py:587} INFO - Filling up the DagBag from /home/rayyan/redfin_venv/lib/python3.10/site-packages/airflow/example_dags/example_task_group.py
[2024-08-22T17:06:33.149+0500] {processor.py:925} INFO - DAG(s) 'example_task_group' retrieved from /home/rayyan/redfin_venv/lib/python3.10/site-packages/airflow/example_dags/example_task_group.py
[2024-08-22T17:06:33.169+0500] {logging_mixin.py:190} INFO - [2024-08-22T17:06:33.169+0500] {dag.py:3211} INFO - Sync 1 DAGs
[2024-08-22T17:06:33.189+0500] {logging_mixin.py:190} INFO - [2024-08-22T17:06:33.188+0500] {dag.py:4138} INFO - Setting next_dagrun for example_task_group to 2024-08-21 00:00:00+00:00, run_after=2024-08-22 00:00:00+00:00
[2024-08-22T17:06:33.212+0500] {processor.py:208} INFO - Processing /home/rayyan/redfin_venv/lib/python3.10/site-packages/airflow/example_dags/example_task_group.py took 0.100 seconds
[2024-08-22T17:07:31.997+0500] {processor.py:186} INFO - Started process (PID=14277) to work on /home/rayyan/redfin_venv/lib/python3.10/site-packages/airflow/example_dags/example_task_group.py
[2024-08-22T17:07:32.009+0500] {processor.py:914} INFO - Processing file /home/rayyan/redfin_venv/lib/python3.10/site-packages/airflow/example_dags/example_task_group.py for tasks to queue
[2024-08-22T17:07:32.012+0500] {logging_mixin.py:190} INFO - [2024-08-22T17:07:32.012+0500] {dagbag.py:587} INFO - Filling up the DagBag from /home/rayyan/redfin_venv/lib/python3.10/site-packages/airflow/example_dags/example_task_group.py
[2024-08-22T17:07:32.023+0500] {processor.py:925} INFO - DAG(s) 'example_task_group' retrieved from /home/rayyan/redfin_venv/lib/python3.10/site-packages/airflow/example_dags/example_task_group.py
[2024-08-22T17:07:32.041+0500] {logging_mixin.py:190} INFO - [2024-08-22T17:07:32.040+0500] {dag.py:3211} INFO - Sync 1 DAGs
[2024-08-22T17:07:32.061+0500] {logging_mixin.py:190} INFO - [2024-08-22T17:07:32.061+0500] {dag.py:4138} INFO - Setting next_dagrun for example_task_group to 2024-08-21 00:00:00+00:00, run_after=2024-08-22 00:00:00+00:00
[2024-08-22T17:07:32.083+0500] {processor.py:208} INFO - Processing /home/rayyan/redfin_venv/lib/python3.10/site-packages/airflow/example_dags/example_task_group.py took 0.095 seconds
