[2024-08-22T16:47:50.636+0500] {processor.py:186} INFO - Started process (PID=3704) to work on /home/rayyan/redfin_venv/lib/python3.10/site-packages/airflow/example_dags/example_sensors.py
[2024-08-22T16:47:50.637+0500] {processor.py:914} INFO - Processing file /home/rayyan/redfin_venv/lib/python3.10/site-packages/airflow/example_dags/example_sensors.py for tasks to queue
[2024-08-22T16:47:50.639+0500] {logging_mixin.py:190} INFO - [2024-08-22T16:47:50.639+0500] {dagbag.py:587} INFO - Filling up the DagBag from /home/rayyan/redfin_venv/lib/python3.10/site-packages/airflow/example_dags/example_sensors.py
[2024-08-22T16:47:50.651+0500] {processor.py:925} INFO - DAG(s) 'example_sensors' retrieved from /home/rayyan/redfin_venv/lib/python3.10/site-packages/airflow/example_dags/example_sensors.py
[2024-08-22T16:47:50.678+0500] {logging_mixin.py:190} INFO - [2024-08-22T16:47:50.677+0500] {dag.py:3211} INFO - Sync 1 DAGs
[2024-08-22T16:47:50.690+0500] {logging_mixin.py:190} INFO - [2024-08-22T16:47:50.690+0500] {dag.py:4138} INFO - Setting next_dagrun for example_sensors to None, run_after=None
[2024-08-22T16:47:50.722+0500] {processor.py:208} INFO - Processing /home/rayyan/redfin_venv/lib/python3.10/site-packages/airflow/example_dags/example_sensors.py took 0.092 seconds
[2024-08-22T16:48:50.889+0500] {processor.py:186} INFO - Started process (PID=4021) to work on /home/rayyan/redfin_venv/lib/python3.10/site-packages/airflow/example_dags/example_sensors.py
[2024-08-22T16:48:50.891+0500] {processor.py:914} INFO - Processing file /home/rayyan/redfin_venv/lib/python3.10/site-packages/airflow/example_dags/example_sensors.py for tasks to queue
[2024-08-22T16:48:50.893+0500] {logging_mixin.py:190} INFO - [2024-08-22T16:48:50.892+0500] {dagbag.py:587} INFO - Filling up the DagBag from /home/rayyan/redfin_venv/lib/python3.10/site-packages/airflow/example_dags/example_sensors.py
[2024-08-22T16:48:50.906+0500] {processor.py:925} INFO - DAG(s) 'example_sensors' retrieved from /home/rayyan/redfin_venv/lib/python3.10/site-packages/airflow/example_dags/example_sensors.py
[2024-08-22T16:48:50.930+0500] {logging_mixin.py:190} INFO - [2024-08-22T16:48:50.930+0500] {dag.py:3211} INFO - Sync 1 DAGs
[2024-08-22T16:48:50.944+0500] {logging_mixin.py:190} INFO - [2024-08-22T16:48:50.944+0500] {dag.py:4138} INFO - Setting next_dagrun for example_sensors to None, run_after=None
[2024-08-22T16:48:50.969+0500] {processor.py:208} INFO - Processing /home/rayyan/redfin_venv/lib/python3.10/site-packages/airflow/example_dags/example_sensors.py took 0.087 seconds
[2024-08-22T16:49:47.256+0500] {processor.py:186} INFO - Started process (PID=4298) to work on /home/rayyan/redfin_venv/lib/python3.10/site-packages/airflow/example_dags/example_sensors.py
[2024-08-22T16:49:47.269+0500] {processor.py:914} INFO - Processing file /home/rayyan/redfin_venv/lib/python3.10/site-packages/airflow/example_dags/example_sensors.py for tasks to queue
[2024-08-22T16:49:47.272+0500] {logging_mixin.py:190} INFO - [2024-08-22T16:49:47.271+0500] {dagbag.py:587} INFO - Filling up the DagBag from /home/rayyan/redfin_venv/lib/python3.10/site-packages/airflow/example_dags/example_sensors.py
[2024-08-22T16:49:47.284+0500] {processor.py:925} INFO - DAG(s) 'example_sensors' retrieved from /home/rayyan/redfin_venv/lib/python3.10/site-packages/airflow/example_dags/example_sensors.py
[2024-08-22T16:49:47.305+0500] {logging_mixin.py:190} INFO - [2024-08-22T16:49:47.305+0500] {dag.py:3211} INFO - Sync 1 DAGs
[2024-08-22T16:49:47.317+0500] {logging_mixin.py:190} INFO - [2024-08-22T16:49:47.316+0500] {dag.py:4138} INFO - Setting next_dagrun for example_sensors to None, run_after=None
[2024-08-22T16:49:47.335+0500] {processor.py:208} INFO - Processing /home/rayyan/redfin_venv/lib/python3.10/site-packages/airflow/example_dags/example_sensors.py took 0.088 seconds
[2024-08-22T16:50:42.922+0500] {processor.py:186} INFO - Started process (PID=4569) to work on /home/rayyan/redfin_venv/lib/python3.10/site-packages/airflow/example_dags/example_sensors.py
[2024-08-22T16:50:42.934+0500] {processor.py:914} INFO - Processing file /home/rayyan/redfin_venv/lib/python3.10/site-packages/airflow/example_dags/example_sensors.py for tasks to queue
[2024-08-22T16:50:42.937+0500] {logging_mixin.py:190} INFO - [2024-08-22T16:50:42.936+0500] {dagbag.py:587} INFO - Filling up the DagBag from /home/rayyan/redfin_venv/lib/python3.10/site-packages/airflow/example_dags/example_sensors.py
[2024-08-22T16:50:42.949+0500] {processor.py:925} INFO - DAG(s) 'example_sensors' retrieved from /home/rayyan/redfin_venv/lib/python3.10/site-packages/airflow/example_dags/example_sensors.py
[2024-08-22T16:50:42.970+0500] {logging_mixin.py:190} INFO - [2024-08-22T16:50:42.970+0500] {dag.py:3211} INFO - Sync 1 DAGs
[2024-08-22T16:50:42.982+0500] {logging_mixin.py:190} INFO - [2024-08-22T16:50:42.982+0500] {dag.py:4138} INFO - Setting next_dagrun for example_sensors to None, run_after=None
[2024-08-22T16:50:43.004+0500] {processor.py:208} INFO - Processing /home/rayyan/redfin_venv/lib/python3.10/site-packages/airflow/example_dags/example_sensors.py took 0.092 seconds
[2024-08-22T16:51:41.128+0500] {processor.py:186} INFO - Started process (PID=4850) to work on /home/rayyan/redfin_venv/lib/python3.10/site-packages/airflow/example_dags/example_sensors.py
[2024-08-22T16:51:41.140+0500] {processor.py:914} INFO - Processing file /home/rayyan/redfin_venv/lib/python3.10/site-packages/airflow/example_dags/example_sensors.py for tasks to queue
[2024-08-22T16:51:41.143+0500] {logging_mixin.py:190} INFO - [2024-08-22T16:51:41.142+0500] {dagbag.py:587} INFO - Filling up the DagBag from /home/rayyan/redfin_venv/lib/python3.10/site-packages/airflow/example_dags/example_sensors.py
[2024-08-22T16:51:41.157+0500] {processor.py:925} INFO - DAG(s) 'example_sensors' retrieved from /home/rayyan/redfin_venv/lib/python3.10/site-packages/airflow/example_dags/example_sensors.py
[2024-08-22T16:51:41.178+0500] {logging_mixin.py:190} INFO - [2024-08-22T16:51:41.178+0500] {dag.py:3211} INFO - Sync 1 DAGs
[2024-08-22T16:51:41.190+0500] {logging_mixin.py:190} INFO - [2024-08-22T16:51:41.190+0500] {dag.py:4138} INFO - Setting next_dagrun for example_sensors to None, run_after=None
[2024-08-22T16:51:41.211+0500] {processor.py:208} INFO - Processing /home/rayyan/redfin_venv/lib/python3.10/site-packages/airflow/example_dags/example_sensors.py took 0.091 seconds
[2024-08-22T16:52:40.535+0500] {processor.py:186} INFO - Started process (PID=5135) to work on /home/rayyan/redfin_venv/lib/python3.10/site-packages/airflow/example_dags/example_sensors.py
[2024-08-22T16:52:40.536+0500] {processor.py:914} INFO - Processing file /home/rayyan/redfin_venv/lib/python3.10/site-packages/airflow/example_dags/example_sensors.py for tasks to queue
[2024-08-22T16:52:40.538+0500] {logging_mixin.py:190} INFO - [2024-08-22T16:52:40.538+0500] {dagbag.py:587} INFO - Filling up the DagBag from /home/rayyan/redfin_venv/lib/python3.10/site-packages/airflow/example_dags/example_sensors.py
[2024-08-22T16:52:40.550+0500] {processor.py:925} INFO - DAG(s) 'example_sensors' retrieved from /home/rayyan/redfin_venv/lib/python3.10/site-packages/airflow/example_dags/example_sensors.py
[2024-08-22T16:52:40.571+0500] {logging_mixin.py:190} INFO - [2024-08-22T16:52:40.570+0500] {dag.py:3211} INFO - Sync 1 DAGs
[2024-08-22T16:52:40.583+0500] {logging_mixin.py:190} INFO - [2024-08-22T16:52:40.583+0500] {dag.py:4138} INFO - Setting next_dagrun for example_sensors to None, run_after=None
[2024-08-22T16:52:40.605+0500] {processor.py:208} INFO - Processing /home/rayyan/redfin_venv/lib/python3.10/site-packages/airflow/example_dags/example_sensors.py took 0.077 seconds
[2024-08-22T16:53:43.108+0500] {processor.py:186} INFO - Started process (PID=5435) to work on /home/rayyan/redfin_venv/lib/python3.10/site-packages/airflow/example_dags/example_sensors.py
[2024-08-22T16:53:43.110+0500] {processor.py:914} INFO - Processing file /home/rayyan/redfin_venv/lib/python3.10/site-packages/airflow/example_dags/example_sensors.py for tasks to queue
[2024-08-22T16:53:43.112+0500] {logging_mixin.py:190} INFO - [2024-08-22T16:53:43.112+0500] {dagbag.py:587} INFO - Filling up the DagBag from /home/rayyan/redfin_venv/lib/python3.10/site-packages/airflow/example_dags/example_sensors.py
[2024-08-22T16:53:43.126+0500] {processor.py:925} INFO - DAG(s) 'example_sensors' retrieved from /home/rayyan/redfin_venv/lib/python3.10/site-packages/airflow/example_dags/example_sensors.py
[2024-08-22T16:53:43.147+0500] {logging_mixin.py:190} INFO - [2024-08-22T16:53:43.147+0500] {dag.py:3211} INFO - Sync 1 DAGs
[2024-08-22T16:53:43.160+0500] {logging_mixin.py:190} INFO - [2024-08-22T16:53:43.159+0500] {dag.py:4138} INFO - Setting next_dagrun for example_sensors to None, run_after=None
[2024-08-22T16:53:43.180+0500] {processor.py:208} INFO - Processing /home/rayyan/redfin_venv/lib/python3.10/site-packages/airflow/example_dags/example_sensors.py took 0.081 seconds
[2024-08-22T16:54:45.010+0500] {processor.py:186} INFO - Started process (PID=5734) to work on /home/rayyan/redfin_venv/lib/python3.10/site-packages/airflow/example_dags/example_sensors.py
[2024-08-22T16:54:45.012+0500] {processor.py:914} INFO - Processing file /home/rayyan/redfin_venv/lib/python3.10/site-packages/airflow/example_dags/example_sensors.py for tasks to queue
[2024-08-22T16:54:45.014+0500] {logging_mixin.py:190} INFO - [2024-08-22T16:54:45.013+0500] {dagbag.py:587} INFO - Filling up the DagBag from /home/rayyan/redfin_venv/lib/python3.10/site-packages/airflow/example_dags/example_sensors.py
[2024-08-22T16:54:45.025+0500] {processor.py:925} INFO - DAG(s) 'example_sensors' retrieved from /home/rayyan/redfin_venv/lib/python3.10/site-packages/airflow/example_dags/example_sensors.py
[2024-08-22T16:54:45.046+0500] {logging_mixin.py:190} INFO - [2024-08-22T16:54:45.046+0500] {dag.py:3211} INFO - Sync 1 DAGs
[2024-08-22T16:54:45.058+0500] {logging_mixin.py:190} INFO - [2024-08-22T16:54:45.058+0500] {dag.py:4138} INFO - Setting next_dagrun for example_sensors to None, run_after=None
[2024-08-22T16:54:45.080+0500] {processor.py:208} INFO - Processing /home/rayyan/redfin_venv/lib/python3.10/site-packages/airflow/example_dags/example_sensors.py took 0.077 seconds
[2024-08-22T16:55:47.445+0500] {processor.py:186} INFO - Started process (PID=6037) to work on /home/rayyan/redfin_venv/lib/python3.10/site-packages/airflow/example_dags/example_sensors.py
[2024-08-22T16:55:47.447+0500] {processor.py:914} INFO - Processing file /home/rayyan/redfin_venv/lib/python3.10/site-packages/airflow/example_dags/example_sensors.py for tasks to queue
[2024-08-22T16:55:47.450+0500] {logging_mixin.py:190} INFO - [2024-08-22T16:55:47.449+0500] {dagbag.py:587} INFO - Filling up the DagBag from /home/rayyan/redfin_venv/lib/python3.10/site-packages/airflow/example_dags/example_sensors.py
[2024-08-22T16:55:47.466+0500] {processor.py:925} INFO - DAG(s) 'example_sensors' retrieved from /home/rayyan/redfin_venv/lib/python3.10/site-packages/airflow/example_dags/example_sensors.py
[2024-08-22T16:55:47.493+0500] {logging_mixin.py:190} INFO - [2024-08-22T16:55:47.493+0500] {dag.py:3211} INFO - Sync 1 DAGs
[2024-08-22T16:55:47.507+0500] {logging_mixin.py:190} INFO - [2024-08-22T16:55:47.507+0500] {dag.py:4138} INFO - Setting next_dagrun for example_sensors to None, run_after=None
[2024-08-22T16:55:47.532+0500] {processor.py:208} INFO - Processing /home/rayyan/redfin_venv/lib/python3.10/site-packages/airflow/example_dags/example_sensors.py took 0.096 seconds
[2024-08-22T16:56:53.569+0500] {processor.py:186} INFO - Started process (PID=6353) to work on /home/rayyan/redfin_venv/lib/python3.10/site-packages/airflow/example_dags/example_sensors.py
[2024-08-22T16:56:53.582+0500] {processor.py:914} INFO - Processing file /home/rayyan/redfin_venv/lib/python3.10/site-packages/airflow/example_dags/example_sensors.py for tasks to queue
[2024-08-22T16:56:53.585+0500] {logging_mixin.py:190} INFO - [2024-08-22T16:56:53.584+0500] {dagbag.py:587} INFO - Filling up the DagBag from /home/rayyan/redfin_venv/lib/python3.10/site-packages/airflow/example_dags/example_sensors.py
[2024-08-22T16:56:53.600+0500] {processor.py:925} INFO - DAG(s) 'example_sensors' retrieved from /home/rayyan/redfin_venv/lib/python3.10/site-packages/airflow/example_dags/example_sensors.py
[2024-08-22T16:56:53.623+0500] {logging_mixin.py:190} INFO - [2024-08-22T16:56:53.623+0500] {dag.py:3211} INFO - Sync 1 DAGs
[2024-08-22T16:56:53.637+0500] {logging_mixin.py:190} INFO - [2024-08-22T16:56:53.637+0500] {dag.py:4138} INFO - Setting next_dagrun for example_sensors to None, run_after=None
[2024-08-22T16:56:53.659+0500] {processor.py:208} INFO - Processing /home/rayyan/redfin_venv/lib/python3.10/site-packages/airflow/example_dags/example_sensors.py took 0.099 seconds
[2024-08-22T16:57:57.435+0500] {processor.py:186} INFO - Started process (PID=6661) to work on /home/rayyan/redfin_venv/lib/python3.10/site-packages/airflow/example_dags/example_sensors.py
[2024-08-22T16:57:57.447+0500] {processor.py:914} INFO - Processing file /home/rayyan/redfin_venv/lib/python3.10/site-packages/airflow/example_dags/example_sensors.py for tasks to queue
[2024-08-22T16:57:57.449+0500] {logging_mixin.py:190} INFO - [2024-08-22T16:57:57.448+0500] {dagbag.py:587} INFO - Filling up the DagBag from /home/rayyan/redfin_venv/lib/python3.10/site-packages/airflow/example_dags/example_sensors.py
[2024-08-22T16:57:57.460+0500] {processor.py:925} INFO - DAG(s) 'example_sensors' retrieved from /home/rayyan/redfin_venv/lib/python3.10/site-packages/airflow/example_dags/example_sensors.py
[2024-08-22T16:57:57.482+0500] {logging_mixin.py:190} INFO - [2024-08-22T16:57:57.482+0500] {dag.py:3211} INFO - Sync 1 DAGs
[2024-08-22T16:57:57.494+0500] {logging_mixin.py:190} INFO - [2024-08-22T16:57:57.494+0500] {dag.py:4138} INFO - Setting next_dagrun for example_sensors to None, run_after=None
[2024-08-22T16:57:57.516+0500] {processor.py:208} INFO - Processing /home/rayyan/redfin_venv/lib/python3.10/site-packages/airflow/example_dags/example_sensors.py took 0.089 seconds
[2024-08-22T16:59:07.921+0500] {processor.py:186} INFO - Started process (PID=7005) to work on /home/rayyan/redfin_venv/lib/python3.10/site-packages/airflow/example_dags/example_sensors.py
[2024-08-22T16:59:07.923+0500] {processor.py:914} INFO - Processing file /home/rayyan/redfin_venv/lib/python3.10/site-packages/airflow/example_dags/example_sensors.py for tasks to queue
[2024-08-22T16:59:07.926+0500] {logging_mixin.py:190} INFO - [2024-08-22T16:59:07.925+0500] {dagbag.py:587} INFO - Filling up the DagBag from /home/rayyan/redfin_venv/lib/python3.10/site-packages/airflow/example_dags/example_sensors.py
[2024-08-22T16:59:07.944+0500] {processor.py:925} INFO - DAG(s) 'example_sensors' retrieved from /home/rayyan/redfin_venv/lib/python3.10/site-packages/airflow/example_dags/example_sensors.py
[2024-08-22T16:59:07.975+0500] {logging_mixin.py:190} INFO - [2024-08-22T16:59:07.974+0500] {dag.py:3211} INFO - Sync 1 DAGs
[2024-08-22T16:59:08.127+0500] {logging_mixin.py:190} INFO - [2024-08-22T16:59:08.127+0500] {dag.py:4138} INFO - Setting next_dagrun for example_sensors to None, run_after=None
[2024-08-22T16:59:08.171+0500] {processor.py:208} INFO - Processing /home/rayyan/redfin_venv/lib/python3.10/site-packages/airflow/example_dags/example_sensors.py took 0.258 seconds
[2024-08-22T17:00:06.204+0500] {processor.py:186} INFO - Started process (PID=8039) to work on /home/rayyan/redfin_venv/lib/python3.10/site-packages/airflow/example_dags/example_sensors.py
[2024-08-22T17:00:06.216+0500] {processor.py:914} INFO - Processing file /home/rayyan/redfin_venv/lib/python3.10/site-packages/airflow/example_dags/example_sensors.py for tasks to queue
[2024-08-22T17:00:06.218+0500] {logging_mixin.py:190} INFO - [2024-08-22T17:00:06.218+0500] {dagbag.py:587} INFO - Filling up the DagBag from /home/rayyan/redfin_venv/lib/python3.10/site-packages/airflow/example_dags/example_sensors.py
[2024-08-22T17:00:06.232+0500] {processor.py:925} INFO - DAG(s) 'example_sensors' retrieved from /home/rayyan/redfin_venv/lib/python3.10/site-packages/airflow/example_dags/example_sensors.py
[2024-08-22T17:00:06.263+0500] {logging_mixin.py:190} INFO - [2024-08-22T17:00:06.263+0500] {dag.py:3211} INFO - Sync 1 DAGs
[2024-08-22T17:00:06.286+0500] {logging_mixin.py:190} INFO - [2024-08-22T17:00:06.286+0500] {dag.py:4138} INFO - Setting next_dagrun for example_sensors to None, run_after=None
[2024-08-22T17:00:06.317+0500] {processor.py:208} INFO - Processing /home/rayyan/redfin_venv/lib/python3.10/site-packages/airflow/example_dags/example_sensors.py took 0.121 seconds
[2024-08-22T17:01:12.166+0500] {processor.py:186} INFO - Started process (PID=10438) to work on /home/rayyan/redfin_venv/lib/python3.10/site-packages/airflow/example_dags/example_sensors.py
[2024-08-22T17:01:12.168+0500] {processor.py:914} INFO - Processing file /home/rayyan/redfin_venv/lib/python3.10/site-packages/airflow/example_dags/example_sensors.py for tasks to queue
[2024-08-22T17:01:12.172+0500] {logging_mixin.py:190} INFO - [2024-08-22T17:01:12.172+0500] {dagbag.py:587} INFO - Filling up the DagBag from /home/rayyan/redfin_venv/lib/python3.10/site-packages/airflow/example_dags/example_sensors.py
[2024-08-22T17:01:12.190+0500] {processor.py:925} INFO - DAG(s) 'example_sensors' retrieved from /home/rayyan/redfin_venv/lib/python3.10/site-packages/airflow/example_dags/example_sensors.py
[2024-08-22T17:01:12.235+0500] {logging_mixin.py:190} INFO - [2024-08-22T17:01:12.235+0500] {dag.py:3211} INFO - Sync 1 DAGs
[2024-08-22T17:01:12.260+0500] {logging_mixin.py:190} INFO - [2024-08-22T17:01:12.259+0500] {dag.py:4138} INFO - Setting next_dagrun for example_sensors to None, run_after=None
[2024-08-22T17:01:12.313+0500] {processor.py:208} INFO - Processing /home/rayyan/redfin_venv/lib/python3.10/site-packages/airflow/example_dags/example_sensors.py took 0.161 seconds
[2024-08-22T17:02:24.041+0500] {processor.py:186} INFO - Started process (PID=12776) to work on /home/rayyan/redfin_venv/lib/python3.10/site-packages/airflow/example_dags/example_sensors.py
[2024-08-22T17:02:24.044+0500] {processor.py:914} INFO - Processing file /home/rayyan/redfin_venv/lib/python3.10/site-packages/airflow/example_dags/example_sensors.py for tasks to queue
[2024-08-22T17:02:24.049+0500] {logging_mixin.py:190} INFO - [2024-08-22T17:02:24.048+0500] {dagbag.py:587} INFO - Filling up the DagBag from /home/rayyan/redfin_venv/lib/python3.10/site-packages/airflow/example_dags/example_sensors.py
[2024-08-22T17:02:24.064+0500] {processor.py:925} INFO - DAG(s) 'example_sensors' retrieved from /home/rayyan/redfin_venv/lib/python3.10/site-packages/airflow/example_dags/example_sensors.py
[2024-08-22T17:02:24.096+0500] {logging_mixin.py:190} INFO - [2024-08-22T17:02:24.096+0500] {dag.py:3211} INFO - Sync 1 DAGs
[2024-08-22T17:02:24.119+0500] {logging_mixin.py:190} INFO - [2024-08-22T17:02:24.118+0500] {dag.py:4138} INFO - Setting next_dagrun for example_sensors to None, run_after=None
[2024-08-22T17:02:24.155+0500] {processor.py:208} INFO - Processing /home/rayyan/redfin_venv/lib/python3.10/site-packages/airflow/example_dags/example_sensors.py took 0.130 seconds
[2024-08-22T17:03:24.696+0500] {processor.py:186} INFO - Started process (PID=13071) to work on /home/rayyan/redfin_venv/lib/python3.10/site-packages/airflow/example_dags/example_sensors.py
[2024-08-22T17:03:24.708+0500] {processor.py:914} INFO - Processing file /home/rayyan/redfin_venv/lib/python3.10/site-packages/airflow/example_dags/example_sensors.py for tasks to queue
[2024-08-22T17:03:24.712+0500] {logging_mixin.py:190} INFO - [2024-08-22T17:03:24.711+0500] {dagbag.py:587} INFO - Filling up the DagBag from /home/rayyan/redfin_venv/lib/python3.10/site-packages/airflow/example_dags/example_sensors.py
[2024-08-22T17:03:24.725+0500] {processor.py:925} INFO - DAG(s) 'example_sensors' retrieved from /home/rayyan/redfin_venv/lib/python3.10/site-packages/airflow/example_dags/example_sensors.py
[2024-08-22T17:03:24.751+0500] {logging_mixin.py:190} INFO - [2024-08-22T17:03:24.751+0500] {dag.py:3211} INFO - Sync 1 DAGs
[2024-08-22T17:03:24.767+0500] {logging_mixin.py:190} INFO - [2024-08-22T17:03:24.767+0500] {dag.py:4138} INFO - Setting next_dagrun for example_sensors to None, run_after=None
[2024-08-22T17:03:24.790+0500] {processor.py:208} INFO - Processing /home/rayyan/redfin_venv/lib/python3.10/site-packages/airflow/example_dags/example_sensors.py took 0.104 seconds
[2024-08-22T17:04:24.118+0500] {processor.py:186} INFO - Started process (PID=13357) to work on /home/rayyan/redfin_venv/lib/python3.10/site-packages/airflow/example_dags/example_sensors.py
[2024-08-22T17:04:24.120+0500] {processor.py:914} INFO - Processing file /home/rayyan/redfin_venv/lib/python3.10/site-packages/airflow/example_dags/example_sensors.py for tasks to queue
[2024-08-22T17:04:24.123+0500] {logging_mixin.py:190} INFO - [2024-08-22T17:04:24.122+0500] {dagbag.py:587} INFO - Filling up the DagBag from /home/rayyan/redfin_venv/lib/python3.10/site-packages/airflow/example_dags/example_sensors.py
[2024-08-22T17:04:24.139+0500] {processor.py:925} INFO - DAG(s) 'example_sensors' retrieved from /home/rayyan/redfin_venv/lib/python3.10/site-packages/airflow/example_dags/example_sensors.py
[2024-08-22T17:04:24.161+0500] {logging_mixin.py:190} INFO - [2024-08-22T17:04:24.161+0500] {dag.py:3211} INFO - Sync 1 DAGs
[2024-08-22T17:04:24.173+0500] {logging_mixin.py:190} INFO - [2024-08-22T17:04:24.173+0500] {dag.py:4138} INFO - Setting next_dagrun for example_sensors to None, run_after=None
[2024-08-22T17:04:24.195+0500] {processor.py:208} INFO - Processing /home/rayyan/redfin_venv/lib/python3.10/site-packages/airflow/example_dags/example_sensors.py took 0.086 seconds
[2024-08-22T17:05:19.452+0500] {processor.py:186} INFO - Started process (PID=13628) to work on /home/rayyan/redfin_venv/lib/python3.10/site-packages/airflow/example_dags/example_sensors.py
[2024-08-22T17:05:19.465+0500] {processor.py:914} INFO - Processing file /home/rayyan/redfin_venv/lib/python3.10/site-packages/airflow/example_dags/example_sensors.py for tasks to queue
[2024-08-22T17:05:19.470+0500] {logging_mixin.py:190} INFO - [2024-08-22T17:05:19.469+0500] {dagbag.py:587} INFO - Filling up the DagBag from /home/rayyan/redfin_venv/lib/python3.10/site-packages/airflow/example_dags/example_sensors.py
[2024-08-22T17:05:19.490+0500] {processor.py:925} INFO - DAG(s) 'example_sensors' retrieved from /home/rayyan/redfin_venv/lib/python3.10/site-packages/airflow/example_dags/example_sensors.py
[2024-08-22T17:05:19.514+0500] {logging_mixin.py:190} INFO - [2024-08-22T17:05:19.514+0500] {dag.py:3211} INFO - Sync 1 DAGs
[2024-08-22T17:05:19.526+0500] {logging_mixin.py:190} INFO - [2024-08-22T17:05:19.526+0500] {dag.py:4138} INFO - Setting next_dagrun for example_sensors to None, run_after=None
[2024-08-22T17:05:19.548+0500] {processor.py:208} INFO - Processing /home/rayyan/redfin_venv/lib/python3.10/site-packages/airflow/example_dags/example_sensors.py took 0.105 seconds
[2024-08-22T17:06:14.411+0500] {processor.py:186} INFO - Started process (PID=13894) to work on /home/rayyan/redfin_venv/lib/python3.10/site-packages/airflow/example_dags/example_sensors.py
[2024-08-22T17:06:14.413+0500] {processor.py:914} INFO - Processing file /home/rayyan/redfin_venv/lib/python3.10/site-packages/airflow/example_dags/example_sensors.py for tasks to queue
[2024-08-22T17:06:14.416+0500] {logging_mixin.py:190} INFO - [2024-08-22T17:06:14.415+0500] {dagbag.py:587} INFO - Filling up the DagBag from /home/rayyan/redfin_venv/lib/python3.10/site-packages/airflow/example_dags/example_sensors.py
[2024-08-22T17:06:14.429+0500] {processor.py:925} INFO - DAG(s) 'example_sensors' retrieved from /home/rayyan/redfin_venv/lib/python3.10/site-packages/airflow/example_dags/example_sensors.py
[2024-08-22T17:06:14.452+0500] {logging_mixin.py:190} INFO - [2024-08-22T17:06:14.452+0500] {dag.py:3211} INFO - Sync 1 DAGs
[2024-08-22T17:06:14.469+0500] {logging_mixin.py:190} INFO - [2024-08-22T17:06:14.469+0500] {dag.py:4138} INFO - Setting next_dagrun for example_sensors to None, run_after=None
[2024-08-22T17:06:14.492+0500] {processor.py:208} INFO - Processing /home/rayyan/redfin_venv/lib/python3.10/site-packages/airflow/example_dags/example_sensors.py took 0.088 seconds
[2024-08-22T17:07:14.671+0500] {processor.py:186} INFO - Started process (PID=14191) to work on /home/rayyan/redfin_venv/lib/python3.10/site-packages/airflow/example_dags/example_sensors.py
[2024-08-22T17:07:14.672+0500] {processor.py:914} INFO - Processing file /home/rayyan/redfin_venv/lib/python3.10/site-packages/airflow/example_dags/example_sensors.py for tasks to queue
[2024-08-22T17:07:14.674+0500] {logging_mixin.py:190} INFO - [2024-08-22T17:07:14.674+0500] {dagbag.py:587} INFO - Filling up the DagBag from /home/rayyan/redfin_venv/lib/python3.10/site-packages/airflow/example_dags/example_sensors.py
[2024-08-22T17:07:14.686+0500] {processor.py:925} INFO - DAG(s) 'example_sensors' retrieved from /home/rayyan/redfin_venv/lib/python3.10/site-packages/airflow/example_dags/example_sensors.py
[2024-08-22T17:07:14.707+0500] {logging_mixin.py:190} INFO - [2024-08-22T17:07:14.707+0500] {dag.py:3211} INFO - Sync 1 DAGs
[2024-08-22T17:07:14.720+0500] {logging_mixin.py:190} INFO - [2024-08-22T17:07:14.720+0500] {dag.py:4138} INFO - Setting next_dagrun for example_sensors to None, run_after=None
[2024-08-22T17:07:14.742+0500] {processor.py:208} INFO - Processing /home/rayyan/redfin_venv/lib/python3.10/site-packages/airflow/example_dags/example_sensors.py took 0.078 seconds
