[2024-08-22T16:47:41.486+0500] {processor.py:186} INFO - Started process (PID=3660) to work on /home/rayyan/redfin_venv/lib/python3.10/site-packages/airflow/example_dags/example_display_name.py
[2024-08-22T16:47:41.487+0500] {processor.py:914} INFO - Processing file /home/rayyan/redfin_venv/lib/python3.10/site-packages/airflow/example_dags/example_display_name.py for tasks to queue
[2024-08-22T16:47:41.490+0500] {logging_mixin.py:190} INFO - [2024-08-22T16:47:41.489+0500] {dagbag.py:587} INFO - Filling up the DagBag from /home/rayyan/redfin_venv/lib/python3.10/site-packages/airflow/example_dags/example_display_name.py
[2024-08-22T16:47:41.498+0500] {processor.py:925} INFO - DAG(s) 'example_display_name' retrieved from /home/rayyan/redfin_venv/lib/python3.10/site-packages/airflow/example_dags/example_display_name.py
[2024-08-22T16:47:41.518+0500] {logging_mixin.py:190} INFO - [2024-08-22T16:47:41.517+0500] {dag.py:3211} INFO - Sync 1 DAGs
[2024-08-22T16:47:41.529+0500] {logging_mixin.py:190} INFO - [2024-08-22T16:47:41.528+0500] {dag.py:4138} INFO - Setting next_dagrun for example_display_name to None, run_after=None
[2024-08-22T16:47:41.560+0500] {processor.py:208} INFO - Processing /home/rayyan/redfin_venv/lib/python3.10/site-packages/airflow/example_dags/example_display_name.py took 0.082 seconds
[2024-08-22T16:48:41.893+0500] {processor.py:186} INFO - Started process (PID=3977) to work on /home/rayyan/redfin_venv/lib/python3.10/site-packages/airflow/example_dags/example_display_name.py
[2024-08-22T16:48:41.895+0500] {processor.py:914} INFO - Processing file /home/rayyan/redfin_venv/lib/python3.10/site-packages/airflow/example_dags/example_display_name.py for tasks to queue
[2024-08-22T16:48:41.898+0500] {logging_mixin.py:190} INFO - [2024-08-22T16:48:41.897+0500] {dagbag.py:587} INFO - Filling up the DagBag from /home/rayyan/redfin_venv/lib/python3.10/site-packages/airflow/example_dags/example_display_name.py
[2024-08-22T16:48:41.906+0500] {processor.py:925} INFO - DAG(s) 'example_display_name' retrieved from /home/rayyan/redfin_venv/lib/python3.10/site-packages/airflow/example_dags/example_display_name.py
[2024-08-22T16:48:41.921+0500] {logging_mixin.py:190} INFO - [2024-08-22T16:48:41.921+0500] {dag.py:3211} INFO - Sync 1 DAGs
[2024-08-22T16:48:41.934+0500] {logging_mixin.py:190} INFO - [2024-08-22T16:48:41.933+0500] {dag.py:4138} INFO - Setting next_dagrun for example_display_name to None, run_after=None
[2024-08-22T16:48:41.956+0500] {processor.py:208} INFO - Processing /home/rayyan/redfin_venv/lib/python3.10/site-packages/airflow/example_dags/example_display_name.py took 0.071 seconds
[2024-08-22T16:49:38.907+0500] {processor.py:186} INFO - Started process (PID=4256) to work on /home/rayyan/redfin_venv/lib/python3.10/site-packages/airflow/example_dags/example_display_name.py
[2024-08-22T16:49:38.918+0500] {processor.py:914} INFO - Processing file /home/rayyan/redfin_venv/lib/python3.10/site-packages/airflow/example_dags/example_display_name.py for tasks to queue
[2024-08-22T16:49:38.922+0500] {logging_mixin.py:190} INFO - [2024-08-22T16:49:38.921+0500] {dagbag.py:587} INFO - Filling up the DagBag from /home/rayyan/redfin_venv/lib/python3.10/site-packages/airflow/example_dags/example_display_name.py
[2024-08-22T16:49:38.932+0500] {processor.py:925} INFO - DAG(s) 'example_display_name' retrieved from /home/rayyan/redfin_venv/lib/python3.10/site-packages/airflow/example_dags/example_display_name.py
[2024-08-22T16:49:38.948+0500] {logging_mixin.py:190} INFO - [2024-08-22T16:49:38.948+0500] {dag.py:3211} INFO - Sync 1 DAGs
[2024-08-22T16:49:38.960+0500] {logging_mixin.py:190} INFO - [2024-08-22T16:49:38.959+0500] {dag.py:4138} INFO - Setting next_dagrun for example_display_name to None, run_after=None
[2024-08-22T16:49:38.980+0500] {processor.py:208} INFO - Processing /home/rayyan/redfin_venv/lib/python3.10/site-packages/airflow/example_dags/example_display_name.py took 0.083 seconds
[2024-08-22T16:50:32.900+0500] {processor.py:186} INFO - Started process (PID=4522) to work on /home/rayyan/redfin_venv/lib/python3.10/site-packages/airflow/example_dags/example_display_name.py
[2024-08-22T16:50:32.902+0500] {processor.py:914} INFO - Processing file /home/rayyan/redfin_venv/lib/python3.10/site-packages/airflow/example_dags/example_display_name.py for tasks to queue
[2024-08-22T16:50:32.904+0500] {logging_mixin.py:190} INFO - [2024-08-22T16:50:32.904+0500] {dagbag.py:587} INFO - Filling up the DagBag from /home/rayyan/redfin_venv/lib/python3.10/site-packages/airflow/example_dags/example_display_name.py
[2024-08-22T16:50:32.913+0500] {processor.py:925} INFO - DAG(s) 'example_display_name' retrieved from /home/rayyan/redfin_venv/lib/python3.10/site-packages/airflow/example_dags/example_display_name.py
[2024-08-22T16:50:32.927+0500] {logging_mixin.py:190} INFO - [2024-08-22T16:50:32.927+0500] {dag.py:3211} INFO - Sync 1 DAGs
[2024-08-22T16:50:32.939+0500] {logging_mixin.py:190} INFO - [2024-08-22T16:50:32.938+0500] {dag.py:4138} INFO - Setting next_dagrun for example_display_name to None, run_after=None
[2024-08-22T16:50:32.963+0500] {processor.py:208} INFO - Processing /home/rayyan/redfin_venv/lib/python3.10/site-packages/airflow/example_dags/example_display_name.py took 0.069 seconds
[2024-08-22T16:51:32.548+0500] {processor.py:186} INFO - Started process (PID=4808) to work on /home/rayyan/redfin_venv/lib/python3.10/site-packages/airflow/example_dags/example_display_name.py
[2024-08-22T16:51:32.550+0500] {processor.py:914} INFO - Processing file /home/rayyan/redfin_venv/lib/python3.10/site-packages/airflow/example_dags/example_display_name.py for tasks to queue
[2024-08-22T16:51:32.553+0500] {logging_mixin.py:190} INFO - [2024-08-22T16:51:32.553+0500] {dagbag.py:587} INFO - Filling up the DagBag from /home/rayyan/redfin_venv/lib/python3.10/site-packages/airflow/example_dags/example_display_name.py
[2024-08-22T16:51:32.562+0500] {processor.py:925} INFO - DAG(s) 'example_display_name' retrieved from /home/rayyan/redfin_venv/lib/python3.10/site-packages/airflow/example_dags/example_display_name.py
[2024-08-22T16:51:32.576+0500] {logging_mixin.py:190} INFO - [2024-08-22T16:51:32.576+0500] {dag.py:3211} INFO - Sync 1 DAGs
[2024-08-22T16:51:32.589+0500] {logging_mixin.py:190} INFO - [2024-08-22T16:51:32.588+0500] {dag.py:4138} INFO - Setting next_dagrun for example_display_name to None, run_after=None
[2024-08-22T16:51:32.609+0500] {processor.py:208} INFO - Processing /home/rayyan/redfin_venv/lib/python3.10/site-packages/airflow/example_dags/example_display_name.py took 0.070 seconds
[2024-08-22T16:52:31.411+0500] {processor.py:186} INFO - Started process (PID=5091) to work on /home/rayyan/redfin_venv/lib/python3.10/site-packages/airflow/example_dags/example_display_name.py
[2024-08-22T16:52:31.423+0500] {processor.py:914} INFO - Processing file /home/rayyan/redfin_venv/lib/python3.10/site-packages/airflow/example_dags/example_display_name.py for tasks to queue
[2024-08-22T16:52:31.427+0500] {logging_mixin.py:190} INFO - [2024-08-22T16:52:31.426+0500] {dagbag.py:587} INFO - Filling up the DagBag from /home/rayyan/redfin_venv/lib/python3.10/site-packages/airflow/example_dags/example_display_name.py
[2024-08-22T16:52:31.441+0500] {processor.py:925} INFO - DAG(s) 'example_display_name' retrieved from /home/rayyan/redfin_venv/lib/python3.10/site-packages/airflow/example_dags/example_display_name.py
[2024-08-22T16:52:31.464+0500] {logging_mixin.py:190} INFO - [2024-08-22T16:52:31.464+0500] {dag.py:3211} INFO - Sync 1 DAGs
[2024-08-22T16:52:31.479+0500] {logging_mixin.py:190} INFO - [2024-08-22T16:52:31.479+0500] {dag.py:4138} INFO - Setting next_dagrun for example_display_name to None, run_after=None
[2024-08-22T16:52:31.500+0500] {processor.py:208} INFO - Processing /home/rayyan/redfin_venv/lib/python3.10/site-packages/airflow/example_dags/example_display_name.py took 0.105 seconds
[2024-08-22T16:53:34.185+0500] {processor.py:186} INFO - Started process (PID=5392) to work on /home/rayyan/redfin_venv/lib/python3.10/site-packages/airflow/example_dags/example_display_name.py
[2024-08-22T16:53:34.187+0500] {processor.py:914} INFO - Processing file /home/rayyan/redfin_venv/lib/python3.10/site-packages/airflow/example_dags/example_display_name.py for tasks to queue
[2024-08-22T16:53:34.190+0500] {logging_mixin.py:190} INFO - [2024-08-22T16:53:34.190+0500] {dagbag.py:587} INFO - Filling up the DagBag from /home/rayyan/redfin_venv/lib/python3.10/site-packages/airflow/example_dags/example_display_name.py
[2024-08-22T16:53:34.201+0500] {processor.py:925} INFO - DAG(s) 'example_display_name' retrieved from /home/rayyan/redfin_venv/lib/python3.10/site-packages/airflow/example_dags/example_display_name.py
[2024-08-22T16:53:34.216+0500] {logging_mixin.py:190} INFO - [2024-08-22T16:53:34.215+0500] {dag.py:3211} INFO - Sync 1 DAGs
[2024-08-22T16:53:34.229+0500] {logging_mixin.py:190} INFO - [2024-08-22T16:53:34.228+0500] {dag.py:4138} INFO - Setting next_dagrun for example_display_name to None, run_after=None
[2024-08-22T16:53:34.248+0500] {processor.py:208} INFO - Processing /home/rayyan/redfin_venv/lib/python3.10/site-packages/airflow/example_dags/example_display_name.py took 0.074 seconds
[2024-08-22T16:54:35.275+0500] {processor.py:186} INFO - Started process (PID=5688) to work on /home/rayyan/redfin_venv/lib/python3.10/site-packages/airflow/example_dags/example_display_name.py
[2024-08-22T16:54:35.276+0500] {processor.py:914} INFO - Processing file /home/rayyan/redfin_venv/lib/python3.10/site-packages/airflow/example_dags/example_display_name.py for tasks to queue
[2024-08-22T16:54:35.279+0500] {logging_mixin.py:190} INFO - [2024-08-22T16:54:35.278+0500] {dagbag.py:587} INFO - Filling up the DagBag from /home/rayyan/redfin_venv/lib/python3.10/site-packages/airflow/example_dags/example_display_name.py
[2024-08-22T16:54:35.287+0500] {processor.py:925} INFO - DAG(s) 'example_display_name' retrieved from /home/rayyan/redfin_venv/lib/python3.10/site-packages/airflow/example_dags/example_display_name.py
[2024-08-22T16:54:35.302+0500] {logging_mixin.py:190} INFO - [2024-08-22T16:54:35.302+0500] {dag.py:3211} INFO - Sync 1 DAGs
[2024-08-22T16:54:35.315+0500] {logging_mixin.py:190} INFO - [2024-08-22T16:54:35.315+0500] {dag.py:4138} INFO - Setting next_dagrun for example_display_name to None, run_after=None
[2024-08-22T16:54:35.337+0500] {processor.py:208} INFO - Processing /home/rayyan/redfin_venv/lib/python3.10/site-packages/airflow/example_dags/example_display_name.py took 0.068 seconds
[2024-08-22T16:55:37.370+0500] {processor.py:186} INFO - Started process (PID=5988) to work on /home/rayyan/redfin_venv/lib/python3.10/site-packages/airflow/example_dags/example_display_name.py
[2024-08-22T16:55:37.373+0500] {processor.py:914} INFO - Processing file /home/rayyan/redfin_venv/lib/python3.10/site-packages/airflow/example_dags/example_display_name.py for tasks to queue
[2024-08-22T16:55:37.376+0500] {logging_mixin.py:190} INFO - [2024-08-22T16:55:37.375+0500] {dagbag.py:587} INFO - Filling up the DagBag from /home/rayyan/redfin_venv/lib/python3.10/site-packages/airflow/example_dags/example_display_name.py
[2024-08-22T16:55:37.384+0500] {processor.py:925} INFO - DAG(s) 'example_display_name' retrieved from /home/rayyan/redfin_venv/lib/python3.10/site-packages/airflow/example_dags/example_display_name.py
[2024-08-22T16:55:37.400+0500] {logging_mixin.py:190} INFO - [2024-08-22T16:55:37.400+0500] {dag.py:3211} INFO - Sync 1 DAGs
[2024-08-22T16:55:37.414+0500] {logging_mixin.py:190} INFO - [2024-08-22T16:55:37.414+0500] {dag.py:4138} INFO - Setting next_dagrun for example_display_name to None, run_after=None
[2024-08-22T16:55:37.445+0500] {processor.py:208} INFO - Processing /home/rayyan/redfin_venv/lib/python3.10/site-packages/airflow/example_dags/example_display_name.py took 0.084 seconds
[2024-08-22T16:56:45.156+0500] {processor.py:186} INFO - Started process (PID=6311) to work on /home/rayyan/redfin_venv/lib/python3.10/site-packages/airflow/example_dags/example_display_name.py
[2024-08-22T16:56:45.168+0500] {processor.py:914} INFO - Processing file /home/rayyan/redfin_venv/lib/python3.10/site-packages/airflow/example_dags/example_display_name.py for tasks to queue
[2024-08-22T16:56:45.170+0500] {logging_mixin.py:190} INFO - [2024-08-22T16:56:45.169+0500] {dagbag.py:587} INFO - Filling up the DagBag from /home/rayyan/redfin_venv/lib/python3.10/site-packages/airflow/example_dags/example_display_name.py
[2024-08-22T16:56:45.179+0500] {processor.py:925} INFO - DAG(s) 'example_display_name' retrieved from /home/rayyan/redfin_venv/lib/python3.10/site-packages/airflow/example_dags/example_display_name.py
[2024-08-22T16:56:45.198+0500] {logging_mixin.py:190} INFO - [2024-08-22T16:56:45.198+0500] {dag.py:3211} INFO - Sync 1 DAGs
[2024-08-22T16:56:45.221+0500] {logging_mixin.py:190} INFO - [2024-08-22T16:56:45.220+0500] {dag.py:4138} INFO - Setting next_dagrun for example_display_name to None, run_after=None
[2024-08-22T16:56:45.258+0500] {processor.py:208} INFO - Processing /home/rayyan/redfin_venv/lib/python3.10/site-packages/airflow/example_dags/example_display_name.py took 0.107 seconds
[2024-08-22T16:57:48.225+0500] {processor.py:186} INFO - Started process (PID=6616) to work on /home/rayyan/redfin_venv/lib/python3.10/site-packages/airflow/example_dags/example_display_name.py
[2024-08-22T16:57:48.238+0500] {processor.py:914} INFO - Processing file /home/rayyan/redfin_venv/lib/python3.10/site-packages/airflow/example_dags/example_display_name.py for tasks to queue
[2024-08-22T16:57:48.240+0500] {logging_mixin.py:190} INFO - [2024-08-22T16:57:48.240+0500] {dagbag.py:587} INFO - Filling up the DagBag from /home/rayyan/redfin_venv/lib/python3.10/site-packages/airflow/example_dags/example_display_name.py
[2024-08-22T16:57:48.250+0500] {processor.py:925} INFO - DAG(s) 'example_display_name' retrieved from /home/rayyan/redfin_venv/lib/python3.10/site-packages/airflow/example_dags/example_display_name.py
[2024-08-22T16:57:48.266+0500] {logging_mixin.py:190} INFO - [2024-08-22T16:57:48.266+0500] {dag.py:3211} INFO - Sync 1 DAGs
[2024-08-22T16:57:48.278+0500] {logging_mixin.py:190} INFO - [2024-08-22T16:57:48.278+0500] {dag.py:4138} INFO - Setting next_dagrun for example_display_name to None, run_after=None
[2024-08-22T16:57:48.299+0500] {processor.py:208} INFO - Processing /home/rayyan/redfin_venv/lib/python3.10/site-packages/airflow/example_dags/example_display_name.py took 0.083 seconds
[2024-08-22T16:58:56.557+0500] {processor.py:186} INFO - Started process (PID=6952) to work on /home/rayyan/redfin_venv/lib/python3.10/site-packages/airflow/example_dags/example_display_name.py
[2024-08-22T16:58:56.568+0500] {processor.py:914} INFO - Processing file /home/rayyan/redfin_venv/lib/python3.10/site-packages/airflow/example_dags/example_display_name.py for tasks to queue
[2024-08-22T16:58:56.570+0500] {logging_mixin.py:190} INFO - [2024-08-22T16:58:56.570+0500] {dagbag.py:587} INFO - Filling up the DagBag from /home/rayyan/redfin_venv/lib/python3.10/site-packages/airflow/example_dags/example_display_name.py
[2024-08-22T16:58:56.579+0500] {processor.py:925} INFO - DAG(s) 'example_display_name' retrieved from /home/rayyan/redfin_venv/lib/python3.10/site-packages/airflow/example_dags/example_display_name.py
[2024-08-22T16:58:56.598+0500] {logging_mixin.py:190} INFO - [2024-08-22T16:58:56.597+0500] {dag.py:3211} INFO - Sync 1 DAGs
[2024-08-22T16:58:56.614+0500] {logging_mixin.py:190} INFO - [2024-08-22T16:58:56.613+0500] {dag.py:4138} INFO - Setting next_dagrun for example_display_name to None, run_after=None
[2024-08-22T16:58:56.749+0500] {processor.py:208} INFO - Processing /home/rayyan/redfin_venv/lib/python3.10/site-packages/airflow/example_dags/example_display_name.py took 0.200 seconds
[2024-08-22T16:59:56.942+0500] {processor.py:186} INFO - Started process (PID=7696) to work on /home/rayyan/redfin_venv/lib/python3.10/site-packages/airflow/example_dags/example_display_name.py
[2024-08-22T16:59:56.953+0500] {processor.py:914} INFO - Processing file /home/rayyan/redfin_venv/lib/python3.10/site-packages/airflow/example_dags/example_display_name.py for tasks to queue
[2024-08-22T16:59:56.956+0500] {logging_mixin.py:190} INFO - [2024-08-22T16:59:56.955+0500] {dagbag.py:587} INFO - Filling up the DagBag from /home/rayyan/redfin_venv/lib/python3.10/site-packages/airflow/example_dags/example_display_name.py
[2024-08-22T16:59:56.964+0500] {processor.py:925} INFO - DAG(s) 'example_display_name' retrieved from /home/rayyan/redfin_venv/lib/python3.10/site-packages/airflow/example_dags/example_display_name.py
[2024-08-22T16:59:56.987+0500] {logging_mixin.py:190} INFO - [2024-08-22T16:59:56.987+0500] {dag.py:3211} INFO - Sync 1 DAGs
[2024-08-22T16:59:57.005+0500] {logging_mixin.py:190} INFO - [2024-08-22T16:59:57.004+0500] {dag.py:4138} INFO - Setting next_dagrun for example_display_name to None, run_after=None
[2024-08-22T16:59:57.033+0500] {processor.py:208} INFO - Processing /home/rayyan/redfin_venv/lib/python3.10/site-packages/airflow/example_dags/example_display_name.py took 0.098 seconds
[2024-08-22T17:01:02.895+0500] {processor.py:186} INFO - Started process (PID=10095) to work on /home/rayyan/redfin_venv/lib/python3.10/site-packages/airflow/example_dags/example_display_name.py
[2024-08-22T17:01:02.897+0500] {processor.py:914} INFO - Processing file /home/rayyan/redfin_venv/lib/python3.10/site-packages/airflow/example_dags/example_display_name.py for tasks to queue
[2024-08-22T17:01:02.901+0500] {logging_mixin.py:190} INFO - [2024-08-22T17:01:02.900+0500] {dagbag.py:587} INFO - Filling up the DagBag from /home/rayyan/redfin_venv/lib/python3.10/site-packages/airflow/example_dags/example_display_name.py
[2024-08-22T17:01:02.913+0500] {processor.py:925} INFO - DAG(s) 'example_display_name' retrieved from /home/rayyan/redfin_venv/lib/python3.10/site-packages/airflow/example_dags/example_display_name.py
[2024-08-22T17:01:02.938+0500] {logging_mixin.py:190} INFO - [2024-08-22T17:01:02.937+0500] {dag.py:3211} INFO - Sync 1 DAGs
[2024-08-22T17:01:02.960+0500] {logging_mixin.py:190} INFO - [2024-08-22T17:01:02.960+0500] {dag.py:4138} INFO - Setting next_dagrun for example_display_name to None, run_after=None
[2024-08-22T17:01:03.002+0500] {processor.py:208} INFO - Processing /home/rayyan/redfin_venv/lib/python3.10/site-packages/airflow/example_dags/example_display_name.py took 0.115 seconds
[2024-08-22T17:02:14.368+0500] {processor.py:186} INFO - Started process (PID=12730) to work on /home/rayyan/redfin_venv/lib/python3.10/site-packages/airflow/example_dags/example_display_name.py
[2024-08-22T17:02:14.382+0500] {processor.py:914} INFO - Processing file /home/rayyan/redfin_venv/lib/python3.10/site-packages/airflow/example_dags/example_display_name.py for tasks to queue
[2024-08-22T17:02:14.387+0500] {logging_mixin.py:190} INFO - [2024-08-22T17:02:14.386+0500] {dagbag.py:587} INFO - Filling up the DagBag from /home/rayyan/redfin_venv/lib/python3.10/site-packages/airflow/example_dags/example_display_name.py
[2024-08-22T17:02:14.401+0500] {processor.py:925} INFO - DAG(s) 'example_display_name' retrieved from /home/rayyan/redfin_venv/lib/python3.10/site-packages/airflow/example_dags/example_display_name.py
[2024-08-22T17:02:14.436+0500] {logging_mixin.py:190} INFO - [2024-08-22T17:02:14.435+0500] {dag.py:3211} INFO - Sync 1 DAGs
[2024-08-22T17:02:14.467+0500] {logging_mixin.py:190} INFO - [2024-08-22T17:02:14.466+0500] {dag.py:4138} INFO - Setting next_dagrun for example_display_name to None, run_after=None
[2024-08-22T17:02:14.502+0500] {processor.py:208} INFO - Processing /home/rayyan/redfin_venv/lib/python3.10/site-packages/airflow/example_dags/example_display_name.py took 0.143 seconds
[2024-08-22T17:03:15.181+0500] {processor.py:186} INFO - Started process (PID=13025) to work on /home/rayyan/redfin_venv/lib/python3.10/site-packages/airflow/example_dags/example_display_name.py
[2024-08-22T17:03:15.195+0500] {processor.py:914} INFO - Processing file /home/rayyan/redfin_venv/lib/python3.10/site-packages/airflow/example_dags/example_display_name.py for tasks to queue
[2024-08-22T17:03:15.200+0500] {logging_mixin.py:190} INFO - [2024-08-22T17:03:15.199+0500] {dagbag.py:587} INFO - Filling up the DagBag from /home/rayyan/redfin_venv/lib/python3.10/site-packages/airflow/example_dags/example_display_name.py
[2024-08-22T17:03:15.210+0500] {processor.py:925} INFO - DAG(s) 'example_display_name' retrieved from /home/rayyan/redfin_venv/lib/python3.10/site-packages/airflow/example_dags/example_display_name.py
[2024-08-22T17:03:15.228+0500] {logging_mixin.py:190} INFO - [2024-08-22T17:03:15.228+0500] {dag.py:3211} INFO - Sync 1 DAGs
[2024-08-22T17:03:15.242+0500] {logging_mixin.py:190} INFO - [2024-08-22T17:03:15.241+0500] {dag.py:4138} INFO - Setting next_dagrun for example_display_name to None, run_after=None
[2024-08-22T17:03:15.267+0500] {processor.py:208} INFO - Processing /home/rayyan/redfin_venv/lib/python3.10/site-packages/airflow/example_dags/example_display_name.py took 0.095 seconds
[2024-08-22T17:04:14.650+0500] {processor.py:186} INFO - Started process (PID=13311) to work on /home/rayyan/redfin_venv/lib/python3.10/site-packages/airflow/example_dags/example_display_name.py
[2024-08-22T17:04:14.652+0500] {processor.py:914} INFO - Processing file /home/rayyan/redfin_venv/lib/python3.10/site-packages/airflow/example_dags/example_display_name.py for tasks to queue
[2024-08-22T17:04:14.656+0500] {logging_mixin.py:190} INFO - [2024-08-22T17:04:14.655+0500] {dagbag.py:587} INFO - Filling up the DagBag from /home/rayyan/redfin_venv/lib/python3.10/site-packages/airflow/example_dags/example_display_name.py
[2024-08-22T17:04:14.666+0500] {processor.py:925} INFO - DAG(s) 'example_display_name' retrieved from /home/rayyan/redfin_venv/lib/python3.10/site-packages/airflow/example_dags/example_display_name.py
[2024-08-22T17:04:14.682+0500] {logging_mixin.py:190} INFO - [2024-08-22T17:04:14.681+0500] {dag.py:3211} INFO - Sync 1 DAGs
[2024-08-22T17:04:14.694+0500] {logging_mixin.py:190} INFO - [2024-08-22T17:04:14.694+0500] {dag.py:4138} INFO - Setting next_dagrun for example_display_name to None, run_after=None
[2024-08-22T17:04:14.717+0500] {processor.py:208} INFO - Processing /home/rayyan/redfin_venv/lib/python3.10/site-packages/airflow/example_dags/example_display_name.py took 0.077 seconds
[2024-08-22T17:05:09.772+0500] {processor.py:186} INFO - Started process (PID=13580) to work on /home/rayyan/redfin_venv/lib/python3.10/site-packages/airflow/example_dags/example_display_name.py
[2024-08-22T17:05:09.784+0500] {processor.py:914} INFO - Processing file /home/rayyan/redfin_venv/lib/python3.10/site-packages/airflow/example_dags/example_display_name.py for tasks to queue
[2024-08-22T17:05:09.788+0500] {logging_mixin.py:190} INFO - [2024-08-22T17:05:09.788+0500] {dagbag.py:587} INFO - Filling up the DagBag from /home/rayyan/redfin_venv/lib/python3.10/site-packages/airflow/example_dags/example_display_name.py
[2024-08-22T17:05:09.799+0500] {processor.py:925} INFO - DAG(s) 'example_display_name' retrieved from /home/rayyan/redfin_venv/lib/python3.10/site-packages/airflow/example_dags/example_display_name.py
[2024-08-22T17:05:09.816+0500] {logging_mixin.py:190} INFO - [2024-08-22T17:05:09.816+0500] {dag.py:3211} INFO - Sync 1 DAGs
[2024-08-22T17:05:09.828+0500] {logging_mixin.py:190} INFO - [2024-08-22T17:05:09.828+0500] {dag.py:4138} INFO - Setting next_dagrun for example_display_name to None, run_after=None
[2024-08-22T17:05:09.849+0500] {processor.py:208} INFO - Processing /home/rayyan/redfin_venv/lib/python3.10/site-packages/airflow/example_dags/example_display_name.py took 0.085 seconds
[2024-08-22T17:06:05.272+0500] {processor.py:186} INFO - Started process (PID=13850) to work on /home/rayyan/redfin_venv/lib/python3.10/site-packages/airflow/example_dags/example_display_name.py
[2024-08-22T17:06:05.284+0500] {processor.py:914} INFO - Processing file /home/rayyan/redfin_venv/lib/python3.10/site-packages/airflow/example_dags/example_display_name.py for tasks to queue
[2024-08-22T17:06:05.287+0500] {logging_mixin.py:190} INFO - [2024-08-22T17:06:05.287+0500] {dagbag.py:587} INFO - Filling up the DagBag from /home/rayyan/redfin_venv/lib/python3.10/site-packages/airflow/example_dags/example_display_name.py
[2024-08-22T17:06:05.297+0500] {processor.py:925} INFO - DAG(s) 'example_display_name' retrieved from /home/rayyan/redfin_venv/lib/python3.10/site-packages/airflow/example_dags/example_display_name.py
[2024-08-22T17:06:05.314+0500] {logging_mixin.py:190} INFO - [2024-08-22T17:06:05.314+0500] {dag.py:3211} INFO - Sync 1 DAGs
[2024-08-22T17:06:05.327+0500] {logging_mixin.py:190} INFO - [2024-08-22T17:06:05.326+0500] {dag.py:4138} INFO - Setting next_dagrun for example_display_name to None, run_after=None
[2024-08-22T17:06:05.347+0500] {processor.py:208} INFO - Processing /home/rayyan/redfin_venv/lib/python3.10/site-packages/airflow/example_dags/example_display_name.py took 0.085 seconds
[2024-08-22T17:07:05.733+0500] {processor.py:186} INFO - Started process (PID=14147) to work on /home/rayyan/redfin_venv/lib/python3.10/site-packages/airflow/example_dags/example_display_name.py
[2024-08-22T17:07:05.746+0500] {processor.py:914} INFO - Processing file /home/rayyan/redfin_venv/lib/python3.10/site-packages/airflow/example_dags/example_display_name.py for tasks to queue
[2024-08-22T17:07:05.749+0500] {logging_mixin.py:190} INFO - [2024-08-22T17:07:05.748+0500] {dagbag.py:587} INFO - Filling up the DagBag from /home/rayyan/redfin_venv/lib/python3.10/site-packages/airflow/example_dags/example_display_name.py
[2024-08-22T17:07:05.759+0500] {processor.py:925} INFO - DAG(s) 'example_display_name' retrieved from /home/rayyan/redfin_venv/lib/python3.10/site-packages/airflow/example_dags/example_display_name.py
[2024-08-22T17:07:05.776+0500] {logging_mixin.py:190} INFO - [2024-08-22T17:07:05.775+0500] {dag.py:3211} INFO - Sync 1 DAGs
[2024-08-22T17:07:05.789+0500] {logging_mixin.py:190} INFO - [2024-08-22T17:07:05.789+0500] {dag.py:4138} INFO - Setting next_dagrun for example_display_name to None, run_after=None
[2024-08-22T17:07:05.812+0500] {processor.py:208} INFO - Processing /home/rayyan/redfin_venv/lib/python3.10/site-packages/airflow/example_dags/example_display_name.py took 0.089 seconds
