[2024-08-22T16:48:25.269+0500] {processor.py:186} INFO - Started process (PID=3894) to work on /home/rayyan/redfin_venv/lib/python3.10/site-packages/airflow/example_dags/example_short_circuit_decorator.py
[2024-08-22T16:48:25.270+0500] {processor.py:914} INFO - Processing file /home/rayyan/redfin_venv/lib/python3.10/site-packages/airflow/example_dags/example_short_circuit_decorator.py for tasks to queue
[2024-08-22T16:48:25.273+0500] {logging_mixin.py:190} INFO - [2024-08-22T16:48:25.273+0500] {dagbag.py:587} INFO - Filling up the DagBag from /home/rayyan/redfin_venv/lib/python3.10/site-packages/airflow/example_dags/example_short_circuit_decorator.py
[2024-08-22T16:48:25.285+0500] {processor.py:925} INFO - DAG(s) 'example_short_circuit_decorator' retrieved from /home/rayyan/redfin_venv/lib/python3.10/site-packages/airflow/example_dags/example_short_circuit_decorator.py
[2024-08-22T16:48:25.304+0500] {logging_mixin.py:190} INFO - [2024-08-22T16:48:25.304+0500] {dag.py:3211} INFO - Sync 1 DAGs
[2024-08-22T16:48:25.323+0500] {logging_mixin.py:190} INFO - [2024-08-22T16:48:25.322+0500] {dag.py:4138} INFO - Setting next_dagrun for example_short_circuit_decorator to 2024-08-21 00:00:00+00:00, run_after=2024-08-22 00:00:00+00:00
[2024-08-22T16:48:25.356+0500] {processor.py:208} INFO - Processing /home/rayyan/redfin_venv/lib/python3.10/site-packages/airflow/example_dags/example_short_circuit_decorator.py took 0.095 seconds
[2024-08-22T16:49:23.846+0500] {processor.py:186} INFO - Started process (PID=4183) to work on /home/rayyan/redfin_venv/lib/python3.10/site-packages/airflow/example_dags/example_short_circuit_decorator.py
[2024-08-22T16:49:23.858+0500] {processor.py:914} INFO - Processing file /home/rayyan/redfin_venv/lib/python3.10/site-packages/airflow/example_dags/example_short_circuit_decorator.py for tasks to queue
[2024-08-22T16:49:23.861+0500] {logging_mixin.py:190} INFO - [2024-08-22T16:49:23.861+0500] {dagbag.py:587} INFO - Filling up the DagBag from /home/rayyan/redfin_venv/lib/python3.10/site-packages/airflow/example_dags/example_short_circuit_decorator.py
[2024-08-22T16:49:23.875+0500] {processor.py:925} INFO - DAG(s) 'example_short_circuit_decorator' retrieved from /home/rayyan/redfin_venv/lib/python3.10/site-packages/airflow/example_dags/example_short_circuit_decorator.py
[2024-08-22T16:49:23.893+0500] {logging_mixin.py:190} INFO - [2024-08-22T16:49:23.892+0500] {dag.py:3211} INFO - Sync 1 DAGs
[2024-08-22T16:49:23.911+0500] {logging_mixin.py:190} INFO - [2024-08-22T16:49:23.911+0500] {dag.py:4138} INFO - Setting next_dagrun for example_short_circuit_decorator to 2024-08-21 00:00:00+00:00, run_after=2024-08-22 00:00:00+00:00
[2024-08-22T16:49:23.931+0500] {processor.py:208} INFO - Processing /home/rayyan/redfin_venv/lib/python3.10/site-packages/airflow/example_dags/example_short_circuit_decorator.py took 0.099 seconds
[2024-08-22T16:50:20.857+0500] {processor.py:186} INFO - Started process (PID=4461) to work on /home/rayyan/redfin_venv/lib/python3.10/site-packages/airflow/example_dags/example_short_circuit_decorator.py
[2024-08-22T16:50:20.869+0500] {processor.py:914} INFO - Processing file /home/rayyan/redfin_venv/lib/python3.10/site-packages/airflow/example_dags/example_short_circuit_decorator.py for tasks to queue
[2024-08-22T16:50:20.871+0500] {logging_mixin.py:190} INFO - [2024-08-22T16:50:20.871+0500] {dagbag.py:587} INFO - Filling up the DagBag from /home/rayyan/redfin_venv/lib/python3.10/site-packages/airflow/example_dags/example_short_circuit_decorator.py
[2024-08-22T16:50:20.884+0500] {processor.py:925} INFO - DAG(s) 'example_short_circuit_decorator' retrieved from /home/rayyan/redfin_venv/lib/python3.10/site-packages/airflow/example_dags/example_short_circuit_decorator.py
[2024-08-22T16:50:20.904+0500] {logging_mixin.py:190} INFO - [2024-08-22T16:50:20.903+0500] {dag.py:3211} INFO - Sync 1 DAGs
[2024-08-22T16:50:20.923+0500] {logging_mixin.py:190} INFO - [2024-08-22T16:50:20.923+0500] {dag.py:4138} INFO - Setting next_dagrun for example_short_circuit_decorator to 2024-08-21 00:00:00+00:00, run_after=2024-08-22 00:00:00+00:00
[2024-08-22T16:50:20.944+0500] {processor.py:208} INFO - Processing /home/rayyan/redfin_venv/lib/python3.10/site-packages/airflow/example_dags/example_short_circuit_decorator.py took 0.093 seconds
[2024-08-22T16:51:17.913+0500] {processor.py:186} INFO - Started process (PID=4738) to work on /home/rayyan/redfin_venv/lib/python3.10/site-packages/airflow/example_dags/example_short_circuit_decorator.py
[2024-08-22T16:51:17.915+0500] {processor.py:914} INFO - Processing file /home/rayyan/redfin_venv/lib/python3.10/site-packages/airflow/example_dags/example_short_circuit_decorator.py for tasks to queue
[2024-08-22T16:51:17.917+0500] {logging_mixin.py:190} INFO - [2024-08-22T16:51:17.917+0500] {dagbag.py:587} INFO - Filling up the DagBag from /home/rayyan/redfin_venv/lib/python3.10/site-packages/airflow/example_dags/example_short_circuit_decorator.py
[2024-08-22T16:51:17.930+0500] {processor.py:925} INFO - DAG(s) 'example_short_circuit_decorator' retrieved from /home/rayyan/redfin_venv/lib/python3.10/site-packages/airflow/example_dags/example_short_circuit_decorator.py
[2024-08-22T16:51:17.950+0500] {logging_mixin.py:190} INFO - [2024-08-22T16:51:17.950+0500] {dag.py:3211} INFO - Sync 1 DAGs
[2024-08-22T16:51:17.971+0500] {logging_mixin.py:190} INFO - [2024-08-22T16:51:17.971+0500] {dag.py:4138} INFO - Setting next_dagrun for example_short_circuit_decorator to 2024-08-21 00:00:00+00:00, run_after=2024-08-22 00:00:00+00:00
[2024-08-22T16:51:17.997+0500] {processor.py:208} INFO - Processing /home/rayyan/redfin_venv/lib/python3.10/site-packages/airflow/example_dags/example_short_circuit_decorator.py took 0.092 seconds
[2024-08-22T16:52:17.197+0500] {processor.py:186} INFO - Started process (PID=5022) to work on /home/rayyan/redfin_venv/lib/python3.10/site-packages/airflow/example_dags/example_short_circuit_decorator.py
[2024-08-22T16:52:17.211+0500] {processor.py:914} INFO - Processing file /home/rayyan/redfin_venv/lib/python3.10/site-packages/airflow/example_dags/example_short_circuit_decorator.py for tasks to queue
[2024-08-22T16:52:17.216+0500] {logging_mixin.py:190} INFO - [2024-08-22T16:52:17.215+0500] {dagbag.py:587} INFO - Filling up the DagBag from /home/rayyan/redfin_venv/lib/python3.10/site-packages/airflow/example_dags/example_short_circuit_decorator.py
[2024-08-22T16:52:17.231+0500] {processor.py:925} INFO - DAG(s) 'example_short_circuit_decorator' retrieved from /home/rayyan/redfin_venv/lib/python3.10/site-packages/airflow/example_dags/example_short_circuit_decorator.py
[2024-08-22T16:52:17.250+0500] {logging_mixin.py:190} INFO - [2024-08-22T16:52:17.250+0500] {dag.py:3211} INFO - Sync 1 DAGs
[2024-08-22T16:52:17.270+0500] {logging_mixin.py:190} INFO - [2024-08-22T16:52:17.269+0500] {dag.py:4138} INFO - Setting next_dagrun for example_short_circuit_decorator to 2024-08-21 00:00:00+00:00, run_after=2024-08-22 00:00:00+00:00
[2024-08-22T16:52:17.290+0500] {processor.py:208} INFO - Processing /home/rayyan/redfin_venv/lib/python3.10/site-packages/airflow/example_dags/example_short_circuit_decorator.py took 0.113 seconds
[2024-08-22T16:53:20.183+0500] {processor.py:186} INFO - Started process (PID=5324) to work on /home/rayyan/redfin_venv/lib/python3.10/site-packages/airflow/example_dags/example_short_circuit_decorator.py
[2024-08-22T16:53:20.194+0500] {processor.py:914} INFO - Processing file /home/rayyan/redfin_venv/lib/python3.10/site-packages/airflow/example_dags/example_short_circuit_decorator.py for tasks to queue
[2024-08-22T16:53:20.197+0500] {logging_mixin.py:190} INFO - [2024-08-22T16:53:20.196+0500] {dagbag.py:587} INFO - Filling up the DagBag from /home/rayyan/redfin_venv/lib/python3.10/site-packages/airflow/example_dags/example_short_circuit_decorator.py
[2024-08-22T16:53:20.208+0500] {processor.py:925} INFO - DAG(s) 'example_short_circuit_decorator' retrieved from /home/rayyan/redfin_venv/lib/python3.10/site-packages/airflow/example_dags/example_short_circuit_decorator.py
[2024-08-22T16:53:20.227+0500] {logging_mixin.py:190} INFO - [2024-08-22T16:53:20.227+0500] {dag.py:3211} INFO - Sync 1 DAGs
[2024-08-22T16:53:20.247+0500] {logging_mixin.py:190} INFO - [2024-08-22T16:53:20.246+0500] {dag.py:4138} INFO - Setting next_dagrun for example_short_circuit_decorator to 2024-08-21 00:00:00+00:00, run_after=2024-08-22 00:00:00+00:00
[2024-08-22T16:53:20.268+0500] {processor.py:208} INFO - Processing /home/rayyan/redfin_venv/lib/python3.10/site-packages/airflow/example_dags/example_short_circuit_decorator.py took 0.092 seconds
[2024-08-22T16:54:22.260+0500] {processor.py:186} INFO - Started process (PID=5623) to work on /home/rayyan/redfin_venv/lib/python3.10/site-packages/airflow/example_dags/example_short_circuit_decorator.py
[2024-08-22T16:54:22.272+0500] {processor.py:914} INFO - Processing file /home/rayyan/redfin_venv/lib/python3.10/site-packages/airflow/example_dags/example_short_circuit_decorator.py for tasks to queue
[2024-08-22T16:54:22.274+0500] {logging_mixin.py:190} INFO - [2024-08-22T16:54:22.274+0500] {dagbag.py:587} INFO - Filling up the DagBag from /home/rayyan/redfin_venv/lib/python3.10/site-packages/airflow/example_dags/example_short_circuit_decorator.py
[2024-08-22T16:54:22.287+0500] {processor.py:925} INFO - DAG(s) 'example_short_circuit_decorator' retrieved from /home/rayyan/redfin_venv/lib/python3.10/site-packages/airflow/example_dags/example_short_circuit_decorator.py
[2024-08-22T16:54:22.306+0500] {logging_mixin.py:190} INFO - [2024-08-22T16:54:22.305+0500] {dag.py:3211} INFO - Sync 1 DAGs
[2024-08-22T16:54:22.325+0500] {logging_mixin.py:190} INFO - [2024-08-22T16:54:22.325+0500] {dag.py:4138} INFO - Setting next_dagrun for example_short_circuit_decorator to 2024-08-21 00:00:00+00:00, run_after=2024-08-22 00:00:00+00:00
[2024-08-22T16:54:22.345+0500] {processor.py:208} INFO - Processing /home/rayyan/redfin_venv/lib/python3.10/site-packages/airflow/example_dags/example_short_circuit_decorator.py took 0.092 seconds
[2024-08-22T16:55:22.763+0500] {processor.py:186} INFO - Started process (PID=5915) to work on /home/rayyan/redfin_venv/lib/python3.10/site-packages/airflow/example_dags/example_short_circuit_decorator.py
[2024-08-22T16:55:22.765+0500] {processor.py:914} INFO - Processing file /home/rayyan/redfin_venv/lib/python3.10/site-packages/airflow/example_dags/example_short_circuit_decorator.py for tasks to queue
[2024-08-22T16:55:22.767+0500] {logging_mixin.py:190} INFO - [2024-08-22T16:55:22.766+0500] {dagbag.py:587} INFO - Filling up the DagBag from /home/rayyan/redfin_venv/lib/python3.10/site-packages/airflow/example_dags/example_short_circuit_decorator.py
[2024-08-22T16:55:22.777+0500] {processor.py:925} INFO - DAG(s) 'example_short_circuit_decorator' retrieved from /home/rayyan/redfin_venv/lib/python3.10/site-packages/airflow/example_dags/example_short_circuit_decorator.py
[2024-08-22T16:55:22.799+0500] {logging_mixin.py:190} INFO - [2024-08-22T16:55:22.799+0500] {dag.py:3211} INFO - Sync 1 DAGs
[2024-08-22T16:55:22.944+0500] {logging_mixin.py:190} INFO - [2024-08-22T16:55:22.943+0500] {dag.py:4138} INFO - Setting next_dagrun for example_short_circuit_decorator to 2024-08-21 00:00:00+00:00, run_after=2024-08-22 00:00:00+00:00
[2024-08-22T16:55:22.971+0500] {processor.py:208} INFO - Processing /home/rayyan/redfin_venv/lib/python3.10/site-packages/airflow/example_dags/example_short_circuit_decorator.py took 0.215 seconds
[2024-08-22T16:56:29.794+0500] {processor.py:186} INFO - Started process (PID=6238) to work on /home/rayyan/redfin_venv/lib/python3.10/site-packages/airflow/example_dags/example_short_circuit_decorator.py
[2024-08-22T16:56:29.806+0500] {processor.py:914} INFO - Processing file /home/rayyan/redfin_venv/lib/python3.10/site-packages/airflow/example_dags/example_short_circuit_decorator.py for tasks to queue
[2024-08-22T16:56:29.808+0500] {logging_mixin.py:190} INFO - [2024-08-22T16:56:29.808+0500] {dagbag.py:587} INFO - Filling up the DagBag from /home/rayyan/redfin_venv/lib/python3.10/site-packages/airflow/example_dags/example_short_circuit_decorator.py
[2024-08-22T16:56:29.821+0500] {processor.py:925} INFO - DAG(s) 'example_short_circuit_decorator' retrieved from /home/rayyan/redfin_venv/lib/python3.10/site-packages/airflow/example_dags/example_short_circuit_decorator.py
[2024-08-22T16:56:29.842+0500] {logging_mixin.py:190} INFO - [2024-08-22T16:56:29.841+0500] {dag.py:3211} INFO - Sync 1 DAGs
[2024-08-22T16:56:29.980+0500] {logging_mixin.py:190} INFO - [2024-08-22T16:56:29.979+0500] {dag.py:4138} INFO - Setting next_dagrun for example_short_circuit_decorator to 2024-08-21 00:00:00+00:00, run_after=2024-08-22 00:00:00+00:00
[2024-08-22T16:56:30.007+0500] {processor.py:208} INFO - Processing /home/rayyan/redfin_venv/lib/python3.10/site-packages/airflow/example_dags/example_short_circuit_decorator.py took 0.220 seconds
[2024-08-22T16:57:35.445+0500] {processor.py:186} INFO - Started process (PID=6553) to work on /home/rayyan/redfin_venv/lib/python3.10/site-packages/airflow/example_dags/example_short_circuit_decorator.py
[2024-08-22T16:57:35.458+0500] {processor.py:914} INFO - Processing file /home/rayyan/redfin_venv/lib/python3.10/site-packages/airflow/example_dags/example_short_circuit_decorator.py for tasks to queue
[2024-08-22T16:57:35.461+0500] {logging_mixin.py:190} INFO - [2024-08-22T16:57:35.460+0500] {dagbag.py:587} INFO - Filling up the DagBag from /home/rayyan/redfin_venv/lib/python3.10/site-packages/airflow/example_dags/example_short_circuit_decorator.py
[2024-08-22T16:57:35.473+0500] {processor.py:925} INFO - DAG(s) 'example_short_circuit_decorator' retrieved from /home/rayyan/redfin_venv/lib/python3.10/site-packages/airflow/example_dags/example_short_circuit_decorator.py
[2024-08-22T16:57:35.608+0500] {logging_mixin.py:190} INFO - [2024-08-22T16:57:35.607+0500] {dag.py:3211} INFO - Sync 1 DAGs
[2024-08-22T16:57:35.635+0500] {logging_mixin.py:190} INFO - [2024-08-22T16:57:35.635+0500] {dag.py:4138} INFO - Setting next_dagrun for example_short_circuit_decorator to 2024-08-21 00:00:00+00:00, run_after=2024-08-22 00:00:00+00:00
[2024-08-22T16:57:35.660+0500] {processor.py:208} INFO - Processing /home/rayyan/redfin_venv/lib/python3.10/site-packages/airflow/example_dags/example_short_circuit_decorator.py took 0.221 seconds
[2024-08-22T16:59:42.494+0500] {processor.py:186} INFO - Started process (PID=7213) to work on /home/rayyan/redfin_venv/lib/python3.10/site-packages/airflow/example_dags/example_short_circuit_decorator.py
[2024-08-22T16:59:42.506+0500] {processor.py:914} INFO - Processing file /home/rayyan/redfin_venv/lib/python3.10/site-packages/airflow/example_dags/example_short_circuit_decorator.py for tasks to queue
[2024-08-22T16:59:42.509+0500] {logging_mixin.py:190} INFO - [2024-08-22T16:59:42.509+0500] {dagbag.py:587} INFO - Filling up the DagBag from /home/rayyan/redfin_venv/lib/python3.10/site-packages/airflow/example_dags/example_short_circuit_decorator.py
[2024-08-22T16:59:42.522+0500] {processor.py:925} INFO - DAG(s) 'example_short_circuit_decorator' retrieved from /home/rayyan/redfin_venv/lib/python3.10/site-packages/airflow/example_dags/example_short_circuit_decorator.py
[2024-08-22T16:59:42.545+0500] {logging_mixin.py:190} INFO - [2024-08-22T16:59:42.544+0500] {dag.py:3211} INFO - Sync 1 DAGs
[2024-08-22T16:59:42.568+0500] {logging_mixin.py:190} INFO - [2024-08-22T16:59:42.568+0500] {dag.py:4138} INFO - Setting next_dagrun for example_short_circuit_decorator to 2024-08-21 00:00:00+00:00, run_after=2024-08-22 00:00:00+00:00
[2024-08-22T16:59:42.593+0500] {processor.py:208} INFO - Processing /home/rayyan/redfin_venv/lib/python3.10/site-packages/airflow/example_dags/example_short_circuit_decorator.py took 0.106 seconds
[2024-08-22T17:00:50.128+0500] {processor.py:186} INFO - Started process (PID=9547) to work on /home/rayyan/redfin_venv/lib/python3.10/site-packages/airflow/example_dags/example_short_circuit_decorator.py
[2024-08-22T17:00:50.132+0500] {processor.py:914} INFO - Processing file /home/rayyan/redfin_venv/lib/python3.10/site-packages/airflow/example_dags/example_short_circuit_decorator.py for tasks to queue
[2024-08-22T17:00:50.136+0500] {logging_mixin.py:190} INFO - [2024-08-22T17:00:50.135+0500] {dagbag.py:587} INFO - Filling up the DagBag from /home/rayyan/redfin_venv/lib/python3.10/site-packages/airflow/example_dags/example_short_circuit_decorator.py
[2024-08-22T17:00:50.157+0500] {processor.py:925} INFO - DAG(s) 'example_short_circuit_decorator' retrieved from /home/rayyan/redfin_venv/lib/python3.10/site-packages/airflow/example_dags/example_short_circuit_decorator.py
[2024-08-22T17:00:50.204+0500] {logging_mixin.py:190} INFO - [2024-08-22T17:00:50.203+0500] {dag.py:3211} INFO - Sync 1 DAGs
[2024-08-22T17:00:50.242+0500] {logging_mixin.py:190} INFO - [2024-08-22T17:00:50.241+0500] {dag.py:4138} INFO - Setting next_dagrun for example_short_circuit_decorator to 2024-08-21 00:00:00+00:00, run_after=2024-08-22 00:00:00+00:00
[2024-08-22T17:00:50.291+0500] {processor.py:208} INFO - Processing /home/rayyan/redfin_venv/lib/python3.10/site-packages/airflow/example_dags/example_short_circuit_decorator.py took 0.179 seconds
[2024-08-22T17:01:58.040+0500] {processor.py:186} INFO - Started process (PID=11742) to work on /home/rayyan/redfin_venv/lib/python3.10/site-packages/airflow/example_dags/example_short_circuit_decorator.py
[2024-08-22T17:01:58.044+0500] {processor.py:914} INFO - Processing file /home/rayyan/redfin_venv/lib/python3.10/site-packages/airflow/example_dags/example_short_circuit_decorator.py for tasks to queue
[2024-08-22T17:01:58.049+0500] {logging_mixin.py:190} INFO - [2024-08-22T17:01:58.048+0500] {dagbag.py:587} INFO - Filling up the DagBag from /home/rayyan/redfin_venv/lib/python3.10/site-packages/airflow/example_dags/example_short_circuit_decorator.py
[2024-08-22T17:01:58.073+0500] {processor.py:925} INFO - DAG(s) 'example_short_circuit_decorator' retrieved from /home/rayyan/redfin_venv/lib/python3.10/site-packages/airflow/example_dags/example_short_circuit_decorator.py
[2024-08-22T17:01:58.111+0500] {logging_mixin.py:190} INFO - [2024-08-22T17:01:58.111+0500] {dag.py:3211} INFO - Sync 1 DAGs
[2024-08-22T17:01:58.151+0500] {logging_mixin.py:190} INFO - [2024-08-22T17:01:58.151+0500] {dag.py:4138} INFO - Setting next_dagrun for example_short_circuit_decorator to 2024-08-21 00:00:00+00:00, run_after=2024-08-22 00:00:00+00:00
[2024-08-22T17:01:58.199+0500] {processor.py:208} INFO - Processing /home/rayyan/redfin_venv/lib/python3.10/site-packages/airflow/example_dags/example_short_circuit_decorator.py took 0.170 seconds
[2024-08-22T17:03:05.991+0500] {processor.py:186} INFO - Started process (PID=12980) to work on /home/rayyan/redfin_venv/lib/python3.10/site-packages/airflow/example_dags/example_short_circuit_decorator.py
[2024-08-22T17:03:06.002+0500] {processor.py:914} INFO - Processing file /home/rayyan/redfin_venv/lib/python3.10/site-packages/airflow/example_dags/example_short_circuit_decorator.py for tasks to queue
[2024-08-22T17:03:06.005+0500] {logging_mixin.py:190} INFO - [2024-08-22T17:03:06.005+0500] {dagbag.py:587} INFO - Filling up the DagBag from /home/rayyan/redfin_venv/lib/python3.10/site-packages/airflow/example_dags/example_short_circuit_decorator.py
[2024-08-22T17:03:06.018+0500] {processor.py:925} INFO - DAG(s) 'example_short_circuit_decorator' retrieved from /home/rayyan/redfin_venv/lib/python3.10/site-packages/airflow/example_dags/example_short_circuit_decorator.py
[2024-08-22T17:03:06.037+0500] {logging_mixin.py:190} INFO - [2024-08-22T17:03:06.036+0500] {dag.py:3211} INFO - Sync 1 DAGs
[2024-08-22T17:03:06.056+0500] {logging_mixin.py:190} INFO - [2024-08-22T17:03:06.056+0500] {dag.py:4138} INFO - Setting next_dagrun for example_short_circuit_decorator to 2024-08-21 00:00:00+00:00, run_after=2024-08-22 00:00:00+00:00
[2024-08-22T17:03:06.079+0500] {processor.py:208} INFO - Processing /home/rayyan/redfin_venv/lib/python3.10/site-packages/airflow/example_dags/example_short_circuit_decorator.py took 0.095 seconds
[2024-08-22T17:04:05.627+0500] {processor.py:186} INFO - Started process (PID=13268) to work on /home/rayyan/redfin_venv/lib/python3.10/site-packages/airflow/example_dags/example_short_circuit_decorator.py
[2024-08-22T17:04:05.638+0500] {processor.py:914} INFO - Processing file /home/rayyan/redfin_venv/lib/python3.10/site-packages/airflow/example_dags/example_short_circuit_decorator.py for tasks to queue
[2024-08-22T17:04:05.640+0500] {logging_mixin.py:190} INFO - [2024-08-22T17:04:05.640+0500] {dagbag.py:587} INFO - Filling up the DagBag from /home/rayyan/redfin_venv/lib/python3.10/site-packages/airflow/example_dags/example_short_circuit_decorator.py
[2024-08-22T17:04:05.653+0500] {processor.py:925} INFO - DAG(s) 'example_short_circuit_decorator' retrieved from /home/rayyan/redfin_venv/lib/python3.10/site-packages/airflow/example_dags/example_short_circuit_decorator.py
[2024-08-22T17:04:05.673+0500] {logging_mixin.py:190} INFO - [2024-08-22T17:04:05.673+0500] {dag.py:3211} INFO - Sync 1 DAGs
[2024-08-22T17:04:05.693+0500] {logging_mixin.py:190} INFO - [2024-08-22T17:04:05.693+0500] {dag.py:4138} INFO - Setting next_dagrun for example_short_circuit_decorator to 2024-08-21 00:00:00+00:00, run_after=2024-08-22 00:00:00+00:00
[2024-08-22T17:04:05.715+0500] {processor.py:208} INFO - Processing /home/rayyan/redfin_venv/lib/python3.10/site-packages/airflow/example_dags/example_short_circuit_decorator.py took 0.094 seconds
[2024-08-22T17:05:01.664+0500] {processor.py:186} INFO - Started process (PID=13540) to work on /home/rayyan/redfin_venv/lib/python3.10/site-packages/airflow/example_dags/example_short_circuit_decorator.py
[2024-08-22T17:05:01.676+0500] {processor.py:914} INFO - Processing file /home/rayyan/redfin_venv/lib/python3.10/site-packages/airflow/example_dags/example_short_circuit_decorator.py for tasks to queue
[2024-08-22T17:05:01.679+0500] {logging_mixin.py:190} INFO - [2024-08-22T17:05:01.678+0500] {dagbag.py:587} INFO - Filling up the DagBag from /home/rayyan/redfin_venv/lib/python3.10/site-packages/airflow/example_dags/example_short_circuit_decorator.py
[2024-08-22T17:05:01.691+0500] {processor.py:925} INFO - DAG(s) 'example_short_circuit_decorator' retrieved from /home/rayyan/redfin_venv/lib/python3.10/site-packages/airflow/example_dags/example_short_circuit_decorator.py
[2024-08-22T17:05:01.710+0500] {logging_mixin.py:190} INFO - [2024-08-22T17:05:01.710+0500] {dag.py:3211} INFO - Sync 1 DAGs
[2024-08-22T17:05:01.729+0500] {logging_mixin.py:190} INFO - [2024-08-22T17:05:01.729+0500] {dag.py:4138} INFO - Setting next_dagrun for example_short_circuit_decorator to 2024-08-21 00:00:00+00:00, run_after=2024-08-22 00:00:00+00:00
[2024-08-22T17:05:01.750+0500] {processor.py:208} INFO - Processing /home/rayyan/redfin_venv/lib/python3.10/site-packages/airflow/example_dags/example_short_circuit_decorator.py took 0.094 seconds
[2024-08-22T17:06:26.224+0500] {processor.py:186} INFO - Started process (PID=13952) to work on /home/rayyan/redfin_venv/lib/python3.10/site-packages/airflow/example_dags/example_short_circuit_decorator.py
[2024-08-22T17:06:26.237+0500] {processor.py:914} INFO - Processing file /home/rayyan/redfin_venv/lib/python3.10/site-packages/airflow/example_dags/example_short_circuit_decorator.py for tasks to queue
[2024-08-22T17:06:26.240+0500] {logging_mixin.py:190} INFO - [2024-08-22T17:06:26.240+0500] {dagbag.py:587} INFO - Filling up the DagBag from /home/rayyan/redfin_venv/lib/python3.10/site-packages/airflow/example_dags/example_short_circuit_decorator.py
[2024-08-22T17:06:26.257+0500] {processor.py:925} INFO - DAG(s) 'example_short_circuit_decorator' retrieved from /home/rayyan/redfin_venv/lib/python3.10/site-packages/airflow/example_dags/example_short_circuit_decorator.py
[2024-08-22T17:06:26.278+0500] {logging_mixin.py:190} INFO - [2024-08-22T17:06:26.278+0500] {dag.py:3211} INFO - Sync 1 DAGs
[2024-08-22T17:06:26.296+0500] {logging_mixin.py:190} INFO - [2024-08-22T17:06:26.296+0500] {dag.py:4138} INFO - Setting next_dagrun for example_short_circuit_decorator to 2024-08-21 00:00:00+00:00, run_after=2024-08-22 00:00:00+00:00
[2024-08-22T17:06:26.318+0500] {processor.py:208} INFO - Processing /home/rayyan/redfin_venv/lib/python3.10/site-packages/airflow/example_dags/example_short_circuit_decorator.py took 0.101 seconds
[2024-08-22T17:07:25.434+0500] {processor.py:186} INFO - Started process (PID=14245) to work on /home/rayyan/redfin_venv/lib/python3.10/site-packages/airflow/example_dags/example_short_circuit_decorator.py
[2024-08-22T17:07:25.446+0500] {processor.py:914} INFO - Processing file /home/rayyan/redfin_venv/lib/python3.10/site-packages/airflow/example_dags/example_short_circuit_decorator.py for tasks to queue
[2024-08-22T17:07:25.450+0500] {logging_mixin.py:190} INFO - [2024-08-22T17:07:25.450+0500] {dagbag.py:587} INFO - Filling up the DagBag from /home/rayyan/redfin_venv/lib/python3.10/site-packages/airflow/example_dags/example_short_circuit_decorator.py
[2024-08-22T17:07:25.471+0500] {processor.py:925} INFO - DAG(s) 'example_short_circuit_decorator' retrieved from /home/rayyan/redfin_venv/lib/python3.10/site-packages/airflow/example_dags/example_short_circuit_decorator.py
[2024-08-22T17:07:25.511+0500] {logging_mixin.py:190} INFO - [2024-08-22T17:07:25.511+0500] {dag.py:3211} INFO - Sync 1 DAGs
[2024-08-22T17:07:25.546+0500] {logging_mixin.py:190} INFO - [2024-08-22T17:07:25.545+0500] {dag.py:4138} INFO - Setting next_dagrun for example_short_circuit_decorator to 2024-08-21 00:00:00+00:00, run_after=2024-08-22 00:00:00+00:00
[2024-08-22T17:07:25.582+0500] {processor.py:208} INFO - Processing /home/rayyan/redfin_venv/lib/python3.10/site-packages/airflow/example_dags/example_short_circuit_decorator.py took 0.157 seconds
