[2024-08-22T16:48:22.865+0500] {processor.py:186} INFO - Started process (PID=3864) to work on /home/rayyan/redfin_venv/lib/python3.10/site-packages/airflow/example_dags/example_branch_day_of_week_operator.py
[2024-08-22T16:48:22.866+0500] {processor.py:914} INFO - Processing file /home/rayyan/redfin_venv/lib/python3.10/site-packages/airflow/example_dags/example_branch_day_of_week_operator.py for tasks to queue
[2024-08-22T16:48:22.869+0500] {logging_mixin.py:190} INFO - [2024-08-22T16:48:22.868+0500] {dagbag.py:587} INFO - Filling up the DagBag from /home/rayyan/redfin_venv/lib/python3.10/site-packages/airflow/example_dags/example_branch_day_of_week_operator.py
[2024-08-22T16:48:22.880+0500] {processor.py:925} INFO - DAG(s) 'example_weekday_branch_operator' retrieved from /home/rayyan/redfin_venv/lib/python3.10/site-packages/airflow/example_dags/example_branch_day_of_week_operator.py
[2024-08-22T16:48:22.903+0500] {logging_mixin.py:190} INFO - [2024-08-22T16:48:22.903+0500] {dag.py:3211} INFO - Sync 1 DAGs
[2024-08-22T16:48:22.924+0500] {logging_mixin.py:190} INFO - [2024-08-22T16:48:22.924+0500] {dag.py:4138} INFO - Setting next_dagrun for example_weekday_branch_operator to 2024-08-21 00:00:00+00:00, run_after=2024-08-22 00:00:00+00:00
[2024-08-22T16:48:22.949+0500] {processor.py:208} INFO - Processing /home/rayyan/redfin_venv/lib/python3.10/site-packages/airflow/example_dags/example_branch_day_of_week_operator.py took 0.091 seconds
[2024-08-22T16:49:21.333+0500] {processor.py:186} INFO - Started process (PID=4169) to work on /home/rayyan/redfin_venv/lib/python3.10/site-packages/airflow/example_dags/example_branch_day_of_week_operator.py
[2024-08-22T16:49:21.346+0500] {processor.py:914} INFO - Processing file /home/rayyan/redfin_venv/lib/python3.10/site-packages/airflow/example_dags/example_branch_day_of_week_operator.py for tasks to queue
[2024-08-22T16:49:21.350+0500] {logging_mixin.py:190} INFO - [2024-08-22T16:49:21.349+0500] {dagbag.py:587} INFO - Filling up the DagBag from /home/rayyan/redfin_venv/lib/python3.10/site-packages/airflow/example_dags/example_branch_day_of_week_operator.py
[2024-08-22T16:49:21.364+0500] {processor.py:925} INFO - DAG(s) 'example_weekday_branch_operator' retrieved from /home/rayyan/redfin_venv/lib/python3.10/site-packages/airflow/example_dags/example_branch_day_of_week_operator.py
[2024-08-22T16:49:21.383+0500] {logging_mixin.py:190} INFO - [2024-08-22T16:49:21.382+0500] {dag.py:3211} INFO - Sync 1 DAGs
[2024-08-22T16:49:21.405+0500] {logging_mixin.py:190} INFO - [2024-08-22T16:49:21.404+0500] {dag.py:4138} INFO - Setting next_dagrun for example_weekday_branch_operator to 2024-08-21 00:00:00+00:00, run_after=2024-08-22 00:00:00+00:00
[2024-08-22T16:49:21.442+0500] {processor.py:208} INFO - Processing /home/rayyan/redfin_venv/lib/python3.10/site-packages/airflow/example_dags/example_branch_day_of_week_operator.py took 0.121 seconds
[2024-08-22T16:50:18.840+0500] {processor.py:186} INFO - Started process (PID=4451) to work on /home/rayyan/redfin_venv/lib/python3.10/site-packages/airflow/example_dags/example_branch_day_of_week_operator.py
[2024-08-22T16:50:18.853+0500] {processor.py:914} INFO - Processing file /home/rayyan/redfin_venv/lib/python3.10/site-packages/airflow/example_dags/example_branch_day_of_week_operator.py for tasks to queue
[2024-08-22T16:50:18.856+0500] {logging_mixin.py:190} INFO - [2024-08-22T16:50:18.855+0500] {dagbag.py:587} INFO - Filling up the DagBag from /home/rayyan/redfin_venv/lib/python3.10/site-packages/airflow/example_dags/example_branch_day_of_week_operator.py
[2024-08-22T16:50:18.868+0500] {processor.py:925} INFO - DAG(s) 'example_weekday_branch_operator' retrieved from /home/rayyan/redfin_venv/lib/python3.10/site-packages/airflow/example_dags/example_branch_day_of_week_operator.py
[2024-08-22T16:50:18.887+0500] {logging_mixin.py:190} INFO - [2024-08-22T16:50:18.887+0500] {dag.py:3211} INFO - Sync 1 DAGs
[2024-08-22T16:50:18.907+0500] {logging_mixin.py:190} INFO - [2024-08-22T16:50:18.907+0500] {dag.py:4138} INFO - Setting next_dagrun for example_weekday_branch_operator to 2024-08-21 00:00:00+00:00, run_after=2024-08-22 00:00:00+00:00
[2024-08-22T16:50:18.930+0500] {processor.py:208} INFO - Processing /home/rayyan/redfin_venv/lib/python3.10/site-packages/airflow/example_dags/example_branch_day_of_week_operator.py took 0.098 seconds
[2024-08-22T16:51:16.316+0500] {processor.py:186} INFO - Started process (PID=4730) to work on /home/rayyan/redfin_venv/lib/python3.10/site-packages/airflow/example_dags/example_branch_day_of_week_operator.py
[2024-08-22T16:51:16.328+0500] {processor.py:914} INFO - Processing file /home/rayyan/redfin_venv/lib/python3.10/site-packages/airflow/example_dags/example_branch_day_of_week_operator.py for tasks to queue
[2024-08-22T16:51:16.330+0500] {logging_mixin.py:190} INFO - [2024-08-22T16:51:16.330+0500] {dagbag.py:587} INFO - Filling up the DagBag from /home/rayyan/redfin_venv/lib/python3.10/site-packages/airflow/example_dags/example_branch_day_of_week_operator.py
[2024-08-22T16:51:16.342+0500] {processor.py:925} INFO - DAG(s) 'example_weekday_branch_operator' retrieved from /home/rayyan/redfin_venv/lib/python3.10/site-packages/airflow/example_dags/example_branch_day_of_week_operator.py
[2024-08-22T16:51:16.358+0500] {logging_mixin.py:190} INFO - [2024-08-22T16:51:16.358+0500] {dag.py:3211} INFO - Sync 1 DAGs
[2024-08-22T16:51:16.378+0500] {logging_mixin.py:190} INFO - [2024-08-22T16:51:16.378+0500] {dag.py:4138} INFO - Setting next_dagrun for example_weekday_branch_operator to 2024-08-21 00:00:00+00:00, run_after=2024-08-22 00:00:00+00:00
[2024-08-22T16:51:16.398+0500] {processor.py:208} INFO - Processing /home/rayyan/redfin_venv/lib/python3.10/site-packages/airflow/example_dags/example_branch_day_of_week_operator.py took 0.089 seconds
[2024-08-22T16:52:14.705+0500] {processor.py:186} INFO - Started process (PID=5011) to work on /home/rayyan/redfin_venv/lib/python3.10/site-packages/airflow/example_dags/example_branch_day_of_week_operator.py
[2024-08-22T16:52:14.707+0500] {processor.py:914} INFO - Processing file /home/rayyan/redfin_venv/lib/python3.10/site-packages/airflow/example_dags/example_branch_day_of_week_operator.py for tasks to queue
[2024-08-22T16:52:14.709+0500] {logging_mixin.py:190} INFO - [2024-08-22T16:52:14.709+0500] {dagbag.py:587} INFO - Filling up the DagBag from /home/rayyan/redfin_venv/lib/python3.10/site-packages/airflow/example_dags/example_branch_day_of_week_operator.py
[2024-08-22T16:52:14.720+0500] {processor.py:925} INFO - DAG(s) 'example_weekday_branch_operator' retrieved from /home/rayyan/redfin_venv/lib/python3.10/site-packages/airflow/example_dags/example_branch_day_of_week_operator.py
[2024-08-22T16:52:14.737+0500] {logging_mixin.py:190} INFO - [2024-08-22T16:52:14.737+0500] {dag.py:3211} INFO - Sync 1 DAGs
[2024-08-22T16:52:14.757+0500] {logging_mixin.py:190} INFO - [2024-08-22T16:52:14.757+0500] {dag.py:4138} INFO - Setting next_dagrun for example_weekday_branch_operator to 2024-08-21 00:00:00+00:00, run_after=2024-08-22 00:00:00+00:00
[2024-08-22T16:52:14.777+0500] {processor.py:208} INFO - Processing /home/rayyan/redfin_venv/lib/python3.10/site-packages/airflow/example_dags/example_branch_day_of_week_operator.py took 0.078 seconds
[2024-08-22T16:53:18.454+0500] {processor.py:186} INFO - Started process (PID=5315) to work on /home/rayyan/redfin_venv/lib/python3.10/site-packages/airflow/example_dags/example_branch_day_of_week_operator.py
[2024-08-22T16:53:18.467+0500] {processor.py:914} INFO - Processing file /home/rayyan/redfin_venv/lib/python3.10/site-packages/airflow/example_dags/example_branch_day_of_week_operator.py for tasks to queue
[2024-08-22T16:53:18.470+0500] {logging_mixin.py:190} INFO - [2024-08-22T16:53:18.469+0500] {dagbag.py:587} INFO - Filling up the DagBag from /home/rayyan/redfin_venv/lib/python3.10/site-packages/airflow/example_dags/example_branch_day_of_week_operator.py
[2024-08-22T16:53:18.484+0500] {processor.py:925} INFO - DAG(s) 'example_weekday_branch_operator' retrieved from /home/rayyan/redfin_venv/lib/python3.10/site-packages/airflow/example_dags/example_branch_day_of_week_operator.py
[2024-08-22T16:53:18.502+0500] {logging_mixin.py:190} INFO - [2024-08-22T16:53:18.502+0500] {dag.py:3211} INFO - Sync 1 DAGs
[2024-08-22T16:53:18.522+0500] {logging_mixin.py:190} INFO - [2024-08-22T16:53:18.522+0500] {dag.py:4138} INFO - Setting next_dagrun for example_weekday_branch_operator to 2024-08-21 00:00:00+00:00, run_after=2024-08-22 00:00:00+00:00
[2024-08-22T16:53:18.543+0500] {processor.py:208} INFO - Processing /home/rayyan/redfin_venv/lib/python3.10/site-packages/airflow/example_dags/example_branch_day_of_week_operator.py took 0.100 seconds
[2024-08-22T16:54:19.964+0500] {processor.py:186} INFO - Started process (PID=5612) to work on /home/rayyan/redfin_venv/lib/python3.10/site-packages/airflow/example_dags/example_branch_day_of_week_operator.py
[2024-08-22T16:54:19.965+0500] {processor.py:914} INFO - Processing file /home/rayyan/redfin_venv/lib/python3.10/site-packages/airflow/example_dags/example_branch_day_of_week_operator.py for tasks to queue
[2024-08-22T16:54:19.967+0500] {logging_mixin.py:190} INFO - [2024-08-22T16:54:19.967+0500] {dagbag.py:587} INFO - Filling up the DagBag from /home/rayyan/redfin_venv/lib/python3.10/site-packages/airflow/example_dags/example_branch_day_of_week_operator.py
[2024-08-22T16:54:19.977+0500] {processor.py:925} INFO - DAG(s) 'example_weekday_branch_operator' retrieved from /home/rayyan/redfin_venv/lib/python3.10/site-packages/airflow/example_dags/example_branch_day_of_week_operator.py
[2024-08-22T16:54:19.993+0500] {logging_mixin.py:190} INFO - [2024-08-22T16:54:19.993+0500] {dag.py:3211} INFO - Sync 1 DAGs
[2024-08-22T16:54:20.013+0500] {logging_mixin.py:190} INFO - [2024-08-22T16:54:20.013+0500] {dag.py:4138} INFO - Setting next_dagrun for example_weekday_branch_operator to 2024-08-21 00:00:00+00:00, run_after=2024-08-22 00:00:00+00:00
[2024-08-22T16:54:20.035+0500] {processor.py:208} INFO - Processing /home/rayyan/redfin_venv/lib/python3.10/site-packages/airflow/example_dags/example_branch_day_of_week_operator.py took 0.077 seconds
[2024-08-22T16:55:20.869+0500] {processor.py:186} INFO - Started process (PID=5906) to work on /home/rayyan/redfin_venv/lib/python3.10/site-packages/airflow/example_dags/example_branch_day_of_week_operator.py
[2024-08-22T16:55:20.882+0500] {processor.py:914} INFO - Processing file /home/rayyan/redfin_venv/lib/python3.10/site-packages/airflow/example_dags/example_branch_day_of_week_operator.py for tasks to queue
[2024-08-22T16:55:20.885+0500] {logging_mixin.py:190} INFO - [2024-08-22T16:55:20.884+0500] {dagbag.py:587} INFO - Filling up the DagBag from /home/rayyan/redfin_venv/lib/python3.10/site-packages/airflow/example_dags/example_branch_day_of_week_operator.py
[2024-08-22T16:55:20.898+0500] {processor.py:925} INFO - DAG(s) 'example_weekday_branch_operator' retrieved from /home/rayyan/redfin_venv/lib/python3.10/site-packages/airflow/example_dags/example_branch_day_of_week_operator.py
[2024-08-22T16:55:20.916+0500] {logging_mixin.py:190} INFO - [2024-08-22T16:55:20.916+0500] {dag.py:3211} INFO - Sync 1 DAGs
[2024-08-22T16:55:21.066+0500] {logging_mixin.py:190} INFO - [2024-08-22T16:55:21.066+0500] {dag.py:4138} INFO - Setting next_dagrun for example_weekday_branch_operator to 2024-08-21 00:00:00+00:00, run_after=2024-08-22 00:00:00+00:00
[2024-08-22T16:55:21.093+0500] {processor.py:208} INFO - Processing /home/rayyan/redfin_venv/lib/python3.10/site-packages/airflow/example_dags/example_branch_day_of_week_operator.py took 0.233 seconds
[2024-08-22T16:56:27.334+0500] {processor.py:186} INFO - Started process (PID=6226) to work on /home/rayyan/redfin_venv/lib/python3.10/site-packages/airflow/example_dags/example_branch_day_of_week_operator.py
[2024-08-22T16:56:27.347+0500] {processor.py:914} INFO - Processing file /home/rayyan/redfin_venv/lib/python3.10/site-packages/airflow/example_dags/example_branch_day_of_week_operator.py for tasks to queue
[2024-08-22T16:56:27.351+0500] {logging_mixin.py:190} INFO - [2024-08-22T16:56:27.351+0500] {dagbag.py:587} INFO - Filling up the DagBag from /home/rayyan/redfin_venv/lib/python3.10/site-packages/airflow/example_dags/example_branch_day_of_week_operator.py
[2024-08-22T16:56:27.361+0500] {processor.py:925} INFO - DAG(s) 'example_weekday_branch_operator' retrieved from /home/rayyan/redfin_venv/lib/python3.10/site-packages/airflow/example_dags/example_branch_day_of_week_operator.py
[2024-08-22T16:56:27.385+0500] {logging_mixin.py:190} INFO - [2024-08-22T16:56:27.385+0500] {dag.py:3211} INFO - Sync 1 DAGs
[2024-08-22T16:56:27.532+0500] {logging_mixin.py:190} INFO - [2024-08-22T16:56:27.531+0500] {dag.py:4138} INFO - Setting next_dagrun for example_weekday_branch_operator to 2024-08-21 00:00:00+00:00, run_after=2024-08-22 00:00:00+00:00
[2024-08-22T16:56:27.559+0500] {processor.py:208} INFO - Processing /home/rayyan/redfin_venv/lib/python3.10/site-packages/airflow/example_dags/example_branch_day_of_week_operator.py took 0.235 seconds
[2024-08-22T16:57:32.735+0500] {processor.py:186} INFO - Started process (PID=6540) to work on /home/rayyan/redfin_venv/lib/python3.10/site-packages/airflow/example_dags/example_branch_day_of_week_operator.py
[2024-08-22T16:57:32.747+0500] {processor.py:914} INFO - Processing file /home/rayyan/redfin_venv/lib/python3.10/site-packages/airflow/example_dags/example_branch_day_of_week_operator.py for tasks to queue
[2024-08-22T16:57:32.750+0500] {logging_mixin.py:190} INFO - [2024-08-22T16:57:32.749+0500] {dagbag.py:587} INFO - Filling up the DagBag from /home/rayyan/redfin_venv/lib/python3.10/site-packages/airflow/example_dags/example_branch_day_of_week_operator.py
[2024-08-22T16:57:32.761+0500] {processor.py:925} INFO - DAG(s) 'example_weekday_branch_operator' retrieved from /home/rayyan/redfin_venv/lib/python3.10/site-packages/airflow/example_dags/example_branch_day_of_week_operator.py
[2024-08-22T16:57:32.777+0500] {logging_mixin.py:190} INFO - [2024-08-22T16:57:32.777+0500] {dag.py:3211} INFO - Sync 1 DAGs
[2024-08-22T16:57:32.907+0500] {logging_mixin.py:190} INFO - [2024-08-22T16:57:32.906+0500] {dag.py:4138} INFO - Setting next_dagrun for example_weekday_branch_operator to 2024-08-21 00:00:00+00:00, run_after=2024-08-22 00:00:00+00:00
[2024-08-22T16:57:32.929+0500] {processor.py:208} INFO - Processing /home/rayyan/redfin_venv/lib/python3.10/site-packages/airflow/example_dags/example_branch_day_of_week_operator.py took 0.203 seconds
[2024-08-22T16:59:40.001+0500] {processor.py:186} INFO - Started process (PID=7201) to work on /home/rayyan/redfin_venv/lib/python3.10/site-packages/airflow/example_dags/example_branch_day_of_week_operator.py
[2024-08-22T16:59:40.012+0500] {processor.py:914} INFO - Processing file /home/rayyan/redfin_venv/lib/python3.10/site-packages/airflow/example_dags/example_branch_day_of_week_operator.py for tasks to queue
[2024-08-22T16:59:40.015+0500] {logging_mixin.py:190} INFO - [2024-08-22T16:59:40.014+0500] {dagbag.py:587} INFO - Filling up the DagBag from /home/rayyan/redfin_venv/lib/python3.10/site-packages/airflow/example_dags/example_branch_day_of_week_operator.py
[2024-08-22T16:59:40.026+0500] {processor.py:925} INFO - DAG(s) 'example_weekday_branch_operator' retrieved from /home/rayyan/redfin_venv/lib/python3.10/site-packages/airflow/example_dags/example_branch_day_of_week_operator.py
[2024-08-22T16:59:40.046+0500] {logging_mixin.py:190} INFO - [2024-08-22T16:59:40.046+0500] {dag.py:3211} INFO - Sync 1 DAGs
[2024-08-22T16:59:40.071+0500] {logging_mixin.py:190} INFO - [2024-08-22T16:59:40.070+0500] {dag.py:4138} INFO - Setting next_dagrun for example_weekday_branch_operator to 2024-08-21 00:00:00+00:00, run_after=2024-08-22 00:00:00+00:00
[2024-08-22T16:59:40.094+0500] {processor.py:208} INFO - Processing /home/rayyan/redfin_venv/lib/python3.10/site-packages/airflow/example_dags/example_branch_day_of_week_operator.py took 0.100 seconds
[2024-08-22T17:00:47.588+0500] {processor.py:186} INFO - Started process (PID=9473) to work on /home/rayyan/redfin_venv/lib/python3.10/site-packages/airflow/example_dags/example_branch_day_of_week_operator.py
[2024-08-22T17:00:47.591+0500] {processor.py:914} INFO - Processing file /home/rayyan/redfin_venv/lib/python3.10/site-packages/airflow/example_dags/example_branch_day_of_week_operator.py for tasks to queue
[2024-08-22T17:00:47.596+0500] {logging_mixin.py:190} INFO - [2024-08-22T17:00:47.595+0500] {dagbag.py:587} INFO - Filling up the DagBag from /home/rayyan/redfin_venv/lib/python3.10/site-packages/airflow/example_dags/example_branch_day_of_week_operator.py
[2024-08-22T17:00:47.618+0500] {processor.py:925} INFO - DAG(s) 'example_weekday_branch_operator' retrieved from /home/rayyan/redfin_venv/lib/python3.10/site-packages/airflow/example_dags/example_branch_day_of_week_operator.py
[2024-08-22T17:00:47.655+0500] {logging_mixin.py:190} INFO - [2024-08-22T17:00:47.655+0500] {dag.py:3211} INFO - Sync 1 DAGs
[2024-08-22T17:00:47.695+0500] {logging_mixin.py:190} INFO - [2024-08-22T17:00:47.695+0500] {dag.py:4138} INFO - Setting next_dagrun for example_weekday_branch_operator to 2024-08-21 00:00:00+00:00, run_after=2024-08-22 00:00:00+00:00
[2024-08-22T17:00:47.729+0500] {processor.py:208} INFO - Processing /home/rayyan/redfin_venv/lib/python3.10/site-packages/airflow/example_dags/example_branch_day_of_week_operator.py took 0.149 seconds
[2024-08-22T17:01:55.152+0500] {processor.py:186} INFO - Started process (PID=11676) to work on /home/rayyan/redfin_venv/lib/python3.10/site-packages/airflow/example_dags/example_branch_day_of_week_operator.py
[2024-08-22T17:01:55.164+0500] {processor.py:914} INFO - Processing file /home/rayyan/redfin_venv/lib/python3.10/site-packages/airflow/example_dags/example_branch_day_of_week_operator.py for tasks to queue
[2024-08-22T17:01:55.169+0500] {logging_mixin.py:190} INFO - [2024-08-22T17:01:55.168+0500] {dagbag.py:587} INFO - Filling up the DagBag from /home/rayyan/redfin_venv/lib/python3.10/site-packages/airflow/example_dags/example_branch_day_of_week_operator.py
[2024-08-22T17:01:55.185+0500] {processor.py:925} INFO - DAG(s) 'example_weekday_branch_operator' retrieved from /home/rayyan/redfin_venv/lib/python3.10/site-packages/airflow/example_dags/example_branch_day_of_week_operator.py
[2024-08-22T17:01:55.217+0500] {logging_mixin.py:190} INFO - [2024-08-22T17:01:55.217+0500] {dag.py:3211} INFO - Sync 1 DAGs
[2024-08-22T17:01:55.288+0500] {logging_mixin.py:190} INFO - [2024-08-22T17:01:55.287+0500] {dag.py:4138} INFO - Setting next_dagrun for example_weekday_branch_operator to 2024-08-21 00:00:00+00:00, run_after=2024-08-22 00:00:00+00:00
[2024-08-22T17:01:55.373+0500] {processor.py:208} INFO - Processing /home/rayyan/redfin_venv/lib/python3.10/site-packages/airflow/example_dags/example_branch_day_of_week_operator.py took 0.232 seconds
[2024-08-22T17:03:04.392+0500] {processor.py:186} INFO - Started process (PID=12972) to work on /home/rayyan/redfin_venv/lib/python3.10/site-packages/airflow/example_dags/example_branch_day_of_week_operator.py
[2024-08-22T17:03:04.404+0500] {processor.py:914} INFO - Processing file /home/rayyan/redfin_venv/lib/python3.10/site-packages/airflow/example_dags/example_branch_day_of_week_operator.py for tasks to queue
[2024-08-22T17:03:04.408+0500] {logging_mixin.py:190} INFO - [2024-08-22T17:03:04.407+0500] {dagbag.py:587} INFO - Filling up the DagBag from /home/rayyan/redfin_venv/lib/python3.10/site-packages/airflow/example_dags/example_branch_day_of_week_operator.py
[2024-08-22T17:03:04.425+0500] {processor.py:925} INFO - DAG(s) 'example_weekday_branch_operator' retrieved from /home/rayyan/redfin_venv/lib/python3.10/site-packages/airflow/example_dags/example_branch_day_of_week_operator.py
[2024-08-22T17:03:04.445+0500] {logging_mixin.py:190} INFO - [2024-08-22T17:03:04.445+0500] {dag.py:3211} INFO - Sync 1 DAGs
[2024-08-22T17:03:04.467+0500] {logging_mixin.py:190} INFO - [2024-08-22T17:03:04.467+0500] {dag.py:4138} INFO - Setting next_dagrun for example_weekday_branch_operator to 2024-08-21 00:00:00+00:00, run_after=2024-08-22 00:00:00+00:00
[2024-08-22T17:03:04.490+0500] {processor.py:208} INFO - Processing /home/rayyan/redfin_venv/lib/python3.10/site-packages/airflow/example_dags/example_branch_day_of_week_operator.py took 0.108 seconds
[2024-08-22T17:04:03.166+0500] {processor.py:186} INFO - Started process (PID=13256) to work on /home/rayyan/redfin_venv/lib/python3.10/site-packages/airflow/example_dags/example_branch_day_of_week_operator.py
[2024-08-22T17:04:03.177+0500] {processor.py:914} INFO - Processing file /home/rayyan/redfin_venv/lib/python3.10/site-packages/airflow/example_dags/example_branch_day_of_week_operator.py for tasks to queue
[2024-08-22T17:04:03.180+0500] {logging_mixin.py:190} INFO - [2024-08-22T17:04:03.179+0500] {dagbag.py:587} INFO - Filling up the DagBag from /home/rayyan/redfin_venv/lib/python3.10/site-packages/airflow/example_dags/example_branch_day_of_week_operator.py
[2024-08-22T17:04:03.191+0500] {processor.py:925} INFO - DAG(s) 'example_weekday_branch_operator' retrieved from /home/rayyan/redfin_venv/lib/python3.10/site-packages/airflow/example_dags/example_branch_day_of_week_operator.py
[2024-08-22T17:04:03.208+0500] {logging_mixin.py:190} INFO - [2024-08-22T17:04:03.208+0500] {dag.py:3211} INFO - Sync 1 DAGs
[2024-08-22T17:04:03.228+0500] {logging_mixin.py:190} INFO - [2024-08-22T17:04:03.228+0500] {dag.py:4138} INFO - Setting next_dagrun for example_weekday_branch_operator to 2024-08-21 00:00:00+00:00, run_after=2024-08-22 00:00:00+00:00
[2024-08-22T17:04:03.259+0500] {processor.py:208} INFO - Processing /home/rayyan/redfin_venv/lib/python3.10/site-packages/airflow/example_dags/example_branch_day_of_week_operator.py took 0.099 seconds
[2024-08-22T17:04:59.231+0500] {processor.py:186} INFO - Started process (PID=13529) to work on /home/rayyan/redfin_venv/lib/python3.10/site-packages/airflow/example_dags/example_branch_day_of_week_operator.py
[2024-08-22T17:04:59.233+0500] {processor.py:914} INFO - Processing file /home/rayyan/redfin_venv/lib/python3.10/site-packages/airflow/example_dags/example_branch_day_of_week_operator.py for tasks to queue
[2024-08-22T17:04:59.235+0500] {logging_mixin.py:190} INFO - [2024-08-22T17:04:59.235+0500] {dagbag.py:587} INFO - Filling up the DagBag from /home/rayyan/redfin_venv/lib/python3.10/site-packages/airflow/example_dags/example_branch_day_of_week_operator.py
[2024-08-22T17:04:59.245+0500] {processor.py:925} INFO - DAG(s) 'example_weekday_branch_operator' retrieved from /home/rayyan/redfin_venv/lib/python3.10/site-packages/airflow/example_dags/example_branch_day_of_week_operator.py
[2024-08-22T17:04:59.262+0500] {logging_mixin.py:190} INFO - [2024-08-22T17:04:59.262+0500] {dag.py:3211} INFO - Sync 1 DAGs
[2024-08-22T17:04:59.282+0500] {logging_mixin.py:190} INFO - [2024-08-22T17:04:59.282+0500] {dag.py:4138} INFO - Setting next_dagrun for example_weekday_branch_operator to 2024-08-21 00:00:00+00:00, run_after=2024-08-22 00:00:00+00:00
[2024-08-22T17:04:59.304+0500] {processor.py:208} INFO - Processing /home/rayyan/redfin_venv/lib/python3.10/site-packages/airflow/example_dags/example_branch_day_of_week_operator.py took 0.081 seconds
[2024-08-22T17:05:55.132+0500] {processor.py:186} INFO - Started process (PID=13801) to work on /home/rayyan/redfin_venv/lib/python3.10/site-packages/airflow/example_dags/example_branch_day_of_week_operator.py
[2024-08-22T17:05:55.144+0500] {processor.py:914} INFO - Processing file /home/rayyan/redfin_venv/lib/python3.10/site-packages/airflow/example_dags/example_branch_day_of_week_operator.py for tasks to queue
[2024-08-22T17:05:55.146+0500] {logging_mixin.py:190} INFO - [2024-08-22T17:05:55.146+0500] {dagbag.py:587} INFO - Filling up the DagBag from /home/rayyan/redfin_venv/lib/python3.10/site-packages/airflow/example_dags/example_branch_day_of_week_operator.py
[2024-08-22T17:05:55.157+0500] {processor.py:925} INFO - DAG(s) 'example_weekday_branch_operator' retrieved from /home/rayyan/redfin_venv/lib/python3.10/site-packages/airflow/example_dags/example_branch_day_of_week_operator.py
[2024-08-22T17:05:55.174+0500] {logging_mixin.py:190} INFO - [2024-08-22T17:05:55.173+0500] {dag.py:3211} INFO - Sync 1 DAGs
[2024-08-22T17:05:55.194+0500] {logging_mixin.py:190} INFO - [2024-08-22T17:05:55.194+0500] {dag.py:4138} INFO - Setting next_dagrun for example_weekday_branch_operator to 2024-08-21 00:00:00+00:00, run_after=2024-08-22 00:00:00+00:00
[2024-08-22T17:05:55.216+0500] {processor.py:208} INFO - Processing /home/rayyan/redfin_venv/lib/python3.10/site-packages/airflow/example_dags/example_branch_day_of_week_operator.py took 0.092 seconds
[2024-08-22T17:06:53.591+0500] {processor.py:186} INFO - Started process (PID=14086) to work on /home/rayyan/redfin_venv/lib/python3.10/site-packages/airflow/example_dags/example_branch_day_of_week_operator.py
[2024-08-22T17:06:53.602+0500] {processor.py:914} INFO - Processing file /home/rayyan/redfin_venv/lib/python3.10/site-packages/airflow/example_dags/example_branch_day_of_week_operator.py for tasks to queue
[2024-08-22T17:06:53.606+0500] {logging_mixin.py:190} INFO - [2024-08-22T17:06:53.605+0500] {dagbag.py:587} INFO - Filling up the DagBag from /home/rayyan/redfin_venv/lib/python3.10/site-packages/airflow/example_dags/example_branch_day_of_week_operator.py
[2024-08-22T17:06:53.619+0500] {processor.py:925} INFO - DAG(s) 'example_weekday_branch_operator' retrieved from /home/rayyan/redfin_venv/lib/python3.10/site-packages/airflow/example_dags/example_branch_day_of_week_operator.py
[2024-08-22T17:06:53.637+0500] {logging_mixin.py:190} INFO - [2024-08-22T17:06:53.637+0500] {dag.py:3211} INFO - Sync 1 DAGs
[2024-08-22T17:06:53.658+0500] {logging_mixin.py:190} INFO - [2024-08-22T17:06:53.658+0500] {dag.py:4138} INFO - Setting next_dagrun for example_weekday_branch_operator to 2024-08-21 00:00:00+00:00, run_after=2024-08-22 00:00:00+00:00
[2024-08-22T17:06:53.678+0500] {processor.py:208} INFO - Processing /home/rayyan/redfin_venv/lib/python3.10/site-packages/airflow/example_dags/example_branch_day_of_week_operator.py took 0.094 seconds
[2024-08-22T17:07:50.814+0500] {processor.py:186} INFO - Started process (PID=14370) to work on /home/rayyan/redfin_venv/lib/python3.10/site-packages/airflow/example_dags/example_branch_day_of_week_operator.py
[2024-08-22T17:07:50.821+0500] {processor.py:914} INFO - Processing file /home/rayyan/redfin_venv/lib/python3.10/site-packages/airflow/example_dags/example_branch_day_of_week_operator.py for tasks to queue
[2024-08-22T17:07:50.824+0500] {logging_mixin.py:190} INFO - [2024-08-22T17:07:50.824+0500] {dagbag.py:587} INFO - Filling up the DagBag from /home/rayyan/redfin_venv/lib/python3.10/site-packages/airflow/example_dags/example_branch_day_of_week_operator.py
[2024-08-22T17:07:50.839+0500] {processor.py:925} INFO - DAG(s) 'example_weekday_branch_operator' retrieved from /home/rayyan/redfin_venv/lib/python3.10/site-packages/airflow/example_dags/example_branch_day_of_week_operator.py
[2024-08-22T17:07:50.860+0500] {logging_mixin.py:190} INFO - [2024-08-22T17:07:50.860+0500] {dag.py:3211} INFO - Sync 1 DAGs
[2024-08-22T17:07:50.886+0500] {logging_mixin.py:190} INFO - [2024-08-22T17:07:50.886+0500] {dag.py:4138} INFO - Setting next_dagrun for example_weekday_branch_operator to 2024-08-21 00:00:00+00:00, run_after=2024-08-22 00:00:00+00:00
[2024-08-22T17:07:50.918+0500] {processor.py:208} INFO - Processing /home/rayyan/redfin_venv/lib/python3.10/site-packages/airflow/example_dags/example_branch_day_of_week_operator.py took 0.132 seconds
