[2024-08-22T16:47:46.652+0500] {processor.py:186} INFO - Started process (PID=3685) to work on /home/rayyan/redfin_venv/lib/python3.10/site-packages/airflow/example_dags/example_short_circuit_operator.py
[2024-08-22T16:47:46.654+0500] {processor.py:914} INFO - Processing file /home/rayyan/redfin_venv/lib/python3.10/site-packages/airflow/example_dags/example_short_circuit_operator.py for tasks to queue
[2024-08-22T16:47:46.658+0500] {logging_mixin.py:190} INFO - [2024-08-22T16:47:46.657+0500] {dagbag.py:587} INFO - Filling up the DagBag from /home/rayyan/redfin_venv/lib/python3.10/site-packages/airflow/example_dags/example_short_circuit_operator.py
[2024-08-22T16:47:46.673+0500] {processor.py:925} INFO - DAG(s) 'example_short_circuit_operator' retrieved from /home/rayyan/redfin_venv/lib/python3.10/site-packages/airflow/example_dags/example_short_circuit_operator.py
[2024-08-22T16:47:46.699+0500] {logging_mixin.py:190} INFO - [2024-08-22T16:47:46.699+0500] {dag.py:3211} INFO - Sync 1 DAGs
[2024-08-22T16:47:46.717+0500] {logging_mixin.py:190} INFO - [2024-08-22T16:47:46.716+0500] {dag.py:4138} INFO - Setting next_dagrun for example_short_circuit_operator to 2024-08-21 00:00:00+00:00, run_after=2024-08-22 00:00:00+00:00
[2024-08-22T16:47:46.751+0500] {processor.py:208} INFO - Processing /home/rayyan/redfin_venv/lib/python3.10/site-packages/airflow/example_dags/example_short_circuit_operator.py took 0.112 seconds
[2024-08-22T16:48:46.676+0500] {processor.py:186} INFO - Started process (PID=4000) to work on /home/rayyan/redfin_venv/lib/python3.10/site-packages/airflow/example_dags/example_short_circuit_operator.py
[2024-08-22T16:48:46.688+0500] {processor.py:914} INFO - Processing file /home/rayyan/redfin_venv/lib/python3.10/site-packages/airflow/example_dags/example_short_circuit_operator.py for tasks to queue
[2024-08-22T16:48:46.692+0500] {logging_mixin.py:190} INFO - [2024-08-22T16:48:46.692+0500] {dagbag.py:587} INFO - Filling up the DagBag from /home/rayyan/redfin_venv/lib/python3.10/site-packages/airflow/example_dags/example_short_circuit_operator.py
[2024-08-22T16:48:46.705+0500] {processor.py:925} INFO - DAG(s) 'example_short_circuit_operator' retrieved from /home/rayyan/redfin_venv/lib/python3.10/site-packages/airflow/example_dags/example_short_circuit_operator.py
[2024-08-22T16:48:46.723+0500] {logging_mixin.py:190} INFO - [2024-08-22T16:48:46.723+0500] {dag.py:3211} INFO - Sync 1 DAGs
[2024-08-22T16:48:46.742+0500] {logging_mixin.py:190} INFO - [2024-08-22T16:48:46.742+0500] {dag.py:4138} INFO - Setting next_dagrun for example_short_circuit_operator to 2024-08-21 00:00:00+00:00, run_after=2024-08-22 00:00:00+00:00
[2024-08-22T16:48:46.765+0500] {processor.py:208} INFO - Processing /home/rayyan/redfin_venv/lib/python3.10/site-packages/airflow/example_dags/example_short_circuit_operator.py took 0.106 seconds
[2024-08-22T16:49:44.072+0500] {processor.py:186} INFO - Started process (PID=4282) to work on /home/rayyan/redfin_venv/lib/python3.10/site-packages/airflow/example_dags/example_short_circuit_operator.py
[2024-08-22T16:49:44.086+0500] {processor.py:914} INFO - Processing file /home/rayyan/redfin_venv/lib/python3.10/site-packages/airflow/example_dags/example_short_circuit_operator.py for tasks to queue
[2024-08-22T16:49:44.091+0500] {logging_mixin.py:190} INFO - [2024-08-22T16:49:44.090+0500] {dagbag.py:587} INFO - Filling up the DagBag from /home/rayyan/redfin_venv/lib/python3.10/site-packages/airflow/example_dags/example_short_circuit_operator.py
[2024-08-22T16:49:44.104+0500] {processor.py:925} INFO - DAG(s) 'example_short_circuit_operator' retrieved from /home/rayyan/redfin_venv/lib/python3.10/site-packages/airflow/example_dags/example_short_circuit_operator.py
[2024-08-22T16:49:44.126+0500] {logging_mixin.py:190} INFO - [2024-08-22T16:49:44.125+0500] {dag.py:3211} INFO - Sync 1 DAGs
[2024-08-22T16:49:44.143+0500] {logging_mixin.py:190} INFO - [2024-08-22T16:49:44.143+0500] {dag.py:4138} INFO - Setting next_dagrun for example_short_circuit_operator to 2024-08-21 00:00:00+00:00, run_after=2024-08-22 00:00:00+00:00
[2024-08-22T16:49:44.163+0500] {processor.py:208} INFO - Processing /home/rayyan/redfin_venv/lib/python3.10/site-packages/airflow/example_dags/example_short_circuit_operator.py took 0.101 seconds
[2024-08-22T16:50:38.790+0500] {processor.py:186} INFO - Started process (PID=4549) to work on /home/rayyan/redfin_venv/lib/python3.10/site-packages/airflow/example_dags/example_short_circuit_operator.py
[2024-08-22T16:50:38.801+0500] {processor.py:914} INFO - Processing file /home/rayyan/redfin_venv/lib/python3.10/site-packages/airflow/example_dags/example_short_circuit_operator.py for tasks to queue
[2024-08-22T16:50:38.805+0500] {logging_mixin.py:190} INFO - [2024-08-22T16:50:38.804+0500] {dagbag.py:587} INFO - Filling up the DagBag from /home/rayyan/redfin_venv/lib/python3.10/site-packages/airflow/example_dags/example_short_circuit_operator.py
[2024-08-22T16:50:38.816+0500] {processor.py:925} INFO - DAG(s) 'example_short_circuit_operator' retrieved from /home/rayyan/redfin_venv/lib/python3.10/site-packages/airflow/example_dags/example_short_circuit_operator.py
[2024-08-22T16:50:38.834+0500] {logging_mixin.py:190} INFO - [2024-08-22T16:50:38.834+0500] {dag.py:3211} INFO - Sync 1 DAGs
[2024-08-22T16:50:38.853+0500] {logging_mixin.py:190} INFO - [2024-08-22T16:50:38.852+0500] {dag.py:4138} INFO - Setting next_dagrun for example_short_circuit_operator to 2024-08-21 00:00:00+00:00, run_after=2024-08-22 00:00:00+00:00
[2024-08-22T16:50:38.873+0500] {processor.py:208} INFO - Processing /home/rayyan/redfin_venv/lib/python3.10/site-packages/airflow/example_dags/example_short_circuit_operator.py took 0.094 seconds
[2024-08-22T16:51:37.384+0500] {processor.py:186} INFO - Started process (PID=4832) to work on /home/rayyan/redfin_venv/lib/python3.10/site-packages/airflow/example_dags/example_short_circuit_operator.py
[2024-08-22T16:51:37.396+0500] {processor.py:914} INFO - Processing file /home/rayyan/redfin_venv/lib/python3.10/site-packages/airflow/example_dags/example_short_circuit_operator.py for tasks to queue
[2024-08-22T16:51:37.399+0500] {logging_mixin.py:190} INFO - [2024-08-22T16:51:37.398+0500] {dagbag.py:587} INFO - Filling up the DagBag from /home/rayyan/redfin_venv/lib/python3.10/site-packages/airflow/example_dags/example_short_circuit_operator.py
[2024-08-22T16:51:37.409+0500] {processor.py:925} INFO - DAG(s) 'example_short_circuit_operator' retrieved from /home/rayyan/redfin_venv/lib/python3.10/site-packages/airflow/example_dags/example_short_circuit_operator.py
[2024-08-22T16:51:37.428+0500] {logging_mixin.py:190} INFO - [2024-08-22T16:51:37.428+0500] {dag.py:3211} INFO - Sync 1 DAGs
[2024-08-22T16:51:37.446+0500] {logging_mixin.py:190} INFO - [2024-08-22T16:51:37.446+0500] {dag.py:4138} INFO - Setting next_dagrun for example_short_circuit_operator to 2024-08-21 00:00:00+00:00, run_after=2024-08-22 00:00:00+00:00
[2024-08-22T16:51:37.466+0500] {processor.py:208} INFO - Processing /home/rayyan/redfin_venv/lib/python3.10/site-packages/airflow/example_dags/example_short_circuit_operator.py took 0.088 seconds
[2024-08-22T16:52:36.584+0500] {processor.py:186} INFO - Started process (PID=5115) to work on /home/rayyan/redfin_venv/lib/python3.10/site-packages/airflow/example_dags/example_short_circuit_operator.py
[2024-08-22T16:52:36.586+0500] {processor.py:914} INFO - Processing file /home/rayyan/redfin_venv/lib/python3.10/site-packages/airflow/example_dags/example_short_circuit_operator.py for tasks to queue
[2024-08-22T16:52:36.591+0500] {logging_mixin.py:190} INFO - [2024-08-22T16:52:36.591+0500] {dagbag.py:587} INFO - Filling up the DagBag from /home/rayyan/redfin_venv/lib/python3.10/site-packages/airflow/example_dags/example_short_circuit_operator.py
[2024-08-22T16:52:36.607+0500] {processor.py:925} INFO - DAG(s) 'example_short_circuit_operator' retrieved from /home/rayyan/redfin_venv/lib/python3.10/site-packages/airflow/example_dags/example_short_circuit_operator.py
[2024-08-22T16:52:36.629+0500] {logging_mixin.py:190} INFO - [2024-08-22T16:52:36.629+0500] {dag.py:3211} INFO - Sync 1 DAGs
[2024-08-22T16:52:36.649+0500] {logging_mixin.py:190} INFO - [2024-08-22T16:52:36.649+0500] {dag.py:4138} INFO - Setting next_dagrun for example_short_circuit_operator to 2024-08-21 00:00:00+00:00, run_after=2024-08-22 00:00:00+00:00
[2024-08-22T16:52:36.671+0500] {processor.py:208} INFO - Processing /home/rayyan/redfin_venv/lib/python3.10/site-packages/airflow/example_dags/example_short_circuit_operator.py took 0.106 seconds
[2024-08-22T16:53:39.100+0500] {processor.py:186} INFO - Started process (PID=5416) to work on /home/rayyan/redfin_venv/lib/python3.10/site-packages/airflow/example_dags/example_short_circuit_operator.py
[2024-08-22T16:53:39.101+0500] {processor.py:914} INFO - Processing file /home/rayyan/redfin_venv/lib/python3.10/site-packages/airflow/example_dags/example_short_circuit_operator.py for tasks to queue
[2024-08-22T16:53:39.105+0500] {logging_mixin.py:190} INFO - [2024-08-22T16:53:39.105+0500] {dagbag.py:587} INFO - Filling up the DagBag from /home/rayyan/redfin_venv/lib/python3.10/site-packages/airflow/example_dags/example_short_circuit_operator.py
[2024-08-22T16:53:39.115+0500] {processor.py:925} INFO - DAG(s) 'example_short_circuit_operator' retrieved from /home/rayyan/redfin_venv/lib/python3.10/site-packages/airflow/example_dags/example_short_circuit_operator.py
[2024-08-22T16:53:39.133+0500] {logging_mixin.py:190} INFO - [2024-08-22T16:53:39.133+0500] {dag.py:3211} INFO - Sync 1 DAGs
[2024-08-22T16:53:39.153+0500] {logging_mixin.py:190} INFO - [2024-08-22T16:53:39.152+0500] {dag.py:4138} INFO - Setting next_dagrun for example_short_circuit_operator to 2024-08-21 00:00:00+00:00, run_after=2024-08-22 00:00:00+00:00
[2024-08-22T16:53:39.174+0500] {processor.py:208} INFO - Processing /home/rayyan/redfin_venv/lib/python3.10/site-packages/airflow/example_dags/example_short_circuit_operator.py took 0.082 seconds
[2024-08-22T16:54:40.429+0500] {processor.py:186} INFO - Started process (PID=5712) to work on /home/rayyan/redfin_venv/lib/python3.10/site-packages/airflow/example_dags/example_short_circuit_operator.py
[2024-08-22T16:54:40.431+0500] {processor.py:914} INFO - Processing file /home/rayyan/redfin_venv/lib/python3.10/site-packages/airflow/example_dags/example_short_circuit_operator.py for tasks to queue
[2024-08-22T16:54:40.433+0500] {logging_mixin.py:190} INFO - [2024-08-22T16:54:40.433+0500] {dagbag.py:587} INFO - Filling up the DagBag from /home/rayyan/redfin_venv/lib/python3.10/site-packages/airflow/example_dags/example_short_circuit_operator.py
[2024-08-22T16:54:40.441+0500] {processor.py:925} INFO - DAG(s) 'example_short_circuit_operator' retrieved from /home/rayyan/redfin_venv/lib/python3.10/site-packages/airflow/example_dags/example_short_circuit_operator.py
[2024-08-22T16:54:40.459+0500] {logging_mixin.py:190} INFO - [2024-08-22T16:54:40.459+0500] {dag.py:3211} INFO - Sync 1 DAGs
[2024-08-22T16:54:40.479+0500] {logging_mixin.py:190} INFO - [2024-08-22T16:54:40.479+0500] {dag.py:4138} INFO - Setting next_dagrun for example_short_circuit_operator to 2024-08-21 00:00:00+00:00, run_after=2024-08-22 00:00:00+00:00
[2024-08-22T16:54:40.504+0500] {processor.py:208} INFO - Processing /home/rayyan/redfin_venv/lib/python3.10/site-packages/airflow/example_dags/example_short_circuit_operator.py took 0.081 seconds
[2024-08-22T16:55:42.644+0500] {processor.py:186} INFO - Started process (PID=6014) to work on /home/rayyan/redfin_venv/lib/python3.10/site-packages/airflow/example_dags/example_short_circuit_operator.py
[2024-08-22T16:55:42.656+0500] {processor.py:914} INFO - Processing file /home/rayyan/redfin_venv/lib/python3.10/site-packages/airflow/example_dags/example_short_circuit_operator.py for tasks to queue
[2024-08-22T16:55:42.659+0500] {logging_mixin.py:190} INFO - [2024-08-22T16:55:42.658+0500] {dagbag.py:587} INFO - Filling up the DagBag from /home/rayyan/redfin_venv/lib/python3.10/site-packages/airflow/example_dags/example_short_circuit_operator.py
[2024-08-22T16:55:42.669+0500] {processor.py:925} INFO - DAG(s) 'example_short_circuit_operator' retrieved from /home/rayyan/redfin_venv/lib/python3.10/site-packages/airflow/example_dags/example_short_circuit_operator.py
[2024-08-22T16:55:42.689+0500] {logging_mixin.py:190} INFO - [2024-08-22T16:55:42.689+0500] {dag.py:3211} INFO - Sync 1 DAGs
[2024-08-22T16:55:42.714+0500] {logging_mixin.py:190} INFO - [2024-08-22T16:55:42.714+0500] {dag.py:4138} INFO - Setting next_dagrun for example_short_circuit_operator to 2024-08-21 00:00:00+00:00, run_after=2024-08-22 00:00:00+00:00
[2024-08-22T16:55:42.737+0500] {processor.py:208} INFO - Processing /home/rayyan/redfin_venv/lib/python3.10/site-packages/airflow/example_dags/example_short_circuit_operator.py took 0.099 seconds
[2024-08-22T16:56:50.296+0500] {processor.py:186} INFO - Started process (PID=6336) to work on /home/rayyan/redfin_venv/lib/python3.10/site-packages/airflow/example_dags/example_short_circuit_operator.py
[2024-08-22T16:56:50.308+0500] {processor.py:914} INFO - Processing file /home/rayyan/redfin_venv/lib/python3.10/site-packages/airflow/example_dags/example_short_circuit_operator.py for tasks to queue
[2024-08-22T16:56:50.311+0500] {logging_mixin.py:190} INFO - [2024-08-22T16:56:50.311+0500] {dagbag.py:587} INFO - Filling up the DagBag from /home/rayyan/redfin_venv/lib/python3.10/site-packages/airflow/example_dags/example_short_circuit_operator.py
[2024-08-22T16:56:50.321+0500] {processor.py:925} INFO - DAG(s) 'example_short_circuit_operator' retrieved from /home/rayyan/redfin_venv/lib/python3.10/site-packages/airflow/example_dags/example_short_circuit_operator.py
[2024-08-22T16:56:50.341+0500] {logging_mixin.py:190} INFO - [2024-08-22T16:56:50.341+0500] {dag.py:3211} INFO - Sync 1 DAGs
[2024-08-22T16:56:50.374+0500] {logging_mixin.py:190} INFO - [2024-08-22T16:56:50.374+0500] {dag.py:4138} INFO - Setting next_dagrun for example_short_circuit_operator to 2024-08-21 00:00:00+00:00, run_after=2024-08-22 00:00:00+00:00
[2024-08-22T16:56:50.404+0500] {processor.py:208} INFO - Processing /home/rayyan/redfin_venv/lib/python3.10/site-packages/airflow/example_dags/example_short_circuit_operator.py took 0.113 seconds
[2024-08-22T16:57:53.032+0500] {processor.py:186} INFO - Started process (PID=6640) to work on /home/rayyan/redfin_venv/lib/python3.10/site-packages/airflow/example_dags/example_short_circuit_operator.py
[2024-08-22T16:57:53.034+0500] {processor.py:914} INFO - Processing file /home/rayyan/redfin_venv/lib/python3.10/site-packages/airflow/example_dags/example_short_circuit_operator.py for tasks to queue
[2024-08-22T16:57:53.037+0500] {logging_mixin.py:190} INFO - [2024-08-22T16:57:53.036+0500] {dagbag.py:587} INFO - Filling up the DagBag from /home/rayyan/redfin_venv/lib/python3.10/site-packages/airflow/example_dags/example_short_circuit_operator.py
[2024-08-22T16:57:53.046+0500] {processor.py:925} INFO - DAG(s) 'example_short_circuit_operator' retrieved from /home/rayyan/redfin_venv/lib/python3.10/site-packages/airflow/example_dags/example_short_circuit_operator.py
[2024-08-22T16:57:53.068+0500] {logging_mixin.py:190} INFO - [2024-08-22T16:57:53.067+0500] {dag.py:3211} INFO - Sync 1 DAGs
[2024-08-22T16:57:53.089+0500] {logging_mixin.py:190} INFO - [2024-08-22T16:57:53.089+0500] {dag.py:4138} INFO - Setting next_dagrun for example_short_circuit_operator to 2024-08-21 00:00:00+00:00, run_after=2024-08-22 00:00:00+00:00
[2024-08-22T16:57:53.110+0500] {processor.py:208} INFO - Processing /home/rayyan/redfin_venv/lib/python3.10/site-packages/airflow/example_dags/example_short_circuit_operator.py took 0.085 seconds
[2024-08-22T16:59:02.930+0500] {processor.py:186} INFO - Started process (PID=6982) to work on /home/rayyan/redfin_venv/lib/python3.10/site-packages/airflow/example_dags/example_short_circuit_operator.py
[2024-08-22T16:59:02.932+0500] {processor.py:914} INFO - Processing file /home/rayyan/redfin_venv/lib/python3.10/site-packages/airflow/example_dags/example_short_circuit_operator.py for tasks to queue
[2024-08-22T16:59:02.934+0500] {logging_mixin.py:190} INFO - [2024-08-22T16:59:02.934+0500] {dagbag.py:587} INFO - Filling up the DagBag from /home/rayyan/redfin_venv/lib/python3.10/site-packages/airflow/example_dags/example_short_circuit_operator.py
[2024-08-22T16:59:02.944+0500] {processor.py:925} INFO - DAG(s) 'example_short_circuit_operator' retrieved from /home/rayyan/redfin_venv/lib/python3.10/site-packages/airflow/example_dags/example_short_circuit_operator.py
[2024-08-22T16:59:02.965+0500] {logging_mixin.py:190} INFO - [2024-08-22T16:59:02.964+0500] {dag.py:3211} INFO - Sync 1 DAGs
[2024-08-22T16:59:03.124+0500] {logging_mixin.py:190} INFO - [2024-08-22T16:59:03.124+0500] {dag.py:4138} INFO - Setting next_dagrun for example_short_circuit_operator to 2024-08-21 00:00:00+00:00, run_after=2024-08-22 00:00:00+00:00
[2024-08-22T16:59:03.146+0500] {processor.py:208} INFO - Processing /home/rayyan/redfin_venv/lib/python3.10/site-packages/airflow/example_dags/example_short_circuit_operator.py took 0.224 seconds
[2024-08-22T17:00:02.205+0500] {processor.py:186} INFO - Started process (PID=7908) to work on /home/rayyan/redfin_venv/lib/python3.10/site-packages/airflow/example_dags/example_short_circuit_operator.py
[2024-08-22T17:00:02.218+0500] {processor.py:914} INFO - Processing file /home/rayyan/redfin_venv/lib/python3.10/site-packages/airflow/example_dags/example_short_circuit_operator.py for tasks to queue
[2024-08-22T17:00:02.222+0500] {logging_mixin.py:190} INFO - [2024-08-22T17:00:02.221+0500] {dagbag.py:587} INFO - Filling up the DagBag from /home/rayyan/redfin_venv/lib/python3.10/site-packages/airflow/example_dags/example_short_circuit_operator.py
[2024-08-22T17:00:02.232+0500] {processor.py:925} INFO - DAG(s) 'example_short_circuit_operator' retrieved from /home/rayyan/redfin_venv/lib/python3.10/site-packages/airflow/example_dags/example_short_circuit_operator.py
[2024-08-22T17:00:02.262+0500] {logging_mixin.py:190} INFO - [2024-08-22T17:00:02.261+0500] {dag.py:3211} INFO - Sync 1 DAGs
[2024-08-22T17:00:02.290+0500] {logging_mixin.py:190} INFO - [2024-08-22T17:00:02.289+0500] {dag.py:4138} INFO - Setting next_dagrun for example_short_circuit_operator to 2024-08-21 00:00:00+00:00, run_after=2024-08-22 00:00:00+00:00
[2024-08-22T17:00:02.319+0500] {processor.py:208} INFO - Processing /home/rayyan/redfin_venv/lib/python3.10/site-packages/airflow/example_dags/example_short_circuit_operator.py took 0.121 seconds
[2024-08-22T17:01:07.921+0500] {processor.py:186} INFO - Started process (PID=10312) to work on /home/rayyan/redfin_venv/lib/python3.10/site-packages/airflow/example_dags/example_short_circuit_operator.py
[2024-08-22T17:01:07.923+0500] {processor.py:914} INFO - Processing file /home/rayyan/redfin_venv/lib/python3.10/site-packages/airflow/example_dags/example_short_circuit_operator.py for tasks to queue
[2024-08-22T17:01:07.927+0500] {logging_mixin.py:190} INFO - [2024-08-22T17:01:07.926+0500] {dagbag.py:587} INFO - Filling up the DagBag from /home/rayyan/redfin_venv/lib/python3.10/site-packages/airflow/example_dags/example_short_circuit_operator.py
[2024-08-22T17:01:07.945+0500] {processor.py:925} INFO - DAG(s) 'example_short_circuit_operator' retrieved from /home/rayyan/redfin_venv/lib/python3.10/site-packages/airflow/example_dags/example_short_circuit_operator.py
[2024-08-22T17:01:07.979+0500] {logging_mixin.py:190} INFO - [2024-08-22T17:01:07.978+0500] {dag.py:3211} INFO - Sync 1 DAGs
[2024-08-22T17:01:08.040+0500] {logging_mixin.py:190} INFO - [2024-08-22T17:01:08.039+0500] {dag.py:4138} INFO - Setting next_dagrun for example_short_circuit_operator to 2024-08-21 00:00:00+00:00, run_after=2024-08-22 00:00:00+00:00
[2024-08-22T17:01:08.082+0500] {processor.py:208} INFO - Processing /home/rayyan/redfin_venv/lib/python3.10/site-packages/airflow/example_dags/example_short_circuit_operator.py took 0.173 seconds
[2024-08-22T17:02:20.001+0500] {processor.py:186} INFO - Started process (PID=12756) to work on /home/rayyan/redfin_venv/lib/python3.10/site-packages/airflow/example_dags/example_short_circuit_operator.py
[2024-08-22T17:02:20.004+0500] {processor.py:914} INFO - Processing file /home/rayyan/redfin_venv/lib/python3.10/site-packages/airflow/example_dags/example_short_circuit_operator.py for tasks to queue
[2024-08-22T17:02:20.008+0500] {logging_mixin.py:190} INFO - [2024-08-22T17:02:20.007+0500] {dagbag.py:587} INFO - Filling up the DagBag from /home/rayyan/redfin_venv/lib/python3.10/site-packages/airflow/example_dags/example_short_circuit_operator.py
[2024-08-22T17:02:20.026+0500] {processor.py:925} INFO - DAG(s) 'example_short_circuit_operator' retrieved from /home/rayyan/redfin_venv/lib/python3.10/site-packages/airflow/example_dags/example_short_circuit_operator.py
[2024-08-22T17:02:20.056+0500] {logging_mixin.py:190} INFO - [2024-08-22T17:02:20.055+0500] {dag.py:3211} INFO - Sync 1 DAGs
[2024-08-22T17:02:20.081+0500] {logging_mixin.py:190} INFO - [2024-08-22T17:02:20.081+0500] {dag.py:4138} INFO - Setting next_dagrun for example_short_circuit_operator to 2024-08-21 00:00:00+00:00, run_after=2024-08-22 00:00:00+00:00
[2024-08-22T17:02:20.112+0500] {processor.py:208} INFO - Processing /home/rayyan/redfin_venv/lib/python3.10/site-packages/airflow/example_dags/example_short_circuit_operator.py took 0.121 seconds
[2024-08-22T17:03:20.355+0500] {processor.py:186} INFO - Started process (PID=13050) to work on /home/rayyan/redfin_venv/lib/python3.10/site-packages/airflow/example_dags/example_short_circuit_operator.py
[2024-08-22T17:03:20.357+0500] {processor.py:914} INFO - Processing file /home/rayyan/redfin_venv/lib/python3.10/site-packages/airflow/example_dags/example_short_circuit_operator.py for tasks to queue
[2024-08-22T17:03:20.362+0500] {logging_mixin.py:190} INFO - [2024-08-22T17:03:20.362+0500] {dagbag.py:587} INFO - Filling up the DagBag from /home/rayyan/redfin_venv/lib/python3.10/site-packages/airflow/example_dags/example_short_circuit_operator.py
[2024-08-22T17:03:20.376+0500] {processor.py:925} INFO - DAG(s) 'example_short_circuit_operator' retrieved from /home/rayyan/redfin_venv/lib/python3.10/site-packages/airflow/example_dags/example_short_circuit_operator.py
[2024-08-22T17:03:20.397+0500] {logging_mixin.py:190} INFO - [2024-08-22T17:03:20.396+0500] {dag.py:3211} INFO - Sync 1 DAGs
[2024-08-22T17:03:20.424+0500] {logging_mixin.py:190} INFO - [2024-08-22T17:03:20.424+0500] {dag.py:4138} INFO - Setting next_dagrun for example_short_circuit_operator to 2024-08-21 00:00:00+00:00, run_after=2024-08-22 00:00:00+00:00
[2024-08-22T17:03:20.449+0500] {processor.py:208} INFO - Processing /home/rayyan/redfin_venv/lib/python3.10/site-packages/airflow/example_dags/example_short_circuit_operator.py took 0.107 seconds
[2024-08-22T17:04:20.106+0500] {processor.py:186} INFO - Started process (PID=13337) to work on /home/rayyan/redfin_venv/lib/python3.10/site-packages/airflow/example_dags/example_short_circuit_operator.py
[2024-08-22T17:04:20.118+0500] {processor.py:914} INFO - Processing file /home/rayyan/redfin_venv/lib/python3.10/site-packages/airflow/example_dags/example_short_circuit_operator.py for tasks to queue
[2024-08-22T17:04:20.122+0500] {logging_mixin.py:190} INFO - [2024-08-22T17:04:20.121+0500] {dagbag.py:587} INFO - Filling up the DagBag from /home/rayyan/redfin_venv/lib/python3.10/site-packages/airflow/example_dags/example_short_circuit_operator.py
[2024-08-22T17:04:20.135+0500] {processor.py:925} INFO - DAG(s) 'example_short_circuit_operator' retrieved from /home/rayyan/redfin_venv/lib/python3.10/site-packages/airflow/example_dags/example_short_circuit_operator.py
[2024-08-22T17:04:20.156+0500] {logging_mixin.py:190} INFO - [2024-08-22T17:04:20.155+0500] {dag.py:3211} INFO - Sync 1 DAGs
[2024-08-22T17:04:20.176+0500] {logging_mixin.py:190} INFO - [2024-08-22T17:04:20.176+0500] {dag.py:4138} INFO - Setting next_dagrun for example_short_circuit_operator to 2024-08-21 00:00:00+00:00, run_after=2024-08-22 00:00:00+00:00
[2024-08-22T17:04:20.202+0500] {processor.py:208} INFO - Processing /home/rayyan/redfin_venv/lib/python3.10/site-packages/airflow/example_dags/example_short_circuit_operator.py took 0.107 seconds
[2024-08-22T17:05:14.819+0500] {processor.py:186} INFO - Started process (PID=13604) to work on /home/rayyan/redfin_venv/lib/python3.10/site-packages/airflow/example_dags/example_short_circuit_operator.py
[2024-08-22T17:05:14.821+0500] {processor.py:914} INFO - Processing file /home/rayyan/redfin_venv/lib/python3.10/site-packages/airflow/example_dags/example_short_circuit_operator.py for tasks to queue
[2024-08-22T17:05:14.825+0500] {logging_mixin.py:190} INFO - [2024-08-22T17:05:14.824+0500] {dagbag.py:587} INFO - Filling up the DagBag from /home/rayyan/redfin_venv/lib/python3.10/site-packages/airflow/example_dags/example_short_circuit_operator.py
[2024-08-22T17:05:14.834+0500] {processor.py:925} INFO - DAG(s) 'example_short_circuit_operator' retrieved from /home/rayyan/redfin_venv/lib/python3.10/site-packages/airflow/example_dags/example_short_circuit_operator.py
[2024-08-22T17:05:14.853+0500] {logging_mixin.py:190} INFO - [2024-08-22T17:05:14.853+0500] {dag.py:3211} INFO - Sync 1 DAGs
[2024-08-22T17:05:14.872+0500] {logging_mixin.py:190} INFO - [2024-08-22T17:05:14.872+0500] {dag.py:4138} INFO - Setting next_dagrun for example_short_circuit_operator to 2024-08-21 00:00:00+00:00, run_after=2024-08-22 00:00:00+00:00
[2024-08-22T17:05:14.893+0500] {processor.py:208} INFO - Processing /home/rayyan/redfin_venv/lib/python3.10/site-packages/airflow/example_dags/example_short_circuit_operator.py took 0.082 seconds
[2024-08-22T17:06:10.584+0500] {processor.py:186} INFO - Started process (PID=13876) to work on /home/rayyan/redfin_venv/lib/python3.10/site-packages/airflow/example_dags/example_short_circuit_operator.py
[2024-08-22T17:06:10.596+0500] {processor.py:914} INFO - Processing file /home/rayyan/redfin_venv/lib/python3.10/site-packages/airflow/example_dags/example_short_circuit_operator.py for tasks to queue
[2024-08-22T17:06:10.599+0500] {logging_mixin.py:190} INFO - [2024-08-22T17:06:10.598+0500] {dagbag.py:587} INFO - Filling up the DagBag from /home/rayyan/redfin_venv/lib/python3.10/site-packages/airflow/example_dags/example_short_circuit_operator.py
[2024-08-22T17:06:10.609+0500] {processor.py:925} INFO - DAG(s) 'example_short_circuit_operator' retrieved from /home/rayyan/redfin_venv/lib/python3.10/site-packages/airflow/example_dags/example_short_circuit_operator.py
[2024-08-22T17:06:10.628+0500] {logging_mixin.py:190} INFO - [2024-08-22T17:06:10.627+0500] {dag.py:3211} INFO - Sync 1 DAGs
[2024-08-22T17:06:10.650+0500] {logging_mixin.py:190} INFO - [2024-08-22T17:06:10.649+0500] {dag.py:4138} INFO - Setting next_dagrun for example_short_circuit_operator to 2024-08-21 00:00:00+00:00, run_after=2024-08-22 00:00:00+00:00
[2024-08-22T17:06:10.672+0500] {processor.py:208} INFO - Processing /home/rayyan/redfin_venv/lib/python3.10/site-packages/airflow/example_dags/example_short_circuit_operator.py took 0.096 seconds
[2024-08-22T17:07:10.896+0500] {processor.py:186} INFO - Started process (PID=14172) to work on /home/rayyan/redfin_venv/lib/python3.10/site-packages/airflow/example_dags/example_short_circuit_operator.py
[2024-08-22T17:07:10.909+0500] {processor.py:914} INFO - Processing file /home/rayyan/redfin_venv/lib/python3.10/site-packages/airflow/example_dags/example_short_circuit_operator.py for tasks to queue
[2024-08-22T17:07:10.912+0500] {logging_mixin.py:190} INFO - [2024-08-22T17:07:10.911+0500] {dagbag.py:587} INFO - Filling up the DagBag from /home/rayyan/redfin_venv/lib/python3.10/site-packages/airflow/example_dags/example_short_circuit_operator.py
[2024-08-22T17:07:10.922+0500] {processor.py:925} INFO - DAG(s) 'example_short_circuit_operator' retrieved from /home/rayyan/redfin_venv/lib/python3.10/site-packages/airflow/example_dags/example_short_circuit_operator.py
[2024-08-22T17:07:10.941+0500] {logging_mixin.py:190} INFO - [2024-08-22T17:07:10.941+0500] {dag.py:3211} INFO - Sync 1 DAGs
[2024-08-22T17:07:10.960+0500] {logging_mixin.py:190} INFO - [2024-08-22T17:07:10.960+0500] {dag.py:4138} INFO - Setting next_dagrun for example_short_circuit_operator to 2024-08-21 00:00:00+00:00, run_after=2024-08-22 00:00:00+00:00
[2024-08-22T17:07:10.983+0500] {processor.py:208} INFO - Processing /home/rayyan/redfin_venv/lib/python3.10/site-packages/airflow/example_dags/example_short_circuit_operator.py took 0.094 seconds
