[2024-08-22T16:48:19.904+0500] {processor.py:186} INFO - Started process (PID=3849) to work on /home/rayyan/redfin_venv/lib/python3.10/site-packages/airflow/example_dags/example_workday_timetable.py
[2024-08-22T16:48:19.905+0500] {processor.py:914} INFO - Processing file /home/rayyan/redfin_venv/lib/python3.10/site-packages/airflow/example_dags/example_workday_timetable.py for tasks to queue
[2024-08-22T16:48:19.907+0500] {logging_mixin.py:190} INFO - [2024-08-22T16:48:19.906+0500] {dagbag.py:587} INFO - Filling up the DagBag from /home/rayyan/redfin_venv/lib/python3.10/site-packages/airflow/example_dags/example_workday_timetable.py
[2024-08-22T16:48:19.913+0500] {processor.py:925} INFO - DAG(s) 'example_workday_timetable' retrieved from /home/rayyan/redfin_venv/lib/python3.10/site-packages/airflow/example_dags/example_workday_timetable.py
[2024-08-22T16:48:19.932+0500] {logging_mixin.py:190} INFO - [2024-08-22T16:48:19.931+0500] {dag.py:3211} INFO - Sync 1 DAGs
[2024-08-22T16:48:19.984+0500] {logging_mixin.py:190} INFO - [2024-08-22T16:48:19.984+0500] {dag.py:4138} INFO - Setting next_dagrun for example_workday_timetable to 2021-01-04 00:00:00+00:00, run_after=2021-01-05 00:00:00+00:00
[2024-08-22T16:48:20.005+0500] {processor.py:208} INFO - Processing /home/rayyan/redfin_venv/lib/python3.10/site-packages/airflow/example_dags/example_workday_timetable.py took 0.106 seconds
[2024-08-22T16:49:18.234+0500] {processor.py:186} INFO - Started process (PID=4154) to work on /home/rayyan/redfin_venv/lib/python3.10/site-packages/airflow/example_dags/example_workday_timetable.py
[2024-08-22T16:49:18.246+0500] {processor.py:914} INFO - Processing file /home/rayyan/redfin_venv/lib/python3.10/site-packages/airflow/example_dags/example_workday_timetable.py for tasks to queue
[2024-08-22T16:49:18.248+0500] {logging_mixin.py:190} INFO - [2024-08-22T16:49:18.248+0500] {dagbag.py:587} INFO - Filling up the DagBag from /home/rayyan/redfin_venv/lib/python3.10/site-packages/airflow/example_dags/example_workday_timetable.py
[2024-08-22T16:49:18.256+0500] {processor.py:925} INFO - DAG(s) 'example_workday_timetable' retrieved from /home/rayyan/redfin_venv/lib/python3.10/site-packages/airflow/example_dags/example_workday_timetable.py
[2024-08-22T16:49:18.275+0500] {logging_mixin.py:190} INFO - [2024-08-22T16:49:18.274+0500] {dag.py:3211} INFO - Sync 1 DAGs
[2024-08-22T16:49:18.402+0500] {logging_mixin.py:190} INFO - [2024-08-22T16:49:18.392+0500] {dag.py:4138} INFO - Setting next_dagrun for example_workday_timetable to 2021-01-04 00:00:00+00:00, run_after=2021-01-05 00:00:00+00:00
[2024-08-22T16:49:18.430+0500] {processor.py:208} INFO - Processing /home/rayyan/redfin_venv/lib/python3.10/site-packages/airflow/example_dags/example_workday_timetable.py took 0.203 seconds
[2024-08-22T16:50:15.589+0500] {processor.py:186} INFO - Started process (PID=4435) to work on /home/rayyan/redfin_venv/lib/python3.10/site-packages/airflow/example_dags/example_workday_timetable.py
[2024-08-22T16:50:15.601+0500] {processor.py:914} INFO - Processing file /home/rayyan/redfin_venv/lib/python3.10/site-packages/airflow/example_dags/example_workday_timetable.py for tasks to queue
[2024-08-22T16:50:15.603+0500] {logging_mixin.py:190} INFO - [2024-08-22T16:50:15.603+0500] {dagbag.py:587} INFO - Filling up the DagBag from /home/rayyan/redfin_venv/lib/python3.10/site-packages/airflow/example_dags/example_workday_timetable.py
[2024-08-22T16:50:15.609+0500] {processor.py:925} INFO - DAG(s) 'example_workday_timetable' retrieved from /home/rayyan/redfin_venv/lib/python3.10/site-packages/airflow/example_dags/example_workday_timetable.py
[2024-08-22T16:50:15.627+0500] {logging_mixin.py:190} INFO - [2024-08-22T16:50:15.626+0500] {dag.py:3211} INFO - Sync 1 DAGs
[2024-08-22T16:50:15.681+0500] {logging_mixin.py:190} INFO - [2024-08-22T16:50:15.681+0500] {dag.py:4138} INFO - Setting next_dagrun for example_workday_timetable to 2021-01-04 00:00:00+00:00, run_after=2021-01-05 00:00:00+00:00
[2024-08-22T16:50:15.701+0500] {processor.py:208} INFO - Processing /home/rayyan/redfin_venv/lib/python3.10/site-packages/airflow/example_dags/example_workday_timetable.py took 0.121 seconds
[2024-08-22T16:51:13.389+0500] {processor.py:186} INFO - Started process (PID=4715) to work on /home/rayyan/redfin_venv/lib/python3.10/site-packages/airflow/example_dags/example_workday_timetable.py
[2024-08-22T16:51:13.391+0500] {processor.py:914} INFO - Processing file /home/rayyan/redfin_venv/lib/python3.10/site-packages/airflow/example_dags/example_workday_timetable.py for tasks to queue
[2024-08-22T16:51:13.394+0500] {logging_mixin.py:190} INFO - [2024-08-22T16:51:13.394+0500] {dagbag.py:587} INFO - Filling up the DagBag from /home/rayyan/redfin_venv/lib/python3.10/site-packages/airflow/example_dags/example_workday_timetable.py
[2024-08-22T16:51:13.403+0500] {processor.py:925} INFO - DAG(s) 'example_workday_timetable' retrieved from /home/rayyan/redfin_venv/lib/python3.10/site-packages/airflow/example_dags/example_workday_timetable.py
[2024-08-22T16:51:13.420+0500] {logging_mixin.py:190} INFO - [2024-08-22T16:51:13.419+0500] {dag.py:3211} INFO - Sync 1 DAGs
[2024-08-22T16:51:13.469+0500] {logging_mixin.py:190} INFO - [2024-08-22T16:51:13.469+0500] {dag.py:4138} INFO - Setting next_dagrun for example_workday_timetable to 2021-01-04 00:00:00+00:00, run_after=2021-01-05 00:00:00+00:00
[2024-08-22T16:51:13.490+0500] {processor.py:208} INFO - Processing /home/rayyan/redfin_venv/lib/python3.10/site-packages/airflow/example_dags/example_workday_timetable.py took 0.111 seconds
[2024-08-22T16:52:13.191+0500] {processor.py:186} INFO - Started process (PID=5002) to work on /home/rayyan/redfin_venv/lib/python3.10/site-packages/airflow/example_dags/example_workday_timetable.py
[2024-08-22T16:52:13.203+0500] {processor.py:914} INFO - Processing file /home/rayyan/redfin_venv/lib/python3.10/site-packages/airflow/example_dags/example_workday_timetable.py for tasks to queue
[2024-08-22T16:52:13.207+0500] {logging_mixin.py:190} INFO - [2024-08-22T16:52:13.207+0500] {dagbag.py:587} INFO - Filling up the DagBag from /home/rayyan/redfin_venv/lib/python3.10/site-packages/airflow/example_dags/example_workday_timetable.py
[2024-08-22T16:52:13.219+0500] {processor.py:925} INFO - DAG(s) 'example_workday_timetable' retrieved from /home/rayyan/redfin_venv/lib/python3.10/site-packages/airflow/example_dags/example_workday_timetable.py
[2024-08-22T16:52:13.242+0500] {logging_mixin.py:190} INFO - [2024-08-22T16:52:13.242+0500] {dag.py:3211} INFO - Sync 1 DAGs
[2024-08-22T16:52:13.302+0500] {logging_mixin.py:190} INFO - [2024-08-22T16:52:13.301+0500] {dag.py:4138} INFO - Setting next_dagrun for example_workday_timetable to 2021-01-04 00:00:00+00:00, run_after=2021-01-05 00:00:00+00:00
[2024-08-22T16:52:13.321+0500] {processor.py:208} INFO - Processing /home/rayyan/redfin_venv/lib/python3.10/site-packages/airflow/example_dags/example_workday_timetable.py took 0.151 seconds
[2024-08-22T16:53:15.107+0500] {processor.py:186} INFO - Started process (PID=5299) to work on /home/rayyan/redfin_venv/lib/python3.10/site-packages/airflow/example_dags/example_workday_timetable.py
[2024-08-22T16:53:15.119+0500] {processor.py:914} INFO - Processing file /home/rayyan/redfin_venv/lib/python3.10/site-packages/airflow/example_dags/example_workday_timetable.py for tasks to queue
[2024-08-22T16:53:15.122+0500] {logging_mixin.py:190} INFO - [2024-08-22T16:53:15.122+0500] {dagbag.py:587} INFO - Filling up the DagBag from /home/rayyan/redfin_venv/lib/python3.10/site-packages/airflow/example_dags/example_workday_timetable.py
[2024-08-22T16:53:15.128+0500] {processor.py:925} INFO - DAG(s) 'example_workday_timetable' retrieved from /home/rayyan/redfin_venv/lib/python3.10/site-packages/airflow/example_dags/example_workday_timetable.py
[2024-08-22T16:53:15.144+0500] {logging_mixin.py:190} INFO - [2024-08-22T16:53:15.144+0500] {dag.py:3211} INFO - Sync 1 DAGs
[2024-08-22T16:53:15.196+0500] {logging_mixin.py:190} INFO - [2024-08-22T16:53:15.196+0500] {dag.py:4138} INFO - Setting next_dagrun for example_workday_timetable to 2021-01-04 00:00:00+00:00, run_after=2021-01-05 00:00:00+00:00
[2024-08-22T16:53:15.214+0500] {processor.py:208} INFO - Processing /home/rayyan/redfin_venv/lib/python3.10/site-packages/airflow/example_dags/example_workday_timetable.py took 0.115 seconds
[2024-08-22T16:54:18.063+0500] {processor.py:186} INFO - Started process (PID=5602) to work on /home/rayyan/redfin_venv/lib/python3.10/site-packages/airflow/example_dags/example_workday_timetable.py
[2024-08-22T16:54:18.075+0500] {processor.py:914} INFO - Processing file /home/rayyan/redfin_venv/lib/python3.10/site-packages/airflow/example_dags/example_workday_timetable.py for tasks to queue
[2024-08-22T16:54:18.077+0500] {logging_mixin.py:190} INFO - [2024-08-22T16:54:18.076+0500] {dagbag.py:587} INFO - Filling up the DagBag from /home/rayyan/redfin_venv/lib/python3.10/site-packages/airflow/example_dags/example_workday_timetable.py
[2024-08-22T16:54:18.083+0500] {processor.py:925} INFO - DAG(s) 'example_workday_timetable' retrieved from /home/rayyan/redfin_venv/lib/python3.10/site-packages/airflow/example_dags/example_workday_timetable.py
[2024-08-22T16:54:18.097+0500] {logging_mixin.py:190} INFO - [2024-08-22T16:54:18.096+0500] {dag.py:3211} INFO - Sync 1 DAGs
[2024-08-22T16:54:18.151+0500] {logging_mixin.py:190} INFO - [2024-08-22T16:54:18.151+0500] {dag.py:4138} INFO - Setting next_dagrun for example_workday_timetable to 2021-01-04 00:00:00+00:00, run_after=2021-01-05 00:00:00+00:00
[2024-08-22T16:54:18.172+0500] {processor.py:208} INFO - Processing /home/rayyan/redfin_venv/lib/python3.10/site-packages/airflow/example_dags/example_workday_timetable.py took 0.114 seconds
[2024-08-22T16:55:17.374+0500] {processor.py:186} INFO - Started process (PID=5889) to work on /home/rayyan/redfin_venv/lib/python3.10/site-packages/airflow/example_dags/example_workday_timetable.py
[2024-08-22T16:55:17.376+0500] {processor.py:914} INFO - Processing file /home/rayyan/redfin_venv/lib/python3.10/site-packages/airflow/example_dags/example_workday_timetable.py for tasks to queue
[2024-08-22T16:55:17.379+0500] {logging_mixin.py:190} INFO - [2024-08-22T16:55:17.378+0500] {dagbag.py:587} INFO - Filling up the DagBag from /home/rayyan/redfin_venv/lib/python3.10/site-packages/airflow/example_dags/example_workday_timetable.py
[2024-08-22T16:55:17.385+0500] {processor.py:925} INFO - DAG(s) 'example_workday_timetable' retrieved from /home/rayyan/redfin_venv/lib/python3.10/site-packages/airflow/example_dags/example_workday_timetable.py
[2024-08-22T16:55:17.403+0500] {logging_mixin.py:190} INFO - [2024-08-22T16:55:17.402+0500] {dag.py:3211} INFO - Sync 1 DAGs
[2024-08-22T16:55:17.610+0500] {logging_mixin.py:190} INFO - [2024-08-22T16:55:17.609+0500] {dag.py:4138} INFO - Setting next_dagrun for example_workday_timetable to 2021-01-04 00:00:00+00:00, run_after=2021-01-05 00:00:00+00:00
[2024-08-22T16:55:17.636+0500] {processor.py:208} INFO - Processing /home/rayyan/redfin_venv/lib/python3.10/site-packages/airflow/example_dags/example_workday_timetable.py took 0.272 seconds
[2024-08-22T16:56:23.257+0500] {processor.py:186} INFO - Started process (PID=6207) to work on /home/rayyan/redfin_venv/lib/python3.10/site-packages/airflow/example_dags/example_workday_timetable.py
[2024-08-22T16:56:23.270+0500] {processor.py:914} INFO - Processing file /home/rayyan/redfin_venv/lib/python3.10/site-packages/airflow/example_dags/example_workday_timetable.py for tasks to queue
[2024-08-22T16:56:23.272+0500] {logging_mixin.py:190} INFO - [2024-08-22T16:56:23.272+0500] {dagbag.py:587} INFO - Filling up the DagBag from /home/rayyan/redfin_venv/lib/python3.10/site-packages/airflow/example_dags/example_workday_timetable.py
[2024-08-22T16:56:23.280+0500] {processor.py:925} INFO - DAG(s) 'example_workday_timetable' retrieved from /home/rayyan/redfin_venv/lib/python3.10/site-packages/airflow/example_dags/example_workday_timetable.py
[2024-08-22T16:56:23.297+0500] {logging_mixin.py:190} INFO - [2024-08-22T16:56:23.296+0500] {dag.py:3211} INFO - Sync 1 DAGs
[2024-08-22T16:56:23.476+0500] {logging_mixin.py:190} INFO - [2024-08-22T16:56:23.476+0500] {dag.py:4138} INFO - Setting next_dagrun for example_workday_timetable to 2021-01-04 00:00:00+00:00, run_after=2021-01-05 00:00:00+00:00
[2024-08-22T16:56:23.504+0500] {processor.py:208} INFO - Processing /home/rayyan/redfin_venv/lib/python3.10/site-packages/airflow/example_dags/example_workday_timetable.py took 0.255 seconds
[2024-08-22T16:57:28.768+0500] {processor.py:186} INFO - Started process (PID=6522) to work on /home/rayyan/redfin_venv/lib/python3.10/site-packages/airflow/example_dags/example_workday_timetable.py
[2024-08-22T16:57:28.780+0500] {processor.py:914} INFO - Processing file /home/rayyan/redfin_venv/lib/python3.10/site-packages/airflow/example_dags/example_workday_timetable.py for tasks to queue
[2024-08-22T16:57:28.783+0500] {logging_mixin.py:190} INFO - [2024-08-22T16:57:28.782+0500] {dagbag.py:587} INFO - Filling up the DagBag from /home/rayyan/redfin_venv/lib/python3.10/site-packages/airflow/example_dags/example_workday_timetable.py
[2024-08-22T16:57:28.790+0500] {processor.py:925} INFO - DAG(s) 'example_workday_timetable' retrieved from /home/rayyan/redfin_venv/lib/python3.10/site-packages/airflow/example_dags/example_workday_timetable.py
[2024-08-22T16:57:28.805+0500] {logging_mixin.py:190} INFO - [2024-08-22T16:57:28.805+0500] {dag.py:3211} INFO - Sync 1 DAGs
[2024-08-22T16:57:28.966+0500] {logging_mixin.py:190} INFO - [2024-08-22T16:57:28.965+0500] {dag.py:4138} INFO - Setting next_dagrun for example_workday_timetable to 2021-01-04 00:00:00+00:00, run_after=2021-01-05 00:00:00+00:00
[2024-08-22T16:57:28.986+0500] {processor.py:208} INFO - Processing /home/rayyan/redfin_venv/lib/python3.10/site-packages/airflow/example_dags/example_workday_timetable.py took 0.228 seconds
[2024-08-22T16:59:35.867+0500] {processor.py:186} INFO - Started process (PID=7182) to work on /home/rayyan/redfin_venv/lib/python3.10/site-packages/airflow/example_dags/example_workday_timetable.py
[2024-08-22T16:59:35.869+0500] {processor.py:914} INFO - Processing file /home/rayyan/redfin_venv/lib/python3.10/site-packages/airflow/example_dags/example_workday_timetable.py for tasks to queue
[2024-08-22T16:59:35.874+0500] {logging_mixin.py:190} INFO - [2024-08-22T16:59:35.873+0500] {dagbag.py:587} INFO - Filling up the DagBag from /home/rayyan/redfin_venv/lib/python3.10/site-packages/airflow/example_dags/example_workday_timetable.py
[2024-08-22T16:59:36.037+0500] {processor.py:925} INFO - DAG(s) 'example_workday_timetable' retrieved from /home/rayyan/redfin_venv/lib/python3.10/site-packages/airflow/example_dags/example_workday_timetable.py
[2024-08-22T16:59:36.051+0500] {logging_mixin.py:190} INFO - [2024-08-22T16:59:36.050+0500] {dag.py:3211} INFO - Sync 1 DAGs
[2024-08-22T16:59:36.123+0500] {logging_mixin.py:190} INFO - [2024-08-22T16:59:36.123+0500] {dag.py:4138} INFO - Setting next_dagrun for example_workday_timetable to 2021-01-04 00:00:00+00:00, run_after=2021-01-05 00:00:00+00:00
[2024-08-22T16:59:36.157+0500] {processor.py:208} INFO - Processing /home/rayyan/redfin_venv/lib/python3.10/site-packages/airflow/example_dags/example_workday_timetable.py took 0.304 seconds
[2024-08-22T17:00:43.465+0500] {processor.py:186} INFO - Started process (PID=9354) to work on /home/rayyan/redfin_venv/lib/python3.10/site-packages/airflow/example_dags/example_workday_timetable.py
[2024-08-22T17:00:43.466+0500] {processor.py:914} INFO - Processing file /home/rayyan/redfin_venv/lib/python3.10/site-packages/airflow/example_dags/example_workday_timetable.py for tasks to queue
[2024-08-22T17:00:43.469+0500] {logging_mixin.py:190} INFO - [2024-08-22T17:00:43.468+0500] {dagbag.py:587} INFO - Filling up the DagBag from /home/rayyan/redfin_venv/lib/python3.10/site-packages/airflow/example_dags/example_workday_timetable.py
[2024-08-22T17:00:43.476+0500] {processor.py:925} INFO - DAG(s) 'example_workday_timetable' retrieved from /home/rayyan/redfin_venv/lib/python3.10/site-packages/airflow/example_dags/example_workday_timetable.py
[2024-08-22T17:00:43.500+0500] {logging_mixin.py:190} INFO - [2024-08-22T17:00:43.500+0500] {dag.py:3211} INFO - Sync 1 DAGs
[2024-08-22T17:00:43.580+0500] {logging_mixin.py:190} INFO - [2024-08-22T17:00:43.579+0500] {dag.py:4138} INFO - Setting next_dagrun for example_workday_timetable to 2021-01-04 00:00:00+00:00, run_after=2021-01-05 00:00:00+00:00
[2024-08-22T17:00:43.619+0500] {processor.py:208} INFO - Processing /home/rayyan/redfin_venv/lib/python3.10/site-packages/airflow/example_dags/example_workday_timetable.py took 0.162 seconds
[2024-08-22T17:01:51.716+0500] {processor.py:186} INFO - Started process (PID=11588) to work on /home/rayyan/redfin_venv/lib/python3.10/site-packages/airflow/example_dags/example_workday_timetable.py
[2024-08-22T17:01:51.721+0500] {processor.py:914} INFO - Processing file /home/rayyan/redfin_venv/lib/python3.10/site-packages/airflow/example_dags/example_workday_timetable.py for tasks to queue
[2024-08-22T17:01:51.724+0500] {logging_mixin.py:190} INFO - [2024-08-22T17:01:51.723+0500] {dagbag.py:587} INFO - Filling up the DagBag from /home/rayyan/redfin_venv/lib/python3.10/site-packages/airflow/example_dags/example_workday_timetable.py
[2024-08-22T17:01:51.733+0500] {processor.py:925} INFO - DAG(s) 'example_workday_timetable' retrieved from /home/rayyan/redfin_venv/lib/python3.10/site-packages/airflow/example_dags/example_workday_timetable.py
[2024-08-22T17:01:51.758+0500] {logging_mixin.py:190} INFO - [2024-08-22T17:01:51.758+0500] {dag.py:3211} INFO - Sync 1 DAGs
[2024-08-22T17:01:51.861+0500] {logging_mixin.py:190} INFO - [2024-08-22T17:01:51.860+0500] {dag.py:4138} INFO - Setting next_dagrun for example_workday_timetable to 2021-01-04 00:00:00+00:00, run_after=2021-01-05 00:00:00+00:00
[2024-08-22T17:01:51.892+0500] {processor.py:208} INFO - Processing /home/rayyan/redfin_venv/lib/python3.10/site-packages/airflow/example_dags/example_workday_timetable.py took 0.186 seconds
[2024-08-22T17:03:00.734+0500] {processor.py:186} INFO - Started process (PID=12955) to work on /home/rayyan/redfin_venv/lib/python3.10/site-packages/airflow/example_dags/example_workday_timetable.py
[2024-08-22T17:03:00.736+0500] {processor.py:914} INFO - Processing file /home/rayyan/redfin_venv/lib/python3.10/site-packages/airflow/example_dags/example_workday_timetable.py for tasks to queue
[2024-08-22T17:03:00.739+0500] {logging_mixin.py:190} INFO - [2024-08-22T17:03:00.738+0500] {dagbag.py:587} INFO - Filling up the DagBag from /home/rayyan/redfin_venv/lib/python3.10/site-packages/airflow/example_dags/example_workday_timetable.py
[2024-08-22T17:03:00.748+0500] {processor.py:925} INFO - DAG(s) 'example_workday_timetable' retrieved from /home/rayyan/redfin_venv/lib/python3.10/site-packages/airflow/example_dags/example_workday_timetable.py
[2024-08-22T17:03:00.768+0500] {logging_mixin.py:190} INFO - [2024-08-22T17:03:00.768+0500] {dag.py:3211} INFO - Sync 1 DAGs
[2024-08-22T17:03:00.819+0500] {logging_mixin.py:190} INFO - [2024-08-22T17:03:00.818+0500] {dag.py:4138} INFO - Setting next_dagrun for example_workday_timetable to 2021-01-04 00:00:00+00:00, run_after=2021-01-05 00:00:00+00:00
[2024-08-22T17:03:00.842+0500] {processor.py:208} INFO - Processing /home/rayyan/redfin_venv/lib/python3.10/site-packages/airflow/example_dags/example_workday_timetable.py took 0.118 seconds
[2024-08-22T17:03:59.388+0500] {processor.py:186} INFO - Started process (PID=13239) to work on /home/rayyan/redfin_venv/lib/python3.10/site-packages/airflow/example_dags/example_workday_timetable.py
[2024-08-22T17:03:59.390+0500] {processor.py:914} INFO - Processing file /home/rayyan/redfin_venv/lib/python3.10/site-packages/airflow/example_dags/example_workday_timetable.py for tasks to queue
[2024-08-22T17:03:59.393+0500] {logging_mixin.py:190} INFO - [2024-08-22T17:03:59.393+0500] {dagbag.py:587} INFO - Filling up the DagBag from /home/rayyan/redfin_venv/lib/python3.10/site-packages/airflow/example_dags/example_workday_timetable.py
[2024-08-22T17:03:59.404+0500] {processor.py:925} INFO - DAG(s) 'example_workday_timetable' retrieved from /home/rayyan/redfin_venv/lib/python3.10/site-packages/airflow/example_dags/example_workday_timetable.py
[2024-08-22T17:03:59.433+0500] {logging_mixin.py:190} INFO - [2024-08-22T17:03:59.433+0500] {dag.py:3211} INFO - Sync 1 DAGs
[2024-08-22T17:03:59.560+0500] {logging_mixin.py:190} INFO - [2024-08-22T17:03:59.560+0500] {dag.py:4138} INFO - Setting next_dagrun for example_workday_timetable to 2021-01-04 00:00:00+00:00, run_after=2021-01-05 00:00:00+00:00
[2024-08-22T17:03:59.618+0500] {processor.py:208} INFO - Processing /home/rayyan/redfin_venv/lib/python3.10/site-packages/airflow/example_dags/example_workday_timetable.py took 0.238 seconds
[2024-08-22T17:04:56.627+0500] {processor.py:186} INFO - Started process (PID=13516) to work on /home/rayyan/redfin_venv/lib/python3.10/site-packages/airflow/example_dags/example_workday_timetable.py
[2024-08-22T17:04:56.629+0500] {processor.py:914} INFO - Processing file /home/rayyan/redfin_venv/lib/python3.10/site-packages/airflow/example_dags/example_workday_timetable.py for tasks to queue
[2024-08-22T17:04:56.632+0500] {logging_mixin.py:190} INFO - [2024-08-22T17:04:56.631+0500] {dagbag.py:587} INFO - Filling up the DagBag from /home/rayyan/redfin_venv/lib/python3.10/site-packages/airflow/example_dags/example_workday_timetable.py
[2024-08-22T17:04:56.639+0500] {processor.py:925} INFO - DAG(s) 'example_workday_timetable' retrieved from /home/rayyan/redfin_venv/lib/python3.10/site-packages/airflow/example_dags/example_workday_timetable.py
[2024-08-22T17:04:56.656+0500] {logging_mixin.py:190} INFO - [2024-08-22T17:04:56.655+0500] {dag.py:3211} INFO - Sync 1 DAGs
[2024-08-22T17:04:56.706+0500] {logging_mixin.py:190} INFO - [2024-08-22T17:04:56.706+0500] {dag.py:4138} INFO - Setting next_dagrun for example_workday_timetable to 2021-01-04 00:00:00+00:00, run_after=2021-01-05 00:00:00+00:00
[2024-08-22T17:04:56.727+0500] {processor.py:208} INFO - Processing /home/rayyan/redfin_venv/lib/python3.10/site-packages/airflow/example_dags/example_workday_timetable.py took 0.111 seconds
[2024-08-22T17:05:51.445+0500] {processor.py:186} INFO - Started process (PID=13784) to work on /home/rayyan/redfin_venv/lib/python3.10/site-packages/airflow/example_dags/example_workday_timetable.py
[2024-08-22T17:05:51.457+0500] {processor.py:914} INFO - Processing file /home/rayyan/redfin_venv/lib/python3.10/site-packages/airflow/example_dags/example_workday_timetable.py for tasks to queue
[2024-08-22T17:05:51.460+0500] {logging_mixin.py:190} INFO - [2024-08-22T17:05:51.460+0500] {dagbag.py:587} INFO - Filling up the DagBag from /home/rayyan/redfin_venv/lib/python3.10/site-packages/airflow/example_dags/example_workday_timetable.py
[2024-08-22T17:05:51.468+0500] {processor.py:925} INFO - DAG(s) 'example_workday_timetable' retrieved from /home/rayyan/redfin_venv/lib/python3.10/site-packages/airflow/example_dags/example_workday_timetable.py
[2024-08-22T17:05:51.485+0500] {logging_mixin.py:190} INFO - [2024-08-22T17:05:51.485+0500] {dag.py:3211} INFO - Sync 1 DAGs
[2024-08-22T17:05:51.566+0500] {logging_mixin.py:190} INFO - [2024-08-22T17:05:51.566+0500] {dag.py:4138} INFO - Setting next_dagrun for example_workday_timetable to 2021-01-04 00:00:00+00:00, run_after=2021-01-05 00:00:00+00:00
[2024-08-22T17:05:51.588+0500] {processor.py:208} INFO - Processing /home/rayyan/redfin_venv/lib/python3.10/site-packages/airflow/example_dags/example_workday_timetable.py took 0.151 seconds
[2024-08-22T17:06:49.894+0500] {processor.py:186} INFO - Started process (PID=14068) to work on /home/rayyan/redfin_venv/lib/python3.10/site-packages/airflow/example_dags/example_workday_timetable.py
[2024-08-22T17:06:49.896+0500] {processor.py:914} INFO - Processing file /home/rayyan/redfin_venv/lib/python3.10/site-packages/airflow/example_dags/example_workday_timetable.py for tasks to queue
[2024-08-22T17:06:49.898+0500] {logging_mixin.py:190} INFO - [2024-08-22T17:06:49.898+0500] {dagbag.py:587} INFO - Filling up the DagBag from /home/rayyan/redfin_venv/lib/python3.10/site-packages/airflow/example_dags/example_workday_timetable.py
[2024-08-22T17:06:49.906+0500] {processor.py:925} INFO - DAG(s) 'example_workday_timetable' retrieved from /home/rayyan/redfin_venv/lib/python3.10/site-packages/airflow/example_dags/example_workday_timetable.py
[2024-08-22T17:06:49.923+0500] {logging_mixin.py:190} INFO - [2024-08-22T17:06:49.923+0500] {dag.py:3211} INFO - Sync 1 DAGs
[2024-08-22T17:06:49.976+0500] {logging_mixin.py:190} INFO - [2024-08-22T17:06:49.976+0500] {dag.py:4138} INFO - Setting next_dagrun for example_workday_timetable to 2021-01-04 00:00:00+00:00, run_after=2021-01-05 00:00:00+00:00
[2024-08-22T17:06:49.998+0500] {processor.py:208} INFO - Processing /home/rayyan/redfin_venv/lib/python3.10/site-packages/airflow/example_dags/example_workday_timetable.py took 0.111 seconds
[2024-08-22T17:07:47.573+0500] {processor.py:186} INFO - Started process (PID=14355) to work on /home/rayyan/redfin_venv/lib/python3.10/site-packages/airflow/example_dags/example_workday_timetable.py
[2024-08-22T17:07:47.575+0500] {processor.py:914} INFO - Processing file /home/rayyan/redfin_venv/lib/python3.10/site-packages/airflow/example_dags/example_workday_timetable.py for tasks to queue
[2024-08-22T17:07:47.577+0500] {logging_mixin.py:190} INFO - [2024-08-22T17:07:47.577+0500] {dagbag.py:587} INFO - Filling up the DagBag from /home/rayyan/redfin_venv/lib/python3.10/site-packages/airflow/example_dags/example_workday_timetable.py
[2024-08-22T17:07:47.584+0500] {processor.py:925} INFO - DAG(s) 'example_workday_timetable' retrieved from /home/rayyan/redfin_venv/lib/python3.10/site-packages/airflow/example_dags/example_workday_timetable.py
[2024-08-22T17:07:47.602+0500] {logging_mixin.py:190} INFO - [2024-08-22T17:07:47.602+0500] {dag.py:3211} INFO - Sync 1 DAGs
[2024-08-22T17:07:47.674+0500] {logging_mixin.py:190} INFO - [2024-08-22T17:07:47.673+0500] {dag.py:4138} INFO - Setting next_dagrun for example_workday_timetable to 2021-01-04 00:00:00+00:00, run_after=2021-01-05 00:00:00+00:00
[2024-08-22T17:07:47.708+0500] {processor.py:208} INFO - Processing /home/rayyan/redfin_venv/lib/python3.10/site-packages/airflow/example_dags/example_workday_timetable.py took 0.142 seconds
