[2024-08-22T16:47:51.803+0500] {processor.py:186} INFO - Started process (PID=3710) to work on /home/rayyan/redfin_venv/lib/python3.10/site-packages/airflow/example_dags/example_datasets.py
[2024-08-22T16:47:51.803+0500] {processor.py:914} INFO - Processing file /home/rayyan/redfin_venv/lib/python3.10/site-packages/airflow/example_dags/example_datasets.py for tasks to queue
[2024-08-22T16:47:51.806+0500] {logging_mixin.py:190} INFO - [2024-08-22T16:47:51.805+0500] {dagbag.py:587} INFO - Filling up the DagBag from /home/rayyan/redfin_venv/lib/python3.10/site-packages/airflow/example_dags/example_datasets.py
[2024-08-22T16:47:51.822+0500] {processor.py:925} INFO - DAG(s) 'dataset_produces_1', 'dataset_consumes_unknown_never_scheduled', 'dataset_consumes_1', 'consume_1_and_2_with_dataset_expressions', 'dataset_produces_2', 'dataset_consumes_1_never_scheduled', 'consume_1_or_both_2_and_3_with_dataset_expressions', 'dataset_consumes_1_and_2', 'conditional_dataset_and_time_based_timetable', 'consume_1_or_2_with_dataset_expressions' retrieved from /home/rayyan/redfin_venv/lib/python3.10/site-packages/airflow/example_dags/example_datasets.py
[2024-08-22T16:47:51.862+0500] {logging_mixin.py:190} INFO - [2024-08-22T16:47:51.862+0500] {dag.py:3211} INFO - Sync 10 DAGs
[2024-08-22T16:47:51.886+0500] {logging_mixin.py:190} INFO - [2024-08-22T16:47:51.886+0500] {dag.py:4138} INFO - Setting next_dagrun for conditional_dataset_and_time_based_timetable to 2024-08-21 01:00:00+00:00, run_after=2024-08-21 01:00:00+00:00
[2024-08-22T16:47:51.890+0500] {logging_mixin.py:190} INFO - [2024-08-22T16:47:51.889+0500] {dag.py:4138} INFO - Setting next_dagrun for consume_1_and_2_with_dataset_expressions to None, run_after=None
[2024-08-22T16:47:51.891+0500] {logging_mixin.py:190} INFO - [2024-08-22T16:47:51.891+0500] {dag.py:4138} INFO - Setting next_dagrun for consume_1_or_2_with_dataset_expressions to None, run_after=None
[2024-08-22T16:47:51.892+0500] {logging_mixin.py:190} INFO - [2024-08-22T16:47:51.892+0500] {dag.py:4138} INFO - Setting next_dagrun for consume_1_or_both_2_and_3_with_dataset_expressions to None, run_after=None
[2024-08-22T16:47:51.893+0500] {logging_mixin.py:190} INFO - [2024-08-22T16:47:51.893+0500] {dag.py:4138} INFO - Setting next_dagrun for dataset_consumes_1 to None, run_after=None
[2024-08-22T16:47:51.894+0500] {logging_mixin.py:190} INFO - [2024-08-22T16:47:51.894+0500] {dag.py:4138} INFO - Setting next_dagrun for dataset_consumes_1_and_2 to None, run_after=None
[2024-08-22T16:47:51.895+0500] {logging_mixin.py:190} INFO - [2024-08-22T16:47:51.895+0500] {dag.py:4138} INFO - Setting next_dagrun for dataset_consumes_1_never_scheduled to None, run_after=None
[2024-08-22T16:47:51.895+0500] {logging_mixin.py:190} INFO - [2024-08-22T16:47:51.895+0500] {dag.py:4138} INFO - Setting next_dagrun for dataset_consumes_unknown_never_scheduled to None, run_after=None
[2024-08-22T16:47:51.898+0500] {logging_mixin.py:190} INFO - [2024-08-22T16:47:51.897+0500] {dag.py:4138} INFO - Setting next_dagrun for dataset_produces_1 to 2024-08-21 00:00:00+00:00, run_after=2024-08-22 00:00:00+00:00
[2024-08-22T16:47:51.898+0500] {logging_mixin.py:190} INFO - [2024-08-22T16:47:51.898+0500] {dag.py:4138} INFO - Setting next_dagrun for dataset_produces_2 to None, run_after=None
[2024-08-22T16:47:51.931+0500] {processor.py:208} INFO - Processing /home/rayyan/redfin_venv/lib/python3.10/site-packages/airflow/example_dags/example_datasets.py took 0.136 seconds
[2024-08-22T16:48:52.030+0500] {processor.py:186} INFO - Started process (PID=4026) to work on /home/rayyan/redfin_venv/lib/python3.10/site-packages/airflow/example_dags/example_datasets.py
[2024-08-22T16:48:52.032+0500] {processor.py:914} INFO - Processing file /home/rayyan/redfin_venv/lib/python3.10/site-packages/airflow/example_dags/example_datasets.py for tasks to queue
[2024-08-22T16:48:52.034+0500] {logging_mixin.py:190} INFO - [2024-08-22T16:48:52.034+0500] {dagbag.py:587} INFO - Filling up the DagBag from /home/rayyan/redfin_venv/lib/python3.10/site-packages/airflow/example_dags/example_datasets.py
[2024-08-22T16:48:52.049+0500] {processor.py:925} INFO - DAG(s) 'dataset_consumes_unknown_never_scheduled', 'dataset_produces_1', 'conditional_dataset_and_time_based_timetable', 'dataset_consumes_1', 'dataset_produces_2', 'dataset_consumes_1_and_2', 'consume_1_and_2_with_dataset_expressions', 'consume_1_or_both_2_and_3_with_dataset_expressions', 'consume_1_or_2_with_dataset_expressions', 'dataset_consumes_1_never_scheduled' retrieved from /home/rayyan/redfin_venv/lib/python3.10/site-packages/airflow/example_dags/example_datasets.py
[2024-08-22T16:48:52.081+0500] {logging_mixin.py:190} INFO - [2024-08-22T16:48:52.081+0500] {dag.py:3211} INFO - Sync 10 DAGs
[2024-08-22T16:48:52.103+0500] {logging_mixin.py:190} INFO - [2024-08-22T16:48:52.103+0500] {dag.py:4138} INFO - Setting next_dagrun for conditional_dataset_and_time_based_timetable to 2024-08-21 01:00:00+00:00, run_after=2024-08-21 01:00:00+00:00
[2024-08-22T16:48:52.106+0500] {logging_mixin.py:190} INFO - [2024-08-22T16:48:52.105+0500] {dag.py:4138} INFO - Setting next_dagrun for consume_1_and_2_with_dataset_expressions to None, run_after=None
[2024-08-22T16:48:52.106+0500] {logging_mixin.py:190} INFO - [2024-08-22T16:48:52.106+0500] {dag.py:4138} INFO - Setting next_dagrun for consume_1_or_2_with_dataset_expressions to None, run_after=None
[2024-08-22T16:48:52.107+0500] {logging_mixin.py:190} INFO - [2024-08-22T16:48:52.107+0500] {dag.py:4138} INFO - Setting next_dagrun for consume_1_or_both_2_and_3_with_dataset_expressions to None, run_after=None
[2024-08-22T16:48:52.108+0500] {logging_mixin.py:190} INFO - [2024-08-22T16:48:52.108+0500] {dag.py:4138} INFO - Setting next_dagrun for dataset_consumes_1 to None, run_after=None
[2024-08-22T16:48:52.108+0500] {logging_mixin.py:190} INFO - [2024-08-22T16:48:52.108+0500] {dag.py:4138} INFO - Setting next_dagrun for dataset_consumes_1_and_2 to None, run_after=None
[2024-08-22T16:48:52.109+0500] {logging_mixin.py:190} INFO - [2024-08-22T16:48:52.109+0500] {dag.py:4138} INFO - Setting next_dagrun for dataset_consumes_1_never_scheduled to None, run_after=None
[2024-08-22T16:48:52.110+0500] {logging_mixin.py:190} INFO - [2024-08-22T16:48:52.110+0500] {dag.py:4138} INFO - Setting next_dagrun for dataset_consumes_unknown_never_scheduled to None, run_after=None
[2024-08-22T16:48:52.111+0500] {logging_mixin.py:190} INFO - [2024-08-22T16:48:52.111+0500] {dag.py:4138} INFO - Setting next_dagrun for dataset_produces_1 to 2024-08-21 00:00:00+00:00, run_after=2024-08-22 00:00:00+00:00
[2024-08-22T16:48:52.112+0500] {logging_mixin.py:190} INFO - [2024-08-22T16:48:52.112+0500] {dag.py:4138} INFO - Setting next_dagrun for dataset_produces_2 to None, run_after=None
[2024-08-22T16:48:52.153+0500] {processor.py:208} INFO - Processing /home/rayyan/redfin_venv/lib/python3.10/site-packages/airflow/example_dags/example_datasets.py took 0.128 seconds
[2024-08-22T16:49:48.391+0500] {processor.py:186} INFO - Started process (PID=4303) to work on /home/rayyan/redfin_venv/lib/python3.10/site-packages/airflow/example_dags/example_datasets.py
[2024-08-22T16:49:48.392+0500] {processor.py:914} INFO - Processing file /home/rayyan/redfin_venv/lib/python3.10/site-packages/airflow/example_dags/example_datasets.py for tasks to queue
[2024-08-22T16:49:48.394+0500] {logging_mixin.py:190} INFO - [2024-08-22T16:49:48.394+0500] {dagbag.py:587} INFO - Filling up the DagBag from /home/rayyan/redfin_venv/lib/python3.10/site-packages/airflow/example_dags/example_datasets.py
[2024-08-22T16:49:48.413+0500] {processor.py:925} INFO - DAG(s) 'dataset_produces_1', 'consume_1_or_2_with_dataset_expressions', 'consume_1_and_2_with_dataset_expressions', 'dataset_consumes_unknown_never_scheduled', 'dataset_consumes_1_never_scheduled', 'dataset_consumes_1_and_2', 'dataset_produces_2', 'conditional_dataset_and_time_based_timetable', 'dataset_consumes_1', 'consume_1_or_both_2_and_3_with_dataset_expressions' retrieved from /home/rayyan/redfin_venv/lib/python3.10/site-packages/airflow/example_dags/example_datasets.py
[2024-08-22T16:49:48.448+0500] {logging_mixin.py:190} INFO - [2024-08-22T16:49:48.448+0500] {dag.py:3211} INFO - Sync 10 DAGs
[2024-08-22T16:49:48.469+0500] {logging_mixin.py:190} INFO - [2024-08-22T16:49:48.469+0500] {dag.py:4138} INFO - Setting next_dagrun for conditional_dataset_and_time_based_timetable to 2024-08-21 01:00:00+00:00, run_after=2024-08-21 01:00:00+00:00
[2024-08-22T16:49:48.472+0500] {logging_mixin.py:190} INFO - [2024-08-22T16:49:48.472+0500] {dag.py:4138} INFO - Setting next_dagrun for consume_1_and_2_with_dataset_expressions to None, run_after=None
[2024-08-22T16:49:48.473+0500] {logging_mixin.py:190} INFO - [2024-08-22T16:49:48.472+0500] {dag.py:4138} INFO - Setting next_dagrun for consume_1_or_2_with_dataset_expressions to None, run_after=None
[2024-08-22T16:49:48.473+0500] {logging_mixin.py:190} INFO - [2024-08-22T16:49:48.473+0500] {dag.py:4138} INFO - Setting next_dagrun for consume_1_or_both_2_and_3_with_dataset_expressions to None, run_after=None
[2024-08-22T16:49:48.474+0500] {logging_mixin.py:190} INFO - [2024-08-22T16:49:48.474+0500] {dag.py:4138} INFO - Setting next_dagrun for dataset_consumes_1 to None, run_after=None
[2024-08-22T16:49:48.475+0500] {logging_mixin.py:190} INFO - [2024-08-22T16:49:48.474+0500] {dag.py:4138} INFO - Setting next_dagrun for dataset_consumes_1_and_2 to None, run_after=None
[2024-08-22T16:49:48.475+0500] {logging_mixin.py:190} INFO - [2024-08-22T16:49:48.475+0500] {dag.py:4138} INFO - Setting next_dagrun for dataset_consumes_1_never_scheduled to None, run_after=None
[2024-08-22T16:49:48.476+0500] {logging_mixin.py:190} INFO - [2024-08-22T16:49:48.476+0500] {dag.py:4138} INFO - Setting next_dagrun for dataset_consumes_unknown_never_scheduled to None, run_after=None
[2024-08-22T16:49:48.478+0500] {logging_mixin.py:190} INFO - [2024-08-22T16:49:48.477+0500] {dag.py:4138} INFO - Setting next_dagrun for dataset_produces_1 to 2024-08-21 00:00:00+00:00, run_after=2024-08-22 00:00:00+00:00
[2024-08-22T16:49:48.478+0500] {logging_mixin.py:190} INFO - [2024-08-22T16:49:48.478+0500] {dag.py:4138} INFO - Setting next_dagrun for dataset_produces_2 to None, run_after=None
[2024-08-22T16:49:48.506+0500] {processor.py:208} INFO - Processing /home/rayyan/redfin_venv/lib/python3.10/site-packages/airflow/example_dags/example_datasets.py took 0.120 seconds
[2024-08-22T16:50:44.061+0500] {processor.py:186} INFO - Started process (PID=4575) to work on /home/rayyan/redfin_venv/lib/python3.10/site-packages/airflow/example_dags/example_datasets.py
[2024-08-22T16:50:44.073+0500] {processor.py:914} INFO - Processing file /home/rayyan/redfin_venv/lib/python3.10/site-packages/airflow/example_dags/example_datasets.py for tasks to queue
[2024-08-22T16:50:44.075+0500] {logging_mixin.py:190} INFO - [2024-08-22T16:50:44.075+0500] {dagbag.py:587} INFO - Filling up the DagBag from /home/rayyan/redfin_venv/lib/python3.10/site-packages/airflow/example_dags/example_datasets.py
[2024-08-22T16:50:44.091+0500] {processor.py:925} INFO - DAG(s) 'conditional_dataset_and_time_based_timetable', 'dataset_produces_2', 'dataset_produces_1', 'consume_1_or_2_with_dataset_expressions', 'consume_1_or_both_2_and_3_with_dataset_expressions', 'dataset_consumes_1', 'dataset_consumes_unknown_never_scheduled', 'dataset_consumes_1_never_scheduled', 'dataset_consumes_1_and_2', 'consume_1_and_2_with_dataset_expressions' retrieved from /home/rayyan/redfin_venv/lib/python3.10/site-packages/airflow/example_dags/example_datasets.py
[2024-08-22T16:50:44.125+0500] {logging_mixin.py:190} INFO - [2024-08-22T16:50:44.125+0500] {dag.py:3211} INFO - Sync 10 DAGs
[2024-08-22T16:50:44.252+0500] {logging_mixin.py:190} INFO - [2024-08-22T16:50:44.251+0500] {dag.py:4138} INFO - Setting next_dagrun for conditional_dataset_and_time_based_timetable to 2024-08-21 01:00:00+00:00, run_after=2024-08-21 01:00:00+00:00
[2024-08-22T16:50:44.257+0500] {logging_mixin.py:190} INFO - [2024-08-22T16:50:44.256+0500] {dag.py:4138} INFO - Setting next_dagrun for consume_1_and_2_with_dataset_expressions to None, run_after=None
[2024-08-22T16:50:44.258+0500] {logging_mixin.py:190} INFO - [2024-08-22T16:50:44.258+0500] {dag.py:4138} INFO - Setting next_dagrun for consume_1_or_2_with_dataset_expressions to None, run_after=None
[2024-08-22T16:50:44.259+0500] {logging_mixin.py:190} INFO - [2024-08-22T16:50:44.259+0500] {dag.py:4138} INFO - Setting next_dagrun for consume_1_or_both_2_and_3_with_dataset_expressions to None, run_after=None
[2024-08-22T16:50:44.261+0500] {logging_mixin.py:190} INFO - [2024-08-22T16:50:44.260+0500] {dag.py:4138} INFO - Setting next_dagrun for dataset_consumes_1 to None, run_after=None
[2024-08-22T16:50:44.262+0500] {logging_mixin.py:190} INFO - [2024-08-22T16:50:44.262+0500] {dag.py:4138} INFO - Setting next_dagrun for dataset_consumes_1_and_2 to None, run_after=None
[2024-08-22T16:50:44.263+0500] {logging_mixin.py:190} INFO - [2024-08-22T16:50:44.263+0500] {dag.py:4138} INFO - Setting next_dagrun for dataset_consumes_1_never_scheduled to None, run_after=None
[2024-08-22T16:50:44.264+0500] {logging_mixin.py:190} INFO - [2024-08-22T16:50:44.264+0500] {dag.py:4138} INFO - Setting next_dagrun for dataset_consumes_unknown_never_scheduled to None, run_after=None
[2024-08-22T16:50:44.268+0500] {logging_mixin.py:190} INFO - [2024-08-22T16:50:44.268+0500] {dag.py:4138} INFO - Setting next_dagrun for dataset_produces_1 to 2024-08-21 00:00:00+00:00, run_after=2024-08-22 00:00:00+00:00
[2024-08-22T16:50:44.269+0500] {logging_mixin.py:190} INFO - [2024-08-22T16:50:44.269+0500] {dag.py:4138} INFO - Setting next_dagrun for dataset_produces_2 to None, run_after=None
[2024-08-22T16:50:44.313+0500] {processor.py:208} INFO - Processing /home/rayyan/redfin_venv/lib/python3.10/site-packages/airflow/example_dags/example_datasets.py took 0.258 seconds
[2024-08-22T16:51:42.288+0500] {processor.py:186} INFO - Started process (PID=4856) to work on /home/rayyan/redfin_venv/lib/python3.10/site-packages/airflow/example_dags/example_datasets.py
[2024-08-22T16:51:42.289+0500] {processor.py:914} INFO - Processing file /home/rayyan/redfin_venv/lib/python3.10/site-packages/airflow/example_dags/example_datasets.py for tasks to queue
[2024-08-22T16:51:42.293+0500] {logging_mixin.py:190} INFO - [2024-08-22T16:51:42.292+0500] {dagbag.py:587} INFO - Filling up the DagBag from /home/rayyan/redfin_venv/lib/python3.10/site-packages/airflow/example_dags/example_datasets.py
[2024-08-22T16:51:42.311+0500] {processor.py:925} INFO - DAG(s) 'consume_1_or_both_2_and_3_with_dataset_expressions', 'consume_1_or_2_with_dataset_expressions', 'dataset_consumes_1', 'dataset_consumes_1_and_2', 'consume_1_and_2_with_dataset_expressions', 'dataset_consumes_unknown_never_scheduled', 'dataset_produces_1', 'dataset_consumes_1_never_scheduled', 'conditional_dataset_and_time_based_timetable', 'dataset_produces_2' retrieved from /home/rayyan/redfin_venv/lib/python3.10/site-packages/airflow/example_dags/example_datasets.py
[2024-08-22T16:51:42.344+0500] {logging_mixin.py:190} INFO - [2024-08-22T16:51:42.344+0500] {dag.py:3211} INFO - Sync 10 DAGs
[2024-08-22T16:51:42.364+0500] {logging_mixin.py:190} INFO - [2024-08-22T16:51:42.364+0500] {dag.py:4138} INFO - Setting next_dagrun for conditional_dataset_and_time_based_timetable to 2024-08-21 01:00:00+00:00, run_after=2024-08-21 01:00:00+00:00
[2024-08-22T16:51:42.466+0500] {logging_mixin.py:190} INFO - [2024-08-22T16:51:42.466+0500] {dag.py:4138} INFO - Setting next_dagrun for consume_1_and_2_with_dataset_expressions to None, run_after=None
[2024-08-22T16:51:42.468+0500] {logging_mixin.py:190} INFO - [2024-08-22T16:51:42.467+0500] {dag.py:4138} INFO - Setting next_dagrun for consume_1_or_2_with_dataset_expressions to None, run_after=None
[2024-08-22T16:51:42.469+0500] {logging_mixin.py:190} INFO - [2024-08-22T16:51:42.469+0500] {dag.py:4138} INFO - Setting next_dagrun for consume_1_or_both_2_and_3_with_dataset_expressions to None, run_after=None
[2024-08-22T16:51:42.470+0500] {logging_mixin.py:190} INFO - [2024-08-22T16:51:42.470+0500] {dag.py:4138} INFO - Setting next_dagrun for dataset_consumes_1 to None, run_after=None
[2024-08-22T16:51:42.471+0500] {logging_mixin.py:190} INFO - [2024-08-22T16:51:42.471+0500] {dag.py:4138} INFO - Setting next_dagrun for dataset_consumes_1_and_2 to None, run_after=None
[2024-08-22T16:51:42.472+0500] {logging_mixin.py:190} INFO - [2024-08-22T16:51:42.472+0500] {dag.py:4138} INFO - Setting next_dagrun for dataset_consumes_1_never_scheduled to None, run_after=None
[2024-08-22T16:51:42.474+0500] {logging_mixin.py:190} INFO - [2024-08-22T16:51:42.474+0500] {dag.py:4138} INFO - Setting next_dagrun for dataset_consumes_unknown_never_scheduled to None, run_after=None
[2024-08-22T16:51:42.477+0500] {logging_mixin.py:190} INFO - [2024-08-22T16:51:42.477+0500] {dag.py:4138} INFO - Setting next_dagrun for dataset_produces_1 to 2024-08-21 00:00:00+00:00, run_after=2024-08-22 00:00:00+00:00
[2024-08-22T16:51:42.478+0500] {logging_mixin.py:190} INFO - [2024-08-22T16:51:42.478+0500] {dag.py:4138} INFO - Setting next_dagrun for dataset_produces_2 to None, run_after=None
[2024-08-22T16:51:42.523+0500] {processor.py:208} INFO - Processing /home/rayyan/redfin_venv/lib/python3.10/site-packages/airflow/example_dags/example_datasets.py took 0.243 seconds
[2024-08-22T16:52:41.720+0500] {processor.py:186} INFO - Started process (PID=5140) to work on /home/rayyan/redfin_venv/lib/python3.10/site-packages/airflow/example_dags/example_datasets.py
[2024-08-22T16:52:41.732+0500] {processor.py:914} INFO - Processing file /home/rayyan/redfin_venv/lib/python3.10/site-packages/airflow/example_dags/example_datasets.py for tasks to queue
[2024-08-22T16:52:41.735+0500] {logging_mixin.py:190} INFO - [2024-08-22T16:52:41.734+0500] {dagbag.py:587} INFO - Filling up the DagBag from /home/rayyan/redfin_venv/lib/python3.10/site-packages/airflow/example_dags/example_datasets.py
[2024-08-22T16:52:41.753+0500] {processor.py:925} INFO - DAG(s) 'dataset_produces_2', 'consume_1_or_both_2_and_3_with_dataset_expressions', 'dataset_consumes_1_and_2', 'dataset_consumes_unknown_never_scheduled', 'dataset_produces_1', 'dataset_consumes_1_never_scheduled', 'conditional_dataset_and_time_based_timetable', 'consume_1_and_2_with_dataset_expressions', 'consume_1_or_2_with_dataset_expressions', 'dataset_consumes_1' retrieved from /home/rayyan/redfin_venv/lib/python3.10/site-packages/airflow/example_dags/example_datasets.py
[2024-08-22T16:52:41.789+0500] {logging_mixin.py:190} INFO - [2024-08-22T16:52:41.789+0500] {dag.py:3211} INFO - Sync 10 DAGs
[2024-08-22T16:52:41.813+0500] {logging_mixin.py:190} INFO - [2024-08-22T16:52:41.813+0500] {dag.py:4138} INFO - Setting next_dagrun for conditional_dataset_and_time_based_timetable to 2024-08-21 01:00:00+00:00, run_after=2024-08-21 01:00:00+00:00
[2024-08-22T16:52:41.928+0500] {logging_mixin.py:190} INFO - [2024-08-22T16:52:41.927+0500] {dag.py:4138} INFO - Setting next_dagrun for consume_1_and_2_with_dataset_expressions to None, run_after=None
[2024-08-22T16:52:41.929+0500] {logging_mixin.py:190} INFO - [2024-08-22T16:52:41.929+0500] {dag.py:4138} INFO - Setting next_dagrun for consume_1_or_2_with_dataset_expressions to None, run_after=None
[2024-08-22T16:52:41.931+0500] {logging_mixin.py:190} INFO - [2024-08-22T16:52:41.931+0500] {dag.py:4138} INFO - Setting next_dagrun for consume_1_or_both_2_and_3_with_dataset_expressions to None, run_after=None
[2024-08-22T16:52:41.933+0500] {logging_mixin.py:190} INFO - [2024-08-22T16:52:41.933+0500] {dag.py:4138} INFO - Setting next_dagrun for dataset_consumes_1 to None, run_after=None
[2024-08-22T16:52:41.935+0500] {logging_mixin.py:190} INFO - [2024-08-22T16:52:41.935+0500] {dag.py:4138} INFO - Setting next_dagrun for dataset_consumes_1_and_2 to None, run_after=None
[2024-08-22T16:52:41.936+0500] {logging_mixin.py:190} INFO - [2024-08-22T16:52:41.936+0500] {dag.py:4138} INFO - Setting next_dagrun for dataset_consumes_1_never_scheduled to None, run_after=None
[2024-08-22T16:52:41.938+0500] {logging_mixin.py:190} INFO - [2024-08-22T16:52:41.937+0500] {dag.py:4138} INFO - Setting next_dagrun for dataset_consumes_unknown_never_scheduled to None, run_after=None
[2024-08-22T16:52:41.941+0500] {logging_mixin.py:190} INFO - [2024-08-22T16:52:41.941+0500] {dag.py:4138} INFO - Setting next_dagrun for dataset_produces_1 to 2024-08-21 00:00:00+00:00, run_after=2024-08-22 00:00:00+00:00
[2024-08-22T16:52:41.943+0500] {logging_mixin.py:190} INFO - [2024-08-22T16:52:41.943+0500] {dag.py:4138} INFO - Setting next_dagrun for dataset_produces_2 to None, run_after=None
[2024-08-22T16:52:41.997+0500] {processor.py:208} INFO - Processing /home/rayyan/redfin_venv/lib/python3.10/site-packages/airflow/example_dags/example_datasets.py took 0.288 seconds
[2024-08-22T16:53:44.290+0500] {processor.py:186} INFO - Started process (PID=5441) to work on /home/rayyan/redfin_venv/lib/python3.10/site-packages/airflow/example_dags/example_datasets.py
[2024-08-22T16:53:44.292+0500] {processor.py:914} INFO - Processing file /home/rayyan/redfin_venv/lib/python3.10/site-packages/airflow/example_dags/example_datasets.py for tasks to queue
[2024-08-22T16:53:44.295+0500] {logging_mixin.py:190} INFO - [2024-08-22T16:53:44.295+0500] {dagbag.py:587} INFO - Filling up the DagBag from /home/rayyan/redfin_venv/lib/python3.10/site-packages/airflow/example_dags/example_datasets.py
[2024-08-22T16:53:44.314+0500] {processor.py:925} INFO - DAG(s) 'consume_1_or_2_with_dataset_expressions', 'dataset_consumes_1', 'dataset_produces_1', 'consume_1_and_2_with_dataset_expressions', 'dataset_consumes_1_and_2', 'dataset_consumes_unknown_never_scheduled', 'dataset_produces_2', 'dataset_consumes_1_never_scheduled', 'consume_1_or_both_2_and_3_with_dataset_expressions', 'conditional_dataset_and_time_based_timetable' retrieved from /home/rayyan/redfin_venv/lib/python3.10/site-packages/airflow/example_dags/example_datasets.py
[2024-08-22T16:53:44.346+0500] {logging_mixin.py:190} INFO - [2024-08-22T16:53:44.346+0500] {dag.py:3211} INFO - Sync 10 DAGs
[2024-08-22T16:53:44.367+0500] {logging_mixin.py:190} INFO - [2024-08-22T16:53:44.367+0500] {dag.py:4138} INFO - Setting next_dagrun for conditional_dataset_and_time_based_timetable to 2024-08-21 01:00:00+00:00, run_after=2024-08-21 01:00:00+00:00
[2024-08-22T16:53:44.473+0500] {logging_mixin.py:190} INFO - [2024-08-22T16:53:44.473+0500] {dag.py:4138} INFO - Setting next_dagrun for consume_1_and_2_with_dataset_expressions to None, run_after=None
[2024-08-22T16:53:44.476+0500] {logging_mixin.py:190} INFO - [2024-08-22T16:53:44.475+0500] {dag.py:4138} INFO - Setting next_dagrun for consume_1_or_2_with_dataset_expressions to None, run_after=None
[2024-08-22T16:53:44.478+0500] {logging_mixin.py:190} INFO - [2024-08-22T16:53:44.477+0500] {dag.py:4138} INFO - Setting next_dagrun for consume_1_or_both_2_and_3_with_dataset_expressions to None, run_after=None
[2024-08-22T16:53:44.479+0500] {logging_mixin.py:190} INFO - [2024-08-22T16:53:44.479+0500] {dag.py:4138} INFO - Setting next_dagrun for dataset_consumes_1 to None, run_after=None
[2024-08-22T16:53:44.481+0500] {logging_mixin.py:190} INFO - [2024-08-22T16:53:44.481+0500] {dag.py:4138} INFO - Setting next_dagrun for dataset_consumes_1_and_2 to None, run_after=None
[2024-08-22T16:53:44.482+0500] {logging_mixin.py:190} INFO - [2024-08-22T16:53:44.482+0500] {dag.py:4138} INFO - Setting next_dagrun for dataset_consumes_1_never_scheduled to None, run_after=None
[2024-08-22T16:53:44.484+0500] {logging_mixin.py:190} INFO - [2024-08-22T16:53:44.484+0500] {dag.py:4138} INFO - Setting next_dagrun for dataset_consumes_unknown_never_scheduled to None, run_after=None
[2024-08-22T16:53:44.487+0500] {logging_mixin.py:190} INFO - [2024-08-22T16:53:44.487+0500] {dag.py:4138} INFO - Setting next_dagrun for dataset_produces_1 to 2024-08-21 00:00:00+00:00, run_after=2024-08-22 00:00:00+00:00
[2024-08-22T16:53:44.489+0500] {logging_mixin.py:190} INFO - [2024-08-22T16:53:44.489+0500] {dag.py:4138} INFO - Setting next_dagrun for dataset_produces_2 to None, run_after=None
[2024-08-22T16:53:44.540+0500] {processor.py:208} INFO - Processing /home/rayyan/redfin_venv/lib/python3.10/site-packages/airflow/example_dags/example_datasets.py took 0.261 seconds
[2024-08-22T16:54:45.584+0500] {processor.py:186} INFO - Started process (PID=5738) to work on /home/rayyan/redfin_venv/lib/python3.10/site-packages/airflow/example_dags/example_datasets.py
[2024-08-22T16:54:45.586+0500] {processor.py:914} INFO - Processing file /home/rayyan/redfin_venv/lib/python3.10/site-packages/airflow/example_dags/example_datasets.py for tasks to queue
[2024-08-22T16:54:45.588+0500] {logging_mixin.py:190} INFO - [2024-08-22T16:54:45.588+0500] {dagbag.py:587} INFO - Filling up the DagBag from /home/rayyan/redfin_venv/lib/python3.10/site-packages/airflow/example_dags/example_datasets.py
[2024-08-22T16:54:45.605+0500] {processor.py:925} INFO - DAG(s) 'conditional_dataset_and_time_based_timetable', 'consume_1_or_both_2_and_3_with_dataset_expressions', 'dataset_consumes_unknown_never_scheduled', 'consume_1_and_2_with_dataset_expressions', 'dataset_consumes_1_never_scheduled', 'dataset_produces_1', 'dataset_produces_2', 'dataset_consumes_1', 'dataset_consumes_1_and_2', 'consume_1_or_2_with_dataset_expressions' retrieved from /home/rayyan/redfin_venv/lib/python3.10/site-packages/airflow/example_dags/example_datasets.py
[2024-08-22T16:54:45.639+0500] {logging_mixin.py:190} INFO - [2024-08-22T16:54:45.638+0500] {dag.py:3211} INFO - Sync 10 DAGs
[2024-08-22T16:54:45.661+0500] {logging_mixin.py:190} INFO - [2024-08-22T16:54:45.660+0500] {dag.py:4138} INFO - Setting next_dagrun for conditional_dataset_and_time_based_timetable to 2024-08-21 01:00:00+00:00, run_after=2024-08-21 01:00:00+00:00
[2024-08-22T16:54:45.756+0500] {logging_mixin.py:190} INFO - [2024-08-22T16:54:45.756+0500] {dag.py:4138} INFO - Setting next_dagrun for consume_1_and_2_with_dataset_expressions to None, run_after=None
[2024-08-22T16:54:45.757+0500] {logging_mixin.py:190} INFO - [2024-08-22T16:54:45.757+0500] {dag.py:4138} INFO - Setting next_dagrun for consume_1_or_2_with_dataset_expressions to None, run_after=None
[2024-08-22T16:54:45.758+0500] {logging_mixin.py:190} INFO - [2024-08-22T16:54:45.758+0500] {dag.py:4138} INFO - Setting next_dagrun for consume_1_or_both_2_and_3_with_dataset_expressions to None, run_after=None
[2024-08-22T16:54:45.759+0500] {logging_mixin.py:190} INFO - [2024-08-22T16:54:45.759+0500] {dag.py:4138} INFO - Setting next_dagrun for dataset_consumes_1 to None, run_after=None
[2024-08-22T16:54:45.760+0500] {logging_mixin.py:190} INFO - [2024-08-22T16:54:45.760+0500] {dag.py:4138} INFO - Setting next_dagrun for dataset_consumes_1_and_2 to None, run_after=None
[2024-08-22T16:54:45.761+0500] {logging_mixin.py:190} INFO - [2024-08-22T16:54:45.761+0500] {dag.py:4138} INFO - Setting next_dagrun for dataset_consumes_1_never_scheduled to None, run_after=None
[2024-08-22T16:54:45.762+0500] {logging_mixin.py:190} INFO - [2024-08-22T16:54:45.762+0500] {dag.py:4138} INFO - Setting next_dagrun for dataset_consumes_unknown_never_scheduled to None, run_after=None
[2024-08-22T16:54:45.764+0500] {logging_mixin.py:190} INFO - [2024-08-22T16:54:45.764+0500] {dag.py:4138} INFO - Setting next_dagrun for dataset_produces_1 to 2024-08-21 00:00:00+00:00, run_after=2024-08-22 00:00:00+00:00
[2024-08-22T16:54:45.765+0500] {logging_mixin.py:190} INFO - [2024-08-22T16:54:45.765+0500] {dag.py:4138} INFO - Setting next_dagrun for dataset_produces_2 to None, run_after=None
[2024-08-22T16:54:45.794+0500] {processor.py:208} INFO - Processing /home/rayyan/redfin_venv/lib/python3.10/site-packages/airflow/example_dags/example_datasets.py took 0.218 seconds
[2024-08-22T16:55:48.587+0500] {processor.py:186} INFO - Started process (PID=6042) to work on /home/rayyan/redfin_venv/lib/python3.10/site-packages/airflow/example_dags/example_datasets.py
[2024-08-22T16:55:48.588+0500] {processor.py:914} INFO - Processing file /home/rayyan/redfin_venv/lib/python3.10/site-packages/airflow/example_dags/example_datasets.py for tasks to queue
[2024-08-22T16:55:48.590+0500] {logging_mixin.py:190} INFO - [2024-08-22T16:55:48.590+0500] {dagbag.py:587} INFO - Filling up the DagBag from /home/rayyan/redfin_venv/lib/python3.10/site-packages/airflow/example_dags/example_datasets.py
[2024-08-22T16:55:48.607+0500] {processor.py:925} INFO - DAG(s) 'dataset_consumes_1', 'dataset_produces_2', 'consume_1_or_2_with_dataset_expressions', 'conditional_dataset_and_time_based_timetable', 'consume_1_or_both_2_and_3_with_dataset_expressions', 'dataset_consumes_1_and_2', 'consume_1_and_2_with_dataset_expressions', 'dataset_consumes_unknown_never_scheduled', 'dataset_consumes_1_never_scheduled', 'dataset_produces_1' retrieved from /home/rayyan/redfin_venv/lib/python3.10/site-packages/airflow/example_dags/example_datasets.py
[2024-08-22T16:55:48.644+0500] {logging_mixin.py:190} INFO - [2024-08-22T16:55:48.644+0500] {dag.py:3211} INFO - Sync 10 DAGs
[2024-08-22T16:55:48.670+0500] {logging_mixin.py:190} INFO - [2024-08-22T16:55:48.670+0500] {dag.py:4138} INFO - Setting next_dagrun for conditional_dataset_and_time_based_timetable to 2024-08-21 01:00:00+00:00, run_after=2024-08-21 01:00:00+00:00
[2024-08-22T16:55:48.675+0500] {logging_mixin.py:190} INFO - [2024-08-22T16:55:48.675+0500] {dag.py:4138} INFO - Setting next_dagrun for consume_1_and_2_with_dataset_expressions to None, run_after=None
[2024-08-22T16:55:48.676+0500] {logging_mixin.py:190} INFO - [2024-08-22T16:55:48.676+0500] {dag.py:4138} INFO - Setting next_dagrun for consume_1_or_2_with_dataset_expressions to None, run_after=None
[2024-08-22T16:55:48.677+0500] {logging_mixin.py:190} INFO - [2024-08-22T16:55:48.677+0500] {dag.py:4138} INFO - Setting next_dagrun for consume_1_or_both_2_and_3_with_dataset_expressions to None, run_after=None
[2024-08-22T16:55:48.678+0500] {logging_mixin.py:190} INFO - [2024-08-22T16:55:48.678+0500] {dag.py:4138} INFO - Setting next_dagrun for dataset_consumes_1 to None, run_after=None
[2024-08-22T16:55:48.679+0500] {logging_mixin.py:190} INFO - [2024-08-22T16:55:48.679+0500] {dag.py:4138} INFO - Setting next_dagrun for dataset_consumes_1_and_2 to None, run_after=None
[2024-08-22T16:55:48.680+0500] {logging_mixin.py:190} INFO - [2024-08-22T16:55:48.680+0500] {dag.py:4138} INFO - Setting next_dagrun for dataset_consumes_1_never_scheduled to None, run_after=None
[2024-08-22T16:55:48.681+0500] {logging_mixin.py:190} INFO - [2024-08-22T16:55:48.681+0500] {dag.py:4138} INFO - Setting next_dagrun for dataset_consumes_unknown_never_scheduled to None, run_after=None
[2024-08-22T16:55:48.683+0500] {logging_mixin.py:190} INFO - [2024-08-22T16:55:48.683+0500] {dag.py:4138} INFO - Setting next_dagrun for dataset_produces_1 to 2024-08-21 00:00:00+00:00, run_after=2024-08-22 00:00:00+00:00
[2024-08-22T16:55:48.684+0500] {logging_mixin.py:190} INFO - [2024-08-22T16:55:48.684+0500] {dag.py:4138} INFO - Setting next_dagrun for dataset_produces_2 to None, run_after=None
[2024-08-22T16:55:48.864+0500] {processor.py:208} INFO - Processing /home/rayyan/redfin_venv/lib/python3.10/site-packages/airflow/example_dags/example_datasets.py took 0.283 seconds
[2024-08-22T16:56:54.850+0500] {processor.py:186} INFO - Started process (PID=6359) to work on /home/rayyan/redfin_venv/lib/python3.10/site-packages/airflow/example_dags/example_datasets.py
[2024-08-22T16:56:54.862+0500] {processor.py:914} INFO - Processing file /home/rayyan/redfin_venv/lib/python3.10/site-packages/airflow/example_dags/example_datasets.py for tasks to queue
[2024-08-22T16:56:54.866+0500] {logging_mixin.py:190} INFO - [2024-08-22T16:56:54.866+0500] {dagbag.py:587} INFO - Filling up the DagBag from /home/rayyan/redfin_venv/lib/python3.10/site-packages/airflow/example_dags/example_datasets.py
[2024-08-22T16:56:54.886+0500] {processor.py:925} INFO - DAG(s) 'dataset_consumes_1', 'dataset_produces_2', 'dataset_produces_1', 'consume_1_and_2_with_dataset_expressions', 'dataset_consumes_unknown_never_scheduled', 'conditional_dataset_and_time_based_timetable', 'dataset_consumes_1_never_scheduled', 'dataset_consumes_1_and_2', 'consume_1_or_both_2_and_3_with_dataset_expressions', 'consume_1_or_2_with_dataset_expressions' retrieved from /home/rayyan/redfin_venv/lib/python3.10/site-packages/airflow/example_dags/example_datasets.py
[2024-08-22T16:56:54.919+0500] {logging_mixin.py:190} INFO - [2024-08-22T16:56:54.919+0500] {dag.py:3211} INFO - Sync 10 DAGs
[2024-08-22T16:56:54.939+0500] {logging_mixin.py:190} INFO - [2024-08-22T16:56:54.939+0500] {dag.py:4138} INFO - Setting next_dagrun for conditional_dataset_and_time_based_timetable to 2024-08-21 01:00:00+00:00, run_after=2024-08-21 01:00:00+00:00
[2024-08-22T16:56:54.943+0500] {logging_mixin.py:190} INFO - [2024-08-22T16:56:54.943+0500] {dag.py:4138} INFO - Setting next_dagrun for consume_1_and_2_with_dataset_expressions to None, run_after=None
[2024-08-22T16:56:54.944+0500] {logging_mixin.py:190} INFO - [2024-08-22T16:56:54.943+0500] {dag.py:4138} INFO - Setting next_dagrun for consume_1_or_2_with_dataset_expressions to None, run_after=None
[2024-08-22T16:56:54.944+0500] {logging_mixin.py:190} INFO - [2024-08-22T16:56:54.944+0500] {dag.py:4138} INFO - Setting next_dagrun for consume_1_or_both_2_and_3_with_dataset_expressions to None, run_after=None
[2024-08-22T16:56:54.945+0500] {logging_mixin.py:190} INFO - [2024-08-22T16:56:54.945+0500] {dag.py:4138} INFO - Setting next_dagrun for dataset_consumes_1 to None, run_after=None
[2024-08-22T16:56:54.946+0500] {logging_mixin.py:190} INFO - [2024-08-22T16:56:54.946+0500] {dag.py:4138} INFO - Setting next_dagrun for dataset_consumes_1_and_2 to None, run_after=None
[2024-08-22T16:56:54.946+0500] {logging_mixin.py:190} INFO - [2024-08-22T16:56:54.946+0500] {dag.py:4138} INFO - Setting next_dagrun for dataset_consumes_1_never_scheduled to None, run_after=None
[2024-08-22T16:56:54.947+0500] {logging_mixin.py:190} INFO - [2024-08-22T16:56:54.947+0500] {dag.py:4138} INFO - Setting next_dagrun for dataset_consumes_unknown_never_scheduled to None, run_after=None
[2024-08-22T16:56:54.949+0500] {logging_mixin.py:190} INFO - [2024-08-22T16:56:54.949+0500] {dag.py:4138} INFO - Setting next_dagrun for dataset_produces_1 to 2024-08-21 00:00:00+00:00, run_after=2024-08-22 00:00:00+00:00
[2024-08-22T16:56:54.949+0500] {logging_mixin.py:190} INFO - [2024-08-22T16:56:54.949+0500] {dag.py:4138} INFO - Setting next_dagrun for dataset_produces_2 to None, run_after=None
[2024-08-22T16:56:55.092+0500] {processor.py:208} INFO - Processing /home/rayyan/redfin_venv/lib/python3.10/site-packages/airflow/example_dags/example_datasets.py took 0.255 seconds
[2024-08-22T16:57:58.577+0500] {processor.py:186} INFO - Started process (PID=6667) to work on /home/rayyan/redfin_venv/lib/python3.10/site-packages/airflow/example_dags/example_datasets.py
[2024-08-22T16:57:58.589+0500] {processor.py:914} INFO - Processing file /home/rayyan/redfin_venv/lib/python3.10/site-packages/airflow/example_dags/example_datasets.py for tasks to queue
[2024-08-22T16:57:58.593+0500] {logging_mixin.py:190} INFO - [2024-08-22T16:57:58.592+0500] {dagbag.py:587} INFO - Filling up the DagBag from /home/rayyan/redfin_venv/lib/python3.10/site-packages/airflow/example_dags/example_datasets.py
[2024-08-22T16:57:58.611+0500] {processor.py:925} INFO - DAG(s) 'dataset_consumes_1', 'dataset_produces_2', 'dataset_consumes_1_never_scheduled', 'consume_1_or_both_2_and_3_with_dataset_expressions', 'dataset_consumes_unknown_never_scheduled', 'dataset_produces_1', 'conditional_dataset_and_time_based_timetable', 'dataset_consumes_1_and_2', 'consume_1_and_2_with_dataset_expressions', 'consume_1_or_2_with_dataset_expressions' retrieved from /home/rayyan/redfin_venv/lib/python3.10/site-packages/airflow/example_dags/example_datasets.py
[2024-08-22T16:57:58.664+0500] {logging_mixin.py:190} INFO - [2024-08-22T16:57:58.664+0500] {dag.py:3211} INFO - Sync 10 DAGs
[2024-08-22T16:57:58.689+0500] {logging_mixin.py:190} INFO - [2024-08-22T16:57:58.689+0500] {dag.py:4138} INFO - Setting next_dagrun for conditional_dataset_and_time_based_timetable to 2024-08-21 01:00:00+00:00, run_after=2024-08-21 01:00:00+00:00
[2024-08-22T16:57:58.801+0500] {logging_mixin.py:190} INFO - [2024-08-22T16:57:58.801+0500] {dag.py:4138} INFO - Setting next_dagrun for consume_1_and_2_with_dataset_expressions to None, run_after=None
[2024-08-22T16:57:58.803+0500] {logging_mixin.py:190} INFO - [2024-08-22T16:57:58.803+0500] {dag.py:4138} INFO - Setting next_dagrun for consume_1_or_2_with_dataset_expressions to None, run_after=None
[2024-08-22T16:57:58.804+0500] {logging_mixin.py:190} INFO - [2024-08-22T16:57:58.804+0500] {dag.py:4138} INFO - Setting next_dagrun for consume_1_or_both_2_and_3_with_dataset_expressions to None, run_after=None
[2024-08-22T16:57:58.805+0500] {logging_mixin.py:190} INFO - [2024-08-22T16:57:58.805+0500] {dag.py:4138} INFO - Setting next_dagrun for dataset_consumes_1 to None, run_after=None
[2024-08-22T16:57:58.806+0500] {logging_mixin.py:190} INFO - [2024-08-22T16:57:58.806+0500] {dag.py:4138} INFO - Setting next_dagrun for dataset_consumes_1_and_2 to None, run_after=None
[2024-08-22T16:57:58.807+0500] {logging_mixin.py:190} INFO - [2024-08-22T16:57:58.807+0500] {dag.py:4138} INFO - Setting next_dagrun for dataset_consumes_1_never_scheduled to None, run_after=None
[2024-08-22T16:57:58.808+0500] {logging_mixin.py:190} INFO - [2024-08-22T16:57:58.808+0500] {dag.py:4138} INFO - Setting next_dagrun for dataset_consumes_unknown_never_scheduled to None, run_after=None
[2024-08-22T16:57:58.810+0500] {logging_mixin.py:190} INFO - [2024-08-22T16:57:58.810+0500] {dag.py:4138} INFO - Setting next_dagrun for dataset_produces_1 to 2024-08-21 00:00:00+00:00, run_after=2024-08-22 00:00:00+00:00
[2024-08-22T16:57:58.812+0500] {logging_mixin.py:190} INFO - [2024-08-22T16:57:58.811+0500] {dag.py:4138} INFO - Setting next_dagrun for dataset_produces_2 to None, run_after=None
[2024-08-22T16:57:58.861+0500] {processor.py:208} INFO - Processing /home/rayyan/redfin_venv/lib/python3.10/site-packages/airflow/example_dags/example_datasets.py took 0.291 seconds
[2024-08-22T16:59:08.296+0500] {processor.py:186} INFO - Started process (PID=7008) to work on /home/rayyan/redfin_venv/lib/python3.10/site-packages/airflow/example_dags/example_datasets.py
[2024-08-22T16:59:08.297+0500] {processor.py:914} INFO - Processing file /home/rayyan/redfin_venv/lib/python3.10/site-packages/airflow/example_dags/example_datasets.py for tasks to queue
[2024-08-22T16:59:08.300+0500] {logging_mixin.py:190} INFO - [2024-08-22T16:59:08.299+0500] {dagbag.py:587} INFO - Filling up the DagBag from /home/rayyan/redfin_venv/lib/python3.10/site-packages/airflow/example_dags/example_datasets.py
[2024-08-22T16:59:08.316+0500] {processor.py:925} INFO - DAG(s) 'dataset_consumes_1_never_scheduled', 'dataset_consumes_1', 'consume_1_or_2_with_dataset_expressions', 'dataset_consumes_unknown_never_scheduled', 'consume_1_and_2_with_dataset_expressions', 'dataset_produces_1', 'dataset_produces_2', 'conditional_dataset_and_time_based_timetable', 'consume_1_or_both_2_and_3_with_dataset_expressions', 'dataset_consumes_1_and_2' retrieved from /home/rayyan/redfin_venv/lib/python3.10/site-packages/airflow/example_dags/example_datasets.py
[2024-08-22T16:59:08.357+0500] {logging_mixin.py:190} INFO - [2024-08-22T16:59:08.357+0500] {dag.py:3211} INFO - Sync 10 DAGs
[2024-08-22T16:59:08.487+0500] {logging_mixin.py:190} INFO - [2024-08-22T16:59:08.487+0500] {dag.py:4138} INFO - Setting next_dagrun for conditional_dataset_and_time_based_timetable to 2024-08-21 01:00:00+00:00, run_after=2024-08-21 01:00:00+00:00
[2024-08-22T16:59:08.491+0500] {logging_mixin.py:190} INFO - [2024-08-22T16:59:08.490+0500] {dag.py:4138} INFO - Setting next_dagrun for consume_1_and_2_with_dataset_expressions to None, run_after=None
[2024-08-22T16:59:08.492+0500] {logging_mixin.py:190} INFO - [2024-08-22T16:59:08.492+0500] {dag.py:4138} INFO - Setting next_dagrun for consume_1_or_2_with_dataset_expressions to None, run_after=None
[2024-08-22T16:59:08.493+0500] {logging_mixin.py:190} INFO - [2024-08-22T16:59:08.492+0500] {dag.py:4138} INFO - Setting next_dagrun for consume_1_or_both_2_and_3_with_dataset_expressions to None, run_after=None
[2024-08-22T16:59:08.493+0500] {logging_mixin.py:190} INFO - [2024-08-22T16:59:08.493+0500] {dag.py:4138} INFO - Setting next_dagrun for dataset_consumes_1 to None, run_after=None
[2024-08-22T16:59:08.494+0500] {logging_mixin.py:190} INFO - [2024-08-22T16:59:08.494+0500] {dag.py:4138} INFO - Setting next_dagrun for dataset_consumes_1_and_2 to None, run_after=None
[2024-08-22T16:59:08.495+0500] {logging_mixin.py:190} INFO - [2024-08-22T16:59:08.495+0500] {dag.py:4138} INFO - Setting next_dagrun for dataset_consumes_1_never_scheduled to None, run_after=None
[2024-08-22T16:59:08.496+0500] {logging_mixin.py:190} INFO - [2024-08-22T16:59:08.496+0500] {dag.py:4138} INFO - Setting next_dagrun for dataset_consumes_unknown_never_scheduled to None, run_after=None
[2024-08-22T16:59:08.499+0500] {logging_mixin.py:190} INFO - [2024-08-22T16:59:08.499+0500] {dag.py:4138} INFO - Setting next_dagrun for dataset_produces_1 to 2024-08-21 00:00:00+00:00, run_after=2024-08-22 00:00:00+00:00
[2024-08-22T16:59:08.500+0500] {logging_mixin.py:190} INFO - [2024-08-22T16:59:08.500+0500] {dag.py:4138} INFO - Setting next_dagrun for dataset_produces_2 to None, run_after=None
[2024-08-22T16:59:08.545+0500] {processor.py:208} INFO - Processing /home/rayyan/redfin_venv/lib/python3.10/site-packages/airflow/example_dags/example_datasets.py took 0.256 seconds
[2024-08-22T17:00:06.583+0500] {processor.py:186} INFO - Started process (PID=8049) to work on /home/rayyan/redfin_venv/lib/python3.10/site-packages/airflow/example_dags/example_datasets.py
[2024-08-22T17:00:06.585+0500] {processor.py:914} INFO - Processing file /home/rayyan/redfin_venv/lib/python3.10/site-packages/airflow/example_dags/example_datasets.py for tasks to queue
[2024-08-22T17:00:06.588+0500] {logging_mixin.py:190} INFO - [2024-08-22T17:00:06.587+0500] {dagbag.py:587} INFO - Filling up the DagBag from /home/rayyan/redfin_venv/lib/python3.10/site-packages/airflow/example_dags/example_datasets.py
[2024-08-22T17:00:06.608+0500] {processor.py:925} INFO - DAG(s) 'consume_1_or_both_2_and_3_with_dataset_expressions', 'dataset_consumes_unknown_never_scheduled', 'dataset_consumes_1', 'dataset_produces_2', 'consume_1_or_2_with_dataset_expressions', 'dataset_consumes_1_never_scheduled', 'conditional_dataset_and_time_based_timetable', 'dataset_produces_1', 'consume_1_and_2_with_dataset_expressions', 'dataset_consumes_1_and_2' retrieved from /home/rayyan/redfin_venv/lib/python3.10/site-packages/airflow/example_dags/example_datasets.py
[2024-08-22T17:00:06.664+0500] {logging_mixin.py:190} INFO - [2024-08-22T17:00:06.664+0500] {dag.py:3211} INFO - Sync 10 DAGs
[2024-08-22T17:00:06.697+0500] {logging_mixin.py:190} INFO - [2024-08-22T17:00:06.697+0500] {dag.py:4138} INFO - Setting next_dagrun for conditional_dataset_and_time_based_timetable to 2024-08-21 01:00:00+00:00, run_after=2024-08-21 01:00:00+00:00
[2024-08-22T17:00:06.701+0500] {logging_mixin.py:190} INFO - [2024-08-22T17:00:06.701+0500] {dag.py:4138} INFO - Setting next_dagrun for consume_1_and_2_with_dataset_expressions to None, run_after=None
[2024-08-22T17:00:06.702+0500] {logging_mixin.py:190} INFO - [2024-08-22T17:00:06.702+0500] {dag.py:4138} INFO - Setting next_dagrun for consume_1_or_2_with_dataset_expressions to None, run_after=None
[2024-08-22T17:00:06.703+0500] {logging_mixin.py:190} INFO - [2024-08-22T17:00:06.703+0500] {dag.py:4138} INFO - Setting next_dagrun for consume_1_or_both_2_and_3_with_dataset_expressions to None, run_after=None
[2024-08-22T17:00:06.706+0500] {logging_mixin.py:190} INFO - [2024-08-22T17:00:06.705+0500] {dag.py:4138} INFO - Setting next_dagrun for dataset_consumes_1 to None, run_after=None
[2024-08-22T17:00:06.710+0500] {logging_mixin.py:190} INFO - [2024-08-22T17:00:06.710+0500] {dag.py:4138} INFO - Setting next_dagrun for dataset_consumes_1_and_2 to None, run_after=None
[2024-08-22T17:00:06.712+0500] {logging_mixin.py:190} INFO - [2024-08-22T17:00:06.711+0500] {dag.py:4138} INFO - Setting next_dagrun for dataset_consumes_1_never_scheduled to None, run_after=None
[2024-08-22T17:00:06.713+0500] {logging_mixin.py:190} INFO - [2024-08-22T17:00:06.713+0500] {dag.py:4138} INFO - Setting next_dagrun for dataset_consumes_unknown_never_scheduled to None, run_after=None
[2024-08-22T17:00:06.717+0500] {logging_mixin.py:190} INFO - [2024-08-22T17:00:06.717+0500] {dag.py:4138} INFO - Setting next_dagrun for dataset_produces_1 to 2024-08-21 00:00:00+00:00, run_after=2024-08-22 00:00:00+00:00
[2024-08-22T17:00:06.719+0500] {logging_mixin.py:190} INFO - [2024-08-22T17:00:06.719+0500] {dag.py:4138} INFO - Setting next_dagrun for dataset_produces_2 to None, run_after=None
[2024-08-22T17:00:06.764+0500] {processor.py:208} INFO - Processing /home/rayyan/redfin_venv/lib/python3.10/site-packages/airflow/example_dags/example_datasets.py took 0.191 seconds
[2024-08-22T17:01:13.433+0500] {processor.py:186} INFO - Started process (PID=10483) to work on /home/rayyan/redfin_venv/lib/python3.10/site-packages/airflow/example_dags/example_datasets.py
[2024-08-22T17:01:13.435+0500] {processor.py:914} INFO - Processing file /home/rayyan/redfin_venv/lib/python3.10/site-packages/airflow/example_dags/example_datasets.py for tasks to queue
[2024-08-22T17:01:13.440+0500] {logging_mixin.py:190} INFO - [2024-08-22T17:01:13.439+0500] {dagbag.py:587} INFO - Filling up the DagBag from /home/rayyan/redfin_venv/lib/python3.10/site-packages/airflow/example_dags/example_datasets.py
[2024-08-22T17:01:13.471+0500] {processor.py:925} INFO - DAG(s) 'consume_1_or_2_with_dataset_expressions', 'conditional_dataset_and_time_based_timetable', 'dataset_produces_1', 'dataset_consumes_1_never_scheduled', 'consume_1_and_2_with_dataset_expressions', 'dataset_consumes_1_and_2', 'consume_1_or_both_2_and_3_with_dataset_expressions', 'dataset_produces_2', 'dataset_consumes_1', 'dataset_consumes_unknown_never_scheduled' retrieved from /home/rayyan/redfin_venv/lib/python3.10/site-packages/airflow/example_dags/example_datasets.py
[2024-08-22T17:01:13.550+0500] {logging_mixin.py:190} INFO - [2024-08-22T17:01:13.549+0500] {dag.py:3211} INFO - Sync 10 DAGs
[2024-08-22T17:01:13.610+0500] {logging_mixin.py:190} INFO - [2024-08-22T17:01:13.609+0500] {dag.py:4138} INFO - Setting next_dagrun for conditional_dataset_and_time_based_timetable to 2024-08-21 01:00:00+00:00, run_after=2024-08-21 01:00:00+00:00
[2024-08-22T17:01:13.616+0500] {logging_mixin.py:190} INFO - [2024-08-22T17:01:13.616+0500] {dag.py:4138} INFO - Setting next_dagrun for consume_1_and_2_with_dataset_expressions to None, run_after=None
[2024-08-22T17:01:13.617+0500] {logging_mixin.py:190} INFO - [2024-08-22T17:01:13.617+0500] {dag.py:4138} INFO - Setting next_dagrun for consume_1_or_2_with_dataset_expressions to None, run_after=None
[2024-08-22T17:01:13.618+0500] {logging_mixin.py:190} INFO - [2024-08-22T17:01:13.618+0500] {dag.py:4138} INFO - Setting next_dagrun for consume_1_or_both_2_and_3_with_dataset_expressions to None, run_after=None
[2024-08-22T17:01:13.619+0500] {logging_mixin.py:190} INFO - [2024-08-22T17:01:13.619+0500] {dag.py:4138} INFO - Setting next_dagrun for dataset_consumes_1 to None, run_after=None
[2024-08-22T17:01:13.621+0500] {logging_mixin.py:190} INFO - [2024-08-22T17:01:13.620+0500] {dag.py:4138} INFO - Setting next_dagrun for dataset_consumes_1_and_2 to None, run_after=None
[2024-08-22T17:01:13.622+0500] {logging_mixin.py:190} INFO - [2024-08-22T17:01:13.622+0500] {dag.py:4138} INFO - Setting next_dagrun for dataset_consumes_1_never_scheduled to None, run_after=None
[2024-08-22T17:01:13.623+0500] {logging_mixin.py:190} INFO - [2024-08-22T17:01:13.623+0500] {dag.py:4138} INFO - Setting next_dagrun for dataset_consumes_unknown_never_scheduled to None, run_after=None
[2024-08-22T17:01:13.630+0500] {logging_mixin.py:190} INFO - [2024-08-22T17:01:13.629+0500] {dag.py:4138} INFO - Setting next_dagrun for dataset_produces_1 to 2024-08-21 00:00:00+00:00, run_after=2024-08-22 00:00:00+00:00
[2024-08-22T17:01:13.633+0500] {logging_mixin.py:190} INFO - [2024-08-22T17:01:13.632+0500] {dag.py:4138} INFO - Setting next_dagrun for dataset_produces_2 to None, run_after=None
[2024-08-22T17:01:13.682+0500] {processor.py:208} INFO - Processing /home/rayyan/redfin_venv/lib/python3.10/site-packages/airflow/example_dags/example_datasets.py took 0.260 seconds
[2024-08-22T17:02:24.428+0500] {processor.py:186} INFO - Started process (PID=12778) to work on /home/rayyan/redfin_venv/lib/python3.10/site-packages/airflow/example_dags/example_datasets.py
[2024-08-22T17:02:24.440+0500] {processor.py:914} INFO - Processing file /home/rayyan/redfin_venv/lib/python3.10/site-packages/airflow/example_dags/example_datasets.py for tasks to queue
[2024-08-22T17:02:24.443+0500] {logging_mixin.py:190} INFO - [2024-08-22T17:02:24.442+0500] {dagbag.py:587} INFO - Filling up the DagBag from /home/rayyan/redfin_venv/lib/python3.10/site-packages/airflow/example_dags/example_datasets.py
[2024-08-22T17:02:24.466+0500] {processor.py:925} INFO - DAG(s) 'dataset_consumes_1_never_scheduled', 'dataset_consumes_1', 'conditional_dataset_and_time_based_timetable', 'dataset_consumes_1_and_2', 'dataset_consumes_unknown_never_scheduled', 'consume_1_or_both_2_and_3_with_dataset_expressions', 'dataset_produces_1', 'consume_1_and_2_with_dataset_expressions', 'dataset_produces_2', 'consume_1_or_2_with_dataset_expressions' retrieved from /home/rayyan/redfin_venv/lib/python3.10/site-packages/airflow/example_dags/example_datasets.py
[2024-08-22T17:02:24.513+0500] {logging_mixin.py:190} INFO - [2024-08-22T17:02:24.513+0500] {dag.py:3211} INFO - Sync 10 DAGs
[2024-08-22T17:02:24.547+0500] {logging_mixin.py:190} INFO - [2024-08-22T17:02:24.547+0500] {dag.py:4138} INFO - Setting next_dagrun for conditional_dataset_and_time_based_timetable to 2024-08-21 01:00:00+00:00, run_after=2024-08-21 01:00:00+00:00
[2024-08-22T17:02:24.551+0500] {logging_mixin.py:190} INFO - [2024-08-22T17:02:24.551+0500] {dag.py:4138} INFO - Setting next_dagrun for consume_1_and_2_with_dataset_expressions to None, run_after=None
[2024-08-22T17:02:24.552+0500] {logging_mixin.py:190} INFO - [2024-08-22T17:02:24.552+0500] {dag.py:4138} INFO - Setting next_dagrun for consume_1_or_2_with_dataset_expressions to None, run_after=None
[2024-08-22T17:02:24.555+0500] {logging_mixin.py:190} INFO - [2024-08-22T17:02:24.555+0500] {dag.py:4138} INFO - Setting next_dagrun for consume_1_or_both_2_and_3_with_dataset_expressions to None, run_after=None
[2024-08-22T17:02:24.558+0500] {logging_mixin.py:190} INFO - [2024-08-22T17:02:24.558+0500] {dag.py:4138} INFO - Setting next_dagrun for dataset_consumes_1 to None, run_after=None
[2024-08-22T17:02:24.560+0500] {logging_mixin.py:190} INFO - [2024-08-22T17:02:24.560+0500] {dag.py:4138} INFO - Setting next_dagrun for dataset_consumes_1_and_2 to None, run_after=None
[2024-08-22T17:02:24.562+0500] {logging_mixin.py:190} INFO - [2024-08-22T17:02:24.561+0500] {dag.py:4138} INFO - Setting next_dagrun for dataset_consumes_1_never_scheduled to None, run_after=None
[2024-08-22T17:02:24.563+0500] {logging_mixin.py:190} INFO - [2024-08-22T17:02:24.563+0500] {dag.py:4138} INFO - Setting next_dagrun for dataset_consumes_unknown_never_scheduled to None, run_after=None
[2024-08-22T17:02:24.565+0500] {logging_mixin.py:190} INFO - [2024-08-22T17:02:24.565+0500] {dag.py:4138} INFO - Setting next_dagrun for dataset_produces_1 to 2024-08-21 00:00:00+00:00, run_after=2024-08-22 00:00:00+00:00
[2024-08-22T17:02:24.566+0500] {logging_mixin.py:190} INFO - [2024-08-22T17:02:24.566+0500] {dag.py:4138} INFO - Setting next_dagrun for dataset_produces_2 to None, run_after=None
[2024-08-22T17:02:24.610+0500] {processor.py:208} INFO - Processing /home/rayyan/redfin_venv/lib/python3.10/site-packages/airflow/example_dags/example_datasets.py took 0.191 seconds
[2024-08-22T17:03:25.643+0500] {processor.py:186} INFO - Started process (PID=13076) to work on /home/rayyan/redfin_venv/lib/python3.10/site-packages/airflow/example_dags/example_datasets.py
[2024-08-22T17:03:25.655+0500] {processor.py:914} INFO - Processing file /home/rayyan/redfin_venv/lib/python3.10/site-packages/airflow/example_dags/example_datasets.py for tasks to queue
[2024-08-22T17:03:25.659+0500] {logging_mixin.py:190} INFO - [2024-08-22T17:03:25.658+0500] {dagbag.py:587} INFO - Filling up the DagBag from /home/rayyan/redfin_venv/lib/python3.10/site-packages/airflow/example_dags/example_datasets.py
[2024-08-22T17:03:25.680+0500] {processor.py:925} INFO - DAG(s) 'conditional_dataset_and_time_based_timetable', 'consume_1_and_2_with_dataset_expressions', 'dataset_consumes_1_and_2', 'dataset_consumes_1', 'dataset_consumes_1_never_scheduled', 'dataset_produces_2', 'consume_1_or_both_2_and_3_with_dataset_expressions', 'dataset_consumes_unknown_never_scheduled', 'consume_1_or_2_with_dataset_expressions', 'dataset_produces_1' retrieved from /home/rayyan/redfin_venv/lib/python3.10/site-packages/airflow/example_dags/example_datasets.py
[2024-08-22T17:03:25.760+0500] {logging_mixin.py:190} INFO - [2024-08-22T17:03:25.760+0500] {dag.py:3211} INFO - Sync 10 DAGs
[2024-08-22T17:03:25.808+0500] {logging_mixin.py:190} INFO - [2024-08-22T17:03:25.808+0500] {dag.py:4138} INFO - Setting next_dagrun for conditional_dataset_and_time_based_timetable to 2024-08-21 01:00:00+00:00, run_after=2024-08-21 01:00:00+00:00
[2024-08-22T17:03:25.814+0500] {logging_mixin.py:190} INFO - [2024-08-22T17:03:25.814+0500] {dag.py:4138} INFO - Setting next_dagrun for consume_1_and_2_with_dataset_expressions to None, run_after=None
[2024-08-22T17:03:25.816+0500] {logging_mixin.py:190} INFO - [2024-08-22T17:03:25.816+0500] {dag.py:4138} INFO - Setting next_dagrun for consume_1_or_2_with_dataset_expressions to None, run_after=None
[2024-08-22T17:03:25.818+0500] {logging_mixin.py:190} INFO - [2024-08-22T17:03:25.818+0500] {dag.py:4138} INFO - Setting next_dagrun for consume_1_or_both_2_and_3_with_dataset_expressions to None, run_after=None
[2024-08-22T17:03:25.821+0500] {logging_mixin.py:190} INFO - [2024-08-22T17:03:25.820+0500] {dag.py:4138} INFO - Setting next_dagrun for dataset_consumes_1 to None, run_after=None
[2024-08-22T17:03:25.824+0500] {logging_mixin.py:190} INFO - [2024-08-22T17:03:25.823+0500] {dag.py:4138} INFO - Setting next_dagrun for dataset_consumes_1_and_2 to None, run_after=None
[2024-08-22T17:03:25.826+0500] {logging_mixin.py:190} INFO - [2024-08-22T17:03:25.826+0500] {dag.py:4138} INFO - Setting next_dagrun for dataset_consumes_1_never_scheduled to None, run_after=None
[2024-08-22T17:03:25.828+0500] {logging_mixin.py:190} INFO - [2024-08-22T17:03:25.828+0500] {dag.py:4138} INFO - Setting next_dagrun for dataset_consumes_unknown_never_scheduled to None, run_after=None
[2024-08-22T17:03:25.833+0500] {logging_mixin.py:190} INFO - [2024-08-22T17:03:25.833+0500] {dag.py:4138} INFO - Setting next_dagrun for dataset_produces_1 to 2024-08-21 00:00:00+00:00, run_after=2024-08-22 00:00:00+00:00
[2024-08-22T17:03:25.835+0500] {logging_mixin.py:190} INFO - [2024-08-22T17:03:25.835+0500] {dag.py:4138} INFO - Setting next_dagrun for dataset_produces_2 to None, run_after=None
[2024-08-22T17:03:25.897+0500] {processor.py:208} INFO - Processing /home/rayyan/redfin_venv/lib/python3.10/site-packages/airflow/example_dags/example_datasets.py took 0.266 seconds
[2024-08-22T17:04:24.815+0500] {processor.py:186} INFO - Started process (PID=13361) to work on /home/rayyan/redfin_venv/lib/python3.10/site-packages/airflow/example_dags/example_datasets.py
[2024-08-22T17:04:24.828+0500] {processor.py:914} INFO - Processing file /home/rayyan/redfin_venv/lib/python3.10/site-packages/airflow/example_dags/example_datasets.py for tasks to queue
[2024-08-22T17:04:24.832+0500] {logging_mixin.py:190} INFO - [2024-08-22T17:04:24.832+0500] {dagbag.py:587} INFO - Filling up the DagBag from /home/rayyan/redfin_venv/lib/python3.10/site-packages/airflow/example_dags/example_datasets.py
[2024-08-22T17:04:24.853+0500] {processor.py:925} INFO - DAG(s) 'consume_1_or_2_with_dataset_expressions', 'dataset_consumes_1', 'dataset_produces_1', 'dataset_consumes_unknown_never_scheduled', 'dataset_consumes_1_and_2', 'dataset_produces_2', 'consume_1_and_2_with_dataset_expressions', 'consume_1_or_both_2_and_3_with_dataset_expressions', 'conditional_dataset_and_time_based_timetable', 'dataset_consumes_1_never_scheduled' retrieved from /home/rayyan/redfin_venv/lib/python3.10/site-packages/airflow/example_dags/example_datasets.py
[2024-08-22T17:04:24.895+0500] {logging_mixin.py:190} INFO - [2024-08-22T17:04:24.895+0500] {dag.py:3211} INFO - Sync 10 DAGs
[2024-08-22T17:04:24.922+0500] {logging_mixin.py:190} INFO - [2024-08-22T17:04:24.922+0500] {dag.py:4138} INFO - Setting next_dagrun for conditional_dataset_and_time_based_timetable to 2024-08-21 01:00:00+00:00, run_after=2024-08-21 01:00:00+00:00
[2024-08-22T17:04:24.925+0500] {logging_mixin.py:190} INFO - [2024-08-22T17:04:24.925+0500] {dag.py:4138} INFO - Setting next_dagrun for consume_1_and_2_with_dataset_expressions to None, run_after=None
[2024-08-22T17:04:24.926+0500] {logging_mixin.py:190} INFO - [2024-08-22T17:04:24.926+0500] {dag.py:4138} INFO - Setting next_dagrun for consume_1_or_2_with_dataset_expressions to None, run_after=None
[2024-08-22T17:04:24.927+0500] {logging_mixin.py:190} INFO - [2024-08-22T17:04:24.927+0500] {dag.py:4138} INFO - Setting next_dagrun for consume_1_or_both_2_and_3_with_dataset_expressions to None, run_after=None
[2024-08-22T17:04:24.927+0500] {logging_mixin.py:190} INFO - [2024-08-22T17:04:24.927+0500] {dag.py:4138} INFO - Setting next_dagrun for dataset_consumes_1 to None, run_after=None
[2024-08-22T17:04:24.928+0500] {logging_mixin.py:190} INFO - [2024-08-22T17:04:24.928+0500] {dag.py:4138} INFO - Setting next_dagrun for dataset_consumes_1_and_2 to None, run_after=None
[2024-08-22T17:04:24.929+0500] {logging_mixin.py:190} INFO - [2024-08-22T17:04:24.929+0500] {dag.py:4138} INFO - Setting next_dagrun for dataset_consumes_1_never_scheduled to None, run_after=None
[2024-08-22T17:04:24.930+0500] {logging_mixin.py:190} INFO - [2024-08-22T17:04:24.930+0500] {dag.py:4138} INFO - Setting next_dagrun for dataset_consumes_unknown_never_scheduled to None, run_after=None
[2024-08-22T17:04:24.931+0500] {logging_mixin.py:190} INFO - [2024-08-22T17:04:24.931+0500] {dag.py:4138} INFO - Setting next_dagrun for dataset_produces_1 to 2024-08-21 00:00:00+00:00, run_after=2024-08-22 00:00:00+00:00
[2024-08-22T17:04:24.932+0500] {logging_mixin.py:190} INFO - [2024-08-22T17:04:24.932+0500] {dag.py:4138} INFO - Setting next_dagrun for dataset_produces_2 to None, run_after=None
[2024-08-22T17:04:24.964+0500] {processor.py:208} INFO - Processing /home/rayyan/redfin_venv/lib/python3.10/site-packages/airflow/example_dags/example_datasets.py took 0.164 seconds
[2024-08-22T17:05:19.993+0500] {processor.py:186} INFO - Started process (PID=13631) to work on /home/rayyan/redfin_venv/lib/python3.10/site-packages/airflow/example_dags/example_datasets.py
[2024-08-22T17:05:19.996+0500] {processor.py:914} INFO - Processing file /home/rayyan/redfin_venv/lib/python3.10/site-packages/airflow/example_dags/example_datasets.py for tasks to queue
[2024-08-22T17:05:20.000+0500] {logging_mixin.py:190} INFO - [2024-08-22T17:05:19.999+0500] {dagbag.py:587} INFO - Filling up the DagBag from /home/rayyan/redfin_venv/lib/python3.10/site-packages/airflow/example_dags/example_datasets.py
[2024-08-22T17:05:20.019+0500] {processor.py:925} INFO - DAG(s) 'dataset_consumes_1_and_2', 'consume_1_or_2_with_dataset_expressions', 'conditional_dataset_and_time_based_timetable', 'dataset_consumes_unknown_never_scheduled', 'dataset_produces_2', 'consume_1_and_2_with_dataset_expressions', 'dataset_consumes_1_never_scheduled', 'dataset_consumes_1', 'consume_1_or_both_2_and_3_with_dataset_expressions', 'dataset_produces_1' retrieved from /home/rayyan/redfin_venv/lib/python3.10/site-packages/airflow/example_dags/example_datasets.py
[2024-08-22T17:05:20.056+0500] {logging_mixin.py:190} INFO - [2024-08-22T17:05:20.055+0500] {dag.py:3211} INFO - Sync 10 DAGs
[2024-08-22T17:05:20.080+0500] {logging_mixin.py:190} INFO - [2024-08-22T17:05:20.080+0500] {dag.py:4138} INFO - Setting next_dagrun for conditional_dataset_and_time_based_timetable to 2024-08-21 01:00:00+00:00, run_after=2024-08-21 01:00:00+00:00
[2024-08-22T17:05:20.083+0500] {logging_mixin.py:190} INFO - [2024-08-22T17:05:20.083+0500] {dag.py:4138} INFO - Setting next_dagrun for consume_1_and_2_with_dataset_expressions to None, run_after=None
[2024-08-22T17:05:20.084+0500] {logging_mixin.py:190} INFO - [2024-08-22T17:05:20.084+0500] {dag.py:4138} INFO - Setting next_dagrun for consume_1_or_2_with_dataset_expressions to None, run_after=None
[2024-08-22T17:05:20.085+0500] {logging_mixin.py:190} INFO - [2024-08-22T17:05:20.085+0500] {dag.py:4138} INFO - Setting next_dagrun for consume_1_or_both_2_and_3_with_dataset_expressions to None, run_after=None
[2024-08-22T17:05:20.085+0500] {logging_mixin.py:190} INFO - [2024-08-22T17:05:20.085+0500] {dag.py:4138} INFO - Setting next_dagrun for dataset_consumes_1 to None, run_after=None
[2024-08-22T17:05:20.086+0500] {logging_mixin.py:190} INFO - [2024-08-22T17:05:20.086+0500] {dag.py:4138} INFO - Setting next_dagrun for dataset_consumes_1_and_2 to None, run_after=None
[2024-08-22T17:05:20.087+0500] {logging_mixin.py:190} INFO - [2024-08-22T17:05:20.087+0500] {dag.py:4138} INFO - Setting next_dagrun for dataset_consumes_1_never_scheduled to None, run_after=None
[2024-08-22T17:05:20.087+0500] {logging_mixin.py:190} INFO - [2024-08-22T17:05:20.087+0500] {dag.py:4138} INFO - Setting next_dagrun for dataset_consumes_unknown_never_scheduled to None, run_after=None
[2024-08-22T17:05:20.090+0500] {logging_mixin.py:190} INFO - [2024-08-22T17:05:20.089+0500] {dag.py:4138} INFO - Setting next_dagrun for dataset_produces_1 to 2024-08-21 00:00:00+00:00, run_after=2024-08-22 00:00:00+00:00
[2024-08-22T17:05:20.091+0500] {logging_mixin.py:190} INFO - [2024-08-22T17:05:20.090+0500] {dag.py:4138} INFO - Setting next_dagrun for dataset_produces_2 to None, run_after=None
[2024-08-22T17:05:20.119+0500] {processor.py:208} INFO - Processing /home/rayyan/redfin_venv/lib/python3.10/site-packages/airflow/example_dags/example_datasets.py took 0.137 seconds
[2024-08-22T17:06:15.554+0500] {processor.py:186} INFO - Started process (PID=13900) to work on /home/rayyan/redfin_venv/lib/python3.10/site-packages/airflow/example_dags/example_datasets.py
[2024-08-22T17:06:15.566+0500] {processor.py:914} INFO - Processing file /home/rayyan/redfin_venv/lib/python3.10/site-packages/airflow/example_dags/example_datasets.py for tasks to queue
[2024-08-22T17:06:15.569+0500] {logging_mixin.py:190} INFO - [2024-08-22T17:06:15.569+0500] {dagbag.py:587} INFO - Filling up the DagBag from /home/rayyan/redfin_venv/lib/python3.10/site-packages/airflow/example_dags/example_datasets.py
[2024-08-22T17:06:15.586+0500] {processor.py:925} INFO - DAG(s) 'dataset_consumes_1_and_2', 'dataset_consumes_1', 'consume_1_and_2_with_dataset_expressions', 'dataset_produces_1', 'dataset_consumes_1_never_scheduled', 'dataset_consumes_unknown_never_scheduled', 'consume_1_or_both_2_and_3_with_dataset_expressions', 'consume_1_or_2_with_dataset_expressions', 'conditional_dataset_and_time_based_timetable', 'dataset_produces_2' retrieved from /home/rayyan/redfin_venv/lib/python3.10/site-packages/airflow/example_dags/example_datasets.py
[2024-08-22T17:06:15.629+0500] {logging_mixin.py:190} INFO - [2024-08-22T17:06:15.629+0500] {dag.py:3211} INFO - Sync 10 DAGs
[2024-08-22T17:06:15.652+0500] {logging_mixin.py:190} INFO - [2024-08-22T17:06:15.652+0500] {dag.py:4138} INFO - Setting next_dagrun for conditional_dataset_and_time_based_timetable to 2024-08-21 01:00:00+00:00, run_after=2024-08-21 01:00:00+00:00
[2024-08-22T17:06:15.655+0500] {logging_mixin.py:190} INFO - [2024-08-22T17:06:15.655+0500] {dag.py:4138} INFO - Setting next_dagrun for consume_1_and_2_with_dataset_expressions to None, run_after=None
[2024-08-22T17:06:15.656+0500] {logging_mixin.py:190} INFO - [2024-08-22T17:06:15.656+0500] {dag.py:4138} INFO - Setting next_dagrun for consume_1_or_2_with_dataset_expressions to None, run_after=None
[2024-08-22T17:06:15.656+0500] {logging_mixin.py:190} INFO - [2024-08-22T17:06:15.656+0500] {dag.py:4138} INFO - Setting next_dagrun for consume_1_or_both_2_and_3_with_dataset_expressions to None, run_after=None
[2024-08-22T17:06:15.657+0500] {logging_mixin.py:190} INFO - [2024-08-22T17:06:15.657+0500] {dag.py:4138} INFO - Setting next_dagrun for dataset_consumes_1 to None, run_after=None
[2024-08-22T17:06:15.658+0500] {logging_mixin.py:190} INFO - [2024-08-22T17:06:15.658+0500] {dag.py:4138} INFO - Setting next_dagrun for dataset_consumes_1_and_2 to None, run_after=None
[2024-08-22T17:06:15.659+0500] {logging_mixin.py:190} INFO - [2024-08-22T17:06:15.659+0500] {dag.py:4138} INFO - Setting next_dagrun for dataset_consumes_1_never_scheduled to None, run_after=None
[2024-08-22T17:06:15.659+0500] {logging_mixin.py:190} INFO - [2024-08-22T17:06:15.659+0500] {dag.py:4138} INFO - Setting next_dagrun for dataset_consumes_unknown_never_scheduled to None, run_after=None
[2024-08-22T17:06:15.661+0500] {logging_mixin.py:190} INFO - [2024-08-22T17:06:15.661+0500] {dag.py:4138} INFO - Setting next_dagrun for dataset_produces_1 to 2024-08-21 00:00:00+00:00, run_after=2024-08-22 00:00:00+00:00
[2024-08-22T17:06:15.662+0500] {logging_mixin.py:190} INFO - [2024-08-22T17:06:15.662+0500] {dag.py:4138} INFO - Setting next_dagrun for dataset_produces_2 to None, run_after=None
[2024-08-22T17:06:15.693+0500] {processor.py:208} INFO - Processing /home/rayyan/redfin_venv/lib/python3.10/site-packages/airflow/example_dags/example_datasets.py took 0.147 seconds
[2024-08-22T17:07:14.880+0500] {processor.py:186} INFO - Started process (PID=14193) to work on /home/rayyan/redfin_venv/lib/python3.10/site-packages/airflow/example_dags/example_datasets.py
[2024-08-22T17:07:14.882+0500] {processor.py:914} INFO - Processing file /home/rayyan/redfin_venv/lib/python3.10/site-packages/airflow/example_dags/example_datasets.py for tasks to queue
[2024-08-22T17:07:14.885+0500] {logging_mixin.py:190} INFO - [2024-08-22T17:07:14.884+0500] {dagbag.py:587} INFO - Filling up the DagBag from /home/rayyan/redfin_venv/lib/python3.10/site-packages/airflow/example_dags/example_datasets.py
[2024-08-22T17:07:14.901+0500] {processor.py:925} INFO - DAG(s) 'dataset_consumes_1', 'dataset_consumes_1_never_scheduled', 'dataset_produces_2', 'dataset_produces_1', 'dataset_consumes_1_and_2', 'consume_1_or_2_with_dataset_expressions', 'consume_1_or_both_2_and_3_with_dataset_expressions', 'consume_1_and_2_with_dataset_expressions', 'conditional_dataset_and_time_based_timetable', 'dataset_consumes_unknown_never_scheduled' retrieved from /home/rayyan/redfin_venv/lib/python3.10/site-packages/airflow/example_dags/example_datasets.py
[2024-08-22T17:07:14.934+0500] {logging_mixin.py:190} INFO - [2024-08-22T17:07:14.934+0500] {dag.py:3211} INFO - Sync 10 DAGs
[2024-08-22T17:07:14.956+0500] {logging_mixin.py:190} INFO - [2024-08-22T17:07:14.955+0500] {dag.py:4138} INFO - Setting next_dagrun for conditional_dataset_and_time_based_timetable to 2024-08-21 01:00:00+00:00, run_after=2024-08-21 01:00:00+00:00
[2024-08-22T17:07:14.959+0500] {logging_mixin.py:190} INFO - [2024-08-22T17:07:14.958+0500] {dag.py:4138} INFO - Setting next_dagrun for consume_1_and_2_with_dataset_expressions to None, run_after=None
[2024-08-22T17:07:14.959+0500] {logging_mixin.py:190} INFO - [2024-08-22T17:07:14.959+0500] {dag.py:4138} INFO - Setting next_dagrun for consume_1_or_2_with_dataset_expressions to None, run_after=None
[2024-08-22T17:07:14.960+0500] {logging_mixin.py:190} INFO - [2024-08-22T17:07:14.960+0500] {dag.py:4138} INFO - Setting next_dagrun for consume_1_or_both_2_and_3_with_dataset_expressions to None, run_after=None
[2024-08-22T17:07:14.961+0500] {logging_mixin.py:190} INFO - [2024-08-22T17:07:14.961+0500] {dag.py:4138} INFO - Setting next_dagrun for dataset_consumes_1 to None, run_after=None
[2024-08-22T17:07:14.961+0500] {logging_mixin.py:190} INFO - [2024-08-22T17:07:14.961+0500] {dag.py:4138} INFO - Setting next_dagrun for dataset_consumes_1_and_2 to None, run_after=None
[2024-08-22T17:07:14.962+0500] {logging_mixin.py:190} INFO - [2024-08-22T17:07:14.962+0500] {dag.py:4138} INFO - Setting next_dagrun for dataset_consumes_1_never_scheduled to None, run_after=None
[2024-08-22T17:07:14.963+0500] {logging_mixin.py:190} INFO - [2024-08-22T17:07:14.963+0500] {dag.py:4138} INFO - Setting next_dagrun for dataset_consumes_unknown_never_scheduled to None, run_after=None
[2024-08-22T17:07:14.965+0500] {logging_mixin.py:190} INFO - [2024-08-22T17:07:14.965+0500] {dag.py:4138} INFO - Setting next_dagrun for dataset_produces_1 to 2024-08-21 00:00:00+00:00, run_after=2024-08-22 00:00:00+00:00
[2024-08-22T17:07:14.965+0500] {logging_mixin.py:190} INFO - [2024-08-22T17:07:14.965+0500] {dag.py:4138} INFO - Setting next_dagrun for dataset_produces_2 to None, run_after=None
[2024-08-22T17:07:15.000+0500] {processor.py:208} INFO - Processing /home/rayyan/redfin_venv/lib/python3.10/site-packages/airflow/example_dags/example_datasets.py took 0.125 seconds
