[2024-08-22T16:47:40.328+0500] {processor.py:186} INFO - Started process (PID=3654) to work on /home/rayyan/redfin_venv/lib/python3.10/site-packages/airflow/example_dags/example_setup_teardown.py
[2024-08-22T16:47:40.330+0500] {processor.py:914} INFO - Processing file /home/rayyan/redfin_venv/lib/python3.10/site-packages/airflow/example_dags/example_setup_teardown.py for tasks to queue
[2024-08-22T16:47:40.333+0500] {logging_mixin.py:190} INFO - [2024-08-22T16:47:40.332+0500] {dagbag.py:587} INFO - Filling up the DagBag from /home/rayyan/redfin_venv/lib/python3.10/site-packages/airflow/example_dags/example_setup_teardown.py
[2024-08-22T16:47:40.343+0500] {processor.py:925} INFO - DAG(s) 'example_setup_teardown' retrieved from /home/rayyan/redfin_venv/lib/python3.10/site-packages/airflow/example_dags/example_setup_teardown.py
[2024-08-22T16:47:40.364+0500] {logging_mixin.py:190} INFO - [2024-08-22T16:47:40.363+0500] {dag.py:3211} INFO - Sync 1 DAGs
[2024-08-22T16:47:40.381+0500] {logging_mixin.py:190} INFO - [2024-08-22T16:47:40.381+0500] {dag.py:4138} INFO - Setting next_dagrun for example_setup_teardown to 2024-08-21 00:00:00+00:00, run_after=2024-08-22 00:00:00+00:00
[2024-08-22T16:47:40.412+0500] {processor.py:208} INFO - Processing /home/rayyan/redfin_venv/lib/python3.10/site-packages/airflow/example_dags/example_setup_teardown.py took 0.092 seconds
[2024-08-22T16:48:40.749+0500] {processor.py:186} INFO - Started process (PID=3972) to work on /home/rayyan/redfin_venv/lib/python3.10/site-packages/airflow/example_dags/example_setup_teardown.py
[2024-08-22T16:48:40.753+0500] {processor.py:914} INFO - Processing file /home/rayyan/redfin_venv/lib/python3.10/site-packages/airflow/example_dags/example_setup_teardown.py for tasks to queue
[2024-08-22T16:48:40.756+0500] {logging_mixin.py:190} INFO - [2024-08-22T16:48:40.755+0500] {dagbag.py:587} INFO - Filling up the DagBag from /home/rayyan/redfin_venv/lib/python3.10/site-packages/airflow/example_dags/example_setup_teardown.py
[2024-08-22T16:48:40.767+0500] {processor.py:925} INFO - DAG(s) 'example_setup_teardown' retrieved from /home/rayyan/redfin_venv/lib/python3.10/site-packages/airflow/example_dags/example_setup_teardown.py
[2024-08-22T16:48:40.783+0500] {logging_mixin.py:190} INFO - [2024-08-22T16:48:40.783+0500] {dag.py:3211} INFO - Sync 1 DAGs
[2024-08-22T16:48:40.802+0500] {logging_mixin.py:190} INFO - [2024-08-22T16:48:40.802+0500] {dag.py:4138} INFO - Setting next_dagrun for example_setup_teardown to 2024-08-21 00:00:00+00:00, run_after=2024-08-22 00:00:00+00:00
[2024-08-22T16:48:40.823+0500] {processor.py:208} INFO - Processing /home/rayyan/redfin_venv/lib/python3.10/site-packages/airflow/example_dags/example_setup_teardown.py took 0.084 seconds
[2024-08-22T16:49:37.750+0500] {processor.py:186} INFO - Started process (PID=4250) to work on /home/rayyan/redfin_venv/lib/python3.10/site-packages/airflow/example_dags/example_setup_teardown.py
[2024-08-22T16:49:37.762+0500] {processor.py:914} INFO - Processing file /home/rayyan/redfin_venv/lib/python3.10/site-packages/airflow/example_dags/example_setup_teardown.py for tasks to queue
[2024-08-22T16:49:37.764+0500] {logging_mixin.py:190} INFO - [2024-08-22T16:49:37.764+0500] {dagbag.py:587} INFO - Filling up the DagBag from /home/rayyan/redfin_venv/lib/python3.10/site-packages/airflow/example_dags/example_setup_teardown.py
[2024-08-22T16:49:37.775+0500] {processor.py:925} INFO - DAG(s) 'example_setup_teardown' retrieved from /home/rayyan/redfin_venv/lib/python3.10/site-packages/airflow/example_dags/example_setup_teardown.py
[2024-08-22T16:49:37.791+0500] {logging_mixin.py:190} INFO - [2024-08-22T16:49:37.791+0500] {dag.py:3211} INFO - Sync 1 DAGs
[2024-08-22T16:49:37.810+0500] {logging_mixin.py:190} INFO - [2024-08-22T16:49:37.810+0500] {dag.py:4138} INFO - Setting next_dagrun for example_setup_teardown to 2024-08-21 00:00:00+00:00, run_after=2024-08-22 00:00:00+00:00
[2024-08-22T16:49:37.832+0500] {processor.py:208} INFO - Processing /home/rayyan/redfin_venv/lib/python3.10/site-packages/airflow/example_dags/example_setup_teardown.py took 0.090 seconds
[2024-08-22T16:50:32.727+0500] {processor.py:186} INFO - Started process (PID=4520) to work on /home/rayyan/redfin_venv/lib/python3.10/site-packages/airflow/example_dags/example_setup_teardown.py
[2024-08-22T16:50:32.740+0500] {processor.py:914} INFO - Processing file /home/rayyan/redfin_venv/lib/python3.10/site-packages/airflow/example_dags/example_setup_teardown.py for tasks to queue
[2024-08-22T16:50:32.743+0500] {logging_mixin.py:190} INFO - [2024-08-22T16:50:32.742+0500] {dagbag.py:587} INFO - Filling up the DagBag from /home/rayyan/redfin_venv/lib/python3.10/site-packages/airflow/example_dags/example_setup_teardown.py
[2024-08-22T16:50:32.753+0500] {processor.py:925} INFO - DAG(s) 'example_setup_teardown' retrieved from /home/rayyan/redfin_venv/lib/python3.10/site-packages/airflow/example_dags/example_setup_teardown.py
[2024-08-22T16:50:32.770+0500] {logging_mixin.py:190} INFO - [2024-08-22T16:50:32.769+0500] {dag.py:3211} INFO - Sync 1 DAGs
[2024-08-22T16:50:32.789+0500] {logging_mixin.py:190} INFO - [2024-08-22T16:50:32.789+0500] {dag.py:4138} INFO - Setting next_dagrun for example_setup_teardown to 2024-08-21 00:00:00+00:00, run_after=2024-08-22 00:00:00+00:00
[2024-08-22T16:50:32.814+0500] {processor.py:208} INFO - Processing /home/rayyan/redfin_venv/lib/python3.10/site-packages/airflow/example_dags/example_setup_teardown.py took 0.094 seconds
[2024-08-22T16:51:31.984+0500] {processor.py:186} INFO - Started process (PID=4805) to work on /home/rayyan/redfin_venv/lib/python3.10/site-packages/airflow/example_dags/example_setup_teardown.py
[2024-08-22T16:51:31.997+0500] {processor.py:914} INFO - Processing file /home/rayyan/redfin_venv/lib/python3.10/site-packages/airflow/example_dags/example_setup_teardown.py for tasks to queue
[2024-08-22T16:51:32.000+0500] {logging_mixin.py:190} INFO - [2024-08-22T16:51:32.000+0500] {dagbag.py:587} INFO - Filling up the DagBag from /home/rayyan/redfin_venv/lib/python3.10/site-packages/airflow/example_dags/example_setup_teardown.py
[2024-08-22T16:51:32.010+0500] {processor.py:925} INFO - DAG(s) 'example_setup_teardown' retrieved from /home/rayyan/redfin_venv/lib/python3.10/site-packages/airflow/example_dags/example_setup_teardown.py
[2024-08-22T16:51:32.026+0500] {logging_mixin.py:190} INFO - [2024-08-22T16:51:32.026+0500] {dag.py:3211} INFO - Sync 1 DAGs
[2024-08-22T16:51:32.045+0500] {logging_mixin.py:190} INFO - [2024-08-22T16:51:32.045+0500] {dag.py:4138} INFO - Setting next_dagrun for example_setup_teardown to 2024-08-21 00:00:00+00:00, run_after=2024-08-22 00:00:00+00:00
[2024-08-22T16:51:32.066+0500] {processor.py:208} INFO - Processing /home/rayyan/redfin_venv/lib/python3.10/site-packages/airflow/example_dags/example_setup_teardown.py took 0.093 seconds
[2024-08-22T16:52:30.221+0500] {processor.py:186} INFO - Started process (PID=5085) to work on /home/rayyan/redfin_venv/lib/python3.10/site-packages/airflow/example_dags/example_setup_teardown.py
[2024-08-22T16:52:30.223+0500] {processor.py:914} INFO - Processing file /home/rayyan/redfin_venv/lib/python3.10/site-packages/airflow/example_dags/example_setup_teardown.py for tasks to queue
[2024-08-22T16:52:30.226+0500] {logging_mixin.py:190} INFO - [2024-08-22T16:52:30.226+0500] {dagbag.py:587} INFO - Filling up the DagBag from /home/rayyan/redfin_venv/lib/python3.10/site-packages/airflow/example_dags/example_setup_teardown.py
[2024-08-22T16:52:30.237+0500] {processor.py:925} INFO - DAG(s) 'example_setup_teardown' retrieved from /home/rayyan/redfin_venv/lib/python3.10/site-packages/airflow/example_dags/example_setup_teardown.py
[2024-08-22T16:52:30.257+0500] {logging_mixin.py:190} INFO - [2024-08-22T16:52:30.256+0500] {dag.py:3211} INFO - Sync 1 DAGs
[2024-08-22T16:52:30.278+0500] {logging_mixin.py:190} INFO - [2024-08-22T16:52:30.278+0500] {dag.py:4138} INFO - Setting next_dagrun for example_setup_teardown to 2024-08-21 00:00:00+00:00, run_after=2024-08-22 00:00:00+00:00
[2024-08-22T16:52:30.300+0500] {processor.py:208} INFO - Processing /home/rayyan/redfin_venv/lib/python3.10/site-packages/airflow/example_dags/example_setup_teardown.py took 0.087 seconds
[2024-08-22T16:53:33.940+0500] {processor.py:186} INFO - Started process (PID=5390) to work on /home/rayyan/redfin_venv/lib/python3.10/site-packages/airflow/example_dags/example_setup_teardown.py
[2024-08-22T16:53:33.952+0500] {processor.py:914} INFO - Processing file /home/rayyan/redfin_venv/lib/python3.10/site-packages/airflow/example_dags/example_setup_teardown.py for tasks to queue
[2024-08-22T16:53:33.955+0500] {logging_mixin.py:190} INFO - [2024-08-22T16:53:33.955+0500] {dagbag.py:587} INFO - Filling up the DagBag from /home/rayyan/redfin_venv/lib/python3.10/site-packages/airflow/example_dags/example_setup_teardown.py
[2024-08-22T16:53:33.964+0500] {processor.py:925} INFO - DAG(s) 'example_setup_teardown' retrieved from /home/rayyan/redfin_venv/lib/python3.10/site-packages/airflow/example_dags/example_setup_teardown.py
[2024-08-22T16:53:33.980+0500] {logging_mixin.py:190} INFO - [2024-08-22T16:53:33.980+0500] {dag.py:3211} INFO - Sync 1 DAGs
[2024-08-22T16:53:33.999+0500] {logging_mixin.py:190} INFO - [2024-08-22T16:53:33.999+0500] {dag.py:4138} INFO - Setting next_dagrun for example_setup_teardown to 2024-08-21 00:00:00+00:00, run_after=2024-08-22 00:00:00+00:00
[2024-08-22T16:53:34.022+0500] {processor.py:208} INFO - Processing /home/rayyan/redfin_venv/lib/python3.10/site-packages/airflow/example_dags/example_setup_teardown.py took 0.091 seconds
[2024-08-22T16:54:35.107+0500] {processor.py:186} INFO - Started process (PID=5686) to work on /home/rayyan/redfin_venv/lib/python3.10/site-packages/airflow/example_dags/example_setup_teardown.py
[2024-08-22T16:54:35.108+0500] {processor.py:914} INFO - Processing file /home/rayyan/redfin_venv/lib/python3.10/site-packages/airflow/example_dags/example_setup_teardown.py for tasks to queue
[2024-08-22T16:54:35.111+0500] {logging_mixin.py:190} INFO - [2024-08-22T16:54:35.110+0500] {dagbag.py:587} INFO - Filling up the DagBag from /home/rayyan/redfin_venv/lib/python3.10/site-packages/airflow/example_dags/example_setup_teardown.py
[2024-08-22T16:54:35.120+0500] {processor.py:925} INFO - DAG(s) 'example_setup_teardown' retrieved from /home/rayyan/redfin_venv/lib/python3.10/site-packages/airflow/example_dags/example_setup_teardown.py
[2024-08-22T16:54:35.136+0500] {logging_mixin.py:190} INFO - [2024-08-22T16:54:35.136+0500] {dag.py:3211} INFO - Sync 1 DAGs
[2024-08-22T16:54:35.155+0500] {logging_mixin.py:190} INFO - [2024-08-22T16:54:35.154+0500] {dag.py:4138} INFO - Setting next_dagrun for example_setup_teardown to 2024-08-21 00:00:00+00:00, run_after=2024-08-22 00:00:00+00:00
[2024-08-22T16:54:35.173+0500] {processor.py:208} INFO - Processing /home/rayyan/redfin_venv/lib/python3.10/site-packages/airflow/example_dags/example_setup_teardown.py took 0.073 seconds
[2024-08-22T16:55:36.222+0500] {processor.py:186} INFO - Started process (PID=5983) to work on /home/rayyan/redfin_venv/lib/python3.10/site-packages/airflow/example_dags/example_setup_teardown.py
[2024-08-22T16:55:36.224+0500] {processor.py:914} INFO - Processing file /home/rayyan/redfin_venv/lib/python3.10/site-packages/airflow/example_dags/example_setup_teardown.py for tasks to queue
[2024-08-22T16:55:36.226+0500] {logging_mixin.py:190} INFO - [2024-08-22T16:55:36.226+0500] {dagbag.py:587} INFO - Filling up the DagBag from /home/rayyan/redfin_venv/lib/python3.10/site-packages/airflow/example_dags/example_setup_teardown.py
[2024-08-22T16:55:36.235+0500] {processor.py:925} INFO - DAG(s) 'example_setup_teardown' retrieved from /home/rayyan/redfin_venv/lib/python3.10/site-packages/airflow/example_dags/example_setup_teardown.py
[2024-08-22T16:55:36.257+0500] {logging_mixin.py:190} INFO - [2024-08-22T16:55:36.257+0500] {dag.py:3211} INFO - Sync 1 DAGs
[2024-08-22T16:55:36.284+0500] {logging_mixin.py:190} INFO - [2024-08-22T16:55:36.284+0500] {dag.py:4138} INFO - Setting next_dagrun for example_setup_teardown to 2024-08-21 00:00:00+00:00, run_after=2024-08-22 00:00:00+00:00
[2024-08-22T16:55:36.306+0500] {processor.py:208} INFO - Processing /home/rayyan/redfin_venv/lib/python3.10/site-packages/airflow/example_dags/example_setup_teardown.py took 0.091 seconds
[2024-08-22T16:56:44.020+0500] {processor.py:186} INFO - Started process (PID=6306) to work on /home/rayyan/redfin_venv/lib/python3.10/site-packages/airflow/example_dags/example_setup_teardown.py
[2024-08-22T16:56:44.033+0500] {processor.py:914} INFO - Processing file /home/rayyan/redfin_venv/lib/python3.10/site-packages/airflow/example_dags/example_setup_teardown.py for tasks to queue
[2024-08-22T16:56:44.036+0500] {logging_mixin.py:190} INFO - [2024-08-22T16:56:44.036+0500] {dagbag.py:587} INFO - Filling up the DagBag from /home/rayyan/redfin_venv/lib/python3.10/site-packages/airflow/example_dags/example_setup_teardown.py
[2024-08-22T16:56:44.046+0500] {processor.py:925} INFO - DAG(s) 'example_setup_teardown' retrieved from /home/rayyan/redfin_venv/lib/python3.10/site-packages/airflow/example_dags/example_setup_teardown.py
[2024-08-22T16:56:44.062+0500] {logging_mixin.py:190} INFO - [2024-08-22T16:56:44.062+0500] {dag.py:3211} INFO - Sync 1 DAGs
[2024-08-22T16:56:44.082+0500] {logging_mixin.py:190} INFO - [2024-08-22T16:56:44.082+0500] {dag.py:4138} INFO - Setting next_dagrun for example_setup_teardown to 2024-08-21 00:00:00+00:00, run_after=2024-08-22 00:00:00+00:00
[2024-08-22T16:56:44.103+0500] {processor.py:208} INFO - Processing /home/rayyan/redfin_venv/lib/python3.10/site-packages/airflow/example_dags/example_setup_teardown.py took 0.093 seconds
[2024-08-22T16:57:47.033+0500] {processor.py:186} INFO - Started process (PID=6611) to work on /home/rayyan/redfin_venv/lib/python3.10/site-packages/airflow/example_dags/example_setup_teardown.py
[2024-08-22T16:57:47.034+0500] {processor.py:914} INFO - Processing file /home/rayyan/redfin_venv/lib/python3.10/site-packages/airflow/example_dags/example_setup_teardown.py for tasks to queue
[2024-08-22T16:57:47.036+0500] {logging_mixin.py:190} INFO - [2024-08-22T16:57:47.036+0500] {dagbag.py:587} INFO - Filling up the DagBag from /home/rayyan/redfin_venv/lib/python3.10/site-packages/airflow/example_dags/example_setup_teardown.py
[2024-08-22T16:57:47.045+0500] {processor.py:925} INFO - DAG(s) 'example_setup_teardown' retrieved from /home/rayyan/redfin_venv/lib/python3.10/site-packages/airflow/example_dags/example_setup_teardown.py
[2024-08-22T16:57:47.062+0500] {logging_mixin.py:190} INFO - [2024-08-22T16:57:47.061+0500] {dag.py:3211} INFO - Sync 1 DAGs
[2024-08-22T16:57:47.080+0500] {logging_mixin.py:190} INFO - [2024-08-22T16:57:47.080+0500] {dag.py:4138} INFO - Setting next_dagrun for example_setup_teardown to 2024-08-21 00:00:00+00:00, run_after=2024-08-22 00:00:00+00:00
[2024-08-22T16:57:47.101+0500] {processor.py:208} INFO - Processing /home/rayyan/redfin_venv/lib/python3.10/site-packages/airflow/example_dags/example_setup_teardown.py took 0.074 seconds
[2024-08-22T16:58:55.187+0500] {processor.py:186} INFO - Started process (PID=6946) to work on /home/rayyan/redfin_venv/lib/python3.10/site-packages/airflow/example_dags/example_setup_teardown.py
[2024-08-22T16:58:55.200+0500] {processor.py:914} INFO - Processing file /home/rayyan/redfin_venv/lib/python3.10/site-packages/airflow/example_dags/example_setup_teardown.py for tasks to queue
[2024-08-22T16:58:55.203+0500] {logging_mixin.py:190} INFO - [2024-08-22T16:58:55.202+0500] {dagbag.py:587} INFO - Filling up the DagBag from /home/rayyan/redfin_venv/lib/python3.10/site-packages/airflow/example_dags/example_setup_teardown.py
[2024-08-22T16:58:55.212+0500] {processor.py:925} INFO - DAG(s) 'example_setup_teardown' retrieved from /home/rayyan/redfin_venv/lib/python3.10/site-packages/airflow/example_dags/example_setup_teardown.py
[2024-08-22T16:58:55.229+0500] {logging_mixin.py:190} INFO - [2024-08-22T16:58:55.228+0500] {dag.py:3211} INFO - Sync 1 DAGs
[2024-08-22T16:58:55.391+0500] {logging_mixin.py:190} INFO - [2024-08-22T16:58:55.391+0500] {dag.py:4138} INFO - Setting next_dagrun for example_setup_teardown to 2024-08-21 00:00:00+00:00, run_after=2024-08-22 00:00:00+00:00
[2024-08-22T16:58:55.418+0500] {processor.py:208} INFO - Processing /home/rayyan/redfin_venv/lib/python3.10/site-packages/airflow/example_dags/example_setup_teardown.py took 0.238 seconds
[2024-08-22T16:59:55.677+0500] {processor.py:186} INFO - Started process (PID=7642) to work on /home/rayyan/redfin_venv/lib/python3.10/site-packages/airflow/example_dags/example_setup_teardown.py
[2024-08-22T16:59:55.689+0500] {processor.py:914} INFO - Processing file /home/rayyan/redfin_venv/lib/python3.10/site-packages/airflow/example_dags/example_setup_teardown.py for tasks to queue
[2024-08-22T16:59:55.692+0500] {logging_mixin.py:190} INFO - [2024-08-22T16:59:55.691+0500] {dagbag.py:587} INFO - Filling up the DagBag from /home/rayyan/redfin_venv/lib/python3.10/site-packages/airflow/example_dags/example_setup_teardown.py
[2024-08-22T16:59:55.703+0500] {processor.py:925} INFO - DAG(s) 'example_setup_teardown' retrieved from /home/rayyan/redfin_venv/lib/python3.10/site-packages/airflow/example_dags/example_setup_teardown.py
[2024-08-22T16:59:55.730+0500] {logging_mixin.py:190} INFO - [2024-08-22T16:59:55.730+0500] {dag.py:3211} INFO - Sync 1 DAGs
[2024-08-22T16:59:55.763+0500] {logging_mixin.py:190} INFO - [2024-08-22T16:59:55.763+0500] {dag.py:4138} INFO - Setting next_dagrun for example_setup_teardown to 2024-08-21 00:00:00+00:00, run_after=2024-08-22 00:00:00+00:00
[2024-08-22T16:59:55.796+0500] {processor.py:208} INFO - Processing /home/rayyan/redfin_venv/lib/python3.10/site-packages/airflow/example_dags/example_setup_teardown.py took 0.126 seconds
[2024-08-22T17:01:01.647+0500] {processor.py:186} INFO - Started process (PID=10087) to work on /home/rayyan/redfin_venv/lib/python3.10/site-packages/airflow/example_dags/example_setup_teardown.py
[2024-08-22T17:01:01.649+0500] {processor.py:914} INFO - Processing file /home/rayyan/redfin_venv/lib/python3.10/site-packages/airflow/example_dags/example_setup_teardown.py for tasks to queue
[2024-08-22T17:01:01.652+0500] {logging_mixin.py:190} INFO - [2024-08-22T17:01:01.651+0500] {dagbag.py:587} INFO - Filling up the DagBag from /home/rayyan/redfin_venv/lib/python3.10/site-packages/airflow/example_dags/example_setup_teardown.py
[2024-08-22T17:01:01.663+0500] {processor.py:925} INFO - DAG(s) 'example_setup_teardown' retrieved from /home/rayyan/redfin_venv/lib/python3.10/site-packages/airflow/example_dags/example_setup_teardown.py
[2024-08-22T17:01:01.693+0500] {logging_mixin.py:190} INFO - [2024-08-22T17:01:01.693+0500] {dag.py:3211} INFO - Sync 1 DAGs
[2024-08-22T17:01:01.730+0500] {logging_mixin.py:190} INFO - [2024-08-22T17:01:01.730+0500] {dag.py:4138} INFO - Setting next_dagrun for example_setup_teardown to 2024-08-21 00:00:00+00:00, run_after=2024-08-22 00:00:00+00:00
[2024-08-22T17:01:01.764+0500] {processor.py:208} INFO - Processing /home/rayyan/redfin_venv/lib/python3.10/site-packages/airflow/example_dags/example_setup_teardown.py took 0.126 seconds
[2024-08-22T17:02:13.470+0500] {processor.py:186} INFO - Started process (PID=12710) to work on /home/rayyan/redfin_venv/lib/python3.10/site-packages/airflow/example_dags/example_setup_teardown.py
[2024-08-22T17:02:13.475+0500] {processor.py:914} INFO - Processing file /home/rayyan/redfin_venv/lib/python3.10/site-packages/airflow/example_dags/example_setup_teardown.py for tasks to queue
[2024-08-22T17:02:13.479+0500] {logging_mixin.py:190} INFO - [2024-08-22T17:02:13.479+0500] {dagbag.py:587} INFO - Filling up the DagBag from /home/rayyan/redfin_venv/lib/python3.10/site-packages/airflow/example_dags/example_setup_teardown.py
[2024-08-22T17:02:13.503+0500] {processor.py:925} INFO - DAG(s) 'example_setup_teardown' retrieved from /home/rayyan/redfin_venv/lib/python3.10/site-packages/airflow/example_dags/example_setup_teardown.py
[2024-08-22T17:02:13.542+0500] {logging_mixin.py:190} INFO - [2024-08-22T17:02:13.542+0500] {dag.py:3211} INFO - Sync 1 DAGs
[2024-08-22T17:02:13.585+0500] {logging_mixin.py:190} INFO - [2024-08-22T17:02:13.584+0500] {dag.py:4138} INFO - Setting next_dagrun for example_setup_teardown to 2024-08-21 00:00:00+00:00, run_after=2024-08-22 00:00:00+00:00
[2024-08-22T17:02:13.625+0500] {processor.py:208} INFO - Processing /home/rayyan/redfin_venv/lib/python3.10/site-packages/airflow/example_dags/example_setup_teardown.py took 0.171 seconds
[2024-08-22T17:03:14.525+0500] {processor.py:186} INFO - Started process (PID=13022) to work on /home/rayyan/redfin_venv/lib/python3.10/site-packages/airflow/example_dags/example_setup_teardown.py
[2024-08-22T17:03:14.526+0500] {processor.py:914} INFO - Processing file /home/rayyan/redfin_venv/lib/python3.10/site-packages/airflow/example_dags/example_setup_teardown.py for tasks to queue
[2024-08-22T17:03:14.529+0500] {logging_mixin.py:190} INFO - [2024-08-22T17:03:14.528+0500] {dagbag.py:587} INFO - Filling up the DagBag from /home/rayyan/redfin_venv/lib/python3.10/site-packages/airflow/example_dags/example_setup_teardown.py
[2024-08-22T17:03:14.542+0500] {processor.py:925} INFO - DAG(s) 'example_setup_teardown' retrieved from /home/rayyan/redfin_venv/lib/python3.10/site-packages/airflow/example_dags/example_setup_teardown.py
[2024-08-22T17:03:14.564+0500] {logging_mixin.py:190} INFO - [2024-08-22T17:03:14.564+0500] {dag.py:3211} INFO - Sync 1 DAGs
[2024-08-22T17:03:14.600+0500] {logging_mixin.py:190} INFO - [2024-08-22T17:03:14.599+0500] {dag.py:4138} INFO - Setting next_dagrun for example_setup_teardown to 2024-08-21 00:00:00+00:00, run_after=2024-08-22 00:00:00+00:00
[2024-08-22T17:03:14.632+0500] {processor.py:208} INFO - Processing /home/rayyan/redfin_venv/lib/python3.10/site-packages/airflow/example_dags/example_setup_teardown.py took 0.116 seconds
[2024-08-22T17:04:13.659+0500] {processor.py:186} INFO - Started process (PID=13307) to work on /home/rayyan/redfin_venv/lib/python3.10/site-packages/airflow/example_dags/example_setup_teardown.py
[2024-08-22T17:04:13.671+0500] {processor.py:914} INFO - Processing file /home/rayyan/redfin_venv/lib/python3.10/site-packages/airflow/example_dags/example_setup_teardown.py for tasks to queue
[2024-08-22T17:04:13.674+0500] {logging_mixin.py:190} INFO - [2024-08-22T17:04:13.673+0500] {dagbag.py:587} INFO - Filling up the DagBag from /home/rayyan/redfin_venv/lib/python3.10/site-packages/airflow/example_dags/example_setup_teardown.py
[2024-08-22T17:04:13.685+0500] {processor.py:925} INFO - DAG(s) 'example_setup_teardown' retrieved from /home/rayyan/redfin_venv/lib/python3.10/site-packages/airflow/example_dags/example_setup_teardown.py
[2024-08-22T17:04:13.703+0500] {logging_mixin.py:190} INFO - [2024-08-22T17:04:13.702+0500] {dag.py:3211} INFO - Sync 1 DAGs
[2024-08-22T17:04:13.724+0500] {logging_mixin.py:190} INFO - [2024-08-22T17:04:13.724+0500] {dag.py:4138} INFO - Setting next_dagrun for example_setup_teardown to 2024-08-21 00:00:00+00:00, run_after=2024-08-22 00:00:00+00:00
[2024-08-22T17:04:13.784+0500] {processor.py:208} INFO - Processing /home/rayyan/redfin_venv/lib/python3.10/site-packages/airflow/example_dags/example_setup_teardown.py took 0.135 seconds
[2024-08-22T17:05:09.196+0500] {processor.py:186} INFO - Started process (PID=13576) to work on /home/rayyan/redfin_venv/lib/python3.10/site-packages/airflow/example_dags/example_setup_teardown.py
[2024-08-22T17:05:09.198+0500] {processor.py:914} INFO - Processing file /home/rayyan/redfin_venv/lib/python3.10/site-packages/airflow/example_dags/example_setup_teardown.py for tasks to queue
[2024-08-22T17:05:09.201+0500] {logging_mixin.py:190} INFO - [2024-08-22T17:05:09.200+0500] {dagbag.py:587} INFO - Filling up the DagBag from /home/rayyan/redfin_venv/lib/python3.10/site-packages/airflow/example_dags/example_setup_teardown.py
[2024-08-22T17:05:09.211+0500] {processor.py:925} INFO - DAG(s) 'example_setup_teardown' retrieved from /home/rayyan/redfin_venv/lib/python3.10/site-packages/airflow/example_dags/example_setup_teardown.py
[2024-08-22T17:05:09.227+0500] {logging_mixin.py:190} INFO - [2024-08-22T17:05:09.226+0500] {dag.py:3211} INFO - Sync 1 DAGs
[2024-08-22T17:05:09.245+0500] {logging_mixin.py:190} INFO - [2024-08-22T17:05:09.245+0500] {dag.py:4138} INFO - Setting next_dagrun for example_setup_teardown to 2024-08-21 00:00:00+00:00, run_after=2024-08-22 00:00:00+00:00
[2024-08-22T17:05:09.266+0500] {processor.py:208} INFO - Processing /home/rayyan/redfin_venv/lib/python3.10/site-packages/airflow/example_dags/example_setup_teardown.py took 0.078 seconds
[2024-08-22T17:06:04.121+0500] {processor.py:186} INFO - Started process (PID=13845) to work on /home/rayyan/redfin_venv/lib/python3.10/site-packages/airflow/example_dags/example_setup_teardown.py
[2024-08-22T17:06:04.133+0500] {processor.py:914} INFO - Processing file /home/rayyan/redfin_venv/lib/python3.10/site-packages/airflow/example_dags/example_setup_teardown.py for tasks to queue
[2024-08-22T17:06:04.136+0500] {logging_mixin.py:190} INFO - [2024-08-22T17:06:04.135+0500] {dagbag.py:587} INFO - Filling up the DagBag from /home/rayyan/redfin_venv/lib/python3.10/site-packages/airflow/example_dags/example_setup_teardown.py
[2024-08-22T17:06:04.146+0500] {processor.py:925} INFO - DAG(s) 'example_setup_teardown' retrieved from /home/rayyan/redfin_venv/lib/python3.10/site-packages/airflow/example_dags/example_setup_teardown.py
[2024-08-22T17:06:04.161+0500] {logging_mixin.py:190} INFO - [2024-08-22T17:06:04.161+0500] {dag.py:3211} INFO - Sync 1 DAGs
[2024-08-22T17:06:04.180+0500] {logging_mixin.py:190} INFO - [2024-08-22T17:06:04.180+0500] {dag.py:4138} INFO - Setting next_dagrun for example_setup_teardown to 2024-08-21 00:00:00+00:00, run_after=2024-08-22 00:00:00+00:00
[2024-08-22T17:06:04.202+0500] {processor.py:208} INFO - Processing /home/rayyan/redfin_venv/lib/python3.10/site-packages/airflow/example_dags/example_setup_teardown.py took 0.090 seconds
[2024-08-22T17:07:04.576+0500] {processor.py:186} INFO - Started process (PID=14139) to work on /home/rayyan/redfin_venv/lib/python3.10/site-packages/airflow/example_dags/example_setup_teardown.py
[2024-08-22T17:07:04.578+0500] {processor.py:914} INFO - Processing file /home/rayyan/redfin_venv/lib/python3.10/site-packages/airflow/example_dags/example_setup_teardown.py for tasks to queue
[2024-08-22T17:07:04.581+0500] {logging_mixin.py:190} INFO - [2024-08-22T17:07:04.581+0500] {dagbag.py:587} INFO - Filling up the DagBag from /home/rayyan/redfin_venv/lib/python3.10/site-packages/airflow/example_dags/example_setup_teardown.py
[2024-08-22T17:07:04.594+0500] {processor.py:925} INFO - DAG(s) 'example_setup_teardown' retrieved from /home/rayyan/redfin_venv/lib/python3.10/site-packages/airflow/example_dags/example_setup_teardown.py
[2024-08-22T17:07:04.611+0500] {logging_mixin.py:190} INFO - [2024-08-22T17:07:04.611+0500] {dag.py:3211} INFO - Sync 1 DAGs
[2024-08-22T17:07:04.631+0500] {logging_mixin.py:190} INFO - [2024-08-22T17:07:04.631+0500] {dag.py:4138} INFO - Setting next_dagrun for example_setup_teardown to 2024-08-21 00:00:00+00:00, run_after=2024-08-22 00:00:00+00:00
[2024-08-22T17:07:04.654+0500] {processor.py:208} INFO - Processing /home/rayyan/redfin_venv/lib/python3.10/site-packages/airflow/example_dags/example_setup_teardown.py took 0.088 seconds
