[2024-08-22T16:48:18.766+0500] {processor.py:186} INFO - Started process (PID=3844) to work on /home/rayyan/redfin_venv/lib/python3.10/site-packages/airflow/example_dags/example_task_group_decorator.py
[2024-08-22T16:48:18.767+0500] {processor.py:914} INFO - Processing file /home/rayyan/redfin_venv/lib/python3.10/site-packages/airflow/example_dags/example_task_group_decorator.py for tasks to queue
[2024-08-22T16:48:18.769+0500] {logging_mixin.py:190} INFO - [2024-08-22T16:48:18.769+0500] {dagbag.py:587} INFO - Filling up the DagBag from /home/rayyan/redfin_venv/lib/python3.10/site-packages/airflow/example_dags/example_task_group_decorator.py
[2024-08-22T16:48:18.787+0500] {processor.py:925} INFO - DAG(s) 'example_task_group_decorator' retrieved from /home/rayyan/redfin_venv/lib/python3.10/site-packages/airflow/example_dags/example_task_group_decorator.py
[2024-08-22T16:48:18.811+0500] {logging_mixin.py:190} INFO - [2024-08-22T16:48:18.811+0500] {dag.py:3211} INFO - Sync 1 DAGs
[2024-08-22T16:48:18.831+0500] {logging_mixin.py:190} INFO - [2024-08-22T16:48:18.831+0500] {dag.py:4138} INFO - Setting next_dagrun for example_task_group_decorator to 2024-08-21 00:00:00+00:00, run_after=2024-08-22 00:00:00+00:00
[2024-08-22T16:48:18.850+0500] {processor.py:208} INFO - Processing /home/rayyan/redfin_venv/lib/python3.10/site-packages/airflow/example_dags/example_task_group_decorator.py took 0.089 seconds
[2024-08-22T16:49:16.962+0500] {processor.py:186} INFO - Started process (PID=4148) to work on /home/rayyan/redfin_venv/lib/python3.10/site-packages/airflow/example_dags/example_task_group_decorator.py
[2024-08-22T16:49:16.975+0500] {processor.py:914} INFO - Processing file /home/rayyan/redfin_venv/lib/python3.10/site-packages/airflow/example_dags/example_task_group_decorator.py for tasks to queue
[2024-08-22T16:49:16.978+0500] {logging_mixin.py:190} INFO - [2024-08-22T16:49:16.977+0500] {dagbag.py:587} INFO - Filling up the DagBag from /home/rayyan/redfin_venv/lib/python3.10/site-packages/airflow/example_dags/example_task_group_decorator.py
[2024-08-22T16:49:16.997+0500] {processor.py:925} INFO - DAG(s) 'example_task_group_decorator' retrieved from /home/rayyan/redfin_venv/lib/python3.10/site-packages/airflow/example_dags/example_task_group_decorator.py
[2024-08-22T16:49:17.017+0500] {logging_mixin.py:190} INFO - [2024-08-22T16:49:17.017+0500] {dag.py:3211} INFO - Sync 1 DAGs
[2024-08-22T16:49:17.035+0500] {logging_mixin.py:190} INFO - [2024-08-22T16:49:17.035+0500] {dag.py:4138} INFO - Setting next_dagrun for example_task_group_decorator to 2024-08-21 00:00:00+00:00, run_after=2024-08-22 00:00:00+00:00
[2024-08-22T16:49:17.056+0500] {processor.py:208} INFO - Processing /home/rayyan/redfin_venv/lib/python3.10/site-packages/airflow/example_dags/example_task_group_decorator.py took 0.104 seconds
[2024-08-22T16:50:15.074+0500] {processor.py:186} INFO - Started process (PID=4432) to work on /home/rayyan/redfin_venv/lib/python3.10/site-packages/airflow/example_dags/example_task_group_decorator.py
[2024-08-22T16:50:15.075+0500] {processor.py:914} INFO - Processing file /home/rayyan/redfin_venv/lib/python3.10/site-packages/airflow/example_dags/example_task_group_decorator.py for tasks to queue
[2024-08-22T16:50:15.078+0500] {logging_mixin.py:190} INFO - [2024-08-22T16:50:15.078+0500] {dagbag.py:587} INFO - Filling up the DagBag from /home/rayyan/redfin_venv/lib/python3.10/site-packages/airflow/example_dags/example_task_group_decorator.py
[2024-08-22T16:50:15.097+0500] {processor.py:925} INFO - DAG(s) 'example_task_group_decorator' retrieved from /home/rayyan/redfin_venv/lib/python3.10/site-packages/airflow/example_dags/example_task_group_decorator.py
[2024-08-22T16:50:15.118+0500] {logging_mixin.py:190} INFO - [2024-08-22T16:50:15.118+0500] {dag.py:3211} INFO - Sync 1 DAGs
[2024-08-22T16:50:15.136+0500] {logging_mixin.py:190} INFO - [2024-08-22T16:50:15.136+0500] {dag.py:4138} INFO - Setting next_dagrun for example_task_group_decorator to 2024-08-21 00:00:00+00:00, run_after=2024-08-22 00:00:00+00:00
[2024-08-22T16:50:15.155+0500] {processor.py:208} INFO - Processing /home/rayyan/redfin_venv/lib/python3.10/site-packages/airflow/example_dags/example_task_group_decorator.py took 0.090 seconds
[2024-08-22T16:51:12.756+0500] {processor.py:186} INFO - Started process (PID=4712) to work on /home/rayyan/redfin_venv/lib/python3.10/site-packages/airflow/example_dags/example_task_group_decorator.py
[2024-08-22T16:51:12.758+0500] {processor.py:914} INFO - Processing file /home/rayyan/redfin_venv/lib/python3.10/site-packages/airflow/example_dags/example_task_group_decorator.py for tasks to queue
[2024-08-22T16:51:12.760+0500] {logging_mixin.py:190} INFO - [2024-08-22T16:51:12.760+0500] {dagbag.py:587} INFO - Filling up the DagBag from /home/rayyan/redfin_venv/lib/python3.10/site-packages/airflow/example_dags/example_task_group_decorator.py
[2024-08-22T16:51:12.778+0500] {processor.py:925} INFO - DAG(s) 'example_task_group_decorator' retrieved from /home/rayyan/redfin_venv/lib/python3.10/site-packages/airflow/example_dags/example_task_group_decorator.py
[2024-08-22T16:51:12.798+0500] {logging_mixin.py:190} INFO - [2024-08-22T16:51:12.798+0500] {dag.py:3211} INFO - Sync 1 DAGs
[2024-08-22T16:51:12.816+0500] {logging_mixin.py:190} INFO - [2024-08-22T16:51:12.816+0500] {dag.py:4138} INFO - Setting next_dagrun for example_task_group_decorator to 2024-08-21 00:00:00+00:00, run_after=2024-08-22 00:00:00+00:00
[2024-08-22T16:51:12.836+0500] {processor.py:208} INFO - Processing /home/rayyan/redfin_venv/lib/python3.10/site-packages/airflow/example_dags/example_task_group_decorator.py took 0.087 seconds
[2024-08-22T16:52:11.891+0500] {processor.py:186} INFO - Started process (PID=4996) to work on /home/rayyan/redfin_venv/lib/python3.10/site-packages/airflow/example_dags/example_task_group_decorator.py
[2024-08-22T16:52:11.894+0500] {processor.py:914} INFO - Processing file /home/rayyan/redfin_venv/lib/python3.10/site-packages/airflow/example_dags/example_task_group_decorator.py for tasks to queue
[2024-08-22T16:52:11.898+0500] {logging_mixin.py:190} INFO - [2024-08-22T16:52:11.897+0500] {dagbag.py:587} INFO - Filling up the DagBag from /home/rayyan/redfin_venv/lib/python3.10/site-packages/airflow/example_dags/example_task_group_decorator.py
[2024-08-22T16:52:11.918+0500] {processor.py:925} INFO - DAG(s) 'example_task_group_decorator' retrieved from /home/rayyan/redfin_venv/lib/python3.10/site-packages/airflow/example_dags/example_task_group_decorator.py
[2024-08-22T16:52:11.940+0500] {logging_mixin.py:190} INFO - [2024-08-22T16:52:11.939+0500] {dag.py:3211} INFO - Sync 1 DAGs
[2024-08-22T16:52:11.962+0500] {logging_mixin.py:190} INFO - [2024-08-22T16:52:11.962+0500] {dag.py:4138} INFO - Setting next_dagrun for example_task_group_decorator to 2024-08-21 00:00:00+00:00, run_after=2024-08-22 00:00:00+00:00
[2024-08-22T16:52:11.984+0500] {processor.py:208} INFO - Processing /home/rayyan/redfin_venv/lib/python3.10/site-packages/airflow/example_dags/example_task_group_decorator.py took 0.103 seconds
[2024-08-22T16:53:14.447+0500] {processor.py:186} INFO - Started process (PID=5296) to work on /home/rayyan/redfin_venv/lib/python3.10/site-packages/airflow/example_dags/example_task_group_decorator.py
[2024-08-22T16:53:14.459+0500] {processor.py:914} INFO - Processing file /home/rayyan/redfin_venv/lib/python3.10/site-packages/airflow/example_dags/example_task_group_decorator.py for tasks to queue
[2024-08-22T16:53:14.463+0500] {logging_mixin.py:190} INFO - [2024-08-22T16:53:14.462+0500] {dagbag.py:587} INFO - Filling up the DagBag from /home/rayyan/redfin_venv/lib/python3.10/site-packages/airflow/example_dags/example_task_group_decorator.py
[2024-08-22T16:53:14.492+0500] {processor.py:925} INFO - DAG(s) 'example_task_group_decorator' retrieved from /home/rayyan/redfin_venv/lib/python3.10/site-packages/airflow/example_dags/example_task_group_decorator.py
[2024-08-22T16:53:14.520+0500] {logging_mixin.py:190} INFO - [2024-08-22T16:53:14.520+0500] {dag.py:3211} INFO - Sync 1 DAGs
[2024-08-22T16:53:14.544+0500] {logging_mixin.py:190} INFO - [2024-08-22T16:53:14.543+0500] {dag.py:4138} INFO - Setting next_dagrun for example_task_group_decorator to 2024-08-21 00:00:00+00:00, run_after=2024-08-22 00:00:00+00:00
[2024-08-22T16:53:14.564+0500] {processor.py:208} INFO - Processing /home/rayyan/redfin_venv/lib/python3.10/site-packages/airflow/example_dags/example_task_group_decorator.py took 0.130 seconds
[2024-08-22T16:54:16.816+0500] {processor.py:186} INFO - Started process (PID=5596) to work on /home/rayyan/redfin_venv/lib/python3.10/site-packages/airflow/example_dags/example_task_group_decorator.py
[2024-08-22T16:54:16.828+0500] {processor.py:914} INFO - Processing file /home/rayyan/redfin_venv/lib/python3.10/site-packages/airflow/example_dags/example_task_group_decorator.py for tasks to queue
[2024-08-22T16:54:16.831+0500] {logging_mixin.py:190} INFO - [2024-08-22T16:54:16.831+0500] {dagbag.py:587} INFO - Filling up the DagBag from /home/rayyan/redfin_venv/lib/python3.10/site-packages/airflow/example_dags/example_task_group_decorator.py
[2024-08-22T16:54:16.849+0500] {processor.py:925} INFO - DAG(s) 'example_task_group_decorator' retrieved from /home/rayyan/redfin_venv/lib/python3.10/site-packages/airflow/example_dags/example_task_group_decorator.py
[2024-08-22T16:54:16.870+0500] {logging_mixin.py:190} INFO - [2024-08-22T16:54:16.869+0500] {dag.py:3211} INFO - Sync 1 DAGs
[2024-08-22T16:54:16.890+0500] {logging_mixin.py:190} INFO - [2024-08-22T16:54:16.890+0500] {dag.py:4138} INFO - Setting next_dagrun for example_task_group_decorator to 2024-08-21 00:00:00+00:00, run_after=2024-08-22 00:00:00+00:00
[2024-08-22T16:54:16.911+0500] {processor.py:208} INFO - Processing /home/rayyan/redfin_venv/lib/python3.10/site-packages/airflow/example_dags/example_task_group_decorator.py took 0.102 seconds
[2024-08-22T16:55:16.014+0500] {processor.py:186} INFO - Started process (PID=5883) to work on /home/rayyan/redfin_venv/lib/python3.10/site-packages/airflow/example_dags/example_task_group_decorator.py
[2024-08-22T16:55:16.016+0500] {processor.py:914} INFO - Processing file /home/rayyan/redfin_venv/lib/python3.10/site-packages/airflow/example_dags/example_task_group_decorator.py for tasks to queue
[2024-08-22T16:55:16.018+0500] {logging_mixin.py:190} INFO - [2024-08-22T16:55:16.018+0500] {dagbag.py:587} INFO - Filling up the DagBag from /home/rayyan/redfin_venv/lib/python3.10/site-packages/airflow/example_dags/example_task_group_decorator.py
[2024-08-22T16:55:16.037+0500] {processor.py:925} INFO - DAG(s) 'example_task_group_decorator' retrieved from /home/rayyan/redfin_venv/lib/python3.10/site-packages/airflow/example_dags/example_task_group_decorator.py
[2024-08-22T16:55:16.065+0500] {logging_mixin.py:190} INFO - [2024-08-22T16:55:16.064+0500] {dag.py:3211} INFO - Sync 1 DAGs
[2024-08-22T16:55:16.211+0500] {logging_mixin.py:190} INFO - [2024-08-22T16:55:16.211+0500] {dag.py:4138} INFO - Setting next_dagrun for example_task_group_decorator to 2024-08-21 00:00:00+00:00, run_after=2024-08-22 00:00:00+00:00
[2024-08-22T16:55:16.236+0500] {processor.py:208} INFO - Processing /home/rayyan/redfin_venv/lib/python3.10/site-packages/airflow/example_dags/example_task_group_decorator.py took 0.230 seconds
[2024-08-22T16:56:21.888+0500] {processor.py:186} INFO - Started process (PID=6201) to work on /home/rayyan/redfin_venv/lib/python3.10/site-packages/airflow/example_dags/example_task_group_decorator.py
[2024-08-22T16:56:21.890+0500] {processor.py:914} INFO - Processing file /home/rayyan/redfin_venv/lib/python3.10/site-packages/airflow/example_dags/example_task_group_decorator.py for tasks to queue
[2024-08-22T16:56:21.893+0500] {logging_mixin.py:190} INFO - [2024-08-22T16:56:21.892+0500] {dagbag.py:587} INFO - Filling up the DagBag from /home/rayyan/redfin_venv/lib/python3.10/site-packages/airflow/example_dags/example_task_group_decorator.py
[2024-08-22T16:56:21.913+0500] {processor.py:925} INFO - DAG(s) 'example_task_group_decorator' retrieved from /home/rayyan/redfin_venv/lib/python3.10/site-packages/airflow/example_dags/example_task_group_decorator.py
[2024-08-22T16:56:21.935+0500] {logging_mixin.py:190} INFO - [2024-08-22T16:56:21.935+0500] {dag.py:3211} INFO - Sync 1 DAGs
[2024-08-22T16:56:22.066+0500] {logging_mixin.py:190} INFO - [2024-08-22T16:56:22.066+0500] {dag.py:4138} INFO - Setting next_dagrun for example_task_group_decorator to 2024-08-21 00:00:00+00:00, run_after=2024-08-22 00:00:00+00:00
[2024-08-22T16:56:22.095+0500] {processor.py:208} INFO - Processing /home/rayyan/redfin_venv/lib/python3.10/site-packages/airflow/example_dags/example_task_group_decorator.py took 0.215 seconds
[2024-08-22T16:57:27.393+0500] {processor.py:186} INFO - Started process (PID=6516) to work on /home/rayyan/redfin_venv/lib/python3.10/site-packages/airflow/example_dags/example_task_group_decorator.py
[2024-08-22T16:57:27.395+0500] {processor.py:914} INFO - Processing file /home/rayyan/redfin_venv/lib/python3.10/site-packages/airflow/example_dags/example_task_group_decorator.py for tasks to queue
[2024-08-22T16:57:27.397+0500] {logging_mixin.py:190} INFO - [2024-08-22T16:57:27.397+0500] {dagbag.py:587} INFO - Filling up the DagBag from /home/rayyan/redfin_venv/lib/python3.10/site-packages/airflow/example_dags/example_task_group_decorator.py
[2024-08-22T16:57:27.414+0500] {processor.py:925} INFO - DAG(s) 'example_task_group_decorator' retrieved from /home/rayyan/redfin_venv/lib/python3.10/site-packages/airflow/example_dags/example_task_group_decorator.py
[2024-08-22T16:57:27.434+0500] {logging_mixin.py:190} INFO - [2024-08-22T16:57:27.434+0500] {dag.py:3211} INFO - Sync 1 DAGs
[2024-08-22T16:57:27.561+0500] {logging_mixin.py:190} INFO - [2024-08-22T16:57:27.560+0500] {dag.py:4138} INFO - Setting next_dagrun for example_task_group_decorator to 2024-08-21 00:00:00+00:00, run_after=2024-08-22 00:00:00+00:00
[2024-08-22T16:57:27.583+0500] {processor.py:208} INFO - Processing /home/rayyan/redfin_venv/lib/python3.10/site-packages/airflow/example_dags/example_task_group_decorator.py took 0.198 seconds
[2024-08-22T16:59:34.826+0500] {processor.py:186} INFO - Started process (PID=7177) to work on /home/rayyan/redfin_venv/lib/python3.10/site-packages/airflow/example_dags/example_task_group_decorator.py
[2024-08-22T16:59:34.838+0500] {processor.py:914} INFO - Processing file /home/rayyan/redfin_venv/lib/python3.10/site-packages/airflow/example_dags/example_task_group_decorator.py for tasks to queue
[2024-08-22T16:59:34.840+0500] {logging_mixin.py:190} INFO - [2024-08-22T16:59:34.840+0500] {dagbag.py:587} INFO - Filling up the DagBag from /home/rayyan/redfin_venv/lib/python3.10/site-packages/airflow/example_dags/example_task_group_decorator.py
[2024-08-22T16:59:34.972+0500] {processor.py:925} INFO - DAG(s) 'example_task_group_decorator' retrieved from /home/rayyan/redfin_venv/lib/python3.10/site-packages/airflow/example_dags/example_task_group_decorator.py
[2024-08-22T16:59:34.991+0500] {logging_mixin.py:190} INFO - [2024-08-22T16:59:34.991+0500] {dag.py:3211} INFO - Sync 1 DAGs
[2024-08-22T16:59:35.010+0500] {logging_mixin.py:190} INFO - [2024-08-22T16:59:35.010+0500] {dag.py:4138} INFO - Setting next_dagrun for example_task_group_decorator to 2024-08-21 00:00:00+00:00, run_after=2024-08-22 00:00:00+00:00
[2024-08-22T16:59:35.032+0500] {processor.py:208} INFO - Processing /home/rayyan/redfin_venv/lib/python3.10/site-packages/airflow/example_dags/example_task_group_decorator.py took 0.212 seconds
[2024-08-22T17:00:42.400+0500] {processor.py:186} INFO - Started process (PID=9337) to work on /home/rayyan/redfin_venv/lib/python3.10/site-packages/airflow/example_dags/example_task_group_decorator.py
[2024-08-22T17:00:42.413+0500] {processor.py:914} INFO - Processing file /home/rayyan/redfin_venv/lib/python3.10/site-packages/airflow/example_dags/example_task_group_decorator.py for tasks to queue
[2024-08-22T17:00:42.418+0500] {logging_mixin.py:190} INFO - [2024-08-22T17:00:42.417+0500] {dagbag.py:587} INFO - Filling up the DagBag from /home/rayyan/redfin_venv/lib/python3.10/site-packages/airflow/example_dags/example_task_group_decorator.py
[2024-08-22T17:00:42.447+0500] {processor.py:925} INFO - DAG(s) 'example_task_group_decorator' retrieved from /home/rayyan/redfin_venv/lib/python3.10/site-packages/airflow/example_dags/example_task_group_decorator.py
[2024-08-22T17:00:42.487+0500] {logging_mixin.py:190} INFO - [2024-08-22T17:00:42.486+0500] {dag.py:3211} INFO - Sync 1 DAGs
[2024-08-22T17:00:42.523+0500] {logging_mixin.py:190} INFO - [2024-08-22T17:00:42.522+0500] {dag.py:4138} INFO - Setting next_dagrun for example_task_group_decorator to 2024-08-21 00:00:00+00:00, run_after=2024-08-22 00:00:00+00:00
[2024-08-22T17:00:42.559+0500] {processor.py:208} INFO - Processing /home/rayyan/redfin_venv/lib/python3.10/site-packages/airflow/example_dags/example_task_group_decorator.py took 0.172 seconds
[2024-08-22T17:01:50.453+0500] {processor.py:186} INFO - Started process (PID=11549) to work on /home/rayyan/redfin_venv/lib/python3.10/site-packages/airflow/example_dags/example_task_group_decorator.py
[2024-08-22T17:01:50.455+0500] {processor.py:914} INFO - Processing file /home/rayyan/redfin_venv/lib/python3.10/site-packages/airflow/example_dags/example_task_group_decorator.py for tasks to queue
[2024-08-22T17:01:50.460+0500] {logging_mixin.py:190} INFO - [2024-08-22T17:01:50.459+0500] {dagbag.py:587} INFO - Filling up the DagBag from /home/rayyan/redfin_venv/lib/python3.10/site-packages/airflow/example_dags/example_task_group_decorator.py
[2024-08-22T17:01:50.498+0500] {processor.py:925} INFO - DAG(s) 'example_task_group_decorator' retrieved from /home/rayyan/redfin_venv/lib/python3.10/site-packages/airflow/example_dags/example_task_group_decorator.py
[2024-08-22T17:01:50.536+0500] {logging_mixin.py:190} INFO - [2024-08-22T17:01:50.535+0500] {dag.py:3211} INFO - Sync 1 DAGs
[2024-08-22T17:01:50.574+0500] {logging_mixin.py:190} INFO - [2024-08-22T17:01:50.574+0500] {dag.py:4138} INFO - Setting next_dagrun for example_task_group_decorator to 2024-08-21 00:00:00+00:00, run_after=2024-08-22 00:00:00+00:00
[2024-08-22T17:01:50.616+0500] {processor.py:208} INFO - Processing /home/rayyan/redfin_venv/lib/python3.10/site-packages/airflow/example_dags/example_task_group_decorator.py took 0.176 seconds
[2024-08-22T17:02:59.445+0500] {processor.py:186} INFO - Started process (PID=12949) to work on /home/rayyan/redfin_venv/lib/python3.10/site-packages/airflow/example_dags/example_task_group_decorator.py
[2024-08-22T17:02:59.446+0500] {processor.py:914} INFO - Processing file /home/rayyan/redfin_venv/lib/python3.10/site-packages/airflow/example_dags/example_task_group_decorator.py for tasks to queue
[2024-08-22T17:02:59.449+0500] {logging_mixin.py:190} INFO - [2024-08-22T17:02:59.449+0500] {dagbag.py:587} INFO - Filling up the DagBag from /home/rayyan/redfin_venv/lib/python3.10/site-packages/airflow/example_dags/example_task_group_decorator.py
[2024-08-22T17:02:59.467+0500] {processor.py:925} INFO - DAG(s) 'example_task_group_decorator' retrieved from /home/rayyan/redfin_venv/lib/python3.10/site-packages/airflow/example_dags/example_task_group_decorator.py
[2024-08-22T17:02:59.493+0500] {logging_mixin.py:190} INFO - [2024-08-22T17:02:59.492+0500] {dag.py:3211} INFO - Sync 1 DAGs
[2024-08-22T17:02:59.514+0500] {logging_mixin.py:190} INFO - [2024-08-22T17:02:59.513+0500] {dag.py:4138} INFO - Setting next_dagrun for example_task_group_decorator to 2024-08-21 00:00:00+00:00, run_after=2024-08-22 00:00:00+00:00
[2024-08-22T17:02:59.537+0500] {processor.py:208} INFO - Processing /home/rayyan/redfin_venv/lib/python3.10/site-packages/airflow/example_dags/example_task_group_decorator.py took 0.100 seconds
[2024-08-22T17:03:58.124+0500] {processor.py:186} INFO - Started process (PID=13233) to work on /home/rayyan/redfin_venv/lib/python3.10/site-packages/airflow/example_dags/example_task_group_decorator.py
[2024-08-22T17:03:58.126+0500] {processor.py:914} INFO - Processing file /home/rayyan/redfin_venv/lib/python3.10/site-packages/airflow/example_dags/example_task_group_decorator.py for tasks to queue
[2024-08-22T17:03:58.130+0500] {logging_mixin.py:190} INFO - [2024-08-22T17:03:58.129+0500] {dagbag.py:587} INFO - Filling up the DagBag from /home/rayyan/redfin_venv/lib/python3.10/site-packages/airflow/example_dags/example_task_group_decorator.py
[2024-08-22T17:03:58.148+0500] {processor.py:925} INFO - DAG(s) 'example_task_group_decorator' retrieved from /home/rayyan/redfin_venv/lib/python3.10/site-packages/airflow/example_dags/example_task_group_decorator.py
[2024-08-22T17:03:58.170+0500] {logging_mixin.py:190} INFO - [2024-08-22T17:03:58.169+0500] {dag.py:3211} INFO - Sync 1 DAGs
[2024-08-22T17:03:58.190+0500] {logging_mixin.py:190} INFO - [2024-08-22T17:03:58.190+0500] {dag.py:4138} INFO - Setting next_dagrun for example_task_group_decorator to 2024-08-21 00:00:00+00:00, run_after=2024-08-22 00:00:00+00:00
[2024-08-22T17:03:58.214+0500] {processor.py:208} INFO - Processing /home/rayyan/redfin_venv/lib/python3.10/site-packages/airflow/example_dags/example_task_group_decorator.py took 0.099 seconds
[2024-08-22T17:04:55.460+0500] {processor.py:186} INFO - Started process (PID=13511) to work on /home/rayyan/redfin_venv/lib/python3.10/site-packages/airflow/example_dags/example_task_group_decorator.py
[2024-08-22T17:04:55.464+0500] {processor.py:914} INFO - Processing file /home/rayyan/redfin_venv/lib/python3.10/site-packages/airflow/example_dags/example_task_group_decorator.py for tasks to queue
[2024-08-22T17:04:55.466+0500] {logging_mixin.py:190} INFO - [2024-08-22T17:04:55.466+0500] {dagbag.py:587} INFO - Filling up the DagBag from /home/rayyan/redfin_venv/lib/python3.10/site-packages/airflow/example_dags/example_task_group_decorator.py
[2024-08-22T17:04:55.482+0500] {processor.py:925} INFO - DAG(s) 'example_task_group_decorator' retrieved from /home/rayyan/redfin_venv/lib/python3.10/site-packages/airflow/example_dags/example_task_group_decorator.py
[2024-08-22T17:04:55.502+0500] {logging_mixin.py:190} INFO - [2024-08-22T17:04:55.502+0500] {dag.py:3211} INFO - Sync 1 DAGs
[2024-08-22T17:04:55.521+0500] {logging_mixin.py:190} INFO - [2024-08-22T17:04:55.520+0500] {dag.py:4138} INFO - Setting next_dagrun for example_task_group_decorator to 2024-08-21 00:00:00+00:00, run_after=2024-08-22 00:00:00+00:00
[2024-08-22T17:04:55.540+0500] {processor.py:208} INFO - Processing /home/rayyan/redfin_venv/lib/python3.10/site-packages/airflow/example_dags/example_task_group_decorator.py took 0.086 seconds
[2024-08-22T17:05:51.040+0500] {processor.py:186} INFO - Started process (PID=13781) to work on /home/rayyan/redfin_venv/lib/python3.10/site-packages/airflow/example_dags/example_task_group_decorator.py
[2024-08-22T17:05:51.053+0500] {processor.py:914} INFO - Processing file /home/rayyan/redfin_venv/lib/python3.10/site-packages/airflow/example_dags/example_task_group_decorator.py for tasks to queue
[2024-08-22T17:05:51.055+0500] {logging_mixin.py:190} INFO - [2024-08-22T17:05:51.055+0500] {dagbag.py:587} INFO - Filling up the DagBag from /home/rayyan/redfin_venv/lib/python3.10/site-packages/airflow/example_dags/example_task_group_decorator.py
[2024-08-22T17:05:51.074+0500] {processor.py:925} INFO - DAG(s) 'example_task_group_decorator' retrieved from /home/rayyan/redfin_venv/lib/python3.10/site-packages/airflow/example_dags/example_task_group_decorator.py
[2024-08-22T17:05:51.095+0500] {logging_mixin.py:190} INFO - [2024-08-22T17:05:51.095+0500] {dag.py:3211} INFO - Sync 1 DAGs
[2024-08-22T17:05:51.116+0500] {logging_mixin.py:190} INFO - [2024-08-22T17:05:51.115+0500] {dag.py:4138} INFO - Setting next_dagrun for example_task_group_decorator to 2024-08-21 00:00:00+00:00, run_after=2024-08-22 00:00:00+00:00
[2024-08-22T17:05:51.138+0500] {processor.py:208} INFO - Processing /home/rayyan/redfin_venv/lib/python3.10/site-packages/airflow/example_dags/example_task_group_decorator.py took 0.106 seconds
[2024-08-22T17:06:48.625+0500] {processor.py:186} INFO - Started process (PID=14063) to work on /home/rayyan/redfin_venv/lib/python3.10/site-packages/airflow/example_dags/example_task_group_decorator.py
[2024-08-22T17:06:48.637+0500] {processor.py:914} INFO - Processing file /home/rayyan/redfin_venv/lib/python3.10/site-packages/airflow/example_dags/example_task_group_decorator.py for tasks to queue
[2024-08-22T17:06:48.640+0500] {logging_mixin.py:190} INFO - [2024-08-22T17:06:48.639+0500] {dagbag.py:587} INFO - Filling up the DagBag from /home/rayyan/redfin_venv/lib/python3.10/site-packages/airflow/example_dags/example_task_group_decorator.py
[2024-08-22T17:06:48.657+0500] {processor.py:925} INFO - DAG(s) 'example_task_group_decorator' retrieved from /home/rayyan/redfin_venv/lib/python3.10/site-packages/airflow/example_dags/example_task_group_decorator.py
[2024-08-22T17:06:48.678+0500] {logging_mixin.py:190} INFO - [2024-08-22T17:06:48.678+0500] {dag.py:3211} INFO - Sync 1 DAGs
[2024-08-22T17:06:48.698+0500] {logging_mixin.py:190} INFO - [2024-08-22T17:06:48.697+0500] {dag.py:4138} INFO - Setting next_dagrun for example_task_group_decorator to 2024-08-21 00:00:00+00:00, run_after=2024-08-22 00:00:00+00:00
[2024-08-22T17:06:48.717+0500] {processor.py:208} INFO - Processing /home/rayyan/redfin_venv/lib/python3.10/site-packages/airflow/example_dags/example_task_group_decorator.py took 0.102 seconds
[2024-08-22T17:07:46.318+0500] {processor.py:186} INFO - Started process (PID=14349) to work on /home/rayyan/redfin_venv/lib/python3.10/site-packages/airflow/example_dags/example_task_group_decorator.py
[2024-08-22T17:07:46.320+0500] {processor.py:914} INFO - Processing file /home/rayyan/redfin_venv/lib/python3.10/site-packages/airflow/example_dags/example_task_group_decorator.py for tasks to queue
[2024-08-22T17:07:46.322+0500] {logging_mixin.py:190} INFO - [2024-08-22T17:07:46.322+0500] {dagbag.py:587} INFO - Filling up the DagBag from /home/rayyan/redfin_venv/lib/python3.10/site-packages/airflow/example_dags/example_task_group_decorator.py
[2024-08-22T17:07:46.342+0500] {processor.py:925} INFO - DAG(s) 'example_task_group_decorator' retrieved from /home/rayyan/redfin_venv/lib/python3.10/site-packages/airflow/example_dags/example_task_group_decorator.py
[2024-08-22T17:07:46.368+0500] {logging_mixin.py:190} INFO - [2024-08-22T17:07:46.367+0500] {dag.py:3211} INFO - Sync 1 DAGs
[2024-08-22T17:07:46.393+0500] {logging_mixin.py:190} INFO - [2024-08-22T17:07:46.393+0500] {dag.py:4138} INFO - Setting next_dagrun for example_task_group_decorator to 2024-08-21 00:00:00+00:00, run_after=2024-08-22 00:00:00+00:00
[2024-08-22T17:07:46.433+0500] {processor.py:208} INFO - Processing /home/rayyan/redfin_venv/lib/python3.10/site-packages/airflow/example_dags/example_task_group_decorator.py took 0.122 seconds
