[2024-08-22T16:48:21.614+0500] {processor.py:186} INFO - Started process (PID=3858) to work on /home/rayyan/redfin_venv/lib/python3.10/site-packages/airflow/example_dags/example_params_ui_tutorial.py
[2024-08-22T16:48:21.615+0500] {processor.py:914} INFO - Processing file /home/rayyan/redfin_venv/lib/python3.10/site-packages/airflow/example_dags/example_params_ui_tutorial.py for tasks to queue
[2024-08-22T16:48:21.617+0500] {logging_mixin.py:190} INFO - [2024-08-22T16:48:21.616+0500] {dagbag.py:587} INFO - Filling up the DagBag from /home/rayyan/redfin_venv/lib/python3.10/site-packages/airflow/example_dags/example_params_ui_tutorial.py
[2024-08-22T16:48:21.626+0500] {processor.py:925} INFO - DAG(s) 'example_params_ui_tutorial' retrieved from /home/rayyan/redfin_venv/lib/python3.10/site-packages/airflow/example_dags/example_params_ui_tutorial.py
[2024-08-22T16:48:21.667+0500] {logging_mixin.py:190} INFO - [2024-08-22T16:48:21.667+0500] {dag.py:3211} INFO - Sync 1 DAGs
[2024-08-22T16:48:21.679+0500] {logging_mixin.py:190} INFO - [2024-08-22T16:48:21.679+0500] {dag.py:4138} INFO - Setting next_dagrun for example_params_ui_tutorial to None, run_after=None
[2024-08-22T16:48:21.710+0500] {processor.py:208} INFO - Processing /home/rayyan/redfin_venv/lib/python3.10/site-packages/airflow/example_dags/example_params_ui_tutorial.py took 0.104 seconds
[2024-08-22T16:49:20.057+0500] {processor.py:186} INFO - Started process (PID=4163) to work on /home/rayyan/redfin_venv/lib/python3.10/site-packages/airflow/example_dags/example_params_ui_tutorial.py
[2024-08-22T16:49:20.059+0500] {processor.py:914} INFO - Processing file /home/rayyan/redfin_venv/lib/python3.10/site-packages/airflow/example_dags/example_params_ui_tutorial.py for tasks to queue
[2024-08-22T16:49:20.062+0500] {logging_mixin.py:190} INFO - [2024-08-22T16:49:20.062+0500] {dagbag.py:587} INFO - Filling up the DagBag from /home/rayyan/redfin_venv/lib/python3.10/site-packages/airflow/example_dags/example_params_ui_tutorial.py
[2024-08-22T16:49:20.078+0500] {processor.py:925} INFO - DAG(s) 'example_params_ui_tutorial' retrieved from /home/rayyan/redfin_venv/lib/python3.10/site-packages/airflow/example_dags/example_params_ui_tutorial.py
[2024-08-22T16:49:20.139+0500] {logging_mixin.py:190} INFO - [2024-08-22T16:49:20.138+0500] {dag.py:3211} INFO - Sync 1 DAGs
[2024-08-22T16:49:20.151+0500] {logging_mixin.py:190} INFO - [2024-08-22T16:49:20.150+0500] {dag.py:4138} INFO - Setting next_dagrun for example_params_ui_tutorial to None, run_after=None
[2024-08-22T16:49:20.171+0500] {processor.py:208} INFO - Processing /home/rayyan/redfin_venv/lib/python3.10/site-packages/airflow/example_dags/example_params_ui_tutorial.py took 0.124 seconds
[2024-08-22T16:50:17.574+0500] {processor.py:186} INFO - Started process (PID=4445) to work on /home/rayyan/redfin_venv/lib/python3.10/site-packages/airflow/example_dags/example_params_ui_tutorial.py
[2024-08-22T16:50:17.587+0500] {processor.py:914} INFO - Processing file /home/rayyan/redfin_venv/lib/python3.10/site-packages/airflow/example_dags/example_params_ui_tutorial.py for tasks to queue
[2024-08-22T16:50:17.590+0500] {logging_mixin.py:190} INFO - [2024-08-22T16:50:17.589+0500] {dagbag.py:587} INFO - Filling up the DagBag from /home/rayyan/redfin_venv/lib/python3.10/site-packages/airflow/example_dags/example_params_ui_tutorial.py
[2024-08-22T16:50:17.599+0500] {processor.py:925} INFO - DAG(s) 'example_params_ui_tutorial' retrieved from /home/rayyan/redfin_venv/lib/python3.10/site-packages/airflow/example_dags/example_params_ui_tutorial.py
[2024-08-22T16:50:17.639+0500] {logging_mixin.py:190} INFO - [2024-08-22T16:50:17.638+0500] {dag.py:3211} INFO - Sync 1 DAGs
[2024-08-22T16:50:17.650+0500] {logging_mixin.py:190} INFO - [2024-08-22T16:50:17.650+0500] {dag.py:4138} INFO - Setting next_dagrun for example_params_ui_tutorial to None, run_after=None
[2024-08-22T16:50:17.670+0500] {processor.py:208} INFO - Processing /home/rayyan/redfin_venv/lib/python3.10/site-packages/airflow/example_dags/example_params_ui_tutorial.py took 0.103 seconds
[2024-08-22T16:51:15.173+0500] {processor.py:186} INFO - Started process (PID=4724) to work on /home/rayyan/redfin_venv/lib/python3.10/site-packages/airflow/example_dags/example_params_ui_tutorial.py
[2024-08-22T16:51:15.174+0500] {processor.py:914} INFO - Processing file /home/rayyan/redfin_venv/lib/python3.10/site-packages/airflow/example_dags/example_params_ui_tutorial.py for tasks to queue
[2024-08-22T16:51:15.176+0500] {logging_mixin.py:190} INFO - [2024-08-22T16:51:15.176+0500] {dagbag.py:587} INFO - Filling up the DagBag from /home/rayyan/redfin_venv/lib/python3.10/site-packages/airflow/example_dags/example_params_ui_tutorial.py
[2024-08-22T16:51:15.184+0500] {processor.py:925} INFO - DAG(s) 'example_params_ui_tutorial' retrieved from /home/rayyan/redfin_venv/lib/python3.10/site-packages/airflow/example_dags/example_params_ui_tutorial.py
[2024-08-22T16:51:15.225+0500] {logging_mixin.py:190} INFO - [2024-08-22T16:51:15.225+0500] {dag.py:3211} INFO - Sync 1 DAGs
[2024-08-22T16:51:15.235+0500] {logging_mixin.py:190} INFO - [2024-08-22T16:51:15.235+0500] {dag.py:4138} INFO - Setting next_dagrun for example_params_ui_tutorial to None, run_after=None
[2024-08-22T16:51:15.257+0500] {processor.py:208} INFO - Processing /home/rayyan/redfin_venv/lib/python3.10/site-packages/airflow/example_dags/example_params_ui_tutorial.py took 0.090 seconds
[2024-08-22T16:52:14.173+0500] {processor.py:186} INFO - Started process (PID=5008) to work on /home/rayyan/redfin_venv/lib/python3.10/site-packages/airflow/example_dags/example_params_ui_tutorial.py
[2024-08-22T16:52:14.185+0500] {processor.py:914} INFO - Processing file /home/rayyan/redfin_venv/lib/python3.10/site-packages/airflow/example_dags/example_params_ui_tutorial.py for tasks to queue
[2024-08-22T16:52:14.188+0500] {logging_mixin.py:190} INFO - [2024-08-22T16:52:14.187+0500] {dagbag.py:587} INFO - Filling up the DagBag from /home/rayyan/redfin_venv/lib/python3.10/site-packages/airflow/example_dags/example_params_ui_tutorial.py
[2024-08-22T16:52:14.198+0500] {processor.py:925} INFO - DAG(s) 'example_params_ui_tutorial' retrieved from /home/rayyan/redfin_venv/lib/python3.10/site-packages/airflow/example_dags/example_params_ui_tutorial.py
[2024-08-22T16:52:14.238+0500] {logging_mixin.py:190} INFO - [2024-08-22T16:52:14.238+0500] {dag.py:3211} INFO - Sync 1 DAGs
[2024-08-22T16:52:14.251+0500] {logging_mixin.py:190} INFO - [2024-08-22T16:52:14.251+0500] {dag.py:4138} INFO - Setting next_dagrun for example_params_ui_tutorial to None, run_after=None
[2024-08-22T16:52:14.272+0500] {processor.py:208} INFO - Processing /home/rayyan/redfin_venv/lib/python3.10/site-packages/airflow/example_dags/example_params_ui_tutorial.py took 0.105 seconds
[2024-08-22T16:53:17.169+0500] {processor.py:186} INFO - Started process (PID=5309) to work on /home/rayyan/redfin_venv/lib/python3.10/site-packages/airflow/example_dags/example_params_ui_tutorial.py
[2024-08-22T16:53:17.182+0500] {processor.py:914} INFO - Processing file /home/rayyan/redfin_venv/lib/python3.10/site-packages/airflow/example_dags/example_params_ui_tutorial.py for tasks to queue
[2024-08-22T16:53:17.184+0500] {logging_mixin.py:190} INFO - [2024-08-22T16:53:17.184+0500] {dagbag.py:587} INFO - Filling up the DagBag from /home/rayyan/redfin_venv/lib/python3.10/site-packages/airflow/example_dags/example_params_ui_tutorial.py
[2024-08-22T16:53:17.196+0500] {processor.py:925} INFO - DAG(s) 'example_params_ui_tutorial' retrieved from /home/rayyan/redfin_venv/lib/python3.10/site-packages/airflow/example_dags/example_params_ui_tutorial.py
[2024-08-22T16:53:17.237+0500] {logging_mixin.py:190} INFO - [2024-08-22T16:53:17.237+0500] {dag.py:3211} INFO - Sync 1 DAGs
[2024-08-22T16:53:17.248+0500] {logging_mixin.py:190} INFO - [2024-08-22T16:53:17.248+0500] {dag.py:4138} INFO - Setting next_dagrun for example_params_ui_tutorial to None, run_after=None
[2024-08-22T16:53:17.268+0500] {processor.py:208} INFO - Processing /home/rayyan/redfin_venv/lib/python3.10/site-packages/airflow/example_dags/example_params_ui_tutorial.py took 0.106 seconds
[2024-08-22T16:54:19.684+0500] {processor.py:186} INFO - Started process (PID=5610) to work on /home/rayyan/redfin_venv/lib/python3.10/site-packages/airflow/example_dags/example_params_ui_tutorial.py
[2024-08-22T16:54:19.696+0500] {processor.py:914} INFO - Processing file /home/rayyan/redfin_venv/lib/python3.10/site-packages/airflow/example_dags/example_params_ui_tutorial.py for tasks to queue
[2024-08-22T16:54:19.699+0500] {logging_mixin.py:190} INFO - [2024-08-22T16:54:19.699+0500] {dagbag.py:587} INFO - Filling up the DagBag from /home/rayyan/redfin_venv/lib/python3.10/site-packages/airflow/example_dags/example_params_ui_tutorial.py
[2024-08-22T16:54:19.709+0500] {processor.py:925} INFO - DAG(s) 'example_params_ui_tutorial' retrieved from /home/rayyan/redfin_venv/lib/python3.10/site-packages/airflow/example_dags/example_params_ui_tutorial.py
[2024-08-22T16:54:19.751+0500] {logging_mixin.py:190} INFO - [2024-08-22T16:54:19.750+0500] {dag.py:3211} INFO - Sync 1 DAGs
[2024-08-22T16:54:19.761+0500] {logging_mixin.py:190} INFO - [2024-08-22T16:54:19.761+0500] {dag.py:4138} INFO - Setting next_dagrun for example_params_ui_tutorial to None, run_after=None
[2024-08-22T16:54:19.780+0500] {processor.py:208} INFO - Processing /home/rayyan/redfin_venv/lib/python3.10/site-packages/airflow/example_dags/example_params_ui_tutorial.py took 0.102 seconds
[2024-08-22T16:55:19.958+0500] {processor.py:186} INFO - Started process (PID=5902) to work on /home/rayyan/redfin_venv/lib/python3.10/site-packages/airflow/example_dags/example_params_ui_tutorial.py
[2024-08-22T16:55:19.960+0500] {processor.py:914} INFO - Processing file /home/rayyan/redfin_venv/lib/python3.10/site-packages/airflow/example_dags/example_params_ui_tutorial.py for tasks to queue
[2024-08-22T16:55:19.964+0500] {logging_mixin.py:190} INFO - [2024-08-22T16:55:19.963+0500] {dagbag.py:587} INFO - Filling up the DagBag from /home/rayyan/redfin_venv/lib/python3.10/site-packages/airflow/example_dags/example_params_ui_tutorial.py
[2024-08-22T16:55:19.976+0500] {processor.py:925} INFO - DAG(s) 'example_params_ui_tutorial' retrieved from /home/rayyan/redfin_venv/lib/python3.10/site-packages/airflow/example_dags/example_params_ui_tutorial.py
[2024-08-22T16:55:20.038+0500] {logging_mixin.py:190} INFO - [2024-08-22T16:55:20.037+0500] {dag.py:3211} INFO - Sync 1 DAGs
[2024-08-22T16:55:20.163+0500] {logging_mixin.py:190} INFO - [2024-08-22T16:55:20.163+0500] {dag.py:4138} INFO - Setting next_dagrun for example_params_ui_tutorial to None, run_after=None
[2024-08-22T16:55:20.188+0500] {processor.py:208} INFO - Processing /home/rayyan/redfin_venv/lib/python3.10/site-packages/airflow/example_dags/example_params_ui_tutorial.py took 0.236 seconds
[2024-08-22T16:56:25.958+0500] {processor.py:186} INFO - Started process (PID=6220) to work on /home/rayyan/redfin_venv/lib/python3.10/site-packages/airflow/example_dags/example_params_ui_tutorial.py
[2024-08-22T16:56:25.965+0500] {processor.py:914} INFO - Processing file /home/rayyan/redfin_venv/lib/python3.10/site-packages/airflow/example_dags/example_params_ui_tutorial.py for tasks to queue
[2024-08-22T16:56:25.967+0500] {logging_mixin.py:190} INFO - [2024-08-22T16:56:25.967+0500] {dagbag.py:587} INFO - Filling up the DagBag from /home/rayyan/redfin_venv/lib/python3.10/site-packages/airflow/example_dags/example_params_ui_tutorial.py
[2024-08-22T16:56:25.977+0500] {processor.py:925} INFO - DAG(s) 'example_params_ui_tutorial' retrieved from /home/rayyan/redfin_venv/lib/python3.10/site-packages/airflow/example_dags/example_params_ui_tutorial.py
[2024-08-22T16:56:26.026+0500] {logging_mixin.py:190} INFO - [2024-08-22T16:56:26.026+0500] {dag.py:3211} INFO - Sync 1 DAGs
[2024-08-22T16:56:26.181+0500] {logging_mixin.py:190} INFO - [2024-08-22T16:56:26.180+0500] {dag.py:4138} INFO - Setting next_dagrun for example_params_ui_tutorial to None, run_after=None
[2024-08-22T16:56:26.210+0500] {processor.py:208} INFO - Processing /home/rayyan/redfin_venv/lib/python3.10/site-packages/airflow/example_dags/example_params_ui_tutorial.py took 0.260 seconds
[2024-08-22T16:57:31.361+0500] {processor.py:186} INFO - Started process (PID=6534) to work on /home/rayyan/redfin_venv/lib/python3.10/site-packages/airflow/example_dags/example_params_ui_tutorial.py
[2024-08-22T16:57:31.373+0500] {processor.py:914} INFO - Processing file /home/rayyan/redfin_venv/lib/python3.10/site-packages/airflow/example_dags/example_params_ui_tutorial.py for tasks to queue
[2024-08-22T16:57:31.376+0500] {logging_mixin.py:190} INFO - [2024-08-22T16:57:31.376+0500] {dagbag.py:587} INFO - Filling up the DagBag from /home/rayyan/redfin_venv/lib/python3.10/site-packages/airflow/example_dags/example_params_ui_tutorial.py
[2024-08-22T16:57:31.387+0500] {processor.py:925} INFO - DAG(s) 'example_params_ui_tutorial' retrieved from /home/rayyan/redfin_venv/lib/python3.10/site-packages/airflow/example_dags/example_params_ui_tutorial.py
[2024-08-22T16:57:31.530+0500] {logging_mixin.py:190} INFO - [2024-08-22T16:57:31.530+0500] {dag.py:3211} INFO - Sync 1 DAGs
[2024-08-22T16:57:31.545+0500] {logging_mixin.py:190} INFO - [2024-08-22T16:57:31.545+0500] {dag.py:4138} INFO - Setting next_dagrun for example_params_ui_tutorial to None, run_after=None
[2024-08-22T16:57:31.568+0500] {processor.py:208} INFO - Processing /home/rayyan/redfin_venv/lib/python3.10/site-packages/airflow/example_dags/example_params_ui_tutorial.py took 0.215 seconds
[2024-08-22T16:59:38.753+0500] {processor.py:186} INFO - Started process (PID=7195) to work on /home/rayyan/redfin_venv/lib/python3.10/site-packages/airflow/example_dags/example_params_ui_tutorial.py
[2024-08-22T16:59:38.765+0500] {processor.py:914} INFO - Processing file /home/rayyan/redfin_venv/lib/python3.10/site-packages/airflow/example_dags/example_params_ui_tutorial.py for tasks to queue
[2024-08-22T16:59:38.767+0500] {logging_mixin.py:190} INFO - [2024-08-22T16:59:38.767+0500] {dagbag.py:587} INFO - Filling up the DagBag from /home/rayyan/redfin_venv/lib/python3.10/site-packages/airflow/example_dags/example_params_ui_tutorial.py
[2024-08-22T16:59:38.777+0500] {processor.py:925} INFO - DAG(s) 'example_params_ui_tutorial' retrieved from /home/rayyan/redfin_venv/lib/python3.10/site-packages/airflow/example_dags/example_params_ui_tutorial.py
[2024-08-22T16:59:38.829+0500] {logging_mixin.py:190} INFO - [2024-08-22T16:59:38.828+0500] {dag.py:3211} INFO - Sync 1 DAGs
[2024-08-22T16:59:38.845+0500] {logging_mixin.py:190} INFO - [2024-08-22T16:59:38.845+0500] {dag.py:4138} INFO - Setting next_dagrun for example_params_ui_tutorial to None, run_after=None
[2024-08-22T16:59:38.877+0500] {processor.py:208} INFO - Processing /home/rayyan/redfin_venv/lib/python3.10/site-packages/airflow/example_dags/example_params_ui_tutorial.py took 0.130 seconds
[2024-08-22T17:00:46.145+0500] {processor.py:186} INFO - Started process (PID=9439) to work on /home/rayyan/redfin_venv/lib/python3.10/site-packages/airflow/example_dags/example_params_ui_tutorial.py
[2024-08-22T17:00:46.148+0500] {processor.py:914} INFO - Processing file /home/rayyan/redfin_venv/lib/python3.10/site-packages/airflow/example_dags/example_params_ui_tutorial.py for tasks to queue
[2024-08-22T17:00:46.153+0500] {logging_mixin.py:190} INFO - [2024-08-22T17:00:46.152+0500] {dagbag.py:587} INFO - Filling up the DagBag from /home/rayyan/redfin_venv/lib/python3.10/site-packages/airflow/example_dags/example_params_ui_tutorial.py
[2024-08-22T17:00:46.181+0500] {processor.py:925} INFO - DAG(s) 'example_params_ui_tutorial' retrieved from /home/rayyan/redfin_venv/lib/python3.10/site-packages/airflow/example_dags/example_params_ui_tutorial.py
[2024-08-22T17:00:46.338+0500] {logging_mixin.py:190} INFO - [2024-08-22T17:00:46.337+0500] {dag.py:3211} INFO - Sync 1 DAGs
[2024-08-22T17:00:46.375+0500] {logging_mixin.py:190} INFO - [2024-08-22T17:00:46.374+0500] {dag.py:4138} INFO - Setting next_dagrun for example_params_ui_tutorial to None, run_after=None
[2024-08-22T17:00:46.432+0500] {processor.py:208} INFO - Processing /home/rayyan/redfin_venv/lib/python3.10/site-packages/airflow/example_dags/example_params_ui_tutorial.py took 0.302 seconds
[2024-08-22T17:01:53.787+0500] {processor.py:186} INFO - Started process (PID=11649) to work on /home/rayyan/redfin_venv/lib/python3.10/site-packages/airflow/example_dags/example_params_ui_tutorial.py
[2024-08-22T17:01:53.800+0500] {processor.py:914} INFO - Processing file /home/rayyan/redfin_venv/lib/python3.10/site-packages/airflow/example_dags/example_params_ui_tutorial.py for tasks to queue
[2024-08-22T17:01:53.804+0500] {logging_mixin.py:190} INFO - [2024-08-22T17:01:53.803+0500] {dagbag.py:587} INFO - Filling up the DagBag from /home/rayyan/redfin_venv/lib/python3.10/site-packages/airflow/example_dags/example_params_ui_tutorial.py
[2024-08-22T17:01:53.824+0500] {processor.py:925} INFO - DAG(s) 'example_params_ui_tutorial' retrieved from /home/rayyan/redfin_venv/lib/python3.10/site-packages/airflow/example_dags/example_params_ui_tutorial.py
[2024-08-22T17:01:53.942+0500] {logging_mixin.py:190} INFO - [2024-08-22T17:01:53.941+0500] {dag.py:3211} INFO - Sync 1 DAGs
[2024-08-22T17:01:53.969+0500] {logging_mixin.py:190} INFO - [2024-08-22T17:01:53.969+0500] {dag.py:4138} INFO - Setting next_dagrun for example_params_ui_tutorial to None, run_after=None
[2024-08-22T17:01:54.005+0500] {processor.py:208} INFO - Processing /home/rayyan/redfin_venv/lib/python3.10/site-packages/airflow/example_dags/example_params_ui_tutorial.py took 0.237 seconds
[2024-08-22T17:03:03.134+0500] {processor.py:186} INFO - Started process (PID=12966) to work on /home/rayyan/redfin_venv/lib/python3.10/site-packages/airflow/example_dags/example_params_ui_tutorial.py
[2024-08-22T17:03:03.146+0500] {processor.py:914} INFO - Processing file /home/rayyan/redfin_venv/lib/python3.10/site-packages/airflow/example_dags/example_params_ui_tutorial.py for tasks to queue
[2024-08-22T17:03:03.149+0500] {logging_mixin.py:190} INFO - [2024-08-22T17:03:03.148+0500] {dagbag.py:587} INFO - Filling up the DagBag from /home/rayyan/redfin_venv/lib/python3.10/site-packages/airflow/example_dags/example_params_ui_tutorial.py
[2024-08-22T17:03:03.159+0500] {processor.py:925} INFO - DAG(s) 'example_params_ui_tutorial' retrieved from /home/rayyan/redfin_venv/lib/python3.10/site-packages/airflow/example_dags/example_params_ui_tutorial.py
[2024-08-22T17:03:03.199+0500] {logging_mixin.py:190} INFO - [2024-08-22T17:03:03.199+0500] {dag.py:3211} INFO - Sync 1 DAGs
[2024-08-22T17:03:03.211+0500] {logging_mixin.py:190} INFO - [2024-08-22T17:03:03.211+0500] {dag.py:4138} INFO - Setting next_dagrun for example_params_ui_tutorial to None, run_after=None
[2024-08-22T17:03:03.233+0500] {processor.py:208} INFO - Processing /home/rayyan/redfin_venv/lib/python3.10/site-packages/airflow/example_dags/example_params_ui_tutorial.py took 0.106 seconds
[2024-08-22T17:04:01.918+0500] {processor.py:186} INFO - Started process (PID=13250) to work on /home/rayyan/redfin_venv/lib/python3.10/site-packages/airflow/example_dags/example_params_ui_tutorial.py
[2024-08-22T17:04:01.930+0500] {processor.py:914} INFO - Processing file /home/rayyan/redfin_venv/lib/python3.10/site-packages/airflow/example_dags/example_params_ui_tutorial.py for tasks to queue
[2024-08-22T17:04:01.933+0500] {logging_mixin.py:190} INFO - [2024-08-22T17:04:01.932+0500] {dagbag.py:587} INFO - Filling up the DagBag from /home/rayyan/redfin_venv/lib/python3.10/site-packages/airflow/example_dags/example_params_ui_tutorial.py
[2024-08-22T17:04:01.943+0500] {processor.py:925} INFO - DAG(s) 'example_params_ui_tutorial' retrieved from /home/rayyan/redfin_venv/lib/python3.10/site-packages/airflow/example_dags/example_params_ui_tutorial.py
[2024-08-22T17:04:01.998+0500] {logging_mixin.py:190} INFO - [2024-08-22T17:04:01.998+0500] {dag.py:3211} INFO - Sync 1 DAGs
[2024-08-22T17:04:02.011+0500] {logging_mixin.py:190} INFO - [2024-08-22T17:04:02.011+0500] {dag.py:4138} INFO - Setting next_dagrun for example_params_ui_tutorial to None, run_after=None
[2024-08-22T17:04:02.031+0500] {processor.py:208} INFO - Processing /home/rayyan/redfin_venv/lib/python3.10/site-packages/airflow/example_dags/example_params_ui_tutorial.py took 0.124 seconds
[2024-08-22T17:04:58.419+0500] {processor.py:186} INFO - Started process (PID=13525) to work on /home/rayyan/redfin_venv/lib/python3.10/site-packages/airflow/example_dags/example_params_ui_tutorial.py
[2024-08-22T17:04:58.430+0500] {processor.py:914} INFO - Processing file /home/rayyan/redfin_venv/lib/python3.10/site-packages/airflow/example_dags/example_params_ui_tutorial.py for tasks to queue
[2024-08-22T17:04:58.433+0500] {logging_mixin.py:190} INFO - [2024-08-22T17:04:58.433+0500] {dagbag.py:587} INFO - Filling up the DagBag from /home/rayyan/redfin_venv/lib/python3.10/site-packages/airflow/example_dags/example_params_ui_tutorial.py
[2024-08-22T17:04:58.447+0500] {processor.py:925} INFO - DAG(s) 'example_params_ui_tutorial' retrieved from /home/rayyan/redfin_venv/lib/python3.10/site-packages/airflow/example_dags/example_params_ui_tutorial.py
[2024-08-22T17:04:58.486+0500] {logging_mixin.py:190} INFO - [2024-08-22T17:04:58.485+0500] {dag.py:3211} INFO - Sync 1 DAGs
[2024-08-22T17:04:58.498+0500] {logging_mixin.py:190} INFO - [2024-08-22T17:04:58.497+0500] {dag.py:4138} INFO - Setting next_dagrun for example_params_ui_tutorial to None, run_after=None
[2024-08-22T17:04:58.518+0500] {processor.py:208} INFO - Processing /home/rayyan/redfin_venv/lib/python3.10/site-packages/airflow/example_dags/example_params_ui_tutorial.py took 0.106 seconds
[2024-08-22T17:05:53.872+0500] {processor.py:186} INFO - Started process (PID=13795) to work on /home/rayyan/redfin_venv/lib/python3.10/site-packages/airflow/example_dags/example_params_ui_tutorial.py
[2024-08-22T17:05:53.878+0500] {processor.py:914} INFO - Processing file /home/rayyan/redfin_venv/lib/python3.10/site-packages/airflow/example_dags/example_params_ui_tutorial.py for tasks to queue
[2024-08-22T17:05:53.881+0500] {logging_mixin.py:190} INFO - [2024-08-22T17:05:53.880+0500] {dagbag.py:587} INFO - Filling up the DagBag from /home/rayyan/redfin_venv/lib/python3.10/site-packages/airflow/example_dags/example_params_ui_tutorial.py
[2024-08-22T17:05:53.891+0500] {processor.py:925} INFO - DAG(s) 'example_params_ui_tutorial' retrieved from /home/rayyan/redfin_venv/lib/python3.10/site-packages/airflow/example_dags/example_params_ui_tutorial.py
[2024-08-22T17:05:53.933+0500] {logging_mixin.py:190} INFO - [2024-08-22T17:05:53.933+0500] {dag.py:3211} INFO - Sync 1 DAGs
[2024-08-22T17:05:53.945+0500] {logging_mixin.py:190} INFO - [2024-08-22T17:05:53.945+0500] {dag.py:4138} INFO - Setting next_dagrun for example_params_ui_tutorial to None, run_after=None
[2024-08-22T17:05:53.966+0500] {processor.py:208} INFO - Processing /home/rayyan/redfin_venv/lib/python3.10/site-packages/airflow/example_dags/example_params_ui_tutorial.py took 0.101 seconds
[2024-08-22T17:06:52.328+0500] {processor.py:186} INFO - Started process (PID=14080) to work on /home/rayyan/redfin_venv/lib/python3.10/site-packages/airflow/example_dags/example_params_ui_tutorial.py
[2024-08-22T17:06:52.330+0500] {processor.py:914} INFO - Processing file /home/rayyan/redfin_venv/lib/python3.10/site-packages/airflow/example_dags/example_params_ui_tutorial.py for tasks to queue
[2024-08-22T17:06:52.334+0500] {logging_mixin.py:190} INFO - [2024-08-22T17:06:52.333+0500] {dagbag.py:587} INFO - Filling up the DagBag from /home/rayyan/redfin_venv/lib/python3.10/site-packages/airflow/example_dags/example_params_ui_tutorial.py
[2024-08-22T17:06:52.346+0500] {processor.py:925} INFO - DAG(s) 'example_params_ui_tutorial' retrieved from /home/rayyan/redfin_venv/lib/python3.10/site-packages/airflow/example_dags/example_params_ui_tutorial.py
[2024-08-22T17:06:52.387+0500] {logging_mixin.py:190} INFO - [2024-08-22T17:06:52.386+0500] {dag.py:3211} INFO - Sync 1 DAGs
[2024-08-22T17:06:52.399+0500] {logging_mixin.py:190} INFO - [2024-08-22T17:06:52.399+0500] {dag.py:4138} INFO - Setting next_dagrun for example_params_ui_tutorial to None, run_after=None
[2024-08-22T17:06:52.421+0500] {processor.py:208} INFO - Processing /home/rayyan/redfin_venv/lib/python3.10/site-packages/airflow/example_dags/example_params_ui_tutorial.py took 0.103 seconds
[2024-08-22T17:07:49.530+0500] {processor.py:186} INFO - Started process (PID=14364) to work on /home/rayyan/redfin_venv/lib/python3.10/site-packages/airflow/example_dags/example_params_ui_tutorial.py
[2024-08-22T17:07:49.531+0500] {processor.py:914} INFO - Processing file /home/rayyan/redfin_venv/lib/python3.10/site-packages/airflow/example_dags/example_params_ui_tutorial.py for tasks to queue
[2024-08-22T17:07:49.534+0500] {logging_mixin.py:190} INFO - [2024-08-22T17:07:49.534+0500] {dagbag.py:587} INFO - Filling up the DagBag from /home/rayyan/redfin_venv/lib/python3.10/site-packages/airflow/example_dags/example_params_ui_tutorial.py
[2024-08-22T17:07:49.547+0500] {processor.py:925} INFO - DAG(s) 'example_params_ui_tutorial' retrieved from /home/rayyan/redfin_venv/lib/python3.10/site-packages/airflow/example_dags/example_params_ui_tutorial.py
[2024-08-22T17:07:49.602+0500] {logging_mixin.py:190} INFO - [2024-08-22T17:07:49.601+0500] {dag.py:3211} INFO - Sync 1 DAGs
[2024-08-22T17:07:49.617+0500] {logging_mixin.py:190} INFO - [2024-08-22T17:07:49.617+0500] {dag.py:4138} INFO - Setting next_dagrun for example_params_ui_tutorial to None, run_after=None
[2024-08-22T17:07:49.651+0500] {processor.py:208} INFO - Processing /home/rayyan/redfin_venv/lib/python3.10/site-packages/airflow/example_dags/example_params_ui_tutorial.py took 0.130 seconds
