[2024-08-22T16:48:24.025+0500] {processor.py:186} INFO - Started process (PID=3869) to work on /home/rayyan/redfin_venv/lib/python3.10/site-packages/airflow/example_dags/example_outlet_event_extra.py
[2024-08-22T16:48:24.026+0500] {processor.py:914} INFO - Processing file /home/rayyan/redfin_venv/lib/python3.10/site-packages/airflow/example_dags/example_outlet_event_extra.py for tasks to queue
[2024-08-22T16:48:24.029+0500] {logging_mixin.py:190} INFO - [2024-08-22T16:48:24.028+0500] {dagbag.py:587} INFO - Filling up the DagBag from /home/rayyan/redfin_venv/lib/python3.10/site-packages/airflow/example_dags/example_outlet_event_extra.py
[2024-08-22T16:48:24.043+0500] {processor.py:925} INFO - DAG(s) 'dataset_with_extra_by_yield', 'dataset_with_extra_from_classic_operator', 'dataset_with_extra_by_context' retrieved from /home/rayyan/redfin_venv/lib/python3.10/site-packages/airflow/example_dags/example_outlet_event_extra.py
[2024-08-22T16:48:24.063+0500] {logging_mixin.py:190} INFO - [2024-08-22T16:48:24.063+0500] {dag.py:3211} INFO - Sync 3 DAGs
[2024-08-22T16:48:24.084+0500] {logging_mixin.py:190} INFO - [2024-08-22T16:48:24.084+0500] {dag.py:4138} INFO - Setting next_dagrun for dataset_with_extra_by_context to 2024-08-21 00:00:00+00:00, run_after=2024-08-22 00:00:00+00:00
[2024-08-22T16:48:24.091+0500] {logging_mixin.py:190} INFO - [2024-08-22T16:48:24.091+0500] {dag.py:4138} INFO - Setting next_dagrun for dataset_with_extra_by_yield to 2024-08-21 00:00:00+00:00, run_after=2024-08-22 00:00:00+00:00
[2024-08-22T16:48:24.094+0500] {logging_mixin.py:190} INFO - [2024-08-22T16:48:24.094+0500] {dag.py:4138} INFO - Setting next_dagrun for dataset_with_extra_from_classic_operator to 2024-08-21 00:00:00+00:00, run_after=2024-08-22 00:00:00+00:00
[2024-08-22T16:48:24.118+0500] {processor.py:208} INFO - Processing /home/rayyan/redfin_venv/lib/python3.10/site-packages/airflow/example_dags/example_outlet_event_extra.py took 0.102 seconds
[2024-08-22T16:49:22.573+0500] {processor.py:186} INFO - Started process (PID=4175) to work on /home/rayyan/redfin_venv/lib/python3.10/site-packages/airflow/example_dags/example_outlet_event_extra.py
[2024-08-22T16:49:22.575+0500] {processor.py:914} INFO - Processing file /home/rayyan/redfin_venv/lib/python3.10/site-packages/airflow/example_dags/example_outlet_event_extra.py for tasks to queue
[2024-08-22T16:49:22.577+0500] {logging_mixin.py:190} INFO - [2024-08-22T16:49:22.577+0500] {dagbag.py:587} INFO - Filling up the DagBag from /home/rayyan/redfin_venv/lib/python3.10/site-packages/airflow/example_dags/example_outlet_event_extra.py
[2024-08-22T16:49:22.592+0500] {processor.py:925} INFO - DAG(s) 'dataset_with_extra_by_context', 'dataset_with_extra_by_yield', 'dataset_with_extra_from_classic_operator' retrieved from /home/rayyan/redfin_venv/lib/python3.10/site-packages/airflow/example_dags/example_outlet_event_extra.py
[2024-08-22T16:49:22.615+0500] {logging_mixin.py:190} INFO - [2024-08-22T16:49:22.615+0500] {dag.py:3211} INFO - Sync 3 DAGs
[2024-08-22T16:49:22.637+0500] {logging_mixin.py:190} INFO - [2024-08-22T16:49:22.637+0500] {dag.py:4138} INFO - Setting next_dagrun for dataset_with_extra_by_context to 2024-08-21 00:00:00+00:00, run_after=2024-08-22 00:00:00+00:00
[2024-08-22T16:49:22.641+0500] {logging_mixin.py:190} INFO - [2024-08-22T16:49:22.641+0500] {dag.py:4138} INFO - Setting next_dagrun for dataset_with_extra_by_yield to 2024-08-21 00:00:00+00:00, run_after=2024-08-22 00:00:00+00:00
[2024-08-22T16:49:22.644+0500] {logging_mixin.py:190} INFO - [2024-08-22T16:49:22.643+0500] {dag.py:4138} INFO - Setting next_dagrun for dataset_with_extra_from_classic_operator to 2024-08-21 00:00:00+00:00, run_after=2024-08-22 00:00:00+00:00
[2024-08-22T16:49:22.668+0500] {processor.py:208} INFO - Processing /home/rayyan/redfin_venv/lib/python3.10/site-packages/airflow/example_dags/example_outlet_event_extra.py took 0.101 seconds
[2024-08-22T16:50:20.109+0500] {processor.py:186} INFO - Started process (PID=4457) to work on /home/rayyan/redfin_venv/lib/python3.10/site-packages/airflow/example_dags/example_outlet_event_extra.py
[2024-08-22T16:50:20.111+0500] {processor.py:914} INFO - Processing file /home/rayyan/redfin_venv/lib/python3.10/site-packages/airflow/example_dags/example_outlet_event_extra.py for tasks to queue
[2024-08-22T16:50:20.113+0500] {logging_mixin.py:190} INFO - [2024-08-22T16:50:20.113+0500] {dagbag.py:587} INFO - Filling up the DagBag from /home/rayyan/redfin_venv/lib/python3.10/site-packages/airflow/example_dags/example_outlet_event_extra.py
[2024-08-22T16:50:20.130+0500] {processor.py:925} INFO - DAG(s) 'dataset_with_extra_from_classic_operator', 'dataset_with_extra_by_context', 'dataset_with_extra_by_yield' retrieved from /home/rayyan/redfin_venv/lib/python3.10/site-packages/airflow/example_dags/example_outlet_event_extra.py
[2024-08-22T16:50:20.152+0500] {logging_mixin.py:190} INFO - [2024-08-22T16:50:20.152+0500] {dag.py:3211} INFO - Sync 3 DAGs
[2024-08-22T16:50:20.175+0500] {logging_mixin.py:190} INFO - [2024-08-22T16:50:20.174+0500] {dag.py:4138} INFO - Setting next_dagrun for dataset_with_extra_by_context to 2024-08-21 00:00:00+00:00, run_after=2024-08-22 00:00:00+00:00
[2024-08-22T16:50:20.178+0500] {logging_mixin.py:190} INFO - [2024-08-22T16:50:20.178+0500] {dag.py:4138} INFO - Setting next_dagrun for dataset_with_extra_by_yield to 2024-08-21 00:00:00+00:00, run_after=2024-08-22 00:00:00+00:00
[2024-08-22T16:50:20.180+0500] {logging_mixin.py:190} INFO - [2024-08-22T16:50:20.180+0500] {dag.py:4138} INFO - Setting next_dagrun for dataset_with_extra_from_classic_operator to 2024-08-21 00:00:00+00:00, run_after=2024-08-22 00:00:00+00:00
[2024-08-22T16:50:20.207+0500] {processor.py:208} INFO - Processing /home/rayyan/redfin_venv/lib/python3.10/site-packages/airflow/example_dags/example_outlet_event_extra.py took 0.106 seconds
[2024-08-22T16:51:17.264+0500] {processor.py:186} INFO - Started process (PID=4734) to work on /home/rayyan/redfin_venv/lib/python3.10/site-packages/airflow/example_dags/example_outlet_event_extra.py
[2024-08-22T16:51:17.276+0500] {processor.py:914} INFO - Processing file /home/rayyan/redfin_venv/lib/python3.10/site-packages/airflow/example_dags/example_outlet_event_extra.py for tasks to queue
[2024-08-22T16:51:17.278+0500] {logging_mixin.py:190} INFO - [2024-08-22T16:51:17.278+0500] {dagbag.py:587} INFO - Filling up the DagBag from /home/rayyan/redfin_venv/lib/python3.10/site-packages/airflow/example_dags/example_outlet_event_extra.py
[2024-08-22T16:51:17.295+0500] {processor.py:925} INFO - DAG(s) 'dataset_with_extra_by_yield', 'dataset_with_extra_by_context', 'dataset_with_extra_from_classic_operator' retrieved from /home/rayyan/redfin_venv/lib/python3.10/site-packages/airflow/example_dags/example_outlet_event_extra.py
[2024-08-22T16:51:17.318+0500] {logging_mixin.py:190} INFO - [2024-08-22T16:51:17.318+0500] {dag.py:3211} INFO - Sync 3 DAGs
[2024-08-22T16:51:17.342+0500] {logging_mixin.py:190} INFO - [2024-08-22T16:51:17.341+0500] {dag.py:4138} INFO - Setting next_dagrun for dataset_with_extra_by_context to 2024-08-21 00:00:00+00:00, run_after=2024-08-22 00:00:00+00:00
[2024-08-22T16:51:17.346+0500] {logging_mixin.py:190} INFO - [2024-08-22T16:51:17.345+0500] {dag.py:4138} INFO - Setting next_dagrun for dataset_with_extra_by_yield to 2024-08-21 00:00:00+00:00, run_after=2024-08-22 00:00:00+00:00
[2024-08-22T16:51:17.348+0500] {logging_mixin.py:190} INFO - [2024-08-22T16:51:17.347+0500] {dag.py:4138} INFO - Setting next_dagrun for dataset_with_extra_from_classic_operator to 2024-08-21 00:00:00+00:00, run_after=2024-08-22 00:00:00+00:00
[2024-08-22T16:51:17.370+0500] {processor.py:208} INFO - Processing /home/rayyan/redfin_venv/lib/python3.10/site-packages/airflow/example_dags/example_outlet_event_extra.py took 0.110 seconds
[2024-08-22T16:52:15.904+0500] {processor.py:186} INFO - Started process (PID=5016) to work on /home/rayyan/redfin_venv/lib/python3.10/site-packages/airflow/example_dags/example_outlet_event_extra.py
[2024-08-22T16:52:15.906+0500] {processor.py:914} INFO - Processing file /home/rayyan/redfin_venv/lib/python3.10/site-packages/airflow/example_dags/example_outlet_event_extra.py for tasks to queue
[2024-08-22T16:52:15.909+0500] {logging_mixin.py:190} INFO - [2024-08-22T16:52:15.909+0500] {dagbag.py:587} INFO - Filling up the DagBag from /home/rayyan/redfin_venv/lib/python3.10/site-packages/airflow/example_dags/example_outlet_event_extra.py
[2024-08-22T16:52:15.927+0500] {processor.py:925} INFO - DAG(s) 'dataset_with_extra_by_context', 'dataset_with_extra_by_yield', 'dataset_with_extra_from_classic_operator' retrieved from /home/rayyan/redfin_venv/lib/python3.10/site-packages/airflow/example_dags/example_outlet_event_extra.py
[2024-08-22T16:52:15.948+0500] {logging_mixin.py:190} INFO - [2024-08-22T16:52:15.948+0500] {dag.py:3211} INFO - Sync 3 DAGs
[2024-08-22T16:52:15.969+0500] {logging_mixin.py:190} INFO - [2024-08-22T16:52:15.969+0500] {dag.py:4138} INFO - Setting next_dagrun for dataset_with_extra_by_context to 2024-08-21 00:00:00+00:00, run_after=2024-08-22 00:00:00+00:00
[2024-08-22T16:52:15.973+0500] {logging_mixin.py:190} INFO - [2024-08-22T16:52:15.973+0500] {dag.py:4138} INFO - Setting next_dagrun for dataset_with_extra_by_yield to 2024-08-21 00:00:00+00:00, run_after=2024-08-22 00:00:00+00:00
[2024-08-22T16:52:15.975+0500] {logging_mixin.py:190} INFO - [2024-08-22T16:52:15.975+0500] {dag.py:4138} INFO - Setting next_dagrun for dataset_with_extra_from_classic_operator to 2024-08-21 00:00:00+00:00, run_after=2024-08-22 00:00:00+00:00
[2024-08-22T16:52:16.000+0500] {processor.py:208} INFO - Processing /home/rayyan/redfin_venv/lib/python3.10/site-packages/airflow/example_dags/example_outlet_event_extra.py took 0.107 seconds
[2024-08-22T16:53:18.918+0500] {processor.py:186} INFO - Started process (PID=5318) to work on /home/rayyan/redfin_venv/lib/python3.10/site-packages/airflow/example_dags/example_outlet_event_extra.py
[2024-08-22T16:53:18.929+0500] {processor.py:914} INFO - Processing file /home/rayyan/redfin_venv/lib/python3.10/site-packages/airflow/example_dags/example_outlet_event_extra.py for tasks to queue
[2024-08-22T16:53:18.932+0500] {logging_mixin.py:190} INFO - [2024-08-22T16:53:18.931+0500] {dagbag.py:587} INFO - Filling up the DagBag from /home/rayyan/redfin_venv/lib/python3.10/site-packages/airflow/example_dags/example_outlet_event_extra.py
[2024-08-22T16:53:18.947+0500] {processor.py:925} INFO - DAG(s) 'dataset_with_extra_by_context', 'dataset_with_extra_by_yield', 'dataset_with_extra_from_classic_operator' retrieved from /home/rayyan/redfin_venv/lib/python3.10/site-packages/airflow/example_dags/example_outlet_event_extra.py
[2024-08-22T16:53:18.966+0500] {logging_mixin.py:190} INFO - [2024-08-22T16:53:18.965+0500] {dag.py:3211} INFO - Sync 3 DAGs
[2024-08-22T16:53:18.985+0500] {logging_mixin.py:190} INFO - [2024-08-22T16:53:18.985+0500] {dag.py:4138} INFO - Setting next_dagrun for dataset_with_extra_by_context to 2024-08-21 00:00:00+00:00, run_after=2024-08-22 00:00:00+00:00
[2024-08-22T16:53:18.989+0500] {logging_mixin.py:190} INFO - [2024-08-22T16:53:18.989+0500] {dag.py:4138} INFO - Setting next_dagrun for dataset_with_extra_by_yield to 2024-08-21 00:00:00+00:00, run_after=2024-08-22 00:00:00+00:00
[2024-08-22T16:53:18.992+0500] {logging_mixin.py:190} INFO - [2024-08-22T16:53:18.992+0500] {dag.py:4138} INFO - Setting next_dagrun for dataset_with_extra_from_classic_operator to 2024-08-21 00:00:00+00:00, run_after=2024-08-22 00:00:00+00:00
[2024-08-22T16:53:19.013+0500] {processor.py:208} INFO - Processing /home/rayyan/redfin_venv/lib/python3.10/site-packages/airflow/example_dags/example_outlet_event_extra.py took 0.102 seconds
[2024-08-22T16:54:21.105+0500] {processor.py:186} INFO - Started process (PID=5618) to work on /home/rayyan/redfin_venv/lib/python3.10/site-packages/airflow/example_dags/example_outlet_event_extra.py
[2024-08-22T16:54:21.106+0500] {processor.py:914} INFO - Processing file /home/rayyan/redfin_venv/lib/python3.10/site-packages/airflow/example_dags/example_outlet_event_extra.py for tasks to queue
[2024-08-22T16:54:21.108+0500] {logging_mixin.py:190} INFO - [2024-08-22T16:54:21.108+0500] {dagbag.py:587} INFO - Filling up the DagBag from /home/rayyan/redfin_venv/lib/python3.10/site-packages/airflow/example_dags/example_outlet_event_extra.py
[2024-08-22T16:54:21.122+0500] {processor.py:925} INFO - DAG(s) 'dataset_with_extra_by_yield', 'dataset_with_extra_by_context', 'dataset_with_extra_from_classic_operator' retrieved from /home/rayyan/redfin_venv/lib/python3.10/site-packages/airflow/example_dags/example_outlet_event_extra.py
[2024-08-22T16:54:21.141+0500] {logging_mixin.py:190} INFO - [2024-08-22T16:54:21.141+0500] {dag.py:3211} INFO - Sync 3 DAGs
[2024-08-22T16:54:21.161+0500] {logging_mixin.py:190} INFO - [2024-08-22T16:54:21.161+0500] {dag.py:4138} INFO - Setting next_dagrun for dataset_with_extra_by_context to 2024-08-21 00:00:00+00:00, run_after=2024-08-22 00:00:00+00:00
[2024-08-22T16:54:21.165+0500] {logging_mixin.py:190} INFO - [2024-08-22T16:54:21.165+0500] {dag.py:4138} INFO - Setting next_dagrun for dataset_with_extra_by_yield to 2024-08-21 00:00:00+00:00, run_after=2024-08-22 00:00:00+00:00
[2024-08-22T16:54:21.167+0500] {logging_mixin.py:190} INFO - [2024-08-22T16:54:21.167+0500] {dag.py:4138} INFO - Setting next_dagrun for dataset_with_extra_from_classic_operator to 2024-08-21 00:00:00+00:00, run_after=2024-08-22 00:00:00+00:00
[2024-08-22T16:54:21.191+0500] {processor.py:208} INFO - Processing /home/rayyan/redfin_venv/lib/python3.10/site-packages/airflow/example_dags/example_outlet_event_extra.py took 0.092 seconds
[2024-08-22T16:55:22.237+0500] {processor.py:186} INFO - Started process (PID=5912) to work on /home/rayyan/redfin_venv/lib/python3.10/site-packages/airflow/example_dags/example_outlet_event_extra.py
[2024-08-22T16:55:22.249+0500] {processor.py:914} INFO - Processing file /home/rayyan/redfin_venv/lib/python3.10/site-packages/airflow/example_dags/example_outlet_event_extra.py for tasks to queue
[2024-08-22T16:55:22.252+0500] {logging_mixin.py:190} INFO - [2024-08-22T16:55:22.251+0500] {dagbag.py:587} INFO - Filling up the DagBag from /home/rayyan/redfin_venv/lib/python3.10/site-packages/airflow/example_dags/example_outlet_event_extra.py
[2024-08-22T16:55:22.268+0500] {processor.py:925} INFO - DAG(s) 'dataset_with_extra_by_yield', 'dataset_with_extra_by_context', 'dataset_with_extra_from_classic_operator' retrieved from /home/rayyan/redfin_venv/lib/python3.10/site-packages/airflow/example_dags/example_outlet_event_extra.py
[2024-08-22T16:55:22.289+0500] {logging_mixin.py:190} INFO - [2024-08-22T16:55:22.288+0500] {dag.py:3211} INFO - Sync 3 DAGs
[2024-08-22T16:55:22.439+0500] {logging_mixin.py:190} INFO - [2024-08-22T16:55:22.439+0500] {dag.py:4138} INFO - Setting next_dagrun for dataset_with_extra_by_context to 2024-08-21 00:00:00+00:00, run_after=2024-08-22 00:00:00+00:00
[2024-08-22T16:55:22.447+0500] {logging_mixin.py:190} INFO - [2024-08-22T16:55:22.446+0500] {dag.py:4138} INFO - Setting next_dagrun for dataset_with_extra_by_yield to 2024-08-21 00:00:00+00:00, run_after=2024-08-22 00:00:00+00:00
[2024-08-22T16:55:22.452+0500] {logging_mixin.py:190} INFO - [2024-08-22T16:55:22.451+0500] {dag.py:4138} INFO - Setting next_dagrun for dataset_with_extra_from_classic_operator to 2024-08-21 00:00:00+00:00, run_after=2024-08-22 00:00:00+00:00
[2024-08-22T16:55:22.489+0500] {processor.py:208} INFO - Processing /home/rayyan/redfin_venv/lib/python3.10/site-packages/airflow/example_dags/example_outlet_event_extra.py took 0.265 seconds
[2024-08-22T16:56:28.678+0500] {processor.py:186} INFO - Started process (PID=6233) to work on /home/rayyan/redfin_venv/lib/python3.10/site-packages/airflow/example_dags/example_outlet_event_extra.py
[2024-08-22T16:56:28.690+0500] {processor.py:914} INFO - Processing file /home/rayyan/redfin_venv/lib/python3.10/site-packages/airflow/example_dags/example_outlet_event_extra.py for tasks to queue
[2024-08-22T16:56:28.692+0500] {logging_mixin.py:190} INFO - [2024-08-22T16:56:28.692+0500] {dagbag.py:587} INFO - Filling up the DagBag from /home/rayyan/redfin_venv/lib/python3.10/site-packages/airflow/example_dags/example_outlet_event_extra.py
[2024-08-22T16:56:28.711+0500] {processor.py:925} INFO - DAG(s) 'dataset_with_extra_by_yield', 'dataset_with_extra_by_context', 'dataset_with_extra_from_classic_operator' retrieved from /home/rayyan/redfin_venv/lib/python3.10/site-packages/airflow/example_dags/example_outlet_event_extra.py
[2024-08-22T16:56:28.738+0500] {logging_mixin.py:190} INFO - [2024-08-22T16:56:28.737+0500] {dag.py:3211} INFO - Sync 3 DAGs
[2024-08-22T16:56:28.903+0500] {logging_mixin.py:190} INFO - [2024-08-22T16:56:28.902+0500] {dag.py:4138} INFO - Setting next_dagrun for dataset_with_extra_by_context to 2024-08-21 00:00:00+00:00, run_after=2024-08-22 00:00:00+00:00
[2024-08-22T16:56:28.908+0500] {logging_mixin.py:190} INFO - [2024-08-22T16:56:28.907+0500] {dag.py:4138} INFO - Setting next_dagrun for dataset_with_extra_by_yield to 2024-08-21 00:00:00+00:00, run_after=2024-08-22 00:00:00+00:00
[2024-08-22T16:56:28.910+0500] {logging_mixin.py:190} INFO - [2024-08-22T16:56:28.910+0500] {dag.py:4138} INFO - Setting next_dagrun for dataset_with_extra_from_classic_operator to 2024-08-21 00:00:00+00:00, run_after=2024-08-22 00:00:00+00:00
[2024-08-22T16:56:28.936+0500] {processor.py:208} INFO - Processing /home/rayyan/redfin_venv/lib/python3.10/site-packages/airflow/example_dags/example_outlet_event_extra.py took 0.264 seconds
[2024-08-22T16:57:34.091+0500] {processor.py:186} INFO - Started process (PID=6547) to work on /home/rayyan/redfin_venv/lib/python3.10/site-packages/airflow/example_dags/example_outlet_event_extra.py
[2024-08-22T16:57:34.104+0500] {processor.py:914} INFO - Processing file /home/rayyan/redfin_venv/lib/python3.10/site-packages/airflow/example_dags/example_outlet_event_extra.py for tasks to queue
[2024-08-22T16:57:34.106+0500] {logging_mixin.py:190} INFO - [2024-08-22T16:57:34.106+0500] {dagbag.py:587} INFO - Filling up the DagBag from /home/rayyan/redfin_venv/lib/python3.10/site-packages/airflow/example_dags/example_outlet_event_extra.py
[2024-08-22T16:57:34.122+0500] {processor.py:925} INFO - DAG(s) 'dataset_with_extra_from_classic_operator', 'dataset_with_extra_by_context', 'dataset_with_extra_by_yield' retrieved from /home/rayyan/redfin_venv/lib/python3.10/site-packages/airflow/example_dags/example_outlet_event_extra.py
[2024-08-22T16:57:34.256+0500] {logging_mixin.py:190} INFO - [2024-08-22T16:57:34.256+0500] {dag.py:3211} INFO - Sync 3 DAGs
[2024-08-22T16:57:34.280+0500] {logging_mixin.py:190} INFO - [2024-08-22T16:57:34.280+0500] {dag.py:4138} INFO - Setting next_dagrun for dataset_with_extra_by_context to 2024-08-21 00:00:00+00:00, run_after=2024-08-22 00:00:00+00:00
[2024-08-22T16:57:34.285+0500] {logging_mixin.py:190} INFO - [2024-08-22T16:57:34.285+0500] {dag.py:4138} INFO - Setting next_dagrun for dataset_with_extra_by_yield to 2024-08-21 00:00:00+00:00, run_after=2024-08-22 00:00:00+00:00
[2024-08-22T16:57:34.288+0500] {logging_mixin.py:190} INFO - [2024-08-22T16:57:34.288+0500] {dag.py:4138} INFO - Setting next_dagrun for dataset_with_extra_from_classic_operator to 2024-08-21 00:00:00+00:00, run_after=2024-08-22 00:00:00+00:00
[2024-08-22T16:57:34.311+0500] {processor.py:208} INFO - Processing /home/rayyan/redfin_venv/lib/python3.10/site-packages/airflow/example_dags/example_outlet_event_extra.py took 0.227 seconds
[2024-08-22T16:59:41.254+0500] {processor.py:186} INFO - Started process (PID=7207) to work on /home/rayyan/redfin_venv/lib/python3.10/site-packages/airflow/example_dags/example_outlet_event_extra.py
[2024-08-22T16:59:41.266+0500] {processor.py:914} INFO - Processing file /home/rayyan/redfin_venv/lib/python3.10/site-packages/airflow/example_dags/example_outlet_event_extra.py for tasks to queue
[2024-08-22T16:59:41.269+0500] {logging_mixin.py:190} INFO - [2024-08-22T16:59:41.268+0500] {dagbag.py:587} INFO - Filling up the DagBag from /home/rayyan/redfin_venv/lib/python3.10/site-packages/airflow/example_dags/example_outlet_event_extra.py
[2024-08-22T16:59:41.285+0500] {processor.py:925} INFO - DAG(s) 'dataset_with_extra_by_context', 'dataset_with_extra_by_yield', 'dataset_with_extra_from_classic_operator' retrieved from /home/rayyan/redfin_venv/lib/python3.10/site-packages/airflow/example_dags/example_outlet_event_extra.py
[2024-08-22T16:59:41.313+0500] {logging_mixin.py:190} INFO - [2024-08-22T16:59:41.313+0500] {dag.py:3211} INFO - Sync 3 DAGs
[2024-08-22T16:59:41.343+0500] {logging_mixin.py:190} INFO - [2024-08-22T16:59:41.342+0500] {dag.py:4138} INFO - Setting next_dagrun for dataset_with_extra_by_context to 2024-08-21 00:00:00+00:00, run_after=2024-08-22 00:00:00+00:00
[2024-08-22T16:59:41.348+0500] {logging_mixin.py:190} INFO - [2024-08-22T16:59:41.348+0500] {dag.py:4138} INFO - Setting next_dagrun for dataset_with_extra_by_yield to 2024-08-21 00:00:00+00:00, run_after=2024-08-22 00:00:00+00:00
[2024-08-22T16:59:41.351+0500] {logging_mixin.py:190} INFO - [2024-08-22T16:59:41.351+0500] {dag.py:4138} INFO - Setting next_dagrun for dataset_with_extra_from_classic_operator to 2024-08-21 00:00:00+00:00, run_after=2024-08-22 00:00:00+00:00
[2024-08-22T16:59:41.380+0500] {processor.py:208} INFO - Processing /home/rayyan/redfin_venv/lib/python3.10/site-packages/airflow/example_dags/example_outlet_event_extra.py took 0.133 seconds
[2024-08-22T17:00:48.739+0500] {processor.py:186} INFO - Started process (PID=9531) to work on /home/rayyan/redfin_venv/lib/python3.10/site-packages/airflow/example_dags/example_outlet_event_extra.py
[2024-08-22T17:00:48.751+0500] {processor.py:914} INFO - Processing file /home/rayyan/redfin_venv/lib/python3.10/site-packages/airflow/example_dags/example_outlet_event_extra.py for tasks to queue
[2024-08-22T17:00:48.754+0500] {logging_mixin.py:190} INFO - [2024-08-22T17:00:48.753+0500] {dagbag.py:587} INFO - Filling up the DagBag from /home/rayyan/redfin_venv/lib/python3.10/site-packages/airflow/example_dags/example_outlet_event_extra.py
[2024-08-22T17:00:48.775+0500] {processor.py:925} INFO - DAG(s) 'dataset_with_extra_from_classic_operator', 'dataset_with_extra_by_context', 'dataset_with_extra_by_yield' retrieved from /home/rayyan/redfin_venv/lib/python3.10/site-packages/airflow/example_dags/example_outlet_event_extra.py
[2024-08-22T17:00:48.815+0500] {logging_mixin.py:190} INFO - [2024-08-22T17:00:48.815+0500] {dag.py:3211} INFO - Sync 3 DAGs
[2024-08-22T17:00:48.874+0500] {logging_mixin.py:190} INFO - [2024-08-22T17:00:48.873+0500] {dag.py:4138} INFO - Setting next_dagrun for dataset_with_extra_by_context to 2024-08-21 00:00:00+00:00, run_after=2024-08-22 00:00:00+00:00
[2024-08-22T17:00:48.888+0500] {logging_mixin.py:190} INFO - [2024-08-22T17:00:48.887+0500] {dag.py:4138} INFO - Setting next_dagrun for dataset_with_extra_by_yield to 2024-08-21 00:00:00+00:00, run_after=2024-08-22 00:00:00+00:00
[2024-08-22T17:00:48.896+0500] {logging_mixin.py:190} INFO - [2024-08-22T17:00:48.894+0500] {dag.py:4138} INFO - Setting next_dagrun for dataset_with_extra_from_classic_operator to 2024-08-21 00:00:00+00:00, run_after=2024-08-22 00:00:00+00:00
[2024-08-22T17:00:48.967+0500] {processor.py:208} INFO - Processing /home/rayyan/redfin_venv/lib/python3.10/site-packages/airflow/example_dags/example_outlet_event_extra.py took 0.237 seconds
[2024-08-22T17:01:56.533+0500] {processor.py:186} INFO - Started process (PID=11725) to work on /home/rayyan/redfin_venv/lib/python3.10/site-packages/airflow/example_dags/example_outlet_event_extra.py
[2024-08-22T17:01:56.547+0500] {processor.py:914} INFO - Processing file /home/rayyan/redfin_venv/lib/python3.10/site-packages/airflow/example_dags/example_outlet_event_extra.py for tasks to queue
[2024-08-22T17:01:56.552+0500] {logging_mixin.py:190} INFO - [2024-08-22T17:01:56.551+0500] {dagbag.py:587} INFO - Filling up the DagBag from /home/rayyan/redfin_venv/lib/python3.10/site-packages/airflow/example_dags/example_outlet_event_extra.py
[2024-08-22T17:01:56.605+0500] {processor.py:925} INFO - DAG(s) 'dataset_with_extra_by_context', 'dataset_with_extra_from_classic_operator', 'dataset_with_extra_by_yield' retrieved from /home/rayyan/redfin_venv/lib/python3.10/site-packages/airflow/example_dags/example_outlet_event_extra.py
[2024-08-22T17:01:56.678+0500] {logging_mixin.py:190} INFO - [2024-08-22T17:01:56.677+0500] {dag.py:3211} INFO - Sync 3 DAGs
[2024-08-22T17:01:56.763+0500] {logging_mixin.py:190} INFO - [2024-08-22T17:01:56.762+0500] {dag.py:4138} INFO - Setting next_dagrun for dataset_with_extra_by_context to 2024-08-21 00:00:00+00:00, run_after=2024-08-22 00:00:00+00:00
[2024-08-22T17:01:56.776+0500] {logging_mixin.py:190} INFO - [2024-08-22T17:01:56.775+0500] {dag.py:4138} INFO - Setting next_dagrun for dataset_with_extra_by_yield to 2024-08-21 00:00:00+00:00, run_after=2024-08-22 00:00:00+00:00
[2024-08-22T17:01:56.787+0500] {logging_mixin.py:190} INFO - [2024-08-22T17:01:56.787+0500] {dag.py:4138} INFO - Setting next_dagrun for dataset_with_extra_from_classic_operator to 2024-08-21 00:00:00+00:00, run_after=2024-08-22 00:00:00+00:00
[2024-08-22T17:01:56.847+0500] {processor.py:208} INFO - Processing /home/rayyan/redfin_venv/lib/python3.10/site-packages/airflow/example_dags/example_outlet_event_extra.py took 0.324 seconds
[2024-08-22T17:03:04.730+0500] {processor.py:186} INFO - Started process (PID=12974) to work on /home/rayyan/redfin_venv/lib/python3.10/site-packages/airflow/example_dags/example_outlet_event_extra.py
[2024-08-22T17:03:04.742+0500] {processor.py:914} INFO - Processing file /home/rayyan/redfin_venv/lib/python3.10/site-packages/airflow/example_dags/example_outlet_event_extra.py for tasks to queue
[2024-08-22T17:03:04.745+0500] {logging_mixin.py:190} INFO - [2024-08-22T17:03:04.745+0500] {dagbag.py:587} INFO - Filling up the DagBag from /home/rayyan/redfin_venv/lib/python3.10/site-packages/airflow/example_dags/example_outlet_event_extra.py
[2024-08-22T17:03:04.766+0500] {processor.py:925} INFO - DAG(s) 'dataset_with_extra_by_context', 'dataset_with_extra_from_classic_operator', 'dataset_with_extra_by_yield' retrieved from /home/rayyan/redfin_venv/lib/python3.10/site-packages/airflow/example_dags/example_outlet_event_extra.py
[2024-08-22T17:03:04.790+0500] {logging_mixin.py:190} INFO - [2024-08-22T17:03:04.789+0500] {dag.py:3211} INFO - Sync 3 DAGs
[2024-08-22T17:03:04.810+0500] {logging_mixin.py:190} INFO - [2024-08-22T17:03:04.809+0500] {dag.py:4138} INFO - Setting next_dagrun for dataset_with_extra_by_context to 2024-08-21 00:00:00+00:00, run_after=2024-08-22 00:00:00+00:00
[2024-08-22T17:03:04.813+0500] {logging_mixin.py:190} INFO - [2024-08-22T17:03:04.813+0500] {dag.py:4138} INFO - Setting next_dagrun for dataset_with_extra_by_yield to 2024-08-21 00:00:00+00:00, run_after=2024-08-22 00:00:00+00:00
[2024-08-22T17:03:04.815+0500] {logging_mixin.py:190} INFO - [2024-08-22T17:03:04.815+0500] {dag.py:4138} INFO - Setting next_dagrun for dataset_with_extra_from_classic_operator to 2024-08-21 00:00:00+00:00, run_after=2024-08-22 00:00:00+00:00
[2024-08-22T17:03:04.838+0500] {processor.py:208} INFO - Processing /home/rayyan/redfin_venv/lib/python3.10/site-packages/airflow/example_dags/example_outlet_event_extra.py took 0.120 seconds
[2024-08-22T17:04:04.380+0500] {processor.py:186} INFO - Started process (PID=13262) to work on /home/rayyan/redfin_venv/lib/python3.10/site-packages/airflow/example_dags/example_outlet_event_extra.py
[2024-08-22T17:04:04.392+0500] {processor.py:914} INFO - Processing file /home/rayyan/redfin_venv/lib/python3.10/site-packages/airflow/example_dags/example_outlet_event_extra.py for tasks to queue
[2024-08-22T17:04:04.395+0500] {logging_mixin.py:190} INFO - [2024-08-22T17:04:04.394+0500] {dagbag.py:587} INFO - Filling up the DagBag from /home/rayyan/redfin_venv/lib/python3.10/site-packages/airflow/example_dags/example_outlet_event_extra.py
[2024-08-22T17:04:04.414+0500] {processor.py:925} INFO - DAG(s) 'dataset_with_extra_from_classic_operator', 'dataset_with_extra_by_context', 'dataset_with_extra_by_yield' retrieved from /home/rayyan/redfin_venv/lib/python3.10/site-packages/airflow/example_dags/example_outlet_event_extra.py
[2024-08-22T17:04:04.435+0500] {logging_mixin.py:190} INFO - [2024-08-22T17:04:04.435+0500] {dag.py:3211} INFO - Sync 3 DAGs
[2024-08-22T17:04:04.456+0500] {logging_mixin.py:190} INFO - [2024-08-22T17:04:04.456+0500] {dag.py:4138} INFO - Setting next_dagrun for dataset_with_extra_by_context to 2024-08-21 00:00:00+00:00, run_after=2024-08-22 00:00:00+00:00
[2024-08-22T17:04:04.460+0500] {logging_mixin.py:190} INFO - [2024-08-22T17:04:04.460+0500] {dag.py:4138} INFO - Setting next_dagrun for dataset_with_extra_by_yield to 2024-08-21 00:00:00+00:00, run_after=2024-08-22 00:00:00+00:00
[2024-08-22T17:04:04.462+0500] {logging_mixin.py:190} INFO - [2024-08-22T17:04:04.462+0500] {dag.py:4138} INFO - Setting next_dagrun for dataset_with_extra_from_classic_operator to 2024-08-21 00:00:00+00:00, run_after=2024-08-22 00:00:00+00:00
[2024-08-22T17:04:04.486+0500] {processor.py:208} INFO - Processing /home/rayyan/redfin_venv/lib/python3.10/site-packages/airflow/example_dags/example_outlet_event_extra.py took 0.116 seconds
[2024-08-22T17:05:00.405+0500] {processor.py:186} INFO - Started process (PID=13535) to work on /home/rayyan/redfin_venv/lib/python3.10/site-packages/airflow/example_dags/example_outlet_event_extra.py
[2024-08-22T17:05:00.418+0500] {processor.py:914} INFO - Processing file /home/rayyan/redfin_venv/lib/python3.10/site-packages/airflow/example_dags/example_outlet_event_extra.py for tasks to queue
[2024-08-22T17:05:00.421+0500] {logging_mixin.py:190} INFO - [2024-08-22T17:05:00.420+0500] {dagbag.py:587} INFO - Filling up the DagBag from /home/rayyan/redfin_venv/lib/python3.10/site-packages/airflow/example_dags/example_outlet_event_extra.py
[2024-08-22T17:05:00.434+0500] {processor.py:925} INFO - DAG(s) 'dataset_with_extra_by_yield', 'dataset_with_extra_from_classic_operator', 'dataset_with_extra_by_context' retrieved from /home/rayyan/redfin_venv/lib/python3.10/site-packages/airflow/example_dags/example_outlet_event_extra.py
[2024-08-22T17:05:00.455+0500] {logging_mixin.py:190} INFO - [2024-08-22T17:05:00.454+0500] {dag.py:3211} INFO - Sync 3 DAGs
[2024-08-22T17:05:00.475+0500] {logging_mixin.py:190} INFO - [2024-08-22T17:05:00.475+0500] {dag.py:4138} INFO - Setting next_dagrun for dataset_with_extra_by_context to 2024-08-21 00:00:00+00:00, run_after=2024-08-22 00:00:00+00:00
[2024-08-22T17:05:00.480+0500] {logging_mixin.py:190} INFO - [2024-08-22T17:05:00.480+0500] {dag.py:4138} INFO - Setting next_dagrun for dataset_with_extra_by_yield to 2024-08-21 00:00:00+00:00, run_after=2024-08-22 00:00:00+00:00
[2024-08-22T17:05:00.482+0500] {logging_mixin.py:190} INFO - [2024-08-22T17:05:00.482+0500] {dag.py:4138} INFO - Setting next_dagrun for dataset_with_extra_from_classic_operator to 2024-08-21 00:00:00+00:00, run_after=2024-08-22 00:00:00+00:00
[2024-08-22T17:05:00.505+0500] {processor.py:208} INFO - Processing /home/rayyan/redfin_venv/lib/python3.10/site-packages/airflow/example_dags/example_outlet_event_extra.py took 0.112 seconds
[2024-08-22T17:05:56.271+0500] {processor.py:186} INFO - Started process (PID=13807) to work on /home/rayyan/redfin_venv/lib/python3.10/site-packages/airflow/example_dags/example_outlet_event_extra.py
[2024-08-22T17:05:56.283+0500] {processor.py:914} INFO - Processing file /home/rayyan/redfin_venv/lib/python3.10/site-packages/airflow/example_dags/example_outlet_event_extra.py for tasks to queue
[2024-08-22T17:05:56.287+0500] {logging_mixin.py:190} INFO - [2024-08-22T17:05:56.286+0500] {dagbag.py:587} INFO - Filling up the DagBag from /home/rayyan/redfin_venv/lib/python3.10/site-packages/airflow/example_dags/example_outlet_event_extra.py
[2024-08-22T17:05:56.306+0500] {processor.py:925} INFO - DAG(s) 'dataset_with_extra_by_context', 'dataset_with_extra_from_classic_operator', 'dataset_with_extra_by_yield' retrieved from /home/rayyan/redfin_venv/lib/python3.10/site-packages/airflow/example_dags/example_outlet_event_extra.py
[2024-08-22T17:05:56.328+0500] {logging_mixin.py:190} INFO - [2024-08-22T17:05:56.328+0500] {dag.py:3211} INFO - Sync 3 DAGs
[2024-08-22T17:05:56.349+0500] {logging_mixin.py:190} INFO - [2024-08-22T17:05:56.349+0500] {dag.py:4138} INFO - Setting next_dagrun for dataset_with_extra_by_context to 2024-08-21 00:00:00+00:00, run_after=2024-08-22 00:00:00+00:00
[2024-08-22T17:05:56.353+0500] {logging_mixin.py:190} INFO - [2024-08-22T17:05:56.353+0500] {dag.py:4138} INFO - Setting next_dagrun for dataset_with_extra_by_yield to 2024-08-21 00:00:00+00:00, run_after=2024-08-22 00:00:00+00:00
[2024-08-22T17:05:56.355+0500] {logging_mixin.py:190} INFO - [2024-08-22T17:05:56.355+0500] {dag.py:4138} INFO - Setting next_dagrun for dataset_with_extra_from_classic_operator to 2024-08-21 00:00:00+00:00, run_after=2024-08-22 00:00:00+00:00
[2024-08-22T17:05:56.378+0500] {processor.py:208} INFO - Processing /home/rayyan/redfin_venv/lib/python3.10/site-packages/airflow/example_dags/example_outlet_event_extra.py took 0.113 seconds
[2024-08-22T17:06:53.908+0500] {processor.py:186} INFO - Started process (PID=14088) to work on /home/rayyan/redfin_venv/lib/python3.10/site-packages/airflow/example_dags/example_outlet_event_extra.py
[2024-08-22T17:06:53.910+0500] {processor.py:914} INFO - Processing file /home/rayyan/redfin_venv/lib/python3.10/site-packages/airflow/example_dags/example_outlet_event_extra.py for tasks to queue
[2024-08-22T17:06:53.914+0500] {logging_mixin.py:190} INFO - [2024-08-22T17:06:53.914+0500] {dagbag.py:587} INFO - Filling up the DagBag from /home/rayyan/redfin_venv/lib/python3.10/site-packages/airflow/example_dags/example_outlet_event_extra.py
[2024-08-22T17:06:53.937+0500] {processor.py:925} INFO - DAG(s) 'dataset_with_extra_by_yield', 'dataset_with_extra_from_classic_operator', 'dataset_with_extra_by_context' retrieved from /home/rayyan/redfin_venv/lib/python3.10/site-packages/airflow/example_dags/example_outlet_event_extra.py
[2024-08-22T17:06:53.961+0500] {logging_mixin.py:190} INFO - [2024-08-22T17:06:53.961+0500] {dag.py:3211} INFO - Sync 3 DAGs
[2024-08-22T17:06:53.984+0500] {logging_mixin.py:190} INFO - [2024-08-22T17:06:53.984+0500] {dag.py:4138} INFO - Setting next_dagrun for dataset_with_extra_by_context to 2024-08-21 00:00:00+00:00, run_after=2024-08-22 00:00:00+00:00
[2024-08-22T17:06:53.988+0500] {logging_mixin.py:190} INFO - [2024-08-22T17:06:53.988+0500] {dag.py:4138} INFO - Setting next_dagrun for dataset_with_extra_by_yield to 2024-08-21 00:00:00+00:00, run_after=2024-08-22 00:00:00+00:00
[2024-08-22T17:06:53.990+0500] {logging_mixin.py:190} INFO - [2024-08-22T17:06:53.990+0500] {dag.py:4138} INFO - Setting next_dagrun for dataset_with_extra_from_classic_operator to 2024-08-21 00:00:00+00:00, run_after=2024-08-22 00:00:00+00:00
[2024-08-22T17:06:54.014+0500] {processor.py:208} INFO - Processing /home/rayyan/redfin_venv/lib/python3.10/site-packages/airflow/example_dags/example_outlet_event_extra.py took 0.117 seconds
[2024-08-22T17:07:51.576+0500] {processor.py:186} INFO - Started process (PID=14374) to work on /home/rayyan/redfin_venv/lib/python3.10/site-packages/airflow/example_dags/example_outlet_event_extra.py
[2024-08-22T17:07:51.578+0500] {processor.py:914} INFO - Processing file /home/rayyan/redfin_venv/lib/python3.10/site-packages/airflow/example_dags/example_outlet_event_extra.py for tasks to queue
[2024-08-22T17:07:51.581+0500] {logging_mixin.py:190} INFO - [2024-08-22T17:07:51.580+0500] {dagbag.py:587} INFO - Filling up the DagBag from /home/rayyan/redfin_venv/lib/python3.10/site-packages/airflow/example_dags/example_outlet_event_extra.py
[2024-08-22T17:07:51.598+0500] {processor.py:925} INFO - DAG(s) 'dataset_with_extra_from_classic_operator', 'dataset_with_extra_by_context', 'dataset_with_extra_by_yield' retrieved from /home/rayyan/redfin_venv/lib/python3.10/site-packages/airflow/example_dags/example_outlet_event_extra.py
[2024-08-22T17:07:51.623+0500] {logging_mixin.py:190} INFO - [2024-08-22T17:07:51.623+0500] {dag.py:3211} INFO - Sync 3 DAGs
[2024-08-22T17:07:51.654+0500] {logging_mixin.py:190} INFO - [2024-08-22T17:07:51.653+0500] {dag.py:4138} INFO - Setting next_dagrun for dataset_with_extra_by_context to 2024-08-21 00:00:00+00:00, run_after=2024-08-22 00:00:00+00:00
[2024-08-22T17:07:51.659+0500] {logging_mixin.py:190} INFO - [2024-08-22T17:07:51.658+0500] {dag.py:4138} INFO - Setting next_dagrun for dataset_with_extra_by_yield to 2024-08-21 00:00:00+00:00, run_after=2024-08-22 00:00:00+00:00
[2024-08-22T17:07:51.662+0500] {logging_mixin.py:190} INFO - [2024-08-22T17:07:51.661+0500] {dag.py:4138} INFO - Setting next_dagrun for dataset_with_extra_from_classic_operator to 2024-08-21 00:00:00+00:00, run_after=2024-08-22 00:00:00+00:00
[2024-08-22T17:07:51.697+0500] {processor.py:208} INFO - Processing /home/rayyan/redfin_venv/lib/python3.10/site-packages/airflow/example_dags/example_outlet_event_extra.py took 0.132 seconds
