[2024-08-22T16:48:26.419+0500] {processor.py:186} INFO - Started process (PID=3899) to work on /home/rayyan/redfin_venv/lib/python3.10/site-packages/airflow/example_dags/example_external_task_marker_dag.py
[2024-08-22T16:48:26.420+0500] {processor.py:914} INFO - Processing file /home/rayyan/redfin_venv/lib/python3.10/site-packages/airflow/example_dags/example_external_task_marker_dag.py for tasks to queue
[2024-08-22T16:48:26.422+0500] {logging_mixin.py:190} INFO - [2024-08-22T16:48:26.422+0500] {dagbag.py:587} INFO - Filling up the DagBag from /home/rayyan/redfin_venv/lib/python3.10/site-packages/airflow/example_dags/example_external_task_marker_dag.py
[2024-08-22T16:48:26.431+0500] {processor.py:925} INFO - DAG(s) 'example_external_task_marker_child', 'example_external_task_marker_parent' retrieved from /home/rayyan/redfin_venv/lib/python3.10/site-packages/airflow/example_dags/example_external_task_marker_dag.py
[2024-08-22T16:48:26.449+0500] {logging_mixin.py:190} INFO - [2024-08-22T16:48:26.449+0500] {dag.py:3211} INFO - Sync 2 DAGs
[2024-08-22T16:48:26.461+0500] {logging_mixin.py:190} INFO - [2024-08-22T16:48:26.460+0500] {dag.py:4138} INFO - Setting next_dagrun for example_external_task_marker_child to None, run_after=None
[2024-08-22T16:48:26.464+0500] {logging_mixin.py:190} INFO - [2024-08-22T16:48:26.464+0500] {dag.py:4138} INFO - Setting next_dagrun for example_external_task_marker_parent to None, run_after=None
[2024-08-22T16:48:26.492+0500] {processor.py:208} INFO - Processing /home/rayyan/redfin_venv/lib/python3.10/site-packages/airflow/example_dags/example_external_task_marker_dag.py took 0.080 seconds
[2024-08-22T16:49:25.154+0500] {processor.py:186} INFO - Started process (PID=4189) to work on /home/rayyan/redfin_venv/lib/python3.10/site-packages/airflow/example_dags/example_external_task_marker_dag.py
[2024-08-22T16:49:25.157+0500] {processor.py:914} INFO - Processing file /home/rayyan/redfin_venv/lib/python3.10/site-packages/airflow/example_dags/example_external_task_marker_dag.py for tasks to queue
[2024-08-22T16:49:25.161+0500] {logging_mixin.py:190} INFO - [2024-08-22T16:49:25.160+0500] {dagbag.py:587} INFO - Filling up the DagBag from /home/rayyan/redfin_venv/lib/python3.10/site-packages/airflow/example_dags/example_external_task_marker_dag.py
[2024-08-22T16:49:25.173+0500] {processor.py:925} INFO - DAG(s) 'example_external_task_marker_parent', 'example_external_task_marker_child' retrieved from /home/rayyan/redfin_venv/lib/python3.10/site-packages/airflow/example_dags/example_external_task_marker_dag.py
[2024-08-22T16:49:25.193+0500] {logging_mixin.py:190} INFO - [2024-08-22T16:49:25.193+0500] {dag.py:3211} INFO - Sync 2 DAGs
[2024-08-22T16:49:25.206+0500] {logging_mixin.py:190} INFO - [2024-08-22T16:49:25.205+0500] {dag.py:4138} INFO - Setting next_dagrun for example_external_task_marker_child to None, run_after=None
[2024-08-22T16:49:25.209+0500] {logging_mixin.py:190} INFO - [2024-08-22T16:49:25.208+0500] {dag.py:4138} INFO - Setting next_dagrun for example_external_task_marker_parent to None, run_after=None
[2024-08-22T16:49:25.228+0500] {processor.py:208} INFO - Processing /home/rayyan/redfin_venv/lib/python3.10/site-packages/airflow/example_dags/example_external_task_marker_dag.py took 0.091 seconds
[2024-08-22T16:50:22.030+0500] {processor.py:186} INFO - Started process (PID=4466) to work on /home/rayyan/redfin_venv/lib/python3.10/site-packages/airflow/example_dags/example_external_task_marker_dag.py
[2024-08-22T16:50:22.042+0500] {processor.py:914} INFO - Processing file /home/rayyan/redfin_venv/lib/python3.10/site-packages/airflow/example_dags/example_external_task_marker_dag.py for tasks to queue
[2024-08-22T16:50:22.044+0500] {logging_mixin.py:190} INFO - [2024-08-22T16:50:22.044+0500] {dagbag.py:587} INFO - Filling up the DagBag from /home/rayyan/redfin_venv/lib/python3.10/site-packages/airflow/example_dags/example_external_task_marker_dag.py
[2024-08-22T16:50:22.054+0500] {processor.py:925} INFO - DAG(s) 'example_external_task_marker_parent', 'example_external_task_marker_child' retrieved from /home/rayyan/redfin_venv/lib/python3.10/site-packages/airflow/example_dags/example_external_task_marker_dag.py
[2024-08-22T16:50:22.074+0500] {logging_mixin.py:190} INFO - [2024-08-22T16:50:22.074+0500] {dag.py:3211} INFO - Sync 2 DAGs
[2024-08-22T16:50:22.088+0500] {logging_mixin.py:190} INFO - [2024-08-22T16:50:22.087+0500] {dag.py:4138} INFO - Setting next_dagrun for example_external_task_marker_child to None, run_after=None
[2024-08-22T16:50:22.090+0500] {logging_mixin.py:190} INFO - [2024-08-22T16:50:22.090+0500] {dag.py:4138} INFO - Setting next_dagrun for example_external_task_marker_parent to None, run_after=None
[2024-08-22T16:50:22.110+0500] {processor.py:208} INFO - Processing /home/rayyan/redfin_venv/lib/python3.10/site-packages/airflow/example_dags/example_external_task_marker_dag.py took 0.089 seconds
[2024-08-22T16:51:19.068+0500] {processor.py:186} INFO - Started process (PID=4743) to work on /home/rayyan/redfin_venv/lib/python3.10/site-packages/airflow/example_dags/example_external_task_marker_dag.py
[2024-08-22T16:51:19.080+0500] {processor.py:914} INFO - Processing file /home/rayyan/redfin_venv/lib/python3.10/site-packages/airflow/example_dags/example_external_task_marker_dag.py for tasks to queue
[2024-08-22T16:51:19.083+0500] {logging_mixin.py:190} INFO - [2024-08-22T16:51:19.082+0500] {dagbag.py:587} INFO - Filling up the DagBag from /home/rayyan/redfin_venv/lib/python3.10/site-packages/airflow/example_dags/example_external_task_marker_dag.py
[2024-08-22T16:51:19.093+0500] {processor.py:925} INFO - DAG(s) 'example_external_task_marker_parent', 'example_external_task_marker_child' retrieved from /home/rayyan/redfin_venv/lib/python3.10/site-packages/airflow/example_dags/example_external_task_marker_dag.py
[2024-08-22T16:51:19.113+0500] {logging_mixin.py:190} INFO - [2024-08-22T16:51:19.113+0500] {dag.py:3211} INFO - Sync 2 DAGs
[2024-08-22T16:51:19.127+0500] {logging_mixin.py:190} INFO - [2024-08-22T16:51:19.126+0500] {dag.py:4138} INFO - Setting next_dagrun for example_external_task_marker_child to None, run_after=None
[2024-08-22T16:51:19.129+0500] {logging_mixin.py:190} INFO - [2024-08-22T16:51:19.129+0500] {dag.py:4138} INFO - Setting next_dagrun for example_external_task_marker_parent to None, run_after=None
[2024-08-22T16:51:19.150+0500] {processor.py:208} INFO - Processing /home/rayyan/redfin_venv/lib/python3.10/site-packages/airflow/example_dags/example_external_task_marker_dag.py took 0.088 seconds
[2024-08-22T16:52:18.016+0500] {processor.py:186} INFO - Started process (PID=5027) to work on /home/rayyan/redfin_venv/lib/python3.10/site-packages/airflow/example_dags/example_external_task_marker_dag.py
[2024-08-22T16:52:18.028+0500] {processor.py:914} INFO - Processing file /home/rayyan/redfin_venv/lib/python3.10/site-packages/airflow/example_dags/example_external_task_marker_dag.py for tasks to queue
[2024-08-22T16:52:18.032+0500] {logging_mixin.py:190} INFO - [2024-08-22T16:52:18.032+0500] {dagbag.py:587} INFO - Filling up the DagBag from /home/rayyan/redfin_venv/lib/python3.10/site-packages/airflow/example_dags/example_external_task_marker_dag.py
[2024-08-22T16:52:18.042+0500] {processor.py:925} INFO - DAG(s) 'example_external_task_marker_child', 'example_external_task_marker_parent' retrieved from /home/rayyan/redfin_venv/lib/python3.10/site-packages/airflow/example_dags/example_external_task_marker_dag.py
[2024-08-22T16:52:18.061+0500] {logging_mixin.py:190} INFO - [2024-08-22T16:52:18.061+0500] {dag.py:3211} INFO - Sync 2 DAGs
[2024-08-22T16:52:18.074+0500] {logging_mixin.py:190} INFO - [2024-08-22T16:52:18.073+0500] {dag.py:4138} INFO - Setting next_dagrun for example_external_task_marker_child to None, run_after=None
[2024-08-22T16:52:18.076+0500] {logging_mixin.py:190} INFO - [2024-08-22T16:52:18.076+0500] {dag.py:4138} INFO - Setting next_dagrun for example_external_task_marker_parent to None, run_after=None
[2024-08-22T16:52:18.097+0500] {processor.py:208} INFO - Processing /home/rayyan/redfin_venv/lib/python3.10/site-packages/airflow/example_dags/example_external_task_marker_dag.py took 0.092 seconds
[2024-08-22T16:53:21.332+0500] {processor.py:186} INFO - Started process (PID=5329) to work on /home/rayyan/redfin_venv/lib/python3.10/site-packages/airflow/example_dags/example_external_task_marker_dag.py
[2024-08-22T16:53:21.333+0500] {processor.py:914} INFO - Processing file /home/rayyan/redfin_venv/lib/python3.10/site-packages/airflow/example_dags/example_external_task_marker_dag.py for tasks to queue
[2024-08-22T16:53:21.336+0500] {logging_mixin.py:190} INFO - [2024-08-22T16:53:21.336+0500] {dagbag.py:587} INFO - Filling up the DagBag from /home/rayyan/redfin_venv/lib/python3.10/site-packages/airflow/example_dags/example_external_task_marker_dag.py
[2024-08-22T16:53:21.345+0500] {processor.py:925} INFO - DAG(s) 'example_external_task_marker_parent', 'example_external_task_marker_child' retrieved from /home/rayyan/redfin_venv/lib/python3.10/site-packages/airflow/example_dags/example_external_task_marker_dag.py
[2024-08-22T16:53:21.363+0500] {logging_mixin.py:190} INFO - [2024-08-22T16:53:21.363+0500] {dag.py:3211} INFO - Sync 2 DAGs
[2024-08-22T16:53:21.377+0500] {logging_mixin.py:190} INFO - [2024-08-22T16:53:21.377+0500] {dag.py:4138} INFO - Setting next_dagrun for example_external_task_marker_child to None, run_after=None
[2024-08-22T16:53:21.380+0500] {logging_mixin.py:190} INFO - [2024-08-22T16:53:21.380+0500] {dag.py:4138} INFO - Setting next_dagrun for example_external_task_marker_parent to None, run_after=None
[2024-08-22T16:53:21.399+0500] {processor.py:208} INFO - Processing /home/rayyan/redfin_venv/lib/python3.10/site-packages/airflow/example_dags/example_external_task_marker_dag.py took 0.076 seconds
[2024-08-22T16:54:23.400+0500] {processor.py:186} INFO - Started process (PID=5629) to work on /home/rayyan/redfin_venv/lib/python3.10/site-packages/airflow/example_dags/example_external_task_marker_dag.py
[2024-08-22T16:54:23.412+0500] {processor.py:914} INFO - Processing file /home/rayyan/redfin_venv/lib/python3.10/site-packages/airflow/example_dags/example_external_task_marker_dag.py for tasks to queue
[2024-08-22T16:54:23.415+0500] {logging_mixin.py:190} INFO - [2024-08-22T16:54:23.414+0500] {dagbag.py:587} INFO - Filling up the DagBag from /home/rayyan/redfin_venv/lib/python3.10/site-packages/airflow/example_dags/example_external_task_marker_dag.py
[2024-08-22T16:54:23.425+0500] {processor.py:925} INFO - DAG(s) 'example_external_task_marker_parent', 'example_external_task_marker_child' retrieved from /home/rayyan/redfin_venv/lib/python3.10/site-packages/airflow/example_dags/example_external_task_marker_dag.py
[2024-08-22T16:54:23.445+0500] {logging_mixin.py:190} INFO - [2024-08-22T16:54:23.445+0500] {dag.py:3211} INFO - Sync 2 DAGs
[2024-08-22T16:54:23.457+0500] {logging_mixin.py:190} INFO - [2024-08-22T16:54:23.457+0500] {dag.py:4138} INFO - Setting next_dagrun for example_external_task_marker_child to None, run_after=None
[2024-08-22T16:54:23.460+0500] {logging_mixin.py:190} INFO - [2024-08-22T16:54:23.460+0500] {dag.py:4138} INFO - Setting next_dagrun for example_external_task_marker_parent to None, run_after=None
[2024-08-22T16:54:23.479+0500] {processor.py:208} INFO - Processing /home/rayyan/redfin_venv/lib/python3.10/site-packages/airflow/example_dags/example_external_task_marker_dag.py took 0.086 seconds
[2024-08-22T16:55:24.143+0500] {processor.py:186} INFO - Started process (PID=5922) to work on /home/rayyan/redfin_venv/lib/python3.10/site-packages/airflow/example_dags/example_external_task_marker_dag.py
[2024-08-22T16:55:24.145+0500] {processor.py:914} INFO - Processing file /home/rayyan/redfin_venv/lib/python3.10/site-packages/airflow/example_dags/example_external_task_marker_dag.py for tasks to queue
[2024-08-22T16:55:24.149+0500] {logging_mixin.py:190} INFO - [2024-08-22T16:55:24.148+0500] {dagbag.py:587} INFO - Filling up the DagBag from /home/rayyan/redfin_venv/lib/python3.10/site-packages/airflow/example_dags/example_external_task_marker_dag.py
[2024-08-22T16:55:24.157+0500] {processor.py:925} INFO - DAG(s) 'example_external_task_marker_child', 'example_external_task_marker_parent' retrieved from /home/rayyan/redfin_venv/lib/python3.10/site-packages/airflow/example_dags/example_external_task_marker_dag.py
[2024-08-22T16:55:24.178+0500] {logging_mixin.py:190} INFO - [2024-08-22T16:55:24.178+0500] {dag.py:3211} INFO - Sync 2 DAGs
[2024-08-22T16:55:24.322+0500] {logging_mixin.py:190} INFO - [2024-08-22T16:55:24.322+0500] {dag.py:4138} INFO - Setting next_dagrun for example_external_task_marker_child to None, run_after=None
[2024-08-22T16:55:24.327+0500] {logging_mixin.py:190} INFO - [2024-08-22T16:55:24.327+0500] {dag.py:4138} INFO - Setting next_dagrun for example_external_task_marker_parent to None, run_after=None
[2024-08-22T16:55:24.358+0500] {processor.py:208} INFO - Processing /home/rayyan/redfin_venv/lib/python3.10/site-packages/airflow/example_dags/example_external_task_marker_dag.py took 0.222 seconds
[2024-08-22T16:56:31.163+0500] {processor.py:186} INFO - Started process (PID=6244) to work on /home/rayyan/redfin_venv/lib/python3.10/site-packages/airflow/example_dags/example_external_task_marker_dag.py
[2024-08-22T16:56:31.175+0500] {processor.py:914} INFO - Processing file /home/rayyan/redfin_venv/lib/python3.10/site-packages/airflow/example_dags/example_external_task_marker_dag.py for tasks to queue
[2024-08-22T16:56:31.178+0500] {logging_mixin.py:190} INFO - [2024-08-22T16:56:31.178+0500] {dagbag.py:587} INFO - Filling up the DagBag from /home/rayyan/redfin_venv/lib/python3.10/site-packages/airflow/example_dags/example_external_task_marker_dag.py
[2024-08-22T16:56:31.189+0500] {processor.py:925} INFO - DAG(s) 'example_external_task_marker_parent', 'example_external_task_marker_child' retrieved from /home/rayyan/redfin_venv/lib/python3.10/site-packages/airflow/example_dags/example_external_task_marker_dag.py
[2024-08-22T16:56:31.209+0500] {logging_mixin.py:190} INFO - [2024-08-22T16:56:31.209+0500] {dag.py:3211} INFO - Sync 2 DAGs
[2024-08-22T16:56:31.342+0500] {logging_mixin.py:190} INFO - [2024-08-22T16:56:31.341+0500] {dag.py:4138} INFO - Setting next_dagrun for example_external_task_marker_child to None, run_after=None
[2024-08-22T16:56:31.346+0500] {logging_mixin.py:190} INFO - [2024-08-22T16:56:31.346+0500] {dag.py:4138} INFO - Setting next_dagrun for example_external_task_marker_parent to None, run_after=None
[2024-08-22T16:56:31.371+0500] {processor.py:208} INFO - Processing /home/rayyan/redfin_venv/lib/python3.10/site-packages/airflow/example_dags/example_external_task_marker_dag.py took 0.218 seconds
[2024-08-22T16:57:36.826+0500] {processor.py:186} INFO - Started process (PID=6559) to work on /home/rayyan/redfin_venv/lib/python3.10/site-packages/airflow/example_dags/example_external_task_marker_dag.py
[2024-08-22T16:57:36.839+0500] {processor.py:914} INFO - Processing file /home/rayyan/redfin_venv/lib/python3.10/site-packages/airflow/example_dags/example_external_task_marker_dag.py for tasks to queue
[2024-08-22T16:57:36.842+0500] {logging_mixin.py:190} INFO - [2024-08-22T16:57:36.842+0500] {dagbag.py:587} INFO - Filling up the DagBag from /home/rayyan/redfin_venv/lib/python3.10/site-packages/airflow/example_dags/example_external_task_marker_dag.py
[2024-08-22T16:57:36.853+0500] {processor.py:925} INFO - DAG(s) 'example_external_task_marker_child', 'example_external_task_marker_parent' retrieved from /home/rayyan/redfin_venv/lib/python3.10/site-packages/airflow/example_dags/example_external_task_marker_dag.py
[2024-08-22T16:57:36.983+0500] {logging_mixin.py:190} INFO - [2024-08-22T16:57:36.983+0500] {dag.py:3211} INFO - Sync 2 DAGs
[2024-08-22T16:57:36.999+0500] {logging_mixin.py:190} INFO - [2024-08-22T16:57:36.998+0500] {dag.py:4138} INFO - Setting next_dagrun for example_external_task_marker_child to None, run_after=None
[2024-08-22T16:57:37.003+0500] {logging_mixin.py:190} INFO - [2024-08-22T16:57:37.002+0500] {dag.py:4138} INFO - Setting next_dagrun for example_external_task_marker_parent to None, run_after=None
[2024-08-22T16:57:37.025+0500] {processor.py:208} INFO - Processing /home/rayyan/redfin_venv/lib/python3.10/site-packages/airflow/example_dags/example_external_task_marker_dag.py took 0.212 seconds
[2024-08-22T16:59:43.738+0500] {processor.py:186} INFO - Started process (PID=7219) to work on /home/rayyan/redfin_venv/lib/python3.10/site-packages/airflow/example_dags/example_external_task_marker_dag.py
[2024-08-22T16:59:43.750+0500] {processor.py:914} INFO - Processing file /home/rayyan/redfin_venv/lib/python3.10/site-packages/airflow/example_dags/example_external_task_marker_dag.py for tasks to queue
[2024-08-22T16:59:43.753+0500] {logging_mixin.py:190} INFO - [2024-08-22T16:59:43.753+0500] {dagbag.py:587} INFO - Filling up the DagBag from /home/rayyan/redfin_venv/lib/python3.10/site-packages/airflow/example_dags/example_external_task_marker_dag.py
[2024-08-22T16:59:43.762+0500] {processor.py:925} INFO - DAG(s) 'example_external_task_marker_parent', 'example_external_task_marker_child' retrieved from /home/rayyan/redfin_venv/lib/python3.10/site-packages/airflow/example_dags/example_external_task_marker_dag.py
[2024-08-22T16:59:43.786+0500] {logging_mixin.py:190} INFO - [2024-08-22T16:59:43.786+0500] {dag.py:3211} INFO - Sync 2 DAGs
[2024-08-22T16:59:43.803+0500] {logging_mixin.py:190} INFO - [2024-08-22T16:59:43.802+0500] {dag.py:4138} INFO - Setting next_dagrun for example_external_task_marker_child to None, run_after=None
[2024-08-22T16:59:43.807+0500] {logging_mixin.py:190} INFO - [2024-08-22T16:59:43.806+0500] {dag.py:4138} INFO - Setting next_dagrun for example_external_task_marker_parent to None, run_after=None
[2024-08-22T16:59:43.832+0500] {processor.py:208} INFO - Processing /home/rayyan/redfin_venv/lib/python3.10/site-packages/airflow/example_dags/example_external_task_marker_dag.py took 0.100 seconds
[2024-08-22T17:00:51.401+0500] {processor.py:186} INFO - Started process (PID=9652) to work on /home/rayyan/redfin_venv/lib/python3.10/site-packages/airflow/example_dags/example_external_task_marker_dag.py
[2024-08-22T17:00:51.402+0500] {processor.py:914} INFO - Processing file /home/rayyan/redfin_venv/lib/python3.10/site-packages/airflow/example_dags/example_external_task_marker_dag.py for tasks to queue
[2024-08-22T17:00:51.405+0500] {logging_mixin.py:190} INFO - [2024-08-22T17:00:51.405+0500] {dagbag.py:587} INFO - Filling up the DagBag from /home/rayyan/redfin_venv/lib/python3.10/site-packages/airflow/example_dags/example_external_task_marker_dag.py
[2024-08-22T17:00:51.417+0500] {processor.py:925} INFO - DAG(s) 'example_external_task_marker_child', 'example_external_task_marker_parent' retrieved from /home/rayyan/redfin_venv/lib/python3.10/site-packages/airflow/example_dags/example_external_task_marker_dag.py
[2024-08-22T17:00:51.441+0500] {logging_mixin.py:190} INFO - [2024-08-22T17:00:51.441+0500] {dag.py:3211} INFO - Sync 2 DAGs
[2024-08-22T17:00:51.458+0500] {logging_mixin.py:190} INFO - [2024-08-22T17:00:51.457+0500] {dag.py:4138} INFO - Setting next_dagrun for example_external_task_marker_child to None, run_after=None
[2024-08-22T17:00:51.463+0500] {logging_mixin.py:190} INFO - [2024-08-22T17:00:51.462+0500] {dag.py:4138} INFO - Setting next_dagrun for example_external_task_marker_parent to None, run_after=None
[2024-08-22T17:00:51.489+0500] {processor.py:208} INFO - Processing /home/rayyan/redfin_venv/lib/python3.10/site-packages/airflow/example_dags/example_external_task_marker_dag.py took 0.097 seconds
[2024-08-22T17:01:59.310+0500] {processor.py:186} INFO - Started process (PID=11792) to work on /home/rayyan/redfin_venv/lib/python3.10/site-packages/airflow/example_dags/example_external_task_marker_dag.py
[2024-08-22T17:01:59.312+0500] {processor.py:914} INFO - Processing file /home/rayyan/redfin_venv/lib/python3.10/site-packages/airflow/example_dags/example_external_task_marker_dag.py for tasks to queue
[2024-08-22T17:01:59.315+0500] {logging_mixin.py:190} INFO - [2024-08-22T17:01:59.315+0500] {dagbag.py:587} INFO - Filling up the DagBag from /home/rayyan/redfin_venv/lib/python3.10/site-packages/airflow/example_dags/example_external_task_marker_dag.py
[2024-08-22T17:01:59.335+0500] {processor.py:925} INFO - DAG(s) 'example_external_task_marker_child', 'example_external_task_marker_parent' retrieved from /home/rayyan/redfin_venv/lib/python3.10/site-packages/airflow/example_dags/example_external_task_marker_dag.py
[2024-08-22T17:01:59.392+0500] {logging_mixin.py:190} INFO - [2024-08-22T17:01:59.391+0500] {dag.py:3211} INFO - Sync 2 DAGs
[2024-08-22T17:01:59.431+0500] {logging_mixin.py:190} INFO - [2024-08-22T17:01:59.431+0500] {dag.py:4138} INFO - Setting next_dagrun for example_external_task_marker_child to None, run_after=None
[2024-08-22T17:01:59.446+0500] {logging_mixin.py:190} INFO - [2024-08-22T17:01:59.446+0500] {dag.py:4138} INFO - Setting next_dagrun for example_external_task_marker_parent to None, run_after=None
[2024-08-22T17:01:59.503+0500] {processor.py:208} INFO - Processing /home/rayyan/redfin_venv/lib/python3.10/site-packages/airflow/example_dags/example_external_task_marker_dag.py took 0.209 seconds
[2024-08-22T17:03:07.148+0500] {processor.py:186} INFO - Started process (PID=12985) to work on /home/rayyan/redfin_venv/lib/python3.10/site-packages/airflow/example_dags/example_external_task_marker_dag.py
[2024-08-22T17:03:07.150+0500] {processor.py:914} INFO - Processing file /home/rayyan/redfin_venv/lib/python3.10/site-packages/airflow/example_dags/example_external_task_marker_dag.py for tasks to queue
[2024-08-22T17:03:07.153+0500] {logging_mixin.py:190} INFO - [2024-08-22T17:03:07.152+0500] {dagbag.py:587} INFO - Filling up the DagBag from /home/rayyan/redfin_venv/lib/python3.10/site-packages/airflow/example_dags/example_external_task_marker_dag.py
[2024-08-22T17:03:07.162+0500] {processor.py:925} INFO - DAG(s) 'example_external_task_marker_child', 'example_external_task_marker_parent' retrieved from /home/rayyan/redfin_venv/lib/python3.10/site-packages/airflow/example_dags/example_external_task_marker_dag.py
[2024-08-22T17:03:07.181+0500] {logging_mixin.py:190} INFO - [2024-08-22T17:03:07.181+0500] {dag.py:3211} INFO - Sync 2 DAGs
[2024-08-22T17:03:07.194+0500] {logging_mixin.py:190} INFO - [2024-08-22T17:03:07.193+0500] {dag.py:4138} INFO - Setting next_dagrun for example_external_task_marker_child to None, run_after=None
[2024-08-22T17:03:07.197+0500] {logging_mixin.py:190} INFO - [2024-08-22T17:03:07.196+0500] {dag.py:4138} INFO - Setting next_dagrun for example_external_task_marker_parent to None, run_after=None
[2024-08-22T17:03:07.217+0500] {processor.py:208} INFO - Processing /home/rayyan/redfin_venv/lib/python3.10/site-packages/airflow/example_dags/example_external_task_marker_dag.py took 0.077 seconds
[2024-08-22T17:04:06.773+0500] {processor.py:186} INFO - Started process (PID=13273) to work on /home/rayyan/redfin_venv/lib/python3.10/site-packages/airflow/example_dags/example_external_task_marker_dag.py
[2024-08-22T17:04:06.784+0500] {processor.py:914} INFO - Processing file /home/rayyan/redfin_venv/lib/python3.10/site-packages/airflow/example_dags/example_external_task_marker_dag.py for tasks to queue
[2024-08-22T17:04:06.787+0500] {logging_mixin.py:190} INFO - [2024-08-22T17:04:06.786+0500] {dagbag.py:587} INFO - Filling up the DagBag from /home/rayyan/redfin_venv/lib/python3.10/site-packages/airflow/example_dags/example_external_task_marker_dag.py
[2024-08-22T17:04:06.797+0500] {processor.py:925} INFO - DAG(s) 'example_external_task_marker_child', 'example_external_task_marker_parent' retrieved from /home/rayyan/redfin_venv/lib/python3.10/site-packages/airflow/example_dags/example_external_task_marker_dag.py
[2024-08-22T17:04:06.816+0500] {logging_mixin.py:190} INFO - [2024-08-22T17:04:06.816+0500] {dag.py:3211} INFO - Sync 2 DAGs
[2024-08-22T17:04:06.830+0500] {logging_mixin.py:190} INFO - [2024-08-22T17:04:06.830+0500] {dag.py:4138} INFO - Setting next_dagrun for example_external_task_marker_child to None, run_after=None
[2024-08-22T17:04:06.833+0500] {logging_mixin.py:190} INFO - [2024-08-22T17:04:06.833+0500] {dag.py:4138} INFO - Setting next_dagrun for example_external_task_marker_parent to None, run_after=None
[2024-08-22T17:04:06.852+0500] {processor.py:208} INFO - Processing /home/rayyan/redfin_venv/lib/python3.10/site-packages/airflow/example_dags/example_external_task_marker_dag.py took 0.086 seconds
[2024-08-22T17:05:02.830+0500] {processor.py:186} INFO - Started process (PID=13546) to work on /home/rayyan/redfin_venv/lib/python3.10/site-packages/airflow/example_dags/example_external_task_marker_dag.py
[2024-08-22T17:05:02.843+0500] {processor.py:914} INFO - Processing file /home/rayyan/redfin_venv/lib/python3.10/site-packages/airflow/example_dags/example_external_task_marker_dag.py for tasks to queue
[2024-08-22T17:05:02.846+0500] {logging_mixin.py:190} INFO - [2024-08-22T17:05:02.846+0500] {dagbag.py:587} INFO - Filling up the DagBag from /home/rayyan/redfin_venv/lib/python3.10/site-packages/airflow/example_dags/example_external_task_marker_dag.py
[2024-08-22T17:05:02.858+0500] {processor.py:925} INFO - DAG(s) 'example_external_task_marker_child', 'example_external_task_marker_parent' retrieved from /home/rayyan/redfin_venv/lib/python3.10/site-packages/airflow/example_dags/example_external_task_marker_dag.py
[2024-08-22T17:05:02.878+0500] {logging_mixin.py:190} INFO - [2024-08-22T17:05:02.878+0500] {dag.py:3211} INFO - Sync 2 DAGs
[2024-08-22T17:05:02.890+0500] {logging_mixin.py:190} INFO - [2024-08-22T17:05:02.890+0500] {dag.py:4138} INFO - Setting next_dagrun for example_external_task_marker_child to None, run_after=None
[2024-08-22T17:05:02.893+0500] {logging_mixin.py:190} INFO - [2024-08-22T17:05:02.893+0500] {dag.py:4138} INFO - Setting next_dagrun for example_external_task_marker_parent to None, run_after=None
[2024-08-22T17:05:02.914+0500] {processor.py:208} INFO - Processing /home/rayyan/redfin_venv/lib/python3.10/site-packages/airflow/example_dags/example_external_task_marker_dag.py took 0.098 seconds
[2024-08-22T17:06:26.868+0500] {processor.py:186} INFO - Started process (PID=13956) to work on /home/rayyan/redfin_venv/lib/python3.10/site-packages/airflow/example_dags/example_external_task_marker_dag.py
[2024-08-22T17:06:26.880+0500] {processor.py:914} INFO - Processing file /home/rayyan/redfin_venv/lib/python3.10/site-packages/airflow/example_dags/example_external_task_marker_dag.py for tasks to queue
[2024-08-22T17:06:26.883+0500] {logging_mixin.py:190} INFO - [2024-08-22T17:06:26.883+0500] {dagbag.py:587} INFO - Filling up the DagBag from /home/rayyan/redfin_venv/lib/python3.10/site-packages/airflow/example_dags/example_external_task_marker_dag.py
[2024-08-22T17:06:26.893+0500] {processor.py:925} INFO - DAG(s) 'example_external_task_marker_parent', 'example_external_task_marker_child' retrieved from /home/rayyan/redfin_venv/lib/python3.10/site-packages/airflow/example_dags/example_external_task_marker_dag.py
[2024-08-22T17:06:26.911+0500] {logging_mixin.py:190} INFO - [2024-08-22T17:06:26.910+0500] {dag.py:3211} INFO - Sync 2 DAGs
[2024-08-22T17:06:26.923+0500] {logging_mixin.py:190} INFO - [2024-08-22T17:06:26.922+0500] {dag.py:4138} INFO - Setting next_dagrun for example_external_task_marker_child to None, run_after=None
[2024-08-22T17:06:26.925+0500] {logging_mixin.py:190} INFO - [2024-08-22T17:06:26.925+0500] {dag.py:4138} INFO - Setting next_dagrun for example_external_task_marker_parent to None, run_after=None
[2024-08-22T17:06:26.945+0500] {processor.py:208} INFO - Processing /home/rayyan/redfin_venv/lib/python3.10/site-packages/airflow/example_dags/example_external_task_marker_dag.py took 0.085 seconds
[2024-08-22T17:07:26.733+0500] {processor.py:186} INFO - Started process (PID=14251) to work on /home/rayyan/redfin_venv/lib/python3.10/site-packages/airflow/example_dags/example_external_task_marker_dag.py
[2024-08-22T17:07:26.735+0500] {processor.py:914} INFO - Processing file /home/rayyan/redfin_venv/lib/python3.10/site-packages/airflow/example_dags/example_external_task_marker_dag.py for tasks to queue
[2024-08-22T17:07:26.738+0500] {logging_mixin.py:190} INFO - [2024-08-22T17:07:26.738+0500] {dagbag.py:587} INFO - Filling up the DagBag from /home/rayyan/redfin_venv/lib/python3.10/site-packages/airflow/example_dags/example_external_task_marker_dag.py
[2024-08-22T17:07:26.750+0500] {processor.py:925} INFO - DAG(s) 'example_external_task_marker_child', 'example_external_task_marker_parent' retrieved from /home/rayyan/redfin_venv/lib/python3.10/site-packages/airflow/example_dags/example_external_task_marker_dag.py
[2024-08-22T17:07:26.773+0500] {logging_mixin.py:190} INFO - [2024-08-22T17:07:26.773+0500] {dag.py:3211} INFO - Sync 2 DAGs
[2024-08-22T17:07:26.787+0500] {logging_mixin.py:190} INFO - [2024-08-22T17:07:26.787+0500] {dag.py:4138} INFO - Setting next_dagrun for example_external_task_marker_child to None, run_after=None
[2024-08-22T17:07:26.790+0500] {logging_mixin.py:190} INFO - [2024-08-22T17:07:26.790+0500] {dag.py:4138} INFO - Setting next_dagrun for example_external_task_marker_parent to None, run_after=None
[2024-08-22T17:07:26.811+0500] {processor.py:208} INFO - Processing /home/rayyan/redfin_venv/lib/python3.10/site-packages/airflow/example_dags/example_external_task_marker_dag.py took 0.086 seconds
