[2024-08-22T16:47:53.073+0500] {processor.py:186} INFO - Started process (PID=3715) to work on /home/rayyan/redfin_venv/lib/python3.10/site-packages/airflow/example_dags/example_dataset_alias_with_no_taskflow.py
[2024-08-22T16:47:53.074+0500] {processor.py:914} INFO - Processing file /home/rayyan/redfin_venv/lib/python3.10/site-packages/airflow/example_dags/example_dataset_alias_with_no_taskflow.py for tasks to queue
[2024-08-22T16:47:53.077+0500] {logging_mixin.py:190} INFO - [2024-08-22T16:47:53.077+0500] {dagbag.py:587} INFO - Filling up the DagBag from /home/rayyan/redfin_venv/lib/python3.10/site-packages/airflow/example_dags/example_dataset_alias_with_no_taskflow.py
[2024-08-22T16:47:53.100+0500] {processor.py:925} INFO - DAG(s) 'dataset_s3_bucket_producer_with_no_taskflow', 'dataset_alias_example_alias_consumer_with_no_taskflow', 'dataset_alias_example_alias_producer_with_no_taskflow', 'dataset_s3_bucket_consumer_with_no_taskflow' retrieved from /home/rayyan/redfin_venv/lib/python3.10/site-packages/airflow/example_dags/example_dataset_alias_with_no_taskflow.py
[2024-08-22T16:47:53.127+0500] {logging_mixin.py:190} INFO - [2024-08-22T16:47:53.127+0500] {dag.py:3211} INFO - Sync 4 DAGs
[2024-08-22T16:47:53.157+0500] {logging_mixin.py:190} INFO - [2024-08-22T16:47:53.157+0500] {dag.py:4138} INFO - Setting next_dagrun for dataset_alias_example_alias_consumer_with_no_taskflow to None, run_after=None
[2024-08-22T16:47:53.159+0500] {logging_mixin.py:190} INFO - [2024-08-22T16:47:53.159+0500] {dag.py:4138} INFO - Setting next_dagrun for dataset_alias_example_alias_producer_with_no_taskflow to None, run_after=None
[2024-08-22T16:47:53.160+0500] {logging_mixin.py:190} INFO - [2024-08-22T16:47:53.160+0500] {dag.py:4138} INFO - Setting next_dagrun for dataset_s3_bucket_consumer_with_no_taskflow to None, run_after=None
[2024-08-22T16:47:53.161+0500] {logging_mixin.py:190} INFO - [2024-08-22T16:47:53.160+0500] {dag.py:4138} INFO - Setting next_dagrun for dataset_s3_bucket_producer_with_no_taskflow to None, run_after=None
[2024-08-22T16:47:53.186+0500] {processor.py:208} INFO - Processing /home/rayyan/redfin_venv/lib/python3.10/site-packages/airflow/example_dags/example_dataset_alias_with_no_taskflow.py took 0.123 seconds
[2024-08-22T16:48:52.771+0500] {processor.py:186} INFO - Started process (PID=4030) to work on /home/rayyan/redfin_venv/lib/python3.10/site-packages/airflow/example_dags/example_dataset_alias_with_no_taskflow.py
[2024-08-22T16:48:52.773+0500] {processor.py:914} INFO - Processing file /home/rayyan/redfin_venv/lib/python3.10/site-packages/airflow/example_dags/example_dataset_alias_with_no_taskflow.py for tasks to queue
[2024-08-22T16:48:52.776+0500] {logging_mixin.py:190} INFO - [2024-08-22T16:48:52.775+0500] {dagbag.py:587} INFO - Filling up the DagBag from /home/rayyan/redfin_venv/lib/python3.10/site-packages/airflow/example_dags/example_dataset_alias_with_no_taskflow.py
[2024-08-22T16:48:52.801+0500] {processor.py:925} INFO - DAG(s) 'dataset_s3_bucket_consumer_with_no_taskflow', 'dataset_alias_example_alias_consumer_with_no_taskflow', 'dataset_s3_bucket_producer_with_no_taskflow', 'dataset_alias_example_alias_producer_with_no_taskflow' retrieved from /home/rayyan/redfin_venv/lib/python3.10/site-packages/airflow/example_dags/example_dataset_alias_with_no_taskflow.py
[2024-08-22T16:48:52.825+0500] {logging_mixin.py:190} INFO - [2024-08-22T16:48:52.824+0500] {dag.py:3211} INFO - Sync 4 DAGs
[2024-08-22T16:48:52.845+0500] {logging_mixin.py:190} INFO - [2024-08-22T16:48:52.845+0500] {dag.py:4138} INFO - Setting next_dagrun for dataset_alias_example_alias_consumer_with_no_taskflow to None, run_after=None
[2024-08-22T16:48:52.847+0500] {logging_mixin.py:190} INFO - [2024-08-22T16:48:52.847+0500] {dag.py:4138} INFO - Setting next_dagrun for dataset_alias_example_alias_producer_with_no_taskflow to None, run_after=None
[2024-08-22T16:48:52.848+0500] {logging_mixin.py:190} INFO - [2024-08-22T16:48:52.848+0500] {dag.py:4138} INFO - Setting next_dagrun for dataset_s3_bucket_consumer_with_no_taskflow to None, run_after=None
[2024-08-22T16:48:52.849+0500] {logging_mixin.py:190} INFO - [2024-08-22T16:48:52.849+0500] {dag.py:4138} INFO - Setting next_dagrun for dataset_s3_bucket_producer_with_no_taskflow to None, run_after=None
[2024-08-22T16:48:52.875+0500] {processor.py:208} INFO - Processing /home/rayyan/redfin_venv/lib/python3.10/site-packages/airflow/example_dags/example_dataset_alias_with_no_taskflow.py took 0.113 seconds
[2024-08-22T16:49:49.644+0500] {processor.py:186} INFO - Started process (PID=4309) to work on /home/rayyan/redfin_venv/lib/python3.10/site-packages/airflow/example_dags/example_dataset_alias_with_no_taskflow.py
[2024-08-22T16:49:49.656+0500] {processor.py:914} INFO - Processing file /home/rayyan/redfin_venv/lib/python3.10/site-packages/airflow/example_dags/example_dataset_alias_with_no_taskflow.py for tasks to queue
[2024-08-22T16:49:49.659+0500] {logging_mixin.py:190} INFO - [2024-08-22T16:49:49.659+0500] {dagbag.py:587} INFO - Filling up the DagBag from /home/rayyan/redfin_venv/lib/python3.10/site-packages/airflow/example_dags/example_dataset_alias_with_no_taskflow.py
[2024-08-22T16:49:49.684+0500] {processor.py:925} INFO - DAG(s) 'dataset_alias_example_alias_consumer_with_no_taskflow', 'dataset_alias_example_alias_producer_with_no_taskflow', 'dataset_s3_bucket_consumer_with_no_taskflow', 'dataset_s3_bucket_producer_with_no_taskflow' retrieved from /home/rayyan/redfin_venv/lib/python3.10/site-packages/airflow/example_dags/example_dataset_alias_with_no_taskflow.py
[2024-08-22T16:49:49.704+0500] {logging_mixin.py:190} INFO - [2024-08-22T16:49:49.703+0500] {dag.py:3211} INFO - Sync 4 DAGs
[2024-08-22T16:49:49.721+0500] {logging_mixin.py:190} INFO - [2024-08-22T16:49:49.721+0500] {dag.py:4138} INFO - Setting next_dagrun for dataset_alias_example_alias_consumer_with_no_taskflow to None, run_after=None
[2024-08-22T16:49:49.723+0500] {logging_mixin.py:190} INFO - [2024-08-22T16:49:49.723+0500] {dag.py:4138} INFO - Setting next_dagrun for dataset_alias_example_alias_producer_with_no_taskflow to None, run_after=None
[2024-08-22T16:49:49.724+0500] {logging_mixin.py:190} INFO - [2024-08-22T16:49:49.724+0500] {dag.py:4138} INFO - Setting next_dagrun for dataset_s3_bucket_consumer_with_no_taskflow to None, run_after=None
[2024-08-22T16:49:49.725+0500] {logging_mixin.py:190} INFO - [2024-08-22T16:49:49.724+0500] {dag.py:4138} INFO - Setting next_dagrun for dataset_s3_bucket_producer_with_no_taskflow to None, run_after=None
[2024-08-22T16:49:49.746+0500] {processor.py:208} INFO - Processing /home/rayyan/redfin_venv/lib/python3.10/site-packages/airflow/example_dags/example_dataset_alias_with_no_taskflow.py took 0.110 seconds
[2024-08-22T16:50:45.423+0500] {processor.py:186} INFO - Started process (PID=4581) to work on /home/rayyan/redfin_venv/lib/python3.10/site-packages/airflow/example_dags/example_dataset_alias_with_no_taskflow.py
[2024-08-22T16:50:45.435+0500] {processor.py:914} INFO - Processing file /home/rayyan/redfin_venv/lib/python3.10/site-packages/airflow/example_dags/example_dataset_alias_with_no_taskflow.py for tasks to queue
[2024-08-22T16:50:45.438+0500] {logging_mixin.py:190} INFO - [2024-08-22T16:50:45.437+0500] {dagbag.py:587} INFO - Filling up the DagBag from /home/rayyan/redfin_venv/lib/python3.10/site-packages/airflow/example_dags/example_dataset_alias_with_no_taskflow.py
[2024-08-22T16:50:45.460+0500] {processor.py:925} INFO - DAG(s) 'dataset_alias_example_alias_producer_with_no_taskflow', 'dataset_s3_bucket_producer_with_no_taskflow', 'dataset_alias_example_alias_consumer_with_no_taskflow', 'dataset_s3_bucket_consumer_with_no_taskflow' retrieved from /home/rayyan/redfin_venv/lib/python3.10/site-packages/airflow/example_dags/example_dataset_alias_with_no_taskflow.py
[2024-08-22T16:50:45.479+0500] {logging_mixin.py:190} INFO - [2024-08-22T16:50:45.478+0500] {dag.py:3211} INFO - Sync 4 DAGs
[2024-08-22T16:50:45.603+0500] {logging_mixin.py:190} INFO - [2024-08-22T16:50:45.603+0500] {dag.py:4138} INFO - Setting next_dagrun for dataset_alias_example_alias_consumer_with_no_taskflow to None, run_after=None
[2024-08-22T16:50:45.607+0500] {logging_mixin.py:190} INFO - [2024-08-22T16:50:45.606+0500] {dag.py:4138} INFO - Setting next_dagrun for dataset_alias_example_alias_producer_with_no_taskflow to None, run_after=None
[2024-08-22T16:50:45.608+0500] {logging_mixin.py:190} INFO - [2024-08-22T16:50:45.608+0500] {dag.py:4138} INFO - Setting next_dagrun for dataset_s3_bucket_consumer_with_no_taskflow to None, run_after=None
[2024-08-22T16:50:45.610+0500] {logging_mixin.py:190} INFO - [2024-08-22T16:50:45.609+0500] {dag.py:4138} INFO - Setting next_dagrun for dataset_s3_bucket_producer_with_no_taskflow to None, run_after=None
[2024-08-22T16:50:45.641+0500] {processor.py:208} INFO - Processing /home/rayyan/redfin_venv/lib/python3.10/site-packages/airflow/example_dags/example_dataset_alias_with_no_taskflow.py took 0.227 seconds
[2024-08-22T16:51:43.645+0500] {processor.py:186} INFO - Started process (PID=4862) to work on /home/rayyan/redfin_venv/lib/python3.10/site-packages/airflow/example_dags/example_dataset_alias_with_no_taskflow.py
[2024-08-22T16:51:43.647+0500] {processor.py:914} INFO - Processing file /home/rayyan/redfin_venv/lib/python3.10/site-packages/airflow/example_dags/example_dataset_alias_with_no_taskflow.py for tasks to queue
[2024-08-22T16:51:43.650+0500] {logging_mixin.py:190} INFO - [2024-08-22T16:51:43.650+0500] {dagbag.py:587} INFO - Filling up the DagBag from /home/rayyan/redfin_venv/lib/python3.10/site-packages/airflow/example_dags/example_dataset_alias_with_no_taskflow.py
[2024-08-22T16:51:43.674+0500] {processor.py:925} INFO - DAG(s) 'dataset_s3_bucket_consumer_with_no_taskflow', 'dataset_s3_bucket_producer_with_no_taskflow', 'dataset_alias_example_alias_producer_with_no_taskflow', 'dataset_alias_example_alias_consumer_with_no_taskflow' retrieved from /home/rayyan/redfin_venv/lib/python3.10/site-packages/airflow/example_dags/example_dataset_alias_with_no_taskflow.py
[2024-08-22T16:51:43.694+0500] {logging_mixin.py:190} INFO - [2024-08-22T16:51:43.694+0500] {dag.py:3211} INFO - Sync 4 DAGs
[2024-08-22T16:51:43.712+0500] {logging_mixin.py:190} INFO - [2024-08-22T16:51:43.712+0500] {dag.py:4138} INFO - Setting next_dagrun for dataset_alias_example_alias_consumer_with_no_taskflow to None, run_after=None
[2024-08-22T16:51:43.714+0500] {logging_mixin.py:190} INFO - [2024-08-22T16:51:43.714+0500] {dag.py:4138} INFO - Setting next_dagrun for dataset_alias_example_alias_producer_with_no_taskflow to None, run_after=None
[2024-08-22T16:51:43.715+0500] {logging_mixin.py:190} INFO - [2024-08-22T16:51:43.715+0500] {dag.py:4138} INFO - Setting next_dagrun for dataset_s3_bucket_consumer_with_no_taskflow to None, run_after=None
[2024-08-22T16:51:43.716+0500] {logging_mixin.py:190} INFO - [2024-08-22T16:51:43.716+0500] {dag.py:4138} INFO - Setting next_dagrun for dataset_s3_bucket_producer_with_no_taskflow to None, run_after=None
[2024-08-22T16:51:43.847+0500] {processor.py:208} INFO - Processing /home/rayyan/redfin_venv/lib/python3.10/site-packages/airflow/example_dags/example_dataset_alias_with_no_taskflow.py took 0.213 seconds
[2024-08-22T16:52:43.095+0500] {processor.py:186} INFO - Started process (PID=5146) to work on /home/rayyan/redfin_venv/lib/python3.10/site-packages/airflow/example_dags/example_dataset_alias_with_no_taskflow.py
[2024-08-22T16:52:43.108+0500] {processor.py:914} INFO - Processing file /home/rayyan/redfin_venv/lib/python3.10/site-packages/airflow/example_dags/example_dataset_alias_with_no_taskflow.py for tasks to queue
[2024-08-22T16:52:43.111+0500] {logging_mixin.py:190} INFO - [2024-08-22T16:52:43.110+0500] {dagbag.py:587} INFO - Filling up the DagBag from /home/rayyan/redfin_venv/lib/python3.10/site-packages/airflow/example_dags/example_dataset_alias_with_no_taskflow.py
[2024-08-22T16:52:43.135+0500] {processor.py:925} INFO - DAG(s) 'dataset_s3_bucket_consumer_with_no_taskflow', 'dataset_s3_bucket_producer_with_no_taskflow', 'dataset_alias_example_alias_producer_with_no_taskflow', 'dataset_alias_example_alias_consumer_with_no_taskflow' retrieved from /home/rayyan/redfin_venv/lib/python3.10/site-packages/airflow/example_dags/example_dataset_alias_with_no_taskflow.py
[2024-08-22T16:52:43.156+0500] {logging_mixin.py:190} INFO - [2024-08-22T16:52:43.156+0500] {dag.py:3211} INFO - Sync 4 DAGs
[2024-08-22T16:52:43.175+0500] {logging_mixin.py:190} INFO - [2024-08-22T16:52:43.175+0500] {dag.py:4138} INFO - Setting next_dagrun for dataset_alias_example_alias_consumer_with_no_taskflow to None, run_after=None
[2024-08-22T16:52:43.178+0500] {logging_mixin.py:190} INFO - [2024-08-22T16:52:43.178+0500] {dag.py:4138} INFO - Setting next_dagrun for dataset_alias_example_alias_producer_with_no_taskflow to None, run_after=None
[2024-08-22T16:52:43.179+0500] {logging_mixin.py:190} INFO - [2024-08-22T16:52:43.179+0500] {dag.py:4138} INFO - Setting next_dagrun for dataset_s3_bucket_consumer_with_no_taskflow to None, run_after=None
[2024-08-22T16:52:43.180+0500] {logging_mixin.py:190} INFO - [2024-08-22T16:52:43.180+0500] {dag.py:4138} INFO - Setting next_dagrun for dataset_s3_bucket_producer_with_no_taskflow to None, run_after=None
[2024-08-22T16:52:43.322+0500] {processor.py:208} INFO - Processing /home/rayyan/redfin_venv/lib/python3.10/site-packages/airflow/example_dags/example_dataset_alias_with_no_taskflow.py took 0.241 seconds
[2024-08-22T16:53:45.647+0500] {processor.py:186} INFO - Started process (PID=5447) to work on /home/rayyan/redfin_venv/lib/python3.10/site-packages/airflow/example_dags/example_dataset_alias_with_no_taskflow.py
[2024-08-22T16:53:45.648+0500] {processor.py:914} INFO - Processing file /home/rayyan/redfin_venv/lib/python3.10/site-packages/airflow/example_dags/example_dataset_alias_with_no_taskflow.py for tasks to queue
[2024-08-22T16:53:45.651+0500] {logging_mixin.py:190} INFO - [2024-08-22T16:53:45.651+0500] {dagbag.py:587} INFO - Filling up the DagBag from /home/rayyan/redfin_venv/lib/python3.10/site-packages/airflow/example_dags/example_dataset_alias_with_no_taskflow.py
[2024-08-22T16:53:45.674+0500] {processor.py:925} INFO - DAG(s) 'dataset_s3_bucket_consumer_with_no_taskflow', 'dataset_alias_example_alias_producer_with_no_taskflow', 'dataset_alias_example_alias_consumer_with_no_taskflow', 'dataset_s3_bucket_producer_with_no_taskflow' retrieved from /home/rayyan/redfin_venv/lib/python3.10/site-packages/airflow/example_dags/example_dataset_alias_with_no_taskflow.py
[2024-08-22T16:53:45.696+0500] {logging_mixin.py:190} INFO - [2024-08-22T16:53:45.696+0500] {dag.py:3211} INFO - Sync 4 DAGs
[2024-08-22T16:53:45.715+0500] {logging_mixin.py:190} INFO - [2024-08-22T16:53:45.714+0500] {dag.py:4138} INFO - Setting next_dagrun for dataset_alias_example_alias_consumer_with_no_taskflow to None, run_after=None
[2024-08-22T16:53:45.718+0500] {logging_mixin.py:190} INFO - [2024-08-22T16:53:45.718+0500] {dag.py:4138} INFO - Setting next_dagrun for dataset_alias_example_alias_producer_with_no_taskflow to None, run_after=None
[2024-08-22T16:53:45.719+0500] {logging_mixin.py:190} INFO - [2024-08-22T16:53:45.719+0500] {dag.py:4138} INFO - Setting next_dagrun for dataset_s3_bucket_consumer_with_no_taskflow to None, run_after=None
[2024-08-22T16:53:45.720+0500] {logging_mixin.py:190} INFO - [2024-08-22T16:53:45.719+0500] {dag.py:4138} INFO - Setting next_dagrun for dataset_s3_bucket_producer_with_no_taskflow to None, run_after=None
[2024-08-22T16:53:45.855+0500] {processor.py:208} INFO - Processing /home/rayyan/redfin_venv/lib/python3.10/site-packages/airflow/example_dags/example_dataset_alias_with_no_taskflow.py took 0.218 seconds
[2024-08-22T16:54:46.946+0500] {processor.py:186} INFO - Started process (PID=5744) to work on /home/rayyan/redfin_venv/lib/python3.10/site-packages/airflow/example_dags/example_dataset_alias_with_no_taskflow.py
[2024-08-22T16:54:46.948+0500] {processor.py:914} INFO - Processing file /home/rayyan/redfin_venv/lib/python3.10/site-packages/airflow/example_dags/example_dataset_alias_with_no_taskflow.py for tasks to queue
[2024-08-22T16:54:46.950+0500] {logging_mixin.py:190} INFO - [2024-08-22T16:54:46.950+0500] {dagbag.py:587} INFO - Filling up the DagBag from /home/rayyan/redfin_venv/lib/python3.10/site-packages/airflow/example_dags/example_dataset_alias_with_no_taskflow.py
[2024-08-22T16:54:46.973+0500] {processor.py:925} INFO - DAG(s) 'dataset_alias_example_alias_consumer_with_no_taskflow', 'dataset_s3_bucket_consumer_with_no_taskflow', 'dataset_s3_bucket_producer_with_no_taskflow', 'dataset_alias_example_alias_producer_with_no_taskflow' retrieved from /home/rayyan/redfin_venv/lib/python3.10/site-packages/airflow/example_dags/example_dataset_alias_with_no_taskflow.py
[2024-08-22T16:54:46.997+0500] {logging_mixin.py:190} INFO - [2024-08-22T16:54:46.996+0500] {dag.py:3211} INFO - Sync 4 DAGs
[2024-08-22T16:54:47.015+0500] {logging_mixin.py:190} INFO - [2024-08-22T16:54:47.014+0500] {dag.py:4138} INFO - Setting next_dagrun for dataset_alias_example_alias_consumer_with_no_taskflow to None, run_after=None
[2024-08-22T16:54:47.018+0500] {logging_mixin.py:190} INFO - [2024-08-22T16:54:47.017+0500] {dag.py:4138} INFO - Setting next_dagrun for dataset_alias_example_alias_producer_with_no_taskflow to None, run_after=None
[2024-08-22T16:54:47.019+0500] {logging_mixin.py:190} INFO - [2024-08-22T16:54:47.019+0500] {dag.py:4138} INFO - Setting next_dagrun for dataset_s3_bucket_consumer_with_no_taskflow to None, run_after=None
[2024-08-22T16:54:47.021+0500] {logging_mixin.py:190} INFO - [2024-08-22T16:54:47.020+0500] {dag.py:4138} INFO - Setting next_dagrun for dataset_s3_bucket_producer_with_no_taskflow to None, run_after=None
[2024-08-22T16:54:47.158+0500] {processor.py:208} INFO - Processing /home/rayyan/redfin_venv/lib/python3.10/site-packages/airflow/example_dags/example_dataset_alias_with_no_taskflow.py took 0.219 seconds
[2024-08-22T16:55:48.948+0500] {processor.py:186} INFO - Started process (PID=6044) to work on /home/rayyan/redfin_venv/lib/python3.10/site-packages/airflow/example_dags/example_dataset_alias_with_no_taskflow.py
[2024-08-22T16:55:48.949+0500] {processor.py:914} INFO - Processing file /home/rayyan/redfin_venv/lib/python3.10/site-packages/airflow/example_dags/example_dataset_alias_with_no_taskflow.py for tasks to queue
[2024-08-22T16:55:48.952+0500] {logging_mixin.py:190} INFO - [2024-08-22T16:55:48.951+0500] {dagbag.py:587} INFO - Filling up the DagBag from /home/rayyan/redfin_venv/lib/python3.10/site-packages/airflow/example_dags/example_dataset_alias_with_no_taskflow.py
[2024-08-22T16:55:48.979+0500] {processor.py:925} INFO - DAG(s) 'dataset_s3_bucket_producer_with_no_taskflow', 'dataset_alias_example_alias_producer_with_no_taskflow', 'dataset_s3_bucket_consumer_with_no_taskflow', 'dataset_alias_example_alias_consumer_with_no_taskflow' retrieved from /home/rayyan/redfin_venv/lib/python3.10/site-packages/airflow/example_dags/example_dataset_alias_with_no_taskflow.py
[2024-08-22T16:55:49.006+0500] {logging_mixin.py:190} INFO - [2024-08-22T16:55:49.006+0500] {dag.py:3211} INFO - Sync 4 DAGs
[2024-08-22T16:55:49.031+0500] {logging_mixin.py:190} INFO - [2024-08-22T16:55:49.031+0500] {dag.py:4138} INFO - Setting next_dagrun for dataset_alias_example_alias_consumer_with_no_taskflow to None, run_after=None
[2024-08-22T16:55:49.034+0500] {logging_mixin.py:190} INFO - [2024-08-22T16:55:49.033+0500] {dag.py:4138} INFO - Setting next_dagrun for dataset_alias_example_alias_producer_with_no_taskflow to None, run_after=None
[2024-08-22T16:55:49.035+0500] {logging_mixin.py:190} INFO - [2024-08-22T16:55:49.035+0500] {dag.py:4138} INFO - Setting next_dagrun for dataset_s3_bucket_consumer_with_no_taskflow to None, run_after=None
[2024-08-22T16:55:49.036+0500] {logging_mixin.py:190} INFO - [2024-08-22T16:55:49.036+0500] {dag.py:4138} INFO - Setting next_dagrun for dataset_s3_bucket_producer_with_no_taskflow to None, run_after=None
[2024-08-22T16:55:49.195+0500] {processor.py:208} INFO - Processing /home/rayyan/redfin_venv/lib/python3.10/site-packages/airflow/example_dags/example_dataset_alias_with_no_taskflow.py took 0.254 seconds
[2024-08-22T16:56:56.195+0500] {processor.py:186} INFO - Started process (PID=6365) to work on /home/rayyan/redfin_venv/lib/python3.10/site-packages/airflow/example_dags/example_dataset_alias_with_no_taskflow.py
[2024-08-22T16:56:56.197+0500] {processor.py:914} INFO - Processing file /home/rayyan/redfin_venv/lib/python3.10/site-packages/airflow/example_dags/example_dataset_alias_with_no_taskflow.py for tasks to queue
[2024-08-22T16:56:56.200+0500] {logging_mixin.py:190} INFO - [2024-08-22T16:56:56.199+0500] {dagbag.py:587} INFO - Filling up the DagBag from /home/rayyan/redfin_venv/lib/python3.10/site-packages/airflow/example_dags/example_dataset_alias_with_no_taskflow.py
[2024-08-22T16:56:56.222+0500] {processor.py:925} INFO - DAG(s) 'dataset_s3_bucket_producer_with_no_taskflow', 'dataset_alias_example_alias_producer_with_no_taskflow', 'dataset_alias_example_alias_consumer_with_no_taskflow', 'dataset_s3_bucket_consumer_with_no_taskflow' retrieved from /home/rayyan/redfin_venv/lib/python3.10/site-packages/airflow/example_dags/example_dataset_alias_with_no_taskflow.py
[2024-08-22T16:56:56.243+0500] {logging_mixin.py:190} INFO - [2024-08-22T16:56:56.242+0500] {dag.py:3211} INFO - Sync 4 DAGs
[2024-08-22T16:56:56.262+0500] {logging_mixin.py:190} INFO - [2024-08-22T16:56:56.262+0500] {dag.py:4138} INFO - Setting next_dagrun for dataset_alias_example_alias_consumer_with_no_taskflow to None, run_after=None
[2024-08-22T16:56:56.265+0500] {logging_mixin.py:190} INFO - [2024-08-22T16:56:56.264+0500] {dag.py:4138} INFO - Setting next_dagrun for dataset_alias_example_alias_producer_with_no_taskflow to None, run_after=None
[2024-08-22T16:56:56.266+0500] {logging_mixin.py:190} INFO - [2024-08-22T16:56:56.265+0500] {dag.py:4138} INFO - Setting next_dagrun for dataset_s3_bucket_consumer_with_no_taskflow to None, run_after=None
[2024-08-22T16:56:56.266+0500] {logging_mixin.py:190} INFO - [2024-08-22T16:56:56.266+0500] {dag.py:4138} INFO - Setting next_dagrun for dataset_s3_bucket_producer_with_no_taskflow to None, run_after=None
[2024-08-22T16:56:56.422+0500] {processor.py:208} INFO - Processing /home/rayyan/redfin_venv/lib/python3.10/site-packages/airflow/example_dags/example_dataset_alias_with_no_taskflow.py took 0.233 seconds
[2024-08-22T16:57:59.921+0500] {processor.py:186} INFO - Started process (PID=6673) to work on /home/rayyan/redfin_venv/lib/python3.10/site-packages/airflow/example_dags/example_dataset_alias_with_no_taskflow.py
[2024-08-22T16:57:59.933+0500] {processor.py:914} INFO - Processing file /home/rayyan/redfin_venv/lib/python3.10/site-packages/airflow/example_dags/example_dataset_alias_with_no_taskflow.py for tasks to queue
[2024-08-22T16:57:59.935+0500] {logging_mixin.py:190} INFO - [2024-08-22T16:57:59.935+0500] {dagbag.py:587} INFO - Filling up the DagBag from /home/rayyan/redfin_venv/lib/python3.10/site-packages/airflow/example_dags/example_dataset_alias_with_no_taskflow.py
[2024-08-22T16:57:59.957+0500] {processor.py:925} INFO - DAG(s) 'dataset_s3_bucket_producer_with_no_taskflow', 'dataset_alias_example_alias_producer_with_no_taskflow', 'dataset_alias_example_alias_consumer_with_no_taskflow', 'dataset_s3_bucket_consumer_with_no_taskflow' retrieved from /home/rayyan/redfin_venv/lib/python3.10/site-packages/airflow/example_dags/example_dataset_alias_with_no_taskflow.py
[2024-08-22T16:57:59.976+0500] {logging_mixin.py:190} INFO - [2024-08-22T16:57:59.976+0500] {dag.py:3211} INFO - Sync 4 DAGs
[2024-08-22T16:57:59.996+0500] {logging_mixin.py:190} INFO - [2024-08-22T16:57:59.995+0500] {dag.py:4138} INFO - Setting next_dagrun for dataset_alias_example_alias_consumer_with_no_taskflow to None, run_after=None
[2024-08-22T16:57:59.998+0500] {logging_mixin.py:190} INFO - [2024-08-22T16:57:59.998+0500] {dag.py:4138} INFO - Setting next_dagrun for dataset_alias_example_alias_producer_with_no_taskflow to None, run_after=None
[2024-08-22T16:57:59.999+0500] {logging_mixin.py:190} INFO - [2024-08-22T16:57:59.999+0500] {dag.py:4138} INFO - Setting next_dagrun for dataset_s3_bucket_consumer_with_no_taskflow to None, run_after=None
[2024-08-22T16:58:00.000+0500] {logging_mixin.py:190} INFO - [2024-08-22T16:58:00.000+0500] {dag.py:4138} INFO - Setting next_dagrun for dataset_s3_bucket_producer_with_no_taskflow to None, run_after=None
[2024-08-22T16:58:00.140+0500] {processor.py:208} INFO - Processing /home/rayyan/redfin_venv/lib/python3.10/site-packages/airflow/example_dags/example_dataset_alias_with_no_taskflow.py took 0.226 seconds
[2024-08-22T16:59:09.678+0500] {processor.py:186} INFO - Started process (PID=7014) to work on /home/rayyan/redfin_venv/lib/python3.10/site-packages/airflow/example_dags/example_dataset_alias_with_no_taskflow.py
[2024-08-22T16:59:09.689+0500] {processor.py:914} INFO - Processing file /home/rayyan/redfin_venv/lib/python3.10/site-packages/airflow/example_dags/example_dataset_alias_with_no_taskflow.py for tasks to queue
[2024-08-22T16:59:09.692+0500] {logging_mixin.py:190} INFO - [2024-08-22T16:59:09.692+0500] {dagbag.py:587} INFO - Filling up the DagBag from /home/rayyan/redfin_venv/lib/python3.10/site-packages/airflow/example_dags/example_dataset_alias_with_no_taskflow.py
[2024-08-22T16:59:09.715+0500] {processor.py:925} INFO - DAG(s) 'dataset_s3_bucket_producer_with_no_taskflow', 'dataset_s3_bucket_consumer_with_no_taskflow', 'dataset_alias_example_alias_consumer_with_no_taskflow', 'dataset_alias_example_alias_producer_with_no_taskflow' retrieved from /home/rayyan/redfin_venv/lib/python3.10/site-packages/airflow/example_dags/example_dataset_alias_with_no_taskflow.py
[2024-08-22T16:59:09.844+0500] {logging_mixin.py:190} INFO - [2024-08-22T16:59:09.843+0500] {dag.py:3211} INFO - Sync 4 DAGs
[2024-08-22T16:59:09.865+0500] {logging_mixin.py:190} INFO - [2024-08-22T16:59:09.864+0500] {dag.py:4138} INFO - Setting next_dagrun for dataset_alias_example_alias_consumer_with_no_taskflow to None, run_after=None
[2024-08-22T16:59:09.867+0500] {logging_mixin.py:190} INFO - [2024-08-22T16:59:09.867+0500] {dag.py:4138} INFO - Setting next_dagrun for dataset_alias_example_alias_producer_with_no_taskflow to None, run_after=None
[2024-08-22T16:59:09.868+0500] {logging_mixin.py:190} INFO - [2024-08-22T16:59:09.868+0500] {dag.py:4138} INFO - Setting next_dagrun for dataset_s3_bucket_consumer_with_no_taskflow to None, run_after=None
[2024-08-22T16:59:09.869+0500] {logging_mixin.py:190} INFO - [2024-08-22T16:59:09.869+0500] {dag.py:4138} INFO - Setting next_dagrun for dataset_s3_bucket_producer_with_no_taskflow to None, run_after=None
[2024-08-22T16:59:09.893+0500] {processor.py:208} INFO - Processing /home/rayyan/redfin_venv/lib/python3.10/site-packages/airflow/example_dags/example_dataset_alias_with_no_taskflow.py took 0.222 seconds
[2024-08-22T17:00:07.860+0500] {processor.py:186} INFO - Started process (PID=8125) to work on /home/rayyan/redfin_venv/lib/python3.10/site-packages/airflow/example_dags/example_dataset_alias_with_no_taskflow.py
[2024-08-22T17:00:07.867+0500] {processor.py:914} INFO - Processing file /home/rayyan/redfin_venv/lib/python3.10/site-packages/airflow/example_dags/example_dataset_alias_with_no_taskflow.py for tasks to queue
[2024-08-22T17:00:07.871+0500] {logging_mixin.py:190} INFO - [2024-08-22T17:00:07.870+0500] {dagbag.py:587} INFO - Filling up the DagBag from /home/rayyan/redfin_venv/lib/python3.10/site-packages/airflow/example_dags/example_dataset_alias_with_no_taskflow.py
[2024-08-22T17:00:07.916+0500] {processor.py:925} INFO - DAG(s) 'dataset_alias_example_alias_producer_with_no_taskflow', 'dataset_alias_example_alias_consumer_with_no_taskflow', 'dataset_s3_bucket_producer_with_no_taskflow', 'dataset_s3_bucket_consumer_with_no_taskflow' retrieved from /home/rayyan/redfin_venv/lib/python3.10/site-packages/airflow/example_dags/example_dataset_alias_with_no_taskflow.py
[2024-08-22T17:00:07.941+0500] {logging_mixin.py:190} INFO - [2024-08-22T17:00:07.940+0500] {dag.py:3211} INFO - Sync 4 DAGs
[2024-08-22T17:00:07.972+0500] {logging_mixin.py:190} INFO - [2024-08-22T17:00:07.972+0500] {dag.py:4138} INFO - Setting next_dagrun for dataset_alias_example_alias_consumer_with_no_taskflow to None, run_after=None
[2024-08-22T17:00:07.978+0500] {logging_mixin.py:190} INFO - [2024-08-22T17:00:07.977+0500] {dag.py:4138} INFO - Setting next_dagrun for dataset_alias_example_alias_producer_with_no_taskflow to None, run_after=None
[2024-08-22T17:00:07.980+0500] {logging_mixin.py:190} INFO - [2024-08-22T17:00:07.979+0500] {dag.py:4138} INFO - Setting next_dagrun for dataset_s3_bucket_consumer_with_no_taskflow to None, run_after=None
[2024-08-22T17:00:07.981+0500] {logging_mixin.py:190} INFO - [2024-08-22T17:00:07.981+0500] {dag.py:4138} INFO - Setting next_dagrun for dataset_s3_bucket_producer_with_no_taskflow to None, run_after=None
[2024-08-22T17:00:08.016+0500] {processor.py:208} INFO - Processing /home/rayyan/redfin_venv/lib/python3.10/site-packages/airflow/example_dags/example_dataset_alias_with_no_taskflow.py took 0.170 seconds
[2024-08-22T17:01:14.804+0500] {processor.py:186} INFO - Started process (PID=10489) to work on /home/rayyan/redfin_venv/lib/python3.10/site-packages/airflow/example_dags/example_dataset_alias_with_no_taskflow.py
[2024-08-22T17:01:14.807+0500] {processor.py:914} INFO - Processing file /home/rayyan/redfin_venv/lib/python3.10/site-packages/airflow/example_dags/example_dataset_alias_with_no_taskflow.py for tasks to queue
[2024-08-22T17:01:14.810+0500] {logging_mixin.py:190} INFO - [2024-08-22T17:01:14.809+0500] {dagbag.py:587} INFO - Filling up the DagBag from /home/rayyan/redfin_venv/lib/python3.10/site-packages/airflow/example_dags/example_dataset_alias_with_no_taskflow.py
[2024-08-22T17:01:14.837+0500] {processor.py:925} INFO - DAG(s) 'dataset_alias_example_alias_producer_with_no_taskflow', 'dataset_s3_bucket_consumer_with_no_taskflow', 'dataset_alias_example_alias_consumer_with_no_taskflow', 'dataset_s3_bucket_producer_with_no_taskflow' retrieved from /home/rayyan/redfin_venv/lib/python3.10/site-packages/airflow/example_dags/example_dataset_alias_with_no_taskflow.py
[2024-08-22T17:01:14.868+0500] {logging_mixin.py:190} INFO - [2024-08-22T17:01:14.867+0500] {dag.py:3211} INFO - Sync 4 DAGs
[2024-08-22T17:01:14.893+0500] {logging_mixin.py:190} INFO - [2024-08-22T17:01:14.892+0500] {dag.py:4138} INFO - Setting next_dagrun for dataset_alias_example_alias_consumer_with_no_taskflow to None, run_after=None
[2024-08-22T17:01:14.896+0500] {logging_mixin.py:190} INFO - [2024-08-22T17:01:14.896+0500] {dag.py:4138} INFO - Setting next_dagrun for dataset_alias_example_alias_producer_with_no_taskflow to None, run_after=None
[2024-08-22T17:01:14.897+0500] {logging_mixin.py:190} INFO - [2024-08-22T17:01:14.897+0500] {dag.py:4138} INFO - Setting next_dagrun for dataset_s3_bucket_consumer_with_no_taskflow to None, run_after=None
[2024-08-22T17:01:14.898+0500] {logging_mixin.py:190} INFO - [2024-08-22T17:01:14.898+0500] {dag.py:4138} INFO - Setting next_dagrun for dataset_s3_bucket_producer_with_no_taskflow to None, run_after=None
[2024-08-22T17:01:14.932+0500] {processor.py:208} INFO - Processing /home/rayyan/redfin_venv/lib/python3.10/site-packages/airflow/example_dags/example_dataset_alias_with_no_taskflow.py took 0.135 seconds
[2024-08-22T17:02:25.690+0500] {processor.py:186} INFO - Started process (PID=12784) to work on /home/rayyan/redfin_venv/lib/python3.10/site-packages/airflow/example_dags/example_dataset_alias_with_no_taskflow.py
[2024-08-22T17:02:25.692+0500] {processor.py:914} INFO - Processing file /home/rayyan/redfin_venv/lib/python3.10/site-packages/airflow/example_dags/example_dataset_alias_with_no_taskflow.py for tasks to queue
[2024-08-22T17:02:25.695+0500] {logging_mixin.py:190} INFO - [2024-08-22T17:02:25.695+0500] {dagbag.py:587} INFO - Filling up the DagBag from /home/rayyan/redfin_venv/lib/python3.10/site-packages/airflow/example_dags/example_dataset_alias_with_no_taskflow.py
[2024-08-22T17:02:25.731+0500] {processor.py:925} INFO - DAG(s) 'dataset_alias_example_alias_consumer_with_no_taskflow', 'dataset_alias_example_alias_producer_with_no_taskflow', 'dataset_s3_bucket_consumer_with_no_taskflow', 'dataset_s3_bucket_producer_with_no_taskflow' retrieved from /home/rayyan/redfin_venv/lib/python3.10/site-packages/airflow/example_dags/example_dataset_alias_with_no_taskflow.py
[2024-08-22T17:02:25.765+0500] {logging_mixin.py:190} INFO - [2024-08-22T17:02:25.765+0500] {dag.py:3211} INFO - Sync 4 DAGs
[2024-08-22T17:02:25.792+0500] {logging_mixin.py:190} INFO - [2024-08-22T17:02:25.791+0500] {dag.py:4138} INFO - Setting next_dagrun for dataset_alias_example_alias_consumer_with_no_taskflow to None, run_after=None
[2024-08-22T17:02:25.797+0500] {logging_mixin.py:190} INFO - [2024-08-22T17:02:25.797+0500] {dag.py:4138} INFO - Setting next_dagrun for dataset_alias_example_alias_producer_with_no_taskflow to None, run_after=None
[2024-08-22T17:02:25.799+0500] {logging_mixin.py:190} INFO - [2024-08-22T17:02:25.799+0500] {dag.py:4138} INFO - Setting next_dagrun for dataset_s3_bucket_consumer_with_no_taskflow to None, run_after=None
[2024-08-22T17:02:25.800+0500] {logging_mixin.py:190} INFO - [2024-08-22T17:02:25.800+0500] {dag.py:4138} INFO - Setting next_dagrun for dataset_s3_bucket_producer_with_no_taskflow to None, run_after=None
[2024-08-22T17:02:25.834+0500] {processor.py:208} INFO - Processing /home/rayyan/redfin_venv/lib/python3.10/site-packages/airflow/example_dags/example_dataset_alias_with_no_taskflow.py took 0.155 seconds
[2024-08-22T17:03:27.055+0500] {processor.py:186} INFO - Started process (PID=13082) to work on /home/rayyan/redfin_venv/lib/python3.10/site-packages/airflow/example_dags/example_dataset_alias_with_no_taskflow.py
[2024-08-22T17:03:27.067+0500] {processor.py:914} INFO - Processing file /home/rayyan/redfin_venv/lib/python3.10/site-packages/airflow/example_dags/example_dataset_alias_with_no_taskflow.py for tasks to queue
[2024-08-22T17:03:27.070+0500] {logging_mixin.py:190} INFO - [2024-08-22T17:03:27.070+0500] {dagbag.py:587} INFO - Filling up the DagBag from /home/rayyan/redfin_venv/lib/python3.10/site-packages/airflow/example_dags/example_dataset_alias_with_no_taskflow.py
[2024-08-22T17:03:27.100+0500] {processor.py:925} INFO - DAG(s) 'dataset_alias_example_alias_consumer_with_no_taskflow', 'dataset_alias_example_alias_producer_with_no_taskflow', 'dataset_s3_bucket_consumer_with_no_taskflow', 'dataset_s3_bucket_producer_with_no_taskflow' retrieved from /home/rayyan/redfin_venv/lib/python3.10/site-packages/airflow/example_dags/example_dataset_alias_with_no_taskflow.py
[2024-08-22T17:03:27.121+0500] {logging_mixin.py:190} INFO - [2024-08-22T17:03:27.121+0500] {dag.py:3211} INFO - Sync 4 DAGs
[2024-08-22T17:03:27.144+0500] {logging_mixin.py:190} INFO - [2024-08-22T17:03:27.144+0500] {dag.py:4138} INFO - Setting next_dagrun for dataset_alias_example_alias_consumer_with_no_taskflow to None, run_after=None
[2024-08-22T17:03:27.146+0500] {logging_mixin.py:190} INFO - [2024-08-22T17:03:27.146+0500] {dag.py:4138} INFO - Setting next_dagrun for dataset_alias_example_alias_producer_with_no_taskflow to None, run_after=None
[2024-08-22T17:03:27.147+0500] {logging_mixin.py:190} INFO - [2024-08-22T17:03:27.147+0500] {dag.py:4138} INFO - Setting next_dagrun for dataset_s3_bucket_consumer_with_no_taskflow to None, run_after=None
[2024-08-22T17:03:27.148+0500] {logging_mixin.py:190} INFO - [2024-08-22T17:03:27.148+0500] {dag.py:4138} INFO - Setting next_dagrun for dataset_s3_bucket_producer_with_no_taskflow to None, run_after=None
[2024-08-22T17:03:27.175+0500] {processor.py:208} INFO - Processing /home/rayyan/redfin_venv/lib/python3.10/site-packages/airflow/example_dags/example_dataset_alias_with_no_taskflow.py took 0.131 seconds
[2024-08-22T17:04:26.059+0500] {processor.py:186} INFO - Started process (PID=13366) to work on /home/rayyan/redfin_venv/lib/python3.10/site-packages/airflow/example_dags/example_dataset_alias_with_no_taskflow.py
[2024-08-22T17:04:26.061+0500] {processor.py:914} INFO - Processing file /home/rayyan/redfin_venv/lib/python3.10/site-packages/airflow/example_dags/example_dataset_alias_with_no_taskflow.py for tasks to queue
[2024-08-22T17:04:26.064+0500] {logging_mixin.py:190} INFO - [2024-08-22T17:04:26.063+0500] {dagbag.py:587} INFO - Filling up the DagBag from /home/rayyan/redfin_venv/lib/python3.10/site-packages/airflow/example_dags/example_dataset_alias_with_no_taskflow.py
[2024-08-22T17:04:26.086+0500] {processor.py:925} INFO - DAG(s) 'dataset_alias_example_alias_consumer_with_no_taskflow', 'dataset_alias_example_alias_producer_with_no_taskflow', 'dataset_s3_bucket_consumer_with_no_taskflow', 'dataset_s3_bucket_producer_with_no_taskflow' retrieved from /home/rayyan/redfin_venv/lib/python3.10/site-packages/airflow/example_dags/example_dataset_alias_with_no_taskflow.py
[2024-08-22T17:04:26.107+0500] {logging_mixin.py:190} INFO - [2024-08-22T17:04:26.107+0500] {dag.py:3211} INFO - Sync 4 DAGs
[2024-08-22T17:04:26.126+0500] {logging_mixin.py:190} INFO - [2024-08-22T17:04:26.126+0500] {dag.py:4138} INFO - Setting next_dagrun for dataset_alias_example_alias_consumer_with_no_taskflow to None, run_after=None
[2024-08-22T17:04:26.128+0500] {logging_mixin.py:190} INFO - [2024-08-22T17:04:26.128+0500] {dag.py:4138} INFO - Setting next_dagrun for dataset_alias_example_alias_producer_with_no_taskflow to None, run_after=None
[2024-08-22T17:04:26.129+0500] {logging_mixin.py:190} INFO - [2024-08-22T17:04:26.129+0500] {dag.py:4138} INFO - Setting next_dagrun for dataset_s3_bucket_consumer_with_no_taskflow to None, run_after=None
[2024-08-22T17:04:26.130+0500] {logging_mixin.py:190} INFO - [2024-08-22T17:04:26.130+0500] {dag.py:4138} INFO - Setting next_dagrun for dataset_s3_bucket_producer_with_no_taskflow to None, run_after=None
[2024-08-22T17:04:26.152+0500] {processor.py:208} INFO - Processing /home/rayyan/redfin_venv/lib/python3.10/site-packages/airflow/example_dags/example_dataset_alias_with_no_taskflow.py took 0.103 seconds
[2024-08-22T17:05:21.268+0500] {processor.py:186} INFO - Started process (PID=13637) to work on /home/rayyan/redfin_venv/lib/python3.10/site-packages/airflow/example_dags/example_dataset_alias_with_no_taskflow.py
[2024-08-22T17:05:21.281+0500] {processor.py:914} INFO - Processing file /home/rayyan/redfin_venv/lib/python3.10/site-packages/airflow/example_dags/example_dataset_alias_with_no_taskflow.py for tasks to queue
[2024-08-22T17:05:21.284+0500] {logging_mixin.py:190} INFO - [2024-08-22T17:05:21.283+0500] {dagbag.py:587} INFO - Filling up the DagBag from /home/rayyan/redfin_venv/lib/python3.10/site-packages/airflow/example_dags/example_dataset_alias_with_no_taskflow.py
[2024-08-22T17:05:21.308+0500] {processor.py:925} INFO - DAG(s) 'dataset_s3_bucket_consumer_with_no_taskflow', 'dataset_alias_example_alias_consumer_with_no_taskflow', 'dataset_s3_bucket_producer_with_no_taskflow', 'dataset_alias_example_alias_producer_with_no_taskflow' retrieved from /home/rayyan/redfin_venv/lib/python3.10/site-packages/airflow/example_dags/example_dataset_alias_with_no_taskflow.py
[2024-08-22T17:05:21.329+0500] {logging_mixin.py:190} INFO - [2024-08-22T17:05:21.329+0500] {dag.py:3211} INFO - Sync 4 DAGs
[2024-08-22T17:05:21.349+0500] {logging_mixin.py:190} INFO - [2024-08-22T17:05:21.348+0500] {dag.py:4138} INFO - Setting next_dagrun for dataset_alias_example_alias_consumer_with_no_taskflow to None, run_after=None
[2024-08-22T17:05:21.352+0500] {logging_mixin.py:190} INFO - [2024-08-22T17:05:21.352+0500] {dag.py:4138} INFO - Setting next_dagrun for dataset_alias_example_alias_producer_with_no_taskflow to None, run_after=None
[2024-08-22T17:05:21.353+0500] {logging_mixin.py:190} INFO - [2024-08-22T17:05:21.353+0500] {dag.py:4138} INFO - Setting next_dagrun for dataset_s3_bucket_consumer_with_no_taskflow to None, run_after=None
[2024-08-22T17:05:21.354+0500] {logging_mixin.py:190} INFO - [2024-08-22T17:05:21.354+0500] {dag.py:4138} INFO - Setting next_dagrun for dataset_s3_bucket_producer_with_no_taskflow to None, run_after=None
[2024-08-22T17:05:21.380+0500] {processor.py:208} INFO - Processing /home/rayyan/redfin_venv/lib/python3.10/site-packages/airflow/example_dags/example_dataset_alias_with_no_taskflow.py took 0.122 seconds
[2024-08-22T17:06:16.606+0500] {processor.py:186} INFO - Started process (PID=13905) to work on /home/rayyan/redfin_venv/lib/python3.10/site-packages/airflow/example_dags/example_dataset_alias_with_no_taskflow.py
[2024-08-22T17:06:16.619+0500] {processor.py:914} INFO - Processing file /home/rayyan/redfin_venv/lib/python3.10/site-packages/airflow/example_dags/example_dataset_alias_with_no_taskflow.py for tasks to queue
[2024-08-22T17:06:16.622+0500] {logging_mixin.py:190} INFO - [2024-08-22T17:06:16.621+0500] {dagbag.py:587} INFO - Filling up the DagBag from /home/rayyan/redfin_venv/lib/python3.10/site-packages/airflow/example_dags/example_dataset_alias_with_no_taskflow.py
[2024-08-22T17:06:16.645+0500] {processor.py:925} INFO - DAG(s) 'dataset_alias_example_alias_producer_with_no_taskflow', 'dataset_s3_bucket_consumer_with_no_taskflow', 'dataset_alias_example_alias_consumer_with_no_taskflow', 'dataset_s3_bucket_producer_with_no_taskflow' retrieved from /home/rayyan/redfin_venv/lib/python3.10/site-packages/airflow/example_dags/example_dataset_alias_with_no_taskflow.py
[2024-08-22T17:06:16.665+0500] {logging_mixin.py:190} INFO - [2024-08-22T17:06:16.665+0500] {dag.py:3211} INFO - Sync 4 DAGs
[2024-08-22T17:06:16.683+0500] {logging_mixin.py:190} INFO - [2024-08-22T17:06:16.683+0500] {dag.py:4138} INFO - Setting next_dagrun for dataset_alias_example_alias_consumer_with_no_taskflow to None, run_after=None
[2024-08-22T17:06:16.686+0500] {logging_mixin.py:190} INFO - [2024-08-22T17:06:16.686+0500] {dag.py:4138} INFO - Setting next_dagrun for dataset_alias_example_alias_producer_with_no_taskflow to None, run_after=None
[2024-08-22T17:06:16.688+0500] {logging_mixin.py:190} INFO - [2024-08-22T17:06:16.687+0500] {dag.py:4138} INFO - Setting next_dagrun for dataset_s3_bucket_consumer_with_no_taskflow to None, run_after=None
[2024-08-22T17:06:16.689+0500] {logging_mixin.py:190} INFO - [2024-08-22T17:06:16.689+0500] {dag.py:4138} INFO - Setting next_dagrun for dataset_s3_bucket_producer_with_no_taskflow to None, run_after=None
[2024-08-22T17:06:16.718+0500] {processor.py:208} INFO - Processing /home/rayyan/redfin_venv/lib/python3.10/site-packages/airflow/example_dags/example_dataset_alias_with_no_taskflow.py took 0.122 seconds
[2024-08-22T17:07:15.955+0500] {processor.py:186} INFO - Started process (PID=14198) to work on /home/rayyan/redfin_venv/lib/python3.10/site-packages/airflow/example_dags/example_dataset_alias_with_no_taskflow.py
[2024-08-22T17:07:15.966+0500] {processor.py:914} INFO - Processing file /home/rayyan/redfin_venv/lib/python3.10/site-packages/airflow/example_dags/example_dataset_alias_with_no_taskflow.py for tasks to queue
[2024-08-22T17:07:15.969+0500] {logging_mixin.py:190} INFO - [2024-08-22T17:07:15.969+0500] {dagbag.py:587} INFO - Filling up the DagBag from /home/rayyan/redfin_venv/lib/python3.10/site-packages/airflow/example_dags/example_dataset_alias_with_no_taskflow.py
[2024-08-22T17:07:15.993+0500] {processor.py:925} INFO - DAG(s) 'dataset_alias_example_alias_producer_with_no_taskflow', 'dataset_alias_example_alias_consumer_with_no_taskflow', 'dataset_s3_bucket_producer_with_no_taskflow', 'dataset_s3_bucket_consumer_with_no_taskflow' retrieved from /home/rayyan/redfin_venv/lib/python3.10/site-packages/airflow/example_dags/example_dataset_alias_with_no_taskflow.py
[2024-08-22T17:07:16.015+0500] {logging_mixin.py:190} INFO - [2024-08-22T17:07:16.014+0500] {dag.py:3211} INFO - Sync 4 DAGs
[2024-08-22T17:07:16.033+0500] {logging_mixin.py:190} INFO - [2024-08-22T17:07:16.032+0500] {dag.py:4138} INFO - Setting next_dagrun for dataset_alias_example_alias_consumer_with_no_taskflow to None, run_after=None
[2024-08-22T17:07:16.034+0500] {logging_mixin.py:190} INFO - [2024-08-22T17:07:16.034+0500] {dag.py:4138} INFO - Setting next_dagrun for dataset_alias_example_alias_producer_with_no_taskflow to None, run_after=None
[2024-08-22T17:07:16.035+0500] {logging_mixin.py:190} INFO - [2024-08-22T17:07:16.035+0500] {dag.py:4138} INFO - Setting next_dagrun for dataset_s3_bucket_consumer_with_no_taskflow to None, run_after=None
[2024-08-22T17:07:16.036+0500] {logging_mixin.py:190} INFO - [2024-08-22T17:07:16.036+0500] {dag.py:4138} INFO - Setting next_dagrun for dataset_s3_bucket_producer_with_no_taskflow to None, run_after=None
[2024-08-22T17:07:16.067+0500] {processor.py:208} INFO - Processing /home/rayyan/redfin_venv/lib/python3.10/site-packages/airflow/example_dags/example_dataset_alias_with_no_taskflow.py took 0.123 seconds
