[2024-08-22T16:48:16.444+0500] {processor.py:186} INFO - Started process (PID=3830) to work on /home/rayyan/redfin_venv/lib/python3.10/site-packages/airflow/example_dags/example_branch_operator_decorator.py
[2024-08-22T16:48:16.445+0500] {processor.py:914} INFO - Processing file /home/rayyan/redfin_venv/lib/python3.10/site-packages/airflow/example_dags/example_branch_operator_decorator.py for tasks to queue
[2024-08-22T16:48:16.446+0500] {logging_mixin.py:190} INFO - [2024-08-22T16:48:16.446+0500] {dagbag.py:587} INFO - Filling up the DagBag from /home/rayyan/redfin_venv/lib/python3.10/site-packages/airflow/example_dags/example_branch_operator_decorator.py
[2024-08-22T16:48:16.470+0500] {processor.py:927} WARNING - No viable dags retrieved from /home/rayyan/redfin_venv/lib/python3.10/site-packages/airflow/example_dags/example_branch_operator_decorator.py
[2024-08-22T16:48:16.481+0500] {processor.py:208} INFO - Processing /home/rayyan/redfin_venv/lib/python3.10/site-packages/airflow/example_dags/example_branch_operator_decorator.py took 0.043 seconds
[2024-08-22T16:49:14.914+0500] {processor.py:186} INFO - Started process (PID=4138) to work on /home/rayyan/redfin_venv/lib/python3.10/site-packages/airflow/example_dags/example_branch_operator_decorator.py
[2024-08-22T16:49:14.916+0500] {processor.py:914} INFO - Processing file /home/rayyan/redfin_venv/lib/python3.10/site-packages/airflow/example_dags/example_branch_operator_decorator.py for tasks to queue
[2024-08-22T16:49:14.919+0500] {logging_mixin.py:190} INFO - [2024-08-22T16:49:14.918+0500] {dagbag.py:587} INFO - Filling up the DagBag from /home/rayyan/redfin_venv/lib/python3.10/site-packages/airflow/example_dags/example_branch_operator_decorator.py
[2024-08-22T16:49:14.944+0500] {processor.py:927} WARNING - No viable dags retrieved from /home/rayyan/redfin_venv/lib/python3.10/site-packages/airflow/example_dags/example_branch_operator_decorator.py
[2024-08-22T16:49:14.954+0500] {processor.py:208} INFO - Processing /home/rayyan/redfin_venv/lib/python3.10/site-packages/airflow/example_dags/example_branch_operator_decorator.py took 0.048 seconds
[2024-08-22T16:50:13.636+0500] {processor.py:186} INFO - Started process (PID=4425) to work on /home/rayyan/redfin_venv/lib/python3.10/site-packages/airflow/example_dags/example_branch_operator_decorator.py
[2024-08-22T16:50:13.649+0500] {processor.py:914} INFO - Processing file /home/rayyan/redfin_venv/lib/python3.10/site-packages/airflow/example_dags/example_branch_operator_decorator.py for tasks to queue
[2024-08-22T16:50:13.652+0500] {logging_mixin.py:190} INFO - [2024-08-22T16:50:13.651+0500] {dagbag.py:587} INFO - Filling up the DagBag from /home/rayyan/redfin_venv/lib/python3.10/site-packages/airflow/example_dags/example_branch_operator_decorator.py
[2024-08-22T16:50:13.682+0500] {processor.py:927} WARNING - No viable dags retrieved from /home/rayyan/redfin_venv/lib/python3.10/site-packages/airflow/example_dags/example_branch_operator_decorator.py
[2024-08-22T16:50:13.691+0500] {processor.py:208} INFO - Processing /home/rayyan/redfin_venv/lib/python3.10/site-packages/airflow/example_dags/example_branch_operator_decorator.py took 0.067 seconds
[2024-08-22T16:51:11.186+0500] {processor.py:186} INFO - Started process (PID=4704) to work on /home/rayyan/redfin_venv/lib/python3.10/site-packages/airflow/example_dags/example_branch_operator_decorator.py
[2024-08-22T16:51:11.199+0500] {processor.py:914} INFO - Processing file /home/rayyan/redfin_venv/lib/python3.10/site-packages/airflow/example_dags/example_branch_operator_decorator.py for tasks to queue
[2024-08-22T16:51:11.202+0500] {logging_mixin.py:190} INFO - [2024-08-22T16:51:11.202+0500] {dagbag.py:587} INFO - Filling up the DagBag from /home/rayyan/redfin_venv/lib/python3.10/site-packages/airflow/example_dags/example_branch_operator_decorator.py
[2024-08-22T16:51:11.227+0500] {processor.py:927} WARNING - No viable dags retrieved from /home/rayyan/redfin_venv/lib/python3.10/site-packages/airflow/example_dags/example_branch_operator_decorator.py
[2024-08-22T16:51:11.239+0500] {processor.py:208} INFO - Processing /home/rayyan/redfin_venv/lib/python3.10/site-packages/airflow/example_dags/example_branch_operator_decorator.py took 0.062 seconds
[2024-08-22T16:52:09.531+0500] {processor.py:186} INFO - Started process (PID=4985) to work on /home/rayyan/redfin_venv/lib/python3.10/site-packages/airflow/example_dags/example_branch_operator_decorator.py
[2024-08-22T16:52:09.543+0500] {processor.py:914} INFO - Processing file /home/rayyan/redfin_venv/lib/python3.10/site-packages/airflow/example_dags/example_branch_operator_decorator.py for tasks to queue
[2024-08-22T16:52:09.546+0500] {logging_mixin.py:190} INFO - [2024-08-22T16:52:09.546+0500] {dagbag.py:587} INFO - Filling up the DagBag from /home/rayyan/redfin_venv/lib/python3.10/site-packages/airflow/example_dags/example_branch_operator_decorator.py
[2024-08-22T16:52:09.575+0500] {processor.py:927} WARNING - No viable dags retrieved from /home/rayyan/redfin_venv/lib/python3.10/site-packages/airflow/example_dags/example_branch_operator_decorator.py
[2024-08-22T16:52:09.584+0500] {processor.py:208} INFO - Processing /home/rayyan/redfin_venv/lib/python3.10/site-packages/airflow/example_dags/example_branch_operator_decorator.py took 0.061 seconds
[2024-08-22T16:53:13.180+0500] {processor.py:186} INFO - Started process (PID=5289) to work on /home/rayyan/redfin_venv/lib/python3.10/site-packages/airflow/example_dags/example_branch_operator_decorator.py
[2024-08-22T16:53:13.192+0500] {processor.py:914} INFO - Processing file /home/rayyan/redfin_venv/lib/python3.10/site-packages/airflow/example_dags/example_branch_operator_decorator.py for tasks to queue
[2024-08-22T16:53:13.195+0500] {logging_mixin.py:190} INFO - [2024-08-22T16:53:13.194+0500] {dagbag.py:587} INFO - Filling up the DagBag from /home/rayyan/redfin_venv/lib/python3.10/site-packages/airflow/example_dags/example_branch_operator_decorator.py
[2024-08-22T16:53:13.221+0500] {processor.py:927} WARNING - No viable dags retrieved from /home/rayyan/redfin_venv/lib/python3.10/site-packages/airflow/example_dags/example_branch_operator_decorator.py
[2024-08-22T16:53:13.231+0500] {processor.py:208} INFO - Processing /home/rayyan/redfin_venv/lib/python3.10/site-packages/airflow/example_dags/example_branch_operator_decorator.py took 0.058 seconds
[2024-08-22T16:54:14.711+0500] {processor.py:186} INFO - Started process (PID=5586) to work on /home/rayyan/redfin_venv/lib/python3.10/site-packages/airflow/example_dags/example_branch_operator_decorator.py
[2024-08-22T16:54:14.712+0500] {processor.py:914} INFO - Processing file /home/rayyan/redfin_venv/lib/python3.10/site-packages/airflow/example_dags/example_branch_operator_decorator.py for tasks to queue
[2024-08-22T16:54:14.714+0500] {logging_mixin.py:190} INFO - [2024-08-22T16:54:14.714+0500] {dagbag.py:587} INFO - Filling up the DagBag from /home/rayyan/redfin_venv/lib/python3.10/site-packages/airflow/example_dags/example_branch_operator_decorator.py
[2024-08-22T16:54:14.734+0500] {processor.py:927} WARNING - No viable dags retrieved from /home/rayyan/redfin_venv/lib/python3.10/site-packages/airflow/example_dags/example_branch_operator_decorator.py
[2024-08-22T16:54:14.743+0500] {processor.py:208} INFO - Processing /home/rayyan/redfin_venv/lib/python3.10/site-packages/airflow/example_dags/example_branch_operator_decorator.py took 0.037 seconds
[2024-08-22T16:55:14.328+0500] {processor.py:186} INFO - Started process (PID=5875) to work on /home/rayyan/redfin_venv/lib/python3.10/site-packages/airflow/example_dags/example_branch_operator_decorator.py
[2024-08-22T16:55:14.329+0500] {processor.py:914} INFO - Processing file /home/rayyan/redfin_venv/lib/python3.10/site-packages/airflow/example_dags/example_branch_operator_decorator.py for tasks to queue
[2024-08-22T16:55:14.331+0500] {logging_mixin.py:190} INFO - [2024-08-22T16:55:14.331+0500] {dagbag.py:587} INFO - Filling up the DagBag from /home/rayyan/redfin_venv/lib/python3.10/site-packages/airflow/example_dags/example_branch_operator_decorator.py
[2024-08-22T16:55:14.352+0500] {processor.py:927} WARNING - No viable dags retrieved from /home/rayyan/redfin_venv/lib/python3.10/site-packages/airflow/example_dags/example_branch_operator_decorator.py
[2024-08-22T16:55:14.362+0500] {processor.py:208} INFO - Processing /home/rayyan/redfin_venv/lib/python3.10/site-packages/airflow/example_dags/example_branch_operator_decorator.py took 0.041 seconds
[2024-08-22T16:56:19.649+0500] {processor.py:186} INFO - Started process (PID=6190) to work on /home/rayyan/redfin_venv/lib/python3.10/site-packages/airflow/example_dags/example_branch_operator_decorator.py
[2024-08-22T16:56:19.662+0500] {processor.py:914} INFO - Processing file /home/rayyan/redfin_venv/lib/python3.10/site-packages/airflow/example_dags/example_branch_operator_decorator.py for tasks to queue
[2024-08-22T16:56:19.664+0500] {logging_mixin.py:190} INFO - [2024-08-22T16:56:19.664+0500] {dagbag.py:587} INFO - Filling up the DagBag from /home/rayyan/redfin_venv/lib/python3.10/site-packages/airflow/example_dags/example_branch_operator_decorator.py
[2024-08-22T16:56:19.690+0500] {processor.py:927} WARNING - No viable dags retrieved from /home/rayyan/redfin_venv/lib/python3.10/site-packages/airflow/example_dags/example_branch_operator_decorator.py
[2024-08-22T16:56:19.700+0500] {processor.py:208} INFO - Processing /home/rayyan/redfin_venv/lib/python3.10/site-packages/airflow/example_dags/example_branch_operator_decorator.py took 0.058 seconds
[2024-08-22T16:57:25.101+0500] {processor.py:186} INFO - Started process (PID=6505) to work on /home/rayyan/redfin_venv/lib/python3.10/site-packages/airflow/example_dags/example_branch_operator_decorator.py
[2024-08-22T16:57:25.113+0500] {processor.py:914} INFO - Processing file /home/rayyan/redfin_venv/lib/python3.10/site-packages/airflow/example_dags/example_branch_operator_decorator.py for tasks to queue
[2024-08-22T16:57:25.116+0500] {logging_mixin.py:190} INFO - [2024-08-22T16:57:25.116+0500] {dagbag.py:587} INFO - Filling up the DagBag from /home/rayyan/redfin_venv/lib/python3.10/site-packages/airflow/example_dags/example_branch_operator_decorator.py
[2024-08-22T16:57:25.142+0500] {processor.py:927} WARNING - No viable dags retrieved from /home/rayyan/redfin_venv/lib/python3.10/site-packages/airflow/example_dags/example_branch_operator_decorator.py
[2024-08-22T16:57:25.153+0500] {processor.py:208} INFO - Processing /home/rayyan/redfin_venv/lib/python3.10/site-packages/airflow/example_dags/example_branch_operator_decorator.py took 0.061 seconds
[2024-08-22T16:59:32.341+0500] {processor.py:186} INFO - Started process (PID=7165) to work on /home/rayyan/redfin_venv/lib/python3.10/site-packages/airflow/example_dags/example_branch_operator_decorator.py
[2024-08-22T16:59:32.343+0500] {processor.py:914} INFO - Processing file /home/rayyan/redfin_venv/lib/python3.10/site-packages/airflow/example_dags/example_branch_operator_decorator.py for tasks to queue
[2024-08-22T16:59:32.345+0500] {logging_mixin.py:190} INFO - [2024-08-22T16:59:32.345+0500] {dagbag.py:587} INFO - Filling up the DagBag from /home/rayyan/redfin_venv/lib/python3.10/site-packages/airflow/example_dags/example_branch_operator_decorator.py
[2024-08-22T16:59:32.376+0500] {processor.py:927} WARNING - No viable dags retrieved from /home/rayyan/redfin_venv/lib/python3.10/site-packages/airflow/example_dags/example_branch_operator_decorator.py
[2024-08-22T16:59:32.505+0500] {processor.py:208} INFO - Processing /home/rayyan/redfin_venv/lib/python3.10/site-packages/airflow/example_dags/example_branch_operator_decorator.py took 0.170 seconds
[2024-08-22T17:00:40.086+0500] {processor.py:186} INFO - Started process (PID=9251) to work on /home/rayyan/redfin_venv/lib/python3.10/site-packages/airflow/example_dags/example_branch_operator_decorator.py
[2024-08-22T17:00:40.098+0500] {processor.py:914} INFO - Processing file /home/rayyan/redfin_venv/lib/python3.10/site-packages/airflow/example_dags/example_branch_operator_decorator.py for tasks to queue
[2024-08-22T17:00:40.101+0500] {logging_mixin.py:190} INFO - [2024-08-22T17:00:40.101+0500] {dagbag.py:587} INFO - Filling up the DagBag from /home/rayyan/redfin_venv/lib/python3.10/site-packages/airflow/example_dags/example_branch_operator_decorator.py
[2024-08-22T17:00:40.141+0500] {processor.py:927} WARNING - No viable dags retrieved from /home/rayyan/redfin_venv/lib/python3.10/site-packages/airflow/example_dags/example_branch_operator_decorator.py
[2024-08-22T17:00:40.159+0500] {processor.py:208} INFO - Processing /home/rayyan/redfin_venv/lib/python3.10/site-packages/airflow/example_dags/example_branch_operator_decorator.py took 0.084 seconds
[2024-08-22T17:01:47.863+0500] {processor.py:186} INFO - Started process (PID=11475) to work on /home/rayyan/redfin_venv/lib/python3.10/site-packages/airflow/example_dags/example_branch_operator_decorator.py
[2024-08-22T17:01:47.868+0500] {processor.py:914} INFO - Processing file /home/rayyan/redfin_venv/lib/python3.10/site-packages/airflow/example_dags/example_branch_operator_decorator.py for tasks to queue
[2024-08-22T17:01:47.895+0500] {logging_mixin.py:190} INFO - [2024-08-22T17:01:47.883+0500] {dagbag.py:587} INFO - Filling up the DagBag from /home/rayyan/redfin_venv/lib/python3.10/site-packages/airflow/example_dags/example_branch_operator_decorator.py
[2024-08-22T17:01:48.069+0500] {processor.py:927} WARNING - No viable dags retrieved from /home/rayyan/redfin_venv/lib/python3.10/site-packages/airflow/example_dags/example_branch_operator_decorator.py
[2024-08-22T17:01:48.123+0500] {processor.py:208} INFO - Processing /home/rayyan/redfin_venv/lib/python3.10/site-packages/airflow/example_dags/example_branch_operator_decorator.py took 0.323 seconds
[2024-08-22T17:02:57.685+0500] {processor.py:186} INFO - Started process (PID=12940) to work on /home/rayyan/redfin_venv/lib/python3.10/site-packages/airflow/example_dags/example_branch_operator_decorator.py
[2024-08-22T17:02:57.687+0500] {processor.py:914} INFO - Processing file /home/rayyan/redfin_venv/lib/python3.10/site-packages/airflow/example_dags/example_branch_operator_decorator.py for tasks to queue
[2024-08-22T17:02:57.689+0500] {logging_mixin.py:190} INFO - [2024-08-22T17:02:57.689+0500] {dagbag.py:587} INFO - Filling up the DagBag from /home/rayyan/redfin_venv/lib/python3.10/site-packages/airflow/example_dags/example_branch_operator_decorator.py
[2024-08-22T17:02:57.719+0500] {processor.py:927} WARNING - No viable dags retrieved from /home/rayyan/redfin_venv/lib/python3.10/site-packages/airflow/example_dags/example_branch_operator_decorator.py
[2024-08-22T17:02:57.732+0500] {processor.py:208} INFO - Processing /home/rayyan/redfin_venv/lib/python3.10/site-packages/airflow/example_dags/example_branch_operator_decorator.py took 0.052 seconds
[2024-08-22T17:03:56.132+0500] {processor.py:186} INFO - Started process (PID=13223) to work on /home/rayyan/redfin_venv/lib/python3.10/site-packages/airflow/example_dags/example_branch_operator_decorator.py
[2024-08-22T17:03:56.145+0500] {processor.py:914} INFO - Processing file /home/rayyan/redfin_venv/lib/python3.10/site-packages/airflow/example_dags/example_branch_operator_decorator.py for tasks to queue
[2024-08-22T17:03:56.148+0500] {logging_mixin.py:190} INFO - [2024-08-22T17:03:56.148+0500] {dagbag.py:587} INFO - Filling up the DagBag from /home/rayyan/redfin_venv/lib/python3.10/site-packages/airflow/example_dags/example_branch_operator_decorator.py
[2024-08-22T17:03:56.177+0500] {processor.py:927} WARNING - No viable dags retrieved from /home/rayyan/redfin_venv/lib/python3.10/site-packages/airflow/example_dags/example_branch_operator_decorator.py
[2024-08-22T17:03:56.188+0500] {processor.py:208} INFO - Processing /home/rayyan/redfin_venv/lib/python3.10/site-packages/airflow/example_dags/example_branch_operator_decorator.py took 0.064 seconds
[2024-08-22T17:04:54.070+0500] {processor.py:186} INFO - Started process (PID=13503) to work on /home/rayyan/redfin_venv/lib/python3.10/site-packages/airflow/example_dags/example_branch_operator_decorator.py
[2024-08-22T17:04:54.072+0500] {processor.py:914} INFO - Processing file /home/rayyan/redfin_venv/lib/python3.10/site-packages/airflow/example_dags/example_branch_operator_decorator.py for tasks to queue
[2024-08-22T17:04:54.075+0500] {logging_mixin.py:190} INFO - [2024-08-22T17:04:54.074+0500] {dagbag.py:587} INFO - Filling up the DagBag from /home/rayyan/redfin_venv/lib/python3.10/site-packages/airflow/example_dags/example_branch_operator_decorator.py
[2024-08-22T17:04:54.102+0500] {processor.py:927} WARNING - No viable dags retrieved from /home/rayyan/redfin_venv/lib/python3.10/site-packages/airflow/example_dags/example_branch_operator_decorator.py
[2024-08-22T17:04:54.114+0500] {processor.py:208} INFO - Processing /home/rayyan/redfin_venv/lib/python3.10/site-packages/airflow/example_dags/example_branch_operator_decorator.py took 0.054 seconds
[2024-08-22T17:05:48.716+0500] {processor.py:186} INFO - Started process (PID=13770) to work on /home/rayyan/redfin_venv/lib/python3.10/site-packages/airflow/example_dags/example_branch_operator_decorator.py
[2024-08-22T17:05:48.728+0500] {processor.py:914} INFO - Processing file /home/rayyan/redfin_venv/lib/python3.10/site-packages/airflow/example_dags/example_branch_operator_decorator.py for tasks to queue
[2024-08-22T17:05:48.731+0500] {logging_mixin.py:190} INFO - [2024-08-22T17:05:48.730+0500] {dagbag.py:587} INFO - Filling up the DagBag from /home/rayyan/redfin_venv/lib/python3.10/site-packages/airflow/example_dags/example_branch_operator_decorator.py
[2024-08-22T17:05:48.759+0500] {processor.py:927} WARNING - No viable dags retrieved from /home/rayyan/redfin_venv/lib/python3.10/site-packages/airflow/example_dags/example_branch_operator_decorator.py
[2024-08-22T17:05:48.770+0500] {processor.py:208} INFO - Processing /home/rayyan/redfin_venv/lib/python3.10/site-packages/airflow/example_dags/example_branch_operator_decorator.py took 0.063 seconds
[2024-08-22T17:06:47.174+0500] {processor.py:186} INFO - Started process (PID=14054) to work on /home/rayyan/redfin_venv/lib/python3.10/site-packages/airflow/example_dags/example_branch_operator_decorator.py
[2024-08-22T17:06:47.176+0500] {processor.py:914} INFO - Processing file /home/rayyan/redfin_venv/lib/python3.10/site-packages/airflow/example_dags/example_branch_operator_decorator.py for tasks to queue
[2024-08-22T17:06:47.179+0500] {logging_mixin.py:190} INFO - [2024-08-22T17:06:47.178+0500] {dagbag.py:587} INFO - Filling up the DagBag from /home/rayyan/redfin_venv/lib/python3.10/site-packages/airflow/example_dags/example_branch_operator_decorator.py
[2024-08-22T17:06:47.208+0500] {processor.py:927} WARNING - No viable dags retrieved from /home/rayyan/redfin_venv/lib/python3.10/site-packages/airflow/example_dags/example_branch_operator_decorator.py
[2024-08-22T17:06:47.220+0500] {processor.py:208} INFO - Processing /home/rayyan/redfin_venv/lib/python3.10/site-packages/airflow/example_dags/example_branch_operator_decorator.py took 0.054 seconds
[2024-08-22T17:07:44.030+0500] {processor.py:186} INFO - Started process (PID=14338) to work on /home/rayyan/redfin_venv/lib/python3.10/site-packages/airflow/example_dags/example_branch_operator_decorator.py
[2024-08-22T17:07:44.032+0500] {processor.py:914} INFO - Processing file /home/rayyan/redfin_venv/lib/python3.10/site-packages/airflow/example_dags/example_branch_operator_decorator.py for tasks to queue
[2024-08-22T17:07:44.034+0500] {logging_mixin.py:190} INFO - [2024-08-22T17:07:44.034+0500] {dagbag.py:587} INFO - Filling up the DagBag from /home/rayyan/redfin_venv/lib/python3.10/site-packages/airflow/example_dags/example_branch_operator_decorator.py
[2024-08-22T17:07:44.068+0500] {processor.py:927} WARNING - No viable dags retrieved from /home/rayyan/redfin_venv/lib/python3.10/site-packages/airflow/example_dags/example_branch_operator_decorator.py
[2024-08-22T17:07:44.080+0500] {processor.py:208} INFO - Processing /home/rayyan/redfin_venv/lib/python3.10/site-packages/airflow/example_dags/example_branch_operator_decorator.py took 0.057 seconds
