[2024-08-22T16:47:43.901+0500] {processor.py:186} INFO - Started process (PID=3671) to work on /home/rayyan/redfin_venv/lib/python3.10/site-packages/airflow/example_dags/example_nested_branch_dag.py
[2024-08-22T16:47:43.902+0500] {processor.py:914} INFO - Processing file /home/rayyan/redfin_venv/lib/python3.10/site-packages/airflow/example_dags/example_nested_branch_dag.py for tasks to queue
[2024-08-22T16:47:43.906+0500] {logging_mixin.py:190} INFO - [2024-08-22T16:47:43.906+0500] {dagbag.py:587} INFO - Filling up the DagBag from /home/rayyan/redfin_venv/lib/python3.10/site-packages/airflow/example_dags/example_nested_branch_dag.py
[2024-08-22T16:47:43.919+0500] {processor.py:925} INFO - DAG(s) 'example_nested_branch_dag' retrieved from /home/rayyan/redfin_venv/lib/python3.10/site-packages/airflow/example_dags/example_nested_branch_dag.py
[2024-08-22T16:47:43.943+0500] {logging_mixin.py:190} INFO - [2024-08-22T16:47:43.943+0500] {dag.py:3211} INFO - Sync 1 DAGs
[2024-08-22T16:47:43.962+0500] {logging_mixin.py:190} INFO - [2024-08-22T16:47:43.962+0500] {dag.py:4138} INFO - Setting next_dagrun for example_nested_branch_dag to 2024-08-21 00:00:00+00:00, run_after=2024-08-22 00:00:00+00:00
[2024-08-22T16:47:43.985+0500] {processor.py:208} INFO - Processing /home/rayyan/redfin_venv/lib/python3.10/site-packages/airflow/example_dags/example_nested_branch_dag.py took 0.094 seconds
[2024-08-22T16:48:43.587+0500] {processor.py:186} INFO - Started process (PID=3986) to work on /home/rayyan/redfin_venv/lib/python3.10/site-packages/airflow/example_dags/example_nested_branch_dag.py
[2024-08-22T16:48:43.588+0500] {processor.py:914} INFO - Processing file /home/rayyan/redfin_venv/lib/python3.10/site-packages/airflow/example_dags/example_nested_branch_dag.py for tasks to queue
[2024-08-22T16:48:43.591+0500] {logging_mixin.py:190} INFO - [2024-08-22T16:48:43.590+0500] {dagbag.py:587} INFO - Filling up the DagBag from /home/rayyan/redfin_venv/lib/python3.10/site-packages/airflow/example_dags/example_nested_branch_dag.py
[2024-08-22T16:48:43.603+0500] {processor.py:925} INFO - DAG(s) 'example_nested_branch_dag' retrieved from /home/rayyan/redfin_venv/lib/python3.10/site-packages/airflow/example_dags/example_nested_branch_dag.py
[2024-08-22T16:48:43.620+0500] {logging_mixin.py:190} INFO - [2024-08-22T16:48:43.620+0500] {dag.py:3211} INFO - Sync 1 DAGs
[2024-08-22T16:48:43.641+0500] {logging_mixin.py:190} INFO - [2024-08-22T16:48:43.641+0500] {dag.py:4138} INFO - Setting next_dagrun for example_nested_branch_dag to 2024-08-21 00:00:00+00:00, run_after=2024-08-22 00:00:00+00:00
[2024-08-22T16:48:43.662+0500] {processor.py:208} INFO - Processing /home/rayyan/redfin_venv/lib/python3.10/site-packages/airflow/example_dags/example_nested_branch_dag.py took 0.080 seconds
[2024-08-22T16:49:40.625+0500] {processor.py:186} INFO - Started process (PID=4265) to work on /home/rayyan/redfin_venv/lib/python3.10/site-packages/airflow/example_dags/example_nested_branch_dag.py
[2024-08-22T16:49:40.628+0500] {processor.py:914} INFO - Processing file /home/rayyan/redfin_venv/lib/python3.10/site-packages/airflow/example_dags/example_nested_branch_dag.py for tasks to queue
[2024-08-22T16:49:40.632+0500] {logging_mixin.py:190} INFO - [2024-08-22T16:49:40.631+0500] {dagbag.py:587} INFO - Filling up the DagBag from /home/rayyan/redfin_venv/lib/python3.10/site-packages/airflow/example_dags/example_nested_branch_dag.py
[2024-08-22T16:49:40.646+0500] {processor.py:925} INFO - DAG(s) 'example_nested_branch_dag' retrieved from /home/rayyan/redfin_venv/lib/python3.10/site-packages/airflow/example_dags/example_nested_branch_dag.py
[2024-08-22T16:49:40.664+0500] {logging_mixin.py:190} INFO - [2024-08-22T16:49:40.663+0500] {dag.py:3211} INFO - Sync 1 DAGs
[2024-08-22T16:49:40.682+0500] {logging_mixin.py:190} INFO - [2024-08-22T16:49:40.681+0500] {dag.py:4138} INFO - Setting next_dagrun for example_nested_branch_dag to 2024-08-21 00:00:00+00:00, run_after=2024-08-22 00:00:00+00:00
[2024-08-22T16:49:40.703+0500] {processor.py:208} INFO - Processing /home/rayyan/redfin_venv/lib/python3.10/site-packages/airflow/example_dags/example_nested_branch_dag.py took 0.088 seconds
[2024-08-22T16:50:35.331+0500] {processor.py:186} INFO - Started process (PID=4533) to work on /home/rayyan/redfin_venv/lib/python3.10/site-packages/airflow/example_dags/example_nested_branch_dag.py
[2024-08-22T16:50:35.344+0500] {processor.py:914} INFO - Processing file /home/rayyan/redfin_venv/lib/python3.10/site-packages/airflow/example_dags/example_nested_branch_dag.py for tasks to queue
[2024-08-22T16:50:35.347+0500] {logging_mixin.py:190} INFO - [2024-08-22T16:50:35.346+0500] {dagbag.py:587} INFO - Filling up the DagBag from /home/rayyan/redfin_venv/lib/python3.10/site-packages/airflow/example_dags/example_nested_branch_dag.py
[2024-08-22T16:50:35.361+0500] {processor.py:925} INFO - DAG(s) 'example_nested_branch_dag' retrieved from /home/rayyan/redfin_venv/lib/python3.10/site-packages/airflow/example_dags/example_nested_branch_dag.py
[2024-08-22T16:50:35.378+0500] {logging_mixin.py:190} INFO - [2024-08-22T16:50:35.378+0500] {dag.py:3211} INFO - Sync 1 DAGs
[2024-08-22T16:50:35.400+0500] {logging_mixin.py:190} INFO - [2024-08-22T16:50:35.400+0500] {dag.py:4138} INFO - Setting next_dagrun for example_nested_branch_dag to 2024-08-21 00:00:00+00:00, run_after=2024-08-22 00:00:00+00:00
[2024-08-22T16:50:35.423+0500] {processor.py:208} INFO - Processing /home/rayyan/redfin_venv/lib/python3.10/site-packages/airflow/example_dags/example_nested_branch_dag.py took 0.102 seconds
[2024-08-22T16:51:33.822+0500] {processor.py:186} INFO - Started process (PID=4815) to work on /home/rayyan/redfin_venv/lib/python3.10/site-packages/airflow/example_dags/example_nested_branch_dag.py
[2024-08-22T16:51:33.825+0500] {processor.py:914} INFO - Processing file /home/rayyan/redfin_venv/lib/python3.10/site-packages/airflow/example_dags/example_nested_branch_dag.py for tasks to queue
[2024-08-22T16:51:33.828+0500] {logging_mixin.py:190} INFO - [2024-08-22T16:51:33.828+0500] {dagbag.py:587} INFO - Filling up the DagBag from /home/rayyan/redfin_venv/lib/python3.10/site-packages/airflow/example_dags/example_nested_branch_dag.py
[2024-08-22T16:51:33.842+0500] {processor.py:925} INFO - DAG(s) 'example_nested_branch_dag' retrieved from /home/rayyan/redfin_venv/lib/python3.10/site-packages/airflow/example_dags/example_nested_branch_dag.py
[2024-08-22T16:51:33.859+0500] {logging_mixin.py:190} INFO - [2024-08-22T16:51:33.859+0500] {dag.py:3211} INFO - Sync 1 DAGs
[2024-08-22T16:51:33.879+0500] {logging_mixin.py:190} INFO - [2024-08-22T16:51:33.878+0500] {dag.py:4138} INFO - Setting next_dagrun for example_nested_branch_dag to 2024-08-21 00:00:00+00:00, run_after=2024-08-22 00:00:00+00:00
[2024-08-22T16:51:33.898+0500] {processor.py:208} INFO - Processing /home/rayyan/redfin_venv/lib/python3.10/site-packages/airflow/example_dags/example_nested_branch_dag.py took 0.085 seconds
[2024-08-22T16:52:33.198+0500] {processor.py:186} INFO - Started process (PID=5100) to work on /home/rayyan/redfin_venv/lib/python3.10/site-packages/airflow/example_dags/example_nested_branch_dag.py
[2024-08-22T16:52:33.211+0500] {processor.py:914} INFO - Processing file /home/rayyan/redfin_venv/lib/python3.10/site-packages/airflow/example_dags/example_nested_branch_dag.py for tasks to queue
[2024-08-22T16:52:33.215+0500] {logging_mixin.py:190} INFO - [2024-08-22T16:52:33.214+0500] {dagbag.py:587} INFO - Filling up the DagBag from /home/rayyan/redfin_venv/lib/python3.10/site-packages/airflow/example_dags/example_nested_branch_dag.py
[2024-08-22T16:52:33.233+0500] {processor.py:925} INFO - DAG(s) 'example_nested_branch_dag' retrieved from /home/rayyan/redfin_venv/lib/python3.10/site-packages/airflow/example_dags/example_nested_branch_dag.py
[2024-08-22T16:52:33.254+0500] {logging_mixin.py:190} INFO - [2024-08-22T16:52:33.253+0500] {dag.py:3211} INFO - Sync 1 DAGs
[2024-08-22T16:52:33.277+0500] {logging_mixin.py:190} INFO - [2024-08-22T16:52:33.276+0500] {dag.py:4138} INFO - Setting next_dagrun for example_nested_branch_dag to 2024-08-21 00:00:00+00:00, run_after=2024-08-22 00:00:00+00:00
[2024-08-22T16:52:33.299+0500] {processor.py:208} INFO - Processing /home/rayyan/redfin_venv/lib/python3.10/site-packages/airflow/example_dags/example_nested_branch_dag.py took 0.111 seconds
[2024-08-22T16:53:35.828+0500] {processor.py:186} INFO - Started process (PID=5400) to work on /home/rayyan/redfin_venv/lib/python3.10/site-packages/airflow/example_dags/example_nested_branch_dag.py
[2024-08-22T16:53:35.829+0500] {processor.py:914} INFO - Processing file /home/rayyan/redfin_venv/lib/python3.10/site-packages/airflow/example_dags/example_nested_branch_dag.py for tasks to queue
[2024-08-22T16:53:35.831+0500] {logging_mixin.py:190} INFO - [2024-08-22T16:53:35.831+0500] {dagbag.py:587} INFO - Filling up the DagBag from /home/rayyan/redfin_venv/lib/python3.10/site-packages/airflow/example_dags/example_nested_branch_dag.py
[2024-08-22T16:53:35.845+0500] {processor.py:925} INFO - DAG(s) 'example_nested_branch_dag' retrieved from /home/rayyan/redfin_venv/lib/python3.10/site-packages/airflow/example_dags/example_nested_branch_dag.py
[2024-08-22T16:53:35.862+0500] {logging_mixin.py:190} INFO - [2024-08-22T16:53:35.861+0500] {dag.py:3211} INFO - Sync 1 DAGs
[2024-08-22T16:53:35.881+0500] {logging_mixin.py:190} INFO - [2024-08-22T16:53:35.881+0500] {dag.py:4138} INFO - Setting next_dagrun for example_nested_branch_dag to 2024-08-21 00:00:00+00:00, run_after=2024-08-22 00:00:00+00:00
[2024-08-22T16:53:35.903+0500] {processor.py:208} INFO - Processing /home/rayyan/redfin_venv/lib/python3.10/site-packages/airflow/example_dags/example_nested_branch_dag.py took 0.083 seconds
[2024-08-22T16:54:37.526+0500] {processor.py:186} INFO - Started process (PID=5698) to work on /home/rayyan/redfin_venv/lib/python3.10/site-packages/airflow/example_dags/example_nested_branch_dag.py
[2024-08-22T16:54:37.539+0500] {processor.py:914} INFO - Processing file /home/rayyan/redfin_venv/lib/python3.10/site-packages/airflow/example_dags/example_nested_branch_dag.py for tasks to queue
[2024-08-22T16:54:37.541+0500] {logging_mixin.py:190} INFO - [2024-08-22T16:54:37.541+0500] {dagbag.py:587} INFO - Filling up the DagBag from /home/rayyan/redfin_venv/lib/python3.10/site-packages/airflow/example_dags/example_nested_branch_dag.py
[2024-08-22T16:54:37.553+0500] {processor.py:925} INFO - DAG(s) 'example_nested_branch_dag' retrieved from /home/rayyan/redfin_venv/lib/python3.10/site-packages/airflow/example_dags/example_nested_branch_dag.py
[2024-08-22T16:54:37.569+0500] {logging_mixin.py:190} INFO - [2024-08-22T16:54:37.569+0500] {dag.py:3211} INFO - Sync 1 DAGs
[2024-08-22T16:54:37.588+0500] {logging_mixin.py:190} INFO - [2024-08-22T16:54:37.588+0500] {dag.py:4138} INFO - Setting next_dagrun for example_nested_branch_dag to 2024-08-21 00:00:00+00:00, run_after=2024-08-22 00:00:00+00:00
[2024-08-22T16:54:37.607+0500] {processor.py:208} INFO - Processing /home/rayyan/redfin_venv/lib/python3.10/site-packages/airflow/example_dags/example_nested_branch_dag.py took 0.088 seconds
[2024-08-22T16:55:39.112+0500] {processor.py:186} INFO - Started process (PID=5997) to work on /home/rayyan/redfin_venv/lib/python3.10/site-packages/airflow/example_dags/example_nested_branch_dag.py
[2024-08-22T16:55:39.114+0500] {processor.py:914} INFO - Processing file /home/rayyan/redfin_venv/lib/python3.10/site-packages/airflow/example_dags/example_nested_branch_dag.py for tasks to queue
[2024-08-22T16:55:39.116+0500] {logging_mixin.py:190} INFO - [2024-08-22T16:55:39.115+0500] {dagbag.py:587} INFO - Filling up the DagBag from /home/rayyan/redfin_venv/lib/python3.10/site-packages/airflow/example_dags/example_nested_branch_dag.py
[2024-08-22T16:55:39.127+0500] {processor.py:925} INFO - DAG(s) 'example_nested_branch_dag' retrieved from /home/rayyan/redfin_venv/lib/python3.10/site-packages/airflow/example_dags/example_nested_branch_dag.py
[2024-08-22T16:55:39.147+0500] {logging_mixin.py:190} INFO - [2024-08-22T16:55:39.146+0500] {dag.py:3211} INFO - Sync 1 DAGs
[2024-08-22T16:55:39.173+0500] {logging_mixin.py:190} INFO - [2024-08-22T16:55:39.173+0500] {dag.py:4138} INFO - Setting next_dagrun for example_nested_branch_dag to 2024-08-21 00:00:00+00:00, run_after=2024-08-22 00:00:00+00:00
[2024-08-22T16:55:39.199+0500] {processor.py:208} INFO - Processing /home/rayyan/redfin_venv/lib/python3.10/site-packages/airflow/example_dags/example_nested_branch_dag.py took 0.092 seconds
[2024-08-22T16:56:46.851+0500] {processor.py:186} INFO - Started process (PID=6320) to work on /home/rayyan/redfin_venv/lib/python3.10/site-packages/airflow/example_dags/example_nested_branch_dag.py
[2024-08-22T16:56:46.855+0500] {processor.py:914} INFO - Processing file /home/rayyan/redfin_venv/lib/python3.10/site-packages/airflow/example_dags/example_nested_branch_dag.py for tasks to queue
[2024-08-22T16:56:46.858+0500] {logging_mixin.py:190} INFO - [2024-08-22T16:56:46.858+0500] {dagbag.py:587} INFO - Filling up the DagBag from /home/rayyan/redfin_venv/lib/python3.10/site-packages/airflow/example_dags/example_nested_branch_dag.py
[2024-08-22T16:56:46.874+0500] {processor.py:925} INFO - DAG(s) 'example_nested_branch_dag' retrieved from /home/rayyan/redfin_venv/lib/python3.10/site-packages/airflow/example_dags/example_nested_branch_dag.py
[2024-08-22T16:56:46.900+0500] {logging_mixin.py:190} INFO - [2024-08-22T16:56:46.899+0500] {dag.py:3211} INFO - Sync 1 DAGs
[2024-08-22T16:56:46.923+0500] {logging_mixin.py:190} INFO - [2024-08-22T16:56:46.923+0500] {dag.py:4138} INFO - Setting next_dagrun for example_nested_branch_dag to 2024-08-21 00:00:00+00:00, run_after=2024-08-22 00:00:00+00:00
[2024-08-22T16:56:46.950+0500] {processor.py:208} INFO - Processing /home/rayyan/redfin_venv/lib/python3.10/site-packages/airflow/example_dags/example_nested_branch_dag.py took 0.106 seconds
[2024-08-22T16:57:49.778+0500] {processor.py:186} INFO - Started process (PID=6624) to work on /home/rayyan/redfin_venv/lib/python3.10/site-packages/airflow/example_dags/example_nested_branch_dag.py
[2024-08-22T16:57:49.779+0500] {processor.py:914} INFO - Processing file /home/rayyan/redfin_venv/lib/python3.10/site-packages/airflow/example_dags/example_nested_branch_dag.py for tasks to queue
[2024-08-22T16:57:49.782+0500] {logging_mixin.py:190} INFO - [2024-08-22T16:57:49.782+0500] {dagbag.py:587} INFO - Filling up the DagBag from /home/rayyan/redfin_venv/lib/python3.10/site-packages/airflow/example_dags/example_nested_branch_dag.py
[2024-08-22T16:57:49.794+0500] {processor.py:925} INFO - DAG(s) 'example_nested_branch_dag' retrieved from /home/rayyan/redfin_venv/lib/python3.10/site-packages/airflow/example_dags/example_nested_branch_dag.py
[2024-08-22T16:57:49.815+0500] {logging_mixin.py:190} INFO - [2024-08-22T16:57:49.815+0500] {dag.py:3211} INFO - Sync 1 DAGs
[2024-08-22T16:57:49.838+0500] {logging_mixin.py:190} INFO - [2024-08-22T16:57:49.838+0500] {dag.py:4138} INFO - Setting next_dagrun for example_nested_branch_dag to 2024-08-21 00:00:00+00:00, run_after=2024-08-22 00:00:00+00:00
[2024-08-22T16:57:49.859+0500] {processor.py:208} INFO - Processing /home/rayyan/redfin_venv/lib/python3.10/site-packages/airflow/example_dags/example_nested_branch_dag.py took 0.088 seconds
[2024-08-22T16:58:58.925+0500] {processor.py:186} INFO - Started process (PID=6964) to work on /home/rayyan/redfin_venv/lib/python3.10/site-packages/airflow/example_dags/example_nested_branch_dag.py
[2024-08-22T16:58:58.937+0500] {processor.py:914} INFO - Processing file /home/rayyan/redfin_venv/lib/python3.10/site-packages/airflow/example_dags/example_nested_branch_dag.py for tasks to queue
[2024-08-22T16:58:58.939+0500] {logging_mixin.py:190} INFO - [2024-08-22T16:58:58.939+0500] {dagbag.py:587} INFO - Filling up the DagBag from /home/rayyan/redfin_venv/lib/python3.10/site-packages/airflow/example_dags/example_nested_branch_dag.py
[2024-08-22T16:58:58.956+0500] {processor.py:925} INFO - DAG(s) 'example_nested_branch_dag' retrieved from /home/rayyan/redfin_venv/lib/python3.10/site-packages/airflow/example_dags/example_nested_branch_dag.py
[2024-08-22T16:58:58.977+0500] {logging_mixin.py:190} INFO - [2024-08-22T16:58:58.977+0500] {dag.py:3211} INFO - Sync 1 DAGs
[2024-08-22T16:58:59.127+0500] {logging_mixin.py:190} INFO - [2024-08-22T16:58:59.127+0500] {dag.py:4138} INFO - Setting next_dagrun for example_nested_branch_dag to 2024-08-21 00:00:00+00:00, run_after=2024-08-22 00:00:00+00:00
[2024-08-22T16:58:59.156+0500] {processor.py:208} INFO - Processing /home/rayyan/redfin_venv/lib/python3.10/site-packages/airflow/example_dags/example_nested_branch_dag.py took 0.237 seconds
[2024-08-22T16:59:59.082+0500] {processor.py:186} INFO - Started process (PID=7793) to work on /home/rayyan/redfin_venv/lib/python3.10/site-packages/airflow/example_dags/example_nested_branch_dag.py
[2024-08-22T16:59:59.086+0500] {processor.py:914} INFO - Processing file /home/rayyan/redfin_venv/lib/python3.10/site-packages/airflow/example_dags/example_nested_branch_dag.py for tasks to queue
[2024-08-22T16:59:59.093+0500] {logging_mixin.py:190} INFO - [2024-08-22T16:59:59.092+0500] {dagbag.py:587} INFO - Filling up the DagBag from /home/rayyan/redfin_venv/lib/python3.10/site-packages/airflow/example_dags/example_nested_branch_dag.py
[2024-08-22T16:59:59.124+0500] {processor.py:925} INFO - DAG(s) 'example_nested_branch_dag' retrieved from /home/rayyan/redfin_venv/lib/python3.10/site-packages/airflow/example_dags/example_nested_branch_dag.py
[2024-08-22T16:59:59.169+0500] {logging_mixin.py:190} INFO - [2024-08-22T16:59:59.167+0500] {dag.py:3211} INFO - Sync 1 DAGs
[2024-08-22T16:59:59.225+0500] {logging_mixin.py:190} INFO - [2024-08-22T16:59:59.225+0500] {dag.py:4138} INFO - Setting next_dagrun for example_nested_branch_dag to 2024-08-21 00:00:00+00:00, run_after=2024-08-22 00:00:00+00:00
[2024-08-22T16:59:59.280+0500] {processor.py:208} INFO - Processing /home/rayyan/redfin_venv/lib/python3.10/site-packages/airflow/example_dags/example_nested_branch_dag.py took 0.212 seconds
[2024-08-22T17:01:04.592+0500] {processor.py:186} INFO - Started process (PID=10178) to work on /home/rayyan/redfin_venv/lib/python3.10/site-packages/airflow/example_dags/example_nested_branch_dag.py
[2024-08-22T17:01:04.595+0500] {processor.py:914} INFO - Processing file /home/rayyan/redfin_venv/lib/python3.10/site-packages/airflow/example_dags/example_nested_branch_dag.py for tasks to queue
[2024-08-22T17:01:04.601+0500] {logging_mixin.py:190} INFO - [2024-08-22T17:01:04.600+0500] {dagbag.py:587} INFO - Filling up the DagBag from /home/rayyan/redfin_venv/lib/python3.10/site-packages/airflow/example_dags/example_nested_branch_dag.py
[2024-08-22T17:01:04.637+0500] {processor.py:925} INFO - DAG(s) 'example_nested_branch_dag' retrieved from /home/rayyan/redfin_venv/lib/python3.10/site-packages/airflow/example_dags/example_nested_branch_dag.py
[2024-08-22T17:01:04.702+0500] {logging_mixin.py:190} INFO - [2024-08-22T17:01:04.701+0500] {dag.py:3211} INFO - Sync 1 DAGs
[2024-08-22T17:01:04.763+0500] {logging_mixin.py:190} INFO - [2024-08-22T17:01:04.763+0500] {dag.py:4138} INFO - Setting next_dagrun for example_nested_branch_dag to 2024-08-21 00:00:00+00:00, run_after=2024-08-22 00:00:00+00:00
[2024-08-22T17:01:04.828+0500] {processor.py:208} INFO - Processing /home/rayyan/redfin_venv/lib/python3.10/site-packages/airflow/example_dags/example_nested_branch_dag.py took 0.254 seconds
[2024-08-22T17:02:16.921+0500] {processor.py:186} INFO - Started process (PID=12742) to work on /home/rayyan/redfin_venv/lib/python3.10/site-packages/airflow/example_dags/example_nested_branch_dag.py
[2024-08-22T17:02:16.932+0500] {processor.py:914} INFO - Processing file /home/rayyan/redfin_venv/lib/python3.10/site-packages/airflow/example_dags/example_nested_branch_dag.py for tasks to queue
[2024-08-22T17:02:16.936+0500] {logging_mixin.py:190} INFO - [2024-08-22T17:02:16.935+0500] {dagbag.py:587} INFO - Filling up the DagBag from /home/rayyan/redfin_venv/lib/python3.10/site-packages/airflow/example_dags/example_nested_branch_dag.py
[2024-08-22T17:02:16.954+0500] {processor.py:925} INFO - DAG(s) 'example_nested_branch_dag' retrieved from /home/rayyan/redfin_venv/lib/python3.10/site-packages/airflow/example_dags/example_nested_branch_dag.py
[2024-08-22T17:02:16.984+0500] {logging_mixin.py:190} INFO - [2024-08-22T17:02:16.984+0500] {dag.py:3211} INFO - Sync 1 DAGs
[2024-08-22T17:02:17.023+0500] {logging_mixin.py:190} INFO - [2024-08-22T17:02:17.023+0500] {dag.py:4138} INFO - Setting next_dagrun for example_nested_branch_dag to 2024-08-21 00:00:00+00:00, run_after=2024-08-22 00:00:00+00:00
[2024-08-22T17:02:17.054+0500] {processor.py:208} INFO - Processing /home/rayyan/redfin_venv/lib/python3.10/site-packages/airflow/example_dags/example_nested_branch_dag.py took 0.141 seconds
[2024-08-22T17:03:16.821+0500] {processor.py:186} INFO - Started process (PID=13033) to work on /home/rayyan/redfin_venv/lib/python3.10/site-packages/airflow/example_dags/example_nested_branch_dag.py
[2024-08-22T17:03:16.833+0500] {processor.py:914} INFO - Processing file /home/rayyan/redfin_venv/lib/python3.10/site-packages/airflow/example_dags/example_nested_branch_dag.py for tasks to queue
[2024-08-22T17:03:16.836+0500] {logging_mixin.py:190} INFO - [2024-08-22T17:03:16.835+0500] {dagbag.py:587} INFO - Filling up the DagBag from /home/rayyan/redfin_venv/lib/python3.10/site-packages/airflow/example_dags/example_nested_branch_dag.py
[2024-08-22T17:03:16.849+0500] {processor.py:925} INFO - DAG(s) 'example_nested_branch_dag' retrieved from /home/rayyan/redfin_venv/lib/python3.10/site-packages/airflow/example_dags/example_nested_branch_dag.py
[2024-08-22T17:03:16.867+0500] {logging_mixin.py:190} INFO - [2024-08-22T17:03:16.867+0500] {dag.py:3211} INFO - Sync 1 DAGs
[2024-08-22T17:03:16.891+0500] {logging_mixin.py:190} INFO - [2024-08-22T17:03:16.890+0500] {dag.py:4138} INFO - Setting next_dagrun for example_nested_branch_dag to 2024-08-21 00:00:00+00:00, run_after=2024-08-22 00:00:00+00:00
[2024-08-22T17:03:16.914+0500] {processor.py:208} INFO - Processing /home/rayyan/redfin_venv/lib/python3.10/site-packages/airflow/example_dags/example_nested_branch_dag.py took 0.100 seconds
[2024-08-22T17:04:16.950+0500] {processor.py:186} INFO - Started process (PID=13322) to work on /home/rayyan/redfin_venv/lib/python3.10/site-packages/airflow/example_dags/example_nested_branch_dag.py
[2024-08-22T17:04:16.962+0500] {processor.py:914} INFO - Processing file /home/rayyan/redfin_venv/lib/python3.10/site-packages/airflow/example_dags/example_nested_branch_dag.py for tasks to queue
[2024-08-22T17:04:16.965+0500] {logging_mixin.py:190} INFO - [2024-08-22T17:04:16.965+0500] {dagbag.py:587} INFO - Filling up the DagBag from /home/rayyan/redfin_venv/lib/python3.10/site-packages/airflow/example_dags/example_nested_branch_dag.py
[2024-08-22T17:04:16.979+0500] {processor.py:925} INFO - DAG(s) 'example_nested_branch_dag' retrieved from /home/rayyan/redfin_venv/lib/python3.10/site-packages/airflow/example_dags/example_nested_branch_dag.py
[2024-08-22T17:04:16.999+0500] {logging_mixin.py:190} INFO - [2024-08-22T17:04:16.998+0500] {dag.py:3211} INFO - Sync 1 DAGs
[2024-08-22T17:04:17.021+0500] {logging_mixin.py:190} INFO - [2024-08-22T17:04:17.020+0500] {dag.py:4138} INFO - Setting next_dagrun for example_nested_branch_dag to 2024-08-21 00:00:00+00:00, run_after=2024-08-22 00:00:00+00:00
[2024-08-22T17:04:17.045+0500] {processor.py:208} INFO - Processing /home/rayyan/redfin_venv/lib/python3.10/site-packages/airflow/example_dags/example_nested_branch_dag.py took 0.104 seconds
[2024-08-22T17:05:12.091+0500] {processor.py:186} INFO - Started process (PID=13591) to work on /home/rayyan/redfin_venv/lib/python3.10/site-packages/airflow/example_dags/example_nested_branch_dag.py
[2024-08-22T17:05:12.104+0500] {processor.py:914} INFO - Processing file /home/rayyan/redfin_venv/lib/python3.10/site-packages/airflow/example_dags/example_nested_branch_dag.py for tasks to queue
[2024-08-22T17:05:12.107+0500] {logging_mixin.py:190} INFO - [2024-08-22T17:05:12.107+0500] {dagbag.py:587} INFO - Filling up the DagBag from /home/rayyan/redfin_venv/lib/python3.10/site-packages/airflow/example_dags/example_nested_branch_dag.py
[2024-08-22T17:05:12.125+0500] {processor.py:925} INFO - DAG(s) 'example_nested_branch_dag' retrieved from /home/rayyan/redfin_venv/lib/python3.10/site-packages/airflow/example_dags/example_nested_branch_dag.py
[2024-08-22T17:05:12.144+0500] {logging_mixin.py:190} INFO - [2024-08-22T17:05:12.144+0500] {dag.py:3211} INFO - Sync 1 DAGs
[2024-08-22T17:05:12.165+0500] {logging_mixin.py:190} INFO - [2024-08-22T17:05:12.165+0500] {dag.py:4138} INFO - Setting next_dagrun for example_nested_branch_dag to 2024-08-21 00:00:00+00:00, run_after=2024-08-22 00:00:00+00:00
[2024-08-22T17:05:12.189+0500] {processor.py:208} INFO - Processing /home/rayyan/redfin_venv/lib/python3.10/site-packages/airflow/example_dags/example_nested_branch_dag.py took 0.105 seconds
[2024-08-22T17:06:06.945+0500] {processor.py:186} INFO - Started process (PID=13859) to work on /home/rayyan/redfin_venv/lib/python3.10/site-packages/airflow/example_dags/example_nested_branch_dag.py
[2024-08-22T17:06:06.957+0500] {processor.py:914} INFO - Processing file /home/rayyan/redfin_venv/lib/python3.10/site-packages/airflow/example_dags/example_nested_branch_dag.py for tasks to queue
[2024-08-22T17:06:06.960+0500] {logging_mixin.py:190} INFO - [2024-08-22T17:06:06.960+0500] {dagbag.py:587} INFO - Filling up the DagBag from /home/rayyan/redfin_venv/lib/python3.10/site-packages/airflow/example_dags/example_nested_branch_dag.py
[2024-08-22T17:06:06.974+0500] {processor.py:925} INFO - DAG(s) 'example_nested_branch_dag' retrieved from /home/rayyan/redfin_venv/lib/python3.10/site-packages/airflow/example_dags/example_nested_branch_dag.py
[2024-08-22T17:06:06.990+0500] {logging_mixin.py:190} INFO - [2024-08-22T17:06:06.990+0500] {dag.py:3211} INFO - Sync 1 DAGs
[2024-08-22T17:06:07.010+0500] {logging_mixin.py:190} INFO - [2024-08-22T17:06:07.010+0500] {dag.py:4138} INFO - Setting next_dagrun for example_nested_branch_dag to 2024-08-21 00:00:00+00:00, run_after=2024-08-22 00:00:00+00:00
[2024-08-22T17:06:07.033+0500] {processor.py:208} INFO - Processing /home/rayyan/redfin_venv/lib/python3.10/site-packages/airflow/example_dags/example_nested_branch_dag.py took 0.096 seconds
[2024-08-22T17:07:07.481+0500] {processor.py:186} INFO - Started process (PID=14156) to work on /home/rayyan/redfin_venv/lib/python3.10/site-packages/airflow/example_dags/example_nested_branch_dag.py
[2024-08-22T17:07:07.483+0500] {processor.py:914} INFO - Processing file /home/rayyan/redfin_venv/lib/python3.10/site-packages/airflow/example_dags/example_nested_branch_dag.py for tasks to queue
[2024-08-22T17:07:07.486+0500] {logging_mixin.py:190} INFO - [2024-08-22T17:07:07.485+0500] {dagbag.py:587} INFO - Filling up the DagBag from /home/rayyan/redfin_venv/lib/python3.10/site-packages/airflow/example_dags/example_nested_branch_dag.py
[2024-08-22T17:07:07.499+0500] {processor.py:925} INFO - DAG(s) 'example_nested_branch_dag' retrieved from /home/rayyan/redfin_venv/lib/python3.10/site-packages/airflow/example_dags/example_nested_branch_dag.py
[2024-08-22T17:07:07.518+0500] {logging_mixin.py:190} INFO - [2024-08-22T17:07:07.517+0500] {dag.py:3211} INFO - Sync 1 DAGs
[2024-08-22T17:07:07.537+0500] {logging_mixin.py:190} INFO - [2024-08-22T17:07:07.537+0500] {dag.py:4138} INFO - Setting next_dagrun for example_nested_branch_dag to 2024-08-21 00:00:00+00:00, run_after=2024-08-22 00:00:00+00:00
[2024-08-22T17:07:07.556+0500] {processor.py:208} INFO - Processing /home/rayyan/redfin_venv/lib/python3.10/site-packages/airflow/example_dags/example_nested_branch_dag.py took 0.084 seconds
