[2024-08-22T16:47:38.872+0500] {processor.py:186} INFO - Started process (PID=3647) to work on /home/rayyan/redfin_venv/lib/python3.10/site-packages/airflow/example_dags/example_dynamic_task_mapping.py
[2024-08-22T16:47:38.873+0500] {processor.py:914} INFO - Processing file /home/rayyan/redfin_venv/lib/python3.10/site-packages/airflow/example_dags/example_dynamic_task_mapping.py for tasks to queue
[2024-08-22T16:47:38.875+0500] {logging_mixin.py:190} INFO - [2024-08-22T16:47:38.874+0500] {dagbag.py:587} INFO - Filling up the DagBag from /home/rayyan/redfin_venv/lib/python3.10/site-packages/airflow/example_dags/example_dynamic_task_mapping.py
[2024-08-22T16:47:38.884+0500] {processor.py:925} INFO - DAG(s) 'example_dynamic_task_mapping' retrieved from /home/rayyan/redfin_venv/lib/python3.10/site-packages/airflow/example_dags/example_dynamic_task_mapping.py
[2024-08-22T16:47:38.904+0500] {logging_mixin.py:190} INFO - [2024-08-22T16:47:38.904+0500] {dag.py:3211} INFO - Sync 1 DAGs
[2024-08-22T16:47:38.922+0500] {logging_mixin.py:190} INFO - [2024-08-22T16:47:38.922+0500] {dag.py:4138} INFO - Setting next_dagrun for example_dynamic_task_mapping to 2022-03-04 00:00:00+00:00, run_after=2022-03-05 00:00:00+00:00
[2024-08-22T16:47:38.948+0500] {processor.py:208} INFO - Processing /home/rayyan/redfin_venv/lib/python3.10/site-packages/airflow/example_dags/example_dynamic_task_mapping.py took 0.083 seconds
[2024-08-22T16:48:38.441+0500] {processor.py:186} INFO - Started process (PID=3961) to work on /home/rayyan/redfin_venv/lib/python3.10/site-packages/airflow/example_dags/example_dynamic_task_mapping.py
[2024-08-22T16:48:38.452+0500] {processor.py:914} INFO - Processing file /home/rayyan/redfin_venv/lib/python3.10/site-packages/airflow/example_dags/example_dynamic_task_mapping.py for tasks to queue
[2024-08-22T16:48:38.455+0500] {logging_mixin.py:190} INFO - [2024-08-22T16:48:38.455+0500] {dagbag.py:587} INFO - Filling up the DagBag from /home/rayyan/redfin_venv/lib/python3.10/site-packages/airflow/example_dags/example_dynamic_task_mapping.py
[2024-08-22T16:48:38.466+0500] {processor.py:925} INFO - DAG(s) 'example_dynamic_task_mapping' retrieved from /home/rayyan/redfin_venv/lib/python3.10/site-packages/airflow/example_dags/example_dynamic_task_mapping.py
[2024-08-22T16:48:38.481+0500] {logging_mixin.py:190} INFO - [2024-08-22T16:48:38.481+0500] {dag.py:3211} INFO - Sync 1 DAGs
[2024-08-22T16:48:38.500+0500] {logging_mixin.py:190} INFO - [2024-08-22T16:48:38.500+0500] {dag.py:4138} INFO - Setting next_dagrun for example_dynamic_task_mapping to 2022-03-04 00:00:00+00:00, run_after=2022-03-05 00:00:00+00:00
[2024-08-22T16:48:38.524+0500] {processor.py:208} INFO - Processing /home/rayyan/redfin_venv/lib/python3.10/site-packages/airflow/example_dags/example_dynamic_task_mapping.py took 0.090 seconds
[2024-08-22T16:49:35.465+0500] {processor.py:186} INFO - Started process (PID=4240) to work on /home/rayyan/redfin_venv/lib/python3.10/site-packages/airflow/example_dags/example_dynamic_task_mapping.py
[2024-08-22T16:49:35.467+0500] {processor.py:914} INFO - Processing file /home/rayyan/redfin_venv/lib/python3.10/site-packages/airflow/example_dags/example_dynamic_task_mapping.py for tasks to queue
[2024-08-22T16:49:35.469+0500] {logging_mixin.py:190} INFO - [2024-08-22T16:49:35.469+0500] {dagbag.py:587} INFO - Filling up the DagBag from /home/rayyan/redfin_venv/lib/python3.10/site-packages/airflow/example_dags/example_dynamic_task_mapping.py
[2024-08-22T16:49:35.479+0500] {processor.py:925} INFO - DAG(s) 'example_dynamic_task_mapping' retrieved from /home/rayyan/redfin_venv/lib/python3.10/site-packages/airflow/example_dags/example_dynamic_task_mapping.py
[2024-08-22T16:49:35.493+0500] {logging_mixin.py:190} INFO - [2024-08-22T16:49:35.493+0500] {dag.py:3211} INFO - Sync 1 DAGs
[2024-08-22T16:49:35.511+0500] {logging_mixin.py:190} INFO - [2024-08-22T16:49:35.511+0500] {dag.py:4138} INFO - Setting next_dagrun for example_dynamic_task_mapping to 2022-03-04 00:00:00+00:00, run_after=2022-03-05 00:00:00+00:00
[2024-08-22T16:49:35.532+0500] {processor.py:208} INFO - Processing /home/rayyan/redfin_venv/lib/python3.10/site-packages/airflow/example_dags/example_dynamic_task_mapping.py took 0.075 seconds
[2024-08-22T16:50:31.190+0500] {processor.py:186} INFO - Started process (PID=4512) to work on /home/rayyan/redfin_venv/lib/python3.10/site-packages/airflow/example_dags/example_dynamic_task_mapping.py
[2024-08-22T16:50:31.202+0500] {processor.py:914} INFO - Processing file /home/rayyan/redfin_venv/lib/python3.10/site-packages/airflow/example_dags/example_dynamic_task_mapping.py for tasks to queue
[2024-08-22T16:50:31.205+0500] {logging_mixin.py:190} INFO - [2024-08-22T16:50:31.205+0500] {dagbag.py:587} INFO - Filling up the DagBag from /home/rayyan/redfin_venv/lib/python3.10/site-packages/airflow/example_dags/example_dynamic_task_mapping.py
[2024-08-22T16:50:31.215+0500] {processor.py:925} INFO - DAG(s) 'example_dynamic_task_mapping' retrieved from /home/rayyan/redfin_venv/lib/python3.10/site-packages/airflow/example_dags/example_dynamic_task_mapping.py
[2024-08-22T16:50:31.229+0500] {logging_mixin.py:190} INFO - [2024-08-22T16:50:31.229+0500] {dag.py:3211} INFO - Sync 1 DAGs
[2024-08-22T16:50:31.257+0500] {logging_mixin.py:190} INFO - [2024-08-22T16:50:31.256+0500] {dag.py:4138} INFO - Setting next_dagrun for example_dynamic_task_mapping to 2022-03-04 00:00:00+00:00, run_after=2022-03-05 00:00:00+00:00
[2024-08-22T16:50:31.278+0500] {processor.py:208} INFO - Processing /home/rayyan/redfin_venv/lib/python3.10/site-packages/airflow/example_dags/example_dynamic_task_mapping.py took 0.095 seconds
[2024-08-22T16:51:29.558+0500] {processor.py:186} INFO - Started process (PID=4794) to work on /home/rayyan/redfin_venv/lib/python3.10/site-packages/airflow/example_dags/example_dynamic_task_mapping.py
[2024-08-22T16:51:29.569+0500] {processor.py:914} INFO - Processing file /home/rayyan/redfin_venv/lib/python3.10/site-packages/airflow/example_dags/example_dynamic_task_mapping.py for tasks to queue
[2024-08-22T16:51:29.572+0500] {logging_mixin.py:190} INFO - [2024-08-22T16:51:29.571+0500] {dagbag.py:587} INFO - Filling up the DagBag from /home/rayyan/redfin_venv/lib/python3.10/site-packages/airflow/example_dags/example_dynamic_task_mapping.py
[2024-08-22T16:51:29.581+0500] {processor.py:925} INFO - DAG(s) 'example_dynamic_task_mapping' retrieved from /home/rayyan/redfin_venv/lib/python3.10/site-packages/airflow/example_dags/example_dynamic_task_mapping.py
[2024-08-22T16:51:29.595+0500] {logging_mixin.py:190} INFO - [2024-08-22T16:51:29.594+0500] {dag.py:3211} INFO - Sync 1 DAGs
[2024-08-22T16:51:29.614+0500] {logging_mixin.py:190} INFO - [2024-08-22T16:51:29.614+0500] {dag.py:4138} INFO - Setting next_dagrun for example_dynamic_task_mapping to 2022-03-04 00:00:00+00:00, run_after=2022-03-05 00:00:00+00:00
[2024-08-22T16:51:29.637+0500] {processor.py:208} INFO - Processing /home/rayyan/redfin_venv/lib/python3.10/site-packages/airflow/example_dags/example_dynamic_task_mapping.py took 0.087 seconds
[2024-08-22T16:52:28.676+0500] {processor.py:186} INFO - Started process (PID=5077) to work on /home/rayyan/redfin_venv/lib/python3.10/site-packages/airflow/example_dags/example_dynamic_task_mapping.py
[2024-08-22T16:52:28.689+0500] {processor.py:914} INFO - Processing file /home/rayyan/redfin_venv/lib/python3.10/site-packages/airflow/example_dags/example_dynamic_task_mapping.py for tasks to queue
[2024-08-22T16:52:28.692+0500] {logging_mixin.py:190} INFO - [2024-08-22T16:52:28.692+0500] {dagbag.py:587} INFO - Filling up the DagBag from /home/rayyan/redfin_venv/lib/python3.10/site-packages/airflow/example_dags/example_dynamic_task_mapping.py
[2024-08-22T16:52:28.703+0500] {processor.py:925} INFO - DAG(s) 'example_dynamic_task_mapping' retrieved from /home/rayyan/redfin_venv/lib/python3.10/site-packages/airflow/example_dags/example_dynamic_task_mapping.py
[2024-08-22T16:52:28.719+0500] {logging_mixin.py:190} INFO - [2024-08-22T16:52:28.719+0500] {dag.py:3211} INFO - Sync 1 DAGs
[2024-08-22T16:52:28.740+0500] {logging_mixin.py:190} INFO - [2024-08-22T16:52:28.740+0500] {dag.py:4138} INFO - Setting next_dagrun for example_dynamic_task_mapping to 2022-03-04 00:00:00+00:00, run_after=2022-03-05 00:00:00+00:00
[2024-08-22T16:52:28.762+0500] {processor.py:208} INFO - Processing /home/rayyan/redfin_venv/lib/python3.10/site-packages/airflow/example_dags/example_dynamic_task_mapping.py took 0.097 seconds
[2024-08-22T16:53:32.242+0500] {processor.py:186} INFO - Started process (PID=5381) to work on /home/rayyan/redfin_venv/lib/python3.10/site-packages/airflow/example_dags/example_dynamic_task_mapping.py
[2024-08-22T16:53:32.254+0500] {processor.py:914} INFO - Processing file /home/rayyan/redfin_venv/lib/python3.10/site-packages/airflow/example_dags/example_dynamic_task_mapping.py for tasks to queue
[2024-08-22T16:53:32.257+0500] {logging_mixin.py:190} INFO - [2024-08-22T16:53:32.256+0500] {dagbag.py:587} INFO - Filling up the DagBag from /home/rayyan/redfin_venv/lib/python3.10/site-packages/airflow/example_dags/example_dynamic_task_mapping.py
[2024-08-22T16:53:32.269+0500] {processor.py:925} INFO - DAG(s) 'example_dynamic_task_mapping' retrieved from /home/rayyan/redfin_venv/lib/python3.10/site-packages/airflow/example_dags/example_dynamic_task_mapping.py
[2024-08-22T16:53:32.285+0500] {logging_mixin.py:190} INFO - [2024-08-22T16:53:32.285+0500] {dag.py:3211} INFO - Sync 1 DAGs
[2024-08-22T16:53:32.304+0500] {logging_mixin.py:190} INFO - [2024-08-22T16:53:32.304+0500] {dag.py:4138} INFO - Setting next_dagrun for example_dynamic_task_mapping to 2022-03-04 00:00:00+00:00, run_after=2022-03-05 00:00:00+00:00
[2024-08-22T16:53:32.323+0500] {processor.py:208} INFO - Processing /home/rayyan/redfin_venv/lib/python3.10/site-packages/airflow/example_dags/example_dynamic_task_mapping.py took 0.091 seconds
[2024-08-22T16:54:33.575+0500] {processor.py:186} INFO - Started process (PID=5678) to work on /home/rayyan/redfin_venv/lib/python3.10/site-packages/airflow/example_dags/example_dynamic_task_mapping.py
[2024-08-22T16:54:33.587+0500] {processor.py:914} INFO - Processing file /home/rayyan/redfin_venv/lib/python3.10/site-packages/airflow/example_dags/example_dynamic_task_mapping.py for tasks to queue
[2024-08-22T16:54:33.590+0500] {logging_mixin.py:190} INFO - [2024-08-22T16:54:33.589+0500] {dagbag.py:587} INFO - Filling up the DagBag from /home/rayyan/redfin_venv/lib/python3.10/site-packages/airflow/example_dags/example_dynamic_task_mapping.py
[2024-08-22T16:54:33.600+0500] {processor.py:925} INFO - DAG(s) 'example_dynamic_task_mapping' retrieved from /home/rayyan/redfin_venv/lib/python3.10/site-packages/airflow/example_dags/example_dynamic_task_mapping.py
[2024-08-22T16:54:33.616+0500] {logging_mixin.py:190} INFO - [2024-08-22T16:54:33.616+0500] {dag.py:3211} INFO - Sync 1 DAGs
[2024-08-22T16:54:33.639+0500] {logging_mixin.py:190} INFO - [2024-08-22T16:54:33.638+0500] {dag.py:4138} INFO - Setting next_dagrun for example_dynamic_task_mapping to 2022-03-04 00:00:00+00:00, run_after=2022-03-05 00:00:00+00:00
[2024-08-22T16:54:33.668+0500] {processor.py:208} INFO - Processing /home/rayyan/redfin_venv/lib/python3.10/site-packages/airflow/example_dags/example_dynamic_task_mapping.py took 0.100 seconds
[2024-08-22T16:55:34.762+0500] {processor.py:186} INFO - Started process (PID=5973) to work on /home/rayyan/redfin_venv/lib/python3.10/site-packages/airflow/example_dags/example_dynamic_task_mapping.py
[2024-08-22T16:55:34.764+0500] {processor.py:914} INFO - Processing file /home/rayyan/redfin_venv/lib/python3.10/site-packages/airflow/example_dags/example_dynamic_task_mapping.py for tasks to queue
[2024-08-22T16:55:34.766+0500] {logging_mixin.py:190} INFO - [2024-08-22T16:55:34.766+0500] {dagbag.py:587} INFO - Filling up the DagBag from /home/rayyan/redfin_venv/lib/python3.10/site-packages/airflow/example_dags/example_dynamic_task_mapping.py
[2024-08-22T16:55:34.777+0500] {processor.py:925} INFO - DAG(s) 'example_dynamic_task_mapping' retrieved from /home/rayyan/redfin_venv/lib/python3.10/site-packages/airflow/example_dags/example_dynamic_task_mapping.py
[2024-08-22T16:55:34.795+0500] {logging_mixin.py:190} INFO - [2024-08-22T16:55:34.794+0500] {dag.py:3211} INFO - Sync 1 DAGs
[2024-08-22T16:55:34.815+0500] {logging_mixin.py:190} INFO - [2024-08-22T16:55:34.815+0500] {dag.py:4138} INFO - Setting next_dagrun for example_dynamic_task_mapping to 2022-03-04 00:00:00+00:00, run_after=2022-03-05 00:00:00+00:00
[2024-08-22T16:55:34.840+0500] {processor.py:208} INFO - Processing /home/rayyan/redfin_venv/lib/python3.10/site-packages/airflow/example_dags/example_dynamic_task_mapping.py took 0.085 seconds
[2024-08-22T16:56:41.701+0500] {processor.py:186} INFO - Started process (PID=6295) to work on /home/rayyan/redfin_venv/lib/python3.10/site-packages/airflow/example_dags/example_dynamic_task_mapping.py
[2024-08-22T16:56:41.713+0500] {processor.py:914} INFO - Processing file /home/rayyan/redfin_venv/lib/python3.10/site-packages/airflow/example_dags/example_dynamic_task_mapping.py for tasks to queue
[2024-08-22T16:56:41.715+0500] {logging_mixin.py:190} INFO - [2024-08-22T16:56:41.715+0500] {dagbag.py:587} INFO - Filling up the DagBag from /home/rayyan/redfin_venv/lib/python3.10/site-packages/airflow/example_dags/example_dynamic_task_mapping.py
[2024-08-22T16:56:41.724+0500] {processor.py:925} INFO - DAG(s) 'example_dynamic_task_mapping' retrieved from /home/rayyan/redfin_venv/lib/python3.10/site-packages/airflow/example_dags/example_dynamic_task_mapping.py
[2024-08-22T16:56:41.738+0500] {logging_mixin.py:190} INFO - [2024-08-22T16:56:41.738+0500] {dag.py:3211} INFO - Sync 1 DAGs
[2024-08-22T16:56:41.757+0500] {logging_mixin.py:190} INFO - [2024-08-22T16:56:41.756+0500] {dag.py:4138} INFO - Setting next_dagrun for example_dynamic_task_mapping to 2022-03-04 00:00:00+00:00, run_after=2022-03-05 00:00:00+00:00
[2024-08-22T16:56:41.777+0500] {processor.py:208} INFO - Processing /home/rayyan/redfin_venv/lib/python3.10/site-packages/airflow/example_dags/example_dynamic_task_mapping.py took 0.083 seconds
[2024-08-22T16:57:44.627+0500] {processor.py:186} INFO - Started process (PID=6597) to work on /home/rayyan/redfin_venv/lib/python3.10/site-packages/airflow/example_dags/example_dynamic_task_mapping.py
[2024-08-22T16:57:44.629+0500] {processor.py:914} INFO - Processing file /home/rayyan/redfin_venv/lib/python3.10/site-packages/airflow/example_dags/example_dynamic_task_mapping.py for tasks to queue
[2024-08-22T16:57:44.631+0500] {logging_mixin.py:190} INFO - [2024-08-22T16:57:44.631+0500] {dagbag.py:587} INFO - Filling up the DagBag from /home/rayyan/redfin_venv/lib/python3.10/site-packages/airflow/example_dags/example_dynamic_task_mapping.py
[2024-08-22T16:57:44.640+0500] {processor.py:925} INFO - DAG(s) 'example_dynamic_task_mapping' retrieved from /home/rayyan/redfin_venv/lib/python3.10/site-packages/airflow/example_dags/example_dynamic_task_mapping.py
[2024-08-22T16:57:44.655+0500] {logging_mixin.py:190} INFO - [2024-08-22T16:57:44.655+0500] {dag.py:3211} INFO - Sync 1 DAGs
[2024-08-22T16:57:44.679+0500] {logging_mixin.py:190} INFO - [2024-08-22T16:57:44.679+0500] {dag.py:4138} INFO - Setting next_dagrun for example_dynamic_task_mapping to 2022-03-04 00:00:00+00:00, run_after=2022-03-05 00:00:00+00:00
[2024-08-22T16:57:44.699+0500] {processor.py:208} INFO - Processing /home/rayyan/redfin_venv/lib/python3.10/site-packages/airflow/example_dags/example_dynamic_task_mapping.py took 0.080 seconds
[2024-08-22T16:58:52.480+0500] {processor.py:186} INFO - Started process (PID=6928) to work on /home/rayyan/redfin_venv/lib/python3.10/site-packages/airflow/example_dags/example_dynamic_task_mapping.py
[2024-08-22T16:58:52.493+0500] {processor.py:914} INFO - Processing file /home/rayyan/redfin_venv/lib/python3.10/site-packages/airflow/example_dags/example_dynamic_task_mapping.py for tasks to queue
[2024-08-22T16:58:52.495+0500] {logging_mixin.py:190} INFO - [2024-08-22T16:58:52.495+0500] {dagbag.py:587} INFO - Filling up the DagBag from /home/rayyan/redfin_venv/lib/python3.10/site-packages/airflow/example_dags/example_dynamic_task_mapping.py
[2024-08-22T16:58:52.504+0500] {processor.py:925} INFO - DAG(s) 'example_dynamic_task_mapping' retrieved from /home/rayyan/redfin_venv/lib/python3.10/site-packages/airflow/example_dags/example_dynamic_task_mapping.py
[2024-08-22T16:58:52.523+0500] {logging_mixin.py:190} INFO - [2024-08-22T16:58:52.523+0500] {dag.py:3211} INFO - Sync 1 DAGs
[2024-08-22T16:58:52.662+0500] {logging_mixin.py:190} INFO - [2024-08-22T16:58:52.662+0500] {dag.py:4138} INFO - Setting next_dagrun for example_dynamic_task_mapping to 2022-03-04 00:00:00+00:00, run_after=2022-03-05 00:00:00+00:00
[2024-08-22T16:58:52.685+0500] {processor.py:208} INFO - Processing /home/rayyan/redfin_venv/lib/python3.10/site-packages/airflow/example_dags/example_dynamic_task_mapping.py took 0.217 seconds
[2024-08-22T16:59:53.727+0500] {processor.py:186} INFO - Started process (PID=7573) to work on /home/rayyan/redfin_venv/lib/python3.10/site-packages/airflow/example_dags/example_dynamic_task_mapping.py
[2024-08-22T16:59:53.739+0500] {processor.py:914} INFO - Processing file /home/rayyan/redfin_venv/lib/python3.10/site-packages/airflow/example_dags/example_dynamic_task_mapping.py for tasks to queue
[2024-08-22T16:59:53.743+0500] {logging_mixin.py:190} INFO - [2024-08-22T16:59:53.742+0500] {dagbag.py:587} INFO - Filling up the DagBag from /home/rayyan/redfin_venv/lib/python3.10/site-packages/airflow/example_dags/example_dynamic_task_mapping.py
[2024-08-22T16:59:53.754+0500] {processor.py:925} INFO - DAG(s) 'example_dynamic_task_mapping' retrieved from /home/rayyan/redfin_venv/lib/python3.10/site-packages/airflow/example_dags/example_dynamic_task_mapping.py
[2024-08-22T16:59:53.777+0500] {logging_mixin.py:190} INFO - [2024-08-22T16:59:53.777+0500] {dag.py:3211} INFO - Sync 1 DAGs
[2024-08-22T16:59:53.805+0500] {logging_mixin.py:190} INFO - [2024-08-22T16:59:53.805+0500] {dag.py:4138} INFO - Setting next_dagrun for example_dynamic_task_mapping to 2022-03-04 00:00:00+00:00, run_after=2022-03-05 00:00:00+00:00
[2024-08-22T16:59:53.838+0500] {processor.py:208} INFO - Processing /home/rayyan/redfin_venv/lib/python3.10/site-packages/airflow/example_dags/example_dynamic_task_mapping.py took 0.118 seconds
[2024-08-22T17:00:59.271+0500] {processor.py:186} INFO - Started process (PID=9952) to work on /home/rayyan/redfin_venv/lib/python3.10/site-packages/airflow/example_dags/example_dynamic_task_mapping.py
[2024-08-22T17:00:59.273+0500] {processor.py:914} INFO - Processing file /home/rayyan/redfin_venv/lib/python3.10/site-packages/airflow/example_dags/example_dynamic_task_mapping.py for tasks to queue
[2024-08-22T17:00:59.275+0500] {logging_mixin.py:190} INFO - [2024-08-22T17:00:59.275+0500] {dagbag.py:587} INFO - Filling up the DagBag from /home/rayyan/redfin_venv/lib/python3.10/site-packages/airflow/example_dags/example_dynamic_task_mapping.py
[2024-08-22T17:00:59.288+0500] {processor.py:925} INFO - DAG(s) 'example_dynamic_task_mapping' retrieved from /home/rayyan/redfin_venv/lib/python3.10/site-packages/airflow/example_dags/example_dynamic_task_mapping.py
[2024-08-22T17:00:59.307+0500] {logging_mixin.py:190} INFO - [2024-08-22T17:00:59.306+0500] {dag.py:3211} INFO - Sync 1 DAGs
[2024-08-22T17:00:59.345+0500] {logging_mixin.py:190} INFO - [2024-08-22T17:00:59.344+0500] {dag.py:4138} INFO - Setting next_dagrun for example_dynamic_task_mapping to 2022-03-04 00:00:00+00:00, run_after=2022-03-05 00:00:00+00:00
[2024-08-22T17:00:59.400+0500] {processor.py:208} INFO - Processing /home/rayyan/redfin_venv/lib/python3.10/site-packages/airflow/example_dags/example_dynamic_task_mapping.py took 0.137 seconds
[2024-08-22T17:02:11.596+0500] {processor.py:186} INFO - Started process (PID=12682) to work on /home/rayyan/redfin_venv/lib/python3.10/site-packages/airflow/example_dags/example_dynamic_task_mapping.py
[2024-08-22T17:02:11.598+0500] {processor.py:914} INFO - Processing file /home/rayyan/redfin_venv/lib/python3.10/site-packages/airflow/example_dags/example_dynamic_task_mapping.py for tasks to queue
[2024-08-22T17:02:11.603+0500] {logging_mixin.py:190} INFO - [2024-08-22T17:02:11.602+0500] {dagbag.py:587} INFO - Filling up the DagBag from /home/rayyan/redfin_venv/lib/python3.10/site-packages/airflow/example_dags/example_dynamic_task_mapping.py
[2024-08-22T17:02:11.628+0500] {processor.py:925} INFO - DAG(s) 'example_dynamic_task_mapping' retrieved from /home/rayyan/redfin_venv/lib/python3.10/site-packages/airflow/example_dags/example_dynamic_task_mapping.py
[2024-08-22T17:02:11.669+0500] {logging_mixin.py:190} INFO - [2024-08-22T17:02:11.668+0500] {dag.py:3211} INFO - Sync 1 DAGs
[2024-08-22T17:02:11.745+0500] {logging_mixin.py:190} INFO - [2024-08-22T17:02:11.744+0500] {dag.py:4138} INFO - Setting next_dagrun for example_dynamic_task_mapping to 2022-03-04 00:00:00+00:00, run_after=2022-03-05 00:00:00+00:00
[2024-08-22T17:02:11.799+0500] {processor.py:208} INFO - Processing /home/rayyan/redfin_venv/lib/python3.10/site-packages/airflow/example_dags/example_dynamic_task_mapping.py took 0.218 seconds
[2024-08-22T17:03:12.866+0500] {processor.py:186} INFO - Started process (PID=13013) to work on /home/rayyan/redfin_venv/lib/python3.10/site-packages/airflow/example_dags/example_dynamic_task_mapping.py
[2024-08-22T17:03:12.879+0500] {processor.py:914} INFO - Processing file /home/rayyan/redfin_venv/lib/python3.10/site-packages/airflow/example_dags/example_dynamic_task_mapping.py for tasks to queue
[2024-08-22T17:03:12.883+0500] {logging_mixin.py:190} INFO - [2024-08-22T17:03:12.882+0500] {dagbag.py:587} INFO - Filling up the DagBag from /home/rayyan/redfin_venv/lib/python3.10/site-packages/airflow/example_dags/example_dynamic_task_mapping.py
[2024-08-22T17:03:12.897+0500] {processor.py:925} INFO - DAG(s) 'example_dynamic_task_mapping' retrieved from /home/rayyan/redfin_venv/lib/python3.10/site-packages/airflow/example_dags/example_dynamic_task_mapping.py
[2024-08-22T17:03:12.915+0500] {logging_mixin.py:190} INFO - [2024-08-22T17:03:12.914+0500] {dag.py:3211} INFO - Sync 1 DAGs
[2024-08-22T17:03:12.943+0500] {logging_mixin.py:190} INFO - [2024-08-22T17:03:12.943+0500] {dag.py:4138} INFO - Setting next_dagrun for example_dynamic_task_mapping to 2022-03-04 00:00:00+00:00, run_after=2022-03-05 00:00:00+00:00
[2024-08-22T17:03:12.970+0500] {processor.py:208} INFO - Processing /home/rayyan/redfin_venv/lib/python3.10/site-packages/airflow/example_dags/example_dynamic_task_mapping.py took 0.118 seconds
[2024-08-22T17:04:11.275+0500] {processor.py:186} INFO - Started process (PID=13295) to work on /home/rayyan/redfin_venv/lib/python3.10/site-packages/airflow/example_dags/example_dynamic_task_mapping.py
[2024-08-22T17:04:11.287+0500] {processor.py:914} INFO - Processing file /home/rayyan/redfin_venv/lib/python3.10/site-packages/airflow/example_dags/example_dynamic_task_mapping.py for tasks to queue
[2024-08-22T17:04:11.290+0500] {logging_mixin.py:190} INFO - [2024-08-22T17:04:11.289+0500] {dagbag.py:587} INFO - Filling up the DagBag from /home/rayyan/redfin_venv/lib/python3.10/site-packages/airflow/example_dags/example_dynamic_task_mapping.py
[2024-08-22T17:04:11.300+0500] {processor.py:925} INFO - DAG(s) 'example_dynamic_task_mapping' retrieved from /home/rayyan/redfin_venv/lib/python3.10/site-packages/airflow/example_dags/example_dynamic_task_mapping.py
[2024-08-22T17:04:11.319+0500] {logging_mixin.py:190} INFO - [2024-08-22T17:04:11.319+0500] {dag.py:3211} INFO - Sync 1 DAGs
[2024-08-22T17:04:11.353+0500] {logging_mixin.py:190} INFO - [2024-08-22T17:04:11.353+0500] {dag.py:4138} INFO - Setting next_dagrun for example_dynamic_task_mapping to 2022-03-04 00:00:00+00:00, run_after=2022-03-05 00:00:00+00:00
[2024-08-22T17:04:11.384+0500] {processor.py:208} INFO - Processing /home/rayyan/redfin_venv/lib/python3.10/site-packages/airflow/example_dags/example_dynamic_task_mapping.py took 0.115 seconds
[2024-08-22T17:05:06.793+0500] {processor.py:186} INFO - Started process (PID=13565) to work on /home/rayyan/redfin_venv/lib/python3.10/site-packages/airflow/example_dags/example_dynamic_task_mapping.py
[2024-08-22T17:05:06.806+0500] {processor.py:914} INFO - Processing file /home/rayyan/redfin_venv/lib/python3.10/site-packages/airflow/example_dags/example_dynamic_task_mapping.py for tasks to queue
[2024-08-22T17:05:06.810+0500] {logging_mixin.py:190} INFO - [2024-08-22T17:05:06.809+0500] {dagbag.py:587} INFO - Filling up the DagBag from /home/rayyan/redfin_venv/lib/python3.10/site-packages/airflow/example_dags/example_dynamic_task_mapping.py
[2024-08-22T17:05:06.822+0500] {processor.py:925} INFO - DAG(s) 'example_dynamic_task_mapping' retrieved from /home/rayyan/redfin_venv/lib/python3.10/site-packages/airflow/example_dags/example_dynamic_task_mapping.py
[2024-08-22T17:05:06.839+0500] {logging_mixin.py:190} INFO - [2024-08-22T17:05:06.838+0500] {dag.py:3211} INFO - Sync 1 DAGs
[2024-08-22T17:05:06.858+0500] {logging_mixin.py:190} INFO - [2024-08-22T17:05:06.857+0500] {dag.py:4138} INFO - Setting next_dagrun for example_dynamic_task_mapping to 2022-03-04 00:00:00+00:00, run_after=2022-03-05 00:00:00+00:00
[2024-08-22T17:05:06.878+0500] {processor.py:208} INFO - Processing /home/rayyan/redfin_venv/lib/python3.10/site-packages/airflow/example_dags/example_dynamic_task_mapping.py took 0.097 seconds
[2024-08-22T17:06:01.800+0500] {processor.py:186} INFO - Started process (PID=13834) to work on /home/rayyan/redfin_venv/lib/python3.10/site-packages/airflow/example_dags/example_dynamic_task_mapping.py
[2024-08-22T17:06:01.812+0500] {processor.py:914} INFO - Processing file /home/rayyan/redfin_venv/lib/python3.10/site-packages/airflow/example_dags/example_dynamic_task_mapping.py for tasks to queue
[2024-08-22T17:06:01.815+0500] {logging_mixin.py:190} INFO - [2024-08-22T17:06:01.815+0500] {dagbag.py:587} INFO - Filling up the DagBag from /home/rayyan/redfin_venv/lib/python3.10/site-packages/airflow/example_dags/example_dynamic_task_mapping.py
[2024-08-22T17:06:01.825+0500] {processor.py:925} INFO - DAG(s) 'example_dynamic_task_mapping' retrieved from /home/rayyan/redfin_venv/lib/python3.10/site-packages/airflow/example_dags/example_dynamic_task_mapping.py
[2024-08-22T17:06:01.841+0500] {logging_mixin.py:190} INFO - [2024-08-22T17:06:01.841+0500] {dag.py:3211} INFO - Sync 1 DAGs
[2024-08-22T17:06:01.861+0500] {logging_mixin.py:190} INFO - [2024-08-22T17:06:01.860+0500] {dag.py:4138} INFO - Setting next_dagrun for example_dynamic_task_mapping to 2022-03-04 00:00:00+00:00, run_after=2022-03-05 00:00:00+00:00
[2024-08-22T17:06:01.883+0500] {processor.py:208} INFO - Processing /home/rayyan/redfin_venv/lib/python3.10/site-packages/airflow/example_dags/example_dynamic_task_mapping.py took 0.093 seconds
[2024-08-22T17:07:02.878+0500] {processor.py:186} INFO - Started process (PID=14130) to work on /home/rayyan/redfin_venv/lib/python3.10/site-packages/airflow/example_dags/example_dynamic_task_mapping.py
[2024-08-22T17:07:02.891+0500] {processor.py:914} INFO - Processing file /home/rayyan/redfin_venv/lib/python3.10/site-packages/airflow/example_dags/example_dynamic_task_mapping.py for tasks to queue
[2024-08-22T17:07:02.894+0500] {logging_mixin.py:190} INFO - [2024-08-22T17:07:02.893+0500] {dagbag.py:587} INFO - Filling up the DagBag from /home/rayyan/redfin_venv/lib/python3.10/site-packages/airflow/example_dags/example_dynamic_task_mapping.py
[2024-08-22T17:07:02.904+0500] {processor.py:925} INFO - DAG(s) 'example_dynamic_task_mapping' retrieved from /home/rayyan/redfin_venv/lib/python3.10/site-packages/airflow/example_dags/example_dynamic_task_mapping.py
[2024-08-22T17:07:02.920+0500] {logging_mixin.py:190} INFO - [2024-08-22T17:07:02.919+0500] {dag.py:3211} INFO - Sync 1 DAGs
[2024-08-22T17:07:02.938+0500] {logging_mixin.py:190} INFO - [2024-08-22T17:07:02.938+0500] {dag.py:4138} INFO - Setting next_dagrun for example_dynamic_task_mapping to 2022-03-04 00:00:00+00:00, run_after=2022-03-05 00:00:00+00:00
[2024-08-22T17:07:02.959+0500] {processor.py:208} INFO - Processing /home/rayyan/redfin_venv/lib/python3.10/site-packages/airflow/example_dags/example_dynamic_task_mapping.py took 0.090 seconds
[2024-08-22T17:07:59.179+0500] {processor.py:186} INFO - Started process (PID=14412) to work on /home/rayyan/redfin_venv/lib/python3.10/site-packages/airflow/example_dags/example_dynamic_task_mapping.py
[2024-08-22T17:07:59.181+0500] {processor.py:914} INFO - Processing file /home/rayyan/redfin_venv/lib/python3.10/site-packages/airflow/example_dags/example_dynamic_task_mapping.py for tasks to queue
[2024-08-22T17:07:59.185+0500] {logging_mixin.py:190} INFO - [2024-08-22T17:07:59.184+0500] {dagbag.py:587} INFO - Filling up the DagBag from /home/rayyan/redfin_venv/lib/python3.10/site-packages/airflow/example_dags/example_dynamic_task_mapping.py
[2024-08-22T17:07:59.197+0500] {processor.py:925} INFO - DAG(s) 'example_dynamic_task_mapping' retrieved from /home/rayyan/redfin_venv/lib/python3.10/site-packages/airflow/example_dags/example_dynamic_task_mapping.py
[2024-08-22T17:07:59.219+0500] {logging_mixin.py:190} INFO - [2024-08-22T17:07:59.218+0500] {dag.py:3211} INFO - Sync 1 DAGs
[2024-08-22T17:07:59.246+0500] {logging_mixin.py:190} INFO - [2024-08-22T17:07:59.246+0500] {dag.py:4138} INFO - Setting next_dagrun for example_dynamic_task_mapping to 2022-03-04 00:00:00+00:00, run_after=2022-03-05 00:00:00+00:00
[2024-08-22T17:07:59.281+0500] {processor.py:208} INFO - Processing /home/rayyan/redfin_venv/lib/python3.10/site-packages/airflow/example_dags/example_dynamic_task_mapping.py took 0.111 seconds
