[2024-08-22T16:47:47.910+0500] {processor.py:186} INFO - Started process (PID=3691) to work on /home/rayyan/redfin_venv/lib/python3.10/site-packages/airflow/example_dags/example_kubernetes_executor.py
[2024-08-22T16:47:47.911+0500] {processor.py:914} INFO - Processing file /home/rayyan/redfin_venv/lib/python3.10/site-packages/airflow/example_dags/example_kubernetes_executor.py for tasks to queue
[2024-08-22T16:47:47.913+0500] {logging_mixin.py:190} INFO - [2024-08-22T16:47:47.913+0500] {dagbag.py:587} INFO - Filling up the DagBag from /home/rayyan/redfin_venv/lib/python3.10/site-packages/airflow/example_dags/example_kubernetes_executor.py
[2024-08-22T16:47:47.916+0500] {logging_mixin.py:190} INFO - [2024-08-22T16:47:47.916+0500] {example_kubernetes_executor.py:39} WARNING - The example_kubernetes_executor example DAG requires the kubernetes provider. Please install it with: pip install apache-airflow[cncf.kubernetes]
[2024-08-22T16:47:47.917+0500] {processor.py:927} WARNING - No viable dags retrieved from /home/rayyan/redfin_venv/lib/python3.10/site-packages/airflow/example_dags/example_kubernetes_executor.py
[2024-08-22T16:47:47.928+0500] {processor.py:208} INFO - Processing /home/rayyan/redfin_venv/lib/python3.10/site-packages/airflow/example_dags/example_kubernetes_executor.py took 0.025 seconds
[2024-08-22T16:48:47.592+0500] {processor.py:186} INFO - Started process (PID=4005) to work on /home/rayyan/redfin_venv/lib/python3.10/site-packages/airflow/example_dags/example_kubernetes_executor.py
[2024-08-22T16:48:47.604+0500] {processor.py:914} INFO - Processing file /home/rayyan/redfin_venv/lib/python3.10/site-packages/airflow/example_dags/example_kubernetes_executor.py for tasks to queue
[2024-08-22T16:48:47.606+0500] {logging_mixin.py:190} INFO - [2024-08-22T16:48:47.606+0500] {dagbag.py:587} INFO - Filling up the DagBag from /home/rayyan/redfin_venv/lib/python3.10/site-packages/airflow/example_dags/example_kubernetes_executor.py
[2024-08-22T16:48:47.609+0500] {logging_mixin.py:190} INFO - [2024-08-22T16:48:47.609+0500] {example_kubernetes_executor.py:39} WARNING - The example_kubernetes_executor example DAG requires the kubernetes provider. Please install it with: pip install apache-airflow[cncf.kubernetes]
[2024-08-22T16:48:47.609+0500] {processor.py:927} WARNING - No viable dags retrieved from /home/rayyan/redfin_venv/lib/python3.10/site-packages/airflow/example_dags/example_kubernetes_executor.py
[2024-08-22T16:48:47.620+0500] {processor.py:208} INFO - Processing /home/rayyan/redfin_venv/lib/python3.10/site-packages/airflow/example_dags/example_kubernetes_executor.py took 0.034 seconds
[2024-08-22T16:49:44.627+0500] {processor.py:186} INFO - Started process (PID=4285) to work on /home/rayyan/redfin_venv/lib/python3.10/site-packages/airflow/example_dags/example_kubernetes_executor.py
[2024-08-22T16:49:44.629+0500] {processor.py:914} INFO - Processing file /home/rayyan/redfin_venv/lib/python3.10/site-packages/airflow/example_dags/example_kubernetes_executor.py for tasks to queue
[2024-08-22T16:49:44.632+0500] {logging_mixin.py:190} INFO - [2024-08-22T16:49:44.632+0500] {dagbag.py:587} INFO - Filling up the DagBag from /home/rayyan/redfin_venv/lib/python3.10/site-packages/airflow/example_dags/example_kubernetes_executor.py
[2024-08-22T16:49:44.636+0500] {logging_mixin.py:190} INFO - [2024-08-22T16:49:44.636+0500] {example_kubernetes_executor.py:39} WARNING - The example_kubernetes_executor example DAG requires the kubernetes provider. Please install it with: pip install apache-airflow[cncf.kubernetes]
[2024-08-22T16:49:44.636+0500] {processor.py:927} WARNING - No viable dags retrieved from /home/rayyan/redfin_venv/lib/python3.10/site-packages/airflow/example_dags/example_kubernetes_executor.py
[2024-08-22T16:49:44.647+0500] {processor.py:208} INFO - Processing /home/rayyan/redfin_venv/lib/python3.10/site-packages/airflow/example_dags/example_kubernetes_executor.py took 0.029 seconds
[2024-08-22T16:50:39.927+0500] {processor.py:186} INFO - Started process (PID=4555) to work on /home/rayyan/redfin_venv/lib/python3.10/site-packages/airflow/example_dags/example_kubernetes_executor.py
[2024-08-22T16:50:39.929+0500] {processor.py:914} INFO - Processing file /home/rayyan/redfin_venv/lib/python3.10/site-packages/airflow/example_dags/example_kubernetes_executor.py for tasks to queue
[2024-08-22T16:50:39.931+0500] {logging_mixin.py:190} INFO - [2024-08-22T16:50:39.931+0500] {dagbag.py:587} INFO - Filling up the DagBag from /home/rayyan/redfin_venv/lib/python3.10/site-packages/airflow/example_dags/example_kubernetes_executor.py
[2024-08-22T16:50:39.934+0500] {logging_mixin.py:190} INFO - [2024-08-22T16:50:39.934+0500] {example_kubernetes_executor.py:39} WARNING - The example_kubernetes_executor example DAG requires the kubernetes provider. Please install it with: pip install apache-airflow[cncf.kubernetes]
[2024-08-22T16:50:39.935+0500] {processor.py:927} WARNING - No viable dags retrieved from /home/rayyan/redfin_venv/lib/python3.10/site-packages/airflow/example_dags/example_kubernetes_executor.py
[2024-08-22T16:50:39.944+0500] {processor.py:208} INFO - Processing /home/rayyan/redfin_venv/lib/python3.10/site-packages/airflow/example_dags/example_kubernetes_executor.py took 0.024 seconds
[2024-08-22T16:51:38.547+0500] {processor.py:186} INFO - Started process (PID=4837) to work on /home/rayyan/redfin_venv/lib/python3.10/site-packages/airflow/example_dags/example_kubernetes_executor.py
[2024-08-22T16:51:38.549+0500] {processor.py:914} INFO - Processing file /home/rayyan/redfin_venv/lib/python3.10/site-packages/airflow/example_dags/example_kubernetes_executor.py for tasks to queue
[2024-08-22T16:51:38.552+0500] {logging_mixin.py:190} INFO - [2024-08-22T16:51:38.551+0500] {dagbag.py:587} INFO - Filling up the DagBag from /home/rayyan/redfin_venv/lib/python3.10/site-packages/airflow/example_dags/example_kubernetes_executor.py
[2024-08-22T16:51:38.555+0500] {logging_mixin.py:190} INFO - [2024-08-22T16:51:38.555+0500] {example_kubernetes_executor.py:39} WARNING - The example_kubernetes_executor example DAG requires the kubernetes provider. Please install it with: pip install apache-airflow[cncf.kubernetes]
[2024-08-22T16:51:38.555+0500] {processor.py:927} WARNING - No viable dags retrieved from /home/rayyan/redfin_venv/lib/python3.10/site-packages/airflow/example_dags/example_kubernetes_executor.py
[2024-08-22T16:51:38.567+0500] {processor.py:208} INFO - Processing /home/rayyan/redfin_venv/lib/python3.10/site-packages/airflow/example_dags/example_kubernetes_executor.py took 0.027 seconds
[2024-08-22T16:52:37.852+0500] {processor.py:186} INFO - Started process (PID=5121) to work on /home/rayyan/redfin_venv/lib/python3.10/site-packages/airflow/example_dags/example_kubernetes_executor.py
[2024-08-22T16:52:37.854+0500] {processor.py:914} INFO - Processing file /home/rayyan/redfin_venv/lib/python3.10/site-packages/airflow/example_dags/example_kubernetes_executor.py for tasks to queue
[2024-08-22T16:52:37.857+0500] {logging_mixin.py:190} INFO - [2024-08-22T16:52:37.857+0500] {dagbag.py:587} INFO - Filling up the DagBag from /home/rayyan/redfin_venv/lib/python3.10/site-packages/airflow/example_dags/example_kubernetes_executor.py
[2024-08-22T16:52:37.861+0500] {logging_mixin.py:190} INFO - [2024-08-22T16:52:37.861+0500] {example_kubernetes_executor.py:39} WARNING - The example_kubernetes_executor example DAG requires the kubernetes provider. Please install it with: pip install apache-airflow[cncf.kubernetes]
[2024-08-22T16:52:37.862+0500] {processor.py:927} WARNING - No viable dags retrieved from /home/rayyan/redfin_venv/lib/python3.10/site-packages/airflow/example_dags/example_kubernetes_executor.py
[2024-08-22T16:52:37.873+0500] {processor.py:208} INFO - Processing /home/rayyan/redfin_venv/lib/python3.10/site-packages/airflow/example_dags/example_kubernetes_executor.py took 0.033 seconds
[2024-08-22T16:53:40.264+0500] {processor.py:186} INFO - Started process (PID=5421) to work on /home/rayyan/redfin_venv/lib/python3.10/site-packages/airflow/example_dags/example_kubernetes_executor.py
[2024-08-22T16:53:40.276+0500] {processor.py:914} INFO - Processing file /home/rayyan/redfin_venv/lib/python3.10/site-packages/airflow/example_dags/example_kubernetes_executor.py for tasks to queue
[2024-08-22T16:53:40.279+0500] {logging_mixin.py:190} INFO - [2024-08-22T16:53:40.278+0500] {dagbag.py:587} INFO - Filling up the DagBag from /home/rayyan/redfin_venv/lib/python3.10/site-packages/airflow/example_dags/example_kubernetes_executor.py
[2024-08-22T16:53:40.282+0500] {logging_mixin.py:190} INFO - [2024-08-22T16:53:40.281+0500] {example_kubernetes_executor.py:39} WARNING - The example_kubernetes_executor example DAG requires the kubernetes provider. Please install it with: pip install apache-airflow[cncf.kubernetes]
[2024-08-22T16:53:40.282+0500] {processor.py:927} WARNING - No viable dags retrieved from /home/rayyan/redfin_venv/lib/python3.10/site-packages/airflow/example_dags/example_kubernetes_executor.py
[2024-08-22T16:53:40.293+0500] {processor.py:208} INFO - Processing /home/rayyan/redfin_venv/lib/python3.10/site-packages/airflow/example_dags/example_kubernetes_executor.py took 0.040 seconds
[2024-08-22T16:54:41.578+0500] {processor.py:186} INFO - Started process (PID=5718) to work on /home/rayyan/redfin_venv/lib/python3.10/site-packages/airflow/example_dags/example_kubernetes_executor.py
[2024-08-22T16:54:41.590+0500] {processor.py:914} INFO - Processing file /home/rayyan/redfin_venv/lib/python3.10/site-packages/airflow/example_dags/example_kubernetes_executor.py for tasks to queue
[2024-08-22T16:54:41.591+0500] {logging_mixin.py:190} INFO - [2024-08-22T16:54:41.591+0500] {dagbag.py:587} INFO - Filling up the DagBag from /home/rayyan/redfin_venv/lib/python3.10/site-packages/airflow/example_dags/example_kubernetes_executor.py
[2024-08-22T16:54:41.594+0500] {logging_mixin.py:190} INFO - [2024-08-22T16:54:41.594+0500] {example_kubernetes_executor.py:39} WARNING - The example_kubernetes_executor example DAG requires the kubernetes provider. Please install it with: pip install apache-airflow[cncf.kubernetes]
[2024-08-22T16:54:41.594+0500] {processor.py:927} WARNING - No viable dags retrieved from /home/rayyan/redfin_venv/lib/python3.10/site-packages/airflow/example_dags/example_kubernetes_executor.py
[2024-08-22T16:54:41.604+0500] {processor.py:208} INFO - Processing /home/rayyan/redfin_venv/lib/python3.10/site-packages/airflow/example_dags/example_kubernetes_executor.py took 0.031 seconds
[2024-08-22T16:55:43.799+0500] {processor.py:186} INFO - Started process (PID=6019) to work on /home/rayyan/redfin_venv/lib/python3.10/site-packages/airflow/example_dags/example_kubernetes_executor.py
[2024-08-22T16:55:43.812+0500] {processor.py:914} INFO - Processing file /home/rayyan/redfin_venv/lib/python3.10/site-packages/airflow/example_dags/example_kubernetes_executor.py for tasks to queue
[2024-08-22T16:55:43.814+0500] {logging_mixin.py:190} INFO - [2024-08-22T16:55:43.814+0500] {dagbag.py:587} INFO - Filling up the DagBag from /home/rayyan/redfin_venv/lib/python3.10/site-packages/airflow/example_dags/example_kubernetes_executor.py
[2024-08-22T16:55:43.817+0500] {logging_mixin.py:190} INFO - [2024-08-22T16:55:43.817+0500] {example_kubernetes_executor.py:39} WARNING - The example_kubernetes_executor example DAG requires the kubernetes provider. Please install it with: pip install apache-airflow[cncf.kubernetes]
[2024-08-22T16:55:43.818+0500] {processor.py:927} WARNING - No viable dags retrieved from /home/rayyan/redfin_venv/lib/python3.10/site-packages/airflow/example_dags/example_kubernetes_executor.py
[2024-08-22T16:55:43.830+0500] {processor.py:208} INFO - Processing /home/rayyan/redfin_venv/lib/python3.10/site-packages/airflow/example_dags/example_kubernetes_executor.py took 0.039 seconds
[2024-08-22T16:56:51.564+0500] {processor.py:186} INFO - Started process (PID=6342) to work on /home/rayyan/redfin_venv/lib/python3.10/site-packages/airflow/example_dags/example_kubernetes_executor.py
[2024-08-22T16:56:51.566+0500] {processor.py:914} INFO - Processing file /home/rayyan/redfin_venv/lib/python3.10/site-packages/airflow/example_dags/example_kubernetes_executor.py for tasks to queue
[2024-08-22T16:56:51.570+0500] {logging_mixin.py:190} INFO - [2024-08-22T16:56:51.569+0500] {dagbag.py:587} INFO - Filling up the DagBag from /home/rayyan/redfin_venv/lib/python3.10/site-packages/airflow/example_dags/example_kubernetes_executor.py
[2024-08-22T16:56:51.575+0500] {logging_mixin.py:190} INFO - [2024-08-22T16:56:51.575+0500] {example_kubernetes_executor.py:39} WARNING - The example_kubernetes_executor example DAG requires the kubernetes provider. Please install it with: pip install apache-airflow[cncf.kubernetes]
[2024-08-22T16:56:51.576+0500] {processor.py:927} WARNING - No viable dags retrieved from /home/rayyan/redfin_venv/lib/python3.10/site-packages/airflow/example_dags/example_kubernetes_executor.py
[2024-08-22T16:56:51.589+0500] {processor.py:208} INFO - Processing /home/rayyan/redfin_venv/lib/python3.10/site-packages/airflow/example_dags/example_kubernetes_executor.py took 0.036 seconds
[2024-08-22T16:57:54.183+0500] {processor.py:186} INFO - Started process (PID=6645) to work on /home/rayyan/redfin_venv/lib/python3.10/site-packages/airflow/example_dags/example_kubernetes_executor.py
[2024-08-22T16:57:54.184+0500] {processor.py:914} INFO - Processing file /home/rayyan/redfin_venv/lib/python3.10/site-packages/airflow/example_dags/example_kubernetes_executor.py for tasks to queue
[2024-08-22T16:57:54.187+0500] {logging_mixin.py:190} INFO - [2024-08-22T16:57:54.187+0500] {dagbag.py:587} INFO - Filling up the DagBag from /home/rayyan/redfin_venv/lib/python3.10/site-packages/airflow/example_dags/example_kubernetes_executor.py
[2024-08-22T16:57:54.190+0500] {logging_mixin.py:190} INFO - [2024-08-22T16:57:54.190+0500] {example_kubernetes_executor.py:39} WARNING - The example_kubernetes_executor example DAG requires the kubernetes provider. Please install it with: pip install apache-airflow[cncf.kubernetes]
[2024-08-22T16:57:54.190+0500] {processor.py:927} WARNING - No viable dags retrieved from /home/rayyan/redfin_venv/lib/python3.10/site-packages/airflow/example_dags/example_kubernetes_executor.py
[2024-08-22T16:57:54.200+0500] {processor.py:208} INFO - Processing /home/rayyan/redfin_venv/lib/python3.10/site-packages/airflow/example_dags/example_kubernetes_executor.py took 0.024 seconds
[2024-08-22T16:59:04.309+0500] {processor.py:186} INFO - Started process (PID=6988) to work on /home/rayyan/redfin_venv/lib/python3.10/site-packages/airflow/example_dags/example_kubernetes_executor.py
[2024-08-22T16:59:04.321+0500] {processor.py:914} INFO - Processing file /home/rayyan/redfin_venv/lib/python3.10/site-packages/airflow/example_dags/example_kubernetes_executor.py for tasks to queue
[2024-08-22T16:59:04.323+0500] {logging_mixin.py:190} INFO - [2024-08-22T16:59:04.323+0500] {dagbag.py:587} INFO - Filling up the DagBag from /home/rayyan/redfin_venv/lib/python3.10/site-packages/airflow/example_dags/example_kubernetes_executor.py
[2024-08-22T16:59:04.327+0500] {logging_mixin.py:190} INFO - [2024-08-22T16:59:04.326+0500] {example_kubernetes_executor.py:39} WARNING - The example_kubernetes_executor example DAG requires the kubernetes provider. Please install it with: pip install apache-airflow[cncf.kubernetes]
[2024-08-22T16:59:04.327+0500] {processor.py:927} WARNING - No viable dags retrieved from /home/rayyan/redfin_venv/lib/python3.10/site-packages/airflow/example_dags/example_kubernetes_executor.py
[2024-08-22T16:59:04.337+0500] {processor.py:208} INFO - Processing /home/rayyan/redfin_venv/lib/python3.10/site-packages/airflow/example_dags/example_kubernetes_executor.py took 0.037 seconds
[2024-08-22T17:00:03.456+0500] {processor.py:186} INFO - Started process (PID=7947) to work on /home/rayyan/redfin_venv/lib/python3.10/site-packages/airflow/example_dags/example_kubernetes_executor.py
[2024-08-22T17:00:03.458+0500] {processor.py:914} INFO - Processing file /home/rayyan/redfin_venv/lib/python3.10/site-packages/airflow/example_dags/example_kubernetes_executor.py for tasks to queue
[2024-08-22T17:00:03.461+0500] {logging_mixin.py:190} INFO - [2024-08-22T17:00:03.460+0500] {dagbag.py:587} INFO - Filling up the DagBag from /home/rayyan/redfin_venv/lib/python3.10/site-packages/airflow/example_dags/example_kubernetes_executor.py
[2024-08-22T17:00:03.464+0500] {logging_mixin.py:190} INFO - [2024-08-22T17:00:03.464+0500] {example_kubernetes_executor.py:39} WARNING - The example_kubernetes_executor example DAG requires the kubernetes provider. Please install it with: pip install apache-airflow[cncf.kubernetes]
[2024-08-22T17:00:03.464+0500] {processor.py:927} WARNING - No viable dags retrieved from /home/rayyan/redfin_venv/lib/python3.10/site-packages/airflow/example_dags/example_kubernetes_executor.py
[2024-08-22T17:00:03.478+0500] {processor.py:208} INFO - Processing /home/rayyan/redfin_venv/lib/python3.10/site-packages/airflow/example_dags/example_kubernetes_executor.py took 0.031 seconds
[2024-08-22T17:01:09.214+0500] {processor.py:186} INFO - Started process (PID=10325) to work on /home/rayyan/redfin_venv/lib/python3.10/site-packages/airflow/example_dags/example_kubernetes_executor.py
[2024-08-22T17:01:09.218+0500] {processor.py:914} INFO - Processing file /home/rayyan/redfin_venv/lib/python3.10/site-packages/airflow/example_dags/example_kubernetes_executor.py for tasks to queue
[2024-08-22T17:01:09.223+0500] {logging_mixin.py:190} INFO - [2024-08-22T17:01:09.221+0500] {dagbag.py:587} INFO - Filling up the DagBag from /home/rayyan/redfin_venv/lib/python3.10/site-packages/airflow/example_dags/example_kubernetes_executor.py
[2024-08-22T17:01:09.231+0500] {logging_mixin.py:190} INFO - [2024-08-22T17:01:09.231+0500] {example_kubernetes_executor.py:39} WARNING - The example_kubernetes_executor example DAG requires the kubernetes provider. Please install it with: pip install apache-airflow[cncf.kubernetes]
[2024-08-22T17:01:09.232+0500] {processor.py:927} WARNING - No viable dags retrieved from /home/rayyan/redfin_venv/lib/python3.10/site-packages/airflow/example_dags/example_kubernetes_executor.py
[2024-08-22T17:01:09.253+0500] {processor.py:208} INFO - Processing /home/rayyan/redfin_venv/lib/python3.10/site-packages/airflow/example_dags/example_kubernetes_executor.py took 0.058 seconds
[2024-08-22T17:02:21.256+0500] {processor.py:186} INFO - Started process (PID=12762) to work on /home/rayyan/redfin_venv/lib/python3.10/site-packages/airflow/example_dags/example_kubernetes_executor.py
[2024-08-22T17:02:21.258+0500] {processor.py:914} INFO - Processing file /home/rayyan/redfin_venv/lib/python3.10/site-packages/airflow/example_dags/example_kubernetes_executor.py for tasks to queue
[2024-08-22T17:02:21.261+0500] {logging_mixin.py:190} INFO - [2024-08-22T17:02:21.260+0500] {dagbag.py:587} INFO - Filling up the DagBag from /home/rayyan/redfin_venv/lib/python3.10/site-packages/airflow/example_dags/example_kubernetes_executor.py
[2024-08-22T17:02:21.264+0500] {logging_mixin.py:190} INFO - [2024-08-22T17:02:21.264+0500] {example_kubernetes_executor.py:39} WARNING - The example_kubernetes_executor example DAG requires the kubernetes provider. Please install it with: pip install apache-airflow[cncf.kubernetes]
[2024-08-22T17:02:21.264+0500] {processor.py:927} WARNING - No viable dags retrieved from /home/rayyan/redfin_venv/lib/python3.10/site-packages/airflow/example_dags/example_kubernetes_executor.py
[2024-08-22T17:02:21.279+0500] {processor.py:208} INFO - Processing /home/rayyan/redfin_venv/lib/python3.10/site-packages/airflow/example_dags/example_kubernetes_executor.py took 0.034 seconds
[2024-08-22T17:03:21.623+0500] {processor.py:186} INFO - Started process (PID=13056) to work on /home/rayyan/redfin_venv/lib/python3.10/site-packages/airflow/example_dags/example_kubernetes_executor.py
[2024-08-22T17:03:21.635+0500] {processor.py:914} INFO - Processing file /home/rayyan/redfin_venv/lib/python3.10/site-packages/airflow/example_dags/example_kubernetes_executor.py for tasks to queue
[2024-08-22T17:03:21.638+0500] {logging_mixin.py:190} INFO - [2024-08-22T17:03:21.638+0500] {dagbag.py:587} INFO - Filling up the DagBag from /home/rayyan/redfin_venv/lib/python3.10/site-packages/airflow/example_dags/example_kubernetes_executor.py
[2024-08-22T17:03:21.641+0500] {logging_mixin.py:190} INFO - [2024-08-22T17:03:21.641+0500] {example_kubernetes_executor.py:39} WARNING - The example_kubernetes_executor example DAG requires the kubernetes provider. Please install it with: pip install apache-airflow[cncf.kubernetes]
[2024-08-22T17:03:21.641+0500] {processor.py:927} WARNING - No viable dags retrieved from /home/rayyan/redfin_venv/lib/python3.10/site-packages/airflow/example_dags/example_kubernetes_executor.py
[2024-08-22T17:03:21.653+0500] {processor.py:208} INFO - Processing /home/rayyan/redfin_venv/lib/python3.10/site-packages/airflow/example_dags/example_kubernetes_executor.py took 0.037 seconds
[2024-08-22T17:04:21.350+0500] {processor.py:186} INFO - Started process (PID=13343) to work on /home/rayyan/redfin_venv/lib/python3.10/site-packages/airflow/example_dags/example_kubernetes_executor.py
[2024-08-22T17:04:21.352+0500] {processor.py:914} INFO - Processing file /home/rayyan/redfin_venv/lib/python3.10/site-packages/airflow/example_dags/example_kubernetes_executor.py for tasks to queue
[2024-08-22T17:04:21.355+0500] {logging_mixin.py:190} INFO - [2024-08-22T17:04:21.354+0500] {dagbag.py:587} INFO - Filling up the DagBag from /home/rayyan/redfin_venv/lib/python3.10/site-packages/airflow/example_dags/example_kubernetes_executor.py
[2024-08-22T17:04:21.359+0500] {logging_mixin.py:190} INFO - [2024-08-22T17:04:21.358+0500] {example_kubernetes_executor.py:39} WARNING - The example_kubernetes_executor example DAG requires the kubernetes provider. Please install it with: pip install apache-airflow[cncf.kubernetes]
[2024-08-22T17:04:21.359+0500] {processor.py:927} WARNING - No viable dags retrieved from /home/rayyan/redfin_venv/lib/python3.10/site-packages/airflow/example_dags/example_kubernetes_executor.py
[2024-08-22T17:04:21.373+0500] {processor.py:208} INFO - Processing /home/rayyan/redfin_venv/lib/python3.10/site-packages/airflow/example_dags/example_kubernetes_executor.py took 0.032 seconds
[2024-08-22T17:05:15.794+0500] {processor.py:186} INFO - Started process (PID=13609) to work on /home/rayyan/redfin_venv/lib/python3.10/site-packages/airflow/example_dags/example_kubernetes_executor.py
[2024-08-22T17:05:15.806+0500] {processor.py:914} INFO - Processing file /home/rayyan/redfin_venv/lib/python3.10/site-packages/airflow/example_dags/example_kubernetes_executor.py for tasks to queue
[2024-08-22T17:05:15.810+0500] {logging_mixin.py:190} INFO - [2024-08-22T17:05:15.809+0500] {dagbag.py:587} INFO - Filling up the DagBag from /home/rayyan/redfin_venv/lib/python3.10/site-packages/airflow/example_dags/example_kubernetes_executor.py
[2024-08-22T17:05:15.813+0500] {logging_mixin.py:190} INFO - [2024-08-22T17:05:15.813+0500] {example_kubernetes_executor.py:39} WARNING - The example_kubernetes_executor example DAG requires the kubernetes provider. Please install it with: pip install apache-airflow[cncf.kubernetes]
[2024-08-22T17:05:15.814+0500] {processor.py:927} WARNING - No viable dags retrieved from /home/rayyan/redfin_venv/lib/python3.10/site-packages/airflow/example_dags/example_kubernetes_executor.py
[2024-08-22T17:05:15.826+0500] {processor.py:208} INFO - Processing /home/rayyan/redfin_venv/lib/python3.10/site-packages/airflow/example_dags/example_kubernetes_executor.py took 0.046 seconds
[2024-08-22T17:06:11.845+0500] {processor.py:186} INFO - Started process (PID=13881) to work on /home/rayyan/redfin_venv/lib/python3.10/site-packages/airflow/example_dags/example_kubernetes_executor.py
[2024-08-22T17:06:11.857+0500] {processor.py:914} INFO - Processing file /home/rayyan/redfin_venv/lib/python3.10/site-packages/airflow/example_dags/example_kubernetes_executor.py for tasks to queue
[2024-08-22T17:06:11.860+0500] {logging_mixin.py:190} INFO - [2024-08-22T17:06:11.859+0500] {dagbag.py:587} INFO - Filling up the DagBag from /home/rayyan/redfin_venv/lib/python3.10/site-packages/airflow/example_dags/example_kubernetes_executor.py
[2024-08-22T17:06:11.863+0500] {logging_mixin.py:190} INFO - [2024-08-22T17:06:11.863+0500] {example_kubernetes_executor.py:39} WARNING - The example_kubernetes_executor example DAG requires the kubernetes provider. Please install it with: pip install apache-airflow[cncf.kubernetes]
[2024-08-22T17:06:11.863+0500] {processor.py:927} WARNING - No viable dags retrieved from /home/rayyan/redfin_venv/lib/python3.10/site-packages/airflow/example_dags/example_kubernetes_executor.py
[2024-08-22T17:06:11.874+0500] {processor.py:208} INFO - Processing /home/rayyan/redfin_venv/lib/python3.10/site-packages/airflow/example_dags/example_kubernetes_executor.py took 0.036 seconds
[2024-08-22T17:07:12.040+0500] {processor.py:186} INFO - Started process (PID=14178) to work on /home/rayyan/redfin_venv/lib/python3.10/site-packages/airflow/example_dags/example_kubernetes_executor.py
[2024-08-22T17:07:12.053+0500] {processor.py:914} INFO - Processing file /home/rayyan/redfin_venv/lib/python3.10/site-packages/airflow/example_dags/example_kubernetes_executor.py for tasks to queue
[2024-08-22T17:07:12.055+0500] {logging_mixin.py:190} INFO - [2024-08-22T17:07:12.055+0500] {dagbag.py:587} INFO - Filling up the DagBag from /home/rayyan/redfin_venv/lib/python3.10/site-packages/airflow/example_dags/example_kubernetes_executor.py
[2024-08-22T17:07:12.058+0500] {logging_mixin.py:190} INFO - [2024-08-22T17:07:12.057+0500] {example_kubernetes_executor.py:39} WARNING - The example_kubernetes_executor example DAG requires the kubernetes provider. Please install it with: pip install apache-airflow[cncf.kubernetes]
[2024-08-22T17:07:12.058+0500] {processor.py:927} WARNING - No viable dags retrieved from /home/rayyan/redfin_venv/lib/python3.10/site-packages/airflow/example_dags/example_kubernetes_executor.py
[2024-08-22T17:07:12.069+0500] {processor.py:208} INFO - Processing /home/rayyan/redfin_venv/lib/python3.10/site-packages/airflow/example_dags/example_kubernetes_executor.py took 0.036 seconds
