[2024-08-22T16:48:11.405+0500] {processor.py:186} INFO - Started process (PID=3805) to work on /home/rayyan/redfin_venv/lib/python3.10/site-packages/airflow/example_dags/tutorial_objectstorage.py
[2024-08-22T16:48:11.406+0500] {processor.py:914} INFO - Processing file /home/rayyan/redfin_venv/lib/python3.10/site-packages/airflow/example_dags/tutorial_objectstorage.py for tasks to queue
[2024-08-22T16:48:11.410+0500] {logging_mixin.py:190} INFO - [2024-08-22T16:48:11.409+0500] {dagbag.py:587} INFO - Filling up the DagBag from /home/rayyan/redfin_venv/lib/python3.10/site-packages/airflow/example_dags/tutorial_objectstorage.py
[2024-08-22T16:48:11.420+0500] {processor.py:925} INFO - DAG(s) 'tutorial_objectstorage' retrieved from /home/rayyan/redfin_venv/lib/python3.10/site-packages/airflow/example_dags/tutorial_objectstorage.py
[2024-08-22T16:48:11.437+0500] {logging_mixin.py:190} INFO - [2024-08-22T16:48:11.437+0500] {dag.py:3211} INFO - Sync 1 DAGs
[2024-08-22T16:48:11.450+0500] {logging_mixin.py:190} INFO - [2024-08-22T16:48:11.450+0500] {dag.py:4138} INFO - Setting next_dagrun for tutorial_objectstorage to None, run_after=None
[2024-08-22T16:48:11.483+0500] {processor.py:208} INFO - Processing /home/rayyan/redfin_venv/lib/python3.10/site-packages/airflow/example_dags/tutorial_objectstorage.py took 0.088 seconds
[2024-08-22T16:49:09.629+0500] {processor.py:186} INFO - Started process (PID=4113) to work on /home/rayyan/redfin_venv/lib/python3.10/site-packages/airflow/example_dags/tutorial_objectstorage.py
[2024-08-22T16:49:09.631+0500] {processor.py:914} INFO - Processing file /home/rayyan/redfin_venv/lib/python3.10/site-packages/airflow/example_dags/tutorial_objectstorage.py for tasks to queue
[2024-08-22T16:49:09.634+0500] {logging_mixin.py:190} INFO - [2024-08-22T16:49:09.634+0500] {dagbag.py:587} INFO - Filling up the DagBag from /home/rayyan/redfin_venv/lib/python3.10/site-packages/airflow/example_dags/tutorial_objectstorage.py
[2024-08-22T16:49:09.644+0500] {processor.py:925} INFO - DAG(s) 'tutorial_objectstorage' retrieved from /home/rayyan/redfin_venv/lib/python3.10/site-packages/airflow/example_dags/tutorial_objectstorage.py
[2024-08-22T16:49:09.659+0500] {logging_mixin.py:190} INFO - [2024-08-22T16:49:09.659+0500] {dag.py:3211} INFO - Sync 1 DAGs
[2024-08-22T16:49:09.671+0500] {logging_mixin.py:190} INFO - [2024-08-22T16:49:09.671+0500] {dag.py:4138} INFO - Setting next_dagrun for tutorial_objectstorage to None, run_after=None
[2024-08-22T16:49:09.692+0500] {processor.py:208} INFO - Processing /home/rayyan/redfin_venv/lib/python3.10/site-packages/airflow/example_dags/tutorial_objectstorage.py took 0.070 seconds
[2024-08-22T16:50:08.739+0500] {processor.py:186} INFO - Started process (PID=4401) to work on /home/rayyan/redfin_venv/lib/python3.10/site-packages/airflow/example_dags/tutorial_objectstorage.py
[2024-08-22T16:50:08.753+0500] {processor.py:914} INFO - Processing file /home/rayyan/redfin_venv/lib/python3.10/site-packages/airflow/example_dags/tutorial_objectstorage.py for tasks to queue
[2024-08-22T16:50:08.756+0500] {logging_mixin.py:190} INFO - [2024-08-22T16:50:08.756+0500] {dagbag.py:587} INFO - Filling up the DagBag from /home/rayyan/redfin_venv/lib/python3.10/site-packages/airflow/example_dags/tutorial_objectstorage.py
[2024-08-22T16:50:08.769+0500] {processor.py:925} INFO - DAG(s) 'tutorial_objectstorage' retrieved from /home/rayyan/redfin_venv/lib/python3.10/site-packages/airflow/example_dags/tutorial_objectstorage.py
[2024-08-22T16:50:08.787+0500] {logging_mixin.py:190} INFO - [2024-08-22T16:50:08.787+0500] {dag.py:3211} INFO - Sync 1 DAGs
[2024-08-22T16:50:08.801+0500] {logging_mixin.py:190} INFO - [2024-08-22T16:50:08.801+0500] {dag.py:4138} INFO - Setting next_dagrun for tutorial_objectstorage to None, run_after=None
[2024-08-22T16:50:08.823+0500] {processor.py:208} INFO - Processing /home/rayyan/redfin_venv/lib/python3.10/site-packages/airflow/example_dags/tutorial_objectstorage.py took 0.094 seconds
[2024-08-22T16:51:05.656+0500] {processor.py:186} INFO - Started process (PID=4678) to work on /home/rayyan/redfin_venv/lib/python3.10/site-packages/airflow/example_dags/tutorial_objectstorage.py
[2024-08-22T16:51:05.668+0500] {processor.py:914} INFO - Processing file /home/rayyan/redfin_venv/lib/python3.10/site-packages/airflow/example_dags/tutorial_objectstorage.py for tasks to queue
[2024-08-22T16:51:05.671+0500] {logging_mixin.py:190} INFO - [2024-08-22T16:51:05.671+0500] {dagbag.py:587} INFO - Filling up the DagBag from /home/rayyan/redfin_venv/lib/python3.10/site-packages/airflow/example_dags/tutorial_objectstorage.py
[2024-08-22T16:51:05.683+0500] {processor.py:925} INFO - DAG(s) 'tutorial_objectstorage' retrieved from /home/rayyan/redfin_venv/lib/python3.10/site-packages/airflow/example_dags/tutorial_objectstorage.py
[2024-08-22T16:51:05.699+0500] {logging_mixin.py:190} INFO - [2024-08-22T16:51:05.698+0500] {dag.py:3211} INFO - Sync 1 DAGs
[2024-08-22T16:51:05.711+0500] {logging_mixin.py:190} INFO - [2024-08-22T16:51:05.711+0500] {dag.py:4138} INFO - Setting next_dagrun for tutorial_objectstorage to None, run_after=None
[2024-08-22T16:51:05.732+0500] {processor.py:208} INFO - Processing /home/rayyan/redfin_venv/lib/python3.10/site-packages/airflow/example_dags/tutorial_objectstorage.py took 0.085 seconds
[2024-08-22T16:52:04.369+0500] {processor.py:186} INFO - Started process (PID=4959) to work on /home/rayyan/redfin_venv/lib/python3.10/site-packages/airflow/example_dags/tutorial_objectstorage.py
[2024-08-22T16:52:04.371+0500] {processor.py:914} INFO - Processing file /home/rayyan/redfin_venv/lib/python3.10/site-packages/airflow/example_dags/tutorial_objectstorage.py for tasks to queue
[2024-08-22T16:52:04.375+0500] {logging_mixin.py:190} INFO - [2024-08-22T16:52:04.374+0500] {dagbag.py:587} INFO - Filling up the DagBag from /home/rayyan/redfin_venv/lib/python3.10/site-packages/airflow/example_dags/tutorial_objectstorage.py
[2024-08-22T16:52:04.387+0500] {processor.py:925} INFO - DAG(s) 'tutorial_objectstorage' retrieved from /home/rayyan/redfin_venv/lib/python3.10/site-packages/airflow/example_dags/tutorial_objectstorage.py
[2024-08-22T16:52:04.402+0500] {logging_mixin.py:190} INFO - [2024-08-22T16:52:04.402+0500] {dag.py:3211} INFO - Sync 1 DAGs
[2024-08-22T16:52:04.416+0500] {logging_mixin.py:190} INFO - [2024-08-22T16:52:04.416+0500] {dag.py:4138} INFO - Setting next_dagrun for tutorial_objectstorage to None, run_after=None
[2024-08-22T16:52:04.441+0500] {processor.py:208} INFO - Processing /home/rayyan/redfin_venv/lib/python3.10/site-packages/airflow/example_dags/tutorial_objectstorage.py took 0.081 seconds
[2024-08-22T16:53:08.043+0500] {processor.py:186} INFO - Started process (PID=5264) to work on /home/rayyan/redfin_venv/lib/python3.10/site-packages/airflow/example_dags/tutorial_objectstorage.py
[2024-08-22T16:53:08.055+0500] {processor.py:914} INFO - Processing file /home/rayyan/redfin_venv/lib/python3.10/site-packages/airflow/example_dags/tutorial_objectstorage.py for tasks to queue
[2024-08-22T16:53:08.057+0500] {logging_mixin.py:190} INFO - [2024-08-22T16:53:08.057+0500] {dagbag.py:587} INFO - Filling up the DagBag from /home/rayyan/redfin_venv/lib/python3.10/site-packages/airflow/example_dags/tutorial_objectstorage.py
[2024-08-22T16:53:08.068+0500] {processor.py:925} INFO - DAG(s) 'tutorial_objectstorage' retrieved from /home/rayyan/redfin_venv/lib/python3.10/site-packages/airflow/example_dags/tutorial_objectstorage.py
[2024-08-22T16:53:08.082+0500] {logging_mixin.py:190} INFO - [2024-08-22T16:53:08.081+0500] {dag.py:3211} INFO - Sync 1 DAGs
[2024-08-22T16:53:08.199+0500] {logging_mixin.py:190} INFO - [2024-08-22T16:53:08.198+0500] {dag.py:4138} INFO - Setting next_dagrun for tutorial_objectstorage to None, run_after=None
[2024-08-22T16:53:08.230+0500] {processor.py:208} INFO - Processing /home/rayyan/redfin_venv/lib/python3.10/site-packages/airflow/example_dags/tutorial_objectstorage.py took 0.196 seconds
[2024-08-22T16:54:09.090+0500] {processor.py:186} INFO - Started process (PID=5559) to work on /home/rayyan/redfin_venv/lib/python3.10/site-packages/airflow/example_dags/tutorial_objectstorage.py
[2024-08-22T16:54:09.101+0500] {processor.py:914} INFO - Processing file /home/rayyan/redfin_venv/lib/python3.10/site-packages/airflow/example_dags/tutorial_objectstorage.py for tasks to queue
[2024-08-22T16:54:09.104+0500] {logging_mixin.py:190} INFO - [2024-08-22T16:54:09.103+0500] {dagbag.py:587} INFO - Filling up the DagBag from /home/rayyan/redfin_venv/lib/python3.10/site-packages/airflow/example_dags/tutorial_objectstorage.py
[2024-08-22T16:54:09.114+0500] {processor.py:925} INFO - DAG(s) 'tutorial_objectstorage' retrieved from /home/rayyan/redfin_venv/lib/python3.10/site-packages/airflow/example_dags/tutorial_objectstorage.py
[2024-08-22T16:54:09.130+0500] {logging_mixin.py:190} INFO - [2024-08-22T16:54:09.130+0500] {dag.py:3211} INFO - Sync 1 DAGs
[2024-08-22T16:54:09.247+0500] {logging_mixin.py:190} INFO - [2024-08-22T16:54:09.247+0500] {dag.py:4138} INFO - Setting next_dagrun for tutorial_objectstorage to None, run_after=None
[2024-08-22T16:54:09.279+0500] {processor.py:208} INFO - Processing /home/rayyan/redfin_venv/lib/python3.10/site-packages/airflow/example_dags/tutorial_objectstorage.py took 0.198 seconds
[2024-08-22T16:55:08.258+0500] {processor.py:186} INFO - Started process (PID=5846) to work on /home/rayyan/redfin_venv/lib/python3.10/site-packages/airflow/example_dags/tutorial_objectstorage.py
[2024-08-22T16:55:08.270+0500] {processor.py:914} INFO - Processing file /home/rayyan/redfin_venv/lib/python3.10/site-packages/airflow/example_dags/tutorial_objectstorage.py for tasks to queue
[2024-08-22T16:55:08.273+0500] {logging_mixin.py:190} INFO - [2024-08-22T16:55:08.272+0500] {dagbag.py:587} INFO - Filling up the DagBag from /home/rayyan/redfin_venv/lib/python3.10/site-packages/airflow/example_dags/tutorial_objectstorage.py
[2024-08-22T16:55:08.285+0500] {processor.py:925} INFO - DAG(s) 'tutorial_objectstorage' retrieved from /home/rayyan/redfin_venv/lib/python3.10/site-packages/airflow/example_dags/tutorial_objectstorage.py
[2024-08-22T16:55:08.306+0500] {logging_mixin.py:190} INFO - [2024-08-22T16:55:08.306+0500] {dag.py:3211} INFO - Sync 1 DAGs
[2024-08-22T16:55:08.322+0500] {logging_mixin.py:190} INFO - [2024-08-22T16:55:08.322+0500] {dag.py:4138} INFO - Setting next_dagrun for tutorial_objectstorage to None, run_after=None
[2024-08-22T16:55:08.476+0500] {processor.py:208} INFO - Processing /home/rayyan/redfin_venv/lib/python3.10/site-packages/airflow/example_dags/tutorial_objectstorage.py took 0.228 seconds
[2024-08-22T16:56:14.429+0500] {processor.py:186} INFO - Started process (PID=6165) to work on /home/rayyan/redfin_venv/lib/python3.10/site-packages/airflow/example_dags/tutorial_objectstorage.py
[2024-08-22T16:56:14.432+0500] {processor.py:914} INFO - Processing file /home/rayyan/redfin_venv/lib/python3.10/site-packages/airflow/example_dags/tutorial_objectstorage.py for tasks to queue
[2024-08-22T16:56:14.435+0500] {logging_mixin.py:190} INFO - [2024-08-22T16:56:14.434+0500] {dagbag.py:587} INFO - Filling up the DagBag from /home/rayyan/redfin_venv/lib/python3.10/site-packages/airflow/example_dags/tutorial_objectstorage.py
[2024-08-22T16:56:14.446+0500] {processor.py:925} INFO - DAG(s) 'tutorial_objectstorage' retrieved from /home/rayyan/redfin_venv/lib/python3.10/site-packages/airflow/example_dags/tutorial_objectstorage.py
[2024-08-22T16:56:14.461+0500] {logging_mixin.py:190} INFO - [2024-08-22T16:56:14.461+0500] {dag.py:3211} INFO - Sync 1 DAGs
[2024-08-22T16:56:14.477+0500] {logging_mixin.py:190} INFO - [2024-08-22T16:56:14.476+0500] {dag.py:4138} INFO - Setting next_dagrun for tutorial_objectstorage to None, run_after=None
[2024-08-22T16:56:14.625+0500] {processor.py:208} INFO - Processing /home/rayyan/redfin_venv/lib/python3.10/site-packages/airflow/example_dags/tutorial_objectstorage.py took 0.204 seconds
[2024-08-22T16:57:18.485+0500] {processor.py:186} INFO - Started process (PID=6474) to work on /home/rayyan/redfin_venv/lib/python3.10/site-packages/airflow/example_dags/tutorial_objectstorage.py
[2024-08-22T16:57:18.490+0500] {processor.py:914} INFO - Processing file /home/rayyan/redfin_venv/lib/python3.10/site-packages/airflow/example_dags/tutorial_objectstorage.py for tasks to queue
[2024-08-22T16:57:18.493+0500] {logging_mixin.py:190} INFO - [2024-08-22T16:57:18.493+0500] {dagbag.py:587} INFO - Filling up the DagBag from /home/rayyan/redfin_venv/lib/python3.10/site-packages/airflow/example_dags/tutorial_objectstorage.py
[2024-08-22T16:57:18.503+0500] {processor.py:925} INFO - DAG(s) 'tutorial_objectstorage' retrieved from /home/rayyan/redfin_venv/lib/python3.10/site-packages/airflow/example_dags/tutorial_objectstorage.py
[2024-08-22T16:57:18.519+0500] {logging_mixin.py:190} INFO - [2024-08-22T16:57:18.519+0500] {dag.py:3211} INFO - Sync 1 DAGs
[2024-08-22T16:57:18.641+0500] {logging_mixin.py:190} INFO - [2024-08-22T16:57:18.640+0500] {dag.py:4138} INFO - Setting next_dagrun for tutorial_objectstorage to None, run_after=None
[2024-08-22T16:57:18.668+0500] {processor.py:208} INFO - Processing /home/rayyan/redfin_venv/lib/python3.10/site-packages/airflow/example_dags/tutorial_objectstorage.py took 0.194 seconds
[2024-08-22T16:59:25.712+0500] {processor.py:186} INFO - Started process (PID=7134) to work on /home/rayyan/redfin_venv/lib/python3.10/site-packages/airflow/example_dags/tutorial_objectstorage.py
[2024-08-22T16:59:25.714+0500] {processor.py:914} INFO - Processing file /home/rayyan/redfin_venv/lib/python3.10/site-packages/airflow/example_dags/tutorial_objectstorage.py for tasks to queue
[2024-08-22T16:59:25.716+0500] {logging_mixin.py:190} INFO - [2024-08-22T16:59:25.716+0500] {dagbag.py:587} INFO - Filling up the DagBag from /home/rayyan/redfin_venv/lib/python3.10/site-packages/airflow/example_dags/tutorial_objectstorage.py
[2024-08-22T16:59:25.728+0500] {processor.py:925} INFO - DAG(s) 'tutorial_objectstorage' retrieved from /home/rayyan/redfin_venv/lib/python3.10/site-packages/airflow/example_dags/tutorial_objectstorage.py
[2024-08-22T16:59:25.868+0500] {logging_mixin.py:190} INFO - [2024-08-22T16:59:25.868+0500] {dag.py:3211} INFO - Sync 1 DAGs
[2024-08-22T16:59:25.881+0500] {logging_mixin.py:190} INFO - [2024-08-22T16:59:25.881+0500] {dag.py:4138} INFO - Setting next_dagrun for tutorial_objectstorage to None, run_after=None
[2024-08-22T16:59:25.904+0500] {processor.py:208} INFO - Processing /home/rayyan/redfin_venv/lib/python3.10/site-packages/airflow/example_dags/tutorial_objectstorage.py took 0.199 seconds
[2024-08-22T17:00:35.181+0500] {processor.py:186} INFO - Started process (PID=9039) to work on /home/rayyan/redfin_venv/lib/python3.10/site-packages/airflow/example_dags/tutorial_objectstorage.py
[2024-08-22T17:00:35.194+0500] {processor.py:914} INFO - Processing file /home/rayyan/redfin_venv/lib/python3.10/site-packages/airflow/example_dags/tutorial_objectstorage.py for tasks to queue
[2024-08-22T17:00:35.197+0500] {logging_mixin.py:190} INFO - [2024-08-22T17:00:35.196+0500] {dagbag.py:587} INFO - Filling up the DagBag from /home/rayyan/redfin_venv/lib/python3.10/site-packages/airflow/example_dags/tutorial_objectstorage.py
[2024-08-22T17:00:35.207+0500] {processor.py:925} INFO - DAG(s) 'tutorial_objectstorage' retrieved from /home/rayyan/redfin_venv/lib/python3.10/site-packages/airflow/example_dags/tutorial_objectstorage.py
[2024-08-22T17:00:35.228+0500] {logging_mixin.py:190} INFO - [2024-08-22T17:00:35.228+0500] {dag.py:3211} INFO - Sync 1 DAGs
[2024-08-22T17:00:35.247+0500] {logging_mixin.py:190} INFO - [2024-08-22T17:00:35.247+0500] {dag.py:4138} INFO - Setting next_dagrun for tutorial_objectstorage to None, run_after=None
[2024-08-22T17:00:35.283+0500] {processor.py:208} INFO - Processing /home/rayyan/redfin_venv/lib/python3.10/site-packages/airflow/example_dags/tutorial_objectstorage.py took 0.109 seconds
[2024-08-22T17:01:41.588+0500] {processor.py:186} INFO - Started process (PID=11318) to work on /home/rayyan/redfin_venv/lib/python3.10/site-packages/airflow/example_dags/tutorial_objectstorage.py
[2024-08-22T17:01:41.590+0500] {processor.py:914} INFO - Processing file /home/rayyan/redfin_venv/lib/python3.10/site-packages/airflow/example_dags/tutorial_objectstorage.py for tasks to queue
[2024-08-22T17:01:41.596+0500] {logging_mixin.py:190} INFO - [2024-08-22T17:01:41.595+0500] {dagbag.py:587} INFO - Filling up the DagBag from /home/rayyan/redfin_venv/lib/python3.10/site-packages/airflow/example_dags/tutorial_objectstorage.py
[2024-08-22T17:01:41.615+0500] {processor.py:925} INFO - DAG(s) 'tutorial_objectstorage' retrieved from /home/rayyan/redfin_venv/lib/python3.10/site-packages/airflow/example_dags/tutorial_objectstorage.py
[2024-08-22T17:01:41.643+0500] {logging_mixin.py:190} INFO - [2024-08-22T17:01:41.642+0500] {dag.py:3211} INFO - Sync 1 DAGs
[2024-08-22T17:01:41.670+0500] {logging_mixin.py:190} INFO - [2024-08-22T17:01:41.670+0500] {dag.py:4138} INFO - Setting next_dagrun for tutorial_objectstorage to None, run_after=None
[2024-08-22T17:01:41.711+0500] {processor.py:208} INFO - Processing /home/rayyan/redfin_venv/lib/python3.10/site-packages/airflow/example_dags/tutorial_objectstorage.py took 0.135 seconds
[2024-08-22T17:02:52.939+0500] {processor.py:186} INFO - Started process (PID=12914) to work on /home/rayyan/redfin_venv/lib/python3.10/site-packages/airflow/example_dags/tutorial_objectstorage.py
[2024-08-22T17:02:52.946+0500] {processor.py:914} INFO - Processing file /home/rayyan/redfin_venv/lib/python3.10/site-packages/airflow/example_dags/tutorial_objectstorage.py for tasks to queue
[2024-08-22T17:02:52.949+0500] {logging_mixin.py:190} INFO - [2024-08-22T17:02:52.949+0500] {dagbag.py:587} INFO - Filling up the DagBag from /home/rayyan/redfin_venv/lib/python3.10/site-packages/airflow/example_dags/tutorial_objectstorage.py
[2024-08-22T17:02:52.961+0500] {processor.py:925} INFO - DAG(s) 'tutorial_objectstorage' retrieved from /home/rayyan/redfin_venv/lib/python3.10/site-packages/airflow/example_dags/tutorial_objectstorage.py
[2024-08-22T17:02:52.978+0500] {logging_mixin.py:190} INFO - [2024-08-22T17:02:52.977+0500] {dag.py:3211} INFO - Sync 1 DAGs
[2024-08-22T17:02:52.990+0500] {logging_mixin.py:190} INFO - [2024-08-22T17:02:52.990+0500] {dag.py:4138} INFO - Setting next_dagrun for tutorial_objectstorage to None, run_after=None
[2024-08-22T17:02:53.011+0500] {processor.py:208} INFO - Processing /home/rayyan/redfin_venv/lib/python3.10/site-packages/airflow/example_dags/tutorial_objectstorage.py took 0.083 seconds
[2024-08-22T17:03:50.362+0500] {processor.py:186} INFO - Started process (PID=13195) to work on /home/rayyan/redfin_venv/lib/python3.10/site-packages/airflow/example_dags/tutorial_objectstorage.py
[2024-08-22T17:03:50.373+0500] {processor.py:914} INFO - Processing file /home/rayyan/redfin_venv/lib/python3.10/site-packages/airflow/example_dags/tutorial_objectstorage.py for tasks to queue
[2024-08-22T17:03:50.379+0500] {logging_mixin.py:190} INFO - [2024-08-22T17:03:50.378+0500] {dagbag.py:587} INFO - Filling up the DagBag from /home/rayyan/redfin_venv/lib/python3.10/site-packages/airflow/example_dags/tutorial_objectstorage.py
[2024-08-22T17:03:50.407+0500] {processor.py:925} INFO - DAG(s) 'tutorial_objectstorage' retrieved from /home/rayyan/redfin_venv/lib/python3.10/site-packages/airflow/example_dags/tutorial_objectstorage.py
[2024-08-22T17:03:50.475+0500] {logging_mixin.py:190} INFO - [2024-08-22T17:03:50.475+0500] {dag.py:3211} INFO - Sync 1 DAGs
[2024-08-22T17:03:50.530+0500] {logging_mixin.py:190} INFO - [2024-08-22T17:03:50.529+0500] {dag.py:4138} INFO - Setting next_dagrun for tutorial_objectstorage to None, run_after=None
[2024-08-22T17:03:50.580+0500] {processor.py:208} INFO - Processing /home/rayyan/redfin_venv/lib/python3.10/site-packages/airflow/example_dags/tutorial_objectstorage.py took 0.240 seconds
[2024-08-22T17:04:48.908+0500] {processor.py:186} INFO - Started process (PID=13479) to work on /home/rayyan/redfin_venv/lib/python3.10/site-packages/airflow/example_dags/tutorial_objectstorage.py
[2024-08-22T17:04:48.909+0500] {processor.py:914} INFO - Processing file /home/rayyan/redfin_venv/lib/python3.10/site-packages/airflow/example_dags/tutorial_objectstorage.py for tasks to queue
[2024-08-22T17:04:48.912+0500] {logging_mixin.py:190} INFO - [2024-08-22T17:04:48.911+0500] {dagbag.py:587} INFO - Filling up the DagBag from /home/rayyan/redfin_venv/lib/python3.10/site-packages/airflow/example_dags/tutorial_objectstorage.py
[2024-08-22T17:04:48.922+0500] {processor.py:925} INFO - DAG(s) 'tutorial_objectstorage' retrieved from /home/rayyan/redfin_venv/lib/python3.10/site-packages/airflow/example_dags/tutorial_objectstorage.py
[2024-08-22T17:04:48.938+0500] {logging_mixin.py:190} INFO - [2024-08-22T17:04:48.938+0500] {dag.py:3211} INFO - Sync 1 DAGs
[2024-08-22T17:04:48.952+0500] {logging_mixin.py:190} INFO - [2024-08-22T17:04:48.952+0500] {dag.py:4138} INFO - Setting next_dagrun for tutorial_objectstorage to None, run_after=None
[2024-08-22T17:04:48.977+0500] {processor.py:208} INFO - Processing /home/rayyan/redfin_venv/lib/python3.10/site-packages/airflow/example_dags/tutorial_objectstorage.py took 0.075 seconds
[2024-08-22T17:05:42.948+0500] {processor.py:186} INFO - Started process (PID=13743) to work on /home/rayyan/redfin_venv/lib/python3.10/site-packages/airflow/example_dags/tutorial_objectstorage.py
[2024-08-22T17:05:42.960+0500] {processor.py:914} INFO - Processing file /home/rayyan/redfin_venv/lib/python3.10/site-packages/airflow/example_dags/tutorial_objectstorage.py for tasks to queue
[2024-08-22T17:05:42.963+0500] {logging_mixin.py:190} INFO - [2024-08-22T17:05:42.963+0500] {dagbag.py:587} INFO - Filling up the DagBag from /home/rayyan/redfin_venv/lib/python3.10/site-packages/airflow/example_dags/tutorial_objectstorage.py
[2024-08-22T17:05:42.976+0500] {processor.py:925} INFO - DAG(s) 'tutorial_objectstorage' retrieved from /home/rayyan/redfin_venv/lib/python3.10/site-packages/airflow/example_dags/tutorial_objectstorage.py
[2024-08-22T17:05:42.993+0500] {logging_mixin.py:190} INFO - [2024-08-22T17:05:42.993+0500] {dag.py:3211} INFO - Sync 1 DAGs
[2024-08-22T17:05:43.006+0500] {logging_mixin.py:190} INFO - [2024-08-22T17:05:43.006+0500] {dag.py:4138} INFO - Setting next_dagrun for tutorial_objectstorage to None, run_after=None
[2024-08-22T17:05:43.027+0500] {processor.py:208} INFO - Processing /home/rayyan/redfin_venv/lib/python3.10/site-packages/airflow/example_dags/tutorial_objectstorage.py took 0.086 seconds
[2024-08-22T17:06:41.871+0500] {processor.py:186} INFO - Started process (PID=14029) to work on /home/rayyan/redfin_venv/lib/python3.10/site-packages/airflow/example_dags/tutorial_objectstorage.py
[2024-08-22T17:06:41.872+0500] {processor.py:914} INFO - Processing file /home/rayyan/redfin_venv/lib/python3.10/site-packages/airflow/example_dags/tutorial_objectstorage.py for tasks to queue
[2024-08-22T17:06:41.874+0500] {logging_mixin.py:190} INFO - [2024-08-22T17:06:41.874+0500] {dagbag.py:587} INFO - Filling up the DagBag from /home/rayyan/redfin_venv/lib/python3.10/site-packages/airflow/example_dags/tutorial_objectstorage.py
[2024-08-22T17:06:41.883+0500] {processor.py:925} INFO - DAG(s) 'tutorial_objectstorage' retrieved from /home/rayyan/redfin_venv/lib/python3.10/site-packages/airflow/example_dags/tutorial_objectstorage.py
[2024-08-22T17:06:41.900+0500] {logging_mixin.py:190} INFO - [2024-08-22T17:06:41.899+0500] {dag.py:3211} INFO - Sync 1 DAGs
[2024-08-22T17:06:41.913+0500] {logging_mixin.py:190} INFO - [2024-08-22T17:06:41.913+0500] {dag.py:4138} INFO - Setting next_dagrun for tutorial_objectstorage to None, run_after=None
[2024-08-22T17:06:41.936+0500] {processor.py:208} INFO - Processing /home/rayyan/redfin_venv/lib/python3.10/site-packages/airflow/example_dags/tutorial_objectstorage.py took 0.073 seconds
[2024-08-22T17:07:39.283+0500] {processor.py:186} INFO - Started process (PID=14314) to work on /home/rayyan/redfin_venv/lib/python3.10/site-packages/airflow/example_dags/tutorial_objectstorage.py
[2024-08-22T17:07:39.286+0500] {processor.py:914} INFO - Processing file /home/rayyan/redfin_venv/lib/python3.10/site-packages/airflow/example_dags/tutorial_objectstorage.py for tasks to queue
[2024-08-22T17:07:39.289+0500] {logging_mixin.py:190} INFO - [2024-08-22T17:07:39.288+0500] {dagbag.py:587} INFO - Filling up the DagBag from /home/rayyan/redfin_venv/lib/python3.10/site-packages/airflow/example_dags/tutorial_objectstorage.py
[2024-08-22T17:07:39.300+0500] {processor.py:925} INFO - DAG(s) 'tutorial_objectstorage' retrieved from /home/rayyan/redfin_venv/lib/python3.10/site-packages/airflow/example_dags/tutorial_objectstorage.py
[2024-08-22T17:07:39.318+0500] {logging_mixin.py:190} INFO - [2024-08-22T17:07:39.318+0500] {dag.py:3211} INFO - Sync 1 DAGs
[2024-08-22T17:07:39.334+0500] {logging_mixin.py:190} INFO - [2024-08-22T17:07:39.333+0500] {dag.py:4138} INFO - Setting next_dagrun for tutorial_objectstorage to None, run_after=None
[2024-08-22T17:07:39.371+0500] {processor.py:208} INFO - Processing /home/rayyan/redfin_venv/lib/python3.10/site-packages/airflow/example_dags/tutorial_objectstorage.py took 0.096 seconds
