[2024-08-22T16:47:39.742+0500] {processor.py:186} INFO - Started process (PID=3651) to work on /home/rayyan/redfin_venv/lib/python3.10/site-packages/airflow/example_dags/tutorial_taskflow_api.py
[2024-08-22T16:47:39.743+0500] {processor.py:914} INFO - Processing file /home/rayyan/redfin_venv/lib/python3.10/site-packages/airflow/example_dags/tutorial_taskflow_api.py for tasks to queue
[2024-08-22T16:47:39.745+0500] {logging_mixin.py:190} INFO - [2024-08-22T16:47:39.745+0500] {dagbag.py:587} INFO - Filling up the DagBag from /home/rayyan/redfin_venv/lib/python3.10/site-packages/airflow/example_dags/tutorial_taskflow_api.py
[2024-08-22T16:47:39.755+0500] {processor.py:925} INFO - DAG(s) 'tutorial_taskflow_api' retrieved from /home/rayyan/redfin_venv/lib/python3.10/site-packages/airflow/example_dags/tutorial_taskflow_api.py
[2024-08-22T16:47:39.777+0500] {logging_mixin.py:190} INFO - [2024-08-22T16:47:39.777+0500] {dag.py:3211} INFO - Sync 1 DAGs
[2024-08-22T16:47:39.789+0500] {logging_mixin.py:190} INFO - [2024-08-22T16:47:39.789+0500] {dag.py:4138} INFO - Setting next_dagrun for tutorial_taskflow_api to None, run_after=None
[2024-08-22T16:47:39.824+0500] {processor.py:208} INFO - Processing /home/rayyan/redfin_venv/lib/python3.10/site-packages/airflow/example_dags/tutorial_taskflow_api.py took 0.090 seconds
[2024-08-22T16:48:39.603+0500] {processor.py:186} INFO - Started process (PID=3966) to work on /home/rayyan/redfin_venv/lib/python3.10/site-packages/airflow/example_dags/tutorial_taskflow_api.py
[2024-08-22T16:48:39.616+0500] {processor.py:914} INFO - Processing file /home/rayyan/redfin_venv/lib/python3.10/site-packages/airflow/example_dags/tutorial_taskflow_api.py for tasks to queue
[2024-08-22T16:48:39.619+0500] {logging_mixin.py:190} INFO - [2024-08-22T16:48:39.619+0500] {dagbag.py:587} INFO - Filling up the DagBag from /home/rayyan/redfin_venv/lib/python3.10/site-packages/airflow/example_dags/tutorial_taskflow_api.py
[2024-08-22T16:48:39.629+0500] {processor.py:925} INFO - DAG(s) 'tutorial_taskflow_api' retrieved from /home/rayyan/redfin_venv/lib/python3.10/site-packages/airflow/example_dags/tutorial_taskflow_api.py
[2024-08-22T16:48:39.647+0500] {logging_mixin.py:190} INFO - [2024-08-22T16:48:39.647+0500] {dag.py:3211} INFO - Sync 1 DAGs
[2024-08-22T16:48:39.659+0500] {logging_mixin.py:190} INFO - [2024-08-22T16:48:39.659+0500] {dag.py:4138} INFO - Setting next_dagrun for tutorial_taskflow_api to None, run_after=None
[2024-08-22T16:48:39.680+0500] {processor.py:208} INFO - Processing /home/rayyan/redfin_venv/lib/python3.10/site-packages/airflow/example_dags/tutorial_taskflow_api.py took 0.089 seconds
[2024-08-22T16:49:36.605+0500] {processor.py:186} INFO - Started process (PID=4245) to work on /home/rayyan/redfin_venv/lib/python3.10/site-packages/airflow/example_dags/tutorial_taskflow_api.py
[2024-08-22T16:49:36.607+0500] {processor.py:914} INFO - Processing file /home/rayyan/redfin_venv/lib/python3.10/site-packages/airflow/example_dags/tutorial_taskflow_api.py for tasks to queue
[2024-08-22T16:49:36.610+0500] {logging_mixin.py:190} INFO - [2024-08-22T16:49:36.610+0500] {dagbag.py:587} INFO - Filling up the DagBag from /home/rayyan/redfin_venv/lib/python3.10/site-packages/airflow/example_dags/tutorial_taskflow_api.py
[2024-08-22T16:49:36.621+0500] {processor.py:925} INFO - DAG(s) 'tutorial_taskflow_api' retrieved from /home/rayyan/redfin_venv/lib/python3.10/site-packages/airflow/example_dags/tutorial_taskflow_api.py
[2024-08-22T16:49:36.637+0500] {logging_mixin.py:190} INFO - [2024-08-22T16:49:36.637+0500] {dag.py:3211} INFO - Sync 1 DAGs
[2024-08-22T16:49:36.649+0500] {logging_mixin.py:190} INFO - [2024-08-22T16:49:36.648+0500] {dag.py:4138} INFO - Setting next_dagrun for tutorial_taskflow_api to None, run_after=None
[2024-08-22T16:49:36.670+0500] {processor.py:208} INFO - Processing /home/rayyan/redfin_venv/lib/python3.10/site-packages/airflow/example_dags/tutorial_taskflow_api.py took 0.073 seconds
[2024-08-22T16:50:31.573+0500] {processor.py:186} INFO - Started process (PID=4515) to work on /home/rayyan/redfin_venv/lib/python3.10/site-packages/airflow/example_dags/tutorial_taskflow_api.py
[2024-08-22T16:50:31.575+0500] {processor.py:914} INFO - Processing file /home/rayyan/redfin_venv/lib/python3.10/site-packages/airflow/example_dags/tutorial_taskflow_api.py for tasks to queue
[2024-08-22T16:50:31.577+0500] {logging_mixin.py:190} INFO - [2024-08-22T16:50:31.577+0500] {dagbag.py:587} INFO - Filling up the DagBag from /home/rayyan/redfin_venv/lib/python3.10/site-packages/airflow/example_dags/tutorial_taskflow_api.py
[2024-08-22T16:50:31.586+0500] {processor.py:925} INFO - DAG(s) 'tutorial_taskflow_api' retrieved from /home/rayyan/redfin_venv/lib/python3.10/site-packages/airflow/example_dags/tutorial_taskflow_api.py
[2024-08-22T16:50:31.602+0500] {logging_mixin.py:190} INFO - [2024-08-22T16:50:31.602+0500] {dag.py:3211} INFO - Sync 1 DAGs
[2024-08-22T16:50:31.614+0500] {logging_mixin.py:190} INFO - [2024-08-22T16:50:31.614+0500] {dag.py:4138} INFO - Setting next_dagrun for tutorial_taskflow_api to None, run_after=None
[2024-08-22T16:50:31.633+0500] {processor.py:208} INFO - Processing /home/rayyan/redfin_venv/lib/python3.10/site-packages/airflow/example_dags/tutorial_taskflow_api.py took 0.069 seconds
[2024-08-22T16:51:30.717+0500] {processor.py:186} INFO - Started process (PID=4799) to work on /home/rayyan/redfin_venv/lib/python3.10/site-packages/airflow/example_dags/tutorial_taskflow_api.py
[2024-08-22T16:51:30.731+0500] {processor.py:914} INFO - Processing file /home/rayyan/redfin_venv/lib/python3.10/site-packages/airflow/example_dags/tutorial_taskflow_api.py for tasks to queue
[2024-08-22T16:51:30.736+0500] {logging_mixin.py:190} INFO - [2024-08-22T16:51:30.735+0500] {dagbag.py:587} INFO - Filling up the DagBag from /home/rayyan/redfin_venv/lib/python3.10/site-packages/airflow/example_dags/tutorial_taskflow_api.py
[2024-08-22T16:51:30.747+0500] {processor.py:925} INFO - DAG(s) 'tutorial_taskflow_api' retrieved from /home/rayyan/redfin_venv/lib/python3.10/site-packages/airflow/example_dags/tutorial_taskflow_api.py
[2024-08-22T16:51:30.766+0500] {logging_mixin.py:190} INFO - [2024-08-22T16:51:30.765+0500] {dag.py:3211} INFO - Sync 1 DAGs
[2024-08-22T16:51:30.779+0500] {logging_mixin.py:190} INFO - [2024-08-22T16:51:30.779+0500] {dag.py:4138} INFO - Setting next_dagrun for tutorial_taskflow_api to None, run_after=None
[2024-08-22T16:51:30.804+0500] {processor.py:208} INFO - Processing /home/rayyan/redfin_venv/lib/python3.10/site-packages/airflow/example_dags/tutorial_taskflow_api.py took 0.096 seconds
[2024-08-22T16:52:29.946+0500] {processor.py:186} INFO - Started process (PID=5083) to work on /home/rayyan/redfin_venv/lib/python3.10/site-packages/airflow/example_dags/tutorial_taskflow_api.py
[2024-08-22T16:52:29.958+0500] {processor.py:914} INFO - Processing file /home/rayyan/redfin_venv/lib/python3.10/site-packages/airflow/example_dags/tutorial_taskflow_api.py for tasks to queue
[2024-08-22T16:52:29.961+0500] {logging_mixin.py:190} INFO - [2024-08-22T16:52:29.960+0500] {dagbag.py:587} INFO - Filling up the DagBag from /home/rayyan/redfin_venv/lib/python3.10/site-packages/airflow/example_dags/tutorial_taskflow_api.py
[2024-08-22T16:52:29.970+0500] {processor.py:925} INFO - DAG(s) 'tutorial_taskflow_api' retrieved from /home/rayyan/redfin_venv/lib/python3.10/site-packages/airflow/example_dags/tutorial_taskflow_api.py
[2024-08-22T16:52:29.987+0500] {logging_mixin.py:190} INFO - [2024-08-22T16:52:29.987+0500] {dag.py:3211} INFO - Sync 1 DAGs
[2024-08-22T16:52:30.000+0500] {logging_mixin.py:190} INFO - [2024-08-22T16:52:29.999+0500] {dag.py:4138} INFO - Setting next_dagrun for tutorial_taskflow_api to None, run_after=None
[2024-08-22T16:52:30.021+0500] {processor.py:208} INFO - Processing /home/rayyan/redfin_venv/lib/python3.10/site-packages/airflow/example_dags/tutorial_taskflow_api.py took 0.084 seconds
[2024-08-22T16:53:32.772+0500] {processor.py:186} INFO - Started process (PID=5384) to work on /home/rayyan/redfin_venv/lib/python3.10/site-packages/airflow/example_dags/tutorial_taskflow_api.py
[2024-08-22T16:53:32.784+0500] {processor.py:914} INFO - Processing file /home/rayyan/redfin_venv/lib/python3.10/site-packages/airflow/example_dags/tutorial_taskflow_api.py for tasks to queue
[2024-08-22T16:53:32.787+0500] {logging_mixin.py:190} INFO - [2024-08-22T16:53:32.786+0500] {dagbag.py:587} INFO - Filling up the DagBag from /home/rayyan/redfin_venv/lib/python3.10/site-packages/airflow/example_dags/tutorial_taskflow_api.py
[2024-08-22T16:53:32.795+0500] {processor.py:925} INFO - DAG(s) 'tutorial_taskflow_api' retrieved from /home/rayyan/redfin_venv/lib/python3.10/site-packages/airflow/example_dags/tutorial_taskflow_api.py
[2024-08-22T16:53:32.811+0500] {logging_mixin.py:190} INFO - [2024-08-22T16:53:32.811+0500] {dag.py:3211} INFO - Sync 1 DAGs
[2024-08-22T16:53:32.823+0500] {logging_mixin.py:190} INFO - [2024-08-22T16:53:32.823+0500] {dag.py:4138} INFO - Setting next_dagrun for tutorial_taskflow_api to None, run_after=None
[2024-08-22T16:53:32.845+0500] {processor.py:208} INFO - Processing /home/rayyan/redfin_venv/lib/python3.10/site-packages/airflow/example_dags/tutorial_taskflow_api.py took 0.080 seconds
[2024-08-22T16:54:34.819+0500] {processor.py:186} INFO - Started process (PID=5684) to work on /home/rayyan/redfin_venv/lib/python3.10/site-packages/airflow/example_dags/tutorial_taskflow_api.py
[2024-08-22T16:54:34.831+0500] {processor.py:914} INFO - Processing file /home/rayyan/redfin_venv/lib/python3.10/site-packages/airflow/example_dags/tutorial_taskflow_api.py for tasks to queue
[2024-08-22T16:54:34.833+0500] {logging_mixin.py:190} INFO - [2024-08-22T16:54:34.832+0500] {dagbag.py:587} INFO - Filling up the DagBag from /home/rayyan/redfin_venv/lib/python3.10/site-packages/airflow/example_dags/tutorial_taskflow_api.py
[2024-08-22T16:54:34.841+0500] {processor.py:925} INFO - DAG(s) 'tutorial_taskflow_api' retrieved from /home/rayyan/redfin_venv/lib/python3.10/site-packages/airflow/example_dags/tutorial_taskflow_api.py
[2024-08-22T16:54:34.857+0500] {logging_mixin.py:190} INFO - [2024-08-22T16:54:34.857+0500] {dag.py:3211} INFO - Sync 1 DAGs
[2024-08-22T16:54:34.870+0500] {logging_mixin.py:190} INFO - [2024-08-22T16:54:34.870+0500] {dag.py:4138} INFO - Setting next_dagrun for tutorial_taskflow_api to None, run_after=None
[2024-08-22T16:54:34.893+0500] {processor.py:208} INFO - Processing /home/rayyan/redfin_venv/lib/python3.10/site-packages/airflow/example_dags/tutorial_taskflow_api.py took 0.081 seconds
[2024-08-22T16:55:35.934+0500] {processor.py:186} INFO - Started process (PID=5980) to work on /home/rayyan/redfin_venv/lib/python3.10/site-packages/airflow/example_dags/tutorial_taskflow_api.py
[2024-08-22T16:55:35.936+0500] {processor.py:914} INFO - Processing file /home/rayyan/redfin_venv/lib/python3.10/site-packages/airflow/example_dags/tutorial_taskflow_api.py for tasks to queue
[2024-08-22T16:55:35.940+0500] {logging_mixin.py:190} INFO - [2024-08-22T16:55:35.939+0500] {dagbag.py:587} INFO - Filling up the DagBag from /home/rayyan/redfin_venv/lib/python3.10/site-packages/airflow/example_dags/tutorial_taskflow_api.py
[2024-08-22T16:55:35.951+0500] {processor.py:925} INFO - DAG(s) 'tutorial_taskflow_api' retrieved from /home/rayyan/redfin_venv/lib/python3.10/site-packages/airflow/example_dags/tutorial_taskflow_api.py
[2024-08-22T16:55:35.969+0500] {logging_mixin.py:190} INFO - [2024-08-22T16:55:35.968+0500] {dag.py:3211} INFO - Sync 1 DAGs
[2024-08-22T16:55:35.984+0500] {logging_mixin.py:190} INFO - [2024-08-22T16:55:35.983+0500] {dag.py:4138} INFO - Setting next_dagrun for tutorial_taskflow_api to None, run_after=None
[2024-08-22T16:55:36.009+0500] {processor.py:208} INFO - Processing /home/rayyan/redfin_venv/lib/python3.10/site-packages/airflow/example_dags/tutorial_taskflow_api.py took 0.087 seconds
[2024-08-22T16:56:42.857+0500] {processor.py:186} INFO - Started process (PID=6300) to work on /home/rayyan/redfin_venv/lib/python3.10/site-packages/airflow/example_dags/tutorial_taskflow_api.py
[2024-08-22T16:56:42.859+0500] {processor.py:914} INFO - Processing file /home/rayyan/redfin_venv/lib/python3.10/site-packages/airflow/example_dags/tutorial_taskflow_api.py for tasks to queue
[2024-08-22T16:56:42.863+0500] {logging_mixin.py:190} INFO - [2024-08-22T16:56:42.863+0500] {dagbag.py:587} INFO - Filling up the DagBag from /home/rayyan/redfin_venv/lib/python3.10/site-packages/airflow/example_dags/tutorial_taskflow_api.py
[2024-08-22T16:56:42.872+0500] {processor.py:925} INFO - DAG(s) 'tutorial_taskflow_api' retrieved from /home/rayyan/redfin_venv/lib/python3.10/site-packages/airflow/example_dags/tutorial_taskflow_api.py
[2024-08-22T16:56:42.891+0500] {logging_mixin.py:190} INFO - [2024-08-22T16:56:42.891+0500] {dag.py:3211} INFO - Sync 1 DAGs
[2024-08-22T16:56:42.905+0500] {logging_mixin.py:190} INFO - [2024-08-22T16:56:42.905+0500] {dag.py:4138} INFO - Setting next_dagrun for tutorial_taskflow_api to None, run_after=None
[2024-08-22T16:56:42.934+0500] {processor.py:208} INFO - Processing /home/rayyan/redfin_venv/lib/python3.10/site-packages/airflow/example_dags/tutorial_taskflow_api.py took 0.083 seconds
[2024-08-22T16:57:45.800+0500] {processor.py:186} INFO - Started process (PID=6605) to work on /home/rayyan/redfin_venv/lib/python3.10/site-packages/airflow/example_dags/tutorial_taskflow_api.py
[2024-08-22T16:57:45.813+0500] {processor.py:914} INFO - Processing file /home/rayyan/redfin_venv/lib/python3.10/site-packages/airflow/example_dags/tutorial_taskflow_api.py for tasks to queue
[2024-08-22T16:57:45.817+0500] {logging_mixin.py:190} INFO - [2024-08-22T16:57:45.816+0500] {dagbag.py:587} INFO - Filling up the DagBag from /home/rayyan/redfin_venv/lib/python3.10/site-packages/airflow/example_dags/tutorial_taskflow_api.py
[2024-08-22T16:57:45.831+0500] {processor.py:925} INFO - DAG(s) 'tutorial_taskflow_api' retrieved from /home/rayyan/redfin_venv/lib/python3.10/site-packages/airflow/example_dags/tutorial_taskflow_api.py
[2024-08-22T16:57:45.851+0500] {logging_mixin.py:190} INFO - [2024-08-22T16:57:45.851+0500] {dag.py:3211} INFO - Sync 1 DAGs
[2024-08-22T16:57:45.875+0500] {logging_mixin.py:190} INFO - [2024-08-22T16:57:45.874+0500] {dag.py:4138} INFO - Setting next_dagrun for tutorial_taskflow_api to None, run_after=None
[2024-08-22T16:57:45.906+0500] {processor.py:208} INFO - Processing /home/rayyan/redfin_venv/lib/python3.10/site-packages/airflow/example_dags/tutorial_taskflow_api.py took 0.121 seconds
[2024-08-22T16:58:53.838+0500] {processor.py:186} INFO - Started process (PID=6938) to work on /home/rayyan/redfin_venv/lib/python3.10/site-packages/airflow/example_dags/tutorial_taskflow_api.py
[2024-08-22T16:58:53.839+0500] {processor.py:914} INFO - Processing file /home/rayyan/redfin_venv/lib/python3.10/site-packages/airflow/example_dags/tutorial_taskflow_api.py for tasks to queue
[2024-08-22T16:58:53.841+0500] {logging_mixin.py:190} INFO - [2024-08-22T16:58:53.841+0500] {dagbag.py:587} INFO - Filling up the DagBag from /home/rayyan/redfin_venv/lib/python3.10/site-packages/airflow/example_dags/tutorial_taskflow_api.py
[2024-08-22T16:58:53.851+0500] {processor.py:925} INFO - DAG(s) 'tutorial_taskflow_api' retrieved from /home/rayyan/redfin_venv/lib/python3.10/site-packages/airflow/example_dags/tutorial_taskflow_api.py
[2024-08-22T16:58:53.872+0500] {logging_mixin.py:190} INFO - [2024-08-22T16:58:53.871+0500] {dag.py:3211} INFO - Sync 1 DAGs
[2024-08-22T16:58:53.896+0500] {logging_mixin.py:190} INFO - [2024-08-22T16:58:53.895+0500] {dag.py:4138} INFO - Setting next_dagrun for tutorial_taskflow_api to None, run_after=None
[2024-08-22T16:58:54.038+0500] {processor.py:208} INFO - Processing /home/rayyan/redfin_venv/lib/python3.10/site-packages/airflow/example_dags/tutorial_taskflow_api.py took 0.207 seconds
[2024-08-22T16:59:54.980+0500] {processor.py:186} INFO - Started process (PID=7622) to work on /home/rayyan/redfin_venv/lib/python3.10/site-packages/airflow/example_dags/tutorial_taskflow_api.py
[2024-08-22T16:59:54.992+0500] {processor.py:914} INFO - Processing file /home/rayyan/redfin_venv/lib/python3.10/site-packages/airflow/example_dags/tutorial_taskflow_api.py for tasks to queue
[2024-08-22T16:59:54.995+0500] {logging_mixin.py:190} INFO - [2024-08-22T16:59:54.994+0500] {dagbag.py:587} INFO - Filling up the DagBag from /home/rayyan/redfin_venv/lib/python3.10/site-packages/airflow/example_dags/tutorial_taskflow_api.py
[2024-08-22T16:59:55.010+0500] {processor.py:925} INFO - DAG(s) 'tutorial_taskflow_api' retrieved from /home/rayyan/redfin_venv/lib/python3.10/site-packages/airflow/example_dags/tutorial_taskflow_api.py
[2024-08-22T16:59:55.035+0500] {logging_mixin.py:190} INFO - [2024-08-22T16:59:55.035+0500] {dag.py:3211} INFO - Sync 1 DAGs
[2024-08-22T16:59:55.054+0500] {logging_mixin.py:190} INFO - [2024-08-22T16:59:55.054+0500] {dag.py:4138} INFO - Setting next_dagrun for tutorial_taskflow_api to None, run_after=None
[2024-08-22T16:59:55.086+0500] {processor.py:208} INFO - Processing /home/rayyan/redfin_venv/lib/python3.10/site-packages/airflow/example_dags/tutorial_taskflow_api.py took 0.113 seconds
[2024-08-22T17:01:00.399+0500] {processor.py:186} INFO - Started process (PID=9994) to work on /home/rayyan/redfin_venv/lib/python3.10/site-packages/airflow/example_dags/tutorial_taskflow_api.py
[2024-08-22T17:01:00.401+0500] {processor.py:914} INFO - Processing file /home/rayyan/redfin_venv/lib/python3.10/site-packages/airflow/example_dags/tutorial_taskflow_api.py for tasks to queue
[2024-08-22T17:01:00.404+0500] {logging_mixin.py:190} INFO - [2024-08-22T17:01:00.404+0500] {dagbag.py:587} INFO - Filling up the DagBag from /home/rayyan/redfin_venv/lib/python3.10/site-packages/airflow/example_dags/tutorial_taskflow_api.py
[2024-08-22T17:01:00.422+0500] {processor.py:925} INFO - DAG(s) 'tutorial_taskflow_api' retrieved from /home/rayyan/redfin_venv/lib/python3.10/site-packages/airflow/example_dags/tutorial_taskflow_api.py
[2024-08-22T17:01:00.454+0500] {logging_mixin.py:190} INFO - [2024-08-22T17:01:00.453+0500] {dag.py:3211} INFO - Sync 1 DAGs
[2024-08-22T17:01:00.476+0500] {logging_mixin.py:190} INFO - [2024-08-22T17:01:00.475+0500] {dag.py:4138} INFO - Setting next_dagrun for tutorial_taskflow_api to None, run_after=None
[2024-08-22T17:01:00.510+0500] {processor.py:208} INFO - Processing /home/rayyan/redfin_venv/lib/python3.10/site-packages/airflow/example_dags/tutorial_taskflow_api.py took 0.119 seconds
[2024-08-22T17:02:12.168+0500] {processor.py:186} INFO - Started process (PID=12704) to work on /home/rayyan/redfin_venv/lib/python3.10/site-packages/airflow/example_dags/tutorial_taskflow_api.py
[2024-08-22T17:02:12.172+0500] {processor.py:914} INFO - Processing file /home/rayyan/redfin_venv/lib/python3.10/site-packages/airflow/example_dags/tutorial_taskflow_api.py for tasks to queue
[2024-08-22T17:02:12.176+0500] {logging_mixin.py:190} INFO - [2024-08-22T17:02:12.176+0500] {dagbag.py:587} INFO - Filling up the DagBag from /home/rayyan/redfin_venv/lib/python3.10/site-packages/airflow/example_dags/tutorial_taskflow_api.py
[2024-08-22T17:02:12.193+0500] {processor.py:925} INFO - DAG(s) 'tutorial_taskflow_api' retrieved from /home/rayyan/redfin_venv/lib/python3.10/site-packages/airflow/example_dags/tutorial_taskflow_api.py
[2024-08-22T17:02:12.235+0500] {logging_mixin.py:190} INFO - [2024-08-22T17:02:12.234+0500] {dag.py:3211} INFO - Sync 1 DAGs
[2024-08-22T17:02:12.270+0500] {logging_mixin.py:190} INFO - [2024-08-22T17:02:12.269+0500] {dag.py:4138} INFO - Setting next_dagrun for tutorial_taskflow_api to None, run_after=None
[2024-08-22T17:02:12.315+0500] {processor.py:208} INFO - Processing /home/rayyan/redfin_venv/lib/python3.10/site-packages/airflow/example_dags/tutorial_taskflow_api.py took 0.162 seconds
[2024-08-22T17:03:13.378+0500] {processor.py:186} INFO - Started process (PID=13016) to work on /home/rayyan/redfin_venv/lib/python3.10/site-packages/airflow/example_dags/tutorial_taskflow_api.py
[2024-08-22T17:03:13.380+0500] {processor.py:914} INFO - Processing file /home/rayyan/redfin_venv/lib/python3.10/site-packages/airflow/example_dags/tutorial_taskflow_api.py for tasks to queue
[2024-08-22T17:03:13.382+0500] {logging_mixin.py:190} INFO - [2024-08-22T17:03:13.382+0500] {dagbag.py:587} INFO - Filling up the DagBag from /home/rayyan/redfin_venv/lib/python3.10/site-packages/airflow/example_dags/tutorial_taskflow_api.py
[2024-08-22T17:03:13.391+0500] {processor.py:925} INFO - DAG(s) 'tutorial_taskflow_api' retrieved from /home/rayyan/redfin_venv/lib/python3.10/site-packages/airflow/example_dags/tutorial_taskflow_api.py
[2024-08-22T17:03:13.414+0500] {logging_mixin.py:190} INFO - [2024-08-22T17:03:13.414+0500] {dag.py:3211} INFO - Sync 1 DAGs
[2024-08-22T17:03:13.427+0500] {logging_mixin.py:190} INFO - [2024-08-22T17:03:13.427+0500] {dag.py:4138} INFO - Setting next_dagrun for tutorial_taskflow_api to None, run_after=None
[2024-08-22T17:03:13.460+0500] {processor.py:208} INFO - Processing /home/rayyan/redfin_venv/lib/python3.10/site-packages/airflow/example_dags/tutorial_taskflow_api.py took 0.089 seconds
[2024-08-22T17:04:12.479+0500] {processor.py:186} INFO - Started process (PID=13301) to work on /home/rayyan/redfin_venv/lib/python3.10/site-packages/airflow/example_dags/tutorial_taskflow_api.py
[2024-08-22T17:04:12.490+0500] {processor.py:914} INFO - Processing file /home/rayyan/redfin_venv/lib/python3.10/site-packages/airflow/example_dags/tutorial_taskflow_api.py for tasks to queue
[2024-08-22T17:04:12.494+0500] {logging_mixin.py:190} INFO - [2024-08-22T17:04:12.493+0500] {dagbag.py:587} INFO - Filling up the DagBag from /home/rayyan/redfin_venv/lib/python3.10/site-packages/airflow/example_dags/tutorial_taskflow_api.py
[2024-08-22T17:04:12.503+0500] {processor.py:925} INFO - DAG(s) 'tutorial_taskflow_api' retrieved from /home/rayyan/redfin_venv/lib/python3.10/site-packages/airflow/example_dags/tutorial_taskflow_api.py
[2024-08-22T17:04:12.520+0500] {logging_mixin.py:190} INFO - [2024-08-22T17:04:12.520+0500] {dag.py:3211} INFO - Sync 1 DAGs
[2024-08-22T17:04:12.532+0500] {logging_mixin.py:190} INFO - [2024-08-22T17:04:12.532+0500] {dag.py:4138} INFO - Setting next_dagrun for tutorial_taskflow_api to None, run_after=None
[2024-08-22T17:04:12.553+0500] {processor.py:208} INFO - Processing /home/rayyan/redfin_venv/lib/python3.10/site-packages/airflow/example_dags/tutorial_taskflow_api.py took 0.083 seconds
[2024-08-22T17:05:08.050+0500] {processor.py:186} INFO - Started process (PID=13571) to work on /home/rayyan/redfin_venv/lib/python3.10/site-packages/airflow/example_dags/tutorial_taskflow_api.py
[2024-08-22T17:05:08.063+0500] {processor.py:914} INFO - Processing file /home/rayyan/redfin_venv/lib/python3.10/site-packages/airflow/example_dags/tutorial_taskflow_api.py for tasks to queue
[2024-08-22T17:05:08.067+0500] {logging_mixin.py:190} INFO - [2024-08-22T17:05:08.066+0500] {dagbag.py:587} INFO - Filling up the DagBag from /home/rayyan/redfin_venv/lib/python3.10/site-packages/airflow/example_dags/tutorial_taskflow_api.py
[2024-08-22T17:05:08.079+0500] {processor.py:925} INFO - DAG(s) 'tutorial_taskflow_api' retrieved from /home/rayyan/redfin_venv/lib/python3.10/site-packages/airflow/example_dags/tutorial_taskflow_api.py
[2024-08-22T17:05:08.098+0500] {logging_mixin.py:190} INFO - [2024-08-22T17:05:08.097+0500] {dag.py:3211} INFO - Sync 1 DAGs
[2024-08-22T17:05:08.110+0500] {logging_mixin.py:190} INFO - [2024-08-22T17:05:08.110+0500] {dag.py:4138} INFO - Setting next_dagrun for tutorial_taskflow_api to None, run_after=None
[2024-08-22T17:05:08.132+0500] {processor.py:208} INFO - Processing /home/rayyan/redfin_venv/lib/python3.10/site-packages/airflow/example_dags/tutorial_taskflow_api.py took 0.089 seconds
[2024-08-22T17:06:02.970+0500] {processor.py:186} INFO - Started process (PID=13839) to work on /home/rayyan/redfin_venv/lib/python3.10/site-packages/airflow/example_dags/tutorial_taskflow_api.py
[2024-08-22T17:06:02.982+0500] {processor.py:914} INFO - Processing file /home/rayyan/redfin_venv/lib/python3.10/site-packages/airflow/example_dags/tutorial_taskflow_api.py for tasks to queue
[2024-08-22T17:06:02.986+0500] {logging_mixin.py:190} INFO - [2024-08-22T17:06:02.986+0500] {dagbag.py:587} INFO - Filling up the DagBag from /home/rayyan/redfin_venv/lib/python3.10/site-packages/airflow/example_dags/tutorial_taskflow_api.py
[2024-08-22T17:06:02.999+0500] {processor.py:925} INFO - DAG(s) 'tutorial_taskflow_api' retrieved from /home/rayyan/redfin_venv/lib/python3.10/site-packages/airflow/example_dags/tutorial_taskflow_api.py
[2024-08-22T17:06:03.015+0500] {logging_mixin.py:190} INFO - [2024-08-22T17:06:03.015+0500] {dag.py:3211} INFO - Sync 1 DAGs
[2024-08-22T17:06:03.028+0500] {logging_mixin.py:190} INFO - [2024-08-22T17:06:03.027+0500] {dag.py:4138} INFO - Setting next_dagrun for tutorial_taskflow_api to None, run_after=None
[2024-08-22T17:06:03.049+0500] {processor.py:208} INFO - Processing /home/rayyan/redfin_venv/lib/python3.10/site-packages/airflow/example_dags/tutorial_taskflow_api.py took 0.092 seconds
[2024-08-22T17:07:04.014+0500] {processor.py:186} INFO - Started process (PID=14136) to work on /home/rayyan/redfin_venv/lib/python3.10/site-packages/airflow/example_dags/tutorial_taskflow_api.py
[2024-08-22T17:07:04.026+0500] {processor.py:914} INFO - Processing file /home/rayyan/redfin_venv/lib/python3.10/site-packages/airflow/example_dags/tutorial_taskflow_api.py for tasks to queue
[2024-08-22T17:07:04.029+0500] {logging_mixin.py:190} INFO - [2024-08-22T17:07:04.028+0500] {dagbag.py:587} INFO - Filling up the DagBag from /home/rayyan/redfin_venv/lib/python3.10/site-packages/airflow/example_dags/tutorial_taskflow_api.py
[2024-08-22T17:07:04.038+0500] {processor.py:925} INFO - DAG(s) 'tutorial_taskflow_api' retrieved from /home/rayyan/redfin_venv/lib/python3.10/site-packages/airflow/example_dags/tutorial_taskflow_api.py
[2024-08-22T17:07:04.054+0500] {logging_mixin.py:190} INFO - [2024-08-22T17:07:04.053+0500] {dag.py:3211} INFO - Sync 1 DAGs
[2024-08-22T17:07:04.067+0500] {logging_mixin.py:190} INFO - [2024-08-22T17:07:04.067+0500] {dag.py:4138} INFO - Setting next_dagrun for tutorial_taskflow_api to None, run_after=None
[2024-08-22T17:07:04.091+0500] {processor.py:208} INFO - Processing /home/rayyan/redfin_venv/lib/python3.10/site-packages/airflow/example_dags/tutorial_taskflow_api.py took 0.084 seconds
[2024-08-22T17:08:00.432+0500] {processor.py:186} INFO - Started process (PID=14418) to work on /home/rayyan/redfin_venv/lib/python3.10/site-packages/airflow/example_dags/tutorial_taskflow_api.py
[2024-08-22T17:08:00.434+0500] {processor.py:914} INFO - Processing file /home/rayyan/redfin_venv/lib/python3.10/site-packages/airflow/example_dags/tutorial_taskflow_api.py for tasks to queue
[2024-08-22T17:08:00.438+0500] {logging_mixin.py:190} INFO - [2024-08-22T17:08:00.437+0500] {dagbag.py:587} INFO - Filling up the DagBag from /home/rayyan/redfin_venv/lib/python3.10/site-packages/airflow/example_dags/tutorial_taskflow_api.py
[2024-08-22T17:08:00.450+0500] {processor.py:925} INFO - DAG(s) 'tutorial_taskflow_api' retrieved from /home/rayyan/redfin_venv/lib/python3.10/site-packages/airflow/example_dags/tutorial_taskflow_api.py
[2024-08-22T17:08:00.473+0500] {logging_mixin.py:190} INFO - [2024-08-22T17:08:00.473+0500] {dag.py:3211} INFO - Sync 1 DAGs
[2024-08-22T17:08:00.496+0500] {logging_mixin.py:190} INFO - [2024-08-22T17:08:00.495+0500] {dag.py:4138} INFO - Setting next_dagrun for tutorial_taskflow_api to None, run_after=None
[2024-08-22T17:08:00.534+0500] {processor.py:208} INFO - Processing /home/rayyan/redfin_venv/lib/python3.10/site-packages/airflow/example_dags/tutorial_taskflow_api.py took 0.112 seconds
