[2024-08-22T16:58:45.428+0500] {local_task_job_runner.py:123} INFO - ::group::Pre task execution logs
[2024-08-22T16:58:45.560+0500] {taskinstance.py:2603} INFO - Dependencies all met for dep_context=non-requeueable deps ti=<TaskInstance: redfin_analytics_dag.tsk_load_redfin_data manual__2024-08-22T11:58:10.839552+00:00 [queued]>
[2024-08-22T16:58:45.568+0500] {taskinstance.py:2603} INFO - Dependencies all met for dep_context=requeueable deps ti=<TaskInstance: redfin_analytics_dag.tsk_load_redfin_data manual__2024-08-22T11:58:10.839552+00:00 [queued]>
[2024-08-22T16:58:45.568+0500] {taskinstance.py:2856} INFO - Starting attempt 1 of 1
[2024-08-22T16:58:45.586+0500] {taskinstance.py:2879} INFO - Executing <Task(PythonOperator): tsk_load_redfin_data> on 2024-08-22 11:58:10.839552+00:00
[2024-08-22T16:58:45.590+0500] {standard_task_runner.py:72} INFO - Started process 6896 to run task
[2024-08-22T16:58:45.594+0500] {standard_task_runner.py:104} INFO - Running: ['airflow', 'tasks', 'run', 'redfin_analytics_dag', 'tsk_load_redfin_data', 'manual__2024-08-22T11:58:10.839552+00:00', '--job-id', '30', '--raw', '--subdir', 'DAGS_FOLDER/redfin_analytics.py', '--cfg-path', '/tmp/tmpygv1bful']
[2024-08-22T16:58:45.594+0500] {standard_task_runner.py:105} INFO - Job 30: Subtask tsk_load_redfin_data
[2024-08-22T16:58:45.636+0500] {task_command.py:467} INFO - Running <TaskInstance: redfin_analytics_dag.tsk_load_redfin_data manual__2024-08-22T11:58:10.839552+00:00 [running]> on host DESKTOP-2H02MT9.
[2024-08-22T16:58:45.715+0500] {taskinstance.py:3122} INFO - Exporting env vars: AIRFLOW_CTX_DAG_OWNER='Rayyan' AIRFLOW_CTX_DAG_ID='redfin_analytics_dag' AIRFLOW_CTX_TASK_ID='tsk_load_redfin_data' AIRFLOW_CTX_EXECUTION_DATE='2024-08-22T11:58:10.839552+00:00' AIRFLOW_CTX_TRY_NUMBER='1' AIRFLOW_CTX_DAG_RUN_ID='manual__2024-08-22T11:58:10.839552+00:00'
[2024-08-22T16:58:45.717+0500] {logging_mixin.py:190} INFO - Task instance is in running state
[2024-08-22T16:58:45.718+0500] {logging_mixin.py:190} INFO -  Previous state of the Task instance: queued
[2024-08-22T16:58:45.719+0500] {logging_mixin.py:190} INFO - Current task name:tsk_load_redfin_data state:running start_date:2024-08-22 11:58:45.560458+00:00
[2024-08-22T16:58:45.719+0500] {logging_mixin.py:190} INFO - Dag name:redfin_analytics_dag and current dag run status:running
[2024-08-22T16:58:45.719+0500] {taskinstance.py:731} INFO - ::endgroup::
[2024-08-22T16:58:45.725+0500] {logging_mixin.py:190} INFO - /home/rayyan/airflow/data/output/redfin_data_22082024165834
[2024-08-22T16:58:45.728+0500] {logging_mixin.py:190} INFO - in transform 2
[2024-08-22T16:58:46.756+0500] {python.py:240} INFO - Done. Returned value was: None
[2024-08-22T16:58:46.760+0500] {taskinstance.py:340} INFO - ::group::Post task execution logs
[2024-08-22T16:58:46.761+0500] {taskinstance.py:352} INFO - Marking task as SUCCESS. dag_id=redfin_analytics_dag, task_id=tsk_load_redfin_data, run_id=manual__2024-08-22T11:58:10.839552+00:00, execution_date=20240822T115810, start_date=20240822T115845, end_date=20240822T115846
[2024-08-22T16:58:46.787+0500] {logging_mixin.py:190} INFO - Task instance in success state
[2024-08-22T16:58:46.787+0500] {logging_mixin.py:190} INFO -  Previous state of the Task instance: running
[2024-08-22T16:58:46.787+0500] {logging_mixin.py:190} INFO - Dag name:redfin_analytics_dag queued_at:2024-08-22 11:58:10.860625+00:00
[2024-08-22T16:58:46.787+0500] {logging_mixin.py:190} INFO - Task hostname:DESKTOP-2H02MT9. operator:PythonOperator
[2024-08-22T16:58:46.815+0500] {local_task_job_runner.py:261} INFO - Task exited with return code 0
[2024-08-22T16:58:46.828+0500] {taskinstance.py:3891} INFO - 0 downstream tasks scheduled from follow-on schedule check
[2024-08-22T16:58:46.829+0500] {local_task_job_runner.py:240} INFO - ::endgroup::
