[2024-08-20T23:51:49.608+0500] {local_task_job_runner.py:123} INFO - ::group::Pre task execution logs
[2024-08-20T23:51:49.624+0500] {taskinstance.py:2603} INFO - Dependencies all met for dep_context=non-requeueable deps ti=<TaskInstance: redfin_analytics_dag.tsk_extract_redfin_data manual__2024-08-20T18:51:43.342772+00:00 [queued]>
[2024-08-20T23:51:49.751+0500] {taskinstance.py:2603} INFO - Dependencies all met for dep_context=requeueable deps ti=<TaskInstance: redfin_analytics_dag.tsk_extract_redfin_data manual__2024-08-20T18:51:43.342772+00:00 [queued]>
[2024-08-20T23:51:49.751+0500] {taskinstance.py:2856} INFO - Starting attempt 1 of 1
[2024-08-20T23:51:49.772+0500] {taskinstance.py:2879} INFO - Executing <Task(PythonOperator): tsk_extract_redfin_data> on 2024-08-20 18:51:43.342772+00:00
[2024-08-20T23:51:49.776+0500] {standard_task_runner.py:72} INFO - Started process 8037 to run task
[2024-08-20T23:51:49.780+0500] {standard_task_runner.py:104} INFO - Running: ['airflow', 'tasks', 'run', 'redfin_analytics_dag', 'tsk_extract_redfin_data', 'manual__2024-08-20T18:51:43.342772+00:00', '--job-id', '8', '--raw', '--subdir', 'DAGS_FOLDER/redfin_analytics.py', '--cfg-path', '/tmp/tmpkua3yw_6']
[2024-08-20T23:51:49.781+0500] {standard_task_runner.py:105} INFO - Job 8: Subtask tsk_extract_redfin_data
[2024-08-20T23:51:49.845+0500] {task_command.py:467} INFO - Running <TaskInstance: redfin_analytics_dag.tsk_extract_redfin_data manual__2024-08-20T18:51:43.342772+00:00 [running]> on host DESKTOP-2H02MT9.
[2024-08-20T23:51:49.946+0500] {taskinstance.py:3122} INFO - Exporting env vars: AIRFLOW_CTX_DAG_OWNER='Rayyan' AIRFLOW_CTX_DAG_ID='redfin_analytics_dag' AIRFLOW_CTX_TASK_ID='tsk_extract_redfin_data' AIRFLOW_CTX_EXECUTION_DATE='2024-08-20T18:51:43.342772+00:00' AIRFLOW_CTX_TRY_NUMBER='1' AIRFLOW_CTX_DAG_RUN_ID='manual__2024-08-20T18:51:43.342772+00:00'
[2024-08-20T23:51:49.948+0500] {logging_mixin.py:190} INFO - Task instance is in running state
[2024-08-20T23:51:49.948+0500] {logging_mixin.py:190} INFO -  Previous state of the Task instance: queued
[2024-08-20T23:51:49.948+0500] {logging_mixin.py:190} INFO - Current task name:tsk_extract_redfin_data state:running start_date:2024-08-20 18:51:49.625450+00:00
[2024-08-20T23:51:49.948+0500] {logging_mixin.py:190} INFO - Dag name:redfin_analytics_dag and current dag run status:running
[2024-08-20T23:51:49.948+0500] {taskinstance.py:731} INFO - ::endgroup::
[2024-08-20T23:51:49.949+0500] {logging_mixin.py:190} INFO - in the extract func
[2024-08-20T23:52:32.416+0500] {logging_mixin.py:190} INFO - suc 1
[2024-08-20T23:52:32.601+0500] {logging_mixin.py:190} INFO - suc 2
[2024-08-20T23:52:32.628+0500] {logging_mixin.py:190} INFO - yayyy
[2024-08-20T23:52:32.629+0500] {python.py:240} INFO - Done. Returned value was: ['/home/rayyan/airflow/data/output/redfin_data_20082024235232', 'redfin_data_20082024235232']
[2024-08-20T23:52:32.650+0500] {taskinstance.py:340} INFO - ::group::Post task execution logs
[2024-08-20T23:52:32.652+0500] {taskinstance.py:352} INFO - Marking task as SUCCESS. dag_id=redfin_analytics_dag, task_id=tsk_extract_redfin_data, run_id=manual__2024-08-20T18:51:43.342772+00:00, execution_date=20240820T185143, start_date=20240820T185149, end_date=20240820T185232
[2024-08-20T23:52:32.674+0500] {logging_mixin.py:190} INFO - Task instance in success state
[2024-08-20T23:52:32.675+0500] {logging_mixin.py:190} INFO -  Previous state of the Task instance: running
[2024-08-20T23:52:32.675+0500] {logging_mixin.py:190} INFO - Dag name:redfin_analytics_dag queued_at:2024-08-20 18:51:43.379973+00:00
[2024-08-20T23:52:32.675+0500] {logging_mixin.py:190} INFO - Task hostname:DESKTOP-2H02MT9. operator:PythonOperator
[2024-08-20T23:52:32.697+0500] {local_task_job_runner.py:261} INFO - Task exited with return code 0
[2024-08-20T23:52:32.730+0500] {taskinstance.py:3891} INFO - 1 downstream tasks scheduled from follow-on schedule check
[2024-08-20T23:52:32.736+0500] {local_task_job_runner.py:240} INFO - ::endgroup::
