[2024-08-21T15:55:18.030+0500] {local_task_job_runner.py:123} INFO - ::group::Pre task execution logs
[2024-08-21T15:55:18.045+0500] {taskinstance.py:2603} INFO - Dependencies all met for dep_context=non-requeueable deps ti=<TaskInstance: redfin_analytics_dag.tsk_extract_redfin_data scheduled__2024-08-20T00:00:00+00:00 [queued]>
[2024-08-21T15:55:18.153+0500] {taskinstance.py:2603} INFO - Dependencies all met for dep_context=requeueable deps ti=<TaskInstance: redfin_analytics_dag.tsk_extract_redfin_data scheduled__2024-08-20T00:00:00+00:00 [queued]>
[2024-08-21T15:55:18.154+0500] {taskinstance.py:2856} INFO - Starting attempt 1 of 1
[2024-08-21T15:55:18.176+0500] {taskinstance.py:2879} INFO - Executing <Task(PythonOperator): tsk_extract_redfin_data> on 2024-08-20 00:00:00+00:00
[2024-08-21T15:55:18.182+0500] {standard_task_runner.py:72} INFO - Started process 17116 to run task
[2024-08-21T15:55:18.187+0500] {standard_task_runner.py:104} INFO - Running: ['airflow', 'tasks', 'run', 'redfin_analytics_dag', 'tsk_extract_redfin_data', 'scheduled__2024-08-20T00:00:00+00:00', '--job-id', '17', '--raw', '--subdir', 'DAGS_FOLDER/redfin_analytics.py', '--cfg-path', '/tmp/tmp54ssd5zc']
[2024-08-21T15:55:18.188+0500] {standard_task_runner.py:105} INFO - Job 17: Subtask tsk_extract_redfin_data
[2024-08-21T15:55:18.236+0500] {task_command.py:467} INFO - Running <TaskInstance: redfin_analytics_dag.tsk_extract_redfin_data scheduled__2024-08-20T00:00:00+00:00 [running]> on host DESKTOP-2H02MT9.
[2024-08-21T15:55:18.313+0500] {taskinstance.py:3122} INFO - Exporting env vars: AIRFLOW_CTX_DAG_OWNER='Rayyan' AIRFLOW_CTX_DAG_ID='redfin_analytics_dag' AIRFLOW_CTX_TASK_ID='tsk_extract_redfin_data' AIRFLOW_CTX_EXECUTION_DATE='2024-08-20T00:00:00+00:00' AIRFLOW_CTX_TRY_NUMBER='1' AIRFLOW_CTX_DAG_RUN_ID='scheduled__2024-08-20T00:00:00+00:00'
[2024-08-21T15:55:18.314+0500] {logging_mixin.py:190} INFO - Task instance is in running state
[2024-08-21T15:55:18.315+0500] {logging_mixin.py:190} INFO -  Previous state of the Task instance: queued
[2024-08-21T15:55:18.315+0500] {logging_mixin.py:190} INFO - Current task name:tsk_extract_redfin_data state:running start_date:2024-08-21 10:55:18.046111+00:00
[2024-08-21T15:55:18.315+0500] {logging_mixin.py:190} INFO - Dag name:redfin_analytics_dag and current dag run status:running
[2024-08-21T15:55:18.315+0500] {taskinstance.py:731} INFO - ::endgroup::
[2024-08-21T15:55:18.316+0500] {logging_mixin.py:190} INFO - in the extract func
[2024-08-21T15:55:54.700+0500] {logging_mixin.py:190} INFO - suc 1
[2024-08-21T15:55:54.831+0500] {logging_mixin.py:190} INFO - suc 2
[2024-08-21T15:55:54.844+0500] {logging_mixin.py:190} INFO - yayyy
[2024-08-21T15:55:54.845+0500] {python.py:240} INFO - Done. Returned value was: ['/home/rayyan/airflow/data/output/redfin_data_21082024155554', 'redfin_data_21082024155554']
[2024-08-21T15:55:54.858+0500] {taskinstance.py:340} INFO - ::group::Post task execution logs
[2024-08-21T15:55:54.859+0500] {taskinstance.py:352} INFO - Marking task as SUCCESS. dag_id=redfin_analytics_dag, task_id=tsk_extract_redfin_data, run_id=scheduled__2024-08-20T00:00:00+00:00, execution_date=20240820T000000, start_date=20240821T105518, end_date=20240821T105554
[2024-08-21T15:55:54.871+0500] {logging_mixin.py:190} INFO - Task instance in success state
[2024-08-21T15:55:54.871+0500] {logging_mixin.py:190} INFO -  Previous state of the Task instance: running
[2024-08-21T15:55:54.871+0500] {logging_mixin.py:190} INFO - Dag name:redfin_analytics_dag queued_at:2024-08-21 08:04:41.724410+00:00
[2024-08-21T15:55:54.872+0500] {logging_mixin.py:190} INFO - Task hostname:DESKTOP-2H02MT9. operator:PythonOperator
[2024-08-21T15:55:54.918+0500] {local_task_job_runner.py:261} INFO - Task exited with return code 0
[2024-08-21T15:55:54.936+0500] {taskinstance.py:3891} INFO - 1 downstream tasks scheduled from follow-on schedule check
[2024-08-21T15:55:54.943+0500] {local_task_job_runner.py:240} INFO - ::endgroup::
